=== Processing file: realign44.f ===
Date and time: 2025-05-06 00:26:43
Dimension: 4d
==================================================

Copied ./sources\4d\realign44.f to ./results\4d\realign44\realign44.f
Command: gfortran -O3 -g -fprofile-arcs -ftest-coverage "./results\4d\realign44\realign44.f" -o "./results\4d\realign44\realign44"
Output: 

--------------------------------------------------
Command: "./results\4d\realign44\realign44"
Output: 
 ===START OF realign44====================
 realign441  -  complete
 realign442  -  complete
 realign443  -  complete
 realign444  -  complete
 === END OF realign44 ====================

--------------------------------------------------
Command: gcov -b "./results\4d\realign44\realign44.f"
Output: 
File 'results/4d/realign44/realign44.f'
Lines executed:92.15% of 191
Branches executed:100.00% of 228
Taken at least once:83.77% of 228
Calls executed:46.67% of 45
Creating 'realign44.f.gcov'

Lines executed:92.15% of 191

--------------------------------------------------
GCOV file copied from ./realign44.f.gcov to ./results\4d\realign44\realign44.f.gcov
Command: "../SAPFOR/_bin/Release/Sapfor_F.exe" -parse -spf "./results\4d\realign44\realign44.f"
Output: 
SAPFOR version is 2410, build date: Apr 23 2025 11:52:44, c++ version 201703
  parse file './results\4d\realign44\realign44.f'
  options: -spf 
files compilation order:
  ./results\4d\realign44\realign44.f
Parsing was completed successfully

--------------------------------------------------
Command: "../SAPFOR/_bin/Release/Sapfor_F.exe" -passN GET_STATS_FOR_PREDICTOR -keepDVM
Output: 
SAPFOR version is 2410, build date: Apr 23 2025 11:52:44, c++ version 201703
code for pass GET_STATS_FOR_PREDICTOR is 79
RUN PASS with name VERIFY_FUNC_DECL
  Analyzing: results\4d\realign44\realign44.f
PROFILE: time for this pass = 0.000000 sec (total 0.002000 sec)
RUN PASS with name FILE_LINE_INFO
  Analyzing: results\4d\realign44\realign44.f
  All lines in project 557
PROFILE: time for this pass = 0.000000 sec (total 0.003000 sec)
RUN PASS with name BUILD_INCLUDE_DEPENDENCIES
  Analyzing: results\4d\realign44\realign44.f
PROFILE: time for this pass = 0.000000 sec (total 0.004000 sec)
RUN PASS with name CORRECT_VAR_DECL
  Analyzing: results\4d\realign44\realign44.f
PROFILE: time for this pass = 0.000000 sec (total 0.004000 sec)
RUN PASS with name VERIFY_OPERATORS
  Analyzing: results\4d\realign44\realign44.f
PROFILE: time for this pass = 0.000000 sec (total 0.005000 sec)
RUN PASS with name VERIFY_ENDDO
  Analyzing: results\4d\realign44\realign44.f
PROFILE: time for this pass = 0.000000 sec (total 0.006000 sec)
RUN PASS with name VERIFY_INCLUDES
  Analyzing: results\4d\realign44\realign44.f
PROFILE: time for this pass = 0.000000 sec (total 0.006000 sec)
RUN PASS with name PREPROC_ALLOCATES
  Analyzing: results\4d\realign44\realign44.f
  attribute (56 results\4d\realign44\realign44.f) is added to declaration on line 46 of results\4d\realign44\realign44.f file
  attribute (153 results\4d\realign44\realign44.f) is added to declaration on line 46 of results\4d\realign44\realign44.f file
  attribute (184 results\4d\realign44\realign44.f) is added to declaration on line 175 of results\4d\realign44\realign44.f file
  attribute (280 results\4d\realign44\realign44.f) is added to declaration on line 175 of results\4d\realign44\realign44.f file
  attribute (314 results\4d\realign44\realign44.f) is added to declaration on line 303 of results\4d\realign44\realign44.f file
  attribute (414 results\4d\realign44\realign44.f) is added to declaration on line 303 of results\4d\realign44\realign44.f file
  attribute (446 results\4d\realign44\realign44.f) is added to declaration on line 437 of results\4d\realign44\realign44.f file
  attribute (545 results\4d\realign44\realign44.f) is added to declaration on line 437 of results\4d\realign44\realign44.f file
PROFILE: time for this pass = 0.000000 sec (total 0.007000 sec)
RUN PASS with name CHECK_PAR_REG_DIR
  Analyzing: results\4d\realign44\realign44.f
PROFILE: time for this pass = 0.000000 sec (total 0.008000 sec)
RUN PASS with name FILL_PARALLEL_REG_IR
  Analyzing: results\4d\realign44\realign44.f
PROFILE: time for this pass = 0.000000 sec (total 0.008000 sec)
RUN PASS with name GET_ALL_ARRAY_DECL
  Analyzing: results\4d\realign44\realign44.f
PROFILE: time for this pass = 0.002000 sec (total 0.011000 sec)
RUN PASS with name FILL_COMMON_BLOCKS
  Analyzing: results\4d\realign44\realign44.f
PROFILE: time for this pass = 0.000000 sec (total 0.012000 sec)
RUN PASS with name PARSE_OMP_DIRS
  Analyzing: results\4d\realign44\realign44.f
PROFILE: time for this pass = 0.000000 sec (total 0.012000 sec)
RUN PASS with name PREPROC_SPF
  Analyzing: results\4d\realign44\realign44.f
PROFILE: time for this pass = 0.000000 sec (total 0.013000 sec)
RUN PASS with name CREATE_INTER_TREE
  Analyzing: results\4d\realign44\realign44.f
PROFILE: time for this pass = 0.001000 sec (total 0.015000 sec)
RUN PASS with name GCOV_PARSER
  Analyzing: results\4d\realign44\realign44.f
   Error: unable to open file statistic.txt
PROFILE: time for this pass = 0.001000 sec (total 0.017000 sec)
RUN PASS with name VERIFY_FORMAT
  Analyzing: results\4d\realign44\realign44.f
PROFILE: time for this pass = 0.000000 sec (total 0.017000 sec)
RUN PASS with name VERIFY_DVM_DIRS
  Analyzing: results\4d\realign44\realign44.f
PROFILE: time for this pass = 0.000000 sec (total 0.018000 sec)
RUN PASS with name PRIVATE_CALL_GRAPH_STAGE1
  Analyzing: results\4d\realign44\realign44.f
PROFILE: time for this pass = 0.000000 sec (total 0.018000 sec)
RUN PASS with name PRIVATE_CALL_GRAPH_STAGE2
  Analyzing: results\4d\realign44\realign44.f
PROFILE: time for this pass = 0.000000 sec (total 0.019000 sec)
RUN PASS with name MACRO_EXPANSION
  Analyzing: results\4d\realign44\realign44.f
PROFILE: time for this pass = 0.000000 sec (total 0.019000 sec)
RUN PASS with name CONVERT_ASSIGN_TO_LOOP
  Analyzing: results\4d\realign44\realign44.f
PROFILE: time for this pass = 0.000000 sec (total 0.020000 sec)
RUN PASS with name DEF_USE_STAGE1
  Analyzing: results\4d\realign44\realign44.f
PROFILE: time for this pass = 0.001000 sec (total 0.021000 sec)
RUN PASS with name DEF_USE_STAGE2
  Analyzing: results\4d\realign44\realign44.f
PROFILE: time for this pass = 0.000000 sec (total 0.022000 sec)
RUN PASS with name VERIFY_COMMON
  Analyzing: results\4d\realign44\realign44.f
PROFILE: time for this pass = 0.000000 sec (total 0.022000 sec)
RUN PASS with name CALL_GRAPH_IR
  Analyzing: results\4d\realign44\realign44.f
PROFILE: time for this pass = 0.000000 sec (total 0.023000 sec)
RUN PASS with name BUILD_IR
  Analyzing: results\4d\realign44\realign44.f
  count of functions 7, count of lvls 3
     RD time for 'ansyes' function is 0.000 sec, iters 1
     RD time for 'ansno' function is 0.000 sec, iters 1

     RD time for 'realign441' function is 0.002 sec, iters 6
     RD time for 'realign442' function is 0.002 sec, iters 7
     RD time for 'realign443' function is 0.002 sec, iters 6
     RD time for 'realign444' function is 0.002 sec, iters 6

     RD time for 'realign44' function is 0.000 sec, iters 1

PROFILE: time for this pass = 0.012000 sec (total 0.036000 sec)
RUN PASS with name SUBST_EXPR_RD
  Analyzing: results\4d\realign44\realign44.f
PROFILE: time for this pass = 0.004000 sec (total 0.041000 sec)
RUN PASS with name LOOP_GRAPH
  Analyzing: results\4d\realign44\realign44.f
PROFILE: time for this pass = 0.003000 sec (total 0.044000 sec)
RUN PASS with name CALL_GRAPH
  Analyzing: results\4d\realign44\realign44.f
PROFILE: time for this pass = 0.002000 sec (total 0.047000 sec)
RUN PASS with name CALL_GRAPH2
  Analyzing: results\4d\realign44\realign44.f
  run for func realign44
  run for func realign441
  run for func realign442
  run for func realign443
  run for func realign444
  run for func ansyes
  run for func ansno
PROFILE: time for this pass = 0.001000 sec (total 0.049000 sec)
RUN PASS with name GET_STATS_FOR_PREDICTOR
  Analyzing: results\4d\realign44\realign44.f
    PAR LOOP [60 results\4d\realign44\realign44.f] total exec 633, total exec lines 8, avg 7.9125000000000000e+01
    PAR LOOP [71 results\4d\realign44\realign44.f] total exec 10281, total exec lines 15, avg 6.8539999999999998e+02
    PAR LOOP [111 results\4d\realign44\realign44.f] total exec 1553, total exec lines 18, avg 8.6277777777777771e+01
    PAR LOOP [188 results\4d\realign44\realign44.f] total exec 125, total exec lines 8, avg 1.5625000000000000e+01
    PAR LOOP [199 results\4d\realign44\realign44.f] total exec 9453, total exec lines 17, avg 5.5605882352941171e+02
    PAR LOOP [238 results\4d\realign44\realign44.f] total exec 245, total exec lines 18, avg 1.3611111111111111e+01
    PAR LOOP [318 results\4d\realign44\realign44.f] total exec 935, total exec lines 8, avg 1.1687500000000000e+02
    PAR LOOP [329 results\4d\realign44\realign44.f] total exec 78233, total exec lines 15, avg 5.2155333333333338e+03
    PAR LOOP [371 results\4d\realign44\realign44.f] total exec 2315, total exec lines 18, avg 1.2861111111111111e+02
    PAR LOOP [450 results\4d\realign44\realign44.f] total exec 1239, total exec lines 8, avg 1.5487500000000000e+02
    PAR LOOP [461 results\4d\realign44\realign44.f] total exec 157863, total exec lines 15, avg 1.0524200000000001e+04
    PAR LOOP [503 results\4d\realign44\realign44.f] total exec 3079, total exec lines 18, avg 1.7105555555555554e+02
    average_parallel_exec 1.6021325301204820e+03
    parallel_rate 9.8867290456169310e-01
PROFILE: time for this pass = 0.018000 sec (total 0.067000 sec)

--------------------------------------------------
INFO.JSON file copied from ./info.json to ./results\4d\realign44\info.json

==================================================
Processing of realign44.f completed successfully at 2025-05-06 00:26:44
