=== Processing file: rem43.f ===
Date and time: 2025-04-23 11:58:44
Dimension: 4d
==================================================

Copied ./sources\4d\rem43.f to ./results\4d\rem43\rem43.f
Command: gfortran -O3 -g -fprofile-arcs -ftest-coverage "./results\4d\rem43\rem43.f" -o "./results\4d\rem43\rem43"
Output: 

--------------------------------------------------
Command: "./results\4d\rem43\rem43"
Output: 
 ===START OF REM43========================
 REM4301  -  complete
 REM4302  -  complete
 REM4303  -  complete
 REM4304  -  complete
 REM4305  -  complete
 REM4306  -  complete
 REM4307  -  complete
 REM4308  -  complete
 REM4309  -  complete
 REM4310  -  complete
 REM4311  -  complete
 REM4312  -  complete
 REM4313  -  complete
 REM4314  -  complete
 === END OF REM43 ========================= 

--------------------------------------------------
Command: gcov -b "./results\4d\rem43\rem43.f"
Output: 
File 'results/4d/rem43/rem43.f'
Lines executed:89.39% of 424
Branches executed:100.00% of 514
Taken at least once:75.68% of 514
Calls executed:31.25% of 176
Creating 'rem43.f.gcov'

Lines executed:89.39% of 424

--------------------------------------------------
GCOV file copied from ./rem43.f.gcov to ./results\4d\rem43\rem43.f.gcov
Command: "../SAPFOR/_bin/Release/Sapfor_F.exe" -parse -spf "./results\4d\rem43\rem43.f"
Output: 
SAPFOR version is 2410, build date: Apr 23 2025 11:52:44, c++ version 201703
  parse file './results\4d\rem43\rem43.f'
  options: -spf 
files compilation order:
  ./results\4d\rem43\rem43.f
Parsing was completed successfully

--------------------------------------------------
Command: "../SAPFOR/_bin/Release/Sapfor_F.exe" -passN GET_STATS_FOR_PREDICTOR -keepDVM
Output: 
SAPFOR version is 2410, build date: Apr 23 2025 11:52:44, c++ version 201703
code for pass GET_STATS_FOR_PREDICTOR is 79
RUN PASS with name VERIFY_FUNC_DECL
  Analyzing: results\4d\rem43\rem43.f
PROFILE: time for this pass = 0.001000 sec (total 0.003000 sec)
RUN PASS with name FILE_LINE_INFO
  Analyzing: results\4d\rem43\rem43.f
  All lines in project 884
PROFILE: time for this pass = 0.001000 sec (total 0.005000 sec)
RUN PASS with name BUILD_INCLUDE_DEPENDENCIES
  Analyzing: results\4d\rem43\rem43.f
PROFILE: time for this pass = 0.001000 sec (total 0.006000 sec)
RUN PASS with name CORRECT_VAR_DECL
  Analyzing: results\4d\rem43\rem43.f
PROFILE: time for this pass = 0.001000 sec (total 0.007000 sec)
RUN PASS with name VERIFY_OPERATORS
  Analyzing: results\4d\rem43\rem43.f
PROFILE: time for this pass = 0.001000 sec (total 0.008000 sec)
RUN PASS with name VERIFY_ENDDO
  Analyzing: results\4d\rem43\rem43.f
PROFILE: time for this pass = 0.000000 sec (total 0.009000 sec)
RUN PASS with name VERIFY_INCLUDES
  Analyzing: results\4d\rem43\rem43.f
PROFILE: time for this pass = 0.000000 sec (total 0.010000 sec)
RUN PASS with name PREPROC_ALLOCATES
  Analyzing: results\4d\rem43\rem43.f
  attribute (51 results\4d\rem43\rem43.f) is added to declaration on line 43 of results\4d\rem43\rem43.f file
  attribute (77 results\4d\rem43\rem43.f) is added to declaration on line 43 of results\4d\rem43\rem43.f file
  attribute (91 results\4d\rem43\rem43.f) is added to declaration on line 84 of results\4d\rem43\rem43.f file
  attribute (117 results\4d\rem43\rem43.f) is added to declaration on line 84 of results\4d\rem43\rem43.f file
  attribute (132 results\4d\rem43\rem43.f) is added to declaration on line 124 of results\4d\rem43\rem43.f file
  attribute (169 results\4d\rem43\rem43.f) is added to declaration on line 124 of results\4d\rem43\rem43.f file
  attribute (184 results\4d\rem43\rem43.f) is added to declaration on line 176 of results\4d\rem43\rem43.f file
  attribute (220 results\4d\rem43\rem43.f) is added to declaration on line 176 of results\4d\rem43\rem43.f file
  attribute (234 results\4d\rem43\rem43.f) is added to declaration on line 226 of results\4d\rem43\rem43.f file
  attribute (270 results\4d\rem43\rem43.f) is added to declaration on line 226 of results\4d\rem43\rem43.f file
  attribute (284 results\4d\rem43\rem43.f) is added to declaration on line 276 of results\4d\rem43\rem43.f file
  attribute (320 results\4d\rem43\rem43.f) is added to declaration on line 276 of results\4d\rem43\rem43.f file
  attribute (334 results\4d\rem43\rem43.f) is added to declaration on line 326 of results\4d\rem43\rem43.f file
  attribute (370 results\4d\rem43\rem43.f) is added to declaration on line 326 of results\4d\rem43\rem43.f file
  attribute (384 results\4d\rem43\rem43.f) is added to declaration on line 376 of results\4d\rem43\rem43.f file
  attribute (439 results\4d\rem43\rem43.f) is added to declaration on line 376 of results\4d\rem43\rem43.f file
  attribute (453 results\4d\rem43\rem43.f) is added to declaration on line 445 of results\4d\rem43\rem43.f file
  attribute (507 results\4d\rem43\rem43.f) is added to declaration on line 445 of results\4d\rem43\rem43.f file
  attribute (522 results\4d\rem43\rem43.f) is added to declaration on line 514 of results\4d\rem43\rem43.f file
  attribute (576 results\4d\rem43\rem43.f) is added to declaration on line 514 of results\4d\rem43\rem43.f file
  attribute (591 results\4d\rem43\rem43.f) is added to declaration on line 583 of results\4d\rem43\rem43.f file
  attribute (646 results\4d\rem43\rem43.f) is added to declaration on line 583 of results\4d\rem43\rem43.f file
  attribute (661 results\4d\rem43\rem43.f) is added to declaration on line 653 of results\4d\rem43\rem43.f file
  attribute (717 results\4d\rem43\rem43.f) is added to declaration on line 653 of results\4d\rem43\rem43.f file
  attribute (731 results\4d\rem43\rem43.f) is added to declaration on line 723 of results\4d\rem43\rem43.f file
  attribute (787 results\4d\rem43\rem43.f) is added to declaration on line 723 of results\4d\rem43\rem43.f file
  attribute (801 results\4d\rem43\rem43.f) is added to declaration on line 793 of results\4d\rem43\rem43.f file
  attribute (857 results\4d\rem43\rem43.f) is added to declaration on line 793 of results\4d\rem43\rem43.f file
PROFILE: time for this pass = 0.001000 sec (total 0.011000 sec)
RUN PASS with name CHECK_PAR_REG_DIR
  Analyzing: results\4d\rem43\rem43.f
PROFILE: time for this pass = 0.000000 sec (total 0.012000 sec)
RUN PASS with name FILL_PARALLEL_REG_IR
  Analyzing: results\4d\rem43\rem43.f
PROFILE: time for this pass = 0.002000 sec (total 0.014000 sec)
RUN PASS with name GET_ALL_ARRAY_DECL
  Analyzing: results\4d\rem43\rem43.f
PROFILE: time for this pass = 0.007000 sec (total 0.022000 sec)
RUN PASS with name FILL_COMMON_BLOCKS
  Analyzing: results\4d\rem43\rem43.f
PROFILE: time for this pass = 0.001000 sec (total 0.023000 sec)
RUN PASS with name PARSE_OMP_DIRS
  Analyzing: results\4d\rem43\rem43.f
PROFILE: time for this pass = 0.001000 sec (total 0.025000 sec)
RUN PASS with name PREPROC_SPF
  Analyzing: results\4d\rem43\rem43.f
PROFILE: time for this pass = 0.001000 sec (total 0.026000 sec)
RUN PASS with name CREATE_INTER_TREE
  Analyzing: results\4d\rem43\rem43.f
PROFILE: time for this pass = 0.005000 sec (total 0.031000 sec)
RUN PASS with name GCOV_PARSER
  Analyzing: results\4d\rem43\rem43.f
   Error: unable to open file statistic.txt
PROFILE: time for this pass = 0.002000 sec (total 0.034000 sec)
RUN PASS with name VERIFY_FORMAT
  Analyzing: results\4d\rem43\rem43.f
PROFILE: time for this pass = 0.000000 sec (total 0.035000 sec)
RUN PASS with name VERIFY_DVM_DIRS
  Analyzing: results\4d\rem43\rem43.f
PROFILE: time for this pass = 0.000000 sec (total 0.036000 sec)
RUN PASS with name PRIVATE_CALL_GRAPH_STAGE1
  Analyzing: results\4d\rem43\rem43.f
PROFILE: time for this pass = 0.000000 sec (total 0.037000 sec)
RUN PASS with name PRIVATE_CALL_GRAPH_STAGE2
  Analyzing: results\4d\rem43\rem43.f
PROFILE: time for this pass = 0.001000 sec (total 0.038000 sec)
RUN PASS with name MACRO_EXPANSION
  Analyzing: results\4d\rem43\rem43.f
PROFILE: time for this pass = 0.001000 sec (total 0.039000 sec)
RUN PASS with name CONVERT_ASSIGN_TO_LOOP
  Analyzing: results\4d\rem43\rem43.f
PROFILE: time for this pass = 0.002000 sec (total 0.042000 sec)
RUN PASS with name DEF_USE_STAGE1
  Analyzing: results\4d\rem43\rem43.f
PROFILE: time for this pass = 0.005000 sec (total 0.047000 sec)
RUN PASS with name DEF_USE_STAGE2
  Analyzing: results\4d\rem43\rem43.f
PROFILE: time for this pass = 0.001000 sec (total 0.048000 sec)
RUN PASS with name VERIFY_COMMON
  Analyzing: results\4d\rem43\rem43.f
PROFILE: time for this pass = 0.000000 sec (total 0.049000 sec)
RUN PASS with name CALL_GRAPH_IR
  Analyzing: results\4d\rem43\rem43.f
PROFILE: time for this pass = 0.004000 sec (total 0.053000 sec)
RUN PASS with name BUILD_IR
  Analyzing: results\4d\rem43\rem43.f
  count of functions 18, count of lvls 3
     RD time for 'ansno' function is 0.000 sec, iters 1
     RD time for 'ansyes' function is 0.000 sec, iters 1
     RD time for 'serial4' function is 0.000 sec, iters 6

     RD time for 'rem4302' function is 0.000 sec, iters 6
     RD time for 'rem4306' function is 0.000 sec, iters 6
     RD time for 'rem4308' function is 0.000 sec, iters 6
     RD time for 'rem4303' function is 0.000 sec, iters 6
     RD time for 'rem4301' function is 0.000 sec, iters 6
     RD time for 'rem4304' function is 0.000 sec, iters 6
     RD time for 'rem4309' function is 0.000 sec, iters 6
     RD time for 'rem4305' function is 0.000 sec, iters 6
     RD time for 'rem4310' function is 0.001 sec, iters 6
     RD time for 'rem4311' function is 0.001 sec, iters 6
     RD time for 'rem4307' function is 0.000 sec, iters 6
     RD time for 'rem4312' function is 0.000 sec, iters 6
     RD time for 'rem4314' function is 0.000 sec, iters 6
     RD time for 'rem4313' function is 0.000 sec, iters 6

     RD time for 'rem43' function is 0.000 sec, iters 1

PROFILE: time for this pass = 0.017000 sec (total 0.070000 sec)
RUN PASS with name SUBST_EXPR_RD
  Analyzing: results\4d\rem43\rem43.f
PROFILE: time for this pass = 0.007000 sec (total 0.077000 sec)
RUN PASS with name LOOP_GRAPH
  Analyzing: results\4d\rem43\rem43.f
PROFILE: time for this pass = 0.005000 sec (total 0.083000 sec)
RUN PASS with name CALL_GRAPH
  Analyzing: results\4d\rem43\rem43.f
PROFILE: time for this pass = 0.007000 sec (total 0.090000 sec)
RUN PASS with name CALL_GRAPH2
  Analyzing: results\4d\rem43\rem43.f
  run for func rem43
  run for func rem4301
  run for func rem4302
  run for func rem4303
  run for func rem4304
  run for func rem4305
  run for func rem4306
  run for func rem4307
  run for func rem4308
  run for func rem4309
  run for func rem4310
  run for func rem4311
  run for func rem4312
  run for func rem4313
  run for func rem4314
  run for func serial4
  run for func ansyes
  run for func ansno
  added conflict messages to loop on line 152
PROFILE: time for this pass = 0.003000 sec (total 0.094000 sec)
RUN PASS with name GET_STATS_FOR_PREDICTOR
  Analyzing: results\4d\rem43\rem43.f
    PAR LOOP [57 results\4d\rem43\rem43.f] total exec 55123, total exec lines 8, avg 6.8903750000000000e+03
    PAR LOOP [97 results\4d\rem43\rem43.f] total exec 55123, total exec lines 8, avg 6.8903750000000000e+03
    PAR LOOP [140 results\4d\rem43\rem43.f] total exec 1207, total exec lines 8, avg 1.5087500000000000e+02
    PAR LOOP [192 results\4d\rem43\rem43.f] total exec 6849, total exec lines 8, avg 8.5612500000000000e+02
    PAR LOOP [242 results\4d\rem43\rem43.f] total exec 9153, total exec lines 8, avg 1.1441250000000000e+03
    PAR LOOP [292 results\4d\rem43\rem43.f] total exec 9153, total exec lines 8, avg 1.1441250000000000e+03
    PAR LOOP [342 results\4d\rem43\rem43.f] total exec 9153, total exec lines 8, avg 1.1441250000000000e+03
    PAR LOOP [393 results\4d\rem43\rem43.f] total exec 9153, total exec lines 8, avg 1.1441250000000000e+03
    PAR LOOP [405 results\4d\rem43\rem43.f] total exec 9153, total exec lines 8, avg 1.1441250000000000e+03
    PAR LOOP [417 results\4d\rem43\rem43.f] total exec 11841, total exec lines 13, avg 9.1084615384615381e+02
    PAR LOOP [462 results\4d\rem43\rem43.f] total exec 9153, total exec lines 8, avg 1.1441250000000000e+03
    PAR LOOP [473 results\4d\rem43\rem43.f] total exec 9153, total exec lines 8, avg 1.1441250000000000e+03
    PAR LOOP [485 results\4d\rem43\rem43.f] total exec 11841, total exec lines 13, avg 9.1084615384615381e+02
    PAR LOOP [531 results\4d\rem43\rem43.f] total exec 9153, total exec lines 8, avg 1.1441250000000000e+03
    PAR LOOP [542 results\4d\rem43\rem43.f] total exec 9153, total exec lines 8, avg 1.1441250000000000e+03
    PAR LOOP [554 results\4d\rem43\rem43.f] total exec 11841, total exec lines 13, avg 9.1084615384615381e+02
    PAR LOOP [601 results\4d\rem43\rem43.f] total exec 9153, total exec lines 8, avg 1.1441250000000000e+03
    PAR LOOP [612 results\4d\rem43\rem43.f] total exec 9153, total exec lines 8, avg 1.1441250000000000e+03
    PAR LOOP [624 results\4d\rem43\rem43.f] total exec 11841, total exec lines 13, avg 9.1084615384615381e+02
    PAR LOOP [671 results\4d\rem43\rem43.f] total exec 9153, total exec lines 8, avg 1.1441250000000000e+03
    PAR LOOP [683 results\4d\rem43\rem43.f] total exec 9153, total exec lines 8, avg 1.1441250000000000e+03
    PAR LOOP [695 results\4d\rem43\rem43.f] total exec 11841, total exec lines 13, avg 9.1084615384615381e+02
    PAR LOOP [741 results\4d\rem43\rem43.f] total exec 9153, total exec lines 8, avg 1.1441250000000000e+03
    PAR LOOP [753 results\4d\rem43\rem43.f] total exec 9153, total exec lines 8, avg 1.1441250000000000e+03
    PAR LOOP [765 results\4d\rem43\rem43.f] total exec 11841, total exec lines 13, avg 9.1084615384615381e+02
    PAR LOOP [811 results\4d\rem43\rem43.f] total exec 55123, total exec lines 8, avg 6.8903750000000000e+03
    PAR LOOP [823 results\4d\rem43\rem43.f] total exec 55123, total exec lines 8, avg 6.8903750000000000e+03
    PAR LOOP [835 results\4d\rem43\rem43.f] total exec 72531, total exec lines 13, avg 5.5793076923076924e+03
    average_parallel_exec 1.9668725868725869e+03
    parallel_rate 6.5802254807741989e-01
PROFILE: time for this pass = 0.043000 sec (total 0.137000 sec)

--------------------------------------------------
INFO.JSON file copied from ./info.json to ./results\4d\rem43\info.json

==================================================
Processing of rem43.f completed successfully at 2025-04-23 11:58:46
