=== Processing file: paralplus12.f ===
Date and time: 2025-05-06 00:22:46
Dimension: 1d
==================================================

Copied ./sources\1d\paralplus12.f to ./results\1d\paralplus12\paralplus12.f
Command: gfortran -O3 -g -fprofile-arcs -ftest-coverage "./results\1d\paralplus12\paralplus12.f" -o "./results\1d\paralplus12\paralplus12"
Output: 

--------------------------------------------------
Command: "./results\1d\paralplus12\paralplus12"
Output: 
 ===START OF paralplus12======================
 paral+1221   -  complete
 paral+1222   -  complete
 paral+1224   -  complete
 paral+1221   -  complete
 paral+1222   -  complete
 paral+1224   -  complete
 === END OF paralplus12======================== 

--------------------------------------------------
Command: gcov -b "./results\1d\paralplus12\paralplus12.f"
Output: 
File 'results/1d/paralplus12/paralplus12.f'
Lines executed:38.10% of 168
Branches executed:37.50% of 128
Taken at least once:28.12% of 128
Calls executed:40.00% of 55
Creating 'paralplus12.f.gcov'

Lines executed:38.10% of 168

--------------------------------------------------
GCOV file copied from ./paralplus12.f.gcov to ./results\1d\paralplus12\paralplus12.f.gcov
Command: "../SAPFOR/_bin/Release/Sapfor_F.exe" -parse -spf "./results\1d\paralplus12\paralplus12.f"
Output: 
SAPFOR version is 2410, build date: Apr 23 2025 11:52:44, c++ version 201703
  parse file './results\1d\paralplus12\paralplus12.f'
  options: -spf 
files compilation order:
  ./results\1d\paralplus12\paralplus12.f
Parsing was completed successfully

--------------------------------------------------
Command: "../SAPFOR/_bin/Release/Sapfor_F.exe" -passN GET_STATS_FOR_PREDICTOR -keepDVM
Output: 
SAPFOR version is 2410, build date: Apr 23 2025 11:52:44, c++ version 201703
code for pass GET_STATS_FOR_PREDICTOR is 79
RUN PASS with name VERIFY_FUNC_DECL
  Analyzing: results\1d\paralplus12\paralplus12.f
PROFILE: time for this pass = 0.000000 sec (total 0.002000 sec)
RUN PASS with name FILE_LINE_INFO
  Analyzing: results\1d\paralplus12\paralplus12.f
  All lines in project 438
PROFILE: time for this pass = 0.000000 sec (total 0.003000 sec)
RUN PASS with name BUILD_INCLUDE_DEPENDENCIES
  Analyzing: results\1d\paralplus12\paralplus12.f
PROFILE: time for this pass = 0.000000 sec (total 0.003000 sec)
RUN PASS with name CORRECT_VAR_DECL
  Analyzing: results\1d\paralplus12\paralplus12.f
PROFILE: time for this pass = 0.000000 sec (total 0.003000 sec)
RUN PASS with name VERIFY_OPERATORS
  Analyzing: results\1d\paralplus12\paralplus12.f
PROFILE: time for this pass = 0.000000 sec (total 0.004000 sec)
RUN PASS with name VERIFY_ENDDO
  Analyzing: results\1d\paralplus12\paralplus12.f
PROFILE: time for this pass = 0.000000 sec (total 0.004000 sec)
RUN PASS with name VERIFY_INCLUDES
  Analyzing: results\1d\paralplus12\paralplus12.f
PROFILE: time for this pass = 0.000000 sec (total 0.004000 sec)
RUN PASS with name PREPROC_ALLOCATES
  Analyzing: results\1d\paralplus12\paralplus12.f
  attribute (50 results\1d\paralplus12\paralplus12.f) is added to declaration on line 44 of results\1d\paralplus12\paralplus12.f file
  attribute (83 results\1d\paralplus12\paralplus12.f) is added to declaration on line 44 of results\1d\paralplus12\paralplus12.f file
  attribute (99 results\1d\paralplus12\paralplus12.f) is added to declaration on line 93 of results\1d\paralplus12\paralplus12.f file
  attribute (132 results\1d\paralplus12\paralplus12.f) is added to declaration on line 93 of results\1d\paralplus12\paralplus12.f file
  attribute (148 results\1d\paralplus12\paralplus12.f) is added to declaration on line 142 of results\1d\paralplus12\paralplus12.f file
  attribute (181 results\1d\paralplus12\paralplus12.f) is added to declaration on line 142 of results\1d\paralplus12\paralplus12.f file
  attribute (197 results\1d\paralplus12\paralplus12.f) is added to declaration on line 191 of results\1d\paralplus12\paralplus12.f file
  attribute (230 results\1d\paralplus12\paralplus12.f) is added to declaration on line 191 of results\1d\paralplus12\paralplus12.f file
  attribute (246 results\1d\paralplus12\paralplus12.f) is added to declaration on line 240 of results\1d\paralplus12\paralplus12.f file
  attribute (279 results\1d\paralplus12\paralplus12.f) is added to declaration on line 240 of results\1d\paralplus12\paralplus12.f file
  attribute (295 results\1d\paralplus12\paralplus12.f) is added to declaration on line 289 of results\1d\paralplus12\paralplus12.f file
  attribute (328 results\1d\paralplus12\paralplus12.f) is added to declaration on line 289 of results\1d\paralplus12\paralplus12.f file
  attribute (344 results\1d\paralplus12\paralplus12.f) is added to declaration on line 338 of results\1d\paralplus12\paralplus12.f file
  attribute (377 results\1d\paralplus12\paralplus12.f) is added to declaration on line 338 of results\1d\paralplus12\paralplus12.f file
  attribute (393 results\1d\paralplus12\paralplus12.f) is added to declaration on line 387 of results\1d\paralplus12\paralplus12.f file
  attribute (426 results\1d\paralplus12\paralplus12.f) is added to declaration on line 387 of results\1d\paralplus12\paralplus12.f file
PROFILE: time for this pass = 0.000000 sec (total 0.005000 sec)
RUN PASS with name CHECK_PAR_REG_DIR
  Analyzing: results\1d\paralplus12\paralplus12.f
PROFILE: time for this pass = 0.000000 sec (total 0.005000 sec)
RUN PASS with name FILL_PARALLEL_REG_IR
  Analyzing: results\1d\paralplus12\paralplus12.f
PROFILE: time for this pass = 0.000000 sec (total 0.006000 sec)
RUN PASS with name GET_ALL_ARRAY_DECL
  Analyzing: results\1d\paralplus12\paralplus12.f
PROFILE: time for this pass = 0.001000 sec (total 0.008000 sec)
RUN PASS with name FILL_COMMON_BLOCKS
  Analyzing: results\1d\paralplus12\paralplus12.f
PROFILE: time for this pass = 0.000000 sec (total 0.008000 sec)
RUN PASS with name PARSE_OMP_DIRS
  Analyzing: results\1d\paralplus12\paralplus12.f
PROFILE: time for this pass = 0.000000 sec (total 0.008000 sec)
RUN PASS with name PREPROC_SPF
  Analyzing: results\1d\paralplus12\paralplus12.f
PROFILE: time for this pass = 0.000000 sec (total 0.009000 sec)
RUN PASS with name CREATE_INTER_TREE
  Analyzing: results\1d\paralplus12\paralplus12.f
PROFILE: time for this pass = 0.001000 sec (total 0.010000 sec)
RUN PASS with name GCOV_PARSER
  Analyzing: results\1d\paralplus12\paralplus12.f
   Error: unable to open file statistic.txt
PROFILE: time for this pass = 0.001000 sec (total 0.011000 sec)
RUN PASS with name VERIFY_FORMAT
  Analyzing: results\1d\paralplus12\paralplus12.f
PROFILE: time for this pass = 0.000000 sec (total 0.012000 sec)
RUN PASS with name VERIFY_DVM_DIRS
  Analyzing: results\1d\paralplus12\paralplus12.f
PROFILE: time for this pass = 0.000000 sec (total 0.012000 sec)
RUN PASS with name PRIVATE_CALL_GRAPH_STAGE1
  Analyzing: results\1d\paralplus12\paralplus12.f
PROFILE: time for this pass = 0.000000 sec (total 0.012000 sec)
RUN PASS with name PRIVATE_CALL_GRAPH_STAGE2
  Analyzing: results\1d\paralplus12\paralplus12.f
PROFILE: time for this pass = 0.000000 sec (total 0.013000 sec)
RUN PASS with name MACRO_EXPANSION
  Analyzing: results\1d\paralplus12\paralplus12.f
PROFILE: time for this pass = 0.000000 sec (total 0.013000 sec)
RUN PASS with name CONVERT_ASSIGN_TO_LOOP
  Analyzing: results\1d\paralplus12\paralplus12.f
PROFILE: time for this pass = 0.000000 sec (total 0.014000 sec)
RUN PASS with name DEF_USE_STAGE1
  Analyzing: results\1d\paralplus12\paralplus12.f
PROFILE: time for this pass = 0.000000 sec (total 0.014000 sec)
RUN PASS with name DEF_USE_STAGE2
  Analyzing: results\1d\paralplus12\paralplus12.f
PROFILE: time for this pass = 0.000000 sec (total 0.015000 sec)
RUN PASS with name VERIFY_COMMON
  Analyzing: results\1d\paralplus12\paralplus12.f
PROFILE: time for this pass = 0.000000 sec (total 0.015000 sec)
RUN PASS with name CALL_GRAPH_IR
  Analyzing: results\1d\paralplus12\paralplus12.f
PROFILE: time for this pass = 0.000000 sec (total 0.016000 sec)
RUN PASS with name BUILD_IR
  Analyzing: results\1d\paralplus12\paralplus12.f
  count of functions 11, count of lvls 3
     RD time for 'parallel23' function is 0.000 sec, iters 4
     RD time for 'parallel25' function is 0.000 sec, iters 4
     RD time for 'ansno' function is 0.000 sec, iters 1
     RD time for 'parallel28' function is 0.000 sec, iters 4
     RD time for 'ansyes' function is 0.000 sec, iters 1
     RD time for 'parallel27' function is 0.000 sec, iters 4
     RD time for 'parallel26' function is 0.000 sec, iters 4

     RD time for 'parallel21' function is 0.000 sec, iters 4
     RD time for 'parallel22' function is 0.000 sec, iters 4
     RD time for 'parallel24' function is 0.000 sec, iters 4

     RD time for 'parallelplus2' function is 0.000 sec, iters 1

PROFILE: time for this pass = 0.003000 sec (total 0.019000 sec)
RUN PASS with name SUBST_EXPR_RD
  Analyzing: results\1d\paralplus12\paralplus12.f
PROFILE: time for this pass = 0.002000 sec (total 0.022000 sec)
RUN PASS with name LOOP_GRAPH
  Analyzing: results\1d\paralplus12\paralplus12.f
PROFILE: time for this pass = 0.001000 sec (total 0.023000 sec)
RUN PASS with name CALL_GRAPH
  Analyzing: results\1d\paralplus12\paralplus12.f
PROFILE: time for this pass = 0.001000 sec (total 0.024000 sec)
RUN PASS with name CALL_GRAPH2
  Analyzing: results\1d\paralplus12\paralplus12.f
  run for func parallelplus2
  run for func parallel21
  run for func parallel22
  run for func parallel23
  run for func parallel24
  run for func parallel25
  run for func parallel26
  run for func parallel27
  run for func parallel28
  run for func ansyes
  run for func ansno
PROFILE: time for this pass = 0.001000 sec (total 0.026000 sec)
RUN PASS with name GET_STATS_FOR_PREDICTOR
  Analyzing: results\1d\paralplus12\paralplus12.f
    PAR LOOP [57 results\1d\paralplus12\paralplus12.f] total exec 454, total exec lines 4, avg 1.1350000000000000e+02
    PAR LOOP [65 results\1d\paralplus12\paralplus12.f] total exec 550, total exec lines 9, avg 6.1111111111111114e+01
    PAR LOOP [106 results\1d\paralplus12\paralplus12.f] total exec 454, total exec lines 4, avg 1.1350000000000000e+02
    PAR LOOP [114 results\1d\paralplus12\paralplus12.f] total exec 502, total exec lines 9, avg 5.5777777777777779e+01
    PAR LOOP [204 results\1d\paralplus12\paralplus12.f] total exec 454, total exec lines 4, avg 1.1350000000000000e+02
    PAR LOOP [212 results\1d\paralplus12\paralplus12.f] total exec 278, total exec lines 9, avg 3.0888888888888889e+01
    average_parallel_exec 6.9025641025641022e+01
    parallel_rate 9.3277893277893276e-01
PROFILE: time for this pass = 0.006000 sec (total 0.033000 sec)

--------------------------------------------------
INFO.JSON file copied from ./info.json to ./results\1d\paralplus12\info.json

==================================================
Processing of paralplus12.f completed successfully at 2025-05-06 00:22:47
