=== Processing file: cons34.f ===
Date and time: 2025-05-06 00:24:34
Dimension: 3d
==================================================

Copied ./sources\3d\cons34.f to ./results\3d\cons34\cons34.f
Command: gfortran -O3 -g -fprofile-arcs -ftest-coverage "./results\3d\cons34\cons34.f" -o "./results\3d\cons34\cons34"
Output: 

--------------------------------------------------
Command: "./results\3d\cons34\cons34"
Output: 
 ===START OF CONS34========================
 CONS3401  -  complete
 CONS3402  -  complete
 CONS3403  -  complete
 CONS3404  -  complete
 CONS3405  -  complete
 CONS3406  -  complete
 CONS3407  -  complete
 CONS3408  -  complete
 CONS3409  -  complete
 CONS3410  -  complete
 CONS3411  -  complete
 CONS3412  -  complete
 CONS3413  -  complete
 CONS3414  -  complete
 CONS3415  -  complete
 CONS3416  -  complete
 CONS3417  -  complete
 CONS3418  -  complete
 CONS3419  -  complete
 CONS3420  -  complete
 CONS3421  -  complete
 CONS3422  -  complete
 CONS3423  -  complete
 CONS3424  -  complete
 CONS3425  -  complete
 CONS3426  -  complete
 CONS3427  -  complete
 CONS3428  -  complete
 CONS3429  -  complete
 CONS3430  -  complete
 CONS3431  -  complete
 CONS3432  -  complete
 CONS3433  -  complete
 CONS3434  -  complete
 CONS3435  -  complete
 CONS3436  -  complete
 CONS3437  -  complete
 CONS3438  -  complete
 CONS3439  -  complete
 CONS3440  -  complete
 CONS3441  -  complete
 CONS3442  -  complete
 CONS3443  -  complete
 CONS3444  -  complete
 CONS3445  -  complete
 CONS3446  -  complete
 CONS3447  -  complete
 CONS3448  -  complete
 CONS3449  -  complete
 CONS3450  -  complete
 CONS3451  -  complete
 CONS3452  -  complete
 CONS3453  -  complete
 CONS3454  -  complete
 CONS3455  -  complete
 CONS3456  -  complete
 CONS3457  -  complete
 CONS3458  -  complete
 CONS3459  -  complete
 CONS3460  -  complete
 CONS3461  -  complete
 CONS3462  -  complete
 CONS3463  -  complete
 CONS3464  -  complete
 === END OF CONS34 ========================= 

--------------------------------------------------
Command: gcov -b "./results\3d\cons34\cons34.f"
Output: 
File 'results/3d/cons34/cons34.f'
Lines executed:97.10% of 2314
Branches executed:100.00% of 3712
Taken at least once:82.76% of 3712
Calls executed:20.46% of 689
Creating 'cons34.f.gcov'

Lines executed:97.10% of 2314

--------------------------------------------------
GCOV file copied from ./cons34.f.gcov to ./results\3d\cons34\cons34.f.gcov
Command: "../SAPFOR/_bin/Release/Sapfor_F.exe" -parse -spf "./results\3d\cons34\cons34.f"
Output: 
SAPFOR version is 2410, build date: Apr 23 2025 11:52:44, c++ version 201703
  parse file './results\3d\cons34\cons34.f'
  options: -spf 
files compilation order:
  ./results\3d\cons34\cons34.f
Parsing was completed successfully

--------------------------------------------------
Command: "../SAPFOR/_bin/Release/Sapfor_F.exe" -passN GET_STATS_FOR_PREDICTOR -keepDVM
Output: 
SAPFOR version is 2410, build date: Apr 23 2025 11:52:44, c++ version 201703
code for pass GET_STATS_FOR_PREDICTOR is 79
RUN PASS with name VERIFY_FUNC_DECL
  Analyzing: results\3d\cons34\cons34.f
PROFILE: time for this pass = 0.005000 sec (total 0.016000 sec)
RUN PASS with name FILE_LINE_INFO
  Analyzing: results\3d\cons34\cons34.f
  All lines in project 5274
PROFILE: time for this pass = 0.005000 sec (total 0.022000 sec)
RUN PASS with name BUILD_INCLUDE_DEPENDENCIES
  Analyzing: results\3d\cons34\cons34.f
PROFILE: time for this pass = 0.005000 sec (total 0.028000 sec)
RUN PASS with name CORRECT_VAR_DECL
  Analyzing: results\3d\cons34\cons34.f
PROFILE: time for this pass = 0.006000 sec (total 0.034000 sec)
RUN PASS with name VERIFY_OPERATORS
  Analyzing: results\3d\cons34\cons34.f
PROFILE: time for this pass = 0.006000 sec (total 0.040000 sec)
RUN PASS with name VERIFY_ENDDO
  Analyzing: results\3d\cons34\cons34.f
PROFILE: time for this pass = 0.005000 sec (total 0.046000 sec)
RUN PASS with name VERIFY_INCLUDES
  Analyzing: results\3d\cons34\cons34.f
PROFILE: time for this pass = 0.005000 sec (total 0.052000 sec)
RUN PASS with name PREPROC_ALLOCATES
  Analyzing: results\3d\cons34\cons34.f
  attribute (299 results\3d\cons34\cons34.f) is added to declaration on line 294 of results\3d\cons34\cons34.f file
  attribute (344 results\3d\cons34\cons34.f) is added to declaration on line 294 of results\3d\cons34\cons34.f file
  attribute (357 results\3d\cons34\cons34.f) is added to declaration on line 351 of results\3d\cons34\cons34.f file
  attribute (412 results\3d\cons34\cons34.f) is added to declaration on line 351 of results\3d\cons34\cons34.f file
  attribute (427 results\3d\cons34\cons34.f) is added to declaration on line 419 of results\3d\cons34\cons34.f file
  attribute (492 results\3d\cons34\cons34.f) is added to declaration on line 419 of results\3d\cons34\cons34.f file
  attribute (505 results\3d\cons34\cons34.f) is added to declaration on line 500 of results\3d\cons34\cons34.f file
  attribute (550 results\3d\cons34\cons34.f) is added to declaration on line 500 of results\3d\cons34\cons34.f file
  attribute (562 results\3d\cons34\cons34.f) is added to declaration on line 557 of results\3d\cons34\cons34.f file
  attribute (613 results\3d\cons34\cons34.f) is added to declaration on line 557 of results\3d\cons34\cons34.f file
  attribute (626 results\3d\cons34\cons34.f) is added to declaration on line 620 of results\3d\cons34\cons34.f file
  attribute (691 results\3d\cons34\cons34.f) is added to declaration on line 620 of results\3d\cons34\cons34.f file
  attribute (706 results\3d\cons34\cons34.f) is added to declaration on line 698 of results\3d\cons34\cons34.f file
  attribute (781 results\3d\cons34\cons34.f) is added to declaration on line 698 of results\3d\cons34\cons34.f file
  attribute (794 results\3d\cons34\cons34.f) is added to declaration on line 789 of results\3d\cons34\cons34.f file
  attribute (845 results\3d\cons34\cons34.f) is added to declaration on line 789 of results\3d\cons34\cons34.f file
  attribute (857 results\3d\cons34\cons34.f) is added to declaration on line 852 of results\3d\cons34\cons34.f file
  attribute (914 results\3d\cons34\cons34.f) is added to declaration on line 852 of results\3d\cons34\cons34.f file
  attribute (927 results\3d\cons34\cons34.f) is added to declaration on line 921 of results\3d\cons34\cons34.f file
  attribute (1002 results\3d\cons34\cons34.f) is added to declaration on line 921 of results\3d\cons34\cons34.f file
  attribute (1017 results\3d\cons34\cons34.f) is added to declaration on line 1009 of results\3d\cons34\cons34.f file
  attribute (1102 results\3d\cons34\cons34.f) is added to declaration on line 1009 of results\3d\cons34\cons34.f file
  attribute (1115 results\3d\cons34\cons34.f) is added to declaration on line 1110 of results\3d\cons34\cons34.f file
  attribute (1172 results\3d\cons34\cons34.f) is added to declaration on line 1110 of results\3d\cons34\cons34.f file
  attribute (1184 results\3d\cons34\cons34.f) is added to declaration on line 1179 of results\3d\cons34\cons34.f file
  attribute (1247 results\3d\cons34\cons34.f) is added to declaration on line 1179 of results\3d\cons34\cons34.f file
  attribute (1260 results\3d\cons34\cons34.f) is added to declaration on line 1254 of results\3d\cons34\cons34.f file
  attribute (1345 results\3d\cons34\cons34.f) is added to declaration on line 1254 of results\3d\cons34\cons34.f file
  attribute (1360 results\3d\cons34\cons34.f) is added to declaration on line 1352 of results\3d\cons34\cons34.f file
  attribute (1455 results\3d\cons34\cons34.f) is added to declaration on line 1352 of results\3d\cons34\cons34.f file
  attribute (1468 results\3d\cons34\cons34.f) is added to declaration on line 1463 of results\3d\cons34\cons34.f file
  attribute (1531 results\3d\cons34\cons34.f) is added to declaration on line 1463 of results\3d\cons34\cons34.f file
  attribute (1543 results\3d\cons34\cons34.f) is added to declaration on line 1538 of results\3d\cons34\cons34.f file
  attribute (1588 results\3d\cons34\cons34.f) is added to declaration on line 1538 of results\3d\cons34\cons34.f file
  attribute (1601 results\3d\cons34\cons34.f) is added to declaration on line 1595 of results\3d\cons34\cons34.f file
  attribute (1656 results\3d\cons34\cons34.f) is added to declaration on line 1595 of results\3d\cons34\cons34.f file
  attribute (1671 results\3d\cons34\cons34.f) is added to declaration on line 1663 of results\3d\cons34\cons34.f file
  attribute (1736 results\3d\cons34\cons34.f) is added to declaration on line 1663 of results\3d\cons34\cons34.f file
  attribute (1749 results\3d\cons34\cons34.f) is added to declaration on line 1744 of results\3d\cons34\cons34.f file
  attribute (1794 results\3d\cons34\cons34.f) is added to declaration on line 1744 of results\3d\cons34\cons34.f file
  attribute (1806 results\3d\cons34\cons34.f) is added to declaration on line 1801 of results\3d\cons34\cons34.f file
  attribute (1857 results\3d\cons34\cons34.f) is added to declaration on line 1801 of results\3d\cons34\cons34.f file
  attribute (1870 results\3d\cons34\cons34.f) is added to declaration on line 1864 of results\3d\cons34\cons34.f file
  attribute (1935 results\3d\cons34\cons34.f) is added to declaration on line 1864 of results\3d\cons34\cons34.f file
  attribute (1950 results\3d\cons34\cons34.f) is added to declaration on line 1942 of results\3d\cons34\cons34.f file
  attribute (2025 results\3d\cons34\cons34.f) is added to declaration on line 1942 of results\3d\cons34\cons34.f file
  attribute (2038 results\3d\cons34\cons34.f) is added to declaration on line 2033 of results\3d\cons34\cons34.f file
  attribute (2089 results\3d\cons34\cons34.f) is added to declaration on line 2033 of results\3d\cons34\cons34.f file
  attribute (2101 results\3d\cons34\cons34.f) is added to declaration on line 2096 of results\3d\cons34\cons34.f file
  attribute (2158 results\3d\cons34\cons34.f) is added to declaration on line 2096 of results\3d\cons34\cons34.f file
  attribute (2171 results\3d\cons34\cons34.f) is added to declaration on line 2165 of results\3d\cons34\cons34.f file
  attribute (2246 results\3d\cons34\cons34.f) is added to declaration on line 2165 of results\3d\cons34\cons34.f file
  attribute (2261 results\3d\cons34\cons34.f) is added to declaration on line 2253 of results\3d\cons34\cons34.f file
  attribute (2346 results\3d\cons34\cons34.f) is added to declaration on line 2253 of results\3d\cons34\cons34.f file
  attribute (2359 results\3d\cons34\cons34.f) is added to declaration on line 2354 of results\3d\cons34\cons34.f file
  attribute (2416 results\3d\cons34\cons34.f) is added to declaration on line 2354 of results\3d\cons34\cons34.f file
  attribute (2428 results\3d\cons34\cons34.f) is added to declaration on line 2423 of results\3d\cons34\cons34.f file
  attribute (2491 results\3d\cons34\cons34.f) is added to declaration on line 2423 of results\3d\cons34\cons34.f file
  attribute (2504 results\3d\cons34\cons34.f) is added to declaration on line 2498 of results\3d\cons34\cons34.f file
  attribute (2589 results\3d\cons34\cons34.f) is added to declaration on line 2498 of results\3d\cons34\cons34.f file
  attribute (2604 results\3d\cons34\cons34.f) is added to declaration on line 2596 of results\3d\cons34\cons34.f file
  attribute (2699 results\3d\cons34\cons34.f) is added to declaration on line 2596 of results\3d\cons34\cons34.f file
  attribute (2712 results\3d\cons34\cons34.f) is added to declaration on line 2707 of results\3d\cons34\cons34.f file
  attribute (2775 results\3d\cons34\cons34.f) is added to declaration on line 2707 of results\3d\cons34\cons34.f file
  attribute (2787 results\3d\cons34\cons34.f) is added to declaration on line 2782 of results\3d\cons34\cons34.f file
  attribute (2832 results\3d\cons34\cons34.f) is added to declaration on line 2782 of results\3d\cons34\cons34.f file
  attribute (2845 results\3d\cons34\cons34.f) is added to declaration on line 2839 of results\3d\cons34\cons34.f file
  attribute (2900 results\3d\cons34\cons34.f) is added to declaration on line 2839 of results\3d\cons34\cons34.f file
  attribute (2915 results\3d\cons34\cons34.f) is added to declaration on line 2907 of results\3d\cons34\cons34.f file
  attribute (2980 results\3d\cons34\cons34.f) is added to declaration on line 2907 of results\3d\cons34\cons34.f file
  attribute (2993 results\3d\cons34\cons34.f) is added to declaration on line 2988 of results\3d\cons34\cons34.f file
  attribute (3038 results\3d\cons34\cons34.f) is added to declaration on line 2988 of results\3d\cons34\cons34.f file
  attribute (3050 results\3d\cons34\cons34.f) is added to declaration on line 3045 of results\3d\cons34\cons34.f file
  attribute (3101 results\3d\cons34\cons34.f) is added to declaration on line 3045 of results\3d\cons34\cons34.f file
  attribute (3114 results\3d\cons34\cons34.f) is added to declaration on line 3108 of results\3d\cons34\cons34.f file
  attribute (3179 results\3d\cons34\cons34.f) is added to declaration on line 3108 of results\3d\cons34\cons34.f file
  attribute (3194 results\3d\cons34\cons34.f) is added to declaration on line 3186 of results\3d\cons34\cons34.f file
  attribute (3269 results\3d\cons34\cons34.f) is added to declaration on line 3186 of results\3d\cons34\cons34.f file
  attribute (3282 results\3d\cons34\cons34.f) is added to declaration on line 3277 of results\3d\cons34\cons34.f file
  attribute (3333 results\3d\cons34\cons34.f) is added to declaration on line 3277 of results\3d\cons34\cons34.f file
  attribute (3345 results\3d\cons34\cons34.f) is added to declaration on line 3340 of results\3d\cons34\cons34.f file
  attribute (3402 results\3d\cons34\cons34.f) is added to declaration on line 3340 of results\3d\cons34\cons34.f file
  attribute (3415 results\3d\cons34\cons34.f) is added to declaration on line 3409 of results\3d\cons34\cons34.f file
  attribute (3490 results\3d\cons34\cons34.f) is added to declaration on line 3409 of results\3d\cons34\cons34.f file
  attribute (3505 results\3d\cons34\cons34.f) is added to declaration on line 3497 of results\3d\cons34\cons34.f file
  attribute (3590 results\3d\cons34\cons34.f) is added to declaration on line 3497 of results\3d\cons34\cons34.f file
  attribute (3603 results\3d\cons34\cons34.f) is added to declaration on line 3598 of results\3d\cons34\cons34.f file
  attribute (3660 results\3d\cons34\cons34.f) is added to declaration on line 3598 of results\3d\cons34\cons34.f file
  attribute (3672 results\3d\cons34\cons34.f) is added to declaration on line 3667 of results\3d\cons34\cons34.f file
  attribute (3735 results\3d\cons34\cons34.f) is added to declaration on line 3667 of results\3d\cons34\cons34.f file
  attribute (3748 results\3d\cons34\cons34.f) is added to declaration on line 3742 of results\3d\cons34\cons34.f file
  attribute (3833 results\3d\cons34\cons34.f) is added to declaration on line 3742 of results\3d\cons34\cons34.f file
  attribute (3848 results\3d\cons34\cons34.f) is added to declaration on line 3840 of results\3d\cons34\cons34.f file
  attribute (3943 results\3d\cons34\cons34.f) is added to declaration on line 3840 of results\3d\cons34\cons34.f file
  attribute (3956 results\3d\cons34\cons34.f) is added to declaration on line 3951 of results\3d\cons34\cons34.f file
  attribute (4019 results\3d\cons34\cons34.f) is added to declaration on line 3951 of results\3d\cons34\cons34.f file
  attribute (4031 results\3d\cons34\cons34.f) is added to declaration on line 4026 of results\3d\cons34\cons34.f file
  attribute (4076 results\3d\cons34\cons34.f) is added to declaration on line 4026 of results\3d\cons34\cons34.f file
  attribute (4089 results\3d\cons34\cons34.f) is added to declaration on line 4083 of results\3d\cons34\cons34.f file
  attribute (4144 results\3d\cons34\cons34.f) is added to declaration on line 4083 of results\3d\cons34\cons34.f file
  attribute (4159 results\3d\cons34\cons34.f) is added to declaration on line 4151 of results\3d\cons34\cons34.f file
  attribute (4224 results\3d\cons34\cons34.f) is added to declaration on line 4151 of results\3d\cons34\cons34.f file
  attribute (4237 results\3d\cons34\cons34.f) is added to declaration on line 4232 of results\3d\cons34\cons34.f file
  attribute (4282 results\3d\cons34\cons34.f) is added to declaration on line 4232 of results\3d\cons34\cons34.f file
  attribute (4294 results\3d\cons34\cons34.f) is added to declaration on line 4289 of results\3d\cons34\cons34.f file
  attribute (4345 results\3d\cons34\cons34.f) is added to declaration on line 4289 of results\3d\cons34\cons34.f file
  attribute (4358 results\3d\cons34\cons34.f) is added to declaration on line 4352 of results\3d\cons34\cons34.f file
  attribute (4423 results\3d\cons34\cons34.f) is added to declaration on line 4352 of results\3d\cons34\cons34.f file
  attribute (4438 results\3d\cons34\cons34.f) is added to declaration on line 4430 of results\3d\cons34\cons34.f file
  attribute (4513 results\3d\cons34\cons34.f) is added to declaration on line 4430 of results\3d\cons34\cons34.f file
  attribute (4526 results\3d\cons34\cons34.f) is added to declaration on line 4521 of results\3d\cons34\cons34.f file
  attribute (4577 results\3d\cons34\cons34.f) is added to declaration on line 4521 of results\3d\cons34\cons34.f file
  attribute (4589 results\3d\cons34\cons34.f) is added to declaration on line 4584 of results\3d\cons34\cons34.f file
  attribute (4646 results\3d\cons34\cons34.f) is added to declaration on line 4584 of results\3d\cons34\cons34.f file
  attribute (4659 results\3d\cons34\cons34.f) is added to declaration on line 4653 of results\3d\cons34\cons34.f file
  attribute (4734 results\3d\cons34\cons34.f) is added to declaration on line 4653 of results\3d\cons34\cons34.f file
  attribute (4749 results\3d\cons34\cons34.f) is added to declaration on line 4741 of results\3d\cons34\cons34.f file
  attribute (4834 results\3d\cons34\cons34.f) is added to declaration on line 4741 of results\3d\cons34\cons34.f file
  attribute (4847 results\3d\cons34\cons34.f) is added to declaration on line 4842 of results\3d\cons34\cons34.f file
  attribute (4904 results\3d\cons34\cons34.f) is added to declaration on line 4842 of results\3d\cons34\cons34.f file
  attribute (4916 results\3d\cons34\cons34.f) is added to declaration on line 4911 of results\3d\cons34\cons34.f file
  attribute (4979 results\3d\cons34\cons34.f) is added to declaration on line 4911 of results\3d\cons34\cons34.f file
  attribute (4992 results\3d\cons34\cons34.f) is added to declaration on line 4986 of results\3d\cons34\cons34.f file
  attribute (5077 results\3d\cons34\cons34.f) is added to declaration on line 4986 of results\3d\cons34\cons34.f file
  attribute (5092 results\3d\cons34\cons34.f) is added to declaration on line 5084 of results\3d\cons34\cons34.f file
  attribute (5187 results\3d\cons34\cons34.f) is added to declaration on line 5084 of results\3d\cons34\cons34.f file
  attribute (5200 results\3d\cons34\cons34.f) is added to declaration on line 5195 of results\3d\cons34\cons34.f file
  attribute (5263 results\3d\cons34\cons34.f) is added to declaration on line 5195 of results\3d\cons34\cons34.f file
PROFILE: time for this pass = 0.008000 sec (total 0.060000 sec)
RUN PASS with name CHECK_PAR_REG_DIR
  Analyzing: results\3d\cons34\cons34.f
PROFILE: time for this pass = 0.005000 sec (total 0.066000 sec)
RUN PASS with name FILL_PARALLEL_REG_IR
  Analyzing: results\3d\cons34\cons34.f
PROFILE: time for this pass = 0.010000 sec (total 0.076000 sec)
RUN PASS with name GET_ALL_ARRAY_DECL
  Analyzing: results\3d\cons34\cons34.f
PROFILE: time for this pass = 0.039000 sec (total 0.115000 sec)
RUN PASS with name FILL_COMMON_BLOCKS
  Analyzing: results\3d\cons34\cons34.f
PROFILE: time for this pass = 0.007000 sec (total 0.123000 sec)
RUN PASS with name PARSE_OMP_DIRS
  Analyzing: results\3d\cons34\cons34.f
PROFILE: time for this pass = 0.007000 sec (total 0.131000 sec)
RUN PASS with name PREPROC_SPF
  Analyzing: results\3d\cons34\cons34.f
PROFILE: time for this pass = 0.007000 sec (total 0.138000 sec)
RUN PASS with name CREATE_INTER_TREE
  Analyzing: results\3d\cons34\cons34.f
PROFILE: time for this pass = 0.027000 sec (total 0.166000 sec)
RUN PASS with name GCOV_PARSER
  Analyzing: results\3d\cons34\cons34.f
   Error: unable to open file statistic.txt
PROFILE: time for this pass = 0.019000 sec (total 0.186000 sec)
RUN PASS with name VERIFY_FORMAT
  Analyzing: results\3d\cons34\cons34.f
PROFILE: time for this pass = 0.007000 sec (total 0.193000 sec)
RUN PASS with name VERIFY_DVM_DIRS
  Analyzing: results\3d\cons34\cons34.f
PROFILE: time for this pass = 0.006000 sec (total 0.200000 sec)
RUN PASS with name PRIVATE_CALL_GRAPH_STAGE1
  Analyzing: results\3d\cons34\cons34.f
PROFILE: time for this pass = 0.006000 sec (total 0.207000 sec)
RUN PASS with name PRIVATE_CALL_GRAPH_STAGE2
  Analyzing: results\3d\cons34\cons34.f
PROFILE: time for this pass = 0.006000 sec (total 0.214000 sec)
RUN PASS with name MACRO_EXPANSION
  Analyzing: results\3d\cons34\cons34.f
PROFILE: time for this pass = 0.007000 sec (total 0.221000 sec)
RUN PASS with name CONVERT_ASSIGN_TO_LOOP
  Analyzing: results\3d\cons34\cons34.f
PROFILE: time for this pass = 0.044000 sec (total 0.265000 sec)
RUN PASS with name DEF_USE_STAGE1
  Analyzing: results\3d\cons34\cons34.f
PROFILE: time for this pass = 0.019000 sec (total 0.284000 sec)
RUN PASS with name DEF_USE_STAGE2
  Analyzing: results\3d\cons34\cons34.f
PROFILE: time for this pass = 0.006000 sec (total 0.291000 sec)
RUN PASS with name VERIFY_COMMON
  Analyzing: results\3d\cons34\cons34.f
PROFILE: time for this pass = 0.006000 sec (total 0.297000 sec)
RUN PASS with name CALL_GRAPH_IR
  Analyzing: results\3d\cons34\cons34.f
PROFILE: time for this pass = 0.016000 sec (total 0.314000 sec)
RUN PASS with name BUILD_IR
  Analyzing: results\3d\cons34\cons34.f
  count of functions 67, count of lvls 3
     RD time for 'ansyes' function is 0.000 sec, iters 1
     RD time for 'ansno' function is 0.000 sec, iters 1

     RD time for 'cons3446' function is 0.001 sec, iters 6
     RD time for 'cons3451' function is 0.001 sec, iters 6
     RD time for 'cons3460' function is 0.000 sec, iters 6
     RD time for 'cons3462' function is 0.001 sec, iters 6
     RD time for 'cons3456' function is 0.000 sec, iters 6
     RD time for 'cons3447' function is 0.002 sec, iters 6
     RD time for 'cons3443' function is 0.001 sec, iters 6
     RD time for 'cons3441' function is 0.001 sec, iters 6
     RD time for 'cons3445' function is 0.001 sec, iters 6
     RD time for 'cons3449' function is 0.000 sec, iters 6
     RD time for 'cons3450' function is 0.000 sec, iters 6
     RD time for 'cons3452' function is 0.000 sec, iters 6
     RD time for 'cons3442' function is 0.001 sec, iters 6
     RD time for 'cons3455' function is 0.001 sec, iters 6
     RD time for 'cons3457' function is 0.001 sec, iters 6
     RD time for 'cons3461' function is 0.001 sec, iters 6
     RD time for 'cons3463' function is 0.002 sec, iters 6
     RD time for 'cons3453' function is 0.000 sec, iters 6
     RD time for 'cons3464' function is 0.001 sec, iters 6
     RD time for 'cons3444' function is 0.001 sec, iters 6
     RD time for 'cons3454' function is 0.001 sec, iters 6
     RD time for 'cons3448' function is 0.001 sec, iters 6
     RD time for 'cons3458' function is 0.001 sec, iters 6
     RD time for 'cons3459' function is 0.001 sec, iters 6
     RD time for 'cons3411' function is 0.001 sec, iters 6
     RD time for 'cons3414' function is 0.001 sec, iters 6
     RD time for 'cons3402' function is 0.000 sec, iters 6
     RD time for 'cons3406' function is 0.001 sec, iters 6
     RD time for 'cons3403' function is 0.000 sec, iters 6
     RD time for 'cons3413' function is 0.001 sec, iters 6
     RD time for 'cons3401' function is 0.000 sec, iters 6
     RD time for 'cons3405' function is 0.000 sec, iters 6
     RD time for 'cons3404' function is 0.000 sec, iters 6
     RD time for 'cons3407' function is 0.001 sec, iters 6
     RD time for 'cons3409' function is 0.001 sec, iters 6
     RD time for 'cons3412' function is 0.001 sec, iters 6
     RD time for 'cons3410' function is 0.001 sec, iters 6
     RD time for 'cons3408' function is 0.000 sec, iters 6
     RD time for 'cons3421' function is 0.000 sec, iters 6
     RD time for 'cons3433' function is 0.000 sec, iters 6
     RD time for 'cons3437' function is 0.000 sec, iters 6
     RD time for 'cons3438' function is 0.001 sec, iters 6
     RD time for 'cons3425' function is 0.001 sec, iters 6
     RD time for 'cons3439' function is 0.001 sec, iters 6
     RD time for 'cons3427' function is 0.001 sec, iters 6
     RD time for 'cons3440' function is 0.000 sec, iters 6
     RD time for 'cons3435' function is 0.000 sec, iters 6
     RD time for 'cons3431' function is 0.002 sec, iters 6
     RD time for 'cons3419' function is 0.001 sec, iters 6
     RD time for 'cons3424' function is 0.000 sec, iters 6
     RD time for 'cons3420' function is 0.000 sec, iters 6
     RD time for 'cons3423' function is 0.001 sec, iters 6
     RD time for 'cons3422' function is 0.001 sec, iters 6
     RD time for 'cons3432' function is 0.001 sec, iters 6
     RD time for 'cons3430' function is 0.001 sec, iters 6
     RD time for 'cons3416' function is 0.001 sec, iters 6
     RD time for 'cons3417' function is 0.000 sec, iters 6
     RD time for 'cons3436' function is 0.000 sec, iters 6
     RD time for 'cons3428' function is 0.000 sec, iters 6
     RD time for 'cons3434' function is 0.000 sec, iters 6
     RD time for 'cons3426' function is 0.001 sec, iters 6
     RD time for 'cons3415' function is 0.002 sec, iters 6
     RD time for 'cons3418' function is 0.000 sec, iters 6
     RD time for 'cons3429' function is 0.001 sec, iters 6

     RD time for 'cons34' function is 0.000 sec, iters 1

PROFILE: time for this pass = 0.150000 sec (total 0.464000 sec)
RUN PASS with name SUBST_EXPR_RD
  Analyzing: results\3d\cons34\cons34.f
PROFILE: time for this pass = 0.038000 sec (total 0.502000 sec)
RUN PASS with name LOOP_GRAPH
  Analyzing: results\3d\cons34\cons34.f
PROFILE: time for this pass = 0.033000 sec (total 0.535000 sec)
RUN PASS with name CALL_GRAPH
  Analyzing: results\3d\cons34\cons34.f
PROFILE: time for this pass = 0.036000 sec (total 0.572000 sec)
RUN PASS with name CALL_GRAPH2
  Analyzing: results\3d\cons34\cons34.f
  run for func cons34
  run for func cons3401
  run for func cons3402
  run for func cons3403
  run for func cons3404
  run for func cons3405
  run for func cons3406
  run for func cons3407
  run for func cons3408
  run for func cons3409
  run for func cons3410
  run for func cons3411
  run for func cons3412
  run for func cons3413
  run for func cons3414
  run for func cons3415
  run for func cons3416
  run for func cons3417
  run for func cons3418
  run for func cons3419
  run for func cons3420
  run for func cons3421
  run for func cons3422
  run for func cons3423
  run for func cons3424
  run for func cons3425
  run for func cons3426
  run for func cons3427
  run for func cons3428
  run for func cons3429
  run for func cons3430
  run for func cons3431
  run for func cons3432
  run for func cons3433
  run for func cons3434
  run for func cons3435
  run for func cons3436
  run for func cons3437
  run for func cons3438
  run for func cons3439
  run for func cons3440
  run for func cons3441
  run for func cons3442
  run for func cons3443
  run for func cons3444
  run for func cons3445
  run for func cons3446
  run for func cons3447
  run for func cons3448
  run for func cons3449
  run for func cons3450
  run for func cons3451
  run for func cons3452
  run for func cons3453
  run for func cons3454
  run for func cons3455
  run for func cons3456
  run for func cons3457
  run for func cons3458
  run for func cons3459
  run for func cons3460
  run for func cons3461
  run for func cons3462
  run for func cons3463
  run for func cons3464
  run for func ansyes
  run for func ansno
  added conflict messages to loop on line 322
  added conflict messages to loop on line 384
  added conflict messages to loop on line 390
  added conflict messages to loop on line 464
  added conflict messages to loop on line 470
  added conflict messages to loop on line 528
  added conflict messages to loop on line 590
  added conflict messages to loop on line 660
  added conflict messages to loop on line 668
  added conflict messages to loop on line 750
  added conflict messages to loop on line 758
  added conflict messages to loop on line 822
  added conflict messages to loop on line 890
  added conflict messages to loop on line 968
  added conflict messages to loop on line 978
  added conflict messages to loop on line 1068
  added conflict messages to loop on line 1078
  added conflict messages to loop on line 1148
  added conflict messages to loop on line 1222
  added conflict messages to loop on line 1308
  added conflict messages to loop on line 1320
  added conflict messages to loop on line 1418
  added conflict messages to loop on line 1430
  added conflict messages to loop on line 1506
  added conflict messages to loop on line 1566
  added conflict messages to loop on line 1628
  added conflict messages to loop on line 1634
  added conflict messages to loop on line 1708
  added conflict messages to loop on line 1714
  added conflict messages to loop on line 1772
  added conflict messages to loop on line 1834
  added conflict messages to loop on line 1904
  added conflict messages to loop on line 1912
  added conflict messages to loop on line 1994
  added conflict messages to loop on line 2002
  added conflict messages to loop on line 2066
  added conflict messages to loop on line 2134
  added conflict messages to loop on line 2212
  added conflict messages to loop on line 2222
  added conflict messages to loop on line 2312
  added conflict messages to loop on line 2322
  added conflict messages to loop on line 2392
  added conflict messages to loop on line 2466
  added conflict messages to loop on line 2552
  added conflict messages to loop on line 2564
  added conflict messages to loop on line 2662
  added conflict messages to loop on line 2674
  added conflict messages to loop on line 2750
  added conflict messages to loop on line 2810
  added conflict messages to loop on line 2872
  added conflict messages to loop on line 2878
  added conflict messages to loop on line 2952
  added conflict messages to loop on line 2958
  added conflict messages to loop on line 3016
  added conflict messages to loop on line 3078
  added conflict messages to loop on line 3148
  added conflict messages to loop on line 3156
  added conflict messages to loop on line 3238
  added conflict messages to loop on line 3246
  added conflict messages to loop on line 3310
  added conflict messages to loop on line 3378
  added conflict messages to loop on line 3456
  added conflict messages to loop on line 3466
  added conflict messages to loop on line 3556
  added conflict messages to loop on line 3566
  added conflict messages to loop on line 3636
  added conflict messages to loop on line 3710
  added conflict messages to loop on line 3796
  added conflict messages to loop on line 3808
  added conflict messages to loop on line 3906
  added conflict messages to loop on line 3918
  added conflict messages to loop on line 3994
  added conflict messages to loop on line 4054
  added conflict messages to loop on line 4116
  added conflict messages to loop on line 4122
  added conflict messages to loop on line 4196
  added conflict messages to loop on line 4202
  added conflict messages to loop on line 4260
  added conflict messages to loop on line 4322
  added conflict messages to loop on line 4392
  added conflict messages to loop on line 4400
  added conflict messages to loop on line 4482
  added conflict messages to loop on line 4490
  added conflict messages to loop on line 4554
  added conflict messages to loop on line 4622
  added conflict messages to loop on line 4700
  added conflict messages to loop on line 4710
  added conflict messages to loop on line 4800
  added conflict messages to loop on line 4810
  added conflict messages to loop on line 4880
  added conflict messages to loop on line 4954
  added conflict messages to loop on line 5040
  added conflict messages to loop on line 5052
  added conflict messages to loop on line 5150
  added conflict messages to loop on line 5162
  added conflict messages to loop on line 5238
PROFILE: time for this pass = 0.025000 sec (total 0.597000 sec)
RUN PASS with name GET_STATS_FOR_PREDICTOR
  Analyzing: results\3d\cons34\cons34.f
    PAR LOOP [306 results\3d\cons34\cons34.f] total exec 15275, total exec lines 8, avg 1.9093750000000000e+03
    PAR LOOP [316 results\3d\cons34\cons34.f] total exec 18, total exec lines 2, avg 9.0000000000000000e+00
    PAR LOOP [330 results\3d\cons34\cons34.f] total exec 15275, total exec lines 8, avg 1.9093750000000000e+03
    PAR LOOP [364 results\3d\cons34\cons34.f] total exec 15275, total exec lines 8, avg 1.9093750000000000e+03
    PAR LOOP [374 results\3d\cons34\cons34.f] total exec 18, total exec lines 2, avg 9.0000000000000000e+00
    PAR LOOP [378 results\3d\cons34\cons34.f] total exec 18, total exec lines 2, avg 9.0000000000000000e+00
    PAR LOOP [398 results\3d\cons34\cons34.f] total exec 15275, total exec lines 8, avg 1.9093750000000000e+03
    PAR LOOP [434 results\3d\cons34\cons34.f] total exec 15275, total exec lines 8, avg 1.9093750000000000e+03
    PAR LOOP [444 results\3d\cons34\cons34.f] total exec 15275, total exec lines 8, avg 1.9093750000000000e+03
    PAR LOOP [454 results\3d\cons34\cons34.f] total exec 18, total exec lines 2, avg 9.0000000000000000e+00
    PAR LOOP [458 results\3d\cons34\cons34.f] total exec 18, total exec lines 2, avg 9.0000000000000000e+00
    PAR LOOP [478 results\3d\cons34\cons34.f] total exec 15275, total exec lines 8, avg 1.9093750000000000e+03
    PAR LOOP [512 results\3d\cons34\cons34.f] total exec 218707, total exec lines 8, avg 2.7338375000000000e+04
    PAR LOOP [522 results\3d\cons34\cons34.f] total exec 34, total exec lines 2, avg 1.7000000000000000e+01
    PAR LOOP [536 results\3d\cons34\cons34.f] total exec 218707, total exec lines 8, avg 2.7338375000000000e+04
    PAR LOOP [571 results\3d\cons34\cons34.f] total exec 15275, total exec lines 8, avg 1.9093750000000000e+03
    PAR LOOP [581 results\3d\cons34\cons34.f] total exec 227, total exec lines 4, avg 5.6750000000000000e+01
    PAR LOOP [599 results\3d\cons34\cons34.f] total exec 15275, total exec lines 8, avg 1.9093750000000000e+03
    PAR LOOP [635 results\3d\cons34\cons34.f] total exec 15275, total exec lines 8, avg 1.9093750000000000e+03
    PAR LOOP [645 results\3d\cons34\cons34.f] total exec 227, total exec lines 4, avg 5.6750000000000000e+01
    PAR LOOP [651 results\3d\cons34\cons34.f] total exec 227, total exec lines 4, avg 5.6750000000000000e+01
    PAR LOOP [677 results\3d\cons34\cons34.f] total exec 15275, total exec lines 8, avg 1.9093750000000000e+03
    PAR LOOP [715 results\3d\cons34\cons34.f] total exec 15275, total exec lines 8, avg 1.9093750000000000e+03
    PAR LOOP [725 results\3d\cons34\cons34.f] total exec 15275, total exec lines 8, avg 1.9093750000000000e+03
    PAR LOOP [735 results\3d\cons34\cons34.f] total exec 227, total exec lines 4, avg 5.6750000000000000e+01
    PAR LOOP [741 results\3d\cons34\cons34.f] total exec 227, total exec lines 4, avg 5.6750000000000000e+01
    PAR LOOP [767 results\3d\cons34\cons34.f] total exec 15275, total exec lines 8, avg 1.9093750000000000e+03
    PAR LOOP [803 results\3d\cons34\cons34.f] total exec 218707, total exec lines 8, avg 2.7338375000000000e+04
    PAR LOOP [813 results\3d\cons34\cons34.f] total exec 835, total exec lines 4, avg 2.0875000000000000e+02
    PAR LOOP [831 results\3d\cons34\cons34.f] total exec 218707, total exec lines 8, avg 2.7338375000000000e+04
    PAR LOOP [868 results\3d\cons34\cons34.f] total exec 15275, total exec lines 8, avg 1.9093750000000000e+03
    PAR LOOP [878 results\3d\cons34\cons34.f] total exec 1899, total exec lines 6, avg 3.1650000000000000e+02
    PAR LOOP [900 results\3d\cons34\cons34.f] total exec 15275, total exec lines 8, avg 1.9093750000000000e+03
    PAR LOOP [938 results\3d\cons34\cons34.f] total exec 15275, total exec lines 8, avg 1.9093750000000000e+03
    PAR LOOP [948 results\3d\cons34\cons34.f] total exec 1899, total exec lines 6, avg 3.1650000000000000e+02
    PAR LOOP [956 results\3d\cons34\cons34.f] total exec 1899, total exec lines 6, avg 3.1650000000000000e+02
    PAR LOOP [988 results\3d\cons34\cons34.f] total exec 15275, total exec lines 8, avg 1.9093750000000000e+03
    PAR LOOP [1028 results\3d\cons34\cons34.f] total exec 15275, total exec lines 8, avg 1.9093750000000000e+03
    PAR LOOP [1038 results\3d\cons34\cons34.f] total exec 15275, total exec lines 8, avg 1.9093750000000000e+03
    PAR LOOP [1048 results\3d\cons34\cons34.f] total exec 1899, total exec lines 6, avg 3.1650000000000000e+02
    PAR LOOP [1056 results\3d\cons34\cons34.f] total exec 1899, total exec lines 6, avg 3.1650000000000000e+02
    PAR LOOP [1088 results\3d\cons34\cons34.f] total exec 15275, total exec lines 8, avg 1.9093750000000000e+03
    PAR LOOP [1126 results\3d\cons34\cons34.f] total exec 218707, total exec lines 8, avg 2.7338375000000000e+04
    PAR LOOP [1136 results\3d\cons34\cons34.f] total exec 13651, total exec lines 6, avg 2.2751666666666665e+03
    PAR LOOP [1158 results\3d\cons34\cons34.f] total exec 218707, total exec lines 8, avg 2.7338375000000000e+04
    PAR LOOP [1197 results\3d\cons34\cons34.f] total exec 15275, total exec lines 8, avg 1.9093750000000000e+03
    PAR LOOP [1207 results\3d\cons34\cons34.f] total exec 15275, total exec lines 8, avg 1.9093750000000000e+03
    PAR LOOP [1233 results\3d\cons34\cons34.f] total exec 15275, total exec lines 8, avg 1.9093750000000000e+03
    PAR LOOP [1273 results\3d\cons34\cons34.f] total exec 15275, total exec lines 8, avg 1.9093750000000000e+03
    PAR LOOP [1283 results\3d\cons34\cons34.f] total exec 15275, total exec lines 8, avg 1.9093750000000000e+03
    PAR LOOP [1293 results\3d\cons34\cons34.f] total exec 15275, total exec lines 8, avg 1.9093750000000000e+03
    PAR LOOP [1331 results\3d\cons34\cons34.f] total exec 15275, total exec lines 8, avg 1.9093750000000000e+03
    PAR LOOP [1373 results\3d\cons34\cons34.f] total exec 15275, total exec lines 8, avg 1.9093750000000000e+03
    PAR LOOP [1383 results\3d\cons34\cons34.f] total exec 15275, total exec lines 8, avg 1.9093750000000000e+03
    PAR LOOP [1393 results\3d\cons34\cons34.f] total exec 15275, total exec lines 8, avg 1.9093750000000000e+03
    PAR LOOP [1403 results\3d\cons34\cons34.f] total exec 15275, total exec lines 8, avg 1.9093750000000000e+03
    PAR LOOP [1441 results\3d\cons34\cons34.f] total exec 15275, total exec lines 8, avg 1.9093750000000000e+03
    PAR LOOP [1481 results\3d\cons34\cons34.f] total exec 218707, total exec lines 8, avg 2.7338375000000000e+04
    PAR LOOP [1491 results\3d\cons34\cons34.f] total exec 218707, total exec lines 8, avg 2.7338375000000000e+04
    PAR LOOP [1517 results\3d\cons34\cons34.f] total exec 218707, total exec lines 8, avg 2.7338375000000000e+04
    PAR LOOP [1550 results\3d\cons34\cons34.f] total exec 15275, total exec lines 8, avg 1.9093750000000000e+03
    PAR LOOP [1560 results\3d\cons34\cons34.f] total exec 18, total exec lines 2, avg 9.0000000000000000e+00
    PAR LOOP [1574 results\3d\cons34\cons34.f] total exec 15275, total exec lines 8, avg 1.9093750000000000e+03
    PAR LOOP [1608 results\3d\cons34\cons34.f] total exec 15275, total exec lines 8, avg 1.9093750000000000e+03
    PAR LOOP [1618 results\3d\cons34\cons34.f] total exec 18, total exec lines 2, avg 9.0000000000000000e+00
    PAR LOOP [1622 results\3d\cons34\cons34.f] total exec 18, total exec lines 2, avg 9.0000000000000000e+00
    PAR LOOP [1642 results\3d\cons34\cons34.f] total exec 15275, total exec lines 8, avg 1.9093750000000000e+03
    PAR LOOP [1678 results\3d\cons34\cons34.f] total exec 15275, total exec lines 8, avg 1.9093750000000000e+03
    PAR LOOP [1688 results\3d\cons34\cons34.f] total exec 15275, total exec lines 8, avg 1.9093750000000000e+03
    PAR LOOP [1698 results\3d\cons34\cons34.f] total exec 18, total exec lines 2, avg 9.0000000000000000e+00
    PAR LOOP [1702 results\3d\cons34\cons34.f] total exec 18, total exec lines 2, avg 9.0000000000000000e+00
    PAR LOOP [1722 results\3d\cons34\cons34.f] total exec 15275, total exec lines 8, avg 1.9093750000000000e+03
    PAR LOOP [1756 results\3d\cons34\cons34.f] total exec 218707, total exec lines 8, avg 2.7338375000000000e+04
    PAR LOOP [1766 results\3d\cons34\cons34.f] total exec 34, total exec lines 2, avg 1.7000000000000000e+01
    PAR LOOP [1780 results\3d\cons34\cons34.f] total exec 218707, total exec lines 8, avg 2.7338375000000000e+04
    PAR LOOP [1815 results\3d\cons34\cons34.f] total exec 15275, total exec lines 8, avg 1.9093750000000000e+03
    PAR LOOP [1825 results\3d\cons34\cons34.f] total exec 227, total exec lines 4, avg 5.6750000000000000e+01
    PAR LOOP [1843 results\3d\cons34\cons34.f] total exec 15275, total exec lines 8, avg 1.9093750000000000e+03
    PAR LOOP [1879 results\3d\cons34\cons34.f] total exec 15275, total exec lines 8, avg 1.9093750000000000e+03
    PAR LOOP [1889 results\3d\cons34\cons34.f] total exec 227, total exec lines 4, avg 5.6750000000000000e+01
    PAR LOOP [1895 results\3d\cons34\cons34.f] total exec 227, total exec lines 4, avg 5.6750000000000000e+01
    PAR LOOP [1921 results\3d\cons34\cons34.f] total exec 15275, total exec lines 8, avg 1.9093750000000000e+03
    PAR LOOP [1959 results\3d\cons34\cons34.f] total exec 15275, total exec lines 8, avg 1.9093750000000000e+03
    PAR LOOP [1969 results\3d\cons34\cons34.f] total exec 15275, total exec lines 8, avg 1.9093750000000000e+03
    PAR LOOP [1979 results\3d\cons34\cons34.f] total exec 227, total exec lines 4, avg 5.6750000000000000e+01
    PAR LOOP [1985 results\3d\cons34\cons34.f] total exec 227, total exec lines 4, avg 5.6750000000000000e+01
    PAR LOOP [2011 results\3d\cons34\cons34.f] total exec 15275, total exec lines 8, avg 1.9093750000000000e+03
    PAR LOOP [2047 results\3d\cons34\cons34.f] total exec 218707, total exec lines 8, avg 2.7338375000000000e+04
    PAR LOOP [2057 results\3d\cons34\cons34.f] total exec 835, total exec lines 4, avg 2.0875000000000000e+02
    PAR LOOP [2075 results\3d\cons34\cons34.f] total exec 218707, total exec lines 8, avg 2.7338375000000000e+04
    PAR LOOP [2112 results\3d\cons34\cons34.f] total exec 15275, total exec lines 8, avg 1.9093750000000000e+03
    PAR LOOP [2122 results\3d\cons34\cons34.f] total exec 1899, total exec lines 6, avg 3.1650000000000000e+02
    PAR LOOP [2144 results\3d\cons34\cons34.f] total exec 15275, total exec lines 8, avg 1.9093750000000000e+03
    PAR LOOP [2182 results\3d\cons34\cons34.f] total exec 15275, total exec lines 8, avg 1.9093750000000000e+03
    PAR LOOP [2192 results\3d\cons34\cons34.f] total exec 1899, total exec lines 6, avg 3.1650000000000000e+02
    PAR LOOP [2200 results\3d\cons34\cons34.f] total exec 1899, total exec lines 6, avg 3.1650000000000000e+02
    PAR LOOP [2232 results\3d\cons34\cons34.f] total exec 15275, total exec lines 8, avg 1.9093750000000000e+03
    PAR LOOP [2272 results\3d\cons34\cons34.f] total exec 15275, total exec lines 8, avg 1.9093750000000000e+03
    PAR LOOP [2282 results\3d\cons34\cons34.f] total exec 15275, total exec lines 8, avg 1.9093750000000000e+03
    PAR LOOP [2292 results\3d\cons34\cons34.f] total exec 1899, total exec lines 6, avg 3.1650000000000000e+02
    PAR LOOP [2300 results\3d\cons34\cons34.f] total exec 1899, total exec lines 6, avg 3.1650000000000000e+02
    PAR LOOP [2332 results\3d\cons34\cons34.f] total exec 15275, total exec lines 8, avg 1.9093750000000000e+03
    PAR LOOP [2370 results\3d\cons34\cons34.f] total exec 218707, total exec lines 8, avg 2.7338375000000000e+04
    PAR LOOP [2380 results\3d\cons34\cons34.f] total exec 13651, total exec lines 6, avg 2.2751666666666665e+03
    PAR LOOP [2402 results\3d\cons34\cons34.f] total exec 218707, total exec lines 8, avg 2.7338375000000000e+04
    PAR LOOP [2441 results\3d\cons34\cons34.f] total exec 15275, total exec lines 8, avg 1.9093750000000000e+03
    PAR LOOP [2451 results\3d\cons34\cons34.f] total exec 15275, total exec lines 8, avg 1.9093750000000000e+03
    PAR LOOP [2477 results\3d\cons34\cons34.f] total exec 15275, total exec lines 8, avg 1.9093750000000000e+03
    PAR LOOP [2517 results\3d\cons34\cons34.f] total exec 15275, total exec lines 8, avg 1.9093750000000000e+03
    PAR LOOP [2527 results\3d\cons34\cons34.f] total exec 15275, total exec lines 8, avg 1.9093750000000000e+03
    PAR LOOP [2537 results\3d\cons34\cons34.f] total exec 15275, total exec lines 8, avg 1.9093750000000000e+03
    PAR LOOP [2575 results\3d\cons34\cons34.f] total exec 15275, total exec lines 8, avg 1.9093750000000000e+03
    PAR LOOP [2617 results\3d\cons34\cons34.f] total exec 15275, total exec lines 8, avg 1.9093750000000000e+03
    PAR LOOP [2627 results\3d\cons34\cons34.f] total exec 15275, total exec lines 8, avg 1.9093750000000000e+03
    PAR LOOP [2637 results\3d\cons34\cons34.f] total exec 15275, total exec lines 8, avg 1.9093750000000000e+03
    PAR LOOP [2647 results\3d\cons34\cons34.f] total exec 15275, total exec lines 8, avg 1.9093750000000000e+03
    PAR LOOP [2685 results\3d\cons34\cons34.f] total exec 15275, total exec lines 8, avg 1.9093750000000000e+03
    PAR LOOP [2725 results\3d\cons34\cons34.f] total exec 218707, total exec lines 8, avg 2.7338375000000000e+04
    PAR LOOP [2735 results\3d\cons34\cons34.f] total exec 218707, total exec lines 8, avg 2.7338375000000000e+04
    PAR LOOP [2761 results\3d\cons34\cons34.f] total exec 218707, total exec lines 8, avg 2.7338375000000000e+04
    PAR LOOP [2794 results\3d\cons34\cons34.f] total exec 15275, total exec lines 8, avg 1.9093750000000000e+03
    PAR LOOP [2804 results\3d\cons34\cons34.f] total exec 18, total exec lines 2, avg 9.0000000000000000e+00
    PAR LOOP [2818 results\3d\cons34\cons34.f] total exec 15275, total exec lines 8, avg 1.9093750000000000e+03
    PAR LOOP [2852 results\3d\cons34\cons34.f] total exec 15275, total exec lines 8, avg 1.9093750000000000e+03
    PAR LOOP [2862 results\3d\cons34\cons34.f] total exec 18, total exec lines 2, avg 9.0000000000000000e+00
    PAR LOOP [2866 results\3d\cons34\cons34.f] total exec 18, total exec lines 2, avg 9.0000000000000000e+00
    PAR LOOP [2886 results\3d\cons34\cons34.f] total exec 15275, total exec lines 8, avg 1.9093750000000000e+03
    PAR LOOP [2922 results\3d\cons34\cons34.f] total exec 15275, total exec lines 8, avg 1.9093750000000000e+03
    PAR LOOP [2932 results\3d\cons34\cons34.f] total exec 15275, total exec lines 8, avg 1.9093750000000000e+03
    PAR LOOP [2942 results\3d\cons34\cons34.f] total exec 18, total exec lines 2, avg 9.0000000000000000e+00
    PAR LOOP [2946 results\3d\cons34\cons34.f] total exec 18, total exec lines 2, avg 9.0000000000000000e+00
    PAR LOOP [2966 results\3d\cons34\cons34.f] total exec 15275, total exec lines 8, avg 1.9093750000000000e+03
    PAR LOOP [3000 results\3d\cons34\cons34.f] total exec 218707, total exec lines 8, avg 2.7338375000000000e+04
    PAR LOOP [3010 results\3d\cons34\cons34.f] total exec 34, total exec lines 2, avg 1.7000000000000000e+01
    PAR LOOP [3024 results\3d\cons34\cons34.f] total exec 218707, total exec lines 8, avg 2.7338375000000000e+04
    PAR LOOP [3059 results\3d\cons34\cons34.f] total exec 15275, total exec lines 8, avg 1.9093750000000000e+03
    PAR LOOP [3069 results\3d\cons34\cons34.f] total exec 227, total exec lines 4, avg 5.6750000000000000e+01
    PAR LOOP [3087 results\3d\cons34\cons34.f] total exec 15275, total exec lines 8, avg 1.9093750000000000e+03
    PAR LOOP [3123 results\3d\cons34\cons34.f] total exec 15275, total exec lines 8, avg 1.9093750000000000e+03
    PAR LOOP [3133 results\3d\cons34\cons34.f] total exec 227, total exec lines 4, avg 5.6750000000000000e+01
    PAR LOOP [3139 results\3d\cons34\cons34.f] total exec 227, total exec lines 4, avg 5.6750000000000000e+01
    PAR LOOP [3165 results\3d\cons34\cons34.f] total exec 15275, total exec lines 8, avg 1.9093750000000000e+03
    PAR LOOP [3203 results\3d\cons34\cons34.f] total exec 15275, total exec lines 8, avg 1.9093750000000000e+03
    PAR LOOP [3213 results\3d\cons34\cons34.f] total exec 15275, total exec lines 8, avg 1.9093750000000000e+03
    PAR LOOP [3223 results\3d\cons34\cons34.f] total exec 227, total exec lines 4, avg 5.6750000000000000e+01
    PAR LOOP [3229 results\3d\cons34\cons34.f] total exec 227, total exec lines 4, avg 5.6750000000000000e+01
    PAR LOOP [3255 results\3d\cons34\cons34.f] total exec 15275, total exec lines 8, avg 1.9093750000000000e+03
    PAR LOOP [3291 results\3d\cons34\cons34.f] total exec 218707, total exec lines 8, avg 2.7338375000000000e+04
    PAR LOOP [3301 results\3d\cons34\cons34.f] total exec 835, total exec lines 4, avg 2.0875000000000000e+02
    PAR LOOP [3319 results\3d\cons34\cons34.f] total exec 218707, total exec lines 8, avg 2.7338375000000000e+04
    PAR LOOP [3356 results\3d\cons34\cons34.f] total exec 15275, total exec lines 8, avg 1.9093750000000000e+03
    PAR LOOP [3366 results\3d\cons34\cons34.f] total exec 1899, total exec lines 6, avg 3.1650000000000000e+02
    PAR LOOP [3388 results\3d\cons34\cons34.f] total exec 15275, total exec lines 8, avg 1.9093750000000000e+03
    PAR LOOP [3426 results\3d\cons34\cons34.f] total exec 15275, total exec lines 8, avg 1.9093750000000000e+03
    PAR LOOP [3436 results\3d\cons34\cons34.f] total exec 1899, total exec lines 6, avg 3.1650000000000000e+02
    PAR LOOP [3444 results\3d\cons34\cons34.f] total exec 1899, total exec lines 6, avg 3.1650000000000000e+02
    PAR LOOP [3476 results\3d\cons34\cons34.f] total exec 15275, total exec lines 8, avg 1.9093750000000000e+03
    PAR LOOP [3516 results\3d\cons34\cons34.f] total exec 15275, total exec lines 8, avg 1.9093750000000000e+03
    PAR LOOP [3526 results\3d\cons34\cons34.f] total exec 15275, total exec lines 8, avg 1.9093750000000000e+03
    PAR LOOP [3536 results\3d\cons34\cons34.f] total exec 1899, total exec lines 6, avg 3.1650000000000000e+02
    PAR LOOP [3544 results\3d\cons34\cons34.f] total exec 1899, total exec lines 6, avg 3.1650000000000000e+02
    PAR LOOP [3576 results\3d\cons34\cons34.f] total exec 15275, total exec lines 8, avg 1.9093750000000000e+03
    PAR LOOP [3614 results\3d\cons34\cons34.f] total exec 218707, total exec lines 8, avg 2.7338375000000000e+04
    PAR LOOP [3624 results\3d\cons34\cons34.f] total exec 13651, total exec lines 6, avg 2.2751666666666665e+03
    PAR LOOP [3646 results\3d\cons34\cons34.f] total exec 218707, total exec lines 8, avg 2.7338375000000000e+04
    PAR LOOP [3685 results\3d\cons34\cons34.f] total exec 15275, total exec lines 8, avg 1.9093750000000000e+03
    PAR LOOP [3695 results\3d\cons34\cons34.f] total exec 15275, total exec lines 8, avg 1.9093750000000000e+03
    PAR LOOP [3721 results\3d\cons34\cons34.f] total exec 15275, total exec lines 8, avg 1.9093750000000000e+03
    PAR LOOP [3761 results\3d\cons34\cons34.f] total exec 15275, total exec lines 8, avg 1.9093750000000000e+03
    PAR LOOP [3771 results\3d\cons34\cons34.f] total exec 15275, total exec lines 8, avg 1.9093750000000000e+03
    PAR LOOP [3781 results\3d\cons34\cons34.f] total exec 15275, total exec lines 8, avg 1.9093750000000000e+03
    PAR LOOP [3819 results\3d\cons34\cons34.f] total exec 15275, total exec lines 8, avg 1.9093750000000000e+03
    PAR LOOP [3861 results\3d\cons34\cons34.f] total exec 15275, total exec lines 8, avg 1.9093750000000000e+03
    PAR LOOP [3871 results\3d\cons34\cons34.f] total exec 15275, total exec lines 8, avg 1.9093750000000000e+03
    PAR LOOP [3881 results\3d\cons34\cons34.f] total exec 15275, total exec lines 8, avg 1.9093750000000000e+03
    PAR LOOP [3891 results\3d\cons34\cons34.f] total exec 15275, total exec lines 8, avg 1.9093750000000000e+03
    PAR LOOP [3929 results\3d\cons34\cons34.f] total exec 15275, total exec lines 8, avg 1.9093750000000000e+03
    PAR LOOP [3969 results\3d\cons34\cons34.f] total exec 218707, total exec lines 8, avg 2.7338375000000000e+04
    PAR LOOP [3979 results\3d\cons34\cons34.f] total exec 218707, total exec lines 8, avg 2.7338375000000000e+04
    PAR LOOP [4005 results\3d\cons34\cons34.f] total exec 218707, total exec lines 8, avg 2.7338375000000000e+04
    PAR LOOP [4038 results\3d\cons34\cons34.f] total exec 15275, total exec lines 8, avg 1.9093750000000000e+03
    PAR LOOP [4048 results\3d\cons34\cons34.f] total exec 18, total exec lines 2, avg 9.0000000000000000e+00
    PAR LOOP [4062 results\3d\cons34\cons34.f] total exec 15275, total exec lines 8, avg 1.9093750000000000e+03
    PAR LOOP [4096 results\3d\cons34\cons34.f] total exec 15275, total exec lines 8, avg 1.9093750000000000e+03
    PAR LOOP [4106 results\3d\cons34\cons34.f] total exec 18, total exec lines 2, avg 9.0000000000000000e+00
    PAR LOOP [4110 results\3d\cons34\cons34.f] total exec 18, total exec lines 2, avg 9.0000000000000000e+00
    PAR LOOP [4130 results\3d\cons34\cons34.f] total exec 15275, total exec lines 8, avg 1.9093750000000000e+03
    PAR LOOP [4166 results\3d\cons34\cons34.f] total exec 15275, total exec lines 8, avg 1.9093750000000000e+03
    PAR LOOP [4176 results\3d\cons34\cons34.f] total exec 15275, total exec lines 8, avg 1.9093750000000000e+03
    PAR LOOP [4186 results\3d\cons34\cons34.f] total exec 18, total exec lines 2, avg 9.0000000000000000e+00
    PAR LOOP [4190 results\3d\cons34\cons34.f] total exec 18, total exec lines 2, avg 9.0000000000000000e+00
    PAR LOOP [4210 results\3d\cons34\cons34.f] total exec 15275, total exec lines 8, avg 1.9093750000000000e+03
    PAR LOOP [4244 results\3d\cons34\cons34.f] total exec 218707, total exec lines 8, avg 2.7338375000000000e+04
    PAR LOOP [4254 results\3d\cons34\cons34.f] total exec 34, total exec lines 2, avg 1.7000000000000000e+01
    PAR LOOP [4268 results\3d\cons34\cons34.f] total exec 218707, total exec lines 8, avg 2.7338375000000000e+04
    PAR LOOP [4303 results\3d\cons34\cons34.f] total exec 15275, total exec lines 8, avg 1.9093750000000000e+03
    PAR LOOP [4313 results\3d\cons34\cons34.f] total exec 227, total exec lines 4, avg 5.6750000000000000e+01
    PAR LOOP [4331 results\3d\cons34\cons34.f] total exec 15275, total exec lines 8, avg 1.9093750000000000e+03
    PAR LOOP [4367 results\3d\cons34\cons34.f] total exec 15275, total exec lines 8, avg 1.9093750000000000e+03
    PAR LOOP [4377 results\3d\cons34\cons34.f] total exec 227, total exec lines 4, avg 5.6750000000000000e+01
    PAR LOOP [4383 results\3d\cons34\cons34.f] total exec 227, total exec lines 4, avg 5.6750000000000000e+01
    PAR LOOP [4409 results\3d\cons34\cons34.f] total exec 15275, total exec lines 8, avg 1.9093750000000000e+03
    PAR LOOP [4447 results\3d\cons34\cons34.f] total exec 15275, total exec lines 8, avg 1.9093750000000000e+03
    PAR LOOP [4457 results\3d\cons34\cons34.f] total exec 15275, total exec lines 8, avg 1.9093750000000000e+03
    PAR LOOP [4467 results\3d\cons34\cons34.f] total exec 227, total exec lines 4, avg 5.6750000000000000e+01
    PAR LOOP [4473 results\3d\cons34\cons34.f] total exec 227, total exec lines 4, avg 5.6750000000000000e+01
    PAR LOOP [4499 results\3d\cons34\cons34.f] total exec 15275, total exec lines 8, avg 1.9093750000000000e+03
    PAR LOOP [4535 results\3d\cons34\cons34.f] total exec 218707, total exec lines 8, avg 2.7338375000000000e+04
    PAR LOOP [4545 results\3d\cons34\cons34.f] total exec 835, total exec lines 4, avg 2.0875000000000000e+02
    PAR LOOP [4563 results\3d\cons34\cons34.f] total exec 218707, total exec lines 8, avg 2.7338375000000000e+04
    PAR LOOP [4600 results\3d\cons34\cons34.f] total exec 15275, total exec lines 8, avg 1.9093750000000000e+03
    PAR LOOP [4610 results\3d\cons34\cons34.f] total exec 1899, total exec lines 6, avg 3.1650000000000000e+02
    PAR LOOP [4632 results\3d\cons34\cons34.f] total exec 15275, total exec lines 8, avg 1.9093750000000000e+03
    PAR LOOP [4670 results\3d\cons34\cons34.f] total exec 15275, total exec lines 8, avg 1.9093750000000000e+03
    PAR LOOP [4680 results\3d\cons34\cons34.f] total exec 1899, total exec lines 6, avg 3.1650000000000000e+02
    PAR LOOP [4688 results\3d\cons34\cons34.f] total exec 1899, total exec lines 6, avg 3.1650000000000000e+02
    PAR LOOP [4720 results\3d\cons34\cons34.f] total exec 15275, total exec lines 8, avg 1.9093750000000000e+03
    PAR LOOP [4760 results\3d\cons34\cons34.f] total exec 15275, total exec lines 8, avg 1.9093750000000000e+03
    PAR LOOP [4770 results\3d\cons34\cons34.f] total exec 15275, total exec lines 8, avg 1.9093750000000000e+03
    PAR LOOP [4780 results\3d\cons34\cons34.f] total exec 1899, total exec lines 6, avg 3.1650000000000000e+02
    PAR LOOP [4788 results\3d\cons34\cons34.f] total exec 1899, total exec lines 6, avg 3.1650000000000000e+02
    PAR LOOP [4820 results\3d\cons34\cons34.f] total exec 15275, total exec lines 8, avg 1.9093750000000000e+03
    PAR LOOP [4858 results\3d\cons34\cons34.f] total exec 218707, total exec lines 8, avg 2.7338375000000000e+04
    PAR LOOP [4868 results\3d\cons34\cons34.f] total exec 13651, total exec lines 6, avg 2.2751666666666665e+03
    PAR LOOP [4890 results\3d\cons34\cons34.f] total exec 218707, total exec lines 8, avg 2.7338375000000000e+04
    PAR LOOP [4929 results\3d\cons34\cons34.f] total exec 15275, total exec lines 8, avg 1.9093750000000000e+03
    PAR LOOP [4939 results\3d\cons34\cons34.f] total exec 15275, total exec lines 8, avg 1.9093750000000000e+03
    PAR LOOP [4965 results\3d\cons34\cons34.f] total exec 15275, total exec lines 8, avg 1.9093750000000000e+03
    PAR LOOP [5005 results\3d\cons34\cons34.f] total exec 15275, total exec lines 8, avg 1.9093750000000000e+03
    PAR LOOP [5015 results\3d\cons34\cons34.f] total exec 15275, total exec lines 8, avg 1.9093750000000000e+03
    PAR LOOP [5025 results\3d\cons34\cons34.f] total exec 15275, total exec lines 8, avg 1.9093750000000000e+03
    PAR LOOP [5063 results\3d\cons34\cons34.f] total exec 15275, total exec lines 8, avg 1.9093750000000000e+03
    PAR LOOP [5105 results\3d\cons34\cons34.f] total exec 15275, total exec lines 8, avg 1.9093750000000000e+03
    PAR LOOP [5115 results\3d\cons34\cons34.f] total exec 15275, total exec lines 8, avg 1.9093750000000000e+03
    PAR LOOP [5125 results\3d\cons34\cons34.f] total exec 15275, total exec lines 8, avg 1.9093750000000000e+03
    PAR LOOP [5135 results\3d\cons34\cons34.f] total exec 15275, total exec lines 8, avg 1.9093750000000000e+03
    PAR LOOP [5173 results\3d\cons34\cons34.f] total exec 15275, total exec lines 8, avg 1.9093750000000000e+03
    PAR LOOP [5213 results\3d\cons34\cons34.f] total exec 218707, total exec lines 8, avg 2.7338375000000000e+04
    PAR LOOP [5223 results\3d\cons34\cons34.f] total exec 218707, total exec lines 8, avg 2.7338375000000000e+04
    PAR LOOP [5249 results\3d\cons34\cons34.f] total exec 218707, total exec lines 8, avg 2.7338375000000000e+04
    average_parallel_exec 6.1217598039215691e+03
    parallel_rate 7.7924288572308820e-01
PROFILE: time for this pass = 1.784000 sec (total 2.381000 sec)

--------------------------------------------------
INFO.JSON file copied from ./info.json to ./results\3d\cons34\info.json

==================================================
Processing of cons34.f completed successfully at 2025-05-06 00:24:43
