=== Processing file: paralplus34.f ===
Date and time: 2025-05-06 00:25:55
Dimension: 3d
==================================================

Copied ./sources\3d\paralplus34.f to ./results\3d\paralplus34\paralplus34.f
Command: gfortran -O3 -g -fprofile-arcs -ftest-coverage "./results\3d\paralplus34\paralplus34.f" -o "./results\3d\paralplus34\paralplus34"
Output: 

--------------------------------------------------
Command: "./results\3d\paralplus34\paralplus34"
Output: 
 ====START OF paralplus34=====================
 paral+3441   -  complete
 paral+3442   -  complete
 paral+3444   -  complete
 paral+3445   -  complete
 paral+3446   -  complete
 ==== END OF paralplus34=====================

--------------------------------------------------
Command: gcov -b "./results\3d\paralplus34\paralplus34.f"
Output: 
File 'results/3d/paralplus34/paralplus34.f'
Lines executed:76.56% of 192
Branches executed:86.67% of 180
Taken at least once:72.22% of 180
Calls executed:37.70% of 61
Creating 'paralplus34.f.gcov'

Lines executed:76.56% of 192

--------------------------------------------------
GCOV file copied from ./paralplus34.f.gcov to ./results\3d\paralplus34\paralplus34.f.gcov
Command: "../SAPFOR/_bin/Release/Sapfor_F.exe" -parse -spf "./results\3d\paralplus34\paralplus34.f"
Output: 
SAPFOR version is 2410, build date: Apr 23 2025 11:52:44, c++ version 201703
  parse file './results\3d\paralplus34\paralplus34.f'
  options: -spf 
files compilation order:
  ./results\3d\paralplus34\paralplus34.f
Parsing was completed successfully

--------------------------------------------------
Command: "../SAPFOR/_bin/Release/Sapfor_F.exe" -passN GET_STATS_FOR_PREDICTOR -keepDVM
Output: 
SAPFOR version is 2410, build date: Apr 23 2025 11:52:44, c++ version 201703
code for pass GET_STATS_FOR_PREDICTOR is 79
RUN PASS with name VERIFY_FUNC_DECL
  Analyzing: results\3d\paralplus34\paralplus34.f
PROFILE: time for this pass = 0.000000 sec (total 0.002000 sec)
RUN PASS with name FILE_LINE_INFO
  Analyzing: results\3d\paralplus34\paralplus34.f
  All lines in project 501
PROFILE: time for this pass = 0.000000 sec (total 0.003000 sec)
RUN PASS with name BUILD_INCLUDE_DEPENDENCIES
  Analyzing: results\3d\paralplus34\paralplus34.f
PROFILE: time for this pass = 0.000000 sec (total 0.003000 sec)
RUN PASS with name CORRECT_VAR_DECL
  Analyzing: results\3d\paralplus34\paralplus34.f
PROFILE: time for this pass = 0.000000 sec (total 0.004000 sec)
RUN PASS with name VERIFY_OPERATORS
  Analyzing: results\3d\paralplus34\paralplus34.f
PROFILE: time for this pass = 0.000000 sec (total 0.004000 sec)
RUN PASS with name VERIFY_ENDDO
  Analyzing: results\3d\paralplus34\paralplus34.f
PROFILE: time for this pass = 0.000000 sec (total 0.005000 sec)
RUN PASS with name VERIFY_INCLUDES
  Analyzing: results\3d\paralplus34\paralplus34.f
PROFILE: time for this pass = 0.000000 sec (total 0.006000 sec)
RUN PASS with name PREPROC_ALLOCATES
  Analyzing: results\3d\paralplus34\paralplus34.f
  attribute (52 results\3d\paralplus34\paralplus34.f) is added to declaration on line 46 of results\3d\paralplus34\paralplus34.f file
  attribute (103 results\3d\paralplus34\paralplus34.f) is added to declaration on line 46 of results\3d\paralplus34\paralplus34.f file
  attribute (125 results\3d\paralplus34\paralplus34.f) is added to declaration on line 119 of results\3d\paralplus34\paralplus34.f file
  attribute (176 results\3d\paralplus34\paralplus34.f) is added to declaration on line 119 of results\3d\paralplus34\paralplus34.f file
  attribute (198 results\3d\paralplus34\paralplus34.f) is added to declaration on line 192 of results\3d\paralplus34\paralplus34.f file
  attribute (249 results\3d\paralplus34\paralplus34.f) is added to declaration on line 192 of results\3d\paralplus34\paralplus34.f file
  attribute (273 results\3d\paralplus34\paralplus34.f) is added to declaration on line 266 of results\3d\paralplus34\paralplus34.f file
  attribute (329 results\3d\paralplus34\paralplus34.f) is added to declaration on line 266 of results\3d\paralplus34\paralplus34.f file
  attribute (353 results\3d\paralplus34\paralplus34.f) is added to declaration on line 346 of results\3d\paralplus34\paralplus34.f file
  attribute (409 results\3d\paralplus34\paralplus34.f) is added to declaration on line 346 of results\3d\paralplus34\paralplus34.f file
  attribute (433 results\3d\paralplus34\paralplus34.f) is added to declaration on line 426 of results\3d\paralplus34\paralplus34.f file
  attribute (489 results\3d\paralplus34\paralplus34.f) is added to declaration on line 426 of results\3d\paralplus34\paralplus34.f file
PROFILE: time for this pass = 0.000000 sec (total 0.006000 sec)
RUN PASS with name CHECK_PAR_REG_DIR
  Analyzing: results\3d\paralplus34\paralplus34.f
PROFILE: time for this pass = 0.000000 sec (total 0.007000 sec)
RUN PASS with name FILL_PARALLEL_REG_IR
  Analyzing: results\3d\paralplus34\paralplus34.f
PROFILE: time for this pass = 0.000000 sec (total 0.007000 sec)
RUN PASS with name GET_ALL_ARRAY_DECL
  Analyzing: results\3d\paralplus34\paralplus34.f
PROFILE: time for this pass = 0.002000 sec (total 0.010000 sec)
RUN PASS with name FILL_COMMON_BLOCKS
  Analyzing: results\3d\paralplus34\paralplus34.f
PROFILE: time for this pass = 0.000000 sec (total 0.011000 sec)
RUN PASS with name PARSE_OMP_DIRS
  Analyzing: results\3d\paralplus34\paralplus34.f
PROFILE: time for this pass = 0.000000 sec (total 0.012000 sec)
RUN PASS with name PREPROC_SPF
  Analyzing: results\3d\paralplus34\paralplus34.f
PROFILE: time for this pass = 0.000000 sec (total 0.012000 sec)
RUN PASS with name CREATE_INTER_TREE
  Analyzing: results\3d\paralplus34\paralplus34.f
PROFILE: time for this pass = 0.001000 sec (total 0.014000 sec)
RUN PASS with name GCOV_PARSER
  Analyzing: results\3d\paralplus34\paralplus34.f
   Error: unable to open file statistic.txt
PROFILE: time for this pass = 0.001000 sec (total 0.015000 sec)
RUN PASS with name VERIFY_FORMAT
  Analyzing: results\3d\paralplus34\paralplus34.f
PROFILE: time for this pass = 0.000000 sec (total 0.016000 sec)
RUN PASS with name VERIFY_DVM_DIRS
  Analyzing: results\3d\paralplus34\paralplus34.f
PROFILE: time for this pass = 0.000000 sec (total 0.016000 sec)
RUN PASS with name PRIVATE_CALL_GRAPH_STAGE1
  Analyzing: results\3d\paralplus34\paralplus34.f
PROFILE: time for this pass = 0.000000 sec (total 0.017000 sec)
RUN PASS with name PRIVATE_CALL_GRAPH_STAGE2
  Analyzing: results\3d\paralplus34\paralplus34.f
PROFILE: time for this pass = 0.000000 sec (total 0.017000 sec)
RUN PASS with name MACRO_EXPANSION
  Analyzing: results\3d\paralplus34\paralplus34.f
PROFILE: time for this pass = 0.000000 sec (total 0.018000 sec)
RUN PASS with name CONVERT_ASSIGN_TO_LOOP
  Analyzing: results\3d\paralplus34\paralplus34.f
PROFILE: time for this pass = 0.000000 sec (total 0.018000 sec)
RUN PASS with name DEF_USE_STAGE1
  Analyzing: results\3d\paralplus34\paralplus34.f
PROFILE: time for this pass = 0.001000 sec (total 0.020000 sec)
RUN PASS with name DEF_USE_STAGE2
  Analyzing: results\3d\paralplus34\paralplus34.f
PROFILE: time for this pass = 0.000000 sec (total 0.021000 sec)
RUN PASS with name VERIFY_COMMON
  Analyzing: results\3d\paralplus34\paralplus34.f
PROFILE: time for this pass = 0.000000 sec (total 0.021000 sec)
RUN PASS with name CALL_GRAPH_IR
  Analyzing: results\3d\paralplus34\paralplus34.f
PROFILE: time for this pass = 0.000000 sec (total 0.022000 sec)
RUN PASS with name BUILD_IR
  Analyzing: results\3d\paralplus34\paralplus34.f
  count of functions 9, count of lvls 3
     RD time for 'ansyes' function is 0.000 sec, iters 1
     RD time for 'paral43' function is 0.000 sec, iters 6
     RD time for 'ansno' function is 0.000 sec, iters 1

     RD time for 'paral44' function is 0.000 sec, iters 6
     RD time for 'paral45' function is 0.000 sec, iters 6
     RD time for 'paral46' function is 0.000 sec, iters 6
     RD time for 'paral41' function is 0.000 sec, iters 6
     RD time for 'paral42' function is 0.000 sec, iters 6

     RD time for 'parallelplus34' function is 0.000 sec, iters 1

PROFILE: time for this pass = 0.008000 sec (total 0.031000 sec)
RUN PASS with name SUBST_EXPR_RD
  Analyzing: results\3d\paralplus34\paralplus34.f
PROFILE: time for this pass = 0.003000 sec (total 0.034000 sec)
RUN PASS with name LOOP_GRAPH
  Analyzing: results\3d\paralplus34\paralplus34.f
PROFILE: time for this pass = 0.002000 sec (total 0.036000 sec)
RUN PASS with name CALL_GRAPH
  Analyzing: results\3d\paralplus34\paralplus34.f
PROFILE: time for this pass = 0.002000 sec (total 0.039000 sec)
RUN PASS with name CALL_GRAPH2
  Analyzing: results\3d\paralplus34\paralplus34.f
  run for func parallelplus34
  run for func paral41
  run for func paral42
  run for func paral43
  run for func paral44
  run for func paral45
  run for func paral46
  run for func ansyes
  run for func ansno
PROFILE: time for this pass = 0.001000 sec (total 0.040000 sec)
RUN PASS with name GET_STATS_FOR_PREDICTOR
  Analyzing: results\3d\paralplus34\paralplus34.f
    PAR LOOP [59 results\3d\paralplus34\paralplus34.f] total exec 5217, total exec lines 8, avg 6.5212500000000000e+02
    PAR LOOP [72 results\3d\paralplus34\paralplus34.f] total exec 2517, total exec lines 15, avg 1.6780000000000001e+02
    PAR LOOP [132 results\3d\paralplus34\paralplus34.f] total exec 5217, total exec lines 8, avg 6.5212500000000000e+02
    PAR LOOP [145 results\3d\paralplus34\paralplus34.f] total exec 4631, total exec lines 15, avg 3.0873333333333335e+02
    PAR LOOP [280 results\3d\paralplus34\paralplus34.f] total exec 450, total exec lines 8, avg 5.6250000000000000e+01
    PAR LOOP [291 results\3d\paralplus34\paralplus34.f] total exec 5217, total exec lines 8, avg 6.5212500000000000e+02
    PAR LOOP [303 results\3d\paralplus34\paralplus34.f] total exec 585, total exec lines 11, avg 5.3181818181818180e+01
    PAR LOOP [360 results\3d\paralplus34\paralplus34.f] total exec 450, total exec lines 8, avg 5.6250000000000000e+01
    PAR LOOP [371 results\3d\paralplus34\paralplus34.f] total exec 5217, total exec lines 8, avg 6.5212500000000000e+02
    PAR LOOP [383 results\3d\paralplus34\paralplus34.f] total exec 585, total exec lines 11, avg 5.3181818181818180e+01
    PAR LOOP [440 results\3d\paralplus34\paralplus34.f] total exec 450, total exec lines 8, avg 5.6250000000000000e+01
    PAR LOOP [451 results\3d\paralplus34\paralplus34.f] total exec 5217, total exec lines 8, avg 6.5212500000000000e+02
    PAR LOOP [463 results\3d\paralplus34\paralplus34.f] total exec 585, total exec lines 11, avg 5.3181818181818180e+01
    average_parallel_exec 2.8612598425196853e+02
    parallel_rate 9.9613476246607635e-01
PROFILE: time for this pass = 0.014000 sec (total 0.054000 sec)

--------------------------------------------------
INFO.JSON file copied from ./info.json to ./results\3d\paralplus34\info.json

==================================================
Processing of paralplus34.f completed successfully at 2025-05-06 00:25:56
