=== Processing file: red11.f ===
Date and time: 2025-05-06 00:22:50
Dimension: 1d
==================================================

Copied ./sources\1d\red11.f to ./results\1d\red11\red11.f
Command: gfortran -O3 -g -fprofile-arcs -ftest-coverage "./results\1d\red11\red11.f" -o "./results\1d\red11\red11"
Output: 

--------------------------------------------------
Command: "./results\1d\red11\red11"
Output: 
 ===START OF RED11========================
 RED1101  -  complete
 RED1102  -  complete
 RED1103  -  complete
 RED1104  -  complete
 RED1105  -  complete
 RED1106  -  complete
 RED1107  -  complete
 RED1108  -  complete
 RED1109  -  complete
 RED1110  -  complete
 RED1111  -  complete
 RED1112  -  complete
 RED1113  -  complete
 RED1114  -  complete
 RED1115  -  complete
 RED1116  -  complete
 === END OF RED11 ========================= 

--------------------------------------------------
Command: gcov -b "./results\1d\red11\red11.f"
Output: 
File 'results/1d/red11/red11.f'
Lines executed:93.48% of 414
Branches executed:94.77% of 306
Taken at least once:68.30% of 306
Calls executed:41.60% of 125
Creating 'red11.f.gcov'

Lines executed:93.48% of 414

--------------------------------------------------
GCOV file copied from ./red11.f.gcov to ./results\1d\red11\red11.f.gcov
Command: "../SAPFOR/_bin/Release/Sapfor_F.exe" -parse -spf "./results\1d\red11\red11.f"
Output: 
SAPFOR version is 2410, build date: Apr 23 2025 11:52:44, c++ version 201703
  parse file './results\1d\red11\red11.f'
  options: -spf 
files compilation order:
  ./results\1d\red11\red11.f
Parsing was completed successfully

--------------------------------------------------
Command: "../SAPFOR/_bin/Release/Sapfor_F.exe" -passN GET_STATS_FOR_PREDICTOR -keepDVM
Output: 
SAPFOR version is 2410, build date: Apr 23 2025 11:52:44, c++ version 201703
code for pass GET_STATS_FOR_PREDICTOR is 79
RUN PASS with name VERIFY_FUNC_DECL
  Analyzing: results\1d\red11\red11.f
PROFILE: time for this pass = 0.000000 sec (total 0.003000 sec)
RUN PASS with name FILE_LINE_INFO
  Analyzing: results\1d\red11\red11.f
  All lines in project 929
PROFILE: time for this pass = 0.000000 sec (total 0.003000 sec)
RUN PASS with name BUILD_INCLUDE_DEPENDENCIES
  Analyzing: results\1d\red11\red11.f
PROFILE: time for this pass = 0.000000 sec (total 0.004000 sec)
RUN PASS with name CORRECT_VAR_DECL
  Analyzing: results\1d\red11\red11.f
PROFILE: time for this pass = 0.000000 sec (total 0.005000 sec)
RUN PASS with name VERIFY_OPERATORS
  Analyzing: results\1d\red11\red11.f
PROFILE: time for this pass = 0.000000 sec (total 0.006000 sec)
RUN PASS with name VERIFY_ENDDO
  Analyzing: results\1d\red11\red11.f
PROFILE: time for this pass = 0.000000 sec (total 0.006000 sec)
RUN PASS with name VERIFY_INCLUDES
  Analyzing: results\1d\red11\red11.f
PROFILE: time for this pass = 0.000000 sec (total 0.007000 sec)
RUN PASS with name PREPROC_ALLOCATES
  Analyzing: results\1d\red11\red11.f
  attribute (58 results\1d\red11\red11.f) is added to declaration on line 52 of results\1d\red11\red11.f file
  attribute (83 results\1d\red11\red11.f) is added to declaration on line 52 of results\1d\red11\red11.f file
  attribute (96 results\1d\red11\red11.f) is added to declaration on line 90 of results\1d\red11\red11.f file
  attribute (121 results\1d\red11\red11.f) is added to declaration on line 90 of results\1d\red11\red11.f file
  attribute (134 results\1d\red11\red11.f) is added to declaration on line 128 of results\1d\red11\red11.f file
  attribute (161 results\1d\red11\red11.f) is added to declaration on line 128 of results\1d\red11\red11.f file
  attribute (175 results\1d\red11\red11.f) is added to declaration on line 169 of results\1d\red11\red11.f file
  attribute (202 results\1d\red11\red11.f) is added to declaration on line 169 of results\1d\red11\red11.f file
  attribute (216 results\1d\red11\red11.f) is added to declaration on line 210 of results\1d\red11\red11.f file
  attribute (243 results\1d\red11\red11.f) is added to declaration on line 210 of results\1d\red11\red11.f file
  attribute (258 results\1d\red11\red11.f) is added to declaration on line 251 of results\1d\red11\red11.f file
  attribute (283 results\1d\red11\red11.f) is added to declaration on line 251 of results\1d\red11\red11.f file
  attribute (296 results\1d\red11\red11.f) is added to declaration on line 290 of results\1d\red11\red11.f file
  attribute (327 results\1d\red11\red11.f) is added to declaration on line 290 of results\1d\red11\red11.f file
  attribute (340 results\1d\red11\red11.f) is added to declaration on line 334 of results\1d\red11\red11.f file
  attribute (371 results\1d\red11\red11.f) is added to declaration on line 334 of results\1d\red11\red11.f file
  attribute (384 results\1d\red11\red11.f) is added to declaration on line 378 of results\1d\red11\red11.f file
  attribute (415 results\1d\red11\red11.f) is added to declaration on line 378 of results\1d\red11\red11.f file
  attribute (428 results\1d\red11\red11.f) is added to declaration on line 422 of results\1d\red11\red11.f file
  attribute (459 results\1d\red11\red11.f) is added to declaration on line 422 of results\1d\red11\red11.f file
  attribute (473 results\1d\red11\red11.f) is added to declaration on line 467 of results\1d\red11\red11.f file
  attribute (504 results\1d\red11\red11.f) is added to declaration on line 467 of results\1d\red11\red11.f file
  attribute (518 results\1d\red11\red11.f) is added to declaration on line 512 of results\1d\red11\red11.f file
  attribute (548 results\1d\red11\red11.f) is added to declaration on line 512 of results\1d\red11\red11.f file
  attribute (563 results\1d\red11\red11.f) is added to declaration on line 556 of results\1d\red11\red11.f file
  attribute (609 results\1d\red11\red11.f) is added to declaration on line 556 of results\1d\red11\red11.f file
  attribute (626 results\1d\red11\red11.f) is added to declaration on line 617 of results\1d\red11\red11.f file
  attribute (627 results\1d\red11\red11.f) is added to declaration on line 619 of results\1d\red11\red11.f file
  attribute (675 results\1d\red11\red11.f) is added to declaration on line 619 of results\1d\red11\red11.f file
  attribute (676 results\1d\red11\red11.f) is added to declaration on line 617 of results\1d\red11\red11.f file
  attribute (692 results\1d\red11\red11.f) is added to declaration on line 685 of results\1d\red11\red11.f file
  attribute (743 results\1d\red11\red11.f) is added to declaration on line 685 of results\1d\red11\red11.f file
  attribute (761 results\1d\red11\red11.f) is added to declaration on line 753 of results\1d\red11\red11.f file
  attribute (822 results\1d\red11\red11.f) is added to declaration on line 753 of results\1d\red11\red11.f file
PROFILE: time for this pass = 0.001000 sec (total 0.008000 sec)
RUN PASS with name CHECK_PAR_REG_DIR
  Analyzing: results\1d\red11\red11.f
PROFILE: time for this pass = 0.000000 sec (total 0.009000 sec)
RUN PASS with name FILL_PARALLEL_REG_IR
  Analyzing: results\1d\red11\red11.f
PROFILE: time for this pass = 0.000000 sec (total 0.009000 sec)
RUN PASS with name GET_ALL_ARRAY_DECL
  Analyzing: results\1d\red11\red11.f
PROFILE: time for this pass = 0.004000 sec (total 0.014000 sec)
RUN PASS with name FILL_COMMON_BLOCKS
  Analyzing: results\1d\red11\red11.f
PROFILE: time for this pass = 0.000000 sec (total 0.015000 sec)
RUN PASS with name PARSE_OMP_DIRS
  Analyzing: results\1d\red11\red11.f
PROFILE: time for this pass = 0.000000 sec (total 0.016000 sec)
RUN PASS with name PREPROC_SPF
  Analyzing: results\1d\red11\red11.f
PROFILE: time for this pass = 0.000000 sec (total 0.016000 sec)
RUN PASS with name CREATE_INTER_TREE
  Analyzing: results\1d\red11\red11.f
PROFILE: time for this pass = 0.002000 sec (total 0.019000 sec)
RUN PASS with name GCOV_PARSER
  Analyzing: results\1d\red11\red11.f
   Error: unable to open file statistic.txt
PROFILE: time for this pass = 0.001000 sec (total 0.021000 sec)
RUN PASS with name VERIFY_FORMAT
  Analyzing: results\1d\red11\red11.f
PROFILE: time for this pass = 0.000000 sec (total 0.021000 sec)
RUN PASS with name VERIFY_DVM_DIRS
  Analyzing: results\1d\red11\red11.f
PROFILE: time for this pass = 0.000000 sec (total 0.022000 sec)
RUN PASS with name PRIVATE_CALL_GRAPH_STAGE1
  Analyzing: results\1d\red11\red11.f
PROFILE: time for this pass = 0.000000 sec (total 0.023000 sec)
RUN PASS with name PRIVATE_CALL_GRAPH_STAGE2
  Analyzing: results\1d\red11\red11.f
PROFILE: time for this pass = 0.000000 sec (total 0.023000 sec)
RUN PASS with name MACRO_EXPANSION
  Analyzing: results\1d\red11\red11.f
PROFILE: time for this pass = 0.000000 sec (total 0.024000 sec)
RUN PASS with name CONVERT_ASSIGN_TO_LOOP
  Analyzing: results\1d\red11\red11.f
PROFILE: time for this pass = 0.002000 sec (total 0.027000 sec)
RUN PASS with name DEF_USE_STAGE1
  Analyzing: results\1d\red11\red11.f
PROFILE: time for this pass = 0.003000 sec (total 0.030000 sec)
RUN PASS with name DEF_USE_STAGE2
  Analyzing: results\1d\red11\red11.f
PROFILE: time for this pass = 0.000000 sec (total 0.031000 sec)
RUN PASS with name VERIFY_COMMON
  Analyzing: results\1d\red11\red11.f
PROFILE: time for this pass = 0.000000 sec (total 0.032000 sec)
RUN PASS with name CALL_GRAPH_IR
  Analyzing: results\1d\red11\red11.f
PROFILE: time for this pass = 0.003000 sec (total 0.035000 sec)
RUN PASS with name BUILD_IR
  Analyzing: results\1d\red11\red11.f
  count of functions 25, count of lvls 3
     RD time for 'ansno' function is 0.000 sec, iters 1
     RD time for 'sersum1' function is 0.000 sec, iters 3
     RD time for 'sersum1mr' function is 0.000 sec, iters 3
     RD time for 'serlog1' function is 0.000 sec, iters 3
     RD time for 'sersum1m' function is 0.000 sec, iters 3
     RD time for 'serprod1' function is 0.000 sec, iters 3
     RD time for 'ansyes' function is 0.000 sec, iters 1
     RD time for 'serprodr1' function is 0.000 sec, iters 3

     RD time for 'red1101' function is 0.000 sec, iters 3
     RD time for 'red1102' function is 0.000 sec, iters 3
     RD time for 'red1103' function is 0.000 sec, iters 3
     RD time for 'red1104' function is 0.000 sec, iters 3
     RD time for 'red1107' function is 0.000 sec, iters 3
     RD time for 'red1116' function is 0.000 sec, iters 3
     RD time for 'red1111' function is 0.000 sec, iters 3
     RD time for 'red1115' function is 0.000 sec, iters 3
     RD time for 'red1105' function is 0.000 sec, iters 3
     RD time for 'red1106' function is 0.000 sec, iters 3
     RD time for 'red1109' function is 0.000 sec, iters 3
     RD time for 'red1112' function is 0.000 sec, iters 3
     RD time for 'red1114' function is 0.000 sec, iters 3
     RD time for 'red1113' function is 0.000 sec, iters 3
     RD time for 'red1108' function is 0.000 sec, iters 3
     RD time for 'red1110' function is 0.000 sec, iters 3

     RD time for 'red11' function is 0.000 sec, iters 1

PROFILE: time for this pass = 0.006000 sec (total 0.042000 sec)
RUN PASS with name SUBST_EXPR_RD
  Analyzing: results\1d\red11\red11.f
PROFILE: time for this pass = 0.003000 sec (total 0.046000 sec)
RUN PASS with name LOOP_GRAPH
  Analyzing: results\1d\red11\red11.f
PROFILE: time for this pass = 0.001000 sec (total 0.048000 sec)
RUN PASS with name CALL_GRAPH
  Analyzing: results\1d\red11\red11.f
PROFILE: time for this pass = 0.005000 sec (total 0.053000 sec)
RUN PASS with name CALL_GRAPH2
  Analyzing: results\1d\red11\red11.f
  run for func red11
  run for func red1101
  run for func red1102
  run for func red1103
  run for func red1104
  run for func red1105
  run for func red1106
  run for func red1107
  run for func red1108
  run for func red1109
  run for func red1110
  run for func red1111
  run for func red1112
  run for func red1113
  run for func red1114
  run for func red1115
  run for func red1116
  run for func sersum1
  run for func sersum1m
  run for func sersum1mr
  run for func serprod1
  run for func serprodr1
  run for func serlog1
  run for func ansyes
  run for func ansno
PROFILE: time for this pass = 0.002000 sec (total 0.056000 sec)
RUN PASS with name GET_STATS_FOR_PREDICTOR
  Analyzing: results\1d\red11\red11.f
    PAR LOOP [67 results\1d\red11\red11.f] total exec 34, total exec lines 2, avg 1.7000000000000000e+01
    PAR LOOP [72 results\1d\red11\red11.f] total exec 34, total exec lines 2, avg 1.7000000000000000e+01
    PAR LOOP [105 results\1d\red11\red11.f] total exec 34, total exec lines 2, avg 1.7000000000000000e+01
    PAR LOOP [110 results\1d\red11\red11.f] total exec 34, total exec lines 2, avg 1.7000000000000000e+01
    PAR LOOP [137 results\1d\red11\red11.f] total exec 34, total exec lines 2, avg 1.7000000000000000e+01
    PAR LOOP [150 results\1d\red11\red11.f] total exec 48, total exec lines 3, avg 1.6000000000000000e+01
    PAR LOOP [178 results\1d\red11\red11.f] total exec 34, total exec lines 2, avg 1.7000000000000000e+01
    PAR LOOP [191 results\1d\red11\red11.f] total exec 48, total exec lines 3, avg 1.6000000000000000e+01
    PAR LOOP [219 results\1d\red11\red11.f] total exec 34, total exec lines 2, avg 1.7000000000000000e+01
    PAR LOOP [232 results\1d\red11\red11.f] total exec 48, total exec lines 3, avg 1.6000000000000000e+01
    PAR LOOP [267 results\1d\red11\red11.f] total exec 18, total exec lines 2, avg 9.0000000000000000e+00
    PAR LOOP [272 results\1d\red11\red11.f] total exec 18, total exec lines 2, avg 9.0000000000000000e+00
    PAR LOOP [301 results\1d\red11\red11.f] total exec 9, total exec lines 2, avg 4.5000000000000000e+00
    PAR LOOP [306 results\1d\red11\red11.f] total exec 16, total exec lines 2, avg 8.0000000000000000e+00
    PAR LOOP [316 results\1d\red11\red11.f] total exec 47, total exec lines 2, avg 2.3500000000000000e+01
    PAR LOOP [345 results\1d\red11\red11.f] total exec 9, total exec lines 2, avg 4.5000000000000000e+00
    PAR LOOP [350 results\1d\red11\red11.f] total exec 16, total exec lines 2, avg 8.0000000000000000e+00
    PAR LOOP [360 results\1d\red11\red11.f] total exec 47, total exec lines 2, avg 2.3500000000000000e+01
    PAR LOOP [389 results\1d\red11\red11.f] total exec 9, total exec lines 2, avg 4.5000000000000000e+00
    PAR LOOP [394 results\1d\red11\red11.f] total exec 16, total exec lines 2, avg 8.0000000000000000e+00
    PAR LOOP [404 results\1d\red11\red11.f] total exec 32, total exec lines 2, avg 1.6000000000000000e+01
    PAR LOOP [433 results\1d\red11\red11.f] total exec 5, total exec lines 2, avg 2.5000000000000000e+00
    PAR LOOP [438 results\1d\red11\red11.f] total exec 8, total exec lines 2, avg 4.0000000000000000e+00
    PAR LOOP [448 results\1d\red11\red11.f] total exec 16, total exec lines 2, avg 8.0000000000000000e+00
    PAR LOOP [476 results\1d\red11\red11.f] total exec 34, total exec lines 2, avg 1.7000000000000000e+01
    PAR LOOP [490 results\1d\red11\red11.f] total exec 66, total exec lines 5, avg 1.3199999999999999e+01
    PAR LOOP [521 results\1d\red11\red11.f] total exec 34, total exec lines 2, avg 1.7000000000000000e+01
    PAR LOOP [534 results\1d\red11\red11.f] total exec 50, total exec lines 5, avg 1.0000000000000000e+01
    PAR LOOP [569 results\1d\red11\red11.f] total exec 34, total exec lines 2, avg 1.7000000000000000e+01
    PAR LOOP [592 results\1d\red11\red11.f] total exec 99, total exec lines 6, avg 1.6500000000000000e+01
    PAR LOOP [634 results\1d\red11\red11.f] total exec 9, total exec lines 2, avg 4.5000000000000000e+00
    PAR LOOP [639 results\1d\red11\red11.f] total exec 16, total exec lines 2, avg 8.0000000000000000e+00
    PAR LOOP [652 results\1d\red11\red11.f] total exec 34, total exec lines 2, avg 1.7000000000000000e+01
    PAR LOOP [658 results\1d\red11\red11.f] total exec 99, total exec lines 6, avg 1.6500000000000000e+01
    PAR LOOP [695 results\1d\red11\red11.f] total exec 34, total exec lines 2, avg 1.7000000000000000e+01
    PAR LOOP [718 results\1d\red11\red11.f] total exec 129, total exec lines 11, avg 1.1727272727272727e+01
    PAR LOOP [767 results\1d\red11\red11.f] total exec 34, total exec lines 2, avg 1.7000000000000000e+01
    PAR LOOP [795 results\1d\red11\red11.f] total exec 113, total exec lines 10, avg 1.1300000000000001e+01
    average_parallel_exec 1.3027272727272727e+01
    parallel_rate 3.8897937024972856e-01
PROFILE: time for this pass = 0.026000 sec (total 0.082000 sec)

--------------------------------------------------
INFO.JSON file copied from ./info.json to ./results\1d\red11\info.json

==================================================
Processing of red11.f completed successfully at 2025-05-06 00:22:51
