=== Processing file: cons33.f ===
Date and time: 2025-05-06 00:24:32
Dimension: 3d
==================================================

Copied ./sources\3d\cons33.f to ./results\3d\cons33\cons33.f
Command: gfortran -O3 -g -fprofile-arcs -ftest-coverage "./results\3d\cons33\cons33.f" -o "./results\3d\cons33\cons33"
Output: 

--------------------------------------------------
Command: "./results\3d\cons33\cons33"
Output: 
 ===START OF CONS33========================
 CONS3301  -  complete
 CONS3302  -  complete
 CONS3303  -  complete
 CONS3304  -  complete
 CONS3305  -  complete
 CONS3306  -  complete
 CONS3307  -  complete
 CONS3308  -  complete
 CONS3309  -  complete
 CONS3310  -  complete
 CONS3311  -  complete
 CONS3312  -  complete
 CONS3313  -  complete
 CONS3314  -  complete
 CONS3315  -  complete
 CONS3316  -  complete
 === END OF CONS33 ========================= 

--------------------------------------------------
Command: gcov -b "./results\3d\cons33\cons33.f"
Output: 
File 'results/3d/cons33/cons33.f'
Lines executed:96.55% of 550
Branches executed:100.00% of 856
Taken at least once:81.31% of 856
Calls executed:24.32% of 185
Creating 'cons33.f.gcov'

Lines executed:96.55% of 550

--------------------------------------------------
GCOV file copied from ./cons33.f.gcov to ./results\3d\cons33\cons33.f.gcov
Command: "../SAPFOR/_bin/Release/Sapfor_F.exe" -parse -spf "./results\3d\cons33\cons33.f"
Output: 
SAPFOR version is 2410, build date: Apr 23 2025 11:52:44, c++ version 201703
  parse file './results\3d\cons33\cons33.f'
  options: -spf 
files compilation order:
  ./results\3d\cons33\cons33.f
Parsing was completed successfully

--------------------------------------------------
Command: "../SAPFOR/_bin/Release/Sapfor_F.exe" -passN GET_STATS_FOR_PREDICTOR -keepDVM
Output: 
SAPFOR version is 2410, build date: Apr 23 2025 11:52:44, c++ version 201703
code for pass GET_STATS_FOR_PREDICTOR is 79
RUN PASS with name VERIFY_FUNC_DECL
  Analyzing: results\3d\cons33\cons33.f
PROFILE: time for this pass = 0.001000 sec (total 0.004000 sec)
RUN PASS with name FILE_LINE_INFO
  Analyzing: results\3d\cons33\cons33.f
  All lines in project 1261
PROFILE: time for this pass = 0.001000 sec (total 0.005000 sec)
RUN PASS with name BUILD_INCLUDE_DEPENDENCIES
  Analyzing: results\3d\cons33\cons33.f
PROFILE: time for this pass = 0.001000 sec (total 0.006000 sec)
RUN PASS with name CORRECT_VAR_DECL
  Analyzing: results\3d\cons33\cons33.f
PROFILE: time for this pass = 0.001000 sec (total 0.008000 sec)
RUN PASS with name VERIFY_OPERATORS
  Analyzing: results\3d\cons33\cons33.f
PROFILE: time for this pass = 0.001000 sec (total 0.009000 sec)
RUN PASS with name VERIFY_ENDDO
  Analyzing: results\3d\cons33\cons33.f
PROFILE: time for this pass = 0.001000 sec (total 0.010000 sec)
RUN PASS with name VERIFY_INCLUDES
  Analyzing: results\3d\cons33\cons33.f
PROFILE: time for this pass = 0.001000 sec (total 0.011000 sec)
RUN PASS with name PREPROC_ALLOCATES
  Analyzing: results\3d\cons33\cons33.f
  attribute (90 results\3d\cons33\cons33.f) is added to declaration on line 85 of results\3d\cons33\cons33.f file
  attribute (131 results\3d\cons33\cons33.f) is added to declaration on line 85 of results\3d\cons33\cons33.f file
  attribute (144 results\3d\cons33\cons33.f) is added to declaration on line 138 of results\3d\cons33\cons33.f file
  attribute (195 results\3d\cons33\cons33.f) is added to declaration on line 138 of results\3d\cons33\cons33.f file
  attribute (210 results\3d\cons33\cons33.f) is added to declaration on line 202 of results\3d\cons33\cons33.f file
  attribute (269 results\3d\cons33\cons33.f) is added to declaration on line 202 of results\3d\cons33\cons33.f file
  attribute (282 results\3d\cons33\cons33.f) is added to declaration on line 277 of results\3d\cons33\cons33.f file
  attribute (323 results\3d\cons33\cons33.f) is added to declaration on line 277 of results\3d\cons33\cons33.f file
  attribute (335 results\3d\cons33\cons33.f) is added to declaration on line 330 of results\3d\cons33\cons33.f file
  attribute (382 results\3d\cons33\cons33.f) is added to declaration on line 330 of results\3d\cons33\cons33.f file
  attribute (395 results\3d\cons33\cons33.f) is added to declaration on line 389 of results\3d\cons33\cons33.f file
  attribute (456 results\3d\cons33\cons33.f) is added to declaration on line 389 of results\3d\cons33\cons33.f file
  attribute (471 results\3d\cons33\cons33.f) is added to declaration on line 463 of results\3d\cons33\cons33.f file
  attribute (540 results\3d\cons33\cons33.f) is added to declaration on line 463 of results\3d\cons33\cons33.f file
  attribute (553 results\3d\cons33\cons33.f) is added to declaration on line 548 of results\3d\cons33\cons33.f file
  attribute (600 results\3d\cons33\cons33.f) is added to declaration on line 548 of results\3d\cons33\cons33.f file
  attribute (612 results\3d\cons33\cons33.f) is added to declaration on line 607 of results\3d\cons33\cons33.f file
  attribute (665 results\3d\cons33\cons33.f) is added to declaration on line 607 of results\3d\cons33\cons33.f file
  attribute (678 results\3d\cons33\cons33.f) is added to declaration on line 672 of results\3d\cons33\cons33.f file
  attribute (749 results\3d\cons33\cons33.f) is added to declaration on line 672 of results\3d\cons33\cons33.f file
  attribute (764 results\3d\cons33\cons33.f) is added to declaration on line 756 of results\3d\cons33\cons33.f file
  attribute (843 results\3d\cons33\cons33.f) is added to declaration on line 756 of results\3d\cons33\cons33.f file
  attribute (856 results\3d\cons33\cons33.f) is added to declaration on line 851 of results\3d\cons33\cons33.f file
  attribute (909 results\3d\cons33\cons33.f) is added to declaration on line 851 of results\3d\cons33\cons33.f file
  attribute (921 results\3d\cons33\cons33.f) is added to declaration on line 916 of results\3d\cons33\cons33.f file
  attribute (980 results\3d\cons33\cons33.f) is added to declaration on line 916 of results\3d\cons33\cons33.f file
  attribute (993 results\3d\cons33\cons33.f) is added to declaration on line 987 of results\3d\cons33\cons33.f file
  attribute (1074 results\3d\cons33\cons33.f) is added to declaration on line 987 of results\3d\cons33\cons33.f file
  attribute (1089 results\3d\cons33\cons33.f) is added to declaration on line 1081 of results\3d\cons33\cons33.f file
  attribute (1178 results\3d\cons33\cons33.f) is added to declaration on line 1081 of results\3d\cons33\cons33.f file
  attribute (1191 results\3d\cons33\cons33.f) is added to declaration on line 1186 of results\3d\cons33\cons33.f file
  attribute (1250 results\3d\cons33\cons33.f) is added to declaration on line 1186 of results\3d\cons33\cons33.f file
PROFILE: time for this pass = 0.001000 sec (total 0.013000 sec)
RUN PASS with name CHECK_PAR_REG_DIR
  Analyzing: results\3d\cons33\cons33.f
PROFILE: time for this pass = 0.000000 sec (total 0.014000 sec)
RUN PASS with name FILL_PARALLEL_REG_IR
  Analyzing: results\3d\cons33\cons33.f
PROFILE: time for this pass = 0.002000 sec (total 0.016000 sec)
RUN PASS with name GET_ALL_ARRAY_DECL
  Analyzing: results\3d\cons33\cons33.f
PROFILE: time for this pass = 0.008000 sec (total 0.025000 sec)
RUN PASS with name FILL_COMMON_BLOCKS
  Analyzing: results\3d\cons33\cons33.f
PROFILE: time for this pass = 0.001000 sec (total 0.026000 sec)
RUN PASS with name PARSE_OMP_DIRS
  Analyzing: results\3d\cons33\cons33.f
PROFILE: time for this pass = 0.001000 sec (total 0.028000 sec)
RUN PASS with name PREPROC_SPF
  Analyzing: results\3d\cons33\cons33.f
PROFILE: time for this pass = 0.001000 sec (total 0.029000 sec)
RUN PASS with name CREATE_INTER_TREE
  Analyzing: results\3d\cons33\cons33.f
PROFILE: time for this pass = 0.004000 sec (total 0.034000 sec)
RUN PASS with name GCOV_PARSER
  Analyzing: results\3d\cons33\cons33.f
   Error: unable to open file statistic.txt
PROFILE: time for this pass = 0.003000 sec (total 0.038000 sec)
RUN PASS with name VERIFY_FORMAT
  Analyzing: results\3d\cons33\cons33.f
PROFILE: time for this pass = 0.001000 sec (total 0.039000 sec)
RUN PASS with name VERIFY_DVM_DIRS
  Analyzing: results\3d\cons33\cons33.f
PROFILE: time for this pass = 0.000000 sec (total 0.040000 sec)
RUN PASS with name PRIVATE_CALL_GRAPH_STAGE1
  Analyzing: results\3d\cons33\cons33.f
PROFILE: time for this pass = 0.001000 sec (total 0.041000 sec)
RUN PASS with name PRIVATE_CALL_GRAPH_STAGE2
  Analyzing: results\3d\cons33\cons33.f
PROFILE: time for this pass = 0.001000 sec (total 0.042000 sec)
RUN PASS with name MACRO_EXPANSION
  Analyzing: results\3d\cons33\cons33.f
PROFILE: time for this pass = 0.001000 sec (total 0.043000 sec)
RUN PASS with name CONVERT_ASSIGN_TO_LOOP
  Analyzing: results\3d\cons33\cons33.f
PROFILE: time for this pass = 0.002000 sec (total 0.046000 sec)
RUN PASS with name DEF_USE_STAGE1
  Analyzing: results\3d\cons33\cons33.f
PROFILE: time for this pass = 0.003000 sec (total 0.050000 sec)
RUN PASS with name DEF_USE_STAGE2
  Analyzing: results\3d\cons33\cons33.f
PROFILE: time for this pass = 0.001000 sec (total 0.051000 sec)
RUN PASS with name VERIFY_COMMON
  Analyzing: results\3d\cons33\cons33.f
PROFILE: time for this pass = 0.001000 sec (total 0.052000 sec)
RUN PASS with name CALL_GRAPH_IR
  Analyzing: results\3d\cons33\cons33.f
PROFILE: time for this pass = 0.003000 sec (total 0.055000 sec)
RUN PASS with name BUILD_IR
  Analyzing: results\3d\cons33\cons33.f
  count of functions 19, count of lvls 3
     RD time for 'ansyes' function is 0.000 sec, iters 1
     RD time for 'ansno' function is 0.000 sec, iters 1

     RD time for 'cons3303' function is 0.000 sec, iters 5
     RD time for 'cons3304' function is 0.000 sec, iters 5
     RD time for 'cons3301' function is 0.000 sec, iters 5
     RD time for 'cons3308' function is 0.000 sec, iters 5
     RD time for 'cons3309' function is 0.000 sec, iters 5
     RD time for 'cons3310' function is 0.000 sec, iters 5
     RD time for 'cons3302' function is 0.000 sec, iters 5
     RD time for 'cons3307' function is 0.000 sec, iters 5
     RD time for 'cons3305' function is 0.000 sec, iters 5
     RD time for 'cons3306' function is 0.000 sec, iters 5
     RD time for 'cons3311' function is 0.001 sec, iters 5
     RD time for 'cons3316' function is 0.001 sec, iters 6
     RD time for 'cons3313' function is 0.001 sec, iters 6
     RD time for 'cons3312' function is 0.000 sec, iters 5
     RD time for 'cons3314' function is 0.001 sec, iters 6
     RD time for 'cons3315' function is 0.001 sec, iters 6

     RD time for 'cons33' function is 0.000 sec, iters 1

PROFILE: time for this pass = 0.023000 sec (total 0.079000 sec)
RUN PASS with name SUBST_EXPR_RD
  Analyzing: results\3d\cons33\cons33.f
PROFILE: time for this pass = 0.007000 sec (total 0.086000 sec)
RUN PASS with name LOOP_GRAPH
  Analyzing: results\3d\cons33\cons33.f
PROFILE: time for this pass = 0.005000 sec (total 0.092000 sec)
RUN PASS with name CALL_GRAPH
  Analyzing: results\3d\cons33\cons33.f
PROFILE: time for this pass = 0.006000 sec (total 0.098000 sec)
RUN PASS with name CALL_GRAPH2
  Analyzing: results\3d\cons33\cons33.f
  run for func cons33
  run for func cons3301
  run for func cons3302
  run for func cons3303
  run for func cons3304
  run for func cons3305
  run for func cons3306
  run for func cons3307
  run for func cons3308
  run for func cons3309
  run for func cons3310
  run for func cons3311
  run for func cons3312
  run for func cons3313
  run for func cons3314
  run for func cons3315
  run for func cons3316
  run for func ansyes
  run for func ansno
  added conflict messages to loop on line 111
  added conflict messages to loop on line 169
  added conflict messages to loop on line 175
  added conflict messages to loop on line 243
  added conflict messages to loop on line 249
  added conflict messages to loop on line 303
  added conflict messages to loop on line 361
  added conflict messages to loop on line 427
  added conflict messages to loop on line 435
  added conflict messages to loop on line 511
  added conflict messages to loop on line 519
  added conflict messages to loop on line 579
  added conflict messages to loop on line 643
  added conflict messages to loop on line 717
  added conflict messages to loop on line 727
  added conflict messages to loop on line 811
  added conflict messages to loop on line 821
  added conflict messages to loop on line 887
  added conflict messages to loop on line 957
  added conflict messages to loop on line 1039
  added conflict messages to loop on line 1051
  added conflict messages to loop on line 1143
  added conflict messages to loop on line 1155
  added conflict messages to loop on line 1227
PROFILE: time for this pass = 0.004000 sec (total 0.103000 sec)
RUN PASS with name GET_STATS_FOR_PREDICTOR
  Analyzing: results\3d\cons33\cons33.f
    PAR LOOP [97 results\3d\cons33\cons33.f] total exec 1899, total exec lines 6, avg 3.1650000000000000e+02
    PAR LOOP [105 results\3d\cons33\cons33.f] total exec 18, total exec lines 2, avg 9.0000000000000000e+00
    PAR LOOP [119 results\3d\cons33\cons33.f] total exec 1899, total exec lines 6, avg 3.1650000000000000e+02
    PAR LOOP [151 results\3d\cons33\cons33.f] total exec 1899, total exec lines 6, avg 3.1650000000000000e+02
    PAR LOOP [159 results\3d\cons33\cons33.f] total exec 18, total exec lines 2, avg 9.0000000000000000e+00
    PAR LOOP [163 results\3d\cons33\cons33.f] total exec 18, total exec lines 2, avg 9.0000000000000000e+00
    PAR LOOP [183 results\3d\cons33\cons33.f] total exec 1899, total exec lines 6, avg 3.1650000000000000e+02
    PAR LOOP [217 results\3d\cons33\cons33.f] total exec 1899, total exec lines 6, avg 3.1650000000000000e+02
    PAR LOOP [225 results\3d\cons33\cons33.f] total exec 1899, total exec lines 6, avg 3.1650000000000000e+02
    PAR LOOP [233 results\3d\cons33\cons33.f] total exec 18, total exec lines 2, avg 9.0000000000000000e+00
    PAR LOOP [237 results\3d\cons33\cons33.f] total exec 18, total exec lines 2, avg 9.0000000000000000e+00
    PAR LOOP [257 results\3d\cons33\cons33.f] total exec 1899, total exec lines 6, avg 3.1650000000000000e+02
    PAR LOOP [289 results\3d\cons33\cons33.f] total exec 13651, total exec lines 6, avg 2.2751666666666665e+03
    PAR LOOP [297 results\3d\cons33\cons33.f] total exec 34, total exec lines 2, avg 1.7000000000000000e+01
    PAR LOOP [311 results\3d\cons33\cons33.f] total exec 13651, total exec lines 6, avg 2.2751666666666665e+03
    PAR LOOP [344 results\3d\cons33\cons33.f] total exec 1899, total exec lines 6, avg 3.1650000000000000e+02
    PAR LOOP [352 results\3d\cons33\cons33.f] total exec 227, total exec lines 4, avg 5.6750000000000000e+01
    PAR LOOP [370 results\3d\cons33\cons33.f] total exec 1899, total exec lines 6, avg 3.1650000000000000e+02
    PAR LOOP [404 results\3d\cons33\cons33.f] total exec 1899, total exec lines 6, avg 3.1650000000000000e+02
    PAR LOOP [412 results\3d\cons33\cons33.f] total exec 227, total exec lines 4, avg 5.6750000000000000e+01
    PAR LOOP [418 results\3d\cons33\cons33.f] total exec 227, total exec lines 4, avg 5.6750000000000000e+01
    PAR LOOP [444 results\3d\cons33\cons33.f] total exec 1899, total exec lines 6, avg 3.1650000000000000e+02
    PAR LOOP [480 results\3d\cons33\cons33.f] total exec 1899, total exec lines 6, avg 3.1650000000000000e+02
    PAR LOOP [488 results\3d\cons33\cons33.f] total exec 1899, total exec lines 6, avg 3.1650000000000000e+02
    PAR LOOP [496 results\3d\cons33\cons33.f] total exec 227, total exec lines 4, avg 5.6750000000000000e+01
    PAR LOOP [502 results\3d\cons33\cons33.f] total exec 227, total exec lines 4, avg 5.6750000000000000e+01
    PAR LOOP [528 results\3d\cons33\cons33.f] total exec 1899, total exec lines 6, avg 3.1650000000000000e+02
    PAR LOOP [562 results\3d\cons33\cons33.f] total exec 13651, total exec lines 6, avg 2.2751666666666665e+03
    PAR LOOP [570 results\3d\cons33\cons33.f] total exec 835, total exec lines 4, avg 2.0875000000000000e+02
    PAR LOOP [588 results\3d\cons33\cons33.f] total exec 13651, total exec lines 6, avg 2.2751666666666665e+03
    PAR LOOP [623 results\3d\cons33\cons33.f] total exec 1899, total exec lines 6, avg 3.1650000000000000e+02
    PAR LOOP [631 results\3d\cons33\cons33.f] total exec 1899, total exec lines 6, avg 3.1650000000000000e+02
    PAR LOOP [653 results\3d\cons33\cons33.f] total exec 1899, total exec lines 6, avg 3.1650000000000000e+02
    PAR LOOP [689 results\3d\cons33\cons33.f] total exec 1899, total exec lines 6, avg 3.1650000000000000e+02
    PAR LOOP [697 results\3d\cons33\cons33.f] total exec 1899, total exec lines 6, avg 3.1650000000000000e+02
    PAR LOOP [705 results\3d\cons33\cons33.f] total exec 1899, total exec lines 6, avg 3.1650000000000000e+02
    PAR LOOP [737 results\3d\cons33\cons33.f] total exec 1899, total exec lines 6, avg 3.1650000000000000e+02
    PAR LOOP [775 results\3d\cons33\cons33.f] total exec 1899, total exec lines 6, avg 3.1650000000000000e+02
    PAR LOOP [783 results\3d\cons33\cons33.f] total exec 1899, total exec lines 6, avg 3.1650000000000000e+02
    PAR LOOP [791 results\3d\cons33\cons33.f] total exec 1899, total exec lines 6, avg 3.1650000000000000e+02
    PAR LOOP [799 results\3d\cons33\cons33.f] total exec 1899, total exec lines 6, avg 3.1650000000000000e+02
    PAR LOOP [831 results\3d\cons33\cons33.f] total exec 1899, total exec lines 6, avg 3.1650000000000000e+02
    PAR LOOP [867 results\3d\cons33\cons33.f] total exec 13651, total exec lines 6, avg 2.2751666666666665e+03
    PAR LOOP [875 results\3d\cons33\cons33.f] total exec 13651, total exec lines 6, avg 2.2751666666666665e+03
    PAR LOOP [897 results\3d\cons33\cons33.f] total exec 13651, total exec lines 6, avg 2.2751666666666665e+03
    PAR LOOP [934 results\3d\cons33\cons33.f] total exec 1899, total exec lines 6, avg 3.1650000000000000e+02
    PAR LOOP [942 results\3d\cons33\cons33.f] total exec 15275, total exec lines 8, avg 1.9093750000000000e+03
    PAR LOOP [968 results\3d\cons33\cons33.f] total exec 1899, total exec lines 6, avg 3.1650000000000000e+02
    PAR LOOP [1006 results\3d\cons33\cons33.f] total exec 1899, total exec lines 6, avg 3.1650000000000000e+02
    PAR LOOP [1014 results\3d\cons33\cons33.f] total exec 15275, total exec lines 8, avg 1.9093750000000000e+03
    PAR LOOP [1024 results\3d\cons33\cons33.f] total exec 15275, total exec lines 8, avg 1.9093750000000000e+03
    PAR LOOP [1062 results\3d\cons33\cons33.f] total exec 1899, total exec lines 6, avg 3.1650000000000000e+02
    PAR LOOP [1102 results\3d\cons33\cons33.f] total exec 1899, total exec lines 6, avg 3.1650000000000000e+02
    PAR LOOP [1110 results\3d\cons33\cons33.f] total exec 1899, total exec lines 6, avg 3.1650000000000000e+02
    PAR LOOP [1118 results\3d\cons33\cons33.f] total exec 15275, total exec lines 8, avg 1.9093750000000000e+03
    PAR LOOP [1128 results\3d\cons33\cons33.f] total exec 15275, total exec lines 8, avg 1.9093750000000000e+03
    PAR LOOP [1166 results\3d\cons33\cons33.f] total exec 1899, total exec lines 6, avg 3.1650000000000000e+02
    PAR LOOP [1204 results\3d\cons33\cons33.f] total exec 13651, total exec lines 6, avg 2.2751666666666665e+03
    PAR LOOP [1212 results\3d\cons33\cons33.f] total exec 218707, total exec lines 8, avg 2.7338375000000000e+04
    PAR LOOP [1238 results\3d\cons33\cons33.f] total exec 13651, total exec lines 6, avg 2.2751666666666665e+03
    average_parallel_exec 1.4366130952380952e+03
    parallel_rate 4.0553378678101432e-01
PROFILE: time for this pass = 0.107000 sec (total 0.211000 sec)

--------------------------------------------------
INFO.JSON file copied from ./info.json to ./results\3d\cons33\info.json

==================================================
Processing of cons33.f completed successfully at 2025-05-06 00:24:34
