=== Processing file: templ1.f ===
Date and time: 2025-04-23 11:56:08
Dimension: 1d
==================================================

Copied ./sources\1d\templ1.f to ./results\1d\templ1\templ1.f
Command: gfortran -O3 -g -fprofile-arcs -ftest-coverage "./results\1d\templ1\templ1.f" -o "./results\1d\templ1\templ1"
Output: 

--------------------------------------------------
Command: "./results\1d\templ1\templ1"
Output: 
 ===START OF templ11======================
 templ111   -  complete
 templ121   -  complete
 === END OF templ11 ======================

--------------------------------------------------
Command: gcov -b "./results\1d\templ1\templ1.f"
Output: 
File 'results/1d/templ1/templ1.f'
Lines executed:89.55% of 67
Branches executed:100.00% of 60
Taken at least once:76.67% of 60
Calls executed:54.84% of 31
Creating 'templ1.f.gcov'

Lines executed:89.55% of 67

--------------------------------------------------
GCOV file copied from ./templ1.f.gcov to ./results\1d\templ1\templ1.f.gcov
Command: "../SAPFOR/_bin/Release/Sapfor_F.exe" -parse -spf "./results\1d\templ1\templ1.f"
Output: 
SAPFOR version is 2410, build date: Apr 23 2025 11:52:44, c++ version 201703
  parse file './results\1d\templ1\templ1.f'
  options: -spf 
files compilation order:
  ./results\1d\templ1\templ1.f
Parsing was completed successfully

--------------------------------------------------
Command: "../SAPFOR/_bin/Release/Sapfor_F.exe" -passN GET_STATS_FOR_PREDICTOR -keepDVM
Output: 
SAPFOR version is 2410, build date: Apr 23 2025 11:52:44, c++ version 201703
code for pass GET_STATS_FOR_PREDICTOR is 79
RUN PASS with name VERIFY_FUNC_DECL
  Analyzing: results\1d\templ1\templ1.f
PROFILE: time for this pass = 0.000000 sec (total 0.002000 sec)
RUN PASS with name FILE_LINE_INFO
  Analyzing: results\1d\templ1\templ1.f
  All lines in project 179
PROFILE: time for this pass = 0.000000 sec (total 0.003000 sec)
RUN PASS with name BUILD_INCLUDE_DEPENDENCIES
  Analyzing: results\1d\templ1\templ1.f
PROFILE: time for this pass = 0.000000 sec (total 0.003000 sec)
RUN PASS with name CORRECT_VAR_DECL
  Analyzing: results\1d\templ1\templ1.f
PROFILE: time for this pass = 0.000000 sec (total 0.003000 sec)
RUN PASS with name VERIFY_OPERATORS
  Analyzing: results\1d\templ1\templ1.f
PROFILE: time for this pass = 0.000000 sec (total 0.003000 sec)
RUN PASS with name VERIFY_ENDDO
  Analyzing: results\1d\templ1\templ1.f
PROFILE: time for this pass = 0.000000 sec (total 0.003000 sec)
RUN PASS with name VERIFY_INCLUDES
  Analyzing: results\1d\templ1\templ1.f
PROFILE: time for this pass = 0.000000 sec (total 0.004000 sec)
RUN PASS with name PREPROC_ALLOCATES
  Analyzing: results\1d\templ1\templ1.f
  attribute (37 results\1d\templ1\templ1.f) is added to declaration on line 28 of results\1d\templ1\templ1.f file
  attribute (82 results\1d\templ1\templ1.f) is added to declaration on line 28 of results\1d\templ1\templ1.f file
  attribute (106 results\1d\templ1\templ1.f) is added to declaration on line 97 of results\1d\templ1\templ1.f file
  attribute (166 results\1d\templ1\templ1.f) is added to declaration on line 97 of results\1d\templ1\templ1.f file
PROFILE: time for this pass = 0.000000 sec (total 0.004000 sec)
RUN PASS with name CHECK_PAR_REG_DIR
  Analyzing: results\1d\templ1\templ1.f
PROFILE: time for this pass = 0.000000 sec (total 0.004000 sec)
RUN PASS with name FILL_PARALLEL_REG_IR
  Analyzing: results\1d\templ1\templ1.f
PROFILE: time for this pass = 0.000000 sec (total 0.004000 sec)
RUN PASS with name GET_ALL_ARRAY_DECL
  Analyzing: results\1d\templ1\templ1.f
PROFILE: time for this pass = 0.001000 sec (total 0.006000 sec)
RUN PASS with name FILL_COMMON_BLOCKS
  Analyzing: results\1d\templ1\templ1.f
PROFILE: time for this pass = 0.000000 sec (total 0.006000 sec)
RUN PASS with name PARSE_OMP_DIRS
  Analyzing: results\1d\templ1\templ1.f
PROFILE: time for this pass = 0.000000 sec (total 0.006000 sec)
RUN PASS with name PREPROC_SPF
  Analyzing: results\1d\templ1\templ1.f
PROFILE: time for this pass = 0.000000 sec (total 0.007000 sec)
RUN PASS with name CREATE_INTER_TREE
  Analyzing: results\1d\templ1\templ1.f
PROFILE: time for this pass = 0.000000 sec (total 0.007000 sec)
RUN PASS with name GCOV_PARSER
  Analyzing: results\1d\templ1\templ1.f
   Error: unable to open file statistic.txt
PROFILE: time for this pass = 0.000000 sec (total 0.008000 sec)
RUN PASS with name VERIFY_FORMAT
  Analyzing: results\1d\templ1\templ1.f
PROFILE: time for this pass = 0.000000 sec (total 0.008000 sec)
RUN PASS with name VERIFY_DVM_DIRS
  Analyzing: results\1d\templ1\templ1.f
PROFILE: time for this pass = 0.000000 sec (total 0.008000 sec)
RUN PASS with name PRIVATE_CALL_GRAPH_STAGE1
  Analyzing: results\1d\templ1\templ1.f
PROFILE: time for this pass = 0.000000 sec (total 0.009000 sec)
RUN PASS with name PRIVATE_CALL_GRAPH_STAGE2
  Analyzing: results\1d\templ1\templ1.f
PROFILE: time for this pass = 0.000000 sec (total 0.009000 sec)
RUN PASS with name MACRO_EXPANSION
  Analyzing: results\1d\templ1\templ1.f
PROFILE: time for this pass = 0.000000 sec (total 0.009000 sec)
RUN PASS with name CONVERT_ASSIGN_TO_LOOP
  Analyzing: results\1d\templ1\templ1.f
PROFILE: time for this pass = 0.000000 sec (total 0.009000 sec)
RUN PASS with name DEF_USE_STAGE1
  Analyzing: results\1d\templ1\templ1.f
PROFILE: time for this pass = 0.000000 sec (total 0.010000 sec)
RUN PASS with name DEF_USE_STAGE2
  Analyzing: results\1d\templ1\templ1.f
PROFILE: time for this pass = 0.000000 sec (total 0.010000 sec)
RUN PASS with name VERIFY_COMMON
  Analyzing: results\1d\templ1\templ1.f
PROFILE: time for this pass = 0.000000 sec (total 0.010000 sec)
RUN PASS with name CALL_GRAPH_IR
  Analyzing: results\1d\templ1\templ1.f
PROFILE: time for this pass = 0.000000 sec (total 0.010000 sec)
RUN PASS with name BUILD_IR
  Analyzing: results\1d\templ1\templ1.f
  count of functions 5, count of lvls 3
     RD time for 'ansyes' function is 0.000 sec, iters 1
     RD time for 'ansno' function is 0.000 sec, iters 1

     RD time for 'templ111' function is 0.000 sec, iters 3
     RD time for 'templ121' function is 0.000 sec, iters 4

     RD time for 'templ11' function is 0.000 sec, iters 1

PROFILE: time for this pass = 0.001000 sec (total 0.012000 sec)
RUN PASS with name SUBST_EXPR_RD
  Analyzing: results\1d\templ1\templ1.f
PROFILE: time for this pass = 0.000000 sec (total 0.013000 sec)
RUN PASS with name LOOP_GRAPH
  Analyzing: results\1d\templ1\templ1.f
PROFILE: time for this pass = 0.000000 sec (total 0.014000 sec)
RUN PASS with name CALL_GRAPH
  Analyzing: results\1d\templ1\templ1.f
PROFILE: time for this pass = 0.000000 sec (total 0.015000 sec)
RUN PASS with name CALL_GRAPH2
  Analyzing: results\1d\templ1\templ1.f
  run for func templ11
  run for func templ111
  run for func templ121
  run for func ansyes
  run for func ansno
PROFILE: time for this pass = 0.000000 sec (total 0.015000 sec)
RUN PASS with name GET_STATS_FOR_PREDICTOR
  Analyzing: results\1d\templ1\templ1.f
    PAR LOOP [43 results\1d\templ1\templ1.f] total exec 18, total exec lines 2, avg 9.0000000000000000e+00
    PAR LOOP [48 results\1d\templ1\templ1.f] total exec 10, total exec lines 2, avg 5.0000000000000000e+00
    PAR LOOP [53 results\1d\templ1\templ1.f] total exec 147, total exec lines 15, avg 9.8000000000000007e+00
    PAR LOOP [114 results\1d\templ1\templ1.f] total exec 227, total exec lines 4, avg 5.6750000000000000e+01
    PAR LOOP [121 results\1d\templ1\templ1.f] total exec 67, total exec lines 4, avg 1.6750000000000000e+01
    PAR LOOP [128 results\1d\templ1\templ1.f] total exec 880, total exec lines 21, avg 4.1904761904761905e+01
    average_parallel_exec 2.8104166666666668e+01
    parallel_rate 9.3810848400556324e-01
Internal error at line 315 and file PredictScheme.cpp
exception occurred
WARR - [#1049: results\1d\templ1\templ1.f: line 174]: Function is impure due to this operator usage
WARR - [#1049: results\1d\templ1\templ1.f: line 178]: Function is impure due to this operator usage
WARR - [#1049: results\1d\templ1\templ1.f: line 174]: Function is impure due to this operator usage
WARR - [#1049: results\1d\templ1\templ1.f: line 178]: Function is impure due to this operator usage
WARR - [#1049: results\1d\templ1\templ1.f: line 174]: Function is impure due to this operator usage
WARR - [#1049: results\1d\templ1\templ1.f: line 178]: Function is impure due to this operator usage
WARR - [#1015: results\1d\templ1\templ1.f: line 176]: This function is not called in current project

--------------------------------------------------
INFO.JSON file copied from ./info.json to ./results\1d\templ1\info.json

==================================================
Processing of templ1.f completed successfully at 2025-04-23 11:56:08
