=== Processing file: distrgen3.f ===
Date and time: 2025-04-23 11:57:13
Dimension: 3d
==================================================

Copied ./sources\3d\distrgen3.f to ./results\3d\distrgen3\distrgen3.f
Command: gfortran -O3 -g -fprofile-arcs -ftest-coverage "./results\3d\distrgen3\distrgen3.f" -o "./results\3d\distrgen3\distrgen3"
Output: 

--------------------------------------------------
Command: "./results\3d\distrgen3\distrgen3"
Output: 
 ===START OF distrgen3========================
 distrg31    -  complete
 distrg32    -  complete
 distrg33    -  complete
 distrg34    -  complete
 distrg35    -  complete
 distrg36    -  complete
 distrg37    -  complete
 distrg38    -  complete
 distrg39    -  complete
 distrg310   -  complete
 distrg311   -  complete
 === END OF distrgen3 ========================= 

--------------------------------------------------
Command: gcov -b "./results\3d\distrgen3\distrgen3.f"
Output: 
File 'results/3d/distrgen3/distrgen3.f'
Lines executed:76.81% of 427
Branches executed:73.25% of 628
Taken at least once:53.98% of 628
Calls executed:50.00% of 70
Creating 'distrgen3.f.gcov'

Lines executed:76.81% of 427

--------------------------------------------------
GCOV file copied from ./distrgen3.f.gcov to ./results\3d\distrgen3\distrgen3.f.gcov
Command: "../SAPFOR/_bin/Release/Sapfor_F.exe" -parse -spf "./results\3d\distrgen3\distrgen3.f"
Output: 
SAPFOR version is 2410, build date: Apr 23 2025 11:52:44, c++ version 201703
  parse file './results\3d\distrgen3\distrgen3.f'
  options: -spf 
files compilation order:
  ./results\3d\distrgen3\distrgen3.f
Parsing was completed successfully

--------------------------------------------------
Command: "../SAPFOR/_bin/Release/Sapfor_F.exe" -passN GET_STATS_FOR_PREDICTOR -keepDVM
Output: 
SAPFOR version is 2410, build date: Apr 23 2025 11:52:44, c++ version 201703
code for pass GET_STATS_FOR_PREDICTOR is 79
RUN PASS with name VERIFY_FUNC_DECL
  Analyzing: results\3d\distrgen3\distrgen3.f
PROFILE: time for this pass = 0.003000 sec (total 0.008000 sec)
RUN PASS with name FILE_LINE_INFO
  Analyzing: results\3d\distrgen3\distrgen3.f
  All lines in project 2854
PROFILE: time for this pass = 0.002000 sec (total 0.011000 sec)
RUN PASS with name BUILD_INCLUDE_DEPENDENCIES
  Analyzing: results\3d\distrgen3\distrgen3.f
PROFILE: time for this pass = 0.002000 sec (total 0.013000 sec)
RUN PASS with name CORRECT_VAR_DECL
  Analyzing: results\3d\distrgen3\distrgen3.f
PROFILE: time for this pass = 0.002000 sec (total 0.015000 sec)
RUN PASS with name VERIFY_OPERATORS
  Analyzing: results\3d\distrgen3\distrgen3.f
PROFILE: time for this pass = 0.002000 sec (total 0.018000 sec)
RUN PASS with name VERIFY_ENDDO
  Analyzing: results\3d\distrgen3\distrgen3.f
PROFILE: time for this pass = 0.002000 sec (total 0.020000 sec)
RUN PASS with name VERIFY_INCLUDES
  Analyzing: results\3d\distrgen3\distrgen3.f
PROFILE: time for this pass = 0.002000 sec (total 0.023000 sec)
RUN PASS with name PREPROC_ALLOCATES
  Analyzing: results\3d\distrgen3\distrgen3.f
  attribute (187 results\3d\distrgen3\distrgen3.f) is added to declaration on line 181 of results\3d\distrgen3\distrgen3.f file
  attribute (272 results\3d\distrgen3\distrgen3.f) is added to declaration on line 181 of results\3d\distrgen3\distrgen3.f file
  attribute (326 results\3d\distrgen3\distrgen3.f) is added to declaration on line 320 of results\3d\distrgen3\distrgen3.f file
  attribute (423 results\3d\distrgen3\distrgen3.f) is added to declaration on line 320 of results\3d\distrgen3\distrgen3.f file
  attribute (503 results\3d\distrgen3\distrgen3.f) is added to declaration on line 495 of results\3d\distrgen3\distrgen3.f file
  attribute (830 results\3d\distrgen3\distrgen3.f) is added to declaration on line 495 of results\3d\distrgen3\distrgen3.f file
  attribute (1101 results\3d\distrgen3\distrgen3.f) is added to declaration on line 1095 of results\3d\distrgen3\distrgen3.f file
  attribute (1198 results\3d\distrgen3\distrgen3.f) is added to declaration on line 1095 of results\3d\distrgen3\distrgen3.f file
  attribute (1247 results\3d\distrgen3\distrgen3.f) is added to declaration on line 1241 of results\3d\distrgen3\distrgen3.f file
  attribute (1542 results\3d\distrgen3\distrgen3.f) is added to declaration on line 1241 of results\3d\distrgen3\distrgen3.f file
  attribute (1591 results\3d\distrgen3\distrgen3.f) is added to declaration on line 1585 of results\3d\distrgen3\distrgen3.f file
  attribute (1890 results\3d\distrgen3\distrgen3.f) is added to declaration on line 1585 of results\3d\distrgen3\distrgen3.f file
  attribute (1939 results\3d\distrgen3\distrgen3.f) is added to declaration on line 1933 of results\3d\distrgen3\distrgen3.f file
  attribute (2237 results\3d\distrgen3\distrgen3.f) is added to declaration on line 1933 of results\3d\distrgen3\distrgen3.f file
  attribute (2285 results\3d\distrgen3\distrgen3.f) is added to declaration on line 2279 of results\3d\distrgen3\distrgen3.f file
  attribute (2493 results\3d\distrgen3\distrgen3.f) is added to declaration on line 2279 of results\3d\distrgen3\distrgen3.f file
  attribute (2541 results\3d\distrgen3\distrgen3.f) is added to declaration on line 2535 of results\3d\distrgen3\distrgen3.f file
  attribute (2705 results\3d\distrgen3\distrgen3.f) is added to declaration on line 2535 of results\3d\distrgen3\distrgen3.f file
  attribute (2753 results\3d\distrgen3\distrgen3.f) is added to declaration on line 2747 of results\3d\distrgen3\distrgen3.f file
  attribute (2840 results\3d\distrgen3\distrgen3.f) is added to declaration on line 2747 of results\3d\distrgen3\distrgen3.f file
PROFILE: time for this pass = 0.003000 sec (total 0.026000 sec)
RUN PASS with name CHECK_PAR_REG_DIR
  Analyzing: results\3d\distrgen3\distrgen3.f
PROFILE: time for this pass = 0.002000 sec (total 0.028000 sec)
RUN PASS with name FILL_PARALLEL_REG_IR
  Analyzing: results\3d\distrgen3\distrgen3.f
PROFILE: time for this pass = 0.003000 sec (total 0.032000 sec)
RUN PASS with name GET_ALL_ARRAY_DECL
  Analyzing: results\3d\distrgen3\distrgen3.f
PROFILE: time for this pass = 0.032000 sec (total 0.065000 sec)
RUN PASS with name FILL_COMMON_BLOCKS
  Analyzing: results\3d\distrgen3\distrgen3.f
PROFILE: time for this pass = 0.003000 sec (total 0.068000 sec)
RUN PASS with name PARSE_OMP_DIRS
  Analyzing: results\3d\distrgen3\distrgen3.f
PROFILE: time for this pass = 0.003000 sec (total 0.071000 sec)
RUN PASS with name PREPROC_SPF
  Analyzing: results\3d\distrgen3\distrgen3.f
PROFILE: time for this pass = 0.002000 sec (total 0.074000 sec)
RUN PASS with name CREATE_INTER_TREE
  Analyzing: results\3d\distrgen3\distrgen3.f
PROFILE: time for this pass = 0.015000 sec (total 0.090000 sec)
RUN PASS with name GCOV_PARSER
  Analyzing: results\3d\distrgen3\distrgen3.f
   Error: unable to open file statistic.txt
PROFILE: time for this pass = 0.006000 sec (total 0.097000 sec)
RUN PASS with name VERIFY_FORMAT
  Analyzing: results\3d\distrgen3\distrgen3.f
PROFILE: time for this pass = 0.002000 sec (total 0.100000 sec)
RUN PASS with name VERIFY_DVM_DIRS
  Analyzing: results\3d\distrgen3\distrgen3.f
PROFILE: time for this pass = 0.002000 sec (total 0.102000 sec)
RUN PASS with name PRIVATE_CALL_GRAPH_STAGE1
  Analyzing: results\3d\distrgen3\distrgen3.f
PROFILE: time for this pass = 0.002000 sec (total 0.104000 sec)
RUN PASS with name PRIVATE_CALL_GRAPH_STAGE2
  Analyzing: results\3d\distrgen3\distrgen3.f
PROFILE: time for this pass = 0.002000 sec (total 0.107000 sec)
RUN PASS with name MACRO_EXPANSION
  Analyzing: results\3d\distrgen3\distrgen3.f
PROFILE: time for this pass = 0.002000 sec (total 0.110000 sec)
RUN PASS with name CONVERT_ASSIGN_TO_LOOP
  Analyzing: results\3d\distrgen3\distrgen3.f
WARN: can not convert array assign to loop on line -3
WARN: can not convert array assign to loop on line -4
WARN: can not convert array assign to loop on line -5
WARN: can not convert array assign to loop on line -6
WARN: can not convert array assign to loop on line -7
WARN: can not convert array assign to loop on line -8
WARN: can not convert array assign to loop on line -9
WARN: can not convert array assign to loop on line -10
WARN: can not convert array assign to loop on line -11
WARN: can not convert array assign to loop on line -12
WARN: can not convert array assign to loop on line -13
WARN: can not convert array assign to loop on line -14
WARN: can not convert array assign to loop on line -15
WARN: can not convert array assign to loop on line -16
WARN: can not convert array assign to loop on line -17
WARN: can not convert array assign to loop on line -18
WARN: can not convert array assign to loop on line -19
WARN: can not convert array assign to loop on line -20
WARN: can not convert array assign to loop on line -21
WARN: can not convert array assign to loop on line -22
WARN: can not convert array assign to loop on line -23
WARN: can not convert array assign to loop on line -24
WARN: can not convert array assign to loop on line -25
WARN: can not convert array assign to loop on line -26
WARN: can not convert array assign to loop on line -27
WARN: can not convert array assign to loop on line -28
WARN: can not convert array assign to loop on line -29
WARN: can not convert array assign to loop on line -31
WARN: can not convert array assign to loop on line -32
WARN: can not convert array assign to loop on line -33
WARN: can not convert array assign to loop on line -34
WARN: can not convert array assign to loop on line -35
WARN: can not convert array assign to loop on line -36
WARN: can not convert array assign to loop on line -37
WARN: can not convert array assign to loop on line -38
WARN: can not convert array assign to loop on line -39
WARN: can not convert array assign to loop on line -40
WARN: can not convert array assign to loop on line -41
WARN: can not convert array assign to loop on line -42
WARN: can not convert array assign to loop on line -43
WARN: can not convert array assign to loop on line -44
WARN: can not convert array assign to loop on line -45
WARN: can not convert array assign to loop on line -46
WARN: can not convert array assign to loop on line -47
WARN: can not convert array assign to loop on line -48
WARN: can not convert array assign to loop on line -49
WARN: can not convert array assign to loop on line -50
WARN: can not convert array assign to loop on line -51
WARN: can not convert array assign to loop on line -52
WARN: can not convert array assign to loop on line -53
WARN: can not convert array assign to loop on line -54
WARN: can not convert array assign to loop on line -55
WARN: can not convert array assign to loop on line -56
WARN: can not convert array assign to loop on line -57
WARN: can not convert array assign to loop on line -60
WARN: can not convert array assign to loop on line -61
WARN: can not convert array assign to loop on line -62
WARN: can not convert array assign to loop on line -63
WARN: can not convert array assign to loop on line -64
WARN: can not convert array assign to loop on line -65
WARN: can not convert array assign to loop on line -66
WARN: can not convert array assign to loop on line -67
WARN: can not convert array assign to loop on line -68
WARN: can not convert array assign to loop on line -69
WARN: can not convert array assign to loop on line -70
WARN: can not convert array assign to loop on line -71
WARN: can not convert array assign to loop on line -72
WARN: can not convert array assign to loop on line -73
WARN: can not convert array assign to loop on line -74
WARN: can not convert array assign to loop on line -75
WARN: can not convert array assign to loop on line -76
WARN: can not convert array assign to loop on line -77
WARN: can not convert array assign to loop on line -78
WARN: can not convert array assign to loop on line -79
WARN: can not convert array assign to loop on line -80
WARN: can not convert array assign to loop on line -81
WARN: can not convert array assign to loop on line -82
WARN: can not convert array assign to loop on line -83
WARN: can not convert array assign to loop on line -84
WARN: can not convert array assign to loop on line -85
WARN: can not convert array assign to loop on line -86
WARN: can not convert array assign to loop on line -87
WARN: can not convert array assign to loop on line -88
WARN: can not convert array assign to loop on line -89
WARN: can not convert array assign to loop on line -90
WARN: can not convert array assign to loop on line -91
WARN: can not convert array assign to loop on line -92
WARN: can not convert array assign to loop on line -93
WARN: can not convert array assign to loop on line -94
WARN: can not convert array assign to loop on line -95
WARN: can not convert array assign to loop on line -96
WARN: can not convert array assign to loop on line -97
WARN: can not convert array assign to loop on line -98
WARN: can not convert array assign to loop on line -99
WARN: can not convert array assign to loop on line -100
WARN: can not convert array assign to loop on line -101
WARN: can not convert array assign to loop on line -102
WARN: can not convert array assign to loop on line -103
WARN: can not convert array assign to loop on line -104
WARN: can not convert array assign to loop on line -105
WARN: can not convert array assign to loop on line -106
WARN: can not convert array assign to loop on line -107
WARN: can not convert array assign to loop on line -110
WARN: can not convert array assign to loop on line -111
WARN: can not convert array assign to loop on line -112
WARN: can not convert array assign to loop on line -113
WARN: can not convert array assign to loop on line -114
WARN: can not convert array assign to loop on line -115
WARN: can not convert array assign to loop on line -116
WARN: can not convert array assign to loop on line -117
WARN: can not convert array assign to loop on line -118
WARN: can not convert array assign to loop on line -119
WARN: can not convert array assign to loop on line -120
WARN: can not convert array assign to loop on line -121
WARN: can not convert array assign to loop on line -122
WARN: can not convert array assign to loop on line -123
WARN: can not convert array assign to loop on line -124
WARN: can not convert array assign to loop on line -125
WARN: can not convert array assign to loop on line -126
WARN: can not convert array assign to loop on line -127
WARN: can not convert array assign to loop on line -128
WARN: can not convert array assign to loop on line -129
WARN: can not convert array assign to loop on line -130
WARN: can not convert array assign to loop on line -131
WARN: can not convert array assign to loop on line -132
WARN: can not convert array assign to loop on line -133
WARN: can not convert array assign to loop on line -134
WARN: can not convert array assign to loop on line -135
WARN: can not convert array assign to loop on line -136
WARN: can not convert array assign to loop on line -137
WARN: can not convert array assign to loop on line -138
WARN: can not convert array assign to loop on line -139
WARN: can not convert array assign to loop on line -140
WARN: can not convert array assign to loop on line -141
WARN: can not convert array assign to loop on line -142
WARN: can not convert array assign to loop on line -143
WARN: can not convert array assign to loop on line -144
WARN: can not convert array assign to loop on line -145
WARN: can not convert array assign to loop on line -146
WARN: can not convert array assign to loop on line -147
WARN: can not convert array assign to loop on line -148
WARN: can not convert array assign to loop on line -149
WARN: can not convert array assign to loop on line -150
WARN: can not convert array assign to loop on line -151
WARN: can not convert array assign to loop on line -152
WARN: can not convert array assign to loop on line -153
WARN: can not convert array assign to loop on line -154
WARN: can not convert array assign to loop on line -155
WARN: can not convert array assign to loop on line -156
WARN: can not convert array assign to loop on line -157
WARN: can not convert array assign to loop on line -158
WARN: can not convert array assign to loop on line -159
WARN: can not convert array assign to loop on line -160
WARN: can not convert array assign to loop on line -161
WARN: can not convert array assign to loop on line -162
WARN: can not convert array assign to loop on line -163
was on line 956 file results\3d\distrgen3\distrgen3.f
      a3 = 10
      do  i_2 = 0,15
         do  i_1 = 0,15
            do  i_0 = 0,15
               a3(i_0 + 1,i_1 + 1,i_2 + 1) = 10
            enddo  
         enddo  
      enddo  
was on line 957 file results\3d\distrgen3\distrgen3.f
      b3 = 7
      do  i_2 = 0,10
         do  i_1 = 0,16
            do  i_0 = 0,11
               b3(i_0 + 1,i_1 + 1,i_2 + 1) = 7
            enddo  
         enddo  
      enddo  
WARN: can not convert array assign to loop on line -179
WARN: can not convert array assign to loop on line -180
WARN: can not convert array assign to loop on line -181
WARN: can not convert array assign to loop on line -182
WARN: can not convert array assign to loop on line -183
WARN: can not convert array assign to loop on line -184
WARN: can not convert array assign to loop on line -185
WARN: can not convert array assign to loop on line -186
WARN: can not convert array assign to loop on line -187
WARN: can not convert array assign to loop on line -188
WARN: can not convert array assign to loop on line -189
WARN: can not convert array assign to loop on line -190
WARN: can not convert array assign to loop on line -191
WARN: can not convert array assign to loop on line -192
WARN: can not convert array assign to loop on line -193
WARN: can not convert array assign to loop on line -194
WARN: can not convert array assign to loop on line -195
WARN: can not convert array assign to loop on line -196
WARN: can not convert array assign to loop on line -197
WARN: can not convert array assign to loop on line -198
WARN: can not convert array assign to loop on line -199
WARN: can not convert array assign to loop on line -200
WARN: can not convert array assign to loop on line -201
WARN: can not convert array assign to loop on line -202
WARN: can not convert array assign to loop on line -203
WARN: can not convert array assign to loop on line -204
WARN: can not convert array assign to loop on line -205
WARN: can not convert array assign to loop on line -207
WARN: can not convert array assign to loop on line -208
WARN: can not convert array assign to loop on line -209
WARN: can not convert array assign to loop on line -210
WARN: can not convert array assign to loop on line -211
WARN: can not convert array assign to loop on line -212
WARN: can not convert array assign to loop on line -213
WARN: can not convert array assign to loop on line -214
WARN: can not convert array assign to loop on line -215
WARN: can not convert array assign to loop on line -216
WARN: can not convert array assign to loop on line -217
WARN: can not convert array assign to loop on line -218
WARN: can not convert array assign to loop on line -219
WARN: can not convert array assign to loop on line -220
WARN: can not convert array assign to loop on line -221
WARN: can not convert array assign to loop on line -222
WARN: can not convert array assign to loop on line -223
WARN: can not convert array assign to loop on line -224
WARN: can not convert array assign to loop on line -225
WARN: can not convert array assign to loop on line -226
WARN: can not convert array assign to loop on line -227
WARN: can not convert array assign to loop on line -228
WARN: can not convert array assign to loop on line -229
WARN: can not convert array assign to loop on line -230
WARN: can not convert array assign to loop on line -232
WARN: can not convert array assign to loop on line -233
WARN: can not convert array assign to loop on line -234
WARN: can not convert array assign to loop on line -235
WARN: can not convert array assign to loop on line -236
WARN: can not convert array assign to loop on line -237
WARN: can not convert array assign to loop on line -238
WARN: can not convert array assign to loop on line -239
WARN: can not convert array assign to loop on line -240
WARN: can not convert array assign to loop on line -241
WARN: can not convert array assign to loop on line -242
WARN: can not convert array assign to loop on line -243
WARN: can not convert array assign to loop on line -244
WARN: can not convert array assign to loop on line -245
WARN: can not convert array assign to loop on line -246
WARN: can not convert array assign to loop on line -247
WARN: can not convert array assign to loop on line -248
WARN: can not convert array assign to loop on line -249
WARN: can not convert array assign to loop on line -250
WARN: can not convert array assign to loop on line -251
WARN: can not convert array assign to loop on line -252
WARN: can not convert array assign to loop on line -253
WARN: can not convert array assign to loop on line -254
WARN: can not convert array assign to loop on line -255
WARN: can not convert array assign to loop on line -257
WARN: can not convert array assign to loop on line -258
WARN: can not convert array assign to loop on line -259
WARN: can not convert array assign to loop on line -260
WARN: can not convert array assign to loop on line -261
WARN: can not convert array assign to loop on line -262
WARN: can not convert array assign to loop on line -263
WARN: can not convert array assign to loop on line -264
WARN: can not convert array assign to loop on line -265
WARN: can not convert array assign to loop on line -266
WARN: can not convert array assign to loop on line -267
WARN: can not convert array assign to loop on line -268
WARN: can not convert array assign to loop on line -269
WARN: can not convert array assign to loop on line -270
WARN: can not convert array assign to loop on line -271
WARN: can not convert array assign to loop on line -272
WARN: can not convert array assign to loop on line -273
WARN: can not convert array assign to loop on line -274
WARN: can not convert array assign to loop on line -275
WARN: can not convert array assign to loop on line -276
WARN: can not convert array assign to loop on line -277
WARN: can not convert array assign to loop on line -278
WARN: can not convert array assign to loop on line -279
WARN: can not convert array assign to loop on line -280
WARN: can not convert array assign to loop on line -282
WARN: can not convert array assign to loop on line -283
WARN: can not convert array assign to loop on line -284
WARN: can not convert array assign to loop on line -285
WARN: can not convert array assign to loop on line -286
WARN: can not convert array assign to loop on line -287
WARN: can not convert array assign to loop on line -288
WARN: can not convert array assign to loop on line -289
WARN: can not convert array assign to loop on line -290
WARN: can not convert array assign to loop on line -291
WARN: can not convert array assign to loop on line -292
WARN: can not convert array assign to loop on line -293
WARN: can not convert array assign to loop on line -294
WARN: can not convert array assign to loop on line -295
WARN: can not convert array assign to loop on line -296
WARN: can not convert array assign to loop on line -297
WARN: can not convert array assign to loop on line -298
WARN: can not convert array assign to loop on line -299
WARN: can not convert array assign to loop on line -300
WARN: can not convert array assign to loop on line -301
WARN: can not convert array assign to loop on line -302
WARN: can not convert array assign to loop on line -303
WARN: can not convert array assign to loop on line -304
WARN: can not convert array assign to loop on line -305
WARN: can not convert array assign to loop on line -307
WARN: can not convert array assign to loop on line -308
WARN: can not convert array assign to loop on line -309
WARN: can not convert array assign to loop on line -310
WARN: can not convert array assign to loop on line -311
WARN: can not convert array assign to loop on line -312
WARN: can not convert array assign to loop on line -313
WARN: can not convert array assign to loop on line -314
WARN: can not convert array assign to loop on line -315
WARN: can not convert array assign to loop on line -316
WARN: can not convert array assign to loop on line -317
WARN: can not convert array assign to loop on line -318
WARN: can not convert array assign to loop on line -319
WARN: can not convert array assign to loop on line -320
WARN: can not convert array assign to loop on line -321
WARN: can not convert array assign to loop on line -322
WARN: can not convert array assign to loop on line -323
WARN: can not convert array assign to loop on line -324
WARN: can not convert array assign to loop on line -325
WARN: can not convert array assign to loop on line -326
WARN: can not convert array assign to loop on line -327
WARN: can not convert array assign to loop on line -328
WARN: can not convert array assign to loop on line -329
WARN: can not convert array assign to loop on line -330
WARN: can not convert array assign to loop on line -332
WARN: can not convert array assign to loop on line -333
WARN: can not convert array assign to loop on line -334
WARN: can not convert array assign to loop on line -335
WARN: can not convert array assign to loop on line -336
WARN: can not convert array assign to loop on line -337
WARN: can not convert array assign to loop on line -338
WARN: can not convert array assign to loop on line -339
WARN: can not convert array assign to loop on line -340
WARN: can not convert array assign to loop on line -341
WARN: can not convert array assign to loop on line -342
WARN: can not convert array assign to loop on line -343
WARN: can not convert array assign to loop on line -344
WARN: can not convert array assign to loop on line -345
WARN: can not convert array assign to loop on line -346
WARN: can not convert array assign to loop on line -347
WARN: can not convert array assign to loop on line -348
WARN: can not convert array assign to loop on line -349
WARN: can not convert array assign to loop on line -350
WARN: can not convert array assign to loop on line -351
WARN: can not convert array assign to loop on line -352
WARN: can not convert array assign to loop on line -353
WARN: can not convert array assign to loop on line -354
WARN: can not convert array assign to loop on line -355
PROFILE: time for this pass = 0.012000 sec (total 0.123000 sec)
RUN PASS with name DEF_USE_STAGE1
  Analyzing: results\3d\distrgen3\distrgen3.f
PROFILE: time for this pass = 0.025000 sec (total 0.148000 sec)
RUN PASS with name DEF_USE_STAGE2
  Analyzing: results\3d\distrgen3\distrgen3.f
PROFILE: time for this pass = 0.003000 sec (total 0.152000 sec)
RUN PASS with name VERIFY_COMMON
  Analyzing: results\3d\distrgen3\distrgen3.f
PROFILE: time for this pass = 0.002000 sec (total 0.154000 sec)
RUN PASS with name CALL_GRAPH_IR
  Analyzing: results\3d\distrgen3\distrgen3.f
PROFILE: time for this pass = 0.023000 sec (total 0.178000 sec)
RUN PASS with name BUILD_IR
  Analyzing: results\3d\distrgen3\distrgen3.f
  count of functions 14, count of lvls 3
     RD time for 'ansno' function is 0.000 sec, iters 1
     RD time for 'ansyes' function is 0.000 sec, iters 1

     RD time for 'distrg31' function is 0.000 sec, iters 5
     RD time for 'distrg32' function is 0.000 sec, iters 5
     RD time for 'distrg35' function is 0.000 sec, iters 5
     RD time for 'distrg34' function is 0.001 sec, iters 5
     RD time for 'distrg33' function is 0.001 sec, iters 5
     RD time for 'distrg37' function is 0.001 sec, iters 5
     RD time for 'distrg311' function is 0.000 sec, iters 5
     RD time for 'distrg39' function is 0.001 sec, iters 5
     RD time for 'distrg310' function is 0.000 sec, iters 5
     RD time for 'distrg36' function is 0.001 sec, iters 5
     RD time for 'distrg38' function is 0.001 sec, iters 5

     RD time for 'distrg3' function is 0.000 sec, iters 3

PROFILE: time for this pass = 0.022000 sec (total 0.201000 sec)
RUN PASS with name SUBST_EXPR_RD
  Analyzing: results\3d\distrgen3\distrgen3.f
PROFILE: time for this pass = 0.010000 sec (total 0.211000 sec)
RUN PASS with name LOOP_GRAPH
  Analyzing: results\3d\distrgen3\distrgen3.f
PROFILE: time for this pass = 0.010000 sec (total 0.222000 sec)
RUN PASS with name CALL_GRAPH
  Analyzing: results\3d\distrgen3\distrgen3.f
PROFILE: time for this pass = 0.014000 sec (total 0.236000 sec)
RUN PASS with name CALL_GRAPH2
  Analyzing: results\3d\distrgen3\distrgen3.f
  run for func distrg3
  run for func distrg31
  run for func distrg32
  run for func distrg33
  run for func distrg34
  run for func distrg35
  run for func distrg36
  run for func distrg37
  run for func distrg38
  run for func distrg39
  run for func distrg310
  run for func distrg311
  run for func ansyes
  run for func ansno
  added conflict messages to loop on line 16
PROFILE: time for this pass = 0.006000 sec (total 0.242000 sec)
RUN PASS with name GET_STATS_FOR_PREDICTOR
  Analyzing: results\3d\distrgen3\distrgen3.f
    PAR LOOP [215 results\3d\distrgen3\distrgen3.f] total exec 861, total exec lines 6, avg 1.4350000000000000e+02
    PAR LOOP [253 results\3d\distrgen3\distrgen3.f] total exec 1113, total exec lines 8, avg 1.3912500000000000e+02
    PAR LOOP [354 results\3d\distrgen3\distrgen3.f] total exec 2299, total exec lines 6, avg 3.8316666666666669e+02
    PAR LOOP [367 results\3d\distrgen3\distrgen3.f] total exec 2299, total exec lines 6, avg 3.8316666666666669e+02
    PAR LOOP [404 results\3d\distrgen3\distrgen3.f] total exec 3019, total exec lines 8, avg 3.7737500000000000e+02
    PAR LOOP [619 results\3d\distrgen3\distrgen3.f] total exec 10875, total exec lines 6, avg 1.8125000000000000e+03
    PAR LOOP [628 results\3d\distrgen3\distrgen3.f] total exec 3553, total exec lines 6, avg 5.9216666666666663e+02
    PAR LOOP [667 results\3d\distrgen3\distrgen3.f] total exec 10875, total exec lines 6, avg 1.8125000000000000e+03
    PAR LOOP [675 results\3d\distrgen3\distrgen3.f] total exec 3553, total exec lines 6, avg 5.9216666666666663e+02
    PAR LOOP [800 results\3d\distrgen3\distrgen3.f] total exec 17607, total exec lines 9, avg 1.9563333333333333e+03
    PAR LOOP [811 results\3d\distrgen3\distrgen3.f] total exec 4653, total exec lines 8, avg 5.8162500000000000e+02
    PAR LOOP [962 results\3d\distrgen3\distrgen3.f] total exec 13651, total exec lines 6, avg 2.2751666666666665e+03
    PAR LOOP [971 results\3d\distrgen3\distrgen3.f] total exec 7815, total exec lines 6, avg 1.3025000000000000e+03
    PAR LOOP [1019 results\3d\distrgen3\distrgen3.f] total exec 22099, total exec lines 9, avg 2.4554444444444443e+03
    PAR LOOP [1030 results\3d\distrgen3\distrgen3.f] total exec 10263, total exec lines 8, avg 1.2828750000000000e+03
    PAR LOOP [1129 results\3d\distrgen3\distrgen3.f] total exec 13651, total exec lines 6, avg 2.2751666666666665e+03
    PAR LOOP [1142 results\3d\distrgen3\distrgen3.f] total exec 13651, total exec lines 6, avg 2.2751666666666665e+03
    PAR LOOP [1179 results\3d\distrgen3\distrgen3.f] total exec 18003, total exec lines 8, avg 2.2503750000000000e+03
    PAR LOOP [1314 results\3d\distrgen3\distrgen3.f] total exec 2943, total exec lines 6, avg 4.9050000000000000e+02
    PAR LOOP [1340 results\3d\distrgen3\distrgen3.f] total exec 2943, total exec lines 6, avg 4.9050000000000000e+02
    PAR LOOP [1430 results\3d\distrgen3\distrgen3.f] total exec 2943, total exec lines 6, avg 4.9050000000000000e+02
    PAR LOOP [1522 results\3d\distrgen3\distrgen3.f] total exec 4527, total exec lines 9, avg 5.0300000000000000e+02
    PAR LOOP [1674 results\3d\distrgen3\distrgen3.f] total exec 7553, total exec lines 6, avg 1.2588333333333333e+03
    PAR LOOP [1704 results\3d\distrgen3\distrgen3.f] total exec 7553, total exec lines 6, avg 1.2588333333333333e+03
    PAR LOOP [1794 results\3d\distrgen3\distrgen3.f] total exec 7553, total exec lines 6, avg 1.2588333333333333e+03
    PAR LOOP [1870 results\3d\distrgen3\distrgen3.f] total exec 12203, total exec lines 9, avg 1.3558888888888889e+03
    PAR LOOP [2006 results\3d\distrgen3\distrgen3.f] total exec 1258, total exec lines 6, avg 2.0966666666666666e+02
    PAR LOOP [2036 results\3d\distrgen3\distrgen3.f] total exec 1258, total exec lines 6, avg 2.0966666666666666e+02
    PAR LOOP [2126 results\3d\distrgen3\distrgen3.f] total exec 1258, total exec lines 6, avg 2.0966666666666666e+02
    PAR LOOP [2218 results\3d\distrgen3\distrgen3.f] total exec 1648, total exec lines 8, avg 2.0600000000000000e+02
    PAR LOOP [2368 results\3d\distrgen3\distrgen3.f] total exec 5653, total exec lines 6, avg 9.4216666666666663e+02
    PAR LOOP [2398 results\3d\distrgen3\distrgen3.f] total exec 5653, total exec lines 6, avg 9.4216666666666663e+02
    PAR LOOP [2474 results\3d\distrgen3\distrgen3.f] total exec 7413, total exec lines 8, avg 9.2662500000000000e+02
    PAR LOOP [2624 results\3d\distrgen3\distrgen3.f] total exec 10603, total exec lines 6, avg 1.7671666666666667e+03
    PAR LOOP [2654 results\3d\distrgen3\distrgen3.f] total exec 10603, total exec lines 6, avg 1.7671666666666667e+03
    PAR LOOP [2686 results\3d\distrgen3\distrgen3.f] total exec 13903, total exec lines 8, avg 1.7378750000000000e+03
    PAR LOOP [2776 results\3d\distrgen3\distrgen3.f] total exec 9899, total exec lines 6, avg 1.6498333333333333e+03
    PAR LOOP [2789 results\3d\distrgen3\distrgen3.f] total exec 9899, total exec lines 6, avg 1.6498333333333333e+03
    PAR LOOP [2821 results\3d\distrgen3\distrgen3.f] total exec 13099, total exec lines 8, avg 1.6373750000000000e+03
    average_parallel_exec 1.1371401515151515e+03
    parallel_rate 9.7726162961033891e-01
PROFILE: time for this pass = 0.070000 sec (total 0.313000 sec)

--------------------------------------------------
INFO.JSON file copied from ./info.json to ./results\3d\distrgen3\info.json

==================================================
Processing of distrgen3.f completed successfully at 2025-04-23 11:57:15
