=== Processing file: rem32.f ===
Date and time: 2025-05-06 00:26:13
Dimension: 3d
==================================================

Copied ./sources\3d\rem32.f to ./results\3d\rem32\rem32.f
Command: gfortran -O3 -g -fprofile-arcs -ftest-coverage "./results\3d\rem32\rem32.f" -o "./results\3d\rem32\rem32"
Output: 

--------------------------------------------------
Command: "./results\3d\rem32\rem32"
Output: 
 ===START OF REM32========================
 REM3201  -  complete
 REM3202  -  complete
 REM3203  -  complete
 REM3204  -  complete
 REM3205  -  complete
 REM3206  -  complete
 REM3207  -  complete
 REM3208  -  complete
 REM3209  -  complete
 REM3210  -  complete
 REM3211  -  complete
 REM3212  -  complete
 REM3213  -  complete
 === END OF REM32 ========================= 

--------------------------------------------------
Command: gcov -b "./results\3d\rem32\rem32.f"
Output: 
File 'results/3d/rem32/rem32.f'
Lines executed:90.88% of 362
Branches executed:100.00% of 404
Taken at least once:71.78% of 404
Calls executed:31.71% of 164
Creating 'rem32.f.gcov'

Lines executed:90.88% of 362

--------------------------------------------------
GCOV file copied from ./rem32.f.gcov to ./results\3d\rem32\rem32.f.gcov
Command: "../SAPFOR/_bin/Release/Sapfor_F.exe" -parse -spf "./results\3d\rem32\rem32.f"
Output: 
SAPFOR version is 2410, build date: Apr 23 2025 11:52:44, c++ version 201703
  parse file './results\3d\rem32\rem32.f'
  options: -spf 
files compilation order:
  ./results\3d\rem32\rem32.f
Parsing was completed successfully

--------------------------------------------------
Command: "../SAPFOR/_bin/Release/Sapfor_F.exe" -passN GET_STATS_FOR_PREDICTOR -keepDVM
Output: 
SAPFOR version is 2410, build date: Apr 23 2025 11:52:44, c++ version 201703
code for pass GET_STATS_FOR_PREDICTOR is 79
RUN PASS with name VERIFY_FUNC_DECL
  Analyzing: results\3d\rem32\rem32.f
PROFILE: time for this pass = 0.000000 sec (total 0.003000 sec)
RUN PASS with name FILE_LINE_INFO
  Analyzing: results\3d\rem32\rem32.f
  All lines in project 763
PROFILE: time for this pass = 0.000000 sec (total 0.004000 sec)
RUN PASS with name BUILD_INCLUDE_DEPENDENCIES
  Analyzing: results\3d\rem32\rem32.f
PROFILE: time for this pass = 0.000000 sec (total 0.004000 sec)
RUN PASS with name CORRECT_VAR_DECL
  Analyzing: results\3d\rem32\rem32.f
PROFILE: time for this pass = 0.000000 sec (total 0.005000 sec)
RUN PASS with name VERIFY_OPERATORS
  Analyzing: results\3d\rem32\rem32.f
PROFILE: time for this pass = 0.000000 sec (total 0.006000 sec)
RUN PASS with name VERIFY_ENDDO
  Analyzing: results\3d\rem32\rem32.f
PROFILE: time for this pass = 0.000000 sec (total 0.007000 sec)
RUN PASS with name VERIFY_INCLUDES
  Analyzing: results\3d\rem32\rem32.f
PROFILE: time for this pass = 0.000000 sec (total 0.008000 sec)
RUN PASS with name PREPROC_ALLOCATES
  Analyzing: results\3d\rem32\rem32.f
  attribute (49 results\3d\rem32\rem32.f) is added to declaration on line 41 of results\3d\rem32\rem32.f file
  attribute (74 results\3d\rem32\rem32.f) is added to declaration on line 41 of results\3d\rem32\rem32.f file
  attribute (89 results\3d\rem32\rem32.f) is added to declaration on line 81 of results\3d\rem32\rem32.f file
  attribute (114 results\3d\rem32\rem32.f) is added to declaration on line 81 of results\3d\rem32\rem32.f file
  attribute (129 results\3d\rem32\rem32.f) is added to declaration on line 121 of results\3d\rem32\rem32.f file
  attribute (165 results\3d\rem32\rem32.f) is added to declaration on line 121 of results\3d\rem32\rem32.f file
  attribute (180 results\3d\rem32\rem32.f) is added to declaration on line 172 of results\3d\rem32\rem32.f file
  attribute (215 results\3d\rem32\rem32.f) is added to declaration on line 172 of results\3d\rem32\rem32.f file
  attribute (229 results\3d\rem32\rem32.f) is added to declaration on line 221 of results\3d\rem32\rem32.f file
  attribute (264 results\3d\rem32\rem32.f) is added to declaration on line 221 of results\3d\rem32\rem32.f file
  attribute (278 results\3d\rem32\rem32.f) is added to declaration on line 270 of results\3d\rem32\rem32.f file
  attribute (313 results\3d\rem32\rem32.f) is added to declaration on line 270 of results\3d\rem32\rem32.f file
  attribute (328 results\3d\rem32\rem32.f) is added to declaration on line 320 of results\3d\rem32\rem32.f file
  attribute (371 results\3d\rem32\rem32.f) is added to declaration on line 320 of results\3d\rem32\rem32.f file
  attribute (385 results\3d\rem32\rem32.f) is added to declaration on line 377 of results\3d\rem32\rem32.f file
  attribute (432 results\3d\rem32\rem32.f) is added to declaration on line 377 of results\3d\rem32\rem32.f file
  attribute (446 results\3d\rem32\rem32.f) is added to declaration on line 438 of results\3d\rem32\rem32.f file
  attribute (492 results\3d\rem32\rem32.f) is added to declaration on line 438 of results\3d\rem32\rem32.f file
  attribute (507 results\3d\rem32\rem32.f) is added to declaration on line 499 of results\3d\rem32\rem32.f file
  attribute (554 results\3d\rem32\rem32.f) is added to declaration on line 499 of results\3d\rem32\rem32.f file
  attribute (569 results\3d\rem32\rem32.f) is added to declaration on line 561 of results\3d\rem32\rem32.f file
  attribute (616 results\3d\rem32\rem32.f) is added to declaration on line 561 of results\3d\rem32\rem32.f file
  attribute (631 results\3d\rem32\rem32.f) is added to declaration on line 623 of results\3d\rem32\rem32.f file
  attribute (678 results\3d\rem32\rem32.f) is added to declaration on line 623 of results\3d\rem32\rem32.f file
  attribute (692 results\3d\rem32\rem32.f) is added to declaration on line 684 of results\3d\rem32\rem32.f file
  attribute (739 results\3d\rem32\rem32.f) is added to declaration on line 684 of results\3d\rem32\rem32.f file
PROFILE: time for this pass = 0.001000 sec (total 0.009000 sec)
RUN PASS with name CHECK_PAR_REG_DIR
  Analyzing: results\3d\rem32\rem32.f
PROFILE: time for this pass = 0.000000 sec (total 0.010000 sec)
RUN PASS with name FILL_PARALLEL_REG_IR
  Analyzing: results\3d\rem32\rem32.f
PROFILE: time for this pass = 0.001000 sec (total 0.011000 sec)
RUN PASS with name GET_ALL_ARRAY_DECL
  Analyzing: results\3d\rem32\rem32.f
PROFILE: time for this pass = 0.005000 sec (total 0.017000 sec)
RUN PASS with name FILL_COMMON_BLOCKS
  Analyzing: results\3d\rem32\rem32.f
PROFILE: time for this pass = 0.000000 sec (total 0.018000 sec)
RUN PASS with name PARSE_OMP_DIRS
  Analyzing: results\3d\rem32\rem32.f
PROFILE: time for this pass = 0.000000 sec (total 0.019000 sec)
RUN PASS with name PREPROC_SPF
  Analyzing: results\3d\rem32\rem32.f
PROFILE: time for this pass = 0.000000 sec (total 0.020000 sec)
RUN PASS with name CREATE_INTER_TREE
  Analyzing: results\3d\rem32\rem32.f
PROFILE: time for this pass = 0.002000 sec (total 0.023000 sec)
RUN PASS with name GCOV_PARSER
  Analyzing: results\3d\rem32\rem32.f
   Error: unable to open file statistic.txt
PROFILE: time for this pass = 0.002000 sec (total 0.025000 sec)
RUN PASS with name VERIFY_FORMAT
  Analyzing: results\3d\rem32\rem32.f
PROFILE: time for this pass = 0.000000 sec (total 0.026000 sec)
RUN PASS with name VERIFY_DVM_DIRS
  Analyzing: results\3d\rem32\rem32.f
PROFILE: time for this pass = 0.000000 sec (total 0.026000 sec)
RUN PASS with name PRIVATE_CALL_GRAPH_STAGE1
  Analyzing: results\3d\rem32\rem32.f
PROFILE: time for this pass = 0.000000 sec (total 0.027000 sec)
RUN PASS with name PRIVATE_CALL_GRAPH_STAGE2
  Analyzing: results\3d\rem32\rem32.f
PROFILE: time for this pass = 0.000000 sec (total 0.028000 sec)
RUN PASS with name MACRO_EXPANSION
  Analyzing: results\3d\rem32\rem32.f
PROFILE: time for this pass = 0.000000 sec (total 0.029000 sec)
RUN PASS with name CONVERT_ASSIGN_TO_LOOP
  Analyzing: results\3d\rem32\rem32.f
PROFILE: time for this pass = 0.001000 sec (total 0.031000 sec)
RUN PASS with name DEF_USE_STAGE1
  Analyzing: results\3d\rem32\rem32.f
PROFILE: time for this pass = 0.004000 sec (total 0.035000 sec)
RUN PASS with name DEF_USE_STAGE2
  Analyzing: results\3d\rem32\rem32.f
PROFILE: time for this pass = 0.000000 sec (total 0.036000 sec)
RUN PASS with name VERIFY_COMMON
  Analyzing: results\3d\rem32\rem32.f
PROFILE: time for this pass = 0.000000 sec (total 0.036000 sec)
RUN PASS with name CALL_GRAPH_IR
  Analyzing: results\3d\rem32\rem32.f
PROFILE: time for this pass = 0.003000 sec (total 0.040000 sec)
RUN PASS with name BUILD_IR
  Analyzing: results\3d\rem32\rem32.f
  count of functions 17, count of lvls 3
     RD time for 'serial3' function is 0.000 sec, iters 5
     RD time for 'ansyes' function is 0.000 sec, iters 1
     RD time for 'ansno' function is 0.000 sec, iters 1

     RD time for 'rem3207' function is 0.000 sec, iters 5
     RD time for 'rem3205' function is 0.000 sec, iters 5
     RD time for 'rem3210' function is 0.000 sec, iters 5
     RD time for 'rem3211' function is 0.000 sec, iters 5
     RD time for 'rem3212' function is 0.000 sec, iters 5
     RD time for 'rem3208' function is 0.000 sec, iters 5
     RD time for 'rem3206' function is 0.000 sec, iters 5
     RD time for 'rem3204' function is 0.000 sec, iters 5
     RD time for 'rem3202' function is 0.000 sec, iters 5
     RD time for 'rem3209' function is 0.000 sec, iters 5
     RD time for 'rem3201' function is 0.000 sec, iters 5
     RD time for 'rem3203' function is 0.000 sec, iters 5
     RD time for 'rem3213' function is 0.000 sec, iters 5

     RD time for 'rem32' function is 0.000 sec, iters 1

PROFILE: time for this pass = 0.010000 sec (total 0.050000 sec)
RUN PASS with name SUBST_EXPR_RD
  Analyzing: results\3d\rem32\rem32.f
PROFILE: time for this pass = 0.004000 sec (total 0.055000 sec)
RUN PASS with name LOOP_GRAPH
  Analyzing: results\3d\rem32\rem32.f
PROFILE: time for this pass = 0.002000 sec (total 0.058000 sec)
RUN PASS with name CALL_GRAPH
  Analyzing: results\3d\rem32\rem32.f
PROFILE: time for this pass = 0.005000 sec (total 0.064000 sec)
RUN PASS with name CALL_GRAPH2
  Analyzing: results\3d\rem32\rem32.f
  run for func rem32
  run for func rem3201
  run for func rem3202
  run for func rem3203
  run for func rem3204
  run for func rem3205
  run for func rem3206
  run for func rem3207
  run for func rem3208
  run for func rem3209
  run for func rem3210
  run for func rem3211
  run for func rem3212
  run for func rem3213
  run for func serial3
  run for func ansyes
  run for func ansno
  added conflict messages to loop on line 150
PROFILE: time for this pass = 0.002000 sec (total 0.066000 sec)
RUN PASS with name GET_STATS_FOR_PREDICTOR
  Analyzing: results\3d\rem32\rem32.f
    PAR LOOP [57 results\3d\rem32\rem32.f] total exec 587, total exec lines 6, avg 9.7833333333333329e+01
    PAR LOOP [98 results\3d\rem32\rem32.f] total exec 587, total exec lines 6, avg 9.7833333333333329e+01
    PAR LOOP [140 results\3d\rem32\rem32.f] total exec 587, total exec lines 6, avg 9.7833333333333329e+01
    PAR LOOP [191 results\3d\rem32\rem32.f] total exec 587, total exec lines 6, avg 9.7833333333333329e+01
    PAR LOOP [240 results\3d\rem32\rem32.f] total exec 587, total exec lines 6, avg 9.7833333333333329e+01
    PAR LOOP [289 results\3d\rem32\rem32.f] total exec 587, total exec lines 6, avg 9.7833333333333329e+01
    PAR LOOP [339 results\3d\rem32\rem32.f] total exec 587, total exec lines 6, avg 9.7833333333333329e+01
    PAR LOOP [394 results\3d\rem32\rem32.f] total exec 587, total exec lines 6, avg 9.7833333333333329e+01
    PAR LOOP [403 results\3d\rem32\rem32.f] total exec 587, total exec lines 6, avg 9.7833333333333329e+01
    PAR LOOP [413 results\3d\rem32\rem32.f] total exec 747, total exec lines 10, avg 7.4700000000000003e+01
    PAR LOOP [454 results\3d\rem32\rem32.f] total exec 587, total exec lines 6, avg 9.7833333333333329e+01
    PAR LOOP [463 results\3d\rem32\rem32.f] total exec 587, total exec lines 6, avg 9.7833333333333329e+01
    PAR LOOP [473 results\3d\rem32\rem32.f] total exec 747, total exec lines 10, avg 7.4700000000000003e+01
    PAR LOOP [516 results\3d\rem32\rem32.f] total exec 587, total exec lines 6, avg 9.7833333333333329e+01
    PAR LOOP [525 results\3d\rem32\rem32.f] total exec 587, total exec lines 6, avg 9.7833333333333329e+01
    PAR LOOP [535 results\3d\rem32\rem32.f] total exec 747, total exec lines 10, avg 7.4700000000000003e+01
    PAR LOOP [578 results\3d\rem32\rem32.f] total exec 587, total exec lines 6, avg 9.7833333333333329e+01
    PAR LOOP [587 results\3d\rem32\rem32.f] total exec 587, total exec lines 6, avg 9.7833333333333329e+01
    PAR LOOP [597 results\3d\rem32\rem32.f] total exec 747, total exec lines 10, avg 7.4700000000000003e+01
    PAR LOOP [640 results\3d\rem32\rem32.f] total exec 587, total exec lines 6, avg 9.7833333333333329e+01
    PAR LOOP [649 results\3d\rem32\rem32.f] total exec 587, total exec lines 6, avg 9.7833333333333329e+01
    PAR LOOP [659 results\3d\rem32\rem32.f] total exec 747, total exec lines 10, avg 7.4700000000000003e+01
    PAR LOOP [700 results\3d\rem32\rem32.f] total exec 587, total exec lines 6, avg 9.7833333333333329e+01
    PAR LOOP [710 results\3d\rem32\rem32.f] total exec 587, total exec lines 6, avg 9.7833333333333329e+01
    PAR LOOP [720 results\3d\rem32\rem32.f] total exec 747, total exec lines 10, avg 7.4700000000000003e+01
    average_parallel_exec 8.9856321839080465e+01
    parallel_rate 6.3541412663577990e-01
PROFILE: time for this pass = 0.027000 sec (total 0.094000 sec)

--------------------------------------------------
INFO.JSON file copied from ./info.json to ./results\3d\rem32\info.json

==================================================
Processing of rem32.f completed successfully at 2025-05-06 00:26:15
