=== Processing file: cons11.f ===
Date and time: 2025-04-23 11:54:31
Dimension: 1d
==================================================

Copied ./sources\1d\cons11.f to ./results\1d\cons11\cons11.f
Command: gfortran -O3 -g -fprofile-arcs -ftest-coverage "./results\1d\cons11\cons11.f" -o "./results\1d\cons11\cons11"
Output: 

--------------------------------------------------
Command: "./results\1d\cons11\cons11"
Output: 
 ===START OF CONS11========================
 CONS1101  -  complete
 CONS1102  -  complete
 CONS1103  -  complete
 CONS1104  -  complete
 CONS1105  -  complete
 CONS1106  -  complete
 CONS1107  -  complete
 CONS1108  -  complete
 CONS1109  -  complete
 CONS1110  -  complete
 CONS1111  -  complete
 CONS1112  -  complete
 CONS1113  -  complete
 CONS1114  -  complete
 CONS1115  -  complete
 CONS1116  -  complete
 === END OF CONS11 ========================= 

--------------------------------------------------
Command: gcov -b "./results\1d\cons11\cons11.f"
Output: 
File 'results/1d/cons11/cons11.f'
Lines executed:95.99% of 474
Branches executed:100.00% of 712
Taken at least once:77.53% of 712
Calls executed:24.32% of 185
Creating 'cons11.f.gcov'

Lines executed:95.99% of 474

--------------------------------------------------
GCOV file copied from ./cons11.f.gcov to ./results\1d\cons11\cons11.f.gcov
Command: "../SAPFOR/_bin/Release/Sapfor_F.exe" -parse -spf "./results\1d\cons11\cons11.f"
Output: 
SAPFOR version is 2410, build date: Apr 23 2025 11:52:44, c++ version 201703
  parse file './results\1d\cons11\cons11.f'
  options: -spf 
files compilation order:
  ./results\1d\cons11\cons11.f
Parsing was completed successfully

--------------------------------------------------
Command: "../SAPFOR/_bin/Release/Sapfor_F.exe" -passN GET_STATS_FOR_PREDICTOR -keepDVM
Output: 
SAPFOR version is 2410, build date: Apr 23 2025 11:52:44, c++ version 201703
code for pass GET_STATS_FOR_PREDICTOR is 79
RUN PASS with name VERIFY_FUNC_DECL
  Analyzing: results\1d\cons11\cons11.f
PROFILE: time for this pass = 0.001000 sec (total 0.004000 sec)
RUN PASS with name FILE_LINE_INFO
  Analyzing: results\1d\cons11\cons11.f
  All lines in project 1113
PROFILE: time for this pass = 0.001000 sec (total 0.005000 sec)
RUN PASS with name BUILD_INCLUDE_DEPENDENCIES
  Analyzing: results\1d\cons11\cons11.f
PROFILE: time for this pass = 0.000000 sec (total 0.006000 sec)
RUN PASS with name CORRECT_VAR_DECL
  Analyzing: results\1d\cons11\cons11.f
PROFILE: time for this pass = 0.000000 sec (total 0.007000 sec)
RUN PASS with name VERIFY_OPERATORS
  Analyzing: results\1d\cons11\cons11.f
PROFILE: time for this pass = 0.001000 sec (total 0.008000 sec)
RUN PASS with name VERIFY_ENDDO
  Analyzing: results\1d\cons11\cons11.f
PROFILE: time for this pass = 0.000000 sec (total 0.009000 sec)
RUN PASS with name VERIFY_INCLUDES
  Analyzing: results\1d\cons11\cons11.f
PROFILE: time for this pass = 0.000000 sec (total 0.010000 sec)
RUN PASS with name PREPROC_ALLOCATES
  Analyzing: results\1d\cons11\cons11.f
  attribute (90 results\1d\cons11\cons11.f) is added to declaration on line 85 of results\1d\cons11\cons11.f file
  attribute (123 results\1d\cons11\cons11.f) is added to declaration on line 85 of results\1d\cons11\cons11.f file
  attribute (136 results\1d\cons11\cons11.f) is added to declaration on line 130 of results\1d\cons11\cons11.f file
  attribute (179 results\1d\cons11\cons11.f) is added to declaration on line 130 of results\1d\cons11\cons11.f file
  attribute (193 results\1d\cons11\cons11.f) is added to declaration on line 186 of results\1d\cons11\cons11.f file
  attribute (240 results\1d\cons11\cons11.f) is added to declaration on line 186 of results\1d\cons11\cons11.f file
  attribute (253 results\1d\cons11\cons11.f) is added to declaration on line 248 of results\1d\cons11\cons11.f file
  attribute (286 results\1d\cons11\cons11.f) is added to declaration on line 248 of results\1d\cons11\cons11.f file
  attribute (298 results\1d\cons11\cons11.f) is added to declaration on line 293 of results\1d\cons11\cons11.f file
  attribute (337 results\1d\cons11\cons11.f) is added to declaration on line 293 of results\1d\cons11\cons11.f file
  attribute (350 results\1d\cons11\cons11.f) is added to declaration on line 344 of results\1d\cons11\cons11.f file
  attribute (403 results\1d\cons11\cons11.f) is added to declaration on line 344 of results\1d\cons11\cons11.f file
  attribute (417 results\1d\cons11\cons11.f) is added to declaration on line 410 of results\1d\cons11\cons11.f file
  attribute (474 results\1d\cons11\cons11.f) is added to declaration on line 410 of results\1d\cons11\cons11.f file
  attribute (487 results\1d\cons11\cons11.f) is added to declaration on line 482 of results\1d\cons11\cons11.f file
  attribute (526 results\1d\cons11\cons11.f) is added to declaration on line 482 of results\1d\cons11\cons11.f file
  attribute (538 results\1d\cons11\cons11.f) is added to declaration on line 533 of results\1d\cons11\cons11.f file
  attribute (583 results\1d\cons11\cons11.f) is added to declaration on line 533 of results\1d\cons11\cons11.f file
  attribute (596 results\1d\cons11\cons11.f) is added to declaration on line 590 of results\1d\cons11\cons11.f file
  attribute (659 results\1d\cons11\cons11.f) is added to declaration on line 590 of results\1d\cons11\cons11.f file
  attribute (673 results\1d\cons11\cons11.f) is added to declaration on line 666 of results\1d\cons11\cons11.f file
  attribute (740 results\1d\cons11\cons11.f) is added to declaration on line 666 of results\1d\cons11\cons11.f file
  attribute (753 results\1d\cons11\cons11.f) is added to declaration on line 748 of results\1d\cons11\cons11.f file
  attribute (798 results\1d\cons11\cons11.f) is added to declaration on line 748 of results\1d\cons11\cons11.f file
  attribute (810 results\1d\cons11\cons11.f) is added to declaration on line 805 of results\1d\cons11\cons11.f file
  attribute (861 results\1d\cons11\cons11.f) is added to declaration on line 805 of results\1d\cons11\cons11.f file
  attribute (874 results\1d\cons11\cons11.f) is added to declaration on line 868 of results\1d\cons11\cons11.f file
  attribute (947 results\1d\cons11\cons11.f) is added to declaration on line 868 of results\1d\cons11\cons11.f file
  attribute (961 results\1d\cons11\cons11.f) is added to declaration on line 954 of results\1d\cons11\cons11.f file
  attribute (1038 results\1d\cons11\cons11.f) is added to declaration on line 954 of results\1d\cons11\cons11.f file
  attribute (1051 results\1d\cons11\cons11.f) is added to declaration on line 1046 of results\1d\cons11\cons11.f file
  attribute (1102 results\1d\cons11\cons11.f) is added to declaration on line 1046 of results\1d\cons11\cons11.f file
PROFILE: time for this pass = 0.001000 sec (total 0.011000 sec)
RUN PASS with name CHECK_PAR_REG_DIR
  Analyzing: results\1d\cons11\cons11.f
PROFILE: time for this pass = 0.000000 sec (total 0.012000 sec)
RUN PASS with name FILL_PARALLEL_REG_IR
  Analyzing: results\1d\cons11\cons11.f
PROFILE: time for this pass = 0.001000 sec (total 0.014000 sec)
RUN PASS with name GET_ALL_ARRAY_DECL
  Analyzing: results\1d\cons11\cons11.f
PROFILE: time for this pass = 0.007000 sec (total 0.022000 sec)
RUN PASS with name FILL_COMMON_BLOCKS
  Analyzing: results\1d\cons11\cons11.f
PROFILE: time for this pass = 0.000000 sec (total 0.023000 sec)
RUN PASS with name PARSE_OMP_DIRS
  Analyzing: results\1d\cons11\cons11.f
PROFILE: time for this pass = 0.001000 sec (total 0.024000 sec)
RUN PASS with name PREPROC_SPF
  Analyzing: results\1d\cons11\cons11.f
PROFILE: time for this pass = 0.001000 sec (total 0.026000 sec)
RUN PASS with name CREATE_INTER_TREE
  Analyzing: results\1d\cons11\cons11.f
PROFILE: time for this pass = 0.002000 sec (total 0.029000 sec)
RUN PASS with name GCOV_PARSER
  Analyzing: results\1d\cons11\cons11.f
   Error: unable to open file statistic.txt
PROFILE: time for this pass = 0.002000 sec (total 0.032000 sec)
RUN PASS with name VERIFY_FORMAT
  Analyzing: results\1d\cons11\cons11.f
PROFILE: time for this pass = 0.000000 sec (total 0.033000 sec)
RUN PASS with name VERIFY_DVM_DIRS
  Analyzing: results\1d\cons11\cons11.f
PROFILE: time for this pass = 0.000000 sec (total 0.033000 sec)
RUN PASS with name PRIVATE_CALL_GRAPH_STAGE1
  Analyzing: results\1d\cons11\cons11.f
PROFILE: time for this pass = 0.000000 sec (total 0.034000 sec)
RUN PASS with name PRIVATE_CALL_GRAPH_STAGE2
  Analyzing: results\1d\cons11\cons11.f
PROFILE: time for this pass = 0.000000 sec (total 0.035000 sec)
RUN PASS with name MACRO_EXPANSION
  Analyzing: results\1d\cons11\cons11.f
PROFILE: time for this pass = 0.000000 sec (total 0.036000 sec)
RUN PASS with name CONVERT_ASSIGN_TO_LOOP
  Analyzing: results\1d\cons11\cons11.f
PROFILE: time for this pass = 0.002000 sec (total 0.039000 sec)
RUN PASS with name DEF_USE_STAGE1
  Analyzing: results\1d\cons11\cons11.f
PROFILE: time for this pass = 0.003000 sec (total 0.043000 sec)
RUN PASS with name DEF_USE_STAGE2
  Analyzing: results\1d\cons11\cons11.f
PROFILE: time for this pass = 0.000000 sec (total 0.044000 sec)
RUN PASS with name VERIFY_COMMON
  Analyzing: results\1d\cons11\cons11.f
PROFILE: time for this pass = 0.000000 sec (total 0.045000 sec)
RUN PASS with name CALL_GRAPH_IR
  Analyzing: results\1d\cons11\cons11.f
PROFILE: time for this pass = 0.002000 sec (total 0.048000 sec)
RUN PASS with name BUILD_IR
  Analyzing: results\1d\cons11\cons11.f
  count of functions 19, count of lvls 3
     RD time for 'ansno' function is 0.000 sec, iters 1
     RD time for 'ansyes' function is 0.000 sec, iters 1

     RD time for 'cons1102' function is 0.000 sec, iters 3
     RD time for 'cons1103' function is 0.000 sec, iters 3
     RD time for 'cons1105' function is 0.000 sec, iters 4
     RD time for 'cons1106' function is 0.000 sec, iters 4
     RD time for 'cons1107' function is 0.000 sec, iters 4
     RD time for 'cons1108' function is 0.000 sec, iters 4
     RD time for 'cons1104' function is 0.000 sec, iters 3
     RD time for 'cons1109' function is 0.000 sec, iters 5
     RD time for 'cons1101' function is 0.000 sec, iters 3
     RD time for 'cons1110' function is 0.000 sec, iters 5
     RD time for 'cons1114' function is 0.001 sec, iters 6
     RD time for 'cons1112' function is 0.000 sec, iters 5
     RD time for 'cons1113' function is 0.000 sec, iters 6
     RD time for 'cons1111' function is 0.000 sec, iters 5
     RD time for 'cons1115' function is 0.001 sec, iters 6
     RD time for 'cons1116' function is 0.000 sec, iters 6

     RD time for 'cons11' function is 0.000 sec, iters 1

PROFILE: time for this pass = 0.016000 sec (total 0.064000 sec)
RUN PASS with name SUBST_EXPR_RD
  Analyzing: results\1d\cons11\cons11.f
PROFILE: time for this pass = 0.004000 sec (total 0.069000 sec)
RUN PASS with name LOOP_GRAPH
  Analyzing: results\1d\cons11\cons11.f
PROFILE: time for this pass = 0.004000 sec (total 0.074000 sec)
RUN PASS with name CALL_GRAPH
  Analyzing: results\1d\cons11\cons11.f
PROFILE: time for this pass = 0.005000 sec (total 0.079000 sec)
RUN PASS with name CALL_GRAPH2
  Analyzing: results\1d\cons11\cons11.f
  run for func cons11
  run for func cons1101
  run for func cons1102
  run for func cons1103
  run for func cons1104
  run for func cons1105
  run for func cons1106
  run for func cons1107
  run for func cons1108
  run for func cons1109
  run for func cons1110
  run for func cons1111
  run for func cons1112
  run for func cons1113
  run for func cons1114
  run for func cons1115
  run for func cons1116
  run for func ansyes
  run for func ansno
  added conflict messages to loop on line 107
  added conflict messages to loop on line 157
  added conflict messages to loop on line 163
  added conflict messages to loop on line 218
  added conflict messages to loop on line 224
  added conflict messages to loop on line 270
  added conflict messages to loop on line 320
  added conflict messages to loop on line 378
  added conflict messages to loop on line 386
  added conflict messages to loop on line 449
  added conflict messages to loop on line 457
  added conflict messages to loop on line 509
  added conflict messages to loop on line 565
  added conflict messages to loop on line 631
  added conflict messages to loop on line 641
  added conflict messages to loop on line 712
  added conflict messages to loop on line 722
  added conflict messages to loop on line 780
  added conflict messages to loop on line 842
  added conflict messages to loop on line 916
  added conflict messages to loop on line 928
  added conflict messages to loop on line 1007
  added conflict messages to loop on line 1019
  added conflict messages to loop on line 1083
PROFILE: time for this pass = 0.003000 sec (total 0.083000 sec)
RUN PASS with name GET_STATS_FOR_PREDICTOR
  Analyzing: results\1d\cons11\cons11.f
    PAR LOOP [97 results\1d\cons11\cons11.f] total exec 18, total exec lines 2, avg 9.0000000000000000e+00
    PAR LOOP [101 results\1d\cons11\cons11.f] total exec 18, total exec lines 2, avg 9.0000000000000000e+00
    PAR LOOP [115 results\1d\cons11\cons11.f] total exec 18, total exec lines 2, avg 9.0000000000000000e+00
    PAR LOOP [143 results\1d\cons11\cons11.f] total exec 18, total exec lines 2, avg 9.0000000000000000e+00
    PAR LOOP [147 results\1d\cons11\cons11.f] total exec 18, total exec lines 2, avg 9.0000000000000000e+00
    PAR LOOP [151 results\1d\cons11\cons11.f] total exec 18, total exec lines 2, avg 9.0000000000000000e+00
    PAR LOOP [171 results\1d\cons11\cons11.f] total exec 18, total exec lines 2, avg 9.0000000000000000e+00
    PAR LOOP [200 results\1d\cons11\cons11.f] total exec 18, total exec lines 2, avg 9.0000000000000000e+00
    PAR LOOP [204 results\1d\cons11\cons11.f] total exec 18, total exec lines 2, avg 9.0000000000000000e+00
    PAR LOOP [208 results\1d\cons11\cons11.f] total exec 18, total exec lines 2, avg 9.0000000000000000e+00
    PAR LOOP [212 results\1d\cons11\cons11.f] total exec 18, total exec lines 2, avg 9.0000000000000000e+00
    PAR LOOP [232 results\1d\cons11\cons11.f] total exec 18, total exec lines 2, avg 9.0000000000000000e+00
    PAR LOOP [260 results\1d\cons11\cons11.f] total exec 34, total exec lines 2, avg 1.7000000000000000e+01
    PAR LOOP [264 results\1d\cons11\cons11.f] total exec 34, total exec lines 2, avg 1.7000000000000000e+01
    PAR LOOP [278 results\1d\cons11\cons11.f] total exec 34, total exec lines 2, avg 1.7000000000000000e+01
    PAR LOOP [307 results\1d\cons11\cons11.f] total exec 18, total exec lines 2, avg 9.0000000000000000e+00
    PAR LOOP [311 results\1d\cons11\cons11.f] total exec 227, total exec lines 4, avg 5.6750000000000000e+01
    PAR LOOP [329 results\1d\cons11\cons11.f] total exec 18, total exec lines 2, avg 9.0000000000000000e+00
    PAR LOOP [359 results\1d\cons11\cons11.f] total exec 18, total exec lines 2, avg 9.0000000000000000e+00
    PAR LOOP [363 results\1d\cons11\cons11.f] total exec 227, total exec lines 4, avg 5.6750000000000000e+01
    PAR LOOP [369 results\1d\cons11\cons11.f] total exec 227, total exec lines 4, avg 5.6750000000000000e+01
    PAR LOOP [395 results\1d\cons11\cons11.f] total exec 18, total exec lines 2, avg 9.0000000000000000e+00
    PAR LOOP [426 results\1d\cons11\cons11.f] total exec 18, total exec lines 2, avg 9.0000000000000000e+00
    PAR LOOP [430 results\1d\cons11\cons11.f] total exec 18, total exec lines 2, avg 9.0000000000000000e+00
    PAR LOOP [434 results\1d\cons11\cons11.f] total exec 227, total exec lines 4, avg 5.6750000000000000e+01
    PAR LOOP [440 results\1d\cons11\cons11.f] total exec 227, total exec lines 4, avg 5.6750000000000000e+01
    PAR LOOP [466 results\1d\cons11\cons11.f] total exec 18, total exec lines 2, avg 9.0000000000000000e+00
    PAR LOOP [496 results\1d\cons11\cons11.f] total exec 34, total exec lines 2, avg 1.7000000000000000e+01
    PAR LOOP [500 results\1d\cons11\cons11.f] total exec 835, total exec lines 4, avg 2.0875000000000000e+02
    PAR LOOP [518 results\1d\cons11\cons11.f] total exec 34, total exec lines 2, avg 1.7000000000000000e+01
    PAR LOOP [549 results\1d\cons11\cons11.f] total exec 18, total exec lines 2, avg 9.0000000000000000e+00
    PAR LOOP [553 results\1d\cons11\cons11.f] total exec 1899, total exec lines 6, avg 3.1650000000000000e+02
    PAR LOOP [575 results\1d\cons11\cons11.f] total exec 18, total exec lines 2, avg 9.0000000000000000e+00
    PAR LOOP [607 results\1d\cons11\cons11.f] total exec 18, total exec lines 2, avg 9.0000000000000000e+00
    PAR LOOP [611 results\1d\cons11\cons11.f] total exec 1899, total exec lines 6, avg 3.1650000000000000e+02
    PAR LOOP [619 results\1d\cons11\cons11.f] total exec 1899, total exec lines 6, avg 3.1650000000000000e+02
    PAR LOOP [651 results\1d\cons11\cons11.f] total exec 18, total exec lines 2, avg 9.0000000000000000e+00
    PAR LOOP [684 results\1d\cons11\cons11.f] total exec 18, total exec lines 2, avg 9.0000000000000000e+00
    PAR LOOP [688 results\1d\cons11\cons11.f] total exec 18, total exec lines 2, avg 9.0000000000000000e+00
    PAR LOOP [692 results\1d\cons11\cons11.f] total exec 1899, total exec lines 6, avg 3.1650000000000000e+02
    PAR LOOP [700 results\1d\cons11\cons11.f] total exec 1899, total exec lines 6, avg 3.1650000000000000e+02
    PAR LOOP [732 results\1d\cons11\cons11.f] total exec 18, total exec lines 2, avg 9.0000000000000000e+00
    PAR LOOP [764 results\1d\cons11\cons11.f] total exec 34, total exec lines 2, avg 1.7000000000000000e+01
    PAR LOOP [768 results\1d\cons11\cons11.f] total exec 13651, total exec lines 6, avg 2.2751666666666665e+03
    PAR LOOP [790 results\1d\cons11\cons11.f] total exec 34, total exec lines 2, avg 1.7000000000000000e+01
    PAR LOOP [823 results\1d\cons11\cons11.f] total exec 18, total exec lines 2, avg 9.0000000000000000e+00
    PAR LOOP [827 results\1d\cons11\cons11.f] total exec 15275, total exec lines 8, avg 1.9093750000000000e+03
    PAR LOOP [853 results\1d\cons11\cons11.f] total exec 18, total exec lines 2, avg 9.0000000000000000e+00
    PAR LOOP [887 results\1d\cons11\cons11.f] total exec 18, total exec lines 2, avg 9.0000000000000000e+00
    PAR LOOP [891 results\1d\cons11\cons11.f] total exec 15275, total exec lines 8, avg 1.9093750000000000e+03
    PAR LOOP [901 results\1d\cons11\cons11.f] total exec 15275, total exec lines 8, avg 1.9093750000000000e+03
    PAR LOOP [939 results\1d\cons11\cons11.f] total exec 18, total exec lines 2, avg 9.0000000000000000e+00
    PAR LOOP [974 results\1d\cons11\cons11.f] total exec 18, total exec lines 2, avg 9.0000000000000000e+00
    PAR LOOP [978 results\1d\cons11\cons11.f] total exec 18, total exec lines 2, avg 9.0000000000000000e+00
    PAR LOOP [982 results\1d\cons11\cons11.f] total exec 15275, total exec lines 8, avg 1.9093750000000000e+03
    PAR LOOP [992 results\1d\cons11\cons11.f] total exec 15275, total exec lines 8, avg 1.9093750000000000e+03
    PAR LOOP [1030 results\1d\cons11\cons11.f] total exec 18, total exec lines 2, avg 9.0000000000000000e+00
    PAR LOOP [1064 results\1d\cons11\cons11.f] total exec 34, total exec lines 2, avg 1.7000000000000000e+01
    PAR LOOP [1068 results\1d\cons11\cons11.f] total exec 218707, total exec lines 8, avg 2.7338375000000000e+04
    PAR LOOP [1094 results\1d\cons11\cons11.f] total exec 34, total exec lines 2, avg 1.7000000000000000e+01
    average_parallel_exec 1.6723854166666667e+03
    parallel_rate 3.1214444863534380e-01
PROFILE: time for this pass = 0.079000 sec (total 0.162000 sec)

--------------------------------------------------
INFO.JSON file copied from ./info.json to ./results\1d\cons11\info.json

==================================================
Processing of cons11.f completed successfully at 2025-04-23 11:54:33
