=== Processing file: red41.f ===
Date and time: 2025-05-06 00:26:44
Dimension: 4d
==================================================

Copied ./sources\4d\red41.f to ./results\4d\red41\red41.f
Command: gfortran -O3 -g -fprofile-arcs -ftest-coverage "./results\4d\red41\red41.f" -o "./results\4d\red41\red41"
Output: 

--------------------------------------------------
Command: "./results\4d\red41\red41"
Output: 
 ===START OF RED41=======================
 RED4101  -  complete
 RED4102  -  complete
 RED4103  -  complete
 RED4104  -  complete
 RED4105  -  complete
 RED4106  -  complete
 RED4107  -  complete
 RED4108  -  complete
 RED4109  -  complete
 RED4110  -  complete
 RED4111  -  complete
 RED4112  -  complete
 RED4113  -  complete
 RED4114  -  complete
 === END OF RED41 ========================= 

--------------------------------------------------
Command: gcov -b "./results\4d\red41\red41.f"
Output: 
File 'results/4d/red41/red41.f'
Lines executed:93.12% of 581
Branches executed:96.63% of 594
Taken at least once:83.16% of 594
Calls executed:43.22% of 118
Creating 'red41.f.gcov'

Lines executed:93.12% of 581

--------------------------------------------------
GCOV file copied from ./red41.f.gcov to ./results\4d\red41\red41.f.gcov
Command: "../SAPFOR/_bin/Release/Sapfor_F.exe" -parse -spf "./results\4d\red41\red41.f"
Output: 
SAPFOR version is 2410, build date: Apr 23 2025 11:52:44, c++ version 201703
  parse file './results\4d\red41\red41.f'
  options: -spf 
files compilation order:
  ./results\4d\red41\red41.f
Parsing was completed successfully

--------------------------------------------------
Command: "../SAPFOR/_bin/Release/Sapfor_F.exe" -passN GET_STATS_FOR_PREDICTOR -keepDVM
Output: 
SAPFOR version is 2410, build date: Apr 23 2025 11:52:44, c++ version 201703
code for pass GET_STATS_FOR_PREDICTOR is 79
RUN PASS with name VERIFY_FUNC_DECL
  Analyzing: results\4d\red41\red41.f
PROFILE: time for this pass = 0.001000 sec (total 0.004000 sec)
RUN PASS with name FILE_LINE_INFO
  Analyzing: results\4d\red41\red41.f
  All lines in project 1200
PROFILE: time for this pass = 0.001000 sec (total 0.005000 sec)
RUN PASS with name BUILD_INCLUDE_DEPENDENCIES
  Analyzing: results\4d\red41\red41.f
PROFILE: time for this pass = 0.001000 sec (total 0.006000 sec)
RUN PASS with name CORRECT_VAR_DECL
  Analyzing: results\4d\red41\red41.f
PROFILE: time for this pass = 0.001000 sec (total 0.007000 sec)
RUN PASS with name VERIFY_OPERATORS
  Analyzing: results\4d\red41\red41.f
PROFILE: time for this pass = 0.001000 sec (total 0.008000 sec)
RUN PASS with name VERIFY_ENDDO
  Analyzing: results\4d\red41\red41.f
PROFILE: time for this pass = 0.001000 sec (total 0.009000 sec)
RUN PASS with name VERIFY_INCLUDES
  Analyzing: results\4d\red41\red41.f
PROFILE: time for this pass = 0.001000 sec (total 0.011000 sec)
RUN PASS with name PREPROC_ALLOCATES
  Analyzing: results\4d\red41\red41.f
  attribute (54 results\4d\red41\red41.f) is added to declaration on line 48 of results\4d\red41\red41.f file
  attribute (94 results\4d\red41\red41.f) is added to declaration on line 48 of results\4d\red41\red41.f file
  attribute (107 results\4d\red41\red41.f) is added to declaration on line 101 of results\4d\red41\red41.f file
  attribute (152 results\4d\red41\red41.f) is added to declaration on line 101 of results\4d\red41\red41.f file
  attribute (165 results\4d\red41\red41.f) is added to declaration on line 159 of results\4d\red41\red41.f file
  attribute (208 results\4d\red41\red41.f) is added to declaration on line 159 of results\4d\red41\red41.f file
  attribute (222 results\4d\red41\red41.f) is added to declaration on line 216 of results\4d\red41\red41.f file
  attribute (266 results\4d\red41\red41.f) is added to declaration on line 216 of results\4d\red41\red41.f file
  attribute (280 results\4d\red41\red41.f) is added to declaration on line 274 of results\4d\red41\red41.f file
  attribute (325 results\4d\red41\red41.f) is added to declaration on line 274 of results\4d\red41\red41.f file
  attribute (341 results\4d\red41\red41.f) is added to declaration on line 334 of results\4d\red41\red41.f file
  attribute (386 results\4d\red41\red41.f) is added to declaration on line 334 of results\4d\red41\red41.f file
  attribute (399 results\4d\red41\red41.f) is added to declaration on line 393 of results\4d\red41\red41.f file
  attribute (457 results\4d\red41\red41.f) is added to declaration on line 393 of results\4d\red41\red41.f file
  attribute (470 results\4d\red41\red41.f) is added to declaration on line 464 of results\4d\red41\red41.f file
  attribute (528 results\4d\red41\red41.f) is added to declaration on line 464 of results\4d\red41\red41.f file
  attribute (541 results\4d\red41\red41.f) is added to declaration on line 535 of results\4d\red41\red41.f file
  attribute (599 results\4d\red41\red41.f) is added to declaration on line 535 of results\4d\red41\red41.f file
  attribute (612 results\4d\red41\red41.f) is added to declaration on line 606 of results\4d\red41\red41.f file
  attribute (671 results\4d\red41\red41.f) is added to declaration on line 606 of results\4d\red41\red41.f file
  attribute (685 results\4d\red41\red41.f) is added to declaration on line 678 of results\4d\red41\red41.f file
  attribute (743 results\4d\red41\red41.f) is added to declaration on line 678 of results\4d\red41\red41.f file
  attribute (758 results\4d\red41\red41.f) is added to declaration on line 750 of results\4d\red41\red41.f file
  attribute (816 results\4d\red41\red41.f) is added to declaration on line 750 of results\4d\red41\red41.f file
  attribute (831 results\4d\red41\red41.f) is added to declaration on line 823 of results\4d\red41\red41.f file
  attribute (900 results\4d\red41\red41.f) is added to declaration on line 823 of results\4d\red41\red41.f file
  attribute (916 results\4d\red41\red41.f) is added to declaration on line 907 of results\4d\red41\red41.f file
  attribute (917 results\4d\red41\red41.f) is added to declaration on line 909 of results\4d\red41\red41.f file
  attribute (996 results\4d\red41\red41.f) is added to declaration on line 909 of results\4d\red41\red41.f file
  attribute (997 results\4d\red41\red41.f) is added to declaration on line 907 of results\4d\red41\red41.f file
PROFILE: time for this pass = 0.001000 sec (total 0.012000 sec)
RUN PASS with name CHECK_PAR_REG_DIR
  Analyzing: results\4d\red41\red41.f
PROFILE: time for this pass = 0.000000 sec (total 0.013000 sec)
RUN PASS with name FILL_PARALLEL_REG_IR
  Analyzing: results\4d\red41\red41.f
PROFILE: time for this pass = 0.001000 sec (total 0.014000 sec)
RUN PASS with name GET_ALL_ARRAY_DECL
  Analyzing: results\4d\red41\red41.f
PROFILE: time for this pass = 0.006000 sec (total 0.020000 sec)
RUN PASS with name FILL_COMMON_BLOCKS
  Analyzing: results\4d\red41\red41.f
PROFILE: time for this pass = 0.001000 sec (total 0.021000 sec)
RUN PASS with name PARSE_OMP_DIRS
  Analyzing: results\4d\red41\red41.f
PROFILE: time for this pass = 0.001000 sec (total 0.023000 sec)
RUN PASS with name PREPROC_SPF
  Analyzing: results\4d\red41\red41.f
PROFILE: time for this pass = 0.001000 sec (total 0.024000 sec)
RUN PASS with name CREATE_INTER_TREE
  Analyzing: results\4d\red41\red41.f
PROFILE: time for this pass = 0.004000 sec (total 0.029000 sec)
RUN PASS with name GCOV_PARSER
  Analyzing: results\4d\red41\red41.f
   Error: unable to open file statistic.txt
PROFILE: time for this pass = 0.002000 sec (total 0.032000 sec)
RUN PASS with name VERIFY_FORMAT
  Analyzing: results\4d\red41\red41.f
PROFILE: time for this pass = 0.000000 sec (total 0.033000 sec)
RUN PASS with name VERIFY_DVM_DIRS
  Analyzing: results\4d\red41\red41.f
PROFILE: time for this pass = 0.000000 sec (total 0.034000 sec)
RUN PASS with name PRIVATE_CALL_GRAPH_STAGE1
  Analyzing: results\4d\red41\red41.f
PROFILE: time for this pass = 0.001000 sec (total 0.035000 sec)
RUN PASS with name PRIVATE_CALL_GRAPH_STAGE2
  Analyzing: results\4d\red41\red41.f
PROFILE: time for this pass = 0.001000 sec (total 0.036000 sec)
RUN PASS with name MACRO_EXPANSION
  Analyzing: results\4d\red41\red41.f
PROFILE: time for this pass = 0.001000 sec (total 0.037000 sec)
RUN PASS with name CONVERT_ASSIGN_TO_LOOP
  Analyzing: results\4d\red41\red41.f
PROFILE: time for this pass = 0.004000 sec (total 0.041000 sec)
RUN PASS with name DEF_USE_STAGE1
  Analyzing: results\4d\red41\red41.f
PROFILE: time for this pass = 0.005000 sec (total 0.047000 sec)
RUN PASS with name DEF_USE_STAGE2
  Analyzing: results\4d\red41\red41.f
PROFILE: time for this pass = 0.001000 sec (total 0.048000 sec)
RUN PASS with name VERIFY_COMMON
  Analyzing: results\4d\red41\red41.f
PROFILE: time for this pass = 0.000000 sec (total 0.049000 sec)
RUN PASS with name CALL_GRAPH_IR
  Analyzing: results\4d\red41\red41.f
PROFILE: time for this pass = 0.004000 sec (total 0.054000 sec)
RUN PASS with name BUILD_IR
  Analyzing: results\4d\red41\red41.f
  count of functions 23, count of lvls 3
     RD time for 'ansno' function is 0.000 sec, iters 1
     RD time for 'sersum4mr' function is 0.000 sec, iters 6
     RD time for 'sersum4' function is 0.000 sec, iters 6
     RD time for 'sersum4m' function is 0.000 sec, iters 6
     RD time for 'serprodr4' function is 0.000 sec, iters 6
     RD time for 'serlog4' function is 0.000 sec, iters 6
     RD time for 'serprod4' function is 0.000 sec, iters 6
     RD time for 'ansyes' function is 0.000 sec, iters 1

     RD time for 'red4103' function is 0.000 sec, iters 6
     RD time for 'red4105' function is 0.000 sec, iters 6
     RD time for 'red4106' function is 0.000 sec, iters 6
     RD time for 'red4104' function is 0.000 sec, iters 6
     RD time for 'red4102' function is 0.000 sec, iters 6
     RD time for 'red4101' function is 0.000 sec, iters 6
     RD time for 'red4113' function is 0.001 sec, iters 6
     RD time for 'red4112' function is 0.000 sec, iters 6
     RD time for 'red4114' function is 0.002 sec, iters 6
     RD time for 'red4108' function is 0.001 sec, iters 6
     RD time for 'red4107' function is 0.001 sec, iters 6
     RD time for 'red4109' function is 0.001 sec, iters 6
     RD time for 'red4110' function is 0.001 sec, iters 6
     RD time for 'red4111' function is 0.000 sec, iters 6

     RD time for 'red41' function is 0.000 sec, iters 1

PROFILE: time for this pass = 0.026000 sec (total 0.080000 sec)
RUN PASS with name SUBST_EXPR_RD
  Analyzing: results\4d\red41\red41.f
PROFILE: time for this pass = 0.010000 sec (total 0.091000 sec)
RUN PASS with name LOOP_GRAPH
  Analyzing: results\4d\red41\red41.f
PROFILE: time for this pass = 0.005000 sec (total 0.097000 sec)
RUN PASS with name CALL_GRAPH
  Analyzing: results\4d\red41\red41.f
PROFILE: time for this pass = 0.009000 sec (total 0.106000 sec)
RUN PASS with name CALL_GRAPH2
  Analyzing: results\4d\red41\red41.f
  run for func red41
  run for func red4101
  run for func red4102
  run for func red4103
  run for func red4104
  run for func red4105
  run for func red4106
  run for func red4107
  run for func red4108
  run for func red4109
  run for func red4110
  run for func red4111
  run for func red4112
  run for func red4113
  run for func red4114
  run for func sersum4
  run for func sersum4m
  run for func sersum4mr
  run for func serprod4
  run for func serprodr4
  run for func serlog4
  run for func ansyes
  run for func ansno
PROFILE: time for this pass = 0.005000 sec (total 0.112000 sec)
RUN PASS with name GET_STATS_FOR_PREDICTOR
  Analyzing: results\4d\red41\red41.f
    PAR LOOP [66 results\4d\red41\red41.f] total exec 30547, total exec lines 8, avg 3.8183750000000000e+03
    PAR LOOP [77 results\4d\red41\red41.f] total exec 30547, total exec lines 8, avg 3.8183750000000000e+03
    PAR LOOP [119 results\4d\red41\red41.f] total exec 57171, total exec lines 12, avg 4.7642500000000000e+03
    PAR LOOP [135 results\4d\red41\red41.f] total exec 30547, total exec lines 8, avg 3.8183750000000000e+03
    PAR LOOP [168 results\4d\red41\red41.f] total exec 30547, total exec lines 8, avg 3.8183750000000000e+03
    PAR LOOP [191 results\4d\red41\red41.f] total exec 39763, total exec lines 9, avg 4.4181111111111113e+03
    PAR LOOP [225 results\4d\red41\red41.f] total exec 30547, total exec lines 8, avg 3.8183750000000000e+03
    PAR LOOP [249 results\4d\red41\red41.f] total exec 37278, total exec lines 9, avg 4.1420000000000000e+03
    PAR LOOP [283 results\4d\red41\red41.f] total exec 30547, total exec lines 8, avg 3.8183750000000000e+03
    PAR LOOP [308 results\4d\red41\red41.f] total exec 37278, total exec lines 9, avg 4.1420000000000000e+03
    PAR LOOP [353 results\4d\red41\red41.f] total exec 28587, total exec lines 12, avg 2.3822500000000000e+03
    PAR LOOP [369 results\4d\red41\red41.f] total exec 15275, total exec lines 8, avg 1.9093750000000000e+03
    PAR LOOP [407 results\4d\red41\red41.f] total exec 6995, total exec lines 8, avg 8.7437500000000000e+02
    PAR LOOP [418 results\4d\red41\red41.f] total exec 6995, total exec lines 8, avg 8.7437500000000000e+02
    PAR LOOP [435 results\4d\red41\red41.f] total exec 57170, total exec lines 11, avg 5.1972727272727270e+03
    PAR LOOP [478 results\4d\red41\red41.f] total exec 13139, total exec lines 8, avg 1.6423750000000000e+03
    PAR LOOP [489 results\4d\red41\red41.f] total exec 13139, total exec lines 8, avg 1.6423750000000000e+03
    PAR LOOP [506 results\4d\red41\red41.f] total exec 113490, total exec lines 11, avg 1.0317272727272728e+04
    PAR LOOP [549 results\4d\red41\red41.f] total exec 6995, total exec lines 8, avg 8.7437500000000000e+02
    PAR LOOP [560 results\4d\red41\red41.f] total exec 6995, total exec lines 8, avg 8.7437500000000000e+02
    PAR LOOP [577 results\4d\red41\red41.f] total exec 57170, total exec lines 11, avg 5.1972727272727270e+03
    PAR LOOP [621 results\4d\red41\red41.f] total exec 6995, total exec lines 8, avg 8.7437500000000000e+02
    PAR LOOP [632 results\4d\red41\red41.f] total exec 6995, total exec lines 8, avg 8.7437500000000000e+02
    PAR LOOP [649 results\4d\red41\red41.f] total exec 57170, total exec lines 11, avg 5.1972727272727270e+03
    PAR LOOP [688 results\4d\red41\red41.f] total exec 60243, total exec lines 8, avg 7.5303750000000000e+03
    PAR LOOP [718 results\4d\red41\red41.f] total exec 106698, total exec lines 14, avg 7.6212857142857147e+03
    PAR LOOP [761 results\4d\red41\red41.f] total exec 60243, total exec lines 8, avg 7.5303750000000000e+03
    PAR LOOP [791 results\4d\red41\red41.f] total exec 73763, total exec lines 14, avg 5.2687857142857147e+03
    PAR LOOP [841 results\4d\red41\red41.f] total exec 60243, total exec lines 8, avg 7.5303750000000000e+03
    PAR LOOP [878 results\4d\red41\red41.f] total exec 127827, total exec lines 12, avg 1.0652250000000000e+04
    PAR LOOP [927 results\4d\red41\red41.f] total exec 13139, total exec lines 8, avg 1.6423750000000000e+03
    PAR LOOP [938 results\4d\red41\red41.f] total exec 13139, total exec lines 8, avg 1.6423750000000000e+03
    PAR LOOP [955 results\4d\red41\red41.f] total exec 113491, total exec lines 12, avg 9.4575833333333339e+03
    PAR LOOP [971 results\4d\red41\red41.f] total exec 129874, total exec lines 12, avg 1.0822833333333334e+04
    average_parallel_exec 4.7352413793103451e+03
    parallel_rate 5.6104068016816266e-01
PROFILE: time for this pass = 0.067000 sec (total 0.179000 sec)

--------------------------------------------------
INFO.JSON file copied from ./info.json to ./results\4d\red41\info.json

==================================================
Processing of red41.f completed successfully at 2025-05-06 00:26:47
