=== Processing file: distrfloat1.f ===
Date and time: 2025-05-06 00:22:11
Dimension: 1d
==================================================

Copied ./sources\1d\distrfloat1.f to ./results\1d\distrfloat1\distrfloat1.f
Command: gfortran -O3 -g -fprofile-arcs -ftest-coverage "./results\1d\distrfloat1\distrfloat1.f" -o "./results\1d\distrfloat1\distrfloat1"
Output: 

--------------------------------------------------
Command: "./results\1d\distrfloat1\distrfloat1"
Output: 
 ===START OF distrfloat1==================
 distrf11    -  complete
 distrf13    -  complete
 distrf21    -  complete
 distrf23    -  complete
 === END OF distrfloat1 ==================

--------------------------------------------------
Command: gcov -b "./results\1d\distrfloat1\distrfloat1.f"
Output: 
File 'results/1d/distrfloat1/distrfloat1.f'
Lines executed:53.15% of 111
Branches executed:58.33% of 96
Taken at least once:41.67% of 96
Calls executed:42.86% of 49
Creating 'distrfloat1.f.gcov'

Lines executed:53.15% of 111

--------------------------------------------------
GCOV file copied from ./distrfloat1.f.gcov to ./results\1d\distrfloat1\distrfloat1.f.gcov
Command: "../SAPFOR/_bin/Release/Sapfor_F.exe" -parse -spf "./results\1d\distrfloat1\distrfloat1.f"
Output: 
SAPFOR version is 2410, build date: Apr 23 2025 11:52:44, c++ version 201703
  parse file './results\1d\distrfloat1\distrfloat1.f'
  options: -spf 
files compilation order:
  ./results\1d\distrfloat1\distrfloat1.f
Parsing was completed successfully

--------------------------------------------------
Command: "../SAPFOR/_bin/Release/Sapfor_F.exe" -passN GET_STATS_FOR_PREDICTOR -keepDVM
Output: 
SAPFOR version is 2410, build date: Apr 23 2025 11:52:44, c++ version 201703
code for pass GET_STATS_FOR_PREDICTOR is 79
RUN PASS with name VERIFY_FUNC_DECL
  Analyzing: results\1d\distrfloat1\distrfloat1.f
PROFILE: time for this pass = 0.000000 sec (total 0.001000 sec)
RUN PASS with name FILE_LINE_INFO
  Analyzing: results\1d\distrfloat1\distrfloat1.f
  All lines in project 352
PROFILE: time for this pass = 0.000000 sec (total 0.002000 sec)
RUN PASS with name BUILD_INCLUDE_DEPENDENCIES
  Analyzing: results\1d\distrfloat1\distrfloat1.f
PROFILE: time for this pass = 0.000000 sec (total 0.002000 sec)
RUN PASS with name CORRECT_VAR_DECL
  Analyzing: results\1d\distrfloat1\distrfloat1.f
PROFILE: time for this pass = 0.000000 sec (total 0.002000 sec)
RUN PASS with name VERIFY_OPERATORS
  Analyzing: results\1d\distrfloat1\distrfloat1.f
PROFILE: time for this pass = 0.000000 sec (total 0.002000 sec)
RUN PASS with name VERIFY_ENDDO
  Analyzing: results\1d\distrfloat1\distrfloat1.f
PROFILE: time for this pass = 0.000000 sec (total 0.002000 sec)
RUN PASS with name VERIFY_INCLUDES
  Analyzing: results\1d\distrfloat1\distrfloat1.f
PROFILE: time for this pass = 0.000000 sec (total 0.003000 sec)
RUN PASS with name PREPROC_ALLOCATES
  Analyzing: results\1d\distrfloat1\distrfloat1.f
  attribute (44 results\1d\distrfloat1\distrfloat1.f) is added to declaration on line 38 of results\1d\distrfloat1\distrfloat1.f file
  attribute (73 results\1d\distrfloat1\distrfloat1.f) is added to declaration on line 38 of results\1d\distrfloat1\distrfloat1.f file
  attribute (87 results\1d\distrfloat1\distrfloat1.f) is added to declaration on line 81 of results\1d\distrfloat1\distrfloat1.f file
  attribute (113 results\1d\distrfloat1\distrfloat1.f) is added to declaration on line 81 of results\1d\distrfloat1\distrfloat1.f file
  attribute (127 results\1d\distrfloat1\distrfloat1.f) is added to declaration on line 121 of results\1d\distrfloat1\distrfloat1.f file
  attribute (156 results\1d\distrfloat1\distrfloat1.f) is added to declaration on line 121 of results\1d\distrfloat1\distrfloat1.f file
  attribute (170 results\1d\distrfloat1\distrfloat1.f) is added to declaration on line 164 of results\1d\distrfloat1\distrfloat1.f file
  attribute (197 results\1d\distrfloat1\distrfloat1.f) is added to declaration on line 164 of results\1d\distrfloat1\distrfloat1.f file
  attribute (211 results\1d\distrfloat1\distrfloat1.f) is added to declaration on line 205 of results\1d\distrfloat1\distrfloat1.f file
  attribute (244 results\1d\distrfloat1\distrfloat1.f) is added to declaration on line 205 of results\1d\distrfloat1\distrfloat1.f file
  attribute (259 results\1d\distrfloat1\distrfloat1.f) is added to declaration on line 253 of results\1d\distrfloat1\distrfloat1.f file
  attribute (292 results\1d\distrfloat1\distrfloat1.f) is added to declaration on line 253 of results\1d\distrfloat1\distrfloat1.f file
  attribute (307 results\1d\distrfloat1\distrfloat1.f) is added to declaration on line 301 of results\1d\distrfloat1\distrfloat1.f file
  attribute (338 results\1d\distrfloat1\distrfloat1.f) is added to declaration on line 301 of results\1d\distrfloat1\distrfloat1.f file
PROFILE: time for this pass = 0.000000 sec (total 0.003000 sec)
RUN PASS with name CHECK_PAR_REG_DIR
  Analyzing: results\1d\distrfloat1\distrfloat1.f
PROFILE: time for this pass = 0.000000 sec (total 0.003000 sec)
RUN PASS with name FILL_PARALLEL_REG_IR
  Analyzing: results\1d\distrfloat1\distrfloat1.f
PROFILE: time for this pass = 0.000000 sec (total 0.003000 sec)
RUN PASS with name GET_ALL_ARRAY_DECL
  Analyzing: results\1d\distrfloat1\distrfloat1.f
PROFILE: time for this pass = 0.001000 sec (total 0.005000 sec)
RUN PASS with name FILL_COMMON_BLOCKS
  Analyzing: results\1d\distrfloat1\distrfloat1.f
PROFILE: time for this pass = 0.000000 sec (total 0.005000 sec)
RUN PASS with name PARSE_OMP_DIRS
  Analyzing: results\1d\distrfloat1\distrfloat1.f
PROFILE: time for this pass = 0.000000 sec (total 0.005000 sec)
RUN PASS with name PREPROC_SPF
  Analyzing: results\1d\distrfloat1\distrfloat1.f
PROFILE: time for this pass = 0.000000 sec (total 0.006000 sec)
RUN PASS with name CREATE_INTER_TREE
  Analyzing: results\1d\distrfloat1\distrfloat1.f
PROFILE: time for this pass = 0.001000 sec (total 0.007000 sec)
RUN PASS with name GCOV_PARSER
  Analyzing: results\1d\distrfloat1\distrfloat1.f
   Error: unable to open file statistic.txt
PROFILE: time for this pass = 0.000000 sec (total 0.008000 sec)
RUN PASS with name VERIFY_FORMAT
  Analyzing: results\1d\distrfloat1\distrfloat1.f
PROFILE: time for this pass = 0.000000 sec (total 0.008000 sec)
RUN PASS with name VERIFY_DVM_DIRS
  Analyzing: results\1d\distrfloat1\distrfloat1.f
PROFILE: time for this pass = 0.000000 sec (total 0.008000 sec)
RUN PASS with name PRIVATE_CALL_GRAPH_STAGE1
  Analyzing: results\1d\distrfloat1\distrfloat1.f
PROFILE: time for this pass = 0.000000 sec (total 0.008000 sec)
RUN PASS with name PRIVATE_CALL_GRAPH_STAGE2
  Analyzing: results\1d\distrfloat1\distrfloat1.f
PROFILE: time for this pass = 0.000000 sec (total 0.009000 sec)
RUN PASS with name MACRO_EXPANSION
  Analyzing: results\1d\distrfloat1\distrfloat1.f
PROFILE: time for this pass = 0.000000 sec (total 0.009000 sec)
RUN PASS with name CONVERT_ASSIGN_TO_LOOP
  Analyzing: results\1d\distrfloat1\distrfloat1.f
PROFILE: time for this pass = 0.000000 sec (total 0.009000 sec)
RUN PASS with name DEF_USE_STAGE1
  Analyzing: results\1d\distrfloat1\distrfloat1.f
PROFILE: time for this pass = 0.000000 sec (total 0.010000 sec)
RUN PASS with name DEF_USE_STAGE2
  Analyzing: results\1d\distrfloat1\distrfloat1.f
PROFILE: time for this pass = 0.000000 sec (total 0.010000 sec)
RUN PASS with name VERIFY_COMMON
  Analyzing: results\1d\distrfloat1\distrfloat1.f
PROFILE: time for this pass = 0.000000 sec (total 0.011000 sec)
RUN PASS with name CALL_GRAPH_IR
  Analyzing: results\1d\distrfloat1\distrfloat1.f
PROFILE: time for this pass = 0.000000 sec (total 0.011000 sec)
RUN PASS with name BUILD_IR
  Analyzing: results\1d\distrfloat1\distrfloat1.f
  count of functions 10, count of lvls 3
     RD time for 'distrf14' function is 0.000 sec, iters 3
     RD time for 'distrf22' function is 0.000 sec, iters 4
     RD time for 'ansno' function is 0.000 sec, iters 1
     RD time for 'ansyes' function is 0.000 sec, iters 1
     RD time for 'distrf12' function is 0.000 sec, iters 3

     RD time for 'distrf21' function is 0.000 sec, iters 4
     RD time for 'distrf23' function is 0.000 sec, iters 4
     RD time for 'distrf11' function is 0.000 sec, iters 3
     RD time for 'distrf13' function is 0.000 sec, iters 3

     RD time for 'distrfloat1' function is 0.000 sec, iters 1

PROFILE: time for this pass = 0.002000 sec (total 0.013000 sec)
RUN PASS with name SUBST_EXPR_RD
  Analyzing: results\1d\distrfloat1\distrfloat1.f
PROFILE: time for this pass = 0.000000 sec (total 0.014000 sec)
RUN PASS with name LOOP_GRAPH
  Analyzing: results\1d\distrfloat1\distrfloat1.f
PROFILE: time for this pass = 0.000000 sec (total 0.015000 sec)
RUN PASS with name CALL_GRAPH
  Analyzing: results\1d\distrfloat1\distrfloat1.f
PROFILE: time for this pass = 0.000000 sec (total 0.016000 sec)
RUN PASS with name CALL_GRAPH2
  Analyzing: results\1d\distrfloat1\distrfloat1.f
  run for func distrfloat1
  run for func distrf11
  run for func distrf12
  run for func distrf13
  run for func distrf14
  run for func distrf21
  run for func distrf22
  run for func distrf23
  run for func ansyes
  run for func ansno
PROFILE: time for this pass = 0.000000 sec (total 0.016000 sec)
RUN PASS with name GET_STATS_FOR_PREDICTOR
  Analyzing: results\1d\distrfloat1\distrfloat1.f
    PAR LOOP [48 results\1d\distrfloat1\distrfloat1.f] total exec 18, total exec lines 2, avg 9.0000000000000000e+00
    PAR LOOP [58 results\1d\distrfloat1\distrfloat1.f] total exec 36, total exec lines 5, avg 7.2000000000000002e+00
    PAR LOOP [131 results\1d\distrfloat1\distrfloat1.f] total exec 12, total exec lines 2, avg 6.0000000000000000e+00
    PAR LOOP [141 results\1d\distrfloat1\distrfloat1.f] total exec 24, total exec lines 5, avg 4.7999999999999998e+00
    PAR LOOP [215 results\1d\distrfloat1\distrfloat1.f] total exec 227, total exec lines 4, avg 5.6750000000000000e+01
    PAR LOOP [227 results\1d\distrfloat1\distrfloat1.f] total exec 371, total exec lines 7, avg 5.3000000000000000e+01
    PAR LOOP [321 results\1d\distrfloat1\distrfloat1.f] total exec 371, total exec lines 7, avg 5.3000000000000000e+01
    average_parallel_exec 3.3093750000000000e+01
    parallel_rate 7.6406926406926412e-01
PROFILE: time for this pass = 0.003000 sec (total 0.020000 sec)

--------------------------------------------------
INFO.JSON file copied from ./info.json to ./results\1d\distrfloat1\info.json

==================================================
Processing of distrfloat1.f completed successfully at 2025-05-06 00:22:12
