=== Processing file: acr43.f ===
Date and time: 2025-04-23 11:58:05
Dimension: 4d
==================================================

Copied ./sources\4d\acr43.f to ./results\4d\acr43\acr43.f
Command: gfortran -O3 -g -fprofile-arcs -ftest-coverage "./results\4d\acr43\acr43.f" -o "./results\4d\acr43\acr43"
Output: 

--------------------------------------------------
Command: "./results\4d\acr43\acr43"
Output: 
 ===START OF ACR43========================
 ACR4301  -  complete
 ACR4302  -  complete
 ACR4303  -  complete
 ACR4304  -  complete
 ACR4305  -  complete
 ACR4306  -  complete
 ACR4307  -  complete
 ACR4308  -  complete
 ACR4309  -  complete
 === END OF ACR43 ========================= 

--------------------------------------------------
Command: gcov -b "./results\4d\acr43\acr43.f"
Output: 
File 'results/4d/acr43/acr43.f'
Lines executed:93.50% of 323
Branches executed:100.00% of 440
Taken at least once:83.64% of 440
Calls executed:37.38% of 107
Creating 'acr43.f.gcov'

Lines executed:93.50% of 323

--------------------------------------------------
GCOV file copied from ./acr43.f.gcov to ./results\4d\acr43\acr43.f.gcov
Command: "../SAPFOR/_bin/Release/Sapfor_F.exe" -parse -spf "./results\4d\acr43\acr43.f"
Output: 
SAPFOR version is 2410, build date: Apr 23 2025 11:52:44, c++ version 201703
  parse file './results\4d\acr43\acr43.f'
  options: -spf 
files compilation order:
  ./results\4d\acr43\acr43.f
Parsing was completed successfully

--------------------------------------------------
Command: "../SAPFOR/_bin/Release/Sapfor_F.exe" -passN GET_STATS_FOR_PREDICTOR -keepDVM
Output: 
SAPFOR version is 2410, build date: Apr 23 2025 11:52:44, c++ version 201703
code for pass GET_STATS_FOR_PREDICTOR is 79
RUN PASS with name VERIFY_FUNC_DECL
  Analyzing: results\4d\acr43\acr43.f
PROFILE: time for this pass = 0.001000 sec (total 0.004000 sec)
RUN PASS with name FILE_LINE_INFO
  Analyzing: results\4d\acr43\acr43.f
  All lines in project 882
PROFILE: time for this pass = 0.001000 sec (total 0.005000 sec)
RUN PASS with name BUILD_INCLUDE_DEPENDENCIES
  Analyzing: results\4d\acr43\acr43.f
PROFILE: time for this pass = 0.001000 sec (total 0.007000 sec)
RUN PASS with name CORRECT_VAR_DECL
  Analyzing: results\4d\acr43\acr43.f
PROFILE: time for this pass = 0.001000 sec (total 0.008000 sec)
RUN PASS with name VERIFY_OPERATORS
  Analyzing: results\4d\acr43\acr43.f
PROFILE: time for this pass = 0.001000 sec (total 0.009000 sec)
RUN PASS with name VERIFY_ENDDO
  Analyzing: results\4d\acr43\acr43.f
PROFILE: time for this pass = 0.001000 sec (total 0.011000 sec)
RUN PASS with name VERIFY_INCLUDES
  Analyzing: results\4d\acr43\acr43.f
PROFILE: time for this pass = 0.001000 sec (total 0.012000 sec)
RUN PASS with name PREPROC_ALLOCATES
  Analyzing: results\4d\acr43\acr43.f
  attribute (41 results\4d\acr43\acr43.f) is added to declaration on line 35 of results\4d\acr43\acr43.f file
  attribute (116 results\4d\acr43\acr43.f) is added to declaration on line 35 of results\4d\acr43\acr43.f file
  attribute (128 results\4d\acr43\acr43.f) is added to declaration on line 121 of results\4d\acr43\acr43.f file
  attribute (208 results\4d\acr43\acr43.f) is added to declaration on line 121 of results\4d\acr43\acr43.f file
  attribute (220 results\4d\acr43\acr43.f) is added to declaration on line 213 of results\4d\acr43\acr43.f file
  attribute (296 results\4d\acr43\acr43.f) is added to declaration on line 213 of results\4d\acr43\acr43.f file
  attribute (308 results\4d\acr43\acr43.f) is added to declaration on line 301 of results\4d\acr43\acr43.f file
  attribute (386 results\4d\acr43\acr43.f) is added to declaration on line 301 of results\4d\acr43\acr43.f file
  attribute (398 results\4d\acr43\acr43.f) is added to declaration on line 391 of results\4d\acr43\acr43.f file
  attribute (478 results\4d\acr43\acr43.f) is added to declaration on line 391 of results\4d\acr43\acr43.f file
  attribute (490 results\4d\acr43\acr43.f) is added to declaration on line 483 of results\4d\acr43\acr43.f file
  attribute (582 results\4d\acr43\acr43.f) is added to declaration on line 483 of results\4d\acr43\acr43.f file
  attribute (594 results\4d\acr43\acr43.f) is added to declaration on line 587 of results\4d\acr43\acr43.f file
  attribute (678 results\4d\acr43\acr43.f) is added to declaration on line 587 of results\4d\acr43\acr43.f file
  attribute (690 results\4d\acr43\acr43.f) is added to declaration on line 683 of results\4d\acr43\acr43.f file
  attribute (770 results\4d\acr43\acr43.f) is added to declaration on line 683 of results\4d\acr43\acr43.f file
  attribute (782 results\4d\acr43\acr43.f) is added to declaration on line 775 of results\4d\acr43\acr43.f file
  attribute (858 results\4d\acr43\acr43.f) is added to declaration on line 775 of results\4d\acr43\acr43.f file
PROFILE: time for this pass = 0.001000 sec (total 0.013000 sec)
RUN PASS with name CHECK_PAR_REG_DIR
  Analyzing: results\4d\acr43\acr43.f
PROFILE: time for this pass = 0.001000 sec (total 0.015000 sec)
RUN PASS with name FILL_PARALLEL_REG_IR
  Analyzing: results\4d\acr43\acr43.f
PROFILE: time for this pass = 0.002000 sec (total 0.017000 sec)
RUN PASS with name GET_ALL_ARRAY_DECL
  Analyzing: results\4d\acr43\acr43.f
PROFILE: time for this pass = 0.007000 sec (total 0.025000 sec)
RUN PASS with name FILL_COMMON_BLOCKS
  Analyzing: results\4d\acr43\acr43.f
PROFILE: time for this pass = 0.001000 sec (total 0.026000 sec)
RUN PASS with name PARSE_OMP_DIRS
  Analyzing: results\4d\acr43\acr43.f
PROFILE: time for this pass = 0.001000 sec (total 0.028000 sec)
RUN PASS with name PREPROC_SPF
  Analyzing: results\4d\acr43\acr43.f
PROFILE: time for this pass = 0.001000 sec (total 0.029000 sec)
RUN PASS with name CREATE_INTER_TREE
  Analyzing: results\4d\acr43\acr43.f
PROFILE: time for this pass = 0.004000 sec (total 0.034000 sec)
RUN PASS with name GCOV_PARSER
  Analyzing: results\4d\acr43\acr43.f
   Error: unable to open file statistic.txt
PROFILE: time for this pass = 0.003000 sec (total 0.038000 sec)
RUN PASS with name VERIFY_FORMAT
  Analyzing: results\4d\acr43\acr43.f
PROFILE: time for this pass = 0.001000 sec (total 0.040000 sec)
RUN PASS with name VERIFY_DVM_DIRS
  Analyzing: results\4d\acr43\acr43.f
PROFILE: time for this pass = 0.001000 sec (total 0.041000 sec)
RUN PASS with name PRIVATE_CALL_GRAPH_STAGE1
  Analyzing: results\4d\acr43\acr43.f
PROFILE: time for this pass = 0.001000 sec (total 0.043000 sec)
RUN PASS with name PRIVATE_CALL_GRAPH_STAGE2
  Analyzing: results\4d\acr43\acr43.f
PROFILE: time for this pass = 0.001000 sec (total 0.045000 sec)
RUN PASS with name MACRO_EXPANSION
  Analyzing: results\4d\acr43\acr43.f
PROFILE: time for this pass = 0.001000 sec (total 0.046000 sec)
RUN PASS with name CONVERT_ASSIGN_TO_LOOP
  Analyzing: results\4d\acr43\acr43.f
PROFILE: time for this pass = 0.001000 sec (total 0.048000 sec)
RUN PASS with name DEF_USE_STAGE1
  Analyzing: results\4d\acr43\acr43.f
PROFILE: time for this pass = 0.007000 sec (total 0.055000 sec)
RUN PASS with name DEF_USE_STAGE2
  Analyzing: results\4d\acr43\acr43.f
PROFILE: time for this pass = 0.001000 sec (total 0.057000 sec)
RUN PASS with name VERIFY_COMMON
  Analyzing: results\4d\acr43\acr43.f
PROFILE: time for this pass = 0.001000 sec (total 0.058000 sec)
RUN PASS with name CALL_GRAPH_IR
  Analyzing: results\4d\acr43\acr43.f
PROFILE: time for this pass = 0.005000 sec (total 0.063000 sec)
RUN PASS with name BUILD_IR
  Analyzing: results\4d\acr43\acr43.f
  count of functions 13, count of lvls 3
     RD time for 'ansno' function is 0.000 sec, iters 1
     RD time for 'serial4' function is 0.000 sec, iters 6
     RD time for 'ansyes' function is 0.000 sec, iters 1

     RD time for 'acr4303' function is 0.001 sec, iters 6
     RD time for 'acr4308' function is 0.001 sec, iters 6
     RD time for 'acr4306' function is 0.001 sec, iters 6
     RD time for 'acr4304' function is 0.001 sec, iters 6
     RD time for 'acr4305' function is 0.001 sec, iters 6
     RD time for 'acr4307' function is 0.001 sec, iters 6
     RD time for 'acr4309' function is 0.001 sec, iters 6
     RD time for 'acr4302' function is 0.001 sec, iters 6
     RD time for 'acr4301' function is 0.001 sec, iters 6

     RD time for 'acr43' function is 0.000 sec, iters 1

PROFILE: time for this pass = 0.020000 sec (total 0.084000 sec)
RUN PASS with name SUBST_EXPR_RD
  Analyzing: results\4d\acr43\acr43.f
PROFILE: time for this pass = 0.008000 sec (total 0.092000 sec)
RUN PASS with name LOOP_GRAPH
  Analyzing: results\4d\acr43\acr43.f
PROFILE: time for this pass = 0.008000 sec (total 0.101000 sec)
RUN PASS with name CALL_GRAPH
  Analyzing: results\4d\acr43\acr43.f
PROFILE: time for this pass = 0.009000 sec (total 0.110000 sec)
RUN PASS with name CALL_GRAPH2
  Analyzing: results\4d\acr43\acr43.f
  run for func acr43
  run for func acr4301
  run for func acr4302
  run for func acr4303
  run for func acr4304
  run for func acr4305
  run for func acr4306
  run for func acr4307
  run for func acr4308
  run for func acr4309
  run for func serial4
  run for func ansyes
  run for func ansno
PROFILE: time for this pass = 0.005000 sec (total 0.116000 sec)
RUN PASS with name GET_STATS_FOR_PREDICTOR
  Analyzing: results\4d\acr43\acr43.f
    PAR LOOP [66 results\4d\acr43\acr43.f] total exec 27563, total exec lines 8, avg 3.4453750000000000e+03
    PAR LOOP [78 results\4d\acr43\acr43.f] total exec 10401, total exec lines 8, avg 1.3001250000000000e+03
    PAR LOOP [94 results\4d\acr43\acr43.f] total exec 13638, total exec lines 13, avg 1.0490769230769231e+03
    PAR LOOP [156 results\4d\acr43\acr43.f] total exec 53653, total exec lines 8, avg 6.7066250000000000e+03
    PAR LOOP [166 results\4d\acr43\acr43.f] total exec 9105, total exec lines 8, avg 1.1381250000000000e+03
    PAR LOOP [185 results\4d\acr43\acr43.f] total exec 11910, total exec lines 13, avg 9.1615384615384619e+02
    PAR LOOP [245 results\4d\acr43\acr43.f] total exec 53653, total exec lines 8, avg 6.7066250000000000e+03
    PAR LOOP [257 results\4d\acr43\acr43.f] total exec 9105, total exec lines 8, avg 1.1381250000000000e+03
    PAR LOOP [273 results\4d\acr43\acr43.f] total exec 11910, total exec lines 13, avg 9.1615384615384619e+02
    PAR LOOP [334 results\4d\acr43\acr43.f] total exec 53653, total exec lines 8, avg 6.7066250000000000e+03
    PAR LOOP [346 results\4d\acr43\acr43.f] total exec 9105, total exec lines 8, avg 1.1381250000000000e+03
    PAR LOOP [363 results\4d\acr43\acr43.f] total exec 11910, total exec lines 13, avg 9.1615384615384619e+02
    PAR LOOP [425 results\4d\acr43\acr43.f] total exec 218707, total exec lines 8, avg 2.7338375000000000e+04
    PAR LOOP [437 results\4d\acr43\acr43.f] total exec 71775, total exec lines 8, avg 8.9718750000000000e+03
    PAR LOOP [455 results\4d\acr43\acr43.f] total exec 94236, total exec lines 13, avg 7.2489230769230771e+03
    PAR LOOP [523 results\4d\acr43\acr43.f] total exec 415315, total exec lines 8, avg 5.1914375000000000e+04
    PAR LOOP [535 results\4d\acr43\acr43.f] total exec 83653, total exec lines 8, avg 1.0456625000000000e+04
    PAR LOOP [559 results\4d\acr43\acr43.f] total exec 110650, total exec lines 13, avg 8.5115384615384610e+03
    PAR LOOP [623 results\4d\acr43\acr43.f] total exec 218707, total exec lines 8, avg 2.7338375000000000e+04
    PAR LOOP [635 results\4d\acr43\acr43.f] total exec 35653, total exec lines 8, avg 4.4566250000000000e+03
    PAR LOOP [655 results\4d\acr43\acr43.f] total exec 46650, total exec lines 13, avg 3.5884615384615386e+03
    PAR LOOP [717 results\4d\acr43\acr43.f] total exec 218707, total exec lines 8, avg 2.7338375000000000e+04
    PAR LOOP [729 results\4d\acr43\acr43.f] total exec 35653, total exec lines 8, avg 4.4566250000000000e+03
    PAR LOOP [747 results\4d\acr43\acr43.f] total exec 46650, total exec lines 13, avg 3.5884615384615386e+03
    PAR LOOP [807 results\4d\acr43\acr43.f] total exec 34945525, total exec lines 8, avg 4.3681906250000000e+06
    PAR LOOP [819 results\4d\acr43\acr43.f] total exec 5280087, total exec lines 8, avg 6.6001087500000000e+05
    PAR LOOP [835 results\4d\acr43\acr43.f] total exec 7006356, total exec lines 13, avg 5.3895046153846150e+05
    average_parallel_exec 1.8813766283524904e+05
    parallel_rate 5.4016763261297096e-01
PROFILE: time for this pass = 0.069000 sec (total 0.185000 sec)

--------------------------------------------------
INFO.JSON file copied from ./info.json to ./results\4d\acr43\info.json

==================================================
Processing of acr43.f completed successfully at 2025-04-23 11:58:08
