=== Processing file: distrmix2.f ===
Date and time: 2025-04-23 11:56:21
Dimension: 2d
==================================================

Copied ./sources\2d\distrmix2.f to ./results\2d\distrmix2\distrmix2.f
Command: gfortran -O3 -g -fprofile-arcs -ftest-coverage "./results\2d\distrmix2\distrmix2.f" -o "./results\2d\distrmix2\distrmix2"
Output: 

--------------------------------------------------
Command: "./results\2d\distrmix2\distrmix2"
Output: 
 ===START OF distrmix2========================
 distrmix21   -  complete
 distrmix22   -  complete
 distrmix23   -  complete
 distrmix24   -  complete
 distrmix25   -  complete
 distrmix26   -  complete
 distrmix27   -  complete
 distrmix28   -  complete
 distrmix29   -  complete
 distrmix210  -  complete
 distrmix211  -  complete
 distrmix212  -  complete
 distrmix213  -  complete
 === END OF distrmix2 ========================= 

--------------------------------------------------
Command: gcov -b "./results\2d\distrmix2\distrmix2.f"
Output: 
File 'results/2d/distrmix2/distrmix2.f'
Lines executed:76.94% of 360
Branches executed:86.26% of 393
Taken at least once:62.09% of 393
Calls executed:50.00% of 78
Creating 'distrmix2.f.gcov'

Lines executed:76.94% of 360

--------------------------------------------------
GCOV file copied from ./distrmix2.f.gcov to ./results\2d\distrmix2\distrmix2.f.gcov
Command: "../SAPFOR/_bin/Release/Sapfor_F.exe" -parse -spf "./results\2d\distrmix2\distrmix2.f"
Output: 
SAPFOR version is 2410, build date: Apr 23 2025 11:52:44, c++ version 201703
  parse file './results\2d\distrmix2\distrmix2.f'
  options: -spf 
files compilation order:
  ./results\2d\distrmix2\distrmix2.f
Parsing was completed successfully

--------------------------------------------------
Command: "../SAPFOR/_bin/Release/Sapfor_F.exe" -passN GET_STATS_FOR_PREDICTOR -keepDVM
Output: 
SAPFOR version is 2410, build date: Apr 23 2025 11:52:44, c++ version 201703
code for pass GET_STATS_FOR_PREDICTOR is 79
RUN PASS with name VERIFY_FUNC_DECL
  Analyzing: results\2d\distrmix2\distrmix2.f
PROFILE: time for this pass = 0.001000 sec (total 0.005000 sec)
RUN PASS with name FILE_LINE_INFO
  Analyzing: results\2d\distrmix2\distrmix2.f
  All lines in project 1775
PROFILE: time for this pass = 0.001000 sec (total 0.006000 sec)
RUN PASS with name BUILD_INCLUDE_DEPENDENCIES
  Analyzing: results\2d\distrmix2\distrmix2.f
PROFILE: time for this pass = 0.001000 sec (total 0.007000 sec)
RUN PASS with name CORRECT_VAR_DECL
  Analyzing: results\2d\distrmix2\distrmix2.f
PROFILE: time for this pass = 0.001000 sec (total 0.009000 sec)
RUN PASS with name VERIFY_OPERATORS
  Analyzing: results\2d\distrmix2\distrmix2.f
PROFILE: time for this pass = 0.001000 sec (total 0.010000 sec)
RUN PASS with name VERIFY_ENDDO
  Analyzing: results\2d\distrmix2\distrmix2.f
PROFILE: time for this pass = 0.001000 sec (total 0.011000 sec)
RUN PASS with name VERIFY_INCLUDES
  Analyzing: results\2d\distrmix2\distrmix2.f
PROFILE: time for this pass = 0.001000 sec (total 0.013000 sec)
RUN PASS with name PREPROC_ALLOCATES
  Analyzing: results\2d\distrmix2\distrmix2.f
  attribute (192 results\2d\distrmix2\distrmix2.f) is added to declaration on line 186 of results\2d\distrmix2\distrmix2.f file
  attribute (241 results\2d\distrmix2\distrmix2.f) is added to declaration on line 186 of results\2d\distrmix2\distrmix2.f file
  attribute (269 results\2d\distrmix2\distrmix2.f) is added to declaration on line 263 of results\2d\distrmix2\distrmix2.f file
  attribute (318 results\2d\distrmix2\distrmix2.f) is added to declaration on line 263 of results\2d\distrmix2\distrmix2.f file
  attribute (351 results\2d\distrmix2\distrmix2.f) is added to declaration on line 345 of results\2d\distrmix2\distrmix2.f file
  attribute (459 results\2d\distrmix2\distrmix2.f) is added to declaration on line 345 of results\2d\distrmix2\distrmix2.f file
  attribute (713 results\2d\distrmix2\distrmix2.f) is added to declaration on line 706 of results\2d\distrmix2\distrmix2.f file
  attribute (820 results\2d\distrmix2\distrmix2.f) is added to declaration on line 706 of results\2d\distrmix2\distrmix2.f file
  attribute (851 results\2d\distrmix2\distrmix2.f) is added to declaration on line 845 of results\2d\distrmix2\distrmix2.f file
  attribute (909 results\2d\distrmix2\distrmix2.f) is added to declaration on line 845 of results\2d\distrmix2\distrmix2.f file
  attribute (942 results\2d\distrmix2\distrmix2.f) is added to declaration on line 936 of results\2d\distrmix2\distrmix2.f file
  attribute (1002 results\2d\distrmix2\distrmix2.f) is added to declaration on line 936 of results\2d\distrmix2\distrmix2.f file
  attribute (1038 results\2d\distrmix2\distrmix2.f) is added to declaration on line 1032 of results\2d\distrmix2\distrmix2.f file
  attribute (1147 results\2d\distrmix2\distrmix2.f) is added to declaration on line 1032 of results\2d\distrmix2\distrmix2.f file
  attribute (1183 results\2d\distrmix2\distrmix2.f) is added to declaration on line 1177 of results\2d\distrmix2\distrmix2.f file
  attribute (1290 results\2d\distrmix2\distrmix2.f) is added to declaration on line 1177 of results\2d\distrmix2\distrmix2.f file
  attribute (1324 results\2d\distrmix2\distrmix2.f) is added to declaration on line 1318 of results\2d\distrmix2\distrmix2.f file
  attribute (1431 results\2d\distrmix2\distrmix2.f) is added to declaration on line 1318 of results\2d\distrmix2\distrmix2.f file
  attribute (1475 results\2d\distrmix2\distrmix2.f) is added to declaration on line 1469 of results\2d\distrmix2\distrmix2.f file
  attribute (1653 results\2d\distrmix2\distrmix2.f) is added to declaration on line 1469 of results\2d\distrmix2\distrmix2.f file
  attribute (1689 results\2d\distrmix2\distrmix2.f) is added to declaration on line 1683 of results\2d\distrmix2\distrmix2.f file
  attribute (1762 results\2d\distrmix2\distrmix2.f) is added to declaration on line 1683 of results\2d\distrmix2\distrmix2.f file
PROFILE: time for this pass = 0.001000 sec (total 0.014000 sec)
RUN PASS with name CHECK_PAR_REG_DIR
  Analyzing: results\2d\distrmix2\distrmix2.f
PROFILE: time for this pass = 0.001000 sec (total 0.015000 sec)
RUN PASS with name FILL_PARALLEL_REG_IR
  Analyzing: results\2d\distrmix2\distrmix2.f
PROFILE: time for this pass = 0.001000 sec (total 0.017000 sec)
RUN PASS with name GET_ALL_ARRAY_DECL
  Analyzing: results\2d\distrmix2\distrmix2.f
PROFILE: time for this pass = 0.009000 sec (total 0.027000 sec)
RUN PASS with name FILL_COMMON_BLOCKS
  Analyzing: results\2d\distrmix2\distrmix2.f
PROFILE: time for this pass = 0.001000 sec (total 0.029000 sec)
RUN PASS with name PARSE_OMP_DIRS
  Analyzing: results\2d\distrmix2\distrmix2.f
PROFILE: time for this pass = 0.001000 sec (total 0.030000 sec)
RUN PASS with name PREPROC_SPF
  Analyzing: results\2d\distrmix2\distrmix2.f
PROFILE: time for this pass = 0.001000 sec (total 0.032000 sec)
RUN PASS with name CREATE_INTER_TREE
  Analyzing: results\2d\distrmix2\distrmix2.f
PROFILE: time for this pass = 0.004000 sec (total 0.036000 sec)
RUN PASS with name GCOV_PARSER
  Analyzing: results\2d\distrmix2\distrmix2.f
   Error: unable to open file statistic.txt
PROFILE: time for this pass = 0.003000 sec (total 0.040000 sec)
RUN PASS with name VERIFY_FORMAT
  Analyzing: results\2d\distrmix2\distrmix2.f
PROFILE: time for this pass = 0.001000 sec (total 0.041000 sec)
RUN PASS with name VERIFY_DVM_DIRS
  Analyzing: results\2d\distrmix2\distrmix2.f
PROFILE: time for this pass = 0.000000 sec (total 0.042000 sec)
RUN PASS with name PRIVATE_CALL_GRAPH_STAGE1
  Analyzing: results\2d\distrmix2\distrmix2.f
PROFILE: time for this pass = 0.001000 sec (total 0.043000 sec)
RUN PASS with name PRIVATE_CALL_GRAPH_STAGE2
  Analyzing: results\2d\distrmix2\distrmix2.f
PROFILE: time for this pass = 0.001000 sec (total 0.044000 sec)
RUN PASS with name MACRO_EXPANSION
  Analyzing: results\2d\distrmix2\distrmix2.f
PROFILE: time for this pass = 0.001000 sec (total 0.046000 sec)
RUN PASS with name CONVERT_ASSIGN_TO_LOOP
  Analyzing: results\2d\distrmix2\distrmix2.f
WARN: can not convert array assign to loop on line -3
WARN: can not convert array assign to loop on line -4
was on line 120 file results\2d\distrmix2\distrmix2.f
      a2 = 3
      do  i_1 = 0,55
         do  i_0 = 0,9
            a2(i_0 + 1,i_1 + 1) = 3
         enddo  
      enddo  
WARN: can not convert array assign to loop on line -11
WARN: can not convert array assign to loop on line -12
was on line 194 file results\2d\distrmix2\distrmix2.f
      a2 = 4
      do  i_3 = 0,31
         do  i_2 = 0,15
            a2(i_2 + 1,i_3 + 1) = 4
         enddo  
      enddo  
WARN: can not convert array assign to loop on line -19
WARN: can not convert array assign to loop on line -20
was on line 271 file results\2d\distrmix2\distrmix2.f
      a2 = 5
      do  i_5 = 0,11
         do  i_4 = 0,17
            a2(i_4 + 1,i_5 + 1) = 5
         enddo  
      enddo  
WARN: can not convert array assign to loop on line -27
WARN: can not convert array assign to loop on line -28
WARN: can not convert array assign to loop on line -29
WARN: can not convert array assign to loop on line -30
WARN: can not convert array assign to loop on line -31
WARN: can not convert array assign to loop on line -32
WARN: can not convert array assign to loop on line -33
WARN: can not convert array assign to loop on line -34
WARN: can not convert array assign to loop on line -36
WARN: can not convert array assign to loop on line -37
WARN: can not convert array assign to loop on line -38
WARN: can not convert array assign to loop on line -39
WARN: can not convert array assign to loop on line -40
WARN: can not convert array assign to loop on line -41
WARN: can not convert array assign to loop on line -42
WARN: can not convert array assign to loop on line -43
WARN: can not convert array assign to loop on line -44
WARN: can not convert array assign to loop on line -45
WARN: can not convert array assign to loop on line -46
WARN: can not convert array assign to loop on line -47
WARN: can not convert array assign to loop on line -48
WARN: can not convert array assign to loop on line -49
WARN: can not convert array assign to loop on line -50
WARN: can not convert array assign to loop on line -51
was on line 564 file results\2d\distrmix2\distrmix2.f
      a2 = 2
      do  i_7 = 0,11
         do  i_6 = 0,15
            a2(i_6 + 1,i_7 + 1) = 2
         enddo  
      enddo  
WARN: can not convert array assign to loop on line -58
WARN: can not convert array assign to loop on line -59
WARN: can not convert array assign to loop on line -60
WARN: can not convert array assign to loop on line -61
WARN: can not convert array assign to loop on line -62
WARN: can not convert array assign to loop on line -63
WARN: can not convert array assign to loop on line -64
WARN: can not convert array assign to loop on line -65
WARN: can not convert array assign to loop on line -66
WARN: can not convert array assign to loop on line -67
WARN: can not convert array assign to loop on line -69
WARN: can not convert array assign to loop on line -70
WARN: can not convert array assign to loop on line -71
WARN: can not convert array assign to loop on line -72
WARN: can not convert array assign to loop on line -73
WARN: can not convert array assign to loop on line -75
WARN: can not convert array assign to loop on line -76
WARN: can not convert array assign to loop on line -77
WARN: can not convert array assign to loop on line -78
WARN: can not convert array assign to loop on line -79
WARN: can not convert array assign to loop on line -80
WARN: can not convert array assign to loop on line -82
WARN: can not convert array assign to loop on line -83
WARN: can not convert array assign to loop on line -84
WARN: can not convert array assign to loop on line -85
WARN: can not convert array assign to loop on line -86
WARN: can not convert array assign to loop on line -87
WARN: can not convert array assign to loop on line -88
WARN: can not convert array assign to loop on line -89
WARN: can not convert array assign to loop on line -90
WARN: can not convert array assign to loop on line -92
WARN: can not convert array assign to loop on line -93
WARN: can not convert array assign to loop on line -94
WARN: can not convert array assign to loop on line -95
WARN: can not convert array assign to loop on line -96
WARN: can not convert array assign to loop on line -97
WARN: can not convert array assign to loop on line -98
WARN: can not convert array assign to loop on line -99
WARN: can not convert array assign to loop on line -100
WARN: can not convert array assign to loop on line -101
WARN: can not convert array assign to loop on line -103
WARN: can not convert array assign to loop on line -104
WARN: can not convert array assign to loop on line -105
WARN: can not convert array assign to loop on line -106
WARN: can not convert array assign to loop on line -107
WARN: can not convert array assign to loop on line -108
WARN: can not convert array assign to loop on line -109
WARN: can not convert array assign to loop on line -110
WARN: can not convert array assign to loop on line -111
WARN: can not convert array assign to loop on line -113
WARN: can not convert array assign to loop on line -114
WARN: can not convert array assign to loop on line -115
WARN: can not convert array assign to loop on line -116
WARN: can not convert array assign to loop on line -117
WARN: can not convert array assign to loop on line -118
WARN: can not convert array assign to loop on line -119
WARN: can not convert array assign to loop on line -120
WARN: can not convert array assign to loop on line -121
WARN: can not convert array assign to loop on line -122
WARN: can not convert array assign to loop on line -123
WARN: can not convert array assign to loop on line -124
WARN: can not convert array assign to loop on line -125
WARN: can not convert array assign to loop on line -126
WARN: can not convert array assign to loop on line -127
WARN: can not convert array assign to loop on line -128
WARN: can not convert array assign to loop on line -129
WARN: can not convert array assign to loop on line -130
WARN: can not convert array assign to loop on line -132
WARN: can not convert array assign to loop on line -133
WARN: can not convert array assign to loop on line -134
WARN: can not convert array assign to loop on line -135
WARN: can not convert array assign to loop on line -136
WARN: can not convert array assign to loop on line -137
WARN: can not convert array assign to loop on line -138
WARN: can not convert array assign to loop on line -139
WARN: can not convert array assign to loop on line -140
PROFILE: time for this pass = 0.005000 sec (total 0.051000 sec)
RUN PASS with name DEF_USE_STAGE1
  Analyzing: results\2d\distrmix2\distrmix2.f
PROFILE: time for this pass = 0.007000 sec (total 0.059000 sec)
RUN PASS with name DEF_USE_STAGE2
  Analyzing: results\2d\distrmix2\distrmix2.f
PROFILE: time for this pass = 0.001000 sec (total 0.060000 sec)
RUN PASS with name VERIFY_COMMON
  Analyzing: results\2d\distrmix2\distrmix2.f
PROFILE: time for this pass = 0.001000 sec (total 0.062000 sec)
RUN PASS with name CALL_GRAPH_IR
  Analyzing: results\2d\distrmix2\distrmix2.f
PROFILE: time for this pass = 0.006000 sec (total 0.069000 sec)
RUN PASS with name BUILD_IR
  Analyzing: results\2d\distrmix2\distrmix2.f
  count of functions 16, count of lvls 3
     RD time for 'ansyes' function is 0.000 sec, iters 1
     RD time for 'ansno' function is 0.000 sec, iters 1

     RD time for 'distrmix25' function is 0.001 sec, iters 4
     RD time for 'distrmix213' function is 0.000 sec, iters 4
     RD time for 'distrmix22' function is 0.000 sec, iters 4
     RD time for 'distrmix27' function is 0.000 sec, iters 4
     RD time for 'distrmix26' function is 0.000 sec, iters 4
     RD time for 'distrmix29' function is 0.000 sec, iters 4
     RD time for 'distrmix210' function is 0.000 sec, iters 4
     RD time for 'distrmix28' function is 0.000 sec, iters 4
     RD time for 'distrmix21' function is 0.000 sec, iters 4
     RD time for 'distrmix24' function is 0.000 sec, iters 4
     RD time for 'distrmix23' function is 0.000 sec, iters 4
     RD time for 'distrmix211' function is 0.000 sec, iters 4
     RD time for 'distrmix212' function is 0.000 sec, iters 4

     RD time for 'distrmix2' function is 0.000 sec, iters 3

PROFILE: time for this pass = 0.011000 sec (total 0.080000 sec)
RUN PASS with name SUBST_EXPR_RD
  Analyzing: results\2d\distrmix2\distrmix2.f
PROFILE: time for this pass = 0.005000 sec (total 0.085000 sec)
RUN PASS with name LOOP_GRAPH
  Analyzing: results\2d\distrmix2\distrmix2.f
PROFILE: time for this pass = 0.004000 sec (total 0.090000 sec)
RUN PASS with name CALL_GRAPH
  Analyzing: results\2d\distrmix2\distrmix2.f
PROFILE: time for this pass = 0.006000 sec (total 0.097000 sec)
RUN PASS with name CALL_GRAPH2
  Analyzing: results\2d\distrmix2\distrmix2.f
  run for func distrmix2
  run for func distrmix21
  run for func distrmix22
  run for func distrmix23
  run for func distrmix24
  run for func distrmix25
  run for func distrmix26
  run for func distrmix27
  run for func distrmix28
  run for func distrmix29
  run for func distrmix210
  run for func distrmix211
  run for func distrmix212
  run for func distrmix213
  run for func ansyes
  run for func ansno
  added conflict messages to loop on line 32
PROFILE: time for this pass = 0.003000 sec (total 0.100000 sec)
RUN PASS with name GET_STATS_FOR_PREDICTOR
  Analyzing: results\2d\distrmix2\distrmix2.f
    PAR LOOP [126 results\2d\distrmix2\distrmix2.f] total exec 1723, total exec lines 4, avg 4.3075000000000000e+02
    PAR LOOP [137 results\2d\distrmix2\distrmix2.f] total exec 1723, total exec lines 4, avg 4.3075000000000000e+02
    PAR LOOP [150 results\2d\distrmix2\distrmix2.f] total exec 2293, total exec lines 6, avg 3.8216666666666669e+02
    PAR LOOP [200 results\2d\distrmix2\distrmix2.f] total exec 1603, total exec lines 4, avg 4.0075000000000000e+02
    PAR LOOP [211 results\2d\distrmix2\distrmix2.f] total exec 1603, total exec lines 4, avg 4.0075000000000000e+02
    PAR LOOP [224 results\2d\distrmix2\distrmix2.f] total exec 2131, total exec lines 6, avg 3.5516666666666669e+02
    PAR LOOP [277 results\2d\distrmix2\distrmix2.f] total exec 723, total exec lines 4, avg 1.8075000000000000e+02
    PAR LOOP [288 results\2d\distrmix2\distrmix2.f] total exec 723, total exec lines 4, avg 1.8075000000000000e+02
    PAR LOOP [301 results\2d\distrmix2\distrmix2.f] total exec 957, total exec lines 6, avg 1.5950000000000000e+02
    PAR LOOP [355 results\2d\distrmix2\distrmix2.f] total exec 2823, total exec lines 4, avg 7.0575000000000000e+02
    PAR LOOP [428 results\2d\distrmix2\distrmix2.f] total exec 2823, total exec lines 4, avg 7.0575000000000000e+02
    PAR LOOP [441 results\2d\distrmix2\distrmix2.f] total exec 4653, total exec lines 7, avg 6.6471428571428567e+02
    PAR LOOP [570 results\2d\distrmix2\distrmix2.f] total exec 643, total exec lines 4, avg 1.6075000000000000e+02
    PAR LOOP [581 results\2d\distrmix2\distrmix2.f] total exec 643, total exec lines 4, avg 1.6075000000000000e+02
    PAR LOOP [656 results\2d\distrmix2\distrmix2.f] total exec 1043, total exec lines 7, avg 1.4900000000000000e+02
    PAR LOOP [717 results\2d\distrmix2\distrmix2.f] total exec 8011, total exec lines 4, avg 2.0027500000000000e+03
    PAR LOOP [728 results\2d\distrmix2\distrmix2.f] total exec 8011, total exec lines 4, avg 2.0027500000000000e+03
    PAR LOOP [803 results\2d\distrmix2\distrmix2.f] total exec 10663, total exec lines 6, avg 1.7771666666666667e+03
    PAR LOOP [855 results\2d\distrmix2\distrmix2.f] total exec 1571, total exec lines 4, avg 3.9275000000000000e+02
    PAR LOOP [866 results\2d\distrmix2\distrmix2.f] total exec 1571, total exec lines 4, avg 3.9275000000000000e+02
    PAR LOOP [892 results\2d\distrmix2\distrmix2.f] total exec 2091, total exec lines 6, avg 3.4850000000000000e+02
    PAR LOOP [961 results\2d\distrmix2\distrmix2.f] total exec 2187, total exec lines 4, avg 5.4675000000000000e+02
    PAR LOOP [972 results\2d\distrmix2\distrmix2.f] total exec 2187, total exec lines 4, avg 5.4675000000000000e+02
    PAR LOOP [985 results\2d\distrmix2\distrmix2.f] total exec 2901, total exec lines 6, avg 4.8350000000000000e+02
    PAR LOOP [1044 results\2d\distrmix2\distrmix2.f] total exec 3111, total exec lines 4, avg 7.7775000000000000e+02
    PAR LOOP [1117 results\2d\distrmix2\distrmix2.f] total exec 3111, total exec lines 4, avg 7.7775000000000000e+02
    PAR LOOP [1130 results\2d\distrmix2\distrmix2.f] total exec 4140, total exec lines 6, avg 6.9000000000000000e+02
    PAR LOOP [1187 results\2d\distrmix2\distrmix2.f] total exec 336, total exec lines 4, avg 8.4000000000000000e+01
    PAR LOOP [1260 results\2d\distrmix2\distrmix2.f] total exec 336, total exec lines 4, avg 8.4000000000000000e+01
    PAR LOOP [1273 results\2d\distrmix2\distrmix2.f] total exec 444, total exec lines 6, avg 7.4000000000000000e+01
    PAR LOOP [1328 results\2d\distrmix2\distrmix2.f] total exec 835, total exec lines 4, avg 2.0875000000000000e+02
    PAR LOOP [1401 results\2d\distrmix2\distrmix2.f] total exec 835, total exec lines 4, avg 2.0875000000000000e+02
    PAR LOOP [1414 results\2d\distrmix2\distrmix2.f] total exec 1107, total exec lines 6, avg 1.8450000000000000e+02
    PAR LOOP [1543 results\2d\distrmix2\distrmix2.f] total exec 531, total exec lines 4, avg 1.3275000000000000e+02
    PAR LOOP [1557 results\2d\distrmix2\distrmix2.f] total exec 531, total exec lines 4, avg 1.3275000000000000e+02
    PAR LOOP [1632 results\2d\distrmix2\distrmix2.f] total exec 873, total exec lines 7, avg 1.2471428571428571e+02
    PAR LOOP [1708 results\2d\distrmix2\distrmix2.f] total exec 1245, total exec lines 4, avg 3.1125000000000000e+02
    PAR LOOP [1719 results\2d\distrmix2\distrmix2.f] total exec 1245, total exec lines 4, avg 3.1125000000000000e+02
    PAR LOOP [1745 results\2d\distrmix2\distrmix2.f] total exec 1650, total exec lines 6, avg 2.7500000000000000e+02
    average_parallel_exec 4.6286486486486484e+02
    parallel_rate 9.7280287194401527e-01
PROFILE: time for this pass = 0.037000 sec (total 0.137000 sec)

--------------------------------------------------
INFO.JSON file copied from ./info.json to ./results\2d\distrmix2\info.json

==================================================
Processing of distrmix2.f completed successfully at 2025-04-23 11:56:22
