=== Processing file: red31.f ===
Date and time: 2025-05-06 00:26:03
Dimension: 3d
==================================================

Copied ./sources\3d\red31.f to ./results\3d\red31\red31.f
Command: gfortran -O3 -g -fprofile-arcs -ftest-coverage "./results\3d\red31\red31.f" -o "./results\3d\red31\red31"
Output: 

--------------------------------------------------
Command: "./results\3d\red31\red31"
Output: 
 ===START OF RED31=======================
 RED3101  -  complete
 RED3102  -  complete
 RED3103  -  complete
 RED3104  -  complete
 RED3105  -  complete
 RED3106  -  complete
 RED3107  -  complete
 RED3108  -  complete
 RED3109  -  complete
 RED3110  -  complete
 RED3111  -  complete
 RED3112  -  complete
 RED3113  -  complete
 RED3114  -  complete
 === END OF RED31 ========================= 

--------------------------------------------------
Command: gcov -b "./results\3d\red31\red31.f"
Output: 
File 'results/3d/red31/red31.f'
Lines executed:92.93% of 509
Branches executed:96.71% of 486
Taken at least once:80.66% of 486
Calls executed:43.22% of 118
Creating 'red31.f.gcov'

Lines executed:92.93% of 509

--------------------------------------------------
GCOV file copied from ./red31.f.gcov to ./results\3d\red31\red31.f.gcov
Command: "../SAPFOR/_bin/Release/Sapfor_F.exe" -parse -spf "./results\3d\red31\red31.f"
Output: 
SAPFOR version is 2410, build date: Apr 23 2025 11:52:44, c++ version 201703
  parse file './results\3d\red31\red31.f'
  options: -spf 
files compilation order:
  ./results\3d\red31\red31.f
Parsing was completed successfully

--------------------------------------------------
Command: "../SAPFOR/_bin/Release/Sapfor_F.exe" -passN GET_STATS_FOR_PREDICTOR -keepDVM
Output: 
SAPFOR version is 2410, build date: Apr 23 2025 11:52:44, c++ version 201703
code for pass GET_STATS_FOR_PREDICTOR is 79
RUN PASS with name VERIFY_FUNC_DECL
  Analyzing: results\3d\red31\red31.f
PROFILE: time for this pass = 0.001000 sec (total 0.011000 sec)
RUN PASS with name FILE_LINE_INFO
  Analyzing: results\3d\red31\red31.f
  All lines in project 1052
PROFILE: time for this pass = 0.001000 sec (total 0.012000 sec)
RUN PASS with name BUILD_INCLUDE_DEPENDENCIES
  Analyzing: results\3d\red31\red31.f
PROFILE: time for this pass = 0.000000 sec (total 0.013000 sec)
RUN PASS with name CORRECT_VAR_DECL
  Analyzing: results\3d\red31\red31.f
PROFILE: time for this pass = 0.001000 sec (total 0.014000 sec)
RUN PASS with name VERIFY_OPERATORS
  Analyzing: results\3d\red31\red31.f
PROFILE: time for this pass = 0.000000 sec (total 0.015000 sec)
RUN PASS with name VERIFY_ENDDO
  Analyzing: results\3d\red31\red31.f
PROFILE: time for this pass = 0.000000 sec (total 0.016000 sec)
RUN PASS with name VERIFY_INCLUDES
  Analyzing: results\3d\red31\red31.f
PROFILE: time for this pass = 0.001000 sec (total 0.017000 sec)
RUN PASS with name PREPROC_ALLOCATES
  Analyzing: results\3d\red31\red31.f
  attribute (54 results\3d\red31\red31.f) is added to declaration on line 48 of results\3d\red31\red31.f file
  attribute (89 results\3d\red31\red31.f) is added to declaration on line 48 of results\3d\red31\red31.f file
  attribute (101 results\3d\red31\red31.f) is added to declaration on line 96 of results\3d\red31\red31.f file
  attribute (140 results\3d\red31\red31.f) is added to declaration on line 96 of results\3d\red31\red31.f file
  attribute (153 results\3d\red31\red31.f) is added to declaration on line 147 of results\3d\red31\red31.f file
  attribute (190 results\3d\red31\red31.f) is added to declaration on line 147 of results\3d\red31\red31.f file
  attribute (204 results\3d\red31\red31.f) is added to declaration on line 198 of results\3d\red31\red31.f file
  attribute (242 results\3d\red31\red31.f) is added to declaration on line 198 of results\3d\red31\red31.f file
  attribute (256 results\3d\red31\red31.f) is added to declaration on line 250 of results\3d\red31\red31.f file
  attribute (293 results\3d\red31\red31.f) is added to declaration on line 250 of results\3d\red31\red31.f file
  attribute (309 results\3d\red31\red31.f) is added to declaration on line 302 of results\3d\red31\red31.f file
  attribute (348 results\3d\red31\red31.f) is added to declaration on line 302 of results\3d\red31\red31.f file
  attribute (361 results\3d\red31\red31.f) is added to declaration on line 355 of results\3d\red31\red31.f file
  attribute (409 results\3d\red31\red31.f) is added to declaration on line 355 of results\3d\red31\red31.f file
  attribute (422 results\3d\red31\red31.f) is added to declaration on line 416 of results\3d\red31\red31.f file
  attribute (471 results\3d\red31\red31.f) is added to declaration on line 416 of results\3d\red31\red31.f file
  attribute (484 results\3d\red31\red31.f) is added to declaration on line 478 of results\3d\red31\red31.f file
  attribute (532 results\3d\red31\red31.f) is added to declaration on line 478 of results\3d\red31\red31.f file
  attribute (545 results\3d\red31\red31.f) is added to declaration on line 539 of results\3d\red31\red31.f file
  attribute (595 results\3d\red31\red31.f) is added to declaration on line 539 of results\3d\red31\red31.f file
  attribute (609 results\3d\red31\red31.f) is added to declaration on line 602 of results\3d\red31\red31.f file
  attribute (658 results\3d\red31\red31.f) is added to declaration on line 602 of results\3d\red31\red31.f file
  attribute (672 results\3d\red31\red31.f) is added to declaration on line 665 of results\3d\red31\red31.f file
  attribute (721 results\3d\red31\red31.f) is added to declaration on line 665 of results\3d\red31\red31.f file
  attribute (736 results\3d\red31\red31.f) is added to declaration on line 728 of results\3d\red31\red31.f file
  attribute (793 results\3d\red31\red31.f) is added to declaration on line 728 of results\3d\red31\red31.f file
  attribute (809 results\3d\red31\red31.f) is added to declaration on line 800 of results\3d\red31\red31.f file
  attribute (810 results\3d\red31\red31.f) is added to declaration on line 802 of results\3d\red31\red31.f file
  attribute (877 results\3d\red31\red31.f) is added to declaration on line 802 of results\3d\red31\red31.f file
  attribute (877 results\3d\red31\red31.f) is added to declaration on line 800 of results\3d\red31\red31.f file
PROFILE: time for this pass = 0.001000 sec (total 0.019000 sec)
RUN PASS with name CHECK_PAR_REG_DIR
  Analyzing: results\3d\red31\red31.f
PROFILE: time for this pass = 0.001000 sec (total 0.020000 sec)
RUN PASS with name FILL_PARALLEL_REG_IR
  Analyzing: results\3d\red31\red31.f
PROFILE: time for this pass = 0.001000 sec (total 0.022000 sec)
RUN PASS with name GET_ALL_ARRAY_DECL
  Analyzing: results\3d\red31\red31.f
PROFILE: time for this pass = 0.006000 sec (total 0.028000 sec)
RUN PASS with name FILL_COMMON_BLOCKS
  Analyzing: results\3d\red31\red31.f
PROFILE: time for this pass = 0.000000 sec (total 0.029000 sec)
RUN PASS with name PARSE_OMP_DIRS
  Analyzing: results\3d\red31\red31.f
PROFILE: time for this pass = 0.001000 sec (total 0.031000 sec)
RUN PASS with name PREPROC_SPF
  Analyzing: results\3d\red31\red31.f
PROFILE: time for this pass = 0.001000 sec (total 0.032000 sec)
RUN PASS with name CREATE_INTER_TREE
  Analyzing: results\3d\red31\red31.f
PROFILE: time for this pass = 0.003000 sec (total 0.035000 sec)
RUN PASS with name GCOV_PARSER
  Analyzing: results\3d\red31\red31.f
   Error: unable to open file statistic.txt
PROFILE: time for this pass = 0.002000 sec (total 0.038000 sec)
RUN PASS with name VERIFY_FORMAT
  Analyzing: results\3d\red31\red31.f
PROFILE: time for this pass = 0.000000 sec (total 0.038000 sec)
RUN PASS with name VERIFY_DVM_DIRS
  Analyzing: results\3d\red31\red31.f
PROFILE: time for this pass = 0.000000 sec (total 0.039000 sec)
RUN PASS with name PRIVATE_CALL_GRAPH_STAGE1
  Analyzing: results\3d\red31\red31.f
PROFILE: time for this pass = 0.000000 sec (total 0.040000 sec)
RUN PASS with name PRIVATE_CALL_GRAPH_STAGE2
  Analyzing: results\3d\red31\red31.f
PROFILE: time for this pass = 0.000000 sec (total 0.041000 sec)
RUN PASS with name MACRO_EXPANSION
  Analyzing: results\3d\red31\red31.f
PROFILE: time for this pass = 0.000000 sec (total 0.042000 sec)
RUN PASS with name CONVERT_ASSIGN_TO_LOOP
  Analyzing: results\3d\red31\red31.f
PROFILE: time for this pass = 0.001000 sec (total 0.044000 sec)
RUN PASS with name DEF_USE_STAGE1
  Analyzing: results\3d\red31\red31.f
PROFILE: time for this pass = 0.004000 sec (total 0.049000 sec)
RUN PASS with name DEF_USE_STAGE2
  Analyzing: results\3d\red31\red31.f
PROFILE: time for this pass = 0.000000 sec (total 0.049000 sec)
RUN PASS with name VERIFY_COMMON
  Analyzing: results\3d\red31\red31.f
PROFILE: time for this pass = 0.000000 sec (total 0.050000 sec)
RUN PASS with name CALL_GRAPH_IR
  Analyzing: results\3d\red31\red31.f
PROFILE: time for this pass = 0.004000 sec (total 0.055000 sec)
RUN PASS with name BUILD_IR
  Analyzing: results\3d\red31\red31.f
  count of functions 23, count of lvls 3
     RD time for 'serprod3' function is 0.000 sec, iters 5
     RD time for 'sersum3' function is 0.000 sec, iters 5
     RD time for 'serlog3' function is 0.000 sec, iters 5
     RD time for 'sersum3mr' function is 0.000 sec, iters 5
     RD time for 'ansyes' function is 0.000 sec, iters 1
     RD time for 'sersum3m' function is 0.000 sec, iters 5
     RD time for 'serprodr3' function is 0.000 sec, iters 5
     RD time for 'ansno' function is 0.000 sec, iters 1

     RD time for 'red3103' function is 0.000 sec, iters 5
     RD time for 'red3101' function is 0.000 sec, iters 5
     RD time for 'red3102' function is 0.000 sec, iters 5
     RD time for 'red3104' function is 0.000 sec, iters 5
     RD time for 'red3105' function is 0.000 sec, iters 5
     RD time for 'red3106' function is 0.000 sec, iters 5
     RD time for 'red3108' function is 0.000 sec, iters 5
     RD time for 'red3109' function is 0.000 sec, iters 5
     RD time for 'red3113' function is 0.000 sec, iters 5
     RD time for 'red3112' function is 0.000 sec, iters 5
     RD time for 'red3114' function is 0.001 sec, iters 5
     RD time for 'red3107' function is 0.000 sec, iters 5
     RD time for 'red3110' function is 0.000 sec, iters 5
     RD time for 'red3111' function is 0.000 sec, iters 5

     RD time for 'red31' function is 0.000 sec, iters 1

PROFILE: time for this pass = 0.017000 sec (total 0.072000 sec)
RUN PASS with name SUBST_EXPR_RD
  Analyzing: results\3d\red31\red31.f
PROFILE: time for this pass = 0.007000 sec (total 0.080000 sec)
RUN PASS with name LOOP_GRAPH
  Analyzing: results\3d\red31\red31.f
PROFILE: time for this pass = 0.004000 sec (total 0.084000 sec)
RUN PASS with name CALL_GRAPH
  Analyzing: results\3d\red31\red31.f
PROFILE: time for this pass = 0.007000 sec (total 0.091000 sec)
RUN PASS with name CALL_GRAPH2
  Analyzing: results\3d\red31\red31.f
  run for func red31
  run for func red3101
  run for func red3102
  run for func red3103
  run for func red3104
  run for func red3105
  run for func red3106
  run for func red3107
  run for func red3108
  run for func red3109
  run for func red3110
  run for func red3111
  run for func red3112
  run for func red3113
  run for func red3114
  run for func sersum3
  run for func sersum3m
  run for func sersum3mr
  run for func serprod3
  run for func serprodr3
  run for func serlog3
  run for func ansyes
  run for func ansno
PROFILE: time for this pass = 0.004000 sec (total 0.096000 sec)
RUN PASS with name GET_STATS_FOR_PREDICTOR
  Analyzing: results\3d\red31\red31.f
    PAR LOOP [65 results\3d\red31\red31.f] total exec 3795, total exec lines 6, avg 6.3250000000000000e+02
    PAR LOOP [74 results\3d\red31\red31.f] total exec 3795, total exec lines 6, avg 6.3250000000000000e+02
    PAR LOOP [112 results\3d\red31\red31.f] total exec 7123, total exec lines 10, avg 7.1229999999999995e+02
    PAR LOOP [125 results\3d\red31\red31.f] total exec 3795, total exec lines 6, avg 6.3250000000000000e+02
    PAR LOOP [156 results\3d\red31\red31.f] total exec 3795, total exec lines 6, avg 6.3250000000000000e+02
    PAR LOOP [175 results\3d\red31\red31.f] total exec 4947, total exec lines 7, avg 7.0671428571428567e+02
    PAR LOOP [207 results\3d\red31\red31.f] total exec 3795, total exec lines 6, avg 6.3250000000000000e+02
    PAR LOOP [227 results\3d\red31\red31.f] total exec 4638, total exec lines 7, avg 6.6257142857142856e+02
    PAR LOOP [259 results\3d\red31\red31.f] total exec 3795, total exec lines 6, avg 6.3250000000000000e+02
    PAR LOOP [278 results\3d\red31\red31.f] total exec 4638, total exec lines 7, avg 6.6257142857142856e+02
    PAR LOOP [320 results\3d\red31\red31.f] total exec 7123, total exec lines 10, avg 7.1229999999999995e+02
    PAR LOOP [333 results\3d\red31\red31.f] total exec 3795, total exec lines 6, avg 6.3250000000000000e+02
    PAR LOOP [368 results\3d\red31\red31.f] total exec 851, total exec lines 6, avg 1.4183333333333334e+02
    PAR LOOP [377 results\3d\red31\red31.f] total exec 851, total exec lines 6, avg 1.4183333333333334e+02
    PAR LOOP [391 results\3d\red31\red31.f] total exec 7122, total exec lines 9, avg 7.9133333333333337e+02
    PAR LOOP [430 results\3d\red31\red31.f] total exec 1363, total exec lines 6, avg 2.2716666666666666e+02
    PAR LOOP [439 results\3d\red31\red31.f] total exec 1363, total exec lines 6, avg 2.2716666666666666e+02
    PAR LOOP [453 results\3d\red31\red31.f] total exec 13266, total exec lines 9, avg 1.4740000000000000e+03
    PAR LOOP [491 results\3d\red31\red31.f] total exec 851, total exec lines 6, avg 1.4183333333333334e+02
    PAR LOOP [500 results\3d\red31\red31.f] total exec 851, total exec lines 6, avg 1.4183333333333334e+02
    PAR LOOP [514 results\3d\red31\red31.f] total exec 7122, total exec lines 9, avg 7.9133333333333337e+02
    PAR LOOP [553 results\3d\red31\red31.f] total exec 851, total exec lines 6, avg 1.4183333333333334e+02
    PAR LOOP [562 results\3d\red31\red31.f] total exec 851, total exec lines 6, avg 1.4183333333333334e+02
    PAR LOOP [576 results\3d\red31\red31.f] total exec 7121, total exec lines 10, avg 7.1210000000000002e+02
    PAR LOOP [612 results\3d\red31\red31.f] total exec 6867, total exec lines 6, avg 1.1445000000000000e+03
    PAR LOOP [637 results\3d\red31\red31.f] total exec 11774, total exec lines 11, avg 1.0703636363636363e+03
    PAR LOOP [675 results\3d\red31\red31.f] total exec 6867, total exec lines 6, avg 1.1445000000000000e+03
    PAR LOOP [700 results\3d\red31\red31.f] total exec 8482, total exec lines 11, avg 7.7109090909090912e+02
    PAR LOOP [744 results\3d\red31\red31.f] total exec 6867, total exec lines 6, avg 1.1445000000000000e+03
    PAR LOOP [775 results\3d\red31\red31.f] total exec 15187, total exec lines 10, avg 1.5187000000000000e+03
    PAR LOOP [819 results\3d\red31\red31.f] total exec 427, total exec lines 6, avg 7.1166666666666671e+01
    PAR LOOP [828 results\3d\red31\red31.f] total exec 426, total exec lines 6, avg 7.1000000000000000e+01
    PAR LOOP [843 results\3d\red31\red31.f] total exec 13267, total exec lines 10, avg 1.3267000000000000e+03
    PAR LOOP [857 results\3d\red31\red31.f] total exec 15314, total exec lines 10, avg 1.5314000000000001e+03
    average_parallel_exec 7.3189999999999998e+02
    parallel_rate 5.5443609478213440e-01
PROFILE: time for this pass = 0.048000 sec (total 0.145000 sec)

--------------------------------------------------
INFO.JSON file copied from ./info.json to ./results\3d\red31\info.json

==================================================
Processing of red31.f completed successfully at 2025-05-06 00:26:06
