=== Processing file: sha22.f ===
Date and time: 2025-04-23 11:56:51
Dimension: 2d
==================================================

Copied ./sources\2d\sha22.f to ./results\2d\sha22\sha22.f
Command: gfortran -O3 -g -fprofile-arcs -ftest-coverage "./results\2d\sha22\sha22.f" -o "./results\2d\sha22\sha22"
Output: 

--------------------------------------------------
Command: "./results\2d\sha22\sha22"
Output: 
 ===START OF SHA22========================
 SHA2201  -  complete
 SHA2202  -  complete
 SHA2203  -  complete
 SHA2204  -  complete
 === END OF SHA22 ========================= 

--------------------------------------------------
Command: gcov -b "./results\2d\sha22\sha22.f"
Output: 
File 'results/2d/sha22/sha22.f'
Lines executed:93.53% of 139
Branches executed:98.18% of 220
Taken at least once:63.64% of 220
Calls executed:24.71% of 85
Creating 'sha22.f.gcov'

Lines executed:93.53% of 139

--------------------------------------------------
GCOV file copied from ./sha22.f.gcov to ./results\2d\sha22\sha22.f.gcov
Command: "../SAPFOR/_bin/Release/Sapfor_F.exe" -parse -spf "./results\2d\sha22\sha22.f"
Output: 
SAPFOR version is 2410, build date: Apr 23 2025 11:52:44, c++ version 201703
  parse file './results\2d\sha22\sha22.f'
  options: -spf 
files compilation order:
  ./results\2d\sha22\sha22.f
Parsing was completed successfully

--------------------------------------------------
Command: "../SAPFOR/_bin/Release/Sapfor_F.exe" -passN GET_STATS_FOR_PREDICTOR -keepDVM
Output: 
SAPFOR version is 2410, build date: Apr 23 2025 11:52:44, c++ version 201703
code for pass GET_STATS_FOR_PREDICTOR is 79
RUN PASS with name VERIFY_FUNC_DECL
  Analyzing: results\2d\sha22\sha22.f
PROFILE: time for this pass = 0.000000 sec (total 0.002000 sec)
RUN PASS with name FILE_LINE_INFO
  Analyzing: results\2d\sha22\sha22.f
  All lines in project 297
PROFILE: time for this pass = 0.000000 sec (total 0.002000 sec)
RUN PASS with name BUILD_INCLUDE_DEPENDENCIES
  Analyzing: results\2d\sha22\sha22.f
PROFILE: time for this pass = 0.000000 sec (total 0.003000 sec)
RUN PASS with name CORRECT_VAR_DECL
  Analyzing: results\2d\sha22\sha22.f
PROFILE: time for this pass = 0.000000 sec (total 0.003000 sec)
RUN PASS with name VERIFY_OPERATORS
  Analyzing: results\2d\sha22\sha22.f
PROFILE: time for this pass = 0.000000 sec (total 0.004000 sec)
RUN PASS with name VERIFY_ENDDO
  Analyzing: results\2d\sha22\sha22.f
PROFILE: time for this pass = 0.000000 sec (total 0.004000 sec)
RUN PASS with name VERIFY_INCLUDES
  Analyzing: results\2d\sha22\sha22.f
PROFILE: time for this pass = 0.000000 sec (total 0.005000 sec)
RUN PASS with name PREPROC_ALLOCATES
  Analyzing: results\2d\sha22\sha22.f
  attribute (37 results\2d\sha22\sha22.f) is added to declaration on line 27 of results\2d\sha22\sha22.f file
  attribute (38 results\2d\sha22\sha22.f) is added to declaration on line 28 of results\2d\sha22\sha22.f file
  attribute (89 results\2d\sha22\sha22.f) is added to declaration on line 28 of results\2d\sha22\sha22.f file
  attribute (89 results\2d\sha22\sha22.f) is added to declaration on line 27 of results\2d\sha22\sha22.f file
  attribute (107 results\2d\sha22\sha22.f) is added to declaration on line 97 of results\2d\sha22\sha22.f file
  attribute (108 results\2d\sha22\sha22.f) is added to declaration on line 98 of results\2d\sha22\sha22.f file
  attribute (152 results\2d\sha22\sha22.f) is added to declaration on line 97 of results\2d\sha22\sha22.f file
  attribute (152 results\2d\sha22\sha22.f) is added to declaration on line 98 of results\2d\sha22\sha22.f file
  attribute (172 results\2d\sha22\sha22.f) is added to declaration on line 162 of results\2d\sha22\sha22.f file
  attribute (173 results\2d\sha22\sha22.f) is added to declaration on line 163 of results\2d\sha22\sha22.f file
  attribute (217 results\2d\sha22\sha22.f) is added to declaration on line 163 of results\2d\sha22\sha22.f file
  attribute (217 results\2d\sha22\sha22.f) is added to declaration on line 162 of results\2d\sha22\sha22.f file
  attribute (234 results\2d\sha22\sha22.f) is added to declaration on line 224 of results\2d\sha22\sha22.f file
  attribute (235 results\2d\sha22\sha22.f) is added to declaration on line 225 of results\2d\sha22\sha22.f file
  attribute (276 results\2d\sha22\sha22.f) is added to declaration on line 225 of results\2d\sha22\sha22.f file
  attribute (276 results\2d\sha22\sha22.f) is added to declaration on line 224 of results\2d\sha22\sha22.f file
PROFILE: time for this pass = 0.000000 sec (total 0.006000 sec)
RUN PASS with name CHECK_PAR_REG_DIR
  Analyzing: results\2d\sha22\sha22.f
PROFILE: time for this pass = 0.000000 sec (total 0.006000 sec)
RUN PASS with name FILL_PARALLEL_REG_IR
  Analyzing: results\2d\sha22\sha22.f
PROFILE: time for this pass = 0.000000 sec (total 0.007000 sec)
RUN PASS with name GET_ALL_ARRAY_DECL
  Analyzing: results\2d\sha22\sha22.f
PROFILE: time for this pass = 0.004000 sec (total 0.012000 sec)
RUN PASS with name FILL_COMMON_BLOCKS
  Analyzing: results\2d\sha22\sha22.f
PROFILE: time for this pass = 0.000000 sec (total 0.013000 sec)
RUN PASS with name PARSE_OMP_DIRS
  Analyzing: results\2d\sha22\sha22.f
PROFILE: time for this pass = 0.000000 sec (total 0.013000 sec)
RUN PASS with name PREPROC_SPF
  Analyzing: results\2d\sha22\sha22.f
PROFILE: time for this pass = 0.000000 sec (total 0.014000 sec)
RUN PASS with name CREATE_INTER_TREE
  Analyzing: results\2d\sha22\sha22.f
PROFILE: time for this pass = 0.002000 sec (total 0.016000 sec)
RUN PASS with name GCOV_PARSER
  Analyzing: results\2d\sha22\sha22.f
   Error: unable to open file statistic.txt
PROFILE: time for this pass = 0.001000 sec (total 0.018000 sec)
RUN PASS with name VERIFY_FORMAT
  Analyzing: results\2d\sha22\sha22.f
PROFILE: time for this pass = 0.000000 sec (total 0.019000 sec)
RUN PASS with name VERIFY_DVM_DIRS
  Analyzing: results\2d\sha22\sha22.f
PROFILE: time for this pass = 0.000000 sec (total 0.019000 sec)
RUN PASS with name PRIVATE_CALL_GRAPH_STAGE1
  Analyzing: results\2d\sha22\sha22.f
PROFILE: time for this pass = 0.000000 sec (total 0.020000 sec)
RUN PASS with name PRIVATE_CALL_GRAPH_STAGE2
  Analyzing: results\2d\sha22\sha22.f
PROFILE: time for this pass = 0.000000 sec (total 0.020000 sec)
RUN PASS with name MACRO_EXPANSION
  Analyzing: results\2d\sha22\sha22.f
PROFILE: time for this pass = 0.000000 sec (total 0.021000 sec)
RUN PASS with name CONVERT_ASSIGN_TO_LOOP
  Analyzing: results\2d\sha22\sha22.f
PROFILE: time for this pass = 0.000000 sec (total 0.021000 sec)
RUN PASS with name DEF_USE_STAGE1
  Analyzing: results\2d\sha22\sha22.f
PROFILE: time for this pass = 0.003000 sec (total 0.025000 sec)
RUN PASS with name DEF_USE_STAGE2
  Analyzing: results\2d\sha22\sha22.f
PROFILE: time for this pass = 0.000000 sec (total 0.026000 sec)
RUN PASS with name VERIFY_COMMON
  Analyzing: results\2d\sha22\sha22.f
PROFILE: time for this pass = 0.000000 sec (total 0.026000 sec)
RUN PASS with name CALL_GRAPH_IR
  Analyzing: results\2d\sha22\sha22.f
PROFILE: time for this pass = 0.002000 sec (total 0.029000 sec)
RUN PASS with name BUILD_IR
  Analyzing: results\2d\sha22\sha22.f
  count of functions 8, count of lvls 3
     RD time for 'serial2' function is 0.000 sec, iters 4
     RD time for 'ansyes' function is 0.000 sec, iters 1
     RD time for 'ansno' function is 0.000 sec, iters 1

     RD time for 'sha2202' function is 0.000 sec, iters 4
     RD time for 'sha2203' function is 0.000 sec, iters 4
     RD time for 'sha2201' function is 0.000 sec, iters 4
     RD time for 'sha2204' function is 0.000 sec, iters 4

     RD time for 'sha22' function is 0.000 sec, iters 1

PROFILE: time for this pass = 0.004000 sec (total 0.033000 sec)
RUN PASS with name SUBST_EXPR_RD
  Analyzing: results\2d\sha22\sha22.f
PROFILE: time for this pass = 0.002000 sec (total 0.036000 sec)
RUN PASS with name LOOP_GRAPH
  Analyzing: results\2d\sha22\sha22.f
PROFILE: time for this pass = 0.002000 sec (total 0.038000 sec)
RUN PASS with name CALL_GRAPH
  Analyzing: results\2d\sha22\sha22.f
PROFILE: time for this pass = 0.003000 sec (total 0.041000 sec)
RUN PASS with name CALL_GRAPH2
  Analyzing: results\2d\sha22\sha22.f
  run for func sha22
  run for func sha2201
  run for func sha2202
  run for func sha2203
  run for func sha2204
  run for func serial2
  run for func ansyes
  run for func ansno
PROFILE: time for this pass = 0.002000 sec (total 0.044000 sec)
RUN PASS with name GET_STATS_FOR_PREDICTOR
  Analyzing: results\2d\sha22\sha22.f
    PAR LOOP [48 results\2d\sha22\sha22.f] total exec 1347, total exec lines 6, avg 2.2450000000000000e+02
    PAR LOOP [64 results\2d\sha22\sha22.f] total exec 543, total exec lines 6, avg 9.0500000000000000e+01
    PAR LOOP [76 results\2d\sha22\sha22.f] total exec 853, total exec lines 9, avg 9.4777777777777771e+01
    PAR LOOP [118 results\2d\sha22\sha22.f] total exec 5251, total exec lines 6, avg 8.7516666666666663e+02
    PAR LOOP [129 results\2d\sha22\sha22.f] total exec 3487, total exec lines 6, avg 5.8116666666666663e+02
    PAR LOOP [139 results\2d\sha22\sha22.f] total exec 5541, total exec lines 9, avg 6.1566666666666663e+02
    PAR LOOP [183 results\2d\sha22\sha22.f] total exec 5251, total exec lines 6, avg 8.7516666666666663e+02
    PAR LOOP [194 results\2d\sha22\sha22.f] total exec 3487, total exec lines 6, avg 5.8116666666666663e+02
    PAR LOOP [204 results\2d\sha22\sha22.f] total exec 5541, total exec lines 9, avg 6.1566666666666663e+02
    PAR LOOP [244 results\2d\sha22\sha22.f] total exec 5251, total exec lines 6, avg 8.7516666666666663e+02
    PAR LOOP [253 results\2d\sha22\sha22.f] total exec 3487, total exec lines 6, avg 5.8116666666666663e+02
    PAR LOOP [263 results\2d\sha22\sha22.f] total exec 5541, total exec lines 9, avg 6.1566666666666663e+02
    average_parallel_exec 5.4261904761904759e+02
    parallel_rate 8.0046362965824880e-01
PROFILE: time for this pass = 0.015000 sec (total 0.060000 sec)

--------------------------------------------------
INFO.JSON file copied from ./info.json to ./results\2d\sha22\info.json

==================================================
Processing of sha22.f completed successfully at 2025-04-23 11:56:52
