=== Processing file: align44.f ===
Date and time: 2025-05-06 00:26:29
Dimension: 4d
==================================================

Copied ./sources\4d\align44.f to ./results\4d\align44\align44.f
Command: gfortran -O3 -g -fprofile-arcs -ftest-coverage "./results\4d\align44\align44.f" -o "./results\4d\align44\align44"
Output: 

--------------------------------------------------
Command: "./results\4d\align44\align44"
Output: 
 ===START OF align44========================
 align441   -  complete
 align442   -  complete
 align443   -  complete
 align444   -  complete
 align446   -  complete
 align447   -  complete
 align448   -  complete
 === END OF align44 ========================= 

--------------------------------------------------
Command: gcov -b "./results\4d\align44\align44.f"
Output: 
File 'results/4d/align44/align44.f'
Lines executed:82.85% of 344
Branches executed:87.37% of 396
Taken at least once:76.52% of 396
Calls executed:33.75% of 80
Creating 'align44.f.gcov'

Lines executed:82.85% of 344

--------------------------------------------------
GCOV file copied from ./align44.f.gcov to ./results\4d\align44\align44.f.gcov
Command: "../SAPFOR/_bin/Release/Sapfor_F.exe" -parse -spf "./results\4d\align44\align44.f"
Output: 
SAPFOR version is 2410, build date: Apr 23 2025 11:52:44, c++ version 201703
  parse file './results\4d\align44\align44.f'
  options: -spf 
files compilation order:
  ./results\4d\align44\align44.f
Parsing was completed successfully

--------------------------------------------------
Command: "../SAPFOR/_bin/Release/Sapfor_F.exe" -passN GET_STATS_FOR_PREDICTOR -keepDVM
Output: 
SAPFOR version is 2410, build date: Apr 23 2025 11:52:44, c++ version 201703
code for pass GET_STATS_FOR_PREDICTOR is 79
RUN PASS with name VERIFY_FUNC_DECL
  Analyzing: results\4d\align44\align44.f
PROFILE: time for this pass = 0.001000 sec (total 0.003000 sec)
RUN PASS with name FILE_LINE_INFO
  Analyzing: results\4d\align44\align44.f
  All lines in project 926
PROFILE: time for this pass = 0.001000 sec (total 0.005000 sec)
RUN PASS with name BUILD_INCLUDE_DEPENDENCIES
  Analyzing: results\4d\align44\align44.f
PROFILE: time for this pass = 0.001000 sec (total 0.006000 sec)
RUN PASS with name CORRECT_VAR_DECL
  Analyzing: results\4d\align44\align44.f
PROFILE: time for this pass = 0.000000 sec (total 0.007000 sec)
RUN PASS with name VERIFY_OPERATORS
  Analyzing: results\4d\align44\align44.f
PROFILE: time for this pass = 0.001000 sec (total 0.008000 sec)
RUN PASS with name VERIFY_ENDDO
  Analyzing: results\4d\align44\align44.f
PROFILE: time for this pass = 0.000000 sec (total 0.009000 sec)
RUN PASS with name VERIFY_INCLUDES
  Analyzing: results\4d\align44\align44.f
PROFILE: time for this pass = 0.000000 sec (total 0.010000 sec)
RUN PASS with name PREPROC_ALLOCATES
  Analyzing: results\4d\align44\align44.f
  attribute (61 results\4d\align44\align44.f) is added to declaration on line 53 of results\4d\align44\align44.f file
  attribute (146 results\4d\align44\align44.f) is added to declaration on line 53 of results\4d\align44\align44.f file
  attribute (171 results\4d\align44\align44.f) is added to declaration on line 163 of results\4d\align44\align44.f file
  attribute (255 results\4d\align44\align44.f) is added to declaration on line 163 of results\4d\align44\align44.f file
  attribute (279 results\4d\align44\align44.f) is added to declaration on line 272 of results\4d\align44\align44.f file
  attribute (364 results\4d\align44\align44.f) is added to declaration on line 272 of results\4d\align44\align44.f file
  attribute (389 results\4d\align44\align44.f) is added to declaration on line 381 of results\4d\align44\align44.f file
  attribute (474 results\4d\align44\align44.f) is added to declaration on line 381 of results\4d\align44\align44.f file
  attribute (499 results\4d\align44\align44.f) is added to declaration on line 491 of results\4d\align44\align44.f file
  attribute (584 results\4d\align44\align44.f) is added to declaration on line 491 of results\4d\align44\align44.f file
  attribute (610 results\4d\align44\align44.f) is added to declaration on line 602 of results\4d\align44\align44.f file
  attribute (696 results\4d\align44\align44.f) is added to declaration on line 602 of results\4d\align44\align44.f file
  attribute (721 results\4d\align44\align44.f) is added to declaration on line 714 of results\4d\align44\align44.f file
  attribute (805 results\4d\align44\align44.f) is added to declaration on line 714 of results\4d\align44\align44.f file
  attribute (829 results\4d\align44\align44.f) is added to declaration on line 822 of results\4d\align44\align44.f file
  attribute (914 results\4d\align44\align44.f) is added to declaration on line 822 of results\4d\align44\align44.f file
PROFILE: time for this pass = 0.001000 sec (total 0.011000 sec)
RUN PASS with name CHECK_PAR_REG_DIR
  Analyzing: results\4d\align44\align44.f
PROFILE: time for this pass = 0.000000 sec (total 0.012000 sec)
RUN PASS with name FILL_PARALLEL_REG_IR
  Analyzing: results\4d\align44\align44.f
PROFILE: time for this pass = 0.000000 sec (total 0.013000 sec)
RUN PASS with name GET_ALL_ARRAY_DECL
  Analyzing: results\4d\align44\align44.f
PROFILE: time for this pass = 0.004000 sec (total 0.017000 sec)
RUN PASS with name FILL_COMMON_BLOCKS
  Analyzing: results\4d\align44\align44.f
PROFILE: time for this pass = 0.000000 sec (total 0.018000 sec)
RUN PASS with name PARSE_OMP_DIRS
  Analyzing: results\4d\align44\align44.f
PROFILE: time for this pass = 0.001000 sec (total 0.019000 sec)
RUN PASS with name PREPROC_SPF
  Analyzing: results\4d\align44\align44.f
PROFILE: time for this pass = 0.000000 sec (total 0.020000 sec)
RUN PASS with name CREATE_INTER_TREE
  Analyzing: results\4d\align44\align44.f
PROFILE: time for this pass = 0.003000 sec (total 0.024000 sec)
RUN PASS with name GCOV_PARSER
  Analyzing: results\4d\align44\align44.f
   Error: unable to open file statistic.txt
PROFILE: time for this pass = 0.002000 sec (total 0.027000 sec)
RUN PASS with name VERIFY_FORMAT
  Analyzing: results\4d\align44\align44.f
PROFILE: time for this pass = 0.000000 sec (total 0.027000 sec)
RUN PASS with name VERIFY_DVM_DIRS
  Analyzing: results\4d\align44\align44.f
PROFILE: time for this pass = 0.000000 sec (total 0.028000 sec)
RUN PASS with name PRIVATE_CALL_GRAPH_STAGE1
  Analyzing: results\4d\align44\align44.f
PROFILE: time for this pass = 0.000000 sec (total 0.029000 sec)
RUN PASS with name PRIVATE_CALL_GRAPH_STAGE2
  Analyzing: results\4d\align44\align44.f
PROFILE: time for this pass = 0.000000 sec (total 0.030000 sec)
RUN PASS with name MACRO_EXPANSION
  Analyzing: results\4d\align44\align44.f
PROFILE: time for this pass = 0.001000 sec (total 0.031000 sec)
RUN PASS with name CONVERT_ASSIGN_TO_LOOP
  Analyzing: results\4d\align44\align44.f
PROFILE: time for this pass = 0.001000 sec (total 0.032000 sec)
RUN PASS with name DEF_USE_STAGE1
  Analyzing: results\4d\align44\align44.f
PROFILE: time for this pass = 0.001000 sec (total 0.034000 sec)
RUN PASS with name DEF_USE_STAGE2
  Analyzing: results\4d\align44\align44.f
PROFILE: time for this pass = 0.000000 sec (total 0.035000 sec)
RUN PASS with name VERIFY_COMMON
  Analyzing: results\4d\align44\align44.f
PROFILE: time for this pass = 0.000000 sec (total 0.036000 sec)
RUN PASS with name CALL_GRAPH_IR
  Analyzing: results\4d\align44\align44.f
PROFILE: time for this pass = 0.001000 sec (total 0.038000 sec)
RUN PASS with name BUILD_IR
  Analyzing: results\4d\align44\align44.f
  count of functions 11, count of lvls 3
     RD time for 'align445' function is 0.001 sec, iters 6
     RD time for 'ansno' function is 0.000 sec, iters 1
     RD time for 'ansyes' function is 0.000 sec, iters 1

     RD time for 'align441' function is 0.001 sec, iters 6
     RD time for 'align444' function is 0.001 sec, iters 6
     RD time for 'align442' function is 0.001 sec, iters 6
     RD time for 'align443' function is 0.001 sec, iters 6
     RD time for 'align447' function is 0.002 sec, iters 7
     RD time for 'align448' function is 0.002 sec, iters 8
     RD time for 'align446' function is 0.002 sec, iters 7

     RD time for 'align44' function is 0.000 sec, iters 1

PROFILE: time for this pass = 0.022000 sec (total 0.060000 sec)
RUN PASS with name SUBST_EXPR_RD
  Analyzing: results\4d\align44\align44.f
PROFILE: time for this pass = 0.008000 sec (total 0.068000 sec)
RUN PASS with name LOOP_GRAPH
  Analyzing: results\4d\align44\align44.f
PROFILE: time for this pass = 0.004000 sec (total 0.073000 sec)
RUN PASS with name CALL_GRAPH
  Analyzing: results\4d\align44\align44.f
PROFILE: time for this pass = 0.004000 sec (total 0.077000 sec)
RUN PASS with name CALL_GRAPH2
  Analyzing: results\4d\align44\align44.f
  run for func align44
  run for func align441
  run for func align442
  run for func align443
  run for func align444
  run for func align445
  run for func align446
  run for func align447
  run for func align448
  run for func ansyes
  run for func ansno
PROFILE: time for this pass = 0.003000 sec (total 0.080000 sec)
RUN PASS with name GET_STATS_FOR_PREDICTOR
  Analyzing: results\4d\align44\align44.f
    PAR LOOP [69 results\4d\align44\align44.f] total exec 125, total exec lines 8, avg 1.5625000000000000e+01
    PAR LOOP [80 results\4d\align44\align44.f] total exec 3883, total exec lines 15, avg 2.5886666666666667e+02
    PAR LOOP [111 results\4d\align44\align44.f] total exec 189, total exec lines 12, avg 1.5750000000000000e+01
    PAR LOOP [179 results\4d\align44\align44.f] total exec 1207, total exec lines 8, avg 1.5087500000000000e+02
    PAR LOOP [189 results\4d\align44\align44.f] total exec 2551, total exec lines 15, avg 1.7006666666666666e+02
    PAR LOOP [220 results\4d\align44\align44.f] total exec 2103, total exec lines 12, avg 1.7525000000000000e+02
    PAR LOOP [287 results\4d\align44\align44.f] total exec 125, total exec lines 8, avg 1.5625000000000000e+01
    PAR LOOP [298 results\4d\align44\align44.f] total exec 1394, total exec lines 15, avg 9.2933333333333337e+01
    PAR LOOP [329 results\4d\align44\align44.f] total exec 189, total exec lines 12, avg 1.5750000000000000e+01
    PAR LOOP [397 results\4d\align44\align44.f] total exec 125, total exec lines 8, avg 1.5625000000000000e+01
    PAR LOOP [408 results\4d\align44\align44.f] total exec 1831, total exec lines 15, avg 1.2206666666666666e+02
    PAR LOOP [439 results\4d\align44\align44.f] total exec 189, total exec lines 12, avg 1.5750000000000000e+01
    PAR LOOP [618 results\4d\align44\align44.f] total exec 125, total exec lines 8, avg 1.5625000000000000e+01
    PAR LOOP [629 results\4d\align44\align44.f] total exec 2503, total exec lines 19, avg 1.3173684210526315e+02
    PAR LOOP [661 results\4d\align44\align44.f] total exec 189, total exec lines 12, avg 1.5750000000000000e+01
    PAR LOOP [729 results\4d\align44\align44.f] total exec 1207, total exec lines 8, avg 1.5087500000000000e+02
    PAR LOOP [740 results\4d\align44\align44.f] total exec 9463, total exec lines 17, avg 5.5664705882352939e+02
    PAR LOOP [770 results\4d\align44\align44.f] total exec 2103, total exec lines 12, avg 1.7525000000000000e+02
    PAR LOOP [837 results\4d\align44\align44.f] total exec 1207, total exec lines 8, avg 1.5087500000000000e+02
    PAR LOOP [848 results\4d\align44\align44.f] total exec 4023, total exec lines 21, avg 1.9157142857142858e+02
    PAR LOOP [879 results\4d\align44\align44.f] total exec 2103, total exec lines 12, avg 1.7525000000000000e+02
    average_parallel_exec 1.4332295719844359e+02
    parallel_rate 8.9468059266456157e-01
PROFILE: time for this pass = 0.039000 sec (total 0.120000 sec)

--------------------------------------------------
INFO.JSON file copied from ./info.json to ./results\4d\align44\info.json

==================================================
Processing of align44.f completed successfully at 2025-05-06 00:26:31
