=== Processing file: acr21.f ===
Date and time: 2025-05-06 00:23:00
Dimension: 2d
==================================================

Copied ./sources\2d\acr21.f to ./results\2d\acr21\acr21.f
Command: gfortran -O3 -g -fprofile-arcs -ftest-coverage "./results\2d\acr21\acr21.f" -o "./results\2d\acr21\acr21"
Output: 

--------------------------------------------------
Command: "./results\2d\acr21\acr21"
Output: 
 ===START OF ACR21========================
 ACR2101  -  complete
 ACR2102  -  complete
 ACR2103  -  complete
 ACR2104  -  complete
 ACR2105  -  complete
 ACR2106  -  complete
 ACR2107  -  complete
 ACR2108  -  complete
 ACR2109  -  complete
 ACR2110  -  complete
 ACR2111  -  complete
 ACR2112  -  complete
 ACR2113  -  complete
 ACR2114  -  complete
 ACR2115  -  complete
 === END OF ACR21 ========================= 

--------------------------------------------------
Command: gcov -b "./results\2d\acr21\acr21.f"
Output: 
File 'results/2d/acr21/acr21.f'
Lines executed:91.36% of 405
Branches executed:99.22% of 514
Taken at least once:81.71% of 514
Calls executed:35.25% of 122
Creating 'acr21.f.gcov'

Lines executed:91.36% of 405

--------------------------------------------------
GCOV file copied from ./acr21.f.gcov to ./results\2d\acr21\acr21.f.gcov
Command: "../SAPFOR/_bin/Release/Sapfor_F.exe" -parse -spf "./results\2d\acr21\acr21.f"
Output: 
SAPFOR version is 2410, build date: Apr 23 2025 11:52:44, c++ version 201703
  parse file './results\2d\acr21\acr21.f'
  options: -spf 
files compilation order:
  ./results\2d\acr21\acr21.f
Parsing was completed successfully

--------------------------------------------------
Command: "../SAPFOR/_bin/Release/Sapfor_F.exe" -passN GET_STATS_FOR_PREDICTOR -keepDVM
Output: 
SAPFOR version is 2410, build date: Apr 23 2025 11:52:44, c++ version 201703
code for pass GET_STATS_FOR_PREDICTOR is 79
RUN PASS with name VERIFY_FUNC_DECL
  Analyzing: results\2d\acr21\acr21.f
PROFILE: time for this pass = 0.000000 sec (total 0.009000 sec)
RUN PASS with name FILE_LINE_INFO
  Analyzing: results\2d\acr21\acr21.f
  All lines in project 977
PROFILE: time for this pass = 0.001000 sec (total 0.010000 sec)
RUN PASS with name BUILD_INCLUDE_DEPENDENCIES
  Analyzing: results\2d\acr21\acr21.f
PROFILE: time for this pass = 0.000000 sec (total 0.011000 sec)
RUN PASS with name CORRECT_VAR_DECL
  Analyzing: results\2d\acr21\acr21.f
PROFILE: time for this pass = 0.000000 sec (total 0.012000 sec)
RUN PASS with name VERIFY_OPERATORS
  Analyzing: results\2d\acr21\acr21.f
PROFILE: time for this pass = 0.000000 sec (total 0.013000 sec)
RUN PASS with name VERIFY_ENDDO
  Analyzing: results\2d\acr21\acr21.f
PROFILE: time for this pass = 0.000000 sec (total 0.014000 sec)
RUN PASS with name VERIFY_INCLUDES
  Analyzing: results\2d\acr21\acr21.f
PROFILE: time for this pass = 0.000000 sec (total 0.015000 sec)
RUN PASS with name PREPROC_ALLOCATES
  Analyzing: results\2d\acr21\acr21.f
  attribute (52 results\2d\acr21\acr21.f) is added to declaration on line 46 of results\2d\acr21\acr21.f file
  attribute (99 results\2d\acr21\acr21.f) is added to declaration on line 46 of results\2d\acr21\acr21.f file
  attribute (113 results\2d\acr21\acr21.f) is added to declaration on line 107 of results\2d\acr21\acr21.f file
  attribute (158 results\2d\acr21\acr21.f) is added to declaration on line 107 of results\2d\acr21\acr21.f file
  attribute (173 results\2d\acr21\acr21.f) is added to declaration on line 167 of results\2d\acr21\acr21.f file
  attribute (220 results\2d\acr21\acr21.f) is added to declaration on line 167 of results\2d\acr21\acr21.f file
  attribute (233 results\2d\acr21\acr21.f) is added to declaration on line 228 of results\2d\acr21\acr21.f file
  attribute (280 results\2d\acr21\acr21.f) is added to declaration on line 228 of results\2d\acr21\acr21.f file
  attribute (294 results\2d\acr21\acr21.f) is added to declaration on line 287 of results\2d\acr21\acr21.f file
  attribute (340 results\2d\acr21\acr21.f) is added to declaration on line 287 of results\2d\acr21\acr21.f file
  attribute (355 results\2d\acr21\acr21.f) is added to declaration on line 349 of results\2d\acr21\acr21.f file
  attribute (402 results\2d\acr21\acr21.f) is added to declaration on line 349 of results\2d\acr21\acr21.f file
  attribute (417 results\2d\acr21\acr21.f) is added to declaration on line 410 of results\2d\acr21\acr21.f file
  attribute (464 results\2d\acr21\acr21.f) is added to declaration on line 410 of results\2d\acr21\acr21.f file
  attribute (478 results\2d\acr21\acr21.f) is added to declaration on line 472 of results\2d\acr21\acr21.f file
  attribute (525 results\2d\acr21\acr21.f) is added to declaration on line 472 of results\2d\acr21\acr21.f file
  attribute (539 results\2d\acr21\acr21.f) is added to declaration on line 532 of results\2d\acr21\acr21.f file
  attribute (586 results\2d\acr21\acr21.f) is added to declaration on line 532 of results\2d\acr21\acr21.f file
  attribute (599 results\2d\acr21\acr21.f) is added to declaration on line 592 of results\2d\acr21\acr21.f file
  attribute (648 results\2d\acr21\acr21.f) is added to declaration on line 592 of results\2d\acr21\acr21.f file
  attribute (661 results\2d\acr21\acr21.f) is added to declaration on line 654 of results\2d\acr21\acr21.f file
  attribute (708 results\2d\acr21\acr21.f) is added to declaration on line 654 of results\2d\acr21\acr21.f file
  attribute (721 results\2d\acr21\acr21.f) is added to declaration on line 715 of results\2d\acr21\acr21.f file
  attribute (768 results\2d\acr21\acr21.f) is added to declaration on line 715 of results\2d\acr21\acr21.f file
  attribute (782 results\2d\acr21\acr21.f) is added to declaration on line 775 of results\2d\acr21\acr21.f file
  attribute (829 results\2d\acr21\acr21.f) is added to declaration on line 775 of results\2d\acr21\acr21.f file
  attribute (843 results\2d\acr21\acr21.f) is added to declaration on line 836 of results\2d\acr21\acr21.f file
  attribute (890 results\2d\acr21\acr21.f) is added to declaration on line 836 of results\2d\acr21\acr21.f file
  attribute (904 results\2d\acr21\acr21.f) is added to declaration on line 898 of results\2d\acr21\acr21.f file
  attribute (953 results\2d\acr21\acr21.f) is added to declaration on line 898 of results\2d\acr21\acr21.f file
PROFILE: time for this pass = 0.001000 sec (total 0.016000 sec)
RUN PASS with name CHECK_PAR_REG_DIR
  Analyzing: results\2d\acr21\acr21.f
PROFILE: time for this pass = 0.000000 sec (total 0.017000 sec)
RUN PASS with name FILL_PARALLEL_REG_IR
  Analyzing: results\2d\acr21\acr21.f
PROFILE: time for this pass = 0.001000 sec (total 0.019000 sec)
RUN PASS with name GET_ALL_ARRAY_DECL
  Analyzing: results\2d\acr21\acr21.f
PROFILE: time for this pass = 0.005000 sec (total 0.024000 sec)
RUN PASS with name FILL_COMMON_BLOCKS
  Analyzing: results\2d\acr21\acr21.f
PROFILE: time for this pass = 0.000000 sec (total 0.025000 sec)
RUN PASS with name PARSE_OMP_DIRS
  Analyzing: results\2d\acr21\acr21.f
PROFILE: time for this pass = 0.000000 sec (total 0.026000 sec)
RUN PASS with name PREPROC_SPF
  Analyzing: results\2d\acr21\acr21.f
PROFILE: time for this pass = 0.000000 sec (total 0.027000 sec)
RUN PASS with name CREATE_INTER_TREE
  Analyzing: results\2d\acr21\acr21.f
PROFILE: time for this pass = 0.003000 sec (total 0.031000 sec)
RUN PASS with name GCOV_PARSER
  Analyzing: results\2d\acr21\acr21.f
   Error: unable to open file statistic.txt
PROFILE: time for this pass = 0.002000 sec (total 0.033000 sec)
RUN PASS with name VERIFY_FORMAT
  Analyzing: results\2d\acr21\acr21.f
PROFILE: time for this pass = 0.000000 sec (total 0.034000 sec)
RUN PASS with name VERIFY_DVM_DIRS
  Analyzing: results\2d\acr21\acr21.f
PROFILE: time for this pass = 0.000000 sec (total 0.035000 sec)
RUN PASS with name PRIVATE_CALL_GRAPH_STAGE1
  Analyzing: results\2d\acr21\acr21.f
PROFILE: time for this pass = 0.000000 sec (total 0.036000 sec)
RUN PASS with name PRIVATE_CALL_GRAPH_STAGE2
  Analyzing: results\2d\acr21\acr21.f
PROFILE: time for this pass = 0.000000 sec (total 0.037000 sec)
RUN PASS with name MACRO_EXPANSION
  Analyzing: results\2d\acr21\acr21.f
PROFILE: time for this pass = 0.000000 sec (total 0.037000 sec)
RUN PASS with name CONVERT_ASSIGN_TO_LOOP
  Analyzing: results\2d\acr21\acr21.f
PROFILE: time for this pass = 0.002000 sec (total 0.040000 sec)
RUN PASS with name DEF_USE_STAGE1
  Analyzing: results\2d\acr21\acr21.f
PROFILE: time for this pass = 0.005000 sec (total 0.045000 sec)
RUN PASS with name DEF_USE_STAGE2
  Analyzing: results\2d\acr21\acr21.f
PROFILE: time for this pass = 0.000000 sec (total 0.046000 sec)
RUN PASS with name VERIFY_COMMON
  Analyzing: results\2d\acr21\acr21.f
PROFILE: time for this pass = 0.000000 sec (total 0.047000 sec)
RUN PASS with name CALL_GRAPH_IR
  Analyzing: results\2d\acr21\acr21.f
PROFILE: time for this pass = 0.004000 sec (total 0.051000 sec)
RUN PASS with name BUILD_IR
  Analyzing: results\2d\acr21\acr21.f
  count of functions 19, count of lvls 3
     RD time for 'ansyes' function is 0.000 sec, iters 1
     RD time for 'serial2' function is 0.000 sec, iters 4
     RD time for 'ansno' function is 0.000 sec, iters 1

     RD time for 'acr2101' function is 0.000 sec, iters 5
     RD time for 'acr2102' function is 0.000 sec, iters 5
     RD time for 'acr2103' function is 0.000 sec, iters 5
     RD time for 'acr2104' function is 0.000 sec, iters 5
     RD time for 'acr2107' function is 0.000 sec, iters 5
     RD time for 'acr2105' function is 0.000 sec, iters 5
     RD time for 'acr2108' function is 0.000 sec, iters 5
     RD time for 'acr2110' function is 0.000 sec, iters 5
     RD time for 'acr2109' function is 0.000 sec, iters 5
     RD time for 'acr2106' function is 0.000 sec, iters 5
     RD time for 'acr2112' function is 0.000 sec, iters 5
     RD time for 'acr2111' function is 0.000 sec, iters 5
     RD time for 'acr2115' function is 0.000 sec, iters 5
     RD time for 'acr2114' function is 0.000 sec, iters 5
     RD time for 'acr2113' function is 0.000 sec, iters 5

     RD time for 'acr21' function is 0.000 sec, iters 1

PROFILE: time for this pass = 0.013000 sec (total 0.065000 sec)
RUN PASS with name SUBST_EXPR_RD
  Analyzing: results\2d\acr21\acr21.f
PROFILE: time for this pass = 0.004000 sec (total 0.069000 sec)
RUN PASS with name LOOP_GRAPH
  Analyzing: results\2d\acr21\acr21.f
PROFILE: time for this pass = 0.004000 sec (total 0.074000 sec)
RUN PASS with name CALL_GRAPH
  Analyzing: results\2d\acr21\acr21.f
PROFILE: time for this pass = 0.006000 sec (total 0.081000 sec)
RUN PASS with name CALL_GRAPH2
  Analyzing: results\2d\acr21\acr21.f
  run for func acr21
  run for func acr2101
  run for func acr2102
  run for func acr2103
  run for func acr2104
  run for func acr2105
  run for func acr2106
  run for func acr2107
  run for func acr2108
  run for func acr2109
  run for func acr2110
  run for func acr2111
  run for func acr2112
  run for func acr2113
  run for func acr2114
  run for func acr2115
  run for func serial2
  run for func ansyes
  run for func ansno
PROFILE: time for this pass = 0.003000 sec (total 0.084000 sec)
RUN PASS with name GET_STATS_FOR_PREDICTOR
  Analyzing: results\2d\acr21\acr21.f
    PAR LOOP [68 results\2d\acr21\acr21.f] total exec 2505, total exec lines 4, avg 6.2625000000000000e+02
    PAR LOOP [75 results\2d\acr21\acr21.f] total exec 1941, total exec lines 4, avg 4.8525000000000000e+02
    PAR LOOP [82 results\2d\acr21\acr21.f] total exec 2571, total exec lines 7, avg 3.6728571428571428e+02
    PAR LOOP [128 results\2d\acr21\acr21.f] total exec 2505, total exec lines 4, avg 6.2625000000000000e+02
    PAR LOOP [134 results\2d\acr21\acr21.f] total exec 1941, total exec lines 4, avg 4.8525000000000000e+02
    PAR LOOP [141 results\2d\acr21\acr21.f] total exec 2571, total exec lines 7, avg 3.6728571428571428e+02
    PAR LOOP [189 results\2d\acr21\acr21.f] total exec 2505, total exec lines 4, avg 6.2625000000000000e+02
    PAR LOOP [196 results\2d\acr21\acr21.f] total exec 1941, total exec lines 4, avg 4.8525000000000000e+02
    PAR LOOP [203 results\2d\acr21\acr21.f] total exec 2571, total exec lines 7, avg 3.6728571428571428e+02
    PAR LOOP [249 results\2d\acr21\acr21.f] total exec 2505, total exec lines 4, avg 6.2625000000000000e+02
    PAR LOOP [256 results\2d\acr21\acr21.f] total exec 1941, total exec lines 4, avg 4.8525000000000000e+02
    PAR LOOP [263 results\2d\acr21\acr21.f] total exec 2571, total exec lines 7, avg 3.6728571428571428e+02
    PAR LOOP [310 results\2d\acr21\acr21.f] total exec 2505, total exec lines 4, avg 6.2625000000000000e+02
    PAR LOOP [316 results\2d\acr21\acr21.f] total exec 1941, total exec lines 4, avg 4.8525000000000000e+02
    PAR LOOP [323 results\2d\acr21\acr21.f] total exec 2571, total exec lines 7, avg 3.6728571428571428e+02
    PAR LOOP [371 results\2d\acr21\acr21.f] total exec 2505, total exec lines 4, avg 6.2625000000000000e+02
    PAR LOOP [378 results\2d\acr21\acr21.f] total exec 1449, total exec lines 4, avg 3.6225000000000000e+02
    PAR LOOP [385 results\2d\acr21\acr21.f] total exec 1917, total exec lines 7, avg 2.7385714285714283e+02
    PAR LOOP [433 results\2d\acr21\acr21.f] total exec 2505, total exec lines 4, avg 6.2625000000000000e+02
    PAR LOOP [440 results\2d\acr21\acr21.f] total exec 1449, total exec lines 4, avg 3.6225000000000000e+02
    PAR LOOP [447 results\2d\acr21\acr21.f] total exec 1917, total exec lines 7, avg 2.7385714285714283e+02
    PAR LOOP [494 results\2d\acr21\acr21.f] total exec 2505, total exec lines 4, avg 6.2625000000000000e+02
    PAR LOOP [501 results\2d\acr21\acr21.f] total exec 1449, total exec lines 4, avg 3.6225000000000000e+02
    PAR LOOP [508 results\2d\acr21\acr21.f] total exec 1917, total exec lines 7, avg 2.7385714285714283e+02
    PAR LOOP [555 results\2d\acr21\acr21.f] total exec 2505, total exec lines 4, avg 6.2625000000000000e+02
    PAR LOOP [562 results\2d\acr21\acr21.f] total exec 1449, total exec lines 4, avg 3.6225000000000000e+02
    PAR LOOP [569 results\2d\acr21\acr21.f] total exec 1917, total exec lines 7, avg 2.7385714285714283e+02
    PAR LOOP [616 results\2d\acr21\acr21.f] total exec 2505, total exec lines 4, avg 6.2625000000000000e+02
    PAR LOOP [623 results\2d\acr21\acr21.f] total exec 1029, total exec lines 4, avg 2.5725000000000000e+02
    PAR LOOP [631 results\2d\acr21\acr21.f] total exec 1359, total exec lines 7, avg 1.9414285714285714e+02
    PAR LOOP [677 results\2d\acr21\acr21.f] total exec 2505, total exec lines 4, avg 6.2625000000000000e+02
    PAR LOOP [684 results\2d\acr21\acr21.f] total exec 1449, total exec lines 4, avg 3.6225000000000000e+02
    PAR LOOP [691 results\2d\acr21\acr21.f] total exec 1917, total exec lines 7, avg 2.7385714285714283e+02
    PAR LOOP [737 results\2d\acr21\acr21.f] total exec 2505, total exec lines 4, avg 6.2625000000000000e+02
    PAR LOOP [744 results\2d\acr21\acr21.f] total exec 1449, total exec lines 4, avg 3.6225000000000000e+02
    PAR LOOP [751 results\2d\acr21\acr21.f] total exec 1917, total exec lines 7, avg 2.7385714285714283e+02
    PAR LOOP [798 results\2d\acr21\acr21.f] total exec 2505, total exec lines 4, avg 6.2625000000000000e+02
    PAR LOOP [805 results\2d\acr21\acr21.f] total exec 1029, total exec lines 4, avg 2.5725000000000000e+02
    PAR LOOP [812 results\2d\acr21\acr21.f] total exec 1359, total exec lines 7, avg 1.9414285714285714e+02
    PAR LOOP [859 results\2d\acr21\acr21.f] total exec 2505, total exec lines 4, avg 6.2625000000000000e+02
    PAR LOOP [866 results\2d\acr21\acr21.f] total exec 1029, total exec lines 4, avg 2.5725000000000000e+02
    PAR LOOP [873 results\2d\acr21\acr21.f] total exec 1359, total exec lines 7, avg 1.9414285714285714e+02
    PAR LOOP [921 results\2d\acr21\acr21.f] total exec 32046, total exec lines 4, avg 8.0115000000000000e+03
    PAR LOOP [928 results\2d\acr21\acr21.f] total exec 12774, total exec lines 4, avg 3.1935000000000000e+03
    PAR LOOP [936 results\2d\acr21\acr21.f] total exec 16992, total exec lines 7, avg 2.4274285714285716e+03
    average_parallel_exec 6.5245333333333338e+02
    parallel_rate 5.7849357281905378e-01
PROFILE: time for this pass = 0.070000 sec (total 0.154000 sec)

--------------------------------------------------
INFO.JSON file copied from ./info.json to ./results\2d\acr21\info.json

==================================================
Processing of acr21.f completed successfully at 2025-05-06 00:23:03
