=== Processing file: align21.f ===
Date and time: 2025-05-06 00:23:05
Dimension: 2d
==================================================

Copied ./sources\2d\align21.f to ./results\2d\align21\align21.f
Command: gfortran -O3 -g -fprofile-arcs -ftest-coverage "./results\2d\align21\align21.f" -o "./results\2d\align21\align21"
Output: 

--------------------------------------------------
Command: "./results\2d\align21\align21"
Output: 
 ===START OF align21========================
 align211   -  complete
 align212   -  complete
 align213   -  complete
 align214   -  complete
 === END OF align21 ========================= 

--------------------------------------------------
Command: gcov -b "./results\2d\align21\align21.f"
Output: 
File 'results/2d/align21/align21.f'
Lines executed:86.55% of 119
Branches executed:100.00% of 104
Taken at least once:73.08% of 104
Calls executed:42.86% of 49
Creating 'align21.f.gcov'

Lines executed:86.55% of 119

--------------------------------------------------
GCOV file copied from ./align21.f.gcov to ./results\2d\align21\align21.f.gcov
Command: "../SAPFOR/_bin/Release/Sapfor_F.exe" -parse -spf "./results\2d\align21\align21.f"
Output: 
SAPFOR version is 2410, build date: Apr 23 2025 11:52:44, c++ version 201703
  parse file './results\2d\align21\align21.f'
  options: -spf 
files compilation order:
  ./results\2d\align21\align21.f
Parsing was completed successfully

--------------------------------------------------
Command: "../SAPFOR/_bin/Release/Sapfor_F.exe" -passN GET_STATS_FOR_PREDICTOR -keepDVM
Output: 
SAPFOR version is 2410, build date: Apr 23 2025 11:52:44, c++ version 201703
code for pass GET_STATS_FOR_PREDICTOR is 79
RUN PASS with name VERIFY_FUNC_DECL
  Analyzing: results\2d\align21\align21.f
PROFILE: time for this pass = 0.000000 sec (total 0.001000 sec)
RUN PASS with name FILE_LINE_INFO
  Analyzing: results\2d\align21\align21.f
  All lines in project 299
PROFILE: time for this pass = 0.000000 sec (total 0.002000 sec)
RUN PASS with name BUILD_INCLUDE_DEPENDENCIES
  Analyzing: results\2d\align21\align21.f
PROFILE: time for this pass = 0.000000 sec (total 0.002000 sec)
RUN PASS with name CORRECT_VAR_DECL
  Analyzing: results\2d\align21\align21.f
PROFILE: time for this pass = 0.000000 sec (total 0.002000 sec)
RUN PASS with name VERIFY_OPERATORS
  Analyzing: results\2d\align21\align21.f
PROFILE: time for this pass = 0.000000 sec (total 0.002000 sec)
RUN PASS with name VERIFY_ENDDO
  Analyzing: results\2d\align21\align21.f
PROFILE: time for this pass = 0.000000 sec (total 0.003000 sec)
RUN PASS with name VERIFY_INCLUDES
  Analyzing: results\2d\align21\align21.f
PROFILE: time for this pass = 0.000000 sec (total 0.003000 sec)
RUN PASS with name PREPROC_ALLOCATES
  Analyzing: results\2d\align21\align21.f
  attribute (42 results\2d\align21\align21.f) is added to declaration on line 35 of results\2d\align21\align21.f file
  attribute (89 results\2d\align21\align21.f) is added to declaration on line 35 of results\2d\align21\align21.f file
  attribute (106 results\2d\align21\align21.f) is added to declaration on line 99 of results\2d\align21\align21.f file
  attribute (153 results\2d\align21\align21.f) is added to declaration on line 99 of results\2d\align21\align21.f file
  attribute (171 results\2d\align21\align21.f) is added to declaration on line 163 of results\2d\align21\align21.f file
  attribute (220 results\2d\align21\align21.f) is added to declaration on line 163 of results\2d\align21\align21.f file
  attribute (239 results\2d\align21\align21.f) is added to declaration on line 231 of results\2d\align21\align21.f file
  attribute (287 results\2d\align21\align21.f) is added to declaration on line 231 of results\2d\align21\align21.f file
PROFILE: time for this pass = 0.000000 sec (total 0.003000 sec)
RUN PASS with name CHECK_PAR_REG_DIR
  Analyzing: results\2d\align21\align21.f
PROFILE: time for this pass = 0.000000 sec (total 0.003000 sec)
RUN PASS with name FILL_PARALLEL_REG_IR
  Analyzing: results\2d\align21\align21.f
PROFILE: time for this pass = 0.000000 sec (total 0.004000 sec)
RUN PASS with name GET_ALL_ARRAY_DECL
  Analyzing: results\2d\align21\align21.f
PROFILE: time for this pass = 0.001000 sec (total 0.005000 sec)
RUN PASS with name FILL_COMMON_BLOCKS
  Analyzing: results\2d\align21\align21.f
PROFILE: time for this pass = 0.000000 sec (total 0.006000 sec)
RUN PASS with name PARSE_OMP_DIRS
  Analyzing: results\2d\align21\align21.f
PROFILE: time for this pass = 0.000000 sec (total 0.006000 sec)
RUN PASS with name PREPROC_SPF
  Analyzing: results\2d\align21\align21.f
PROFILE: time for this pass = 0.000000 sec (total 0.006000 sec)
RUN PASS with name CREATE_INTER_TREE
  Analyzing: results\2d\align21\align21.f
PROFILE: time for this pass = 0.002000 sec (total 0.009000 sec)
RUN PASS with name GCOV_PARSER
  Analyzing: results\2d\align21\align21.f
   Error: unable to open file statistic.txt
PROFILE: time for this pass = 0.000000 sec (total 0.009000 sec)
RUN PASS with name VERIFY_FORMAT
  Analyzing: results\2d\align21\align21.f
PROFILE: time for this pass = 0.000000 sec (total 0.010000 sec)
RUN PASS with name VERIFY_DVM_DIRS
  Analyzing: results\2d\align21\align21.f
PROFILE: time for this pass = 0.000000 sec (total 0.010000 sec)
RUN PASS with name PRIVATE_CALL_GRAPH_STAGE1
  Analyzing: results\2d\align21\align21.f
PROFILE: time for this pass = 0.000000 sec (total 0.010000 sec)
RUN PASS with name PRIVATE_CALL_GRAPH_STAGE2
  Analyzing: results\2d\align21\align21.f
PROFILE: time for this pass = 0.000000 sec (total 0.010000 sec)
RUN PASS with name MACRO_EXPANSION
  Analyzing: results\2d\align21\align21.f
PROFILE: time for this pass = 0.000000 sec (total 0.011000 sec)
RUN PASS with name CONVERT_ASSIGN_TO_LOOP
  Analyzing: results\2d\align21\align21.f
PROFILE: time for this pass = 0.000000 sec (total 0.011000 sec)
RUN PASS with name DEF_USE_STAGE1
  Analyzing: results\2d\align21\align21.f
PROFILE: time for this pass = 0.000000 sec (total 0.012000 sec)
RUN PASS with name DEF_USE_STAGE2
  Analyzing: results\2d\align21\align21.f
PROFILE: time for this pass = 0.000000 sec (total 0.012000 sec)
RUN PASS with name VERIFY_COMMON
  Analyzing: results\2d\align21\align21.f
PROFILE: time for this pass = 0.000000 sec (total 0.012000 sec)
RUN PASS with name CALL_GRAPH_IR
  Analyzing: results\2d\align21\align21.f
PROFILE: time for this pass = 0.000000 sec (total 0.013000 sec)
RUN PASS with name BUILD_IR
  Analyzing: results\2d\align21\align21.f
  count of functions 7, count of lvls 3
     RD time for 'ansyes' function is 0.000 sec, iters 1
     RD time for 'ansno' function is 0.000 sec, iters 1

     RD time for 'align211' function is 0.000 sec, iters 4
     RD time for 'align212' function is 0.000 sec, iters 4
     RD time for 'align213' function is 0.000 sec, iters 4
     RD time for 'align214' function is 0.000 sec, iters 4

     RD time for 'align21' function is 0.000 sec, iters 1

PROFILE: time for this pass = 0.002000 sec (total 0.016000 sec)
RUN PASS with name SUBST_EXPR_RD
  Analyzing: results\2d\align21\align21.f
PROFILE: time for this pass = 0.001000 sec (total 0.017000 sec)
RUN PASS with name LOOP_GRAPH
  Analyzing: results\2d\align21\align21.f
PROFILE: time for this pass = 0.000000 sec (total 0.018000 sec)
RUN PASS with name CALL_GRAPH
  Analyzing: results\2d\align21\align21.f
PROFILE: time for this pass = 0.000000 sec (total 0.019000 sec)
RUN PASS with name CALL_GRAPH2
  Analyzing: results\2d\align21\align21.f
  run for func align21
  run for func align211
  run for func align212
  run for func align213
  run for func align214
  run for func ansyes
  run for func ansno
PROFILE: time for this pass = 0.000000 sec (total 0.019000 sec)
RUN PASS with name GET_STATS_FOR_PREDICTOR
  Analyzing: results\2d\align21\align21.f
    PAR LOOP [49 results\2d\align21\align21.f] total exec 10, total exec lines 2, avg 5.0000000000000000e+00
    PAR LOOP [54 results\2d\align21\align21.f] total exec 387, total exec lines 10, avg 3.8700000000000003e+01
    PAR LOOP [69 results\2d\align21\align21.f] total exec 40, total exec lines 11, avg 3.6363636363636362e+00
    PAR LOOP [113 results\2d\align21\align21.f] total exec 14, total exec lines 2, avg 7.0000000000000000e+00
    PAR LOOP [118 results\2d\align21\align21.f] total exec 267, total exec lines 8, avg 3.3375000000000000e+01
    PAR LOOP [133 results\2d\align21\align21.f] total exec 58, total exec lines 11, avg 5.2727272727272725e+00
    PAR LOOP [179 results\2d\align21\align21.f] total exec 14, total exec lines 2, avg 7.0000000000000000e+00
    PAR LOOP [184 results\2d\align21\align21.f] total exec 539, total exec lines 11, avg 4.9000000000000000e+01
    PAR LOOP [201 results\2d\align21\align21.f] total exec 34, total exec lines 6, avg 5.6666666666666670e+00
    PAR LOOP [247 results\2d\align21\align21.f] total exec 12, total exec lines 2, avg 6.0000000000000000e+00
    PAR LOOP [252 results\2d\align21\align21.f] total exec 1367, total exec lines 11, avg 1.2427272727272727e+02
    PAR LOOP [269 results\2d\align21\align21.f] total exec 29, total exec lines 6, avg 4.8333333333333330e+00
    average_parallel_exec 3.3792682926829265e+01
    parallel_rate 9.3995929443690640e-01
PROFILE: time for this pass = 0.005000 sec (total 0.025000 sec)

--------------------------------------------------
INFO.JSON file copied from ./info.json to ./results\2d\align21\info.json

==================================================
Processing of align21.f completed successfully at 2025-05-06 00:23:05
