=== Processing file: distr4.f ===
Date and time: 2025-04-23 11:58:12
Dimension: 4d
==================================================

Copied ./sources\4d\distr4.f to ./results\4d\distr4\distr4.f
Command: gfortran -O3 -g -fprofile-arcs -ftest-coverage "./results\4d\distr4\distr4.f" -o "./results\4d\distr4\distr4"
Output: 

--------------------------------------------------
Command: "./results\4d\distr4\distr4"
Output: 
 ===START OF distr4========================
 distr44    -  complete
 distr45    -  complete
 distr46    -  complete
 distr47    -  complete
 === END OF distr4 ========================= 

--------------------------------------------------
Command: gcov -b "./results\4d\distr4\distr4.f"
Output: 
File 'results/4d/distr4/distr4.f'
Lines executed:87.78% of 90
Branches executed:100.00% of 96
Taken at least once:83.33% of 96
Calls executed:56.76% of 37
Creating 'distr4.f.gcov'

Lines executed:87.78% of 90

--------------------------------------------------
GCOV file copied from ./distr4.f.gcov to ./results\4d\distr4\distr4.f.gcov
Command: "../SAPFOR/_bin/Release/Sapfor_F.exe" -parse -spf "./results\4d\distr4\distr4.f"
Output: 
SAPFOR version is 2410, build date: Apr 23 2025 11:52:44, c++ version 201703
  parse file './results\4d\distr4\distr4.f'
  options: -spf 
files compilation order:
  ./results\4d\distr4\distr4.f
Parsing was completed successfully

--------------------------------------------------
Command: "../SAPFOR/_bin/Release/Sapfor_F.exe" -passN GET_STATS_FOR_PREDICTOR -keepDVM
Output: 
SAPFOR version is 2410, build date: Apr 23 2025 11:52:44, c++ version 201703
code for pass GET_STATS_FOR_PREDICTOR is 79
RUN PASS with name VERIFY_FUNC_DECL
  Analyzing: results\4d\distr4\distr4.f
PROFILE: time for this pass = 0.000000 sec (total 0.002000 sec)
RUN PASS with name FILE_LINE_INFO
  Analyzing: results\4d\distr4\distr4.f
  All lines in project 251
PROFILE: time for this pass = 0.000000 sec (total 0.003000 sec)
RUN PASS with name BUILD_INCLUDE_DEPENDENCIES
  Analyzing: results\4d\distr4\distr4.f
PROFILE: time for this pass = 0.000000 sec (total 0.003000 sec)
RUN PASS with name CORRECT_VAR_DECL
  Analyzing: results\4d\distr4\distr4.f
PROFILE: time for this pass = 0.000000 sec (total 0.003000 sec)
RUN PASS with name VERIFY_OPERATORS
  Analyzing: results\4d\distr4\distr4.f
PROFILE: time for this pass = 0.000000 sec (total 0.003000 sec)
RUN PASS with name VERIFY_ENDDO
  Analyzing: results\4d\distr4\distr4.f
PROFILE: time for this pass = 0.000000 sec (total 0.004000 sec)
RUN PASS with name VERIFY_INCLUDES
  Analyzing: results\4d\distr4\distr4.f
PROFILE: time for this pass = 0.000000 sec (total 0.004000 sec)
RUN PASS with name PREPROC_ALLOCATES
  Analyzing: results\4d\distr4\distr4.f
  attribute (37 results\4d\distr4\distr4.f) is added to declaration on line 31 of results\4d\distr4\distr4.f file
  attribute (75 results\4d\distr4\distr4.f) is added to declaration on line 31 of results\4d\distr4\distr4.f file
  attribute (90 results\4d\distr4\distr4.f) is added to declaration on line 84 of results\4d\distr4\distr4.f file
  attribute (130 results\4d\distr4\distr4.f) is added to declaration on line 84 of results\4d\distr4\distr4.f file
  attribute (145 results\4d\distr4\distr4.f) is added to declaration on line 139 of results\4d\distr4\distr4.f file
  attribute (183 results\4d\distr4\distr4.f) is added to declaration on line 139 of results\4d\distr4\distr4.f file
  attribute (198 results\4d\distr4\distr4.f) is added to declaration on line 192 of results\4d\distr4\distr4.f file
  attribute (238 results\4d\distr4\distr4.f) is added to declaration on line 192 of results\4d\distr4\distr4.f file
PROFILE: time for this pass = 0.000000 sec (total 0.004000 sec)
RUN PASS with name CHECK_PAR_REG_DIR
  Analyzing: results\4d\distr4\distr4.f
PROFILE: time for this pass = 0.000000 sec (total 0.005000 sec)
RUN PASS with name FILL_PARALLEL_REG_IR
  Analyzing: results\4d\distr4\distr4.f
PROFILE: time for this pass = 0.000000 sec (total 0.005000 sec)
RUN PASS with name GET_ALL_ARRAY_DECL
  Analyzing: results\4d\distr4\distr4.f
PROFILE: time for this pass = 0.001000 sec (total 0.006000 sec)
RUN PASS with name FILL_COMMON_BLOCKS
  Analyzing: results\4d\distr4\distr4.f
PROFILE: time for this pass = 0.000000 sec (total 0.006000 sec)
RUN PASS with name PARSE_OMP_DIRS
  Analyzing: results\4d\distr4\distr4.f
PROFILE: time for this pass = 0.000000 sec (total 0.007000 sec)
RUN PASS with name PREPROC_SPF
  Analyzing: results\4d\distr4\distr4.f
PROFILE: time for this pass = 0.000000 sec (total 0.007000 sec)
RUN PASS with name CREATE_INTER_TREE
  Analyzing: results\4d\distr4\distr4.f
PROFILE: time for this pass = 0.001000 sec (total 0.008000 sec)
RUN PASS with name GCOV_PARSER
  Analyzing: results\4d\distr4\distr4.f
   Error: unable to open file statistic.txt
PROFILE: time for this pass = 0.000000 sec (total 0.009000 sec)
RUN PASS with name VERIFY_FORMAT
  Analyzing: results\4d\distr4\distr4.f
PROFILE: time for this pass = 0.000000 sec (total 0.009000 sec)
RUN PASS with name VERIFY_DVM_DIRS
  Analyzing: results\4d\distr4\distr4.f
PROFILE: time for this pass = 0.000000 sec (total 0.009000 sec)
RUN PASS with name PRIVATE_CALL_GRAPH_STAGE1
  Analyzing: results\4d\distr4\distr4.f
PROFILE: time for this pass = 0.000000 sec (total 0.010000 sec)
RUN PASS with name PRIVATE_CALL_GRAPH_STAGE2
  Analyzing: results\4d\distr4\distr4.f
PROFILE: time for this pass = 0.000000 sec (total 0.010000 sec)
RUN PASS with name MACRO_EXPANSION
  Analyzing: results\4d\distr4\distr4.f
PROFILE: time for this pass = 0.000000 sec (total 0.010000 sec)
RUN PASS with name CONVERT_ASSIGN_TO_LOOP
  Analyzing: results\4d\distr4\distr4.f
PROFILE: time for this pass = 0.000000 sec (total 0.010000 sec)
RUN PASS with name DEF_USE_STAGE1
  Analyzing: results\4d\distr4\distr4.f
PROFILE: time for this pass = 0.000000 sec (total 0.011000 sec)
RUN PASS with name DEF_USE_STAGE2
  Analyzing: results\4d\distr4\distr4.f
PROFILE: time for this pass = 0.000000 sec (total 0.011000 sec)
RUN PASS with name VERIFY_COMMON
  Analyzing: results\4d\distr4\distr4.f
PROFILE: time for this pass = 0.000000 sec (total 0.012000 sec)
RUN PASS with name CALL_GRAPH_IR
  Analyzing: results\4d\distr4\distr4.f
PROFILE: time for this pass = 0.000000 sec (total 0.012000 sec)
RUN PASS with name BUILD_IR
  Analyzing: results\4d\distr4\distr4.f
  count of functions 7, count of lvls 3
     RD time for 'ansno' function is 0.000 sec, iters 1
     RD time for 'ansyes' function is 0.000 sec, iters 1

     RD time for 'distr44' function is 0.000 sec, iters 6
     RD time for 'distr45' function is 0.000 sec, iters 6
     RD time for 'distr46' function is 0.000 sec, iters 6
     RD time for 'distr47' function is 0.000 sec, iters 6

     RD time for 'distr4' function is 0.000 sec, iters 1

PROFILE: time for this pass = 0.003000 sec (total 0.016000 sec)
RUN PASS with name SUBST_EXPR_RD
  Analyzing: results\4d\distr4\distr4.f
PROFILE: time for this pass = 0.001000 sec (total 0.017000 sec)
RUN PASS with name LOOP_GRAPH
  Analyzing: results\4d\distr4\distr4.f
PROFILE: time for this pass = 0.000000 sec (total 0.018000 sec)
RUN PASS with name CALL_GRAPH
  Analyzing: results\4d\distr4\distr4.f
PROFILE: time for this pass = 0.000000 sec (total 0.019000 sec)
RUN PASS with name CALL_GRAPH2
  Analyzing: results\4d\distr4\distr4.f
  run for func distr4
  run for func distr44
  run for func distr45
  run for func distr46
  run for func distr47
  run for func ansyes
  run for func ansno
PROFILE: time for this pass = 0.000000 sec (total 0.020000 sec)
RUN PASS with name GET_STATS_FOR_PREDICTOR
  Analyzing: results\4d\distr4\distr4.f
    PAR LOOP [55 results\4d\distr4\distr4.f] total exec 24491, total exec lines 11, avg 2.2264545454545455e+03
    PAR LOOP [94 results\4d\distr4\distr4.f] total exec 15275, total exec lines 8, avg 1.9093750000000000e+03
    PAR LOOP [110 results\4d\distr4\distr4.f] total exec 24491, total exec lines 11, avg 2.2264545454545455e+03
    PAR LOOP [163 results\4d\distr4\distr4.f] total exec 1168, total exec lines 11, avg 1.0618181818181819e+02
    PAR LOOP [202 results\4d\distr4\distr4.f] total exec 122, total exec lines 8, avg 1.5250000000000000e+01
    PAR LOOP [218 results\4d\distr4\distr4.f] total exec 182, total exec lines 11, avg 1.6545454545454547e+01
    average_parallel_exec 1.0954833333333333e+03
    parallel_rate 8.0257149136731054e-01
PROFILE: time for this pass = 0.004000 sec (total 0.024000 sec)

--------------------------------------------------
INFO.JSON file copied from ./info.json to ./results\4d\distr4\info.json

==================================================
Processing of distr4.f completed successfully at 2025-04-23 11:58:13
