=== Processing file: sc21.f ===
Date and time: 2025-05-06 00:23:56
Dimension: 2d
==================================================

Copied ./sources\2d\sc21.f to ./results\2d\sc21\sc21.f
Command: gfortran -O3 -g -fprofile-arcs -ftest-coverage "./results\2d\sc21\sc21.f" -o "./results\2d\sc21\sc21"
Output: 

--------------------------------------------------
Command: "./results\2d\sc21\sc21"
Output: 
 ===START OF SC21========================
 SC2101  -  complete
 SC2102  -  complete
 SC2103  -  complete
 SC2104  -  complete
 SC2105  -  complete
 SC2106  -  complete
 SC2107  -  complete
 SC2108  -  complete
 SC2109  -  complete
 SC2110  -  complete
 SC2111  -  complete
 SC2112  -  complete
 SC2113  -  complete
 SC2114  -  complete
 SC2115  -  complete
 SC2116  -  complete
 SC2117  -  complete
 SC2118  -  complete
 SC2119  -  complete
 SC2120  -  complete
 === END OF SC21 ========================= 

--------------------------------------------------
Command: gcov -b "./results\2d\sc21\sc21.f"
Output: 
File 'results/2d/sc21/sc21.f'
Lines executed:90.53% of 475
Branches executed:99.38% of 644
Taken at least once:74.53% of 644
Calls executed:26.90% of 197
Creating 'sc21.f.gcov'

Lines executed:90.53% of 475

--------------------------------------------------
GCOV file copied from ./sc21.f.gcov to ./results\2d\sc21\sc21.f.gcov
Command: "../SAPFOR/_bin/Release/Sapfor_F.exe" -parse -spf "./results\2d\sc21\sc21.f"
Output: 
SAPFOR version is 2410, build date: Apr 23 2025 11:52:44, c++ version 201703
  parse file './results\2d\sc21\sc21.f'
  options: -spf 
files compilation order:
  ./results\2d\sc21\sc21.f
Parsing was completed successfully

--------------------------------------------------
Command: "../SAPFOR/_bin/Release/Sapfor_F.exe" -passN GET_STATS_FOR_PREDICTOR -keepDVM
Output: 
SAPFOR version is 2410, build date: Apr 23 2025 11:52:44, c++ version 201703
code for pass GET_STATS_FOR_PREDICTOR is 79
RUN PASS with name VERIFY_FUNC_DECL
  Analyzing: results\2d\sc21\sc21.f
PROFILE: time for this pass = 0.001000 sec (total 0.004000 sec)
RUN PASS with name FILE_LINE_INFO
  Analyzing: results\2d\sc21\sc21.f
  All lines in project 1220
PROFILE: time for this pass = 0.001000 sec (total 0.005000 sec)
RUN PASS with name BUILD_INCLUDE_DEPENDENCIES
  Analyzing: results\2d\sc21\sc21.f
PROFILE: time for this pass = 0.001000 sec (total 0.007000 sec)
RUN PASS with name CORRECT_VAR_DECL
  Analyzing: results\2d\sc21\sc21.f
PROFILE: time for this pass = 0.001000 sec (total 0.008000 sec)
RUN PASS with name VERIFY_OPERATORS
  Analyzing: results\2d\sc21\sc21.f
PROFILE: time for this pass = 0.001000 sec (total 0.009000 sec)
RUN PASS with name VERIFY_ENDDO
  Analyzing: results\2d\sc21\sc21.f
PROFILE: time for this pass = 0.001000 sec (total 0.011000 sec)
RUN PASS with name VERIFY_INCLUDES
  Analyzing: results\2d\sc21\sc21.f
PROFILE: time for this pass = 0.001000 sec (total 0.012000 sec)
RUN PASS with name PREPROC_ALLOCATES
  Analyzing: results\2d\sc21\sc21.f
  attribute (66 results\2d\sc21\sc21.f) is added to declaration on line 59 of results\2d\sc21\sc21.f file
  attribute (109 results\2d\sc21\sc21.f) is added to declaration on line 59 of results\2d\sc21\sc21.f file
  attribute (123 results\2d\sc21\sc21.f) is added to declaration on line 116 of results\2d\sc21\sc21.f file
  attribute (164 results\2d\sc21\sc21.f) is added to declaration on line 116 of results\2d\sc21\sc21.f file
  attribute (178 results\2d\sc21\sc21.f) is added to declaration on line 171 of results\2d\sc21\sc21.f file
  attribute (219 results\2d\sc21\sc21.f) is added to declaration on line 171 of results\2d\sc21\sc21.f file
  attribute (235 results\2d\sc21\sc21.f) is added to declaration on line 227 of results\2d\sc21\sc21.f file
  attribute (276 results\2d\sc21\sc21.f) is added to declaration on line 227 of results\2d\sc21\sc21.f file
  attribute (292 results\2d\sc21\sc21.f) is added to declaration on line 284 of results\2d\sc21\sc21.f file
  attribute (333 results\2d\sc21\sc21.f) is added to declaration on line 284 of results\2d\sc21\sc21.f file
  attribute (350 results\2d\sc21\sc21.f) is added to declaration on line 342 of results\2d\sc21\sc21.f file
  attribute (391 results\2d\sc21\sc21.f) is added to declaration on line 342 of results\2d\sc21\sc21.f file
  attribute (407 results\2d\sc21\sc21.f) is added to declaration on line 399 of results\2d\sc21\sc21.f file
  attribute (448 results\2d\sc21\sc21.f) is added to declaration on line 399 of results\2d\sc21\sc21.f file
  attribute (464 results\2d\sc21\sc21.f) is added to declaration on line 456 of results\2d\sc21\sc21.f file
  attribute (507 results\2d\sc21\sc21.f) is added to declaration on line 456 of results\2d\sc21\sc21.f file
  attribute (524 results\2d\sc21\sc21.f) is added to declaration on line 516 of results\2d\sc21\sc21.f file
  attribute (565 results\2d\sc21\sc21.f) is added to declaration on line 516 of results\2d\sc21\sc21.f file
  attribute (581 results\2d\sc21\sc21.f) is added to declaration on line 573 of results\2d\sc21\sc21.f file
  attribute (622 results\2d\sc21\sc21.f) is added to declaration on line 573 of results\2d\sc21\sc21.f file
  attribute (638 results\2d\sc21\sc21.f) is added to declaration on line 630 of results\2d\sc21\sc21.f file
  attribute (679 results\2d\sc21\sc21.f) is added to declaration on line 630 of results\2d\sc21\sc21.f file
  attribute (695 results\2d\sc21\sc21.f) is added to declaration on line 687 of results\2d\sc21\sc21.f file
  attribute (736 results\2d\sc21\sc21.f) is added to declaration on line 687 of results\2d\sc21\sc21.f file
  attribute (752 results\2d\sc21\sc21.f) is added to declaration on line 744 of results\2d\sc21\sc21.f file
  attribute (793 results\2d\sc21\sc21.f) is added to declaration on line 744 of results\2d\sc21\sc21.f file
  attribute (809 results\2d\sc21\sc21.f) is added to declaration on line 801 of results\2d\sc21\sc21.f file
  attribute (850 results\2d\sc21\sc21.f) is added to declaration on line 801 of results\2d\sc21\sc21.f file
  attribute (866 results\2d\sc21\sc21.f) is added to declaration on line 858 of results\2d\sc21\sc21.f file
  attribute (909 results\2d\sc21\sc21.f) is added to declaration on line 858 of results\2d\sc21\sc21.f file
  attribute (925 results\2d\sc21\sc21.f) is added to declaration on line 917 of results\2d\sc21\sc21.f file
  attribute (966 results\2d\sc21\sc21.f) is added to declaration on line 917 of results\2d\sc21\sc21.f file
  attribute (982 results\2d\sc21\sc21.f) is added to declaration on line 974 of results\2d\sc21\sc21.f file
  attribute (1023 results\2d\sc21\sc21.f) is added to declaration on line 974 of results\2d\sc21\sc21.f file
  attribute (1039 results\2d\sc21\sc21.f) is added to declaration on line 1031 of results\2d\sc21\sc21.f file
  attribute (1080 results\2d\sc21\sc21.f) is added to declaration on line 1031 of results\2d\sc21\sc21.f file
  attribute (1096 results\2d\sc21\sc21.f) is added to declaration on line 1088 of results\2d\sc21\sc21.f file
  attribute (1137 results\2d\sc21\sc21.f) is added to declaration on line 1088 of results\2d\sc21\sc21.f file
  attribute (1153 results\2d\sc21\sc21.f) is added to declaration on line 1145 of results\2d\sc21\sc21.f file
  attribute (1198 results\2d\sc21\sc21.f) is added to declaration on line 1145 of results\2d\sc21\sc21.f file
PROFILE: time for this pass = 0.001000 sec (total 0.014000 sec)
RUN PASS with name CHECK_PAR_REG_DIR
  Analyzing: results\2d\sc21\sc21.f
PROFILE: time for this pass = 0.001000 sec (total 0.015000 sec)
RUN PASS with name FILL_PARALLEL_REG_IR
  Analyzing: results\2d\sc21\sc21.f
PROFILE: time for this pass = 0.002000 sec (total 0.018000 sec)
RUN PASS with name GET_ALL_ARRAY_DECL
  Analyzing: results\2d\sc21\sc21.f
PROFILE: time for this pass = 0.009000 sec (total 0.027000 sec)
RUN PASS with name FILL_COMMON_BLOCKS
  Analyzing: results\2d\sc21\sc21.f
PROFILE: time for this pass = 0.001000 sec (total 0.028000 sec)
RUN PASS with name PARSE_OMP_DIRS
  Analyzing: results\2d\sc21\sc21.f
PROFILE: time for this pass = 0.001000 sec (total 0.030000 sec)
RUN PASS with name PREPROC_SPF
  Analyzing: results\2d\sc21\sc21.f
PROFILE: time for this pass = 0.001000 sec (total 0.031000 sec)
RUN PASS with name CREATE_INTER_TREE
  Analyzing: results\2d\sc21\sc21.f
PROFILE: time for this pass = 0.002000 sec (total 0.034000 sec)
RUN PASS with name GCOV_PARSER
  Analyzing: results\2d\sc21\sc21.f
   Error: unable to open file statistic.txt
PROFILE: time for this pass = 0.003000 sec (total 0.037000 sec)
RUN PASS with name VERIFY_FORMAT
  Analyzing: results\2d\sc21\sc21.f
PROFILE: time for this pass = 0.001000 sec (total 0.038000 sec)
RUN PASS with name VERIFY_DVM_DIRS
  Analyzing: results\2d\sc21\sc21.f
PROFILE: time for this pass = 0.000000 sec (total 0.040000 sec)
RUN PASS with name PRIVATE_CALL_GRAPH_STAGE1
  Analyzing: results\2d\sc21\sc21.f
PROFILE: time for this pass = 0.001000 sec (total 0.041000 sec)
RUN PASS with name PRIVATE_CALL_GRAPH_STAGE2
  Analyzing: results\2d\sc21\sc21.f
PROFILE: time for this pass = 0.001000 sec (total 0.042000 sec)
RUN PASS with name MACRO_EXPANSION
  Analyzing: results\2d\sc21\sc21.f
PROFILE: time for this pass = 0.001000 sec (total 0.043000 sec)
RUN PASS with name CONVERT_ASSIGN_TO_LOOP
  Analyzing: results\2d\sc21\sc21.f
PROFILE: time for this pass = 0.002000 sec (total 0.046000 sec)
RUN PASS with name DEF_USE_STAGE1
  Analyzing: results\2d\sc21\sc21.f
PROFILE: time for this pass = 0.007000 sec (total 0.053000 sec)
RUN PASS with name DEF_USE_STAGE2
  Analyzing: results\2d\sc21\sc21.f
PROFILE: time for this pass = 0.001000 sec (total 0.054000 sec)
RUN PASS with name VERIFY_COMMON
  Analyzing: results\2d\sc21\sc21.f
PROFILE: time for this pass = 0.000000 sec (total 0.055000 sec)
RUN PASS with name CALL_GRAPH_IR
  Analyzing: results\2d\sc21\sc21.f
PROFILE: time for this pass = 0.006000 sec (total 0.062000 sec)
RUN PASS with name BUILD_IR
  Analyzing: results\2d\sc21\sc21.f
  count of functions 24, count of lvls 3
     RD time for 'serial2' function is 0.000 sec, iters 4
     RD time for 'ansyes' function is 0.000 sec, iters 1
     RD time for 'ansno' function is 0.000 sec, iters 1

     RD time for 'sc2103' function is 0.000 sec, iters 4
     RD time for 'sc2102' function is 0.000 sec, iters 4
     RD time for 'sc2105' function is 0.000 sec, iters 4
     RD time for 'sc2104' function is 0.000 sec, iters 4
     RD time for 'sc2101' function is 0.000 sec, iters 4
     RD time for 'sc2110' function is 0.000 sec, iters 4
     RD time for 'sc2111' function is 0.000 sec, iters 4
     RD time for 'sc2112' function is 0.000 sec, iters 4
     RD time for 'sc2114' function is 0.000 sec, iters 4
     RD time for 'sc2106' function is 0.000 sec, iters 4
     RD time for 'sc2117' function is 0.000 sec, iters 4
     RD time for 'sc2116' function is 0.000 sec, iters 4
     RD time for 'sc2115' function is 0.000 sec, iters 4
     RD time for 'sc2107' function is 0.000 sec, iters 4
     RD time for 'sc2113' function is 0.000 sec, iters 4
     RD time for 'sc2118' function is 0.000 sec, iters 4
     RD time for 'sc2119' function is 0.000 sec, iters 4
     RD time for 'sc2120' function is 0.000 sec, iters 4
     RD time for 'sc2108' function is 0.000 sec, iters 4
     RD time for 'sc2109' function is 0.000 sec, iters 4

     RD time for 'sc21' function is 0.000 sec, iters 1

PROFILE: time for this pass = 0.013000 sec (total 0.075000 sec)
RUN PASS with name SUBST_EXPR_RD
  Analyzing: results\2d\sc21\sc21.f
PROFILE: time for this pass = 0.007000 sec (total 0.083000 sec)
RUN PASS with name LOOP_GRAPH
  Analyzing: results\2d\sc21\sc21.f
PROFILE: time for this pass = 0.005000 sec (total 0.089000 sec)
RUN PASS with name CALL_GRAPH
  Analyzing: results\2d\sc21\sc21.f
PROFILE: time for this pass = 0.009000 sec (total 0.099000 sec)
RUN PASS with name CALL_GRAPH2
  Analyzing: results\2d\sc21\sc21.f
  run for func sc21
  run for func sc2101
  run for func sc2102
  run for func sc2103
  run for func sc2104
  run for func sc2105
  run for func sc2106
  run for func sc2107
  run for func sc2108
  run for func sc2109
  run for func sc2110
  run for func sc2111
  run for func sc2112
  run for func sc2113
  run for func sc2114
  run for func sc2115
  run for func sc2116
  run for func sc2117
  run for func sc2118
  run for func sc2119
  run for func sc2120
  run for func serial2
  run for func ansyes
  run for func ansno
PROFILE: time for this pass = 0.004000 sec (total 0.103000 sec)
RUN PASS with name GET_STATS_FOR_PREDICTOR
  Analyzing: results\2d\sc21\sc21.f
    PAR LOOP [75 results\2d\sc21\sc21.f] total exec 451, total exec lines 4, avg 1.1275000000000000e+02
    PAR LOOP [82 results\2d\sc21\sc21.f] total exec 311, total exec lines 4, avg 7.7750000000000000e+01
    PAR LOOP [91 results\2d\sc21\sc21.f] total exec 492, total exec lines 8, avg 6.1500000000000000e+01
    PAR LOOP [132 results\2d\sc21\sc21.f] total exec 451, total exec lines 4, avg 1.1275000000000000e+02
    PAR LOOP [139 results\2d\sc21\sc21.f] total exec 311, total exec lines 4, avg 7.7750000000000000e+01
    PAR LOOP [147 results\2d\sc21\sc21.f] total exec 492, total exec lines 8, avg 6.1500000000000000e+01
    PAR LOOP [187 results\2d\sc21\sc21.f] total exec 451, total exec lines 4, avg 1.1275000000000000e+02
    PAR LOOP [194 results\2d\sc21\sc21.f] total exec 311, total exec lines 4, avg 7.7750000000000000e+01
    PAR LOOP [202 results\2d\sc21\sc21.f] total exec 492, total exec lines 8, avg 6.1500000000000000e+01
    PAR LOOP [244 results\2d\sc21\sc21.f] total exec 451, total exec lines 4, avg 1.1275000000000000e+02
    PAR LOOP [251 results\2d\sc21\sc21.f] total exec 311, total exec lines 4, avg 7.7750000000000000e+01
    PAR LOOP [259 results\2d\sc21\sc21.f] total exec 492, total exec lines 8, avg 6.1500000000000000e+01
    PAR LOOP [301 results\2d\sc21\sc21.f] total exec 451, total exec lines 4, avg 1.1275000000000000e+02
    PAR LOOP [308 results\2d\sc21\sc21.f] total exec 311, total exec lines 4, avg 7.7750000000000000e+01
    PAR LOOP [316 results\2d\sc21\sc21.f] total exec 492, total exec lines 8, avg 6.1500000000000000e+01
    PAR LOOP [359 results\2d\sc21\sc21.f] total exec 451, total exec lines 4, avg 1.1275000000000000e+02
    PAR LOOP [366 results\2d\sc21\sc21.f] total exec 311, total exec lines 4, avg 7.7750000000000000e+01
    PAR LOOP [374 results\2d\sc21\sc21.f] total exec 492, total exec lines 8, avg 6.1500000000000000e+01
    PAR LOOP [416 results\2d\sc21\sc21.f] total exec 451, total exec lines 4, avg 1.1275000000000000e+02
    PAR LOOP [423 results\2d\sc21\sc21.f] total exec 311, total exec lines 4, avg 7.7750000000000000e+01
    PAR LOOP [431 results\2d\sc21\sc21.f] total exec 492, total exec lines 8, avg 6.1500000000000000e+01
    PAR LOOP [473 results\2d\sc21\sc21.f] total exec 883, total exec lines 4, avg 2.2075000000000000e+02
    PAR LOOP [480 results\2d\sc21\sc21.f] total exec 519, total exec lines 4, avg 1.2975000000000000e+02
    PAR LOOP [489 results\2d\sc21\sc21.f] total exec 842, total exec lines 8, avg 1.0525000000000000e+02
    PAR LOOP [533 results\2d\sc21\sc21.f] total exec 883, total exec lines 4, avg 2.2075000000000000e+02
    PAR LOOP [540 results\2d\sc21\sc21.f] total exec 519, total exec lines 4, avg 1.2975000000000000e+02
    PAR LOOP [548 results\2d\sc21\sc21.f] total exec 842, total exec lines 8, avg 1.0525000000000000e+02
    PAR LOOP [590 results\2d\sc21\sc21.f] total exec 883, total exec lines 4, avg 2.2075000000000000e+02
    PAR LOOP [597 results\2d\sc21\sc21.f] total exec 519, total exec lines 4, avg 1.2975000000000000e+02
    PAR LOOP [605 results\2d\sc21\sc21.f] total exec 842, total exec lines 8, avg 1.0525000000000000e+02
    PAR LOOP [647 results\2d\sc21\sc21.f] total exec 883, total exec lines 4, avg 2.2075000000000000e+02
    PAR LOOP [654 results\2d\sc21\sc21.f] total exec 519, total exec lines 4, avg 1.2975000000000000e+02
    PAR LOOP [662 results\2d\sc21\sc21.f] total exec 842, total exec lines 8, avg 1.0525000000000000e+02
    PAR LOOP [704 results\2d\sc21\sc21.f] total exec 883, total exec lines 4, avg 2.2075000000000000e+02
    PAR LOOP [711 results\2d\sc21\sc21.f] total exec 519, total exec lines 4, avg 1.2975000000000000e+02
    PAR LOOP [719 results\2d\sc21\sc21.f] total exec 842, total exec lines 8, avg 1.0525000000000000e+02
    PAR LOOP [761 results\2d\sc21\sc21.f] total exec 883, total exec lines 4, avg 2.2075000000000000e+02
    PAR LOOP [768 results\2d\sc21\sc21.f] total exec 519, total exec lines 4, avg 1.2975000000000000e+02
    PAR LOOP [776 results\2d\sc21\sc21.f] total exec 842, total exec lines 8, avg 1.0525000000000000e+02
    PAR LOOP [818 results\2d\sc21\sc21.f] total exec 883, total exec lines 4, avg 2.2075000000000000e+02
    PAR LOOP [825 results\2d\sc21\sc21.f] total exec 519, total exec lines 4, avg 1.2975000000000000e+02
    PAR LOOP [833 results\2d\sc21\sc21.f] total exec 842, total exec lines 8, avg 1.0525000000000000e+02
    PAR LOOP [875 results\2d\sc21\sc21.f] total exec 3203, total exec lines 4, avg 8.0075000000000000e+02
    PAR LOOP [882 results\2d\sc21\sc21.f] total exec 2135, total exec lines 4, avg 5.3375000000000000e+02
    PAR LOOP [891 results\2d\sc21\sc21.f] total exec 3512, total exec lines 8, avg 4.3900000000000000e+02
    PAR LOOP [934 results\2d\sc21\sc21.f] total exec 3203, total exec lines 4, avg 8.0075000000000000e+02
    PAR LOOP [941 results\2d\sc21\sc21.f] total exec 2467, total exec lines 4, avg 6.1675000000000000e+02
    PAR LOOP [949 results\2d\sc21\sc21.f] total exec 4062, total exec lines 8, avg 5.0775000000000000e+02
    PAR LOOP [991 results\2d\sc21\sc21.f] total exec 3203, total exec lines 4, avg 8.0075000000000000e+02
    PAR LOOP [998 results\2d\sc21\sc21.f] total exec 2467, total exec lines 4, avg 6.1675000000000000e+02
    PAR LOOP [1006 results\2d\sc21\sc21.f] total exec 4062, total exec lines 8, avg 5.0775000000000000e+02
    PAR LOOP [1048 results\2d\sc21\sc21.f] total exec 3203, total exec lines 4, avg 8.0075000000000000e+02
    PAR LOOP [1055 results\2d\sc21\sc21.f] total exec 2135, total exec lines 4, avg 5.3375000000000000e+02
    PAR LOOP [1063 results\2d\sc21\sc21.f] total exec 3512, total exec lines 8, avg 4.3900000000000000e+02
    PAR LOOP [1105 results\2d\sc21\sc21.f] total exec 3203, total exec lines 4, avg 8.0075000000000000e+02
    PAR LOOP [1112 results\2d\sc21\sc21.f] total exec 2135, total exec lines 4, avg 5.3375000000000000e+02
    PAR LOOP [1120 results\2d\sc21\sc21.f] total exec 3512, total exec lines 8, avg 4.3900000000000000e+02
    PAR LOOP [1162 results\2d\sc21\sc21.f] total exec 693123, total exec lines 4, avg 1.7328075000000000e+05
    PAR LOOP [1169 results\2d\sc21\sc21.f] total exec 631127, total exec lines 4, avg 1.5778175000000000e+05
    PAR LOOP [1179 results\2d\sc21\sc21.f] total exec 1051112, total exec lines 8, avg 1.3138900000000000e+05
    average_parallel_exec 7.6433187500000004e+03
    parallel_rate 7.7166169654000938e-01
PROFILE: time for this pass = 0.115000 sec (total 0.218000 sec)

--------------------------------------------------
INFO.JSON file copied from ./info.json to ./results\2d\sc21\info.json

==================================================
Processing of sc21.f completed successfully at 2025-05-06 00:23:58
