=== Processing file: jac3d.f ===
Date and time: 2025-04-18 17:43:45
Dimension: 3d
==================================================

Copied ./sources\3d\jac3d.f to ./results\3d\jac3d\jac3d.f
Command: gfortran -O3 -g -fprofile-arcs -ftest-coverage "./results\3d\jac3d\jac3d.f" -o "./results\3d\jac3d\jac3d"
Output: 

Error output: 
C:/mingw64/bin/../lib/gcc/x86_64-w64-mingw32/14.2.0/../../../../x86_64-w64-mingw32/bin/ld.exe: C:\Users\arzum\AppData\Local\Temp\cc8bu4v0.o: in function `jac3d':
d:\Diploma\graduation_data_experiment/./results/3d/jac3d/jac3d.f:29:(.text+0x25c): undefined reference to `dvtime_'
C:/mingw64/bin/../lib/gcc/x86_64-w64-mingw32/14.2.0/../../../../x86_64-w64-mingw32/bin/ld.exe: d:\Diploma\graduation_data_experiment/./results/3d/jac3d/jac3d.f:64:(.text+0x666): undefined reference to `dvtime_'
collect2.exe: error: ld returned 1 exit status

--------------------------------------------------
Command: "./results\3d\jac3d\jac3d"
Output: 

Error output: 
'"./results\3d\jac3d\jac3d"' is not recognized as an internal or external command,
operable program or batch file.

--------------------------------------------------
Command: gcov -b "./results\3d\jac3d\jac3d.f"
Output: 
File 'results/3d/jac3d/jac3d.f'
Lines executed:0.00% of 34
Branches executed:0.00% of 30
Taken at least once:0.00% of 30
Calls executed:0.00% of 35
Creating 'jac3d.f.gcov'

Lines executed:0.00% of 34

Error output: 
./results\3d\jac3d\jac3d.gcda:cannot open data file, assuming not executed

--------------------------------------------------
GCOV file copied from ./jac3d.f.gcov to ./results\3d\jac3d\jac3d.f.gcov
Command: "../SAPFOR/_bin/Release/Sapfor_F.exe" -parse -spf "./results\3d\jac3d\jac3d.f"
Output: 
SAPFOR version is 2409, build date: Apr 17 2025 18:48:12, c++ version 201703
  parse file './results\3d\jac3d\jac3d.f'
  options: -spf 
files compilation order:
  ./results\3d\jac3d\jac3d.f
Parsing was completed successfully

--------------------------------------------------
Command: "../SAPFOR/_bin/Release/Sapfor_F.exe" -passN GET_STATS_FOR_PREDICTOR -keepDVM
Output: 
SAPFOR version is 2409, build date: Apr 17 2025 18:48:12, c++ version 201703
code for pass GET_STATS_FOR_PREDICTOR is 79
RUN PASS with name VERIFY_FUNC_DECL
  Analyzing: results\3d\jac3d\jac3d.f
PROFILE: time for this pass = 0.000000 sec (total 0.001000 sec)
RUN PASS with name FILE_LINE_INFO
  Analyzing: results\3d\jac3d\jac3d.f
  All lines in project 81
PROFILE: time for this pass = 0.000000 sec (total 0.001000 sec)
RUN PASS with name BUILD_INCLUDE_DEPENDENCIES
  Analyzing: results\3d\jac3d\jac3d.f
PROFILE: time for this pass = 0.000000 sec (total 0.001000 sec)
RUN PASS with name CORRECT_VAR_DECL
  Analyzing: results\3d\jac3d\jac3d.f
PROFILE: time for this pass = 0.000000 sec (total 0.001000 sec)
RUN PASS with name VERIFY_OPERATORS
  Analyzing: results\3d\jac3d\jac3d.f
PROFILE: time for this pass = 0.000000 sec (total 0.001000 sec)
RUN PASS with name VERIFY_ENDDO
  Analyzing: results\3d\jac3d\jac3d.f
PROFILE: time for this pass = 0.000000 sec (total 0.002000 sec)
RUN PASS with name VERIFY_INCLUDES
  Analyzing: results\3d\jac3d\jac3d.f
PROFILE: time for this pass = 0.000000 sec (total 0.002000 sec)
RUN PASS with name PREPROC_ALLOCATES
  Analyzing: results\3d\jac3d\jac3d.f
PROFILE: time for this pass = 0.000000 sec (total 0.002000 sec)
RUN PASS with name CHECK_PAR_REG_DIR
  Analyzing: results\3d\jac3d\jac3d.f
PROFILE: time for this pass = 0.000000 sec (total 0.002000 sec)
RUN PASS with name FILL_PARALLEL_REG_IR
  Analyzing: results\3d\jac3d\jac3d.f
PROFILE: time for this pass = 0.000000 sec (total 0.002000 sec)
RUN PASS with name GET_ALL_ARRAY_DECL
  Analyzing: results\3d\jac3d\jac3d.f
PROFILE: time for this pass = 0.000000 sec (total 0.003000 sec)
RUN PASS with name FILL_COMMON_BLOCKS
  Analyzing: results\3d\jac3d\jac3d.f
PROFILE: time for this pass = 0.000000 sec (total 0.003000 sec)
RUN PASS with name PARSE_OMP_DIRS
  Analyzing: results\3d\jac3d\jac3d.f
PROFILE: time for this pass = 0.000000 sec (total 0.003000 sec)
RUN PASS with name PREPROC_SPF
  Analyzing: results\3d\jac3d\jac3d.f
PROFILE: time for this pass = 0.000000 sec (total 0.003000 sec)
RUN PASS with name CREATE_INTER_TREE
  Analyzing: results\3d\jac3d\jac3d.f
PROFILE: time for this pass = 0.000000 sec (total 0.003000 sec)
RUN PASS with name GCOV_PARSER
  Analyzing: results\3d\jac3d\jac3d.f
   Error: unable to open file statistic.txt
PROFILE: time for this pass = 0.000000 sec (total 0.004000 sec)
RUN PASS with name VERIFY_FORMAT
  Analyzing: results\3d\jac3d\jac3d.f
PROFILE: time for this pass = 0.000000 sec (total 0.004000 sec)
RUN PASS with name VERIFY_DVM_DIRS
  Analyzing: results\3d\jac3d\jac3d.f
PROFILE: time for this pass = 0.000000 sec (total 0.004000 sec)
RUN PASS with name PRIVATE_CALL_GRAPH_STAGE1
  Analyzing: results\3d\jac3d\jac3d.f
PROFILE: time for this pass = 0.000000 sec (total 0.004000 sec)
RUN PASS with name PRIVATE_CALL_GRAPH_STAGE2
  Analyzing: results\3d\jac3d\jac3d.f
PROFILE: time for this pass = 0.000000 sec (total 0.004000 sec)
RUN PASS with name MACRO_EXPANSION
  Analyzing: results\3d\jac3d\jac3d.f
PROFILE: time for this pass = 0.000000 sec (total 0.004000 sec)
RUN PASS with name CONVERT_ASSIGN_TO_LOOP
  Analyzing: results\3d\jac3d\jac3d.f
PROFILE: time for this pass = 0.000000 sec (total 0.005000 sec)
RUN PASS with name DEF_USE_STAGE1
  Analyzing: results\3d\jac3d\jac3d.f
PROFILE: time for this pass = 0.000000 sec (total 0.005000 sec)
RUN PASS with name DEF_USE_STAGE2
  Analyzing: results\3d\jac3d\jac3d.f
PROFILE: time for this pass = 0.000000 sec (total 0.005000 sec)
RUN PASS with name VERIFY_COMMON
  Analyzing: results\3d\jac3d\jac3d.f
PROFILE: time for this pass = 0.000000 sec (total 0.005000 sec)
RUN PASS with name CALL_GRAPH_IR
  Analyzing: results\3d\jac3d\jac3d.f
PROFILE: time for this pass = 0.000000 sec (total 0.005000 sec)
RUN PASS with name BUILD_IR
  Analyzing: results\3d\jac3d\jac3d.f
  count of functions 1, count of lvls 1
     RD time for 'jac3d' function is 0.000 sec, iters 6

PROFILE: time for this pass = 0.001000 sec (total 0.006000 sec)
RUN PASS with name SUBST_EXPR_RD
  Analyzing: results\3d\jac3d\jac3d.f
PROFILE: time for this pass = 0.000000 sec (total 0.007000 sec)
RUN PASS with name LOOP_GRAPH
  Analyzing: results\3d\jac3d\jac3d.f
PROFILE: time for this pass = 0.000000 sec (total 0.007000 sec)
RUN PASS with name CALL_GRAPH
  Analyzing: results\3d\jac3d\jac3d.f
PROFILE: time for this pass = 0.000000 sec (total 0.007000 sec)
RUN PASS with name CALL_GRAPH2
  Analyzing: results\3d\jac3d\jac3d.f
  run for func jac3d
PROFILE: time for this pass = 0.000000 sec (total 0.007000 sec)
RUN PASS with name GET_STATS_FOR_PREDICTOR
  Analyzing: results\3d\jac3d\jac3d.f
    PAR LOOP [14 results\3d\jac3d\jac3d.f] total exec 0, total exec lines 11, avg 0.0000000000000000e+00
    PAR LOOP [37 results\3d\jac3d\jac3d.f] total exec 0, total exec lines 7, avg 0.0000000000000000e+00
    PAR LOOP [49 results\3d\jac3d\jac3d.f] total exec 0, total exec lines 6, avg 0.0000000000000000e+00
    average_parallel_exec 0.0000000000000000e+00
    parallel_rate 0.0000000000000000e+00

--------------------------------------------------
INFO.JSON file copied from ./info.json to ./results\3d\jac3d\info.json

==================================================
Processing of jac3d.f completed successfully at 2025-04-18 17:43:46
