=== Processing file: distrgen2.f ===
Date and time: 2025-04-23 11:56:20
Dimension: 2d
==================================================

Copied ./sources\2d\distrgen2.f to ./results\2d\distrgen2\distrgen2.f
Command: gfortran -O3 -g -fprofile-arcs -ftest-coverage "./results\2d\distrgen2\distrgen2.f" -o "./results\2d\distrgen2\distrgen2"
Output: 

--------------------------------------------------
Command: "./results\2d\distrgen2\distrgen2"
Output: 
 ===START OF distrgen2========================
 distrg25    -  complete
 distrg26    -  complete
 distrg27    -  complete
 distrg28    -  complete
 distrg29    -  complete
 distrg210   -  complete
 === END OF distrgen2 ========================= 

--------------------------------------------------
Command: gcov -b "./results\2d\distrgen2\distrgen2.f"
Output: 
File 'results/2d/distrgen2/distrgen2.f'
Lines executed:74.75% of 202
Branches executed:82.94% of 211
Taken at least once:56.40% of 211
Calls executed:53.19% of 47
Creating 'distrgen2.f.gcov'

Lines executed:74.75% of 202

--------------------------------------------------
GCOV file copied from ./distrgen2.f.gcov to ./results\2d\distrgen2\distrgen2.f.gcov
Command: "../SAPFOR/_bin/Release/Sapfor_F.exe" -parse -spf "./results\2d\distrgen2\distrgen2.f"
Output: 
SAPFOR version is 2410, build date: Apr 23 2025 11:52:44, c++ version 201703
  parse file './results\2d\distrgen2\distrgen2.f'
  options: -spf 
files compilation order:
  ./results\2d\distrgen2\distrgen2.f
Parsing was completed successfully

--------------------------------------------------
Command: "../SAPFOR/_bin/Release/Sapfor_F.exe" -passN GET_STATS_FOR_PREDICTOR -keepDVM
Output: 
SAPFOR version is 2410, build date: Apr 23 2025 11:52:44, c++ version 201703
code for pass GET_STATS_FOR_PREDICTOR is 79
RUN PASS with name VERIFY_FUNC_DECL
  Analyzing: results\2d\distrgen2\distrgen2.f
PROFILE: time for this pass = 0.000000 sec (total 0.003000 sec)
RUN PASS with name FILE_LINE_INFO
  Analyzing: results\2d\distrgen2\distrgen2.f
  All lines in project 1036
PROFILE: time for this pass = 0.000000 sec (total 0.004000 sec)
RUN PASS with name BUILD_INCLUDE_DEPENDENCIES
  Analyzing: results\2d\distrgen2\distrgen2.f
PROFILE: time for this pass = 0.000000 sec (total 0.004000 sec)
RUN PASS with name CORRECT_VAR_DECL
  Analyzing: results\2d\distrgen2\distrgen2.f
PROFILE: time for this pass = 0.000000 sec (total 0.005000 sec)
RUN PASS with name VERIFY_OPERATORS
  Analyzing: results\2d\distrgen2\distrgen2.f
PROFILE: time for this pass = 0.000000 sec (total 0.006000 sec)
RUN PASS with name VERIFY_ENDDO
  Analyzing: results\2d\distrgen2\distrgen2.f
PROFILE: time for this pass = 0.000000 sec (total 0.007000 sec)
RUN PASS with name VERIFY_INCLUDES
  Analyzing: results\2d\distrgen2\distrgen2.f
PROFILE: time for this pass = 0.000000 sec (total 0.008000 sec)
RUN PASS with name PREPROC_ALLOCATES
  Analyzing: results\2d\distrgen2\distrgen2.f
  attribute (92 results\2d\distrgen2\distrgen2.f) is added to declaration on line 86 of results\2d\distrgen2\distrgen2.f file
  attribute (256 results\2d\distrgen2\distrgen2.f) is added to declaration on line 86 of results\2d\distrgen2\distrgen2.f file
  attribute (295 results\2d\distrgen2\distrgen2.f) is added to declaration on line 289 of results\2d\distrgen2\distrgen2.f file
  attribute (467 results\2d\distrgen2\distrgen2.f) is added to declaration on line 289 of results\2d\distrgen2\distrgen2.f file
  attribute (506 results\2d\distrgen2\distrgen2.f) is added to declaration on line 500 of results\2d\distrgen2\distrgen2.f file
  attribute (600 results\2d\distrgen2\distrgen2.f) is added to declaration on line 500 of results\2d\distrgen2\distrgen2.f file
  attribute (631 results\2d\distrgen2\distrgen2.f) is added to declaration on line 625 of results\2d\distrgen2\distrgen2.f file
  attribute (707 results\2d\distrgen2\distrgen2.f) is added to declaration on line 625 of results\2d\distrgen2\distrgen2.f file
  attribute (746 results\2d\distrgen2\distrgen2.f) is added to declaration on line 740 of results\2d\distrgen2\distrgen2.f file
  attribute (918 results\2d\distrgen2\distrgen2.f) is added to declaration on line 740 of results\2d\distrgen2\distrgen2.f file
  attribute (949 results\2d\distrgen2\distrgen2.f) is added to declaration on line 943 of results\2d\distrgen2\distrgen2.f file
  attribute (1023 results\2d\distrgen2\distrgen2.f) is added to declaration on line 943 of results\2d\distrgen2\distrgen2.f file
PROFILE: time for this pass = 0.001000 sec (total 0.009000 sec)
RUN PASS with name CHECK_PAR_REG_DIR
  Analyzing: results\2d\distrgen2\distrgen2.f
PROFILE: time for this pass = 0.000000 sec (total 0.010000 sec)
RUN PASS with name FILL_PARALLEL_REG_IR
  Analyzing: results\2d\distrgen2\distrgen2.f
PROFILE: time for this pass = 0.001000 sec (total 0.011000 sec)
RUN PASS with name GET_ALL_ARRAY_DECL
  Analyzing: results\2d\distrgen2\distrgen2.f
PROFILE: time for this pass = 0.006000 sec (total 0.018000 sec)
RUN PASS with name FILL_COMMON_BLOCKS
  Analyzing: results\2d\distrgen2\distrgen2.f
PROFILE: time for this pass = 0.000000 sec (total 0.019000 sec)
RUN PASS with name PARSE_OMP_DIRS
  Analyzing: results\2d\distrgen2\distrgen2.f
PROFILE: time for this pass = 0.000000 sec (total 0.019000 sec)
RUN PASS with name PREPROC_SPF
  Analyzing: results\2d\distrgen2\distrgen2.f
PROFILE: time for this pass = 0.000000 sec (total 0.020000 sec)
RUN PASS with name CREATE_INTER_TREE
  Analyzing: results\2d\distrgen2\distrgen2.f
PROFILE: time for this pass = 0.003000 sec (total 0.024000 sec)
RUN PASS with name GCOV_PARSER
  Analyzing: results\2d\distrgen2\distrgen2.f
   Error: unable to open file statistic.txt
PROFILE: time for this pass = 0.002000 sec (total 0.026000 sec)
RUN PASS with name VERIFY_FORMAT
  Analyzing: results\2d\distrgen2\distrgen2.f
PROFILE: time for this pass = 0.000000 sec (total 0.027000 sec)
RUN PASS with name VERIFY_DVM_DIRS
  Analyzing: results\2d\distrgen2\distrgen2.f
PROFILE: time for this pass = 0.000000 sec (total 0.028000 sec)
RUN PASS with name PRIVATE_CALL_GRAPH_STAGE1
  Analyzing: results\2d\distrgen2\distrgen2.f
PROFILE: time for this pass = 0.000000 sec (total 0.028000 sec)
RUN PASS with name PRIVATE_CALL_GRAPH_STAGE2
  Analyzing: results\2d\distrgen2\distrgen2.f
PROFILE: time for this pass = 0.000000 sec (total 0.029000 sec)
RUN PASS with name MACRO_EXPANSION
  Analyzing: results\2d\distrgen2\distrgen2.f
PROFILE: time for this pass = 0.000000 sec (total 0.030000 sec)
RUN PASS with name CONVERT_ASSIGN_TO_LOOP
  Analyzing: results\2d\distrgen2\distrgen2.f
WARN: can not convert array assign to loop on line -3
WARN: can not convert array assign to loop on line -4
WARN: can not convert array assign to loop on line -5
WARN: can not convert array assign to loop on line -6
WARN: can not convert array assign to loop on line -7
WARN: can not convert array assign to loop on line -8
WARN: can not convert array assign to loop on line -9
WARN: can not convert array assign to loop on line -10
WARN: can not convert array assign to loop on line -11
WARN: can not convert array assign to loop on line -12
WARN: can not convert array assign to loop on line -13
WARN: can not convert array assign to loop on line -14
WARN: can not convert array assign to loop on line -15
WARN: can not convert array assign to loop on line -16
WARN: can not convert array assign to loop on line -17
WARN: can not convert array assign to loop on line -18
was on line 158 file results\2d\distrgen2\distrgen2.f
      a2 = 1
      do  i_1 = 0,11
         do  i_0 = 0,9
            a2(i_0 + 1,i_1 + 1) = 1
         enddo  
      enddo  
WARN: can not convert array assign to loop on line -25
WARN: can not convert array assign to loop on line -26
WARN: can not convert array assign to loop on line -27
WARN: can not convert array assign to loop on line -28
WARN: can not convert array assign to loop on line -29
WARN: can not convert array assign to loop on line -30
WARN: can not convert array assign to loop on line -31
WARN: can not convert array assign to loop on line -32
WARN: can not convert array assign to loop on line -33
WARN: can not convert array assign to loop on line -34
WARN: can not convert array assign to loop on line -35
WARN: can not convert array assign to loop on line -36
WARN: can not convert array assign to loop on line -37
WARN: can not convert array assign to loop on line -38
WARN: can not convert array assign to loop on line -39
WARN: can not convert array assign to loop on line -40
WARN: can not convert array assign to loop on line -42
WARN: can not convert array assign to loop on line -43
WARN: can not convert array assign to loop on line -44
WARN: can not convert array assign to loop on line -45
WARN: can not convert array assign to loop on line -46
WARN: can not convert array assign to loop on line -47
WARN: can not convert array assign to loop on line -48
WARN: can not convert array assign to loop on line -49
WARN: can not convert array assign to loop on line -50
WARN: can not convert array assign to loop on line -51
WARN: can not convert array assign to loop on line -52
WARN: can not convert array assign to loop on line -53
WARN: can not convert array assign to loop on line -54
WARN: can not convert array assign to loop on line -55
WARN: can not convert array assign to loop on line -56
WARN: can not convert array assign to loop on line -57
was on line 524 file results\2d\distrgen2\distrgen2.f
      a2 = 5
      do  i_3 = 0,14
         do  i_2 = 0,10
            a2(i_2 + 1,i_3 + 1) = 5
         enddo  
      enddo  
WARN: can not convert array assign to loop on line -64
WARN: can not convert array assign to loop on line -65
WARN: can not convert array assign to loop on line -66
WARN: can not convert array assign to loop on line -67
WARN: can not convert array assign to loop on line -68
WARN: can not convert array assign to loop on line -69
WARN: can not convert array assign to loop on line -70
WARN: can not convert array assign to loop on line -71
WARN: can not convert array assign to loop on line -73
WARN: can not convert array assign to loop on line -74
WARN: can not convert array assign to loop on line -75
WARN: can not convert array assign to loop on line -76
WARN: can not convert array assign to loop on line -77
WARN: can not convert array assign to loop on line -78
WARN: can not convert array assign to loop on line -79
WARN: can not convert array assign to loop on line -80
WARN: can not convert array assign to loop on line -81
WARN: can not convert array assign to loop on line -82
WARN: can not convert array assign to loop on line -83
WARN: can not convert array assign to loop on line -84
WARN: can not convert array assign to loop on line -85
WARN: can not convert array assign to loop on line -86
WARN: can not convert array assign to loop on line -87
WARN: can not convert array assign to loop on line -88
WARN: can not convert array assign to loop on line -90
WARN: can not convert array assign to loop on line -91
WARN: can not convert array assign to loop on line -92
WARN: can not convert array assign to loop on line -93
WARN: can not convert array assign to loop on line -94
WARN: can not convert array assign to loop on line -95
WARN: can not convert array assign to loop on line -96
WARN: can not convert array assign to loop on line -97
PROFILE: time for this pass = 0.003000 sec (total 0.034000 sec)
RUN PASS with name DEF_USE_STAGE1
  Analyzing: results\2d\distrgen2\distrgen2.f
PROFILE: time for this pass = 0.005000 sec (total 0.039000 sec)
RUN PASS with name DEF_USE_STAGE2
  Analyzing: results\2d\distrgen2\distrgen2.f
PROFILE: time for this pass = 0.000000 sec (total 0.040000 sec)
RUN PASS with name VERIFY_COMMON
  Analyzing: results\2d\distrgen2\distrgen2.f
PROFILE: time for this pass = 0.000000 sec (total 0.041000 sec)
RUN PASS with name CALL_GRAPH_IR
  Analyzing: results\2d\distrgen2\distrgen2.f
PROFILE: time for this pass = 0.005000 sec (total 0.047000 sec)
RUN PASS with name BUILD_IR
  Analyzing: results\2d\distrgen2\distrgen2.f
  count of functions 9, count of lvls 3
     RD time for 'ansno' function is 0.000 sec, iters 1
     RD time for 'ansyes' function is 0.000 sec, iters 1

     RD time for 'distrg25' function is 0.000 sec, iters 4
     RD time for 'distrg26' function is 0.000 sec, iters 4
     RD time for 'distrg27' function is 0.000 sec, iters 4
     RD time for 'distrg28' function is 0.000 sec, iters 4
     RD time for 'distrg29' function is 0.000 sec, iters 4
     RD time for 'distrg210' function is 0.000 sec, iters 4

     RD time for 'distrg2' function is 0.000 sec, iters 3

PROFILE: time for this pass = 0.006000 sec (total 0.053000 sec)
RUN PASS with name SUBST_EXPR_RD
  Analyzing: results\2d\distrgen2\distrgen2.f
PROFILE: time for this pass = 0.003000 sec (total 0.056000 sec)
RUN PASS with name LOOP_GRAPH
  Analyzing: results\2d\distrgen2\distrgen2.f
PROFILE: time for this pass = 0.002000 sec (total 0.059000 sec)
RUN PASS with name CALL_GRAPH
  Analyzing: results\2d\distrgen2\distrgen2.f
PROFILE: time for this pass = 0.004000 sec (total 0.063000 sec)
RUN PASS with name CALL_GRAPH2
  Analyzing: results\2d\distrgen2\distrgen2.f
  run for func distrg2
  run for func distrg25
  run for func distrg26
  run for func distrg27
  run for func distrg28
  run for func distrg29
  run for func distrg210
  run for func ansyes
  run for func ansno
  added conflict messages to loop on line 16
PROFILE: time for this pass = 0.001000 sec (total 0.065000 sec)
RUN PASS with name GET_STATS_FOR_PREDICTOR
  Analyzing: results\2d\distrgen2\distrgen2.f
    PAR LOOP [164 results\2d\distrgen2\distrgen2.f] total exec 403, total exec lines 4, avg 1.0075000000000000e+02
    PAR LOOP [239 results\2d\distrgen2\distrgen2.f] total exec 533, total exec lines 6, avg 8.8833333333333329e+01
    PAR LOOP [363 results\2d\distrgen2\distrgen2.f] total exec 835, total exec lines 4, avg 2.0875000000000000e+02
    PAR LOOP [374 results\2d\distrgen2\distrgen2.f] total exec 835, total exec lines 4, avg 2.0875000000000000e+02
    PAR LOOP [449 results\2d\distrgen2\distrgen2.f] total exec 1363, total exec lines 7, avg 1.9471428571428572e+02
    PAR LOOP [530 results\2d\distrgen2\distrgen2.f] total exec 542, total exec lines 4, avg 1.3550000000000000e+02
    PAR LOOP [555 results\2d\distrgen2\distrgen2.f] total exec 542, total exec lines 4, avg 1.3550000000000000e+02
    PAR LOOP [582 results\2d\distrgen2\distrgen2.f] total exec 883, total exec lines 7, avg 1.2614285714285714e+02
    PAR LOOP [651 results\2d\distrgen2\distrgen2.f] total exec 227, total exec lines 4, avg 5.6750000000000000e+01
    PAR LOOP [662 results\2d\distrgen2\distrgen2.f] total exec 227, total exec lines 4, avg 5.6750000000000000e+01
    PAR LOOP [689 results\2d\distrgen2\distrgen2.f] total exec 363, total exec lines 7, avg 5.1857142857142854e+01
    PAR LOOP [814 results\2d\distrgen2\distrgen2.f] total exec 463, total exec lines 4, avg 1.1575000000000000e+02
    PAR LOOP [825 results\2d\distrgen2\distrgen2.f] total exec 463, total exec lines 4, avg 1.1575000000000000e+02
    PAR LOOP [900 results\2d\distrgen2\distrgen2.f] total exec 753, total exec lines 7, avg 1.0757142857142857e+02
    PAR LOOP [968 results\2d\distrgen2\distrgen2.f] total exec 179, total exec lines 4, avg 4.4750000000000000e+01
    PAR LOOP [979 results\2d\distrgen2\distrgen2.f] total exec 179, total exec lines 4, avg 4.4750000000000000e+01
    PAR LOOP [1005 results\2d\distrgen2\distrgen2.f] total exec 283, total exec lines 7, avg 4.0428571428571431e+01
    average_parallel_exec 1.0674117647058823e+02
    parallel_rate 9.5414870123041329e-01
PROFILE: time for this pass = 0.012000 sec (total 0.078000 sec)

--------------------------------------------------
INFO.JSON file copied from ./info.json to ./results\2d\distrgen2\info.json

==================================================
Processing of distrgen2.f completed successfully at 2025-04-23 11:56:21
