=== Processing file: acr32.f ===
Date and time: 2025-05-06 00:24:10
Dimension: 3d
==================================================

Copied ./sources\3d\acr32.f to ./results\3d\acr32\acr32.f
Command: gfortran -O3 -g -fprofile-arcs -ftest-coverage "./results\3d\acr32\acr32.f" -o "./results\3d\acr32\acr32"
Output: 

--------------------------------------------------
Command: "./results\3d\acr32\acr32"
Output: 
 ===START OF ACR32========================
 ACR3201  -  complete
 ACR3202  -  complete
 ACR3203  -  complete
 ACR3204  -  complete
 ACR3205  -  complete
 ACR3206  -  complete
 ACR3207  -  complete
 ACR3208  -  complete
 ACR3209  -  complete
 === END OF ACR32 ========================= 

--------------------------------------------------
Command: gcov -b "./results\3d\acr32\acr32.f"
Output: 
File 'results/3d/acr32/acr32.f'
Lines executed:92.88% of 295
Branches executed:100.00% of 348
Taken at least once:84.48% of 348
Calls executed:44.94% of 89
Creating 'acr32.f.gcov'

Lines executed:92.88% of 295

--------------------------------------------------
GCOV file copied from ./acr32.f.gcov to ./results\3d\acr32\acr32.f.gcov
Command: "../SAPFOR/_bin/Release/Sapfor_F.exe" -parse -spf "./results\3d\acr32\acr32.f"
Output: 
SAPFOR version is 2410, build date: Apr 23 2025 11:52:44, c++ version 201703
  parse file './results\3d\acr32\acr32.f'
  options: -spf 
files compilation order:
  ./results\3d\acr32\acr32.f
Parsing was completed successfully

--------------------------------------------------
Command: "../SAPFOR/_bin/Release/Sapfor_F.exe" -passN GET_STATS_FOR_PREDICTOR -keepDVM
Output: 
SAPFOR version is 2410, build date: Apr 23 2025 11:52:44, c++ version 201703
code for pass GET_STATS_FOR_PREDICTOR is 79
RUN PASS with name VERIFY_FUNC_DECL
  Analyzing: results\3d\acr32\acr32.f
PROFILE: time for this pass = 0.000000 sec (total 0.003000 sec)
RUN PASS with name FILE_LINE_INFO
  Analyzing: results\3d\acr32\acr32.f
  All lines in project 772
PROFILE: time for this pass = 0.001000 sec (total 0.004000 sec)
RUN PASS with name BUILD_INCLUDE_DEPENDENCIES
  Analyzing: results\3d\acr32\acr32.f
PROFILE: time for this pass = 0.000000 sec (total 0.005000 sec)
RUN PASS with name CORRECT_VAR_DECL
  Analyzing: results\3d\acr32\acr32.f
PROFILE: time for this pass = 0.000000 sec (total 0.006000 sec)
RUN PASS with name VERIFY_OPERATORS
  Analyzing: results\3d\acr32\acr32.f
PROFILE: time for this pass = 0.000000 sec (total 0.007000 sec)
RUN PASS with name VERIFY_ENDDO
  Analyzing: results\3d\acr32\acr32.f
PROFILE: time for this pass = 0.000000 sec (total 0.008000 sec)
RUN PASS with name VERIFY_INCLUDES
  Analyzing: results\3d\acr32\acr32.f
PROFILE: time for this pass = 0.000000 sec (total 0.009000 sec)
RUN PASS with name PREPROC_ALLOCATES
  Analyzing: results\3d\acr32\acr32.f
  attribute (40 results\3d\acr32\acr32.f) is added to declaration on line 35 of results\3d\acr32\acr32.f file
  attribute (104 results\3d\acr32\acr32.f) is added to declaration on line 35 of results\3d\acr32\acr32.f file
  attribute (115 results\3d\acr32\acr32.f) is added to declaration on line 109 of results\3d\acr32\acr32.f file
  attribute (184 results\3d\acr32\acr32.f) is added to declaration on line 109 of results\3d\acr32\acr32.f file
  attribute (195 results\3d\acr32\acr32.f) is added to declaration on line 189 of results\3d\acr32\acr32.f file
  attribute (261 results\3d\acr32\acr32.f) is added to declaration on line 189 of results\3d\acr32\acr32.f file
  attribute (272 results\3d\acr32\acr32.f) is added to declaration on line 266 of results\3d\acr32\acr32.f file
  attribute (339 results\3d\acr32\acr32.f) is added to declaration on line 266 of results\3d\acr32\acr32.f file
  attribute (350 results\3d\acr32\acr32.f) is added to declaration on line 344 of results\3d\acr32\acr32.f file
  attribute (415 results\3d\acr32\acr32.f) is added to declaration on line 344 of results\3d\acr32\acr32.f file
  attribute (427 results\3d\acr32\acr32.f) is added to declaration on line 421 of results\3d\acr32\acr32.f file
  attribute (500 results\3d\acr32\acr32.f) is added to declaration on line 421 of results\3d\acr32\acr32.f file
  attribute (513 results\3d\acr32\acr32.f) is added to declaration on line 507 of results\3d\acr32\acr32.f file
  attribute (584 results\3d\acr32\acr32.f) is added to declaration on line 507 of results\3d\acr32\acr32.f file
  attribute (597 results\3d\acr32\acr32.f) is added to declaration on line 591 of results\3d\acr32\acr32.f file
  attribute (664 results\3d\acr32\acr32.f) is added to declaration on line 591 of results\3d\acr32\acr32.f file
  attribute (676 results\3d\acr32\acr32.f) is added to declaration on line 670 of results\3d\acr32\acr32.f file
  attribute (749 results\3d\acr32\acr32.f) is added to declaration on line 670 of results\3d\acr32\acr32.f file
PROFILE: time for this pass = 0.001000 sec (total 0.010000 sec)
RUN PASS with name CHECK_PAR_REG_DIR
  Analyzing: results\3d\acr32\acr32.f
PROFILE: time for this pass = 0.000000 sec (total 0.011000 sec)
RUN PASS with name FILL_PARALLEL_REG_IR
  Analyzing: results\3d\acr32\acr32.f
PROFILE: time for this pass = 0.001000 sec (total 0.012000 sec)
RUN PASS with name GET_ALL_ARRAY_DECL
  Analyzing: results\3d\acr32\acr32.f
PROFILE: time for this pass = 0.004000 sec (total 0.017000 sec)
RUN PASS with name FILL_COMMON_BLOCKS
  Analyzing: results\3d\acr32\acr32.f
PROFILE: time for this pass = 0.000000 sec (total 0.018000 sec)
RUN PASS with name PARSE_OMP_DIRS
  Analyzing: results\3d\acr32\acr32.f
PROFILE: time for this pass = 0.000000 sec (total 0.019000 sec)
RUN PASS with name PREPROC_SPF
  Analyzing: results\3d\acr32\acr32.f
PROFILE: time for this pass = 0.000000 sec (total 0.020000 sec)
RUN PASS with name CREATE_INTER_TREE
  Analyzing: results\3d\acr32\acr32.f
PROFILE: time for this pass = 0.003000 sec (total 0.024000 sec)
RUN PASS with name GCOV_PARSER
  Analyzing: results\3d\acr32\acr32.f
   Error: unable to open file statistic.txt
PROFILE: time for this pass = 0.002000 sec (total 0.026000 sec)
RUN PASS with name VERIFY_FORMAT
  Analyzing: results\3d\acr32\acr32.f
PROFILE: time for this pass = 0.000000 sec (total 0.027000 sec)
RUN PASS with name VERIFY_DVM_DIRS
  Analyzing: results\3d\acr32\acr32.f
PROFILE: time for this pass = 0.000000 sec (total 0.027000 sec)
RUN PASS with name PRIVATE_CALL_GRAPH_STAGE1
  Analyzing: results\3d\acr32\acr32.f
PROFILE: time for this pass = 0.000000 sec (total 0.028000 sec)
RUN PASS with name PRIVATE_CALL_GRAPH_STAGE2
  Analyzing: results\3d\acr32\acr32.f
PROFILE: time for this pass = 0.000000 sec (total 0.029000 sec)
RUN PASS with name MACRO_EXPANSION
  Analyzing: results\3d\acr32\acr32.f
PROFILE: time for this pass = 0.000000 sec (total 0.030000 sec)
RUN PASS with name CONVERT_ASSIGN_TO_LOOP
  Analyzing: results\3d\acr32\acr32.f
PROFILE: time for this pass = 0.001000 sec (total 0.031000 sec)
RUN PASS with name DEF_USE_STAGE1
  Analyzing: results\3d\acr32\acr32.f
PROFILE: time for this pass = 0.004000 sec (total 0.036000 sec)
RUN PASS with name DEF_USE_STAGE2
  Analyzing: results\3d\acr32\acr32.f
PROFILE: time for this pass = 0.000000 sec (total 0.037000 sec)
RUN PASS with name VERIFY_COMMON
  Analyzing: results\3d\acr32\acr32.f
PROFILE: time for this pass = 0.000000 sec (total 0.037000 sec)
RUN PASS with name CALL_GRAPH_IR
  Analyzing: results\3d\acr32\acr32.f
PROFILE: time for this pass = 0.003000 sec (total 0.041000 sec)
RUN PASS with name BUILD_IR
  Analyzing: results\3d\acr32\acr32.f
  count of functions 13, count of lvls 3
     RD time for 'ansyes' function is 0.000 sec, iters 1
     RD time for 'serial3' function is 0.000 sec, iters 5
     RD time for 'ansno' function is 0.000 sec, iters 1

     RD time for 'acr3203' function is 0.001 sec, iters 6
     RD time for 'acr3207' function is 0.001 sec, iters 6
     RD time for 'acr3205' function is 0.001 sec, iters 6
     RD time for 'acr3208' function is 0.001 sec, iters 6
     RD time for 'acr3204' function is 0.000 sec, iters 6
     RD time for 'acr3209' function is 0.001 sec, iters 6
     RD time for 'acr3206' function is 0.000 sec, iters 6
     RD time for 'acr3201' function is 0.001 sec, iters 6
     RD time for 'acr3202' function is 0.001 sec, iters 6

     RD time for 'acr32' function is 0.000 sec, iters 1

PROFILE: time for this pass = 0.015000 sec (total 0.057000 sec)
RUN PASS with name SUBST_EXPR_RD
  Analyzing: results\3d\acr32\acr32.f
PROFILE: time for this pass = 0.005000 sec (total 0.062000 sec)
RUN PASS with name LOOP_GRAPH
  Analyzing: results\3d\acr32\acr32.f
PROFILE: time for this pass = 0.005000 sec (total 0.068000 sec)
RUN PASS with name CALL_GRAPH
  Analyzing: results\3d\acr32\acr32.f
PROFILE: time for this pass = 0.006000 sec (total 0.074000 sec)
RUN PASS with name CALL_GRAPH2
  Analyzing: results\3d\acr32\acr32.f
  run for func acr32
  run for func acr3201
  run for func acr3202
  run for func acr3203
  run for func acr3204
  run for func acr3205
  run for func acr3206
  run for func acr3207
  run for func acr3208
  run for func acr3209
  run for func serial3
  run for func ansyes
  run for func ansno
PROFILE: time for this pass = 0.002000 sec (total 0.077000 sec)
RUN PASS with name GET_STATS_FOR_PREDICTOR
  Analyzing: results\3d\acr32\acr32.f
    PAR LOOP [63 results\3d\acr32\acr32.f] total exec 10305, total exec lines 6, avg 1.7175000000000000e+03
    PAR LOOP [73 results\3d\acr32\acr32.f] total exec 5175, total exec lines 6, avg 8.6250000000000000e+02
    PAR LOOP [84 results\3d\acr32\acr32.f] total exec 6794, total exec lines 10, avg 6.7939999999999998e+02
    PAR LOOP [140 results\3d\acr32\acr32.f] total exec 16059, total exec lines 6, avg 2.6765000000000000e+03
    PAR LOOP [151 results\3d\acr32\acr32.f] total exec 4527, total exec lines 6, avg 7.5450000000000000e+02
    PAR LOOP [164 results\3d\acr32\acr32.f] total exec 5930, total exec lines 10, avg 5.9300000000000000e+02
    PAR LOOP [218 results\3d\acr32\acr32.f] total exec 16059, total exec lines 6, avg 2.6765000000000000e+03
    PAR LOOP [228 results\3d\acr32\acr32.f] total exec 4527, total exec lines 6, avg 7.5450000000000000e+02
    PAR LOOP [240 results\3d\acr32\acr32.f] total exec 5930, total exec lines 10, avg 5.9300000000000000e+02
    PAR LOOP [295 results\3d\acr32\acr32.f] total exec 16059, total exec lines 6, avg 2.6765000000000000e+03
    PAR LOOP [306 results\3d\acr32\acr32.f] total exec 4527, total exec lines 6, avg 7.5450000000000000e+02
    PAR LOOP [318 results\3d\acr32\acr32.f] total exec 5930, total exec lines 10, avg 5.9300000000000000e+02
    PAR LOOP [373 results\3d\acr32\acr32.f] total exec 16059, total exec lines 6, avg 2.6765000000000000e+03
    PAR LOOP [384 results\3d\acr32\acr32.f] total exec 4527, total exec lines 6, avg 7.5450000000000000e+02
    PAR LOOP [396 results\3d\acr32\acr32.f] total exec 5930, total exec lines 10, avg 5.9300000000000000e+02
    PAR LOOP [453 results\3d\acr32\acr32.f] total exec 40953, total exec lines 6, avg 6.8255000000000000e+03
    PAR LOOP [464 results\3d\acr32\acr32.f] total exec 10659, total exec lines 6, avg 1.7765000000000000e+03
    PAR LOOP [479 results\3d\acr32\acr32.f] total exec 13958, total exec lines 10, avg 1.3958000000000000e+03
    PAR LOOP [539 results\3d\acr32\acr32.f] total exec 40953, total exec lines 6, avg 6.8255000000000000e+03
    PAR LOOP [550 results\3d\acr32\acr32.f] total exec 10659, total exec lines 6, avg 1.7765000000000000e+03
    PAR LOOP [563 results\3d\acr32\acr32.f] total exec 13958, total exec lines 10, avg 1.3958000000000000e+03
    PAR LOOP [620 results\3d\acr32\acr32.f] total exec 40953, total exec lines 6, avg 6.8255000000000000e+03
    PAR LOOP [631 results\3d\acr32\acr32.f] total exec 22512, total exec lines 6, avg 3.7520000000000000e+03
    PAR LOOP [643 results\3d\acr32\acr32.f] total exec 13958, total exec lines 10, avg 1.3958000000000000e+03
    PAR LOOP [703 results\3d\acr32\acr32.f] total exec 1807347, total exec lines 6, avg 3.0122450000000000e+05
    PAR LOOP [714 results\3d\acr32\acr32.f] total exec 439893, total exec lines 6, avg 7.3315500000000000e+04
    PAR LOOP [729 results\3d\acr32\acr32.f] total exec 1736756, total exec lines 10, avg 1.7367560000000001e+05
    average_parallel_exec 2.1822712121212120e+04
    parallel_rate 6.3134826239932673e-01
PROFILE: time for this pass = 0.048000 sec (total 0.126000 sec)

--------------------------------------------------
INFO.JSON file copied from ./info.json to ./results\3d\acr32\info.json

==================================================
Processing of acr32.f completed successfully at 2025-05-06 00:24:11
