=== Processing file: prf46.f ===
Date and time: 2025-04-23 11:58:22
Dimension: 4d
==================================================

Copied ./sources\4d\prf46.f to ./results\4d\prf46\prf46.f
Command: gfortran -O3 -g -fprofile-arcs -ftest-coverage "./results\4d\prf46\prf46.f" -o "./results\4d\prf46\prf46"
Output: 

Error output: 
./results\4d\prf46\prf46.f:1:2:

    1 | program prf46
      |  1
Error: Non-numeric character in statement label at (1)
./results\4d\prf46\prf46.f:4:6:

    4 |     print *, '===START OF PRF46========================'
      |      1
Error: Non-numeric character in statement label at (1)
./results\4d\prf46\prf46.f:6:6:

    6 |     call prf4601
      |      1
Error: Non-numeric character in statement label at (1)
./results\4d\prf46\prf46.f:7:6:

    7 |     call prf4602
      |      1
Error: Non-numeric character in statement label at (1)
./results\4d\prf46\prf46.f:8:6:

    8 |     call prf4603
      |      1
Error: Non-numeric character in statement label at (1)
./results\4d\prf46\prf46.f:10:6:

   10 |     print *, '===END OF PRF46=========================='
      |      1
Error: Non-numeric character in statement label at (1)
./results\4d\prf46\prf46.f:11:2:

   11 | end
      |  1
Error: Non-numeric character in statement label at (1)
./results\4d\prf46\prf46.f:13:2:

   13 | subroutine prf4601
      |  1
Error: Non-numeric character in statement label at (1)
./results\4d\prf46\prf46.f:14:6:

   14 |     integer, parameter :: N = 16, M = 8, K = 8, L = 16, NL = 1000, NIT = 3
      |      1
Error: Non-numeric character in statement label at (1)
./results\4d\prf46\prf46.f:15:6:

   15 |     integer, allocatable :: A( :, :, :, : ), B( :, :, :, : )
      |      1
Error: Non-numeric character in statement label at (1)
./results\4d\prf46\prf46.f:16:6:

   16 |     integer, allocatable :: C( :, :, :, : ), A1( :, :, :, : )
      |      1
Error: Non-numeric character in statement label at (1)
./results\4d\prf46\prf46.f:17:6:

   17 |     character * 7 :: tname = 'PRF4601'
      |      1
Error: Non-numeric character in statement label at (1)
./results\4d\prf46\prf46.f:26:6:

   26 |     allocate ( B( N, M, K, L ), A( N, M, K, L ), C( N, M, K, L ), A1( N, M, K, L ) )
      |      1
Error: Non-numeric character in statement label at (1)
./results\4d\prf46\prf46.f:27:6:

   27 |     call serial4( C, N, M, K, L, NL )
      |      1
Error: Non-numeric character in statement label at (1)
./results\4d\prf46\prf46.f:30:6:

   30 |     do i = 1, N
      |      1
Error: Non-numeric character in statement label at (1)
./results\4d\prf46\prf46.f:39:6:

   39 |     enddo
      |      1
Error: Non-numeric character in statement label at (1)
./results\4d\prf46\prf46.f:41:6:

   41 |     do it = 1, NIT
      |      1
Error: Non-numeric character in statement label at (1)
./results\4d\prf46\prf46.f:64:71:

   64 |         if ( ( ib1 .eq. C( N / 2, M / 2, K / 2, L / 2 ) ) .and. ( ib2 .eq. C( N / 2, M, K, L ) ) .and. &
      |                                                                       1
Error: Expected a right parenthesis in expression at (1)
./results\4d\prf46\prf46.f:68:72:

   68 |         else
      |                                                                        1
Error: Unexpected ELSE statement at (1)
./results\4d\prf46\prf46.f:70:11:

   70 |         endif
      |           1
Error: Expecting END PROGRAM statement at (1)
./results\4d\prf46\prf46.f:72:72:

   72 |         if ( it .eq. 2 ) cycle
      |                                                                        1
Error: CYCLE statement at (1) is not within a construct
./results\4d\prf46\prf46.f:77:6:

   77 |     enddo
      |      1
Error: Non-numeric character in statement label at (1)
./results\4d\prf46\prf46.f:78:6:

   78 |     deallocate ( A, B, C, A1 )
      |      1
Error: Non-numeric character in statement label at (1)
./results\4d\prf46\prf46.f:79:2:

   79 | end
      |  1
Error: Non-numeric character in statement label at (1)
./results\4d\prf46\prf46.f:81:2:

   81 | subroutine prf4602
      |  1
Error: Non-numeric character in statement label at (1)
./results\4d\prf46\prf46.f:82:6:

   82 |     integer, parameter ::  N = 16, M = 8, K = 8, L = 16, NL = 1000, NIT = 3
      |      1
Error: Non-numeric character in statement label at (1)
./results\4d\prf46\prf46.f:83:6:

   83 |     integer, allocatable :: A( :, :, :, : ), B( :, :, :, : )
      |      1
Error: Non-numeric character in statement label at (1)
./results\4d\prf46\prf46.f:84:6:

   84 |     integer, allocatable :: C( :, :, :, : ), D( :, :, :, : )
      |      1
Error: Non-numeric character in statement label at (1)
./results\4d\prf46\prf46.f:85:6:

   85 |     character * 7 :: tname = 'PRF4602'
      |      1
Error: Non-numeric character in statement label at (1)
./results\4d\prf46\prf46.f:94:6:

   94 |     allocate ( A( N, M, K, L ), B( N, M, K, L ), C( N, M, K, L ), D( N, M, K, L ) )
      |      1
Error: Non-numeric character in statement label at (1)
./results\4d\prf46\prf46.f:95:6:

   95 |     call serial4( C, N, M, K, L, NL )
      |      1
Error: Non-numeric character in statement label at (1)
./results\4d\prf46\prf46.f:98:6:

   98 |     do i = 1, N
      |      1
Error: Non-numeric character in statement label at (1)
./results\4d\prf46\prf46.f:106:6:

  106 |     enddo
      |      1
Error: Non-numeric character in statement label at (1)
./results\4d\prf46\prf46.f:108:6:

  108 |     do it = 1, NIT
      |      1
Error: Non-numeric character in statement label at (1)
./results\4d\prf46\prf46.f:165:72:

  165 |         if ( ( isumc1 .eq. isuma1 ) .and. ( isumc2 .eq. isuma2 ) .and. &
      |                                                                        1
Error: Syntax error in expression at (1)
./results\4d\prf46\prf46.f:168:72:

  168 |         else
      |                                                                        1
Error: Unexpected ELSE statement at (1)
./results\4d\prf46\prf46.f:170:11:

  170 |         endif
      |           1
Error: Expecting END PROGRAM statement at (1)
./results\4d\prf46\prf46.f:172:72:

  172 |         if ( it .eq. 2 ) cycle
      |                                                                        1
Error: CYCLE statement at (1) is not within a construct
./results\4d\prf46\prf46.f:177:6:

  177 |     enddo
      |      1
Error: Non-numeric character in statement label at (1)
./results\4d\prf46\prf46.f:178:6:

  178 |     deallocate( A, B, C, D )
      |      1
Error: Non-numeric character in statement label at (1)
./results\4d\prf46\prf46.f:179:2:

  179 | end
      |  1
Error: Non-numeric character in statement label at (1)
./results\4d\prf46\prf46.f:181:2:

  181 | subroutine prf4603
      |  1
Error: Non-numeric character in statement label at (1)
./results\4d\prf46\prf46.f:182:6:

  182 |     integer, parameter ::  N = 16, M = 8, K = 8, L = 16, NL = 1000, NIT = 3
      |      1
Error: Non-numeric character in statement label at (1)
./results\4d\prf46\prf46.f:183:6:

  183 |     integer, allocatable :: A( :, :, :, : ), B( :, :, :, : ), C( :, :, :, : )
      |      1
Error: Non-numeric character in statement label at (1)
./results\4d\prf46\prf46.f:184:6:

  184 |     character * 7 :: tname = 'PRF4603'
      |      1
Error: Non-numeric character in statement label at (1)
./results\4d\prf46\prf46.f:193:6:

  193 |     allocate ( A( N, M, K, L ), B( N, M, K, L ), C( N, M, K, L ) )
      |      1
Error: Non-numeric character in statement label at (1)
./results\4d\prf46\prf46.f:194:6:

  194 |     call serial4( C, N, M, K, L, NL )
      |      1
Error: Non-numeric character in statement label at (1)
./results\4d\prf46\prf46.f:197:6:

  197 |     do i = 1, N
      |      1
Error: Non-numeric character in statement label at (1)
./results\4d\prf46\prf46.f:205:6:

  205 |     enddo
      |      1
Error: Non-numeric character in statement label at (1)
./results\4d\prf46\prf46.f:207:6:

  207 |     do it = 1, NIT
      |      1
Error: Non-numeric character in statement label at (1)
./results\4d\prf46\prf46.f:231:72:

  231 |                         if ( B( i, j, ii, jj ) .ne. C( N / 2, M / 2, K / 2, L / 2 ) ) then
      |                                                                        1
Error: Syntax error in argument list at (1)
./results\4d\prf46\prf46.f:236:27:

  236 |                         endif
      |                           1
Error: Expecting END DO statement at (1)
./results\4d\prf46\prf46.f:261:72:

  261 |                         if ( B( i, j, ii, jj ) .ne. C( N / 2, j, ii, jj ) ) then
      |                                                                        1
Error: Syntax error in argument list at (1)
./results\4d\prf46\prf46.f:266:27:

  266 |                         endif
      |                           1
Error: Expecting END DO statement at (1)
./results\4d\prf46\prf46.f:291:72:

  291 |                         if ( B( i, j, ii, jj ) .ne. C( i, M / 2, ii, jj ) ) then
      |                                                                        1
Error: Syntax error in argument list at (1)
./results\4d\prf46\prf46.f:296:27:

  296 |                         endif
      |                           1
Error: Expecting END DO statement at (1)
./results\4d\prf46\prf46.f:321:72:

  321 |                         if ( B( i, j, ii, jj ) .ne. C( i, j, K / 2, jj ) ) then
      |                                                                        1
Error: Missing ')' in statement at or before (1)
./results\4d\prf46\prf46.f:326:27:

  326 |                         endif
      |                           1
Error: Expecting END DO statement at (1)
./results\4d\prf46\prf46.f:351:72:

  351 |                         if ( B( i, j, ii, jj ) .ne. C( i, j, ii, L / 2 ) ) then
      |                                                                        1
Error: Missing ')' in statement at or before (1)
./results\4d\prf46\prf46.f:356:27:

  356 |                         endif
      |                           1
Error: Expecting END DO statement at (1)
./results\4d\prf46\prf46.f:362:66:

  362 |         if ( ( nloopi1 .eq. NL ) .and. ( nloopi2 .eq. NL ) .and. &
      |                                                                  1
Error: Syntax error in expression at (1)
./results\4d\prf46\prf46.f:366:72:

  366 |         else
      |                                                                        1
Error: Unexpected ELSE statement at (1)
./results\4d\prf46\prf46.f:368:11:

  368 |         endif
      |           1
Error: Expecting END PROGRAM statement at (1)
./results\4d\prf46\prf46.f:370:72:

  370 |         if ( it .eq. 2 ) cycle
      |                                                                        1
Error: CYCLE statement at (1) is not within a construct
./results\4d\prf46\prf46.f:375:6:

  375 |     enddo
      |      1
Error: Non-numeric character in statement label at (1)
./results\4d\prf46\prf46.f:376:6:

  376 |     deallocate( A, B, C )
      |      1
Error: Non-numeric character in statement label at (1)
./results\4d\prf46\prf46.f:377:2:

  377 | end
      |  1
Error: Non-numeric character in statement label at (1)
./results\4d\prf46\prf46.f:379:2:

  379 | subroutine serial4( AR, N, M, K, L, NL )
      |  1
Error: Non-numeric character in statement label at (1)
./results\4d\prf46\prf46.f:380:6:

  380 |     integer AR( N, M, K, L )
      |      1
Error: Non-numeric character in statement label at (1)
./results\4d\prf46\prf46.f:381:6:

  381 |     integer NL
      |      1
Error: Non-numeric character in statement label at (1)
./results\4d\prf46\prf46.f:382:6:

  382 |     do i = 1, N
      |      1
Error: Non-numeric character in statement label at (1)
./results\4d\prf46\prf46.f:390:6:

  390 |     enddo
      |      1
Error: Non-numeric character in statement label at (1)
./results\4d\prf46\prf46.f:391:2:

  391 | end
      |  1
Error: Non-numeric character in statement label at (1)
./results\4d\prf46\prf46.f:393:2:

  393 | subroutine ansyes( name )
      |  1
Error: Non-numeric character in statement label at (1)
./results\4d\prf46\prf46.f:394:6:

  394 |     character * 7 name
      |      1
Error: Non-numeric character in statement label at (1)
./results\4d\prf46\prf46.f:395:6:

  395 |     print *, name, '  -  complete'
      |      1
Error: Non-numeric character in statement label at (1)
./results\4d\prf46\prf46.f:396:2:

  396 | end
      |  1
Error: Non-numeric character in statement label at (1)
./results\4d\prf46\prf46.f:398:2:

  398 | subroutine ansno( name )
      |  1
Error: Non-numeric character in statement label at (1)
./results\4d\prf46\prf46.f:399:6:

  399 |     character * 7 name
      |      1
Error: Non-numeric character in statement label at (1)
./results\4d\prf46\prf46.f:400:6:

  400 |     print *, name, '  -  ***error'
      |      1
Error: Non-numeric character in statement label at (1)
./results\4d\prf46\prf46.f:401:2:

  401 | end
      |  1
Error: Non-numeric character in statement label at (1)
f951.exe: Error: Unexpected end of file in './results\4d\prf46\prf46.f'

--------------------------------------------------
Command: "./results\4d\prf46\prf46"
Output: 

Error output: 
'"./results\4d\prf46\prf46"' is not recognized as an internal or external command,
operable program or batch file.

--------------------------------------------------
Command: gcov -b "./results\4d\prf46\prf46.f"
Output: 
No executable lines

Error output: 
./results\4d\prf46\prf46.gcno:cannot open notes file
./results\4d\prf46\prf46.gcda:cannot open data file, assuming not executed

--------------------------------------------------
GCOV file copied from ./prf46.f.gcov to ./results\4d\prf46\prf46.f.gcov
Command: "../SAPFOR/_bin/Release/Sapfor_F.exe" -parse -spf "./results\4d\prf46\prf46.f"
Output: 
SAPFOR version is 2410, build date: Apr 23 2025 11:52:44, c++ version 201703
  parse file './results\4d\prf46\prf46.f'
  options: -spf 
files compilation order:
  ./results\4d\prf46\prf46.f
Error 009 on line 1 of ./results\4d\prf46\prf46.f: Illegal continuation line ignored
Error 009 on line 4 of ./results\4d\prf46\prf46.f: Illegal continuation line ignored
Error 009 on line 6 of ./results\4d\prf46\prf46.f: Illegal continuation line ignored
Error 009 on line 7 of ./results\4d\prf46\prf46.f: Illegal continuation line ignored
Error 009 on line 8 of ./results\4d\prf46\prf46.f: Illegal continuation line ignored
Error 009 on line 10 of ./results\4d\prf46\prf46.f: Illegal continuation line ignored
Error 011 on line 11 of ./results\4d\prf46\prf46.f: Non digit in statement number field
Error 013 on line 11 of ./results\4d\prf46\prf46.f: Unbalanced parentheses, statement skipped
Error 010 on line 11 of ./results\4d\prf46\prf46.f: Unclassifiable statement
Error 030 on line 34 of ./results\4d\prf46\prf46.f: Declaration among executables
Error 030 on line 35 of ./results\4d\prf46\prf46.f: Declaration among executables
Error 014 on line 38 of ./results\4d\prf46\prf46.f: syntax error
Error 013 on line 64 of ./results\4d\prf46\prf46.f: Unbalanced parentheses, statement skipped
Error 010 on line 64 of ./results\4d\prf46\prf46.f: Unclassifiable statement
Error 013 on line 65 of ./results\4d\prf46\prf46.f: Unbalanced parentheses, statement skipped
Error 010 on line 65 of ./results\4d\prf46\prf46.f: Unclassifiable statement
Error 013 on line 66 of ./results\4d\prf46\prf46.f: Unbalanced parentheses, statement skipped
Error 010 on line 66 of ./results\4d\prf46\prf46.f: Unclassifiable statement
Error 032 on line 68 of ./results\4d\prf46\prf46.f: ELSE out of place
Error 260 on line 70 of ./results\4d\prf46\prf46.f: Illegal END IF
Parsing was completed with errors, throw code 0, errors count 20

--------------------------------------------------
Command: "../SAPFOR/_bin/Release/Sapfor_F.exe" -passN GET_STATS_FOR_PREDICTOR -keepDVM
Output: 
SAPFOR version is 2410, build date: Apr 23 2025 11:52:44, c++ version 201703
code for pass GET_STATS_FOR_PREDICTOR is 79
RUN PASS with name VERIFY_FUNC_DECL
  Analyzing: results\4d\prf43\prf43.f
PROFILE: time for this pass = 0.000000 sec (total 0.002000 sec)
RUN PASS with name FILE_LINE_INFO
  Analyzing: results\4d\prf43\prf43.f
  All lines in project 525
PROFILE: time for this pass = 0.000000 sec (total 0.003000 sec)
RUN PASS with name BUILD_INCLUDE_DEPENDENCIES
  Analyzing: results\4d\prf43\prf43.f
PROFILE: time for this pass = 0.000000 sec (total 0.003000 sec)
RUN PASS with name CORRECT_VAR_DECL
  Analyzing: results\4d\prf43\prf43.f
PROFILE: time for this pass = 0.000000 sec (total 0.004000 sec)
RUN PASS with name VERIFY_OPERATORS
  Analyzing: results\4d\prf43\prf43.f
PROFILE: time for this pass = 0.000000 sec (total 0.005000 sec)
RUN PASS with name VERIFY_ENDDO
  Analyzing: results\4d\prf43\prf43.f
PROFILE: time for this pass = 0.000000 sec (total 0.005000 sec)
RUN PASS with name VERIFY_INCLUDES
  Analyzing: results\4d\prf43\prf43.f
PROFILE: time for this pass = 0.000000 sec (total 0.006000 sec)
RUN PASS with name PREPROC_ALLOCATES
  Analyzing: results\4d\prf43\prf43.f
  attribute (28 results\4d\prf43\prf43.f) is added to declaration on line 16 of results\4d\prf43\prf43.f file
  attribute (28 results\4d\prf43\prf43.f) is added to declaration on line 17 of results\4d\prf43\prf43.f file
  attribute (80 results\4d\prf43\prf43.f) is added to declaration on line 16 of results\4d\prf43\prf43.f file
  attribute (80 results\4d\prf43\prf43.f) is added to declaration on line 17 of results\4d\prf43\prf43.f file
  attribute (99 results\4d\prf43\prf43.f) is added to declaration on line 87 of results\4d\prf43\prf43.f file
  attribute (99 results\4d\prf43\prf43.f) is added to declaration on line 88 of results\4d\prf43\prf43.f file
  attribute (203 results\4d\prf43\prf43.f) is added to declaration on line 87 of results\4d\prf43\prf43.f file
  attribute (203 results\4d\prf43\prf43.f) is added to declaration on line 88 of results\4d\prf43\prf43.f file
  attribute (222 results\4d\prf43\prf43.f) is added to declaration on line 210 of results\4d\prf43\prf43.f file
  attribute (222 results\4d\prf43\prf43.f) is added to declaration on line 211 of results\4d\prf43\prf43.f file
  attribute (498 results\4d\prf43\prf43.f) is added to declaration on line 210 of results\4d\prf43\prf43.f file
  attribute (498 results\4d\prf43\prf43.f) is added to declaration on line 211 of results\4d\prf43\prf43.f file
PROFILE: time for this pass = 0.000000 sec (total 0.006000 sec)
RUN PASS with name CHECK_PAR_REG_DIR
  Analyzing: results\4d\prf43\prf43.f
PROFILE: time for this pass = 0.000000 sec (total 0.007000 sec)
RUN PASS with name FILL_PARALLEL_REG_IR
  Analyzing: results\4d\prf43\prf43.f
PROFILE: time for this pass = 0.000000 sec (total 0.008000 sec)
RUN PASS with name GET_ALL_ARRAY_DECL
  Analyzing: results\4d\prf43\prf43.f
PROFILE: time for this pass = 0.002000 sec (total 0.011000 sec)
RUN PASS with name FILL_COMMON_BLOCKS
  Analyzing: results\4d\prf43\prf43.f
PROFILE: time for this pass = 0.000000 sec (total 0.011000 sec)
RUN PASS with name PARSE_OMP_DIRS
  Analyzing: results\4d\prf43\prf43.f
PROFILE: time for this pass = 0.000000 sec (total 0.012000 sec)
RUN PASS with name PREPROC_SPF
  Analyzing: results\4d\prf43\prf43.f
PROFILE: time for this pass = 0.000000 sec (total 0.012000 sec)
RUN PASS with name CREATE_INTER_TREE
  Analyzing: results\4d\prf43\prf43.f
PROFILE: time for this pass = 0.000000 sec (total 0.013000 sec)
RUN PASS with name GCOV_PARSER
  Analyzing: results\4d\prf43\prf43.f
   Error: unable to open file statistic.txt
PROFILE: time for this pass = 0.001000 sec (total 0.015000 sec)
RUN PASS with name VERIFY_FORMAT
  Analyzing: results\4d\prf43\prf43.f
PROFILE: time for this pass = 0.000000 sec (total 0.015000 sec)
RUN PASS with name VERIFY_DVM_DIRS
  Analyzing: results\4d\prf43\prf43.f
PROFILE: time for this pass = 0.000000 sec (total 0.016000 sec)
RUN PASS with name PRIVATE_CALL_GRAPH_STAGE1
  Analyzing: results\4d\prf43\prf43.f
PROFILE: time for this pass = 0.000000 sec (total 0.016000 sec)
RUN PASS with name PRIVATE_CALL_GRAPH_STAGE2
  Analyzing: results\4d\prf43\prf43.f
PROFILE: time for this pass = 0.000000 sec (total 0.017000 sec)
RUN PASS with name MACRO_EXPANSION
  Analyzing: results\4d\prf43\prf43.f
PROFILE: time for this pass = 0.000000 sec (total 0.018000 sec)
RUN PASS with name CONVERT_ASSIGN_TO_LOOP
  Analyzing: results\4d\prf43\prf43.f
PROFILE: time for this pass = 0.000000 sec (total 0.018000 sec)
RUN PASS with name DEF_USE_STAGE1
  Analyzing: results\4d\prf43\prf43.f
PROFILE: time for this pass = 0.003000 sec (total 0.022000 sec)
RUN PASS with name DEF_USE_STAGE2
  Analyzing: results\4d\prf43\prf43.f
PROFILE: time for this pass = 0.000000 sec (total 0.022000 sec)
RUN PASS with name VERIFY_COMMON
  Analyzing: results\4d\prf43\prf43.f
PROFILE: time for this pass = 0.000000 sec (total 0.023000 sec)
RUN PASS with name CALL_GRAPH_IR
  Analyzing: results\4d\prf43\prf43.f
PROFILE: time for this pass = 0.002000 sec (total 0.025000 sec)
RUN PASS with name BUILD_IR
  Analyzing: results\4d\prf43\prf43.f
  count of functions 7, count of lvls 3
     RD time for 'serial4' function is 0.000 sec, iters 6
     RD time for 'ansyes' function is 0.000 sec, iters 1
     RD time for 'ansno' function is 0.000 sec, iters 1

     RD time for 'prf4301' function is 0.000 sec, iters 6
     RD time for 'prf4302' function is 0.003 sec, iters 7
     RD time for 'prf4303' function is 0.025 sec, iters 7

     RD time for 'prf43' function is 0.000 sec, iters 1

PROFILE: time for this pass = 0.033000 sec (total 0.059000 sec)
RUN PASS with name SUBST_EXPR_RD
  Analyzing: results\4d\prf43\prf43.f
PROFILE: time for this pass = 0.005000 sec (total 0.064000 sec)
RUN PASS with name LOOP_GRAPH
  Analyzing: results\4d\prf43\prf43.f
PROFILE: time for this pass = 0.003000 sec (total 0.068000 sec)
RUN PASS with name CALL_GRAPH
  Analyzing: results\4d\prf43\prf43.f
PROFILE: time for this pass = 0.005000 sec (total 0.073000 sec)
RUN PASS with name CALL_GRAPH2
  Analyzing: results\4d\prf43\prf43.f
  run for func prf43
  run for func prf4301
  run for func prf4302
  run for func prf4303
  run for func serial4
  run for func ansyes
  run for func ansno
  added conflict messages to loop on line 44
  added conflict messages to loop on line 113
  added conflict messages to loop on line 123
  added conflict messages to loop on line 238
PROFILE: time for this pass = 0.002000 sec (total 0.076000 sec)
RUN PASS with name GET_STATS_FOR_PREDICTOR
  Analyzing: results\4d\prf43\prf43.f
    PAR LOOP [33 results\4d\prf43\prf43.f] total exec 71507, total exec lines 9, avg 7.9452222222222226e+03
    PAR LOOP [104 results\4d\prf43\prf43.f] total exec 55123, total exec lines 8, avg 6.8903750000000000e+03
    PAR LOOP [227 results\4d\prf43\prf43.f] total exec 71507, total exec lines 9, avg 7.9452222222222226e+03
    PAR LOOP [251 results\4d\prf43\prf43.f] total exec 165369, total exec lines 8, avg 2.0671125000000000e+04
    PAR LOOP [264 results\4d\prf43\prf43.f] total exec 217590, total exec lines 13, avg 1.6737692307692309e+04
    PAR LOOP [285 results\4d\prf43\prf43.f] total exec 165369, total exec lines 8, avg 2.0671125000000000e+04
    PAR LOOP [297 results\4d\prf43\prf43.f] total exec 217590, total exec lines 13, avg 1.6737692307692309e+04
    PAR LOOP [318 results\4d\prf43\prf43.f] total exec 165369, total exec lines 8, avg 2.0671125000000000e+04
    PAR LOOP [331 results\4d\prf43\prf43.f] total exec 217590, total exec lines 13, avg 1.6737692307692309e+04
    PAR LOOP [352 results\4d\prf43\prf43.f] total exec 165369, total exec lines 8, avg 2.0671125000000000e+04
    PAR LOOP [365 results\4d\prf43\prf43.f] total exec 217590, total exec lines 13, avg 1.6737692307692309e+04
    PAR LOOP [387 results\4d\prf43\prf43.f] total exec 165369, total exec lines 8, avg 2.0671125000000000e+04
    PAR LOOP [400 results\4d\prf43\prf43.f] total exec 217590, total exec lines 13, avg 1.6737692307692309e+04
    PAR LOOP [422 results\4d\prf43\prf43.f] total exec 165369, total exec lines 8, avg 2.0671125000000000e+04
    PAR LOOP [434 results\4d\prf43\prf43.f] total exec 217590, total exec lines 13, avg 1.6737692307692309e+04
    PAR LOOP [456 results\4d\prf43\prf43.f] total exec 165369, total exec lines 8, avg 2.0671125000000000e+04
    PAR LOOP [468 results\4d\prf43\prf43.f] total exec 217590, total exec lines 13, avg 1.6737692307692309e+04
    average_parallel_exec 1.6640751445086706e+04
    parallel_rate 8.9410888509154918e-01
PROFILE: time for this pass = 0.053000 sec (total 0.129000 sec)

--------------------------------------------------
INFO.JSON file copied from ./info.json to ./results\4d\prf46\info.json

==================================================
Processing of prf46.f completed successfully at 2025-04-23 11:58:22
