=== Processing file: distr1.f ===
Date and time: 2025-05-06 00:22:11
Dimension: 1d
==================================================

Copied ./sources\1d\distr1.f to ./results\1d\distr1\distr1.f
Command: gfortran -O3 -g -fprofile-arcs -ftest-coverage "./results\1d\distr1\distr1.f" -o "./results\1d\distr1\distr1"
Output: 

--------------------------------------------------
Command: "./results\1d\distr1\distr1"
Output: 
 ===START OF distr1========================
 distr11    -  complete
 distr12    -  complete
 distr13    -  complete
 distr14    -  complete
 distr21    -  complete
 distr22    -  complete
 distr23    -  complete
 === END OF distr1 ========================= 

--------------------------------------------------
Command: gcov -b "./results\1d\distr1\distr1.f"
Output: 
File 'results/1d/distr1/distr1.f'
Lines executed:85.09% of 114
Branches executed:100.00% of 96
Taken at least once:70.83% of 96
Calls executed:51.92% of 52
Creating 'distr1.f.gcov'

Lines executed:85.09% of 114

--------------------------------------------------
GCOV file copied from ./distr1.f.gcov to ./results\1d\distr1\distr1.f.gcov
Command: "../SAPFOR/_bin/Release/Sapfor_F.exe" -parse -spf "./results\1d\distr1\distr1.f"
Output: 
SAPFOR version is 2410, build date: Apr 23 2025 11:52:44, c++ version 201703
  parse file './results\1d\distr1\distr1.f'
  options: -spf 
files compilation order:
  ./results\1d\distr1\distr1.f
Parsing was completed successfully

--------------------------------------------------
Command: "../SAPFOR/_bin/Release/Sapfor_F.exe" -passN GET_STATS_FOR_PREDICTOR -keepDVM
Output: 
SAPFOR version is 2410, build date: Apr 23 2025 11:52:44, c++ version 201703
code for pass GET_STATS_FOR_PREDICTOR is 79
RUN PASS with name VERIFY_FUNC_DECL
  Analyzing: results\1d\distr1\distr1.f
PROFILE: time for this pass = 0.000000 sec (total 0.001000 sec)
RUN PASS with name FILE_LINE_INFO
  Analyzing: results\1d\distr1\distr1.f
  All lines in project 350
PROFILE: time for this pass = 0.000000 sec (total 0.002000 sec)
RUN PASS with name BUILD_INCLUDE_DEPENDENCIES
  Analyzing: results\1d\distr1\distr1.f
PROFILE: time for this pass = 0.000000 sec (total 0.002000 sec)
RUN PASS with name CORRECT_VAR_DECL
  Analyzing: results\1d\distr1\distr1.f
PROFILE: time for this pass = 0.000000 sec (total 0.002000 sec)
RUN PASS with name VERIFY_OPERATORS
  Analyzing: results\1d\distr1\distr1.f
PROFILE: time for this pass = 0.000000 sec (total 0.002000 sec)
RUN PASS with name VERIFY_ENDDO
  Analyzing: results\1d\distr1\distr1.f
PROFILE: time for this pass = 0.000000 sec (total 0.003000 sec)
RUN PASS with name VERIFY_INCLUDES
  Analyzing: results\1d\distr1\distr1.f
PROFILE: time for this pass = 0.000000 sec (total 0.003000 sec)
RUN PASS with name PREPROC_ALLOCATES
  Analyzing: results\1d\distr1\distr1.f
  attribute (44 results\1d\distr1\distr1.f) is added to declaration on line 38 of results\1d\distr1\distr1.f file
  attribute (72 results\1d\distr1\distr1.f) is added to declaration on line 38 of results\1d\distr1\distr1.f file
  attribute (86 results\1d\distr1\distr1.f) is added to declaration on line 80 of results\1d\distr1\distr1.f file
  attribute (112 results\1d\distr1\distr1.f) is added to declaration on line 80 of results\1d\distr1\distr1.f file
  attribute (126 results\1d\distr1\distr1.f) is added to declaration on line 120 of results\1d\distr1\distr1.f file
  attribute (155 results\1d\distr1\distr1.f) is added to declaration on line 120 of results\1d\distr1\distr1.f file
  attribute (169 results\1d\distr1\distr1.f) is added to declaration on line 163 of results\1d\distr1\distr1.f file
  attribute (196 results\1d\distr1\distr1.f) is added to declaration on line 163 of results\1d\distr1\distr1.f file
  attribute (210 results\1d\distr1\distr1.f) is added to declaration on line 204 of results\1d\distr1\distr1.f file
  attribute (244 results\1d\distr1\distr1.f) is added to declaration on line 204 of results\1d\distr1\distr1.f file
  attribute (259 results\1d\distr1\distr1.f) is added to declaration on line 253 of results\1d\distr1\distr1.f file
  attribute (291 results\1d\distr1\distr1.f) is added to declaration on line 253 of results\1d\distr1\distr1.f file
  attribute (306 results\1d\distr1\distr1.f) is added to declaration on line 300 of results\1d\distr1\distr1.f file
  attribute (337 results\1d\distr1\distr1.f) is added to declaration on line 300 of results\1d\distr1\distr1.f file
PROFILE: time for this pass = 0.000000 sec (total 0.003000 sec)
RUN PASS with name CHECK_PAR_REG_DIR
  Analyzing: results\1d\distr1\distr1.f
PROFILE: time for this pass = 0.000000 sec (total 0.003000 sec)
RUN PASS with name FILL_PARALLEL_REG_IR
  Analyzing: results\1d\distr1\distr1.f
PROFILE: time for this pass = 0.000000 sec (total 0.004000 sec)
RUN PASS with name GET_ALL_ARRAY_DECL
  Analyzing: results\1d\distr1\distr1.f
PROFILE: time for this pass = 0.001000 sec (total 0.005000 sec)
RUN PASS with name FILL_COMMON_BLOCKS
  Analyzing: results\1d\distr1\distr1.f
PROFILE: time for this pass = 0.000000 sec (total 0.005000 sec)
RUN PASS with name PARSE_OMP_DIRS
  Analyzing: results\1d\distr1\distr1.f
PROFILE: time for this pass = 0.000000 sec (total 0.006000 sec)
RUN PASS with name PREPROC_SPF
  Analyzing: results\1d\distr1\distr1.f
PROFILE: time for this pass = 0.000000 sec (total 0.006000 sec)
RUN PASS with name CREATE_INTER_TREE
  Analyzing: results\1d\distr1\distr1.f
PROFILE: time for this pass = 0.000000 sec (total 0.007000 sec)
RUN PASS with name GCOV_PARSER
  Analyzing: results\1d\distr1\distr1.f
   Error: unable to open file statistic.txt
PROFILE: time for this pass = 0.000000 sec (total 0.008000 sec)
RUN PASS with name VERIFY_FORMAT
  Analyzing: results\1d\distr1\distr1.f
PROFILE: time for this pass = 0.000000 sec (total 0.008000 sec)
RUN PASS with name VERIFY_DVM_DIRS
  Analyzing: results\1d\distr1\distr1.f
PROFILE: time for this pass = 0.000000 sec (total 0.008000 sec)
RUN PASS with name PRIVATE_CALL_GRAPH_STAGE1
  Analyzing: results\1d\distr1\distr1.f
PROFILE: time for this pass = 0.000000 sec (total 0.008000 sec)
RUN PASS with name PRIVATE_CALL_GRAPH_STAGE2
  Analyzing: results\1d\distr1\distr1.f
PROFILE: time for this pass = 0.000000 sec (total 0.008000 sec)
RUN PASS with name MACRO_EXPANSION
  Analyzing: results\1d\distr1\distr1.f
PROFILE: time for this pass = 0.000000 sec (total 0.009000 sec)
RUN PASS with name CONVERT_ASSIGN_TO_LOOP
  Analyzing: results\1d\distr1\distr1.f
PROFILE: time for this pass = 0.000000 sec (total 0.009000 sec)
RUN PASS with name DEF_USE_STAGE1
  Analyzing: results\1d\distr1\distr1.f
PROFILE: time for this pass = 0.000000 sec (total 0.010000 sec)
RUN PASS with name DEF_USE_STAGE2
  Analyzing: results\1d\distr1\distr1.f
PROFILE: time for this pass = 0.000000 sec (total 0.010000 sec)
RUN PASS with name VERIFY_COMMON
  Analyzing: results\1d\distr1\distr1.f
PROFILE: time for this pass = 0.000000 sec (total 0.010000 sec)
RUN PASS with name CALL_GRAPH_IR
  Analyzing: results\1d\distr1\distr1.f
PROFILE: time for this pass = 0.000000 sec (total 0.011000 sec)
RUN PASS with name BUILD_IR
  Analyzing: results\1d\distr1\distr1.f
  count of functions 10, count of lvls 3
     RD time for 'ansno' function is 0.000 sec, iters 1
     RD time for 'ansyes' function is 0.000 sec, iters 1

     RD time for 'distr11' function is 0.000 sec, iters 3
     RD time for 'distr12' function is 0.000 sec, iters 3
     RD time for 'distr13' function is 0.000 sec, iters 3
     RD time for 'distr14' function is 0.000 sec, iters 3
     RD time for 'distr21' function is 0.000 sec, iters 4
     RD time for 'distr22' function is 0.000 sec, iters 4
     RD time for 'distr23' function is 0.000 sec, iters 4

     RD time for 'distr1' function is 0.000 sec, iters 1

PROFILE: time for this pass = 0.001000 sec (total 0.013000 sec)
RUN PASS with name SUBST_EXPR_RD
  Analyzing: results\1d\distr1\distr1.f
PROFILE: time for this pass = 0.000000 sec (total 0.014000 sec)
RUN PASS with name LOOP_GRAPH
  Analyzing: results\1d\distr1\distr1.f
PROFILE: time for this pass = 0.000000 sec (total 0.015000 sec)
RUN PASS with name CALL_GRAPH
  Analyzing: results\1d\distr1\distr1.f
PROFILE: time for this pass = 0.000000 sec (total 0.016000 sec)
RUN PASS with name CALL_GRAPH2
  Analyzing: results\1d\distr1\distr1.f
  run for func distr1
  run for func distr11
  run for func distr12
  run for func distr13
  run for func distr14
  run for func distr21
  run for func distr22
  run for func distr23
  run for func ansyes
  run for func ansno
PROFILE: time for this pass = 0.000000 sec (total 0.016000 sec)
RUN PASS with name GET_STATS_FOR_PREDICTOR
  Analyzing: results\1d\distr1\distr1.f
    PAR LOOP [48 results\1d\distr1\distr1.f] total exec 18, total exec lines 2, avg 9.0000000000000000e+00
    PAR LOOP [58 results\1d\distr1\distr1.f] total exec 36, total exec lines 5, avg 7.2000000000000002e+00
    PAR LOOP [98 results\1d\distr1\distr1.f] total exec 27, total exec lines 4, avg 6.7500000000000000e+00
    PAR LOOP [130 results\1d\distr1\distr1.f] total exec 12, total exec lines 2, avg 6.0000000000000000e+00
    PAR LOOP [140 results\1d\distr1\distr1.f] total exec 24, total exec lines 5, avg 4.7999999999999998e+00
    PAR LOOP [181 results\1d\distr1\distr1.f] total exec 24, total exec lines 5, avg 4.7999999999999998e+00
    PAR LOOP [214 results\1d\distr1\distr1.f] total exec 227, total exec lines 4, avg 5.6750000000000000e+01
    PAR LOOP [226 results\1d\distr1\distr1.f] total exec 371, total exec lines 7, avg 5.3000000000000000e+01
    PAR LOOP [263 results\1d\distr1\distr1.f] total exec 227, total exec lines 4, avg 5.6750000000000000e+01
    PAR LOOP [275 results\1d\distr1\distr1.f] total exec 371, total exec lines 7, avg 5.3000000000000000e+01
    PAR LOOP [320 results\1d\distr1\distr1.f] total exec 371, total exec lines 7, avg 5.3000000000000000e+01
    average_parallel_exec 3.2846153846153847e+01
    parallel_rate 7.9925128685072533e-01
PROFILE: time for this pass = 0.003000 sec (total 0.020000 sec)

--------------------------------------------------
INFO.JSON file copied from ./info.json to ./results\1d\distr1\info.json

==================================================
Processing of distr1.f completed successfully at 2025-05-06 00:22:11
