=== Processing file: parallelNoOn13.f ===
Date and time: 2025-04-18 17:42:27
Dimension: 1d
==================================================

Copied ./sources\1d\parallelNoOn13.f to ./results\1d\parallelNoOn13\parallelNoOn13.f
Command: gfortran -O3 -g -fprofile-arcs -ftest-coverage "./results\1d\parallelNoOn13\parallelNoOn13.f" -o "./results\1d\parallelNoOn13\parallelNoOn13"
Output: 

--------------------------------------------------
Command: "./results\1d\parallelNoOn13\parallelNoOn13"
Output: 
 ===START OF parallelNoOn3========================
 parallelNoOn31  -  complete
 parallelNoOn32  -  complete
 parallelNoOn33  -  complete
 parallelNoOn34  -  complete
 === END OF parallelNoOn3 ========================= 

--------------------------------------------------
Command: gcov -b "./results\1d\parallelNoOn13\parallelNoOn13.f"
Output: 
File 'results/1d/parallelNoOn13/parallelNoOn13.f'
Lines executed:94.71% of 170
Branches executed:100.00% of 252
Taken at least once:83.33% of 252
Calls executed:34.43% of 61
Creating 'parallelNoOn13.f.gcov'

Lines executed:94.71% of 170

--------------------------------------------------
GCOV file copied from ./parallelNoOn13.f.gcov to ./results\1d\parallelNoOn13\parallelNoOn13.f.gcov
Command: "../SAPFOR/_bin/Release/Sapfor_F.exe" -parse -spf "./results\1d\parallelNoOn13\parallelNoOn13.f"
Output: 
SAPFOR version is 2409, build date: Apr 17 2025 18:48:12, c++ version 201703
  parse file './results\1d\parallelNoOn13\parallelNoOn13.f'
  options: -spf 
files compilation order:
  ./results\1d\parallelNoOn13\parallelNoOn13.f
Parsing was completed successfully

--------------------------------------------------
Command: "../SAPFOR/_bin/Release/Sapfor_F.exe" -passN GET_STATS_FOR_PREDICTOR -keepDVM
Output: 
SAPFOR version is 2409, build date: Apr 17 2025 18:48:12, c++ version 201703
code for pass GET_STATS_FOR_PREDICTOR is 79
RUN PASS with name VERIFY_FUNC_DECL
  Analyzing: results\1d\parallelNoOn13\parallelNoOn13.f
PROFILE: time for this pass = 0.000000 sec (total 0.002000 sec)
RUN PASS with name FILE_LINE_INFO
  Analyzing: results\1d\parallelNoOn13\parallelNoOn13.f
  All lines in project 346
PROFILE: time for this pass = 0.000000 sec (total 0.002000 sec)
RUN PASS with name BUILD_INCLUDE_DEPENDENCIES
  Analyzing: results\1d\parallelNoOn13\parallelNoOn13.f
PROFILE: time for this pass = 0.000000 sec (total 0.002000 sec)
RUN PASS with name CORRECT_VAR_DECL
  Analyzing: results\1d\parallelNoOn13\parallelNoOn13.f
PROFILE: time for this pass = 0.000000 sec (total 0.003000 sec)
RUN PASS with name VERIFY_OPERATORS
  Analyzing: results\1d\parallelNoOn13\parallelNoOn13.f
PROFILE: time for this pass = 0.000000 sec (total 0.003000 sec)
RUN PASS with name VERIFY_ENDDO
  Analyzing: results\1d\parallelNoOn13\parallelNoOn13.f
PROFILE: time for this pass = 0.000000 sec (total 0.004000 sec)
RUN PASS with name VERIFY_INCLUDES
  Analyzing: results\1d\parallelNoOn13\parallelNoOn13.f
PROFILE: time for this pass = 0.000000 sec (total 0.004000 sec)
RUN PASS with name PREPROC_ALLOCATES
  Analyzing: results\1d\parallelNoOn13\parallelNoOn13.f
  attribute (29 results\1d\parallelNoOn13\parallelNoOn13.f) is added to declaration on line 26 of results\1d\parallelNoOn13\parallelNoOn13.f file
  attribute (92 results\1d\parallelNoOn13\parallelNoOn13.f) is added to declaration on line 26 of results\1d\parallelNoOn13\parallelNoOn13.f file
  attribute (103 results\1d\parallelNoOn13\parallelNoOn13.f) is added to declaration on line 100 of results\1d\parallelNoOn13\parallelNoOn13.f file
  attribute (170 results\1d\parallelNoOn13\parallelNoOn13.f) is added to declaration on line 100 of results\1d\parallelNoOn13\parallelNoOn13.f file
  attribute (181 results\1d\parallelNoOn13\parallelNoOn13.f) is added to declaration on line 178 of results\1d\parallelNoOn13\parallelNoOn13.f file
  attribute (252 results\1d\parallelNoOn13\parallelNoOn13.f) is added to declaration on line 178 of results\1d\parallelNoOn13\parallelNoOn13.f file
  attribute (262 results\1d\parallelNoOn13\parallelNoOn13.f) is added to declaration on line 259 of results\1d\parallelNoOn13\parallelNoOn13.f file
  attribute (333 results\1d\parallelNoOn13\parallelNoOn13.f) is added to declaration on line 259 of results\1d\parallelNoOn13\parallelNoOn13.f file
PROFILE: time for this pass = 0.000000 sec (total 0.004000 sec)
RUN PASS with name CHECK_PAR_REG_DIR
  Analyzing: results\1d\parallelNoOn13\parallelNoOn13.f
PROFILE: time for this pass = 0.000000 sec (total 0.005000 sec)
RUN PASS with name FILL_PARALLEL_REG_IR
  Analyzing: results\1d\parallelNoOn13\parallelNoOn13.f
PROFILE: time for this pass = 0.000000 sec (total 0.005000 sec)
RUN PASS with name GET_ALL_ARRAY_DECL
  Analyzing: results\1d\parallelNoOn13\parallelNoOn13.f
PROFILE: time for this pass = 0.002000 sec (total 0.008000 sec)
RUN PASS with name FILL_COMMON_BLOCKS
  Analyzing: results\1d\parallelNoOn13\parallelNoOn13.f
PROFILE: time for this pass = 0.000000 sec (total 0.008000 sec)
RUN PASS with name PARSE_OMP_DIRS
  Analyzing: results\1d\parallelNoOn13\parallelNoOn13.f
PROFILE: time for this pass = 0.000000 sec (total 0.009000 sec)
RUN PASS with name PREPROC_SPF
  Analyzing: results\1d\parallelNoOn13\parallelNoOn13.f
PROFILE: time for this pass = 0.000000 sec (total 0.009000 sec)
RUN PASS with name CREATE_INTER_TREE
  Analyzing: results\1d\parallelNoOn13\parallelNoOn13.f
PROFILE: time for this pass = 0.002000 sec (total 0.011000 sec)
RUN PASS with name GCOV_PARSER
  Analyzing: results\1d\parallelNoOn13\parallelNoOn13.f
   Error: unable to open file statistic.txt
PROFILE: time for this pass = 0.001000 sec (total 0.012000 sec)
RUN PASS with name VERIFY_FORMAT
  Analyzing: results\1d\parallelNoOn13\parallelNoOn13.f
PROFILE: time for this pass = 0.000000 sec (total 0.013000 sec)
RUN PASS with name VERIFY_DVM_DIRS
  Analyzing: results\1d\parallelNoOn13\parallelNoOn13.f
PROFILE: time for this pass = 0.000000 sec (total 0.013000 sec)
RUN PASS with name PRIVATE_CALL_GRAPH_STAGE1
  Analyzing: results\1d\parallelNoOn13\parallelNoOn13.f
PROFILE: time for this pass = 0.000000 sec (total 0.014000 sec)
RUN PASS with name PRIVATE_CALL_GRAPH_STAGE2
  Analyzing: results\1d\parallelNoOn13\parallelNoOn13.f
PROFILE: time for this pass = 0.000000 sec (total 0.014000 sec)
RUN PASS with name MACRO_EXPANSION
  Analyzing: results\1d\parallelNoOn13\parallelNoOn13.f
PROFILE: time for this pass = 0.000000 sec (total 0.014000 sec)
RUN PASS with name CONVERT_ASSIGN_TO_LOOP
  Analyzing: results\1d\parallelNoOn13\parallelNoOn13.f
PROFILE: time for this pass = 0.000000 sec (total 0.015000 sec)
RUN PASS with name DEF_USE_STAGE1
  Analyzing: results\1d\parallelNoOn13\parallelNoOn13.f
PROFILE: time for this pass = 0.001000 sec (total 0.016000 sec)
RUN PASS with name DEF_USE_STAGE2
  Analyzing: results\1d\parallelNoOn13\parallelNoOn13.f
PROFILE: time for this pass = 0.000000 sec (total 0.016000 sec)
RUN PASS with name VERIFY_COMMON
  Analyzing: results\1d\parallelNoOn13\parallelNoOn13.f
PROFILE: time for this pass = 0.000000 sec (total 0.017000 sec)
RUN PASS with name CALL_GRAPH_IR
  Analyzing: results\1d\parallelNoOn13\parallelNoOn13.f
PROFILE: time for this pass = 0.000000 sec (total 0.017000 sec)
RUN PASS with name BUILD_IR
  Analyzing: results\1d\parallelNoOn13\parallelNoOn13.f
  count of functions 7, count of lvls 3
     RD time for 'ansyes' function is 0.000 sec, iters 1
     RD time for 'ansno' function is 0.000 sec, iters 1

     RD time for 'parallelnoon32' function is 0.000 sec, iters 5
     RD time for 'parallelnoon33' function is 0.000 sec, iters 5
     RD time for 'parallelnoon34' function is 0.000 sec, iters 5
     RD time for 'parallelnoon31' function is 0.000 sec, iters 5

     RD time for 'parallelnoon3' function is 0.000 sec, iters 1

PROFILE: time for this pass = 0.005000 sec (total 0.023000 sec)
RUN PASS with name SUBST_EXPR_RD
  Analyzing: results\1d\parallelNoOn13\parallelNoOn13.f
PROFILE: time for this pass = 0.002000 sec (total 0.025000 sec)
RUN PASS with name LOOP_GRAPH
  Analyzing: results\1d\parallelNoOn13\parallelNoOn13.f
PROFILE: time for this pass = 0.002000 sec (total 0.027000 sec)
RUN PASS with name CALL_GRAPH
  Analyzing: results\1d\parallelNoOn13\parallelNoOn13.f
PROFILE: time for this pass = 0.001000 sec (total 0.029000 sec)
RUN PASS with name CALL_GRAPH2
  Analyzing: results\1d\parallelNoOn13\parallelNoOn13.f
  run for func parallelnoon3
  run for func parallelnoon31
  run for func parallelnoon32
  run for func parallelnoon33
  run for func parallelnoon34
  run for func ansyes
  run for func ansno
PROFILE: time for this pass = 0.001000 sec (total 0.030000 sec)
RUN PASS with name GET_STATS_FOR_PREDICTOR
  Analyzing: results\1d\parallelNoOn13\parallelNoOn13.f
    PAR LOOP [53 results\1d\parallelNoOn13\parallelNoOn13.f] total exec 7241, total exec lines 11, avg 6.5827272727272725e+02
    PAR LOOP [66 results\1d\parallelNoOn13\parallelNoOn13.f] total exec 1899, total exec lines 6, avg 3.1650000000000000e+02
    PAR LOOP [75 results\1d\parallelNoOn13\parallelNoOn13.f] total exec 4453, total exec lines 7, avg 6.3614285714285711e+02
    PAR LOOP [127 results\1d\parallelNoOn13\parallelNoOn13.f] total exec 7729, total exec lines 12, avg 6.4408333333333337e+02
    PAR LOOP [141 results\1d\parallelNoOn13\parallelNoOn13.f] total exec 3435, total exec lines 9, avg 3.8166666666666669e+02
    PAR LOOP [153 results\1d\parallelNoOn13\parallelNoOn13.f] total exec 4453, total exec lines 7, avg 6.3614285714285711e+02
    PAR LOOP [207 results\1d\parallelNoOn13\parallelNoOn13.f] total exec 7753, total exec lines 12, avg 6.4608333333333337e+02
    PAR LOOP [222 results\1d\parallelNoOn13\parallelNoOn13.f] total exec 2110, total exec lines 7, avg 3.0142857142857144e+02
    PAR LOOP [233 results\1d\parallelNoOn13\parallelNoOn13.f] total exec 6453, total exec lines 9, avg 7.1700000000000000e+02
    PAR LOOP [288 results\1d\parallelNoOn13\parallelNoOn13.f] total exec 7753, total exec lines 12, avg 6.4608333333333337e+02
    PAR LOOP [303 results\1d\parallelNoOn13\parallelNoOn13.f] total exec 2411, total exec lines 7, avg 3.4442857142857144e+02
    PAR LOOP [314 results\1d\parallelNoOn13\parallelNoOn13.f] total exec 6453, total exec lines 9, avg 7.1700000000000000e+02
    average_parallel_exec 5.7539814814814815e+02
    parallel_rate 6.1719603519853805e-01

--------------------------------------------------
INFO.JSON file copied from ./info.json to ./results\1d\parallelNoOn13\info.json

==================================================
Processing of parallelNoOn13.f completed successfully at 2025-04-18 17:42:28
