=== Processing file: align32.f ===
Date and time: 2025-05-06 00:24:30
Dimension: 3d
==================================================

Copied ./sources\3d\align32.f to ./results\3d\align32\align32.f
Command: gfortran -O3 -g -fprofile-arcs -ftest-coverage "./results\3d\align32\align32.f" -o "./results\3d\align32\align32"
Output: 

--------------------------------------------------
Command: "./results\3d\align32\align32"
Output: 
 ===START OF align32========================
 align321   -  complete
 align322   -  complete
 align323   -  complete
 align324   -  complete
 === END OF align32 ========================

--------------------------------------------------
Command: gcov -b "./results\3d\align32\align32.f"
Output: 
File 'results/3d/align32/align32.f'
Lines executed:90.91% of 154
Branches executed:100.00% of 148
Taken at least once:81.08% of 148
Calls executed:46.67% of 45
Creating 'align32.f.gcov'

Lines executed:90.91% of 154

--------------------------------------------------
GCOV file copied from ./align32.f.gcov to ./results\3d\align32\align32.f.gcov
Command: "../SAPFOR/_bin/Release/Sapfor_F.exe" -parse -spf "./results\3d\align32\align32.f"
Output: 
SAPFOR version is 2410, build date: Apr 23 2025 11:52:44, c++ version 201703
  parse file './results\3d\align32\align32.f'
  options: -spf 
files compilation order:
  ./results\3d\align32\align32.f
Parsing was completed successfully

--------------------------------------------------
Command: "../SAPFOR/_bin/Release/Sapfor_F.exe" -passN GET_STATS_FOR_PREDICTOR -keepDVM
Output: 
SAPFOR version is 2410, build date: Apr 23 2025 11:52:44, c++ version 201703
code for pass GET_STATS_FOR_PREDICTOR is 79
RUN PASS with name VERIFY_FUNC_DECL
  Analyzing: results\3d\align32\align32.f
PROFILE: time for this pass = 0.000000 sec (total 0.002000 sec)
RUN PASS with name FILE_LINE_INFO
  Analyzing: results\3d\align32\align32.f
  All lines in project 390
PROFILE: time for this pass = 0.000000 sec (total 0.002000 sec)
RUN PASS with name BUILD_INCLUDE_DEPENDENCIES
  Analyzing: results\3d\align32\align32.f
PROFILE: time for this pass = 0.000000 sec (total 0.003000 sec)
RUN PASS with name CORRECT_VAR_DECL
  Analyzing: results\3d\align32\align32.f
PROFILE: time for this pass = 0.000000 sec (total 0.003000 sec)
RUN PASS with name VERIFY_OPERATORS
  Analyzing: results\3d\align32\align32.f
PROFILE: time for this pass = 0.000000 sec (total 0.004000 sec)
RUN PASS with name VERIFY_ENDDO
  Analyzing: results\3d\align32\align32.f
PROFILE: time for this pass = 0.000000 sec (total 0.004000 sec)
RUN PASS with name VERIFY_INCLUDES
  Analyzing: results\3d\align32\align32.f
PROFILE: time for this pass = 0.000000 sec (total 0.005000 sec)
RUN PASS with name PREPROC_ALLOCATES
  Analyzing: results\3d\align32\align32.f
  attribute (42 results\3d\align32\align32.f) is added to declaration on line 35 of results\3d\align32\align32.f file
  attribute (112 results\3d\align32\align32.f) is added to declaration on line 35 of results\3d\align32\align32.f file
  attribute (134 results\3d\align32\align32.f) is added to declaration on line 126 of results\3d\align32\align32.f file
  attribute (203 results\3d\align32\align32.f) is added to declaration on line 126 of results\3d\align32\align32.f file
  attribute (224 results\3d\align32\align32.f) is added to declaration on line 217 of results\3d\align32\align32.f file
  attribute (294 results\3d\align32\align32.f) is added to declaration on line 217 of results\3d\align32\align32.f file
  attribute (314 results\3d\align32\align32.f) is added to declaration on line 306 of results\3d\align32\align32.f file
  attribute (379 results\3d\align32\align32.f) is added to declaration on line 306 of results\3d\align32\align32.f file
PROFILE: time for this pass = 0.000000 sec (total 0.005000 sec)
RUN PASS with name CHECK_PAR_REG_DIR
  Analyzing: results\3d\align32\align32.f
PROFILE: time for this pass = 0.000000 sec (total 0.006000 sec)
RUN PASS with name FILL_PARALLEL_REG_IR
  Analyzing: results\3d\align32\align32.f
PROFILE: time for this pass = 0.000000 sec (total 0.006000 sec)
RUN PASS with name GET_ALL_ARRAY_DECL
  Analyzing: results\3d\align32\align32.f
PROFILE: time for this pass = 0.002000 sec (total 0.008000 sec)
RUN PASS with name FILL_COMMON_BLOCKS
  Analyzing: results\3d\align32\align32.f
PROFILE: time for this pass = 0.000000 sec (total 0.009000 sec)
RUN PASS with name PARSE_OMP_DIRS
  Analyzing: results\3d\align32\align32.f
PROFILE: time for this pass = 0.000000 sec (total 0.009000 sec)
RUN PASS with name PREPROC_SPF
  Analyzing: results\3d\align32\align32.f
PROFILE: time for this pass = 0.000000 sec (total 0.009000 sec)
RUN PASS with name CREATE_INTER_TREE
  Analyzing: results\3d\align32\align32.f
PROFILE: time for this pass = 0.002000 sec (total 0.012000 sec)
RUN PASS with name GCOV_PARSER
  Analyzing: results\3d\align32\align32.f
   Error: unable to open file statistic.txt
PROFILE: time for this pass = 0.001000 sec (total 0.013000 sec)
RUN PASS with name VERIFY_FORMAT
  Analyzing: results\3d\align32\align32.f
PROFILE: time for this pass = 0.000000 sec (total 0.013000 sec)
RUN PASS with name VERIFY_DVM_DIRS
  Analyzing: results\3d\align32\align32.f
PROFILE: time for this pass = 0.000000 sec (total 0.014000 sec)
RUN PASS with name PRIVATE_CALL_GRAPH_STAGE1
  Analyzing: results\3d\align32\align32.f
PROFILE: time for this pass = 0.000000 sec (total 0.014000 sec)
RUN PASS with name PRIVATE_CALL_GRAPH_STAGE2
  Analyzing: results\3d\align32\align32.f
PROFILE: time for this pass = 0.000000 sec (total 0.014000 sec)
RUN PASS with name MACRO_EXPANSION
  Analyzing: results\3d\align32\align32.f
PROFILE: time for this pass = 0.000000 sec (total 0.015000 sec)
RUN PASS with name CONVERT_ASSIGN_TO_LOOP
  Analyzing: results\3d\align32\align32.f
PROFILE: time for this pass = 0.000000 sec (total 0.015000 sec)
RUN PASS with name DEF_USE_STAGE1
  Analyzing: results\3d\align32\align32.f
PROFILE: time for this pass = 0.000000 sec (total 0.016000 sec)
RUN PASS with name DEF_USE_STAGE2
  Analyzing: results\3d\align32\align32.f
PROFILE: time for this pass = 0.000000 sec (total 0.016000 sec)
RUN PASS with name VERIFY_COMMON
  Analyzing: results\3d\align32\align32.f
PROFILE: time for this pass = 0.000000 sec (total 0.017000 sec)
RUN PASS with name CALL_GRAPH_IR
  Analyzing: results\3d\align32\align32.f
PROFILE: time for this pass = 0.000000 sec (total 0.017000 sec)
RUN PASS with name BUILD_IR
  Analyzing: results\3d\align32\align32.f
  count of functions 7, count of lvls 3
     RD time for 'ansno' function is 0.000 sec, iters 1
     RD time for 'ansyes' function is 0.000 sec, iters 1

     RD time for 'align321' function is 0.000 sec, iters 5
     RD time for 'align322' function is 0.000 sec, iters 5
     RD time for 'align323' function is 0.000 sec, iters 5
     RD time for 'align324' function is 0.000 sec, iters 5

     RD time for 'align32' function is 0.000 sec, iters 1

PROFILE: time for this pass = 0.005000 sec (total 0.023000 sec)
RUN PASS with name SUBST_EXPR_RD
  Analyzing: results\3d\align32\align32.f
PROFILE: time for this pass = 0.002000 sec (total 0.026000 sec)
RUN PASS with name LOOP_GRAPH
  Analyzing: results\3d\align32\align32.f
PROFILE: time for this pass = 0.001000 sec (total 0.027000 sec)
RUN PASS with name CALL_GRAPH
  Analyzing: results\3d\align32\align32.f
PROFILE: time for this pass = 0.001000 sec (total 0.029000 sec)
RUN PASS with name CALL_GRAPH2
  Analyzing: results\3d\align32\align32.f
  run for func align32
  run for func align321
  run for func align322
  run for func align323
  run for func align324
  run for func ansyes
  run for func ansno
PROFILE: time for this pass = 0.001000 sec (total 0.030000 sec)
RUN PASS with name GET_STATS_FOR_PREDICTOR
  Analyzing: results\3d\align32\align32.f
    PAR LOOP [50 results\3d\align32\align32.f] total exec 67, total exec lines 4, avg 1.6750000000000000e+01
    PAR LOOP [57 results\3d\align32\align32.f] total exec 801, total exec lines 11, avg 7.2818181818181813e+01
    PAR LOOP [79 results\3d\align32\align32.f] total exec 219, total exec lines 15, avg 1.4600000000000000e+01
    PAR LOOP [142 results\3d\align32\align32.f] total exec 67, total exec lines 4, avg 1.6750000000000000e+01
    PAR LOOP [149 results\3d\align32\align32.f] total exec 801, total exec lines 11, avg 7.2818181818181813e+01
    PAR LOOP [171 results\3d\align32\align32.f] total exec 219, total exec lines 15, avg 1.4600000000000000e+01
    PAR LOOP [232 results\3d\align32\align32.f] total exec 67, total exec lines 4, avg 1.6750000000000000e+01
    PAR LOOP [239 results\3d\align32\align32.f] total exec 516, total exec lines 11, avg 4.6909090909090907e+01
    PAR LOOP [261 results\3d\align32\align32.f] total exec 219, total exec lines 15, avg 1.4600000000000000e+01
    PAR LOOP [322 results\3d\align32\align32.f] total exec 67, total exec lines 4, avg 1.6750000000000000e+01
    PAR LOOP [330 results\3d\align32\align32.f] total exec 1303, total exec lines 14, avg 9.3071428571428569e+01
    PAR LOOP [354 results\3d\align32\align32.f] total exec 123, total exec lines 8, avg 1.5375000000000000e+01
    average_parallel_exec 3.8525862068965516e+01
    parallel_rate 9.1390593047034763e-01
PROFILE: time for this pass = 0.010000 sec (total 0.041000 sec)

--------------------------------------------------
INFO.JSON file copied from ./info.json to ./results\3d\align32\info.json

==================================================
Processing of align32.f completed successfully at 2025-05-06 00:24:31
