=== Processing file: d_sor2d.f ===
Date and time: 2025-05-06 00:23:16
Dimension: 2d
==================================================

Copied ./sources\2d\d_sor2d.f to ./results\2d\d_sor2d\d_sor2d.f
Command: gfortran -O3 -g -fprofile-arcs -ftest-coverage "./results\2d\d_sor2d\d_sor2d.f" -o "./results\2d\d_sor2d\d_sor2d"
Output: 

--------------------------------------------------
Command: "./results\2d\d_sor2d\d_sor2d"
Output: 
 IT =    1   EPS =  0.6108834380165290E+04
 IT =    2   EPS =  0.3610847205518749E+04
 IT =    3   EPS =  0.2352459081985059E+04
 IT =    4   EPS =  0.1854871123109782E+04
 IT =    5   EPS =  0.1435517542605566E+04
 IT =    6   EPS =  0.1096982444321741E+04
 IT =    7   EPS =  0.8717094029586706E+03
 IT =    8   EPS =  0.6921489196818557E+03
 IT =    9   EPS =  0.5465199238378491E+03
 IT =   10   EPS =  0.4353867463896704E+03
 IT =   11   EPS =  0.3475536941153637E+03
 IT =   12   EPS =  0.2768970107697357E+03
 IT =   13   EPS =  0.2210034720064621E+03
 IT =   14   EPS =  0.1766766368367309E+03
 IT =   15   EPS =  0.1411365755851200E+03
 IT =   16   EPS =  0.1127754616369979E+03
 IT =   17   EPS =  0.9019764593386287E+02
 IT =   18   EPS =  0.7211891214649563E+02
 IT =   19   EPS =  0.5765892995463628E+02
 IT =   20   EPS =  0.4612290064483398E+02
 IT =   21   EPS =  0.3689049579587342E+02
 IT =   22   EPS =  0.2950188792083297E+02
 IT =   23   EPS =  0.2360054395211007E+02
 IT =   24   EPS =  0.1887884304211200E+02
 IT =   25   EPS =  0.1510085148873256E+02
 IT =   26   EPS =  0.1207944151042762E+02
 IT =   27   EPS =  0.9663232047305826E+01
 IT =   28   EPS =  0.7730113218394774E+01
 IT =   29   EPS =  0.6183502184382064E+01
 IT =   30   EPS =  0.4946616976170148E+01
 IT =   31   EPS =  0.3957195536701299E+01
 IT =   32   EPS =  0.3165628644834218E+01
 IT =   33   EPS =  0.2532352872753085E+01
 IT =   34   EPS =  0.2025806805911424E+01
 IT =   35   EPS =  0.1620618952686777E+01
 IT =   36   EPS =  0.1296462482952680E+01
 IT =   37   EPS =  0.1037132779785379E+01
 IT =   38   EPS =  0.8296659973946223E+00
 IT =   39   EPS =  0.6637221057341005E+00
 IT =   40   EPS =  0.5309697460340743E+00
 IT =   41   EPS =  0.4247668503348101E+00
 SOR2D_double Benchmark Completed.
 Size            =      8000 x   8000
 Iterations      =                100
 Time in seconds =               0.00
 Operation type  =     floating point
 Verification    =         SUCCESSFUL
 END OF SOR2D_double Benchmark

--------------------------------------------------
Command: gcov -b "./results\2d\d_sor2d\d_sor2d.f"
Output: 
File 'results/2d/d_sor2d/d_sor2d.f'
Lines executed:96.55% of 29
Branches executed:100.00% of 18
Taken at least once:88.89% of 18
Calls executed:90.62% of 32
Creating 'd_sor2d.f.gcov'

Lines executed:96.55% of 29

--------------------------------------------------
GCOV file copied from ./d_sor2d.f.gcov to ./results\2d\d_sor2d\d_sor2d.f.gcov
Command: "../SAPFOR/_bin/Release/Sapfor_F.exe" -parse -spf "./results\2d\d_sor2d\d_sor2d.f"
Output: 
SAPFOR version is 2410, build date: Apr 23 2025 11:52:44, c++ version 201703
  parse file './results\2d\d_sor2d\d_sor2d.f'
  options: -spf 
files compilation order:
  ./results\2d\d_sor2d\d_sor2d.f
Parsing was completed successfully

--------------------------------------------------
Command: "../SAPFOR/_bin/Release/Sapfor_F.exe" -passN GET_STATS_FOR_PREDICTOR -keepDVM
Output: 
SAPFOR version is 2410, build date: Apr 23 2025 11:52:44, c++ version 201703
code for pass GET_STATS_FOR_PREDICTOR is 79
RUN PASS with name VERIFY_FUNC_DECL
  Analyzing: results\2d\d_sor2d\d_sor2d.f
PROFILE: time for this pass = 0.000000 sec (total 0.001000 sec)
RUN PASS with name FILE_LINE_INFO
  Analyzing: results\2d\d_sor2d\d_sor2d.f
  All lines in project 65
PROFILE: time for this pass = 0.000000 sec (total 0.001000 sec)
RUN PASS with name BUILD_INCLUDE_DEPENDENCIES
  Analyzing: results\2d\d_sor2d\d_sor2d.f
PROFILE: time for this pass = 0.000000 sec (total 0.001000 sec)
RUN PASS with name CORRECT_VAR_DECL
  Analyzing: results\2d\d_sor2d\d_sor2d.f
PROFILE: time for this pass = 0.000000 sec (total 0.001000 sec)
RUN PASS with name VERIFY_OPERATORS
  Analyzing: results\2d\d_sor2d\d_sor2d.f
PROFILE: time for this pass = 0.000000 sec (total 0.001000 sec)
RUN PASS with name VERIFY_ENDDO
  Analyzing: results\2d\d_sor2d\d_sor2d.f
PROFILE: time for this pass = 0.000000 sec (total 0.001000 sec)
RUN PASS with name VERIFY_INCLUDES
  Analyzing: results\2d\d_sor2d\d_sor2d.f
PROFILE: time for this pass = 0.000000 sec (total 0.001000 sec)
RUN PASS with name PREPROC_ALLOCATES
  Analyzing: results\2d\d_sor2d\d_sor2d.f
PROFILE: time for this pass = 0.000000 sec (total 0.001000 sec)
RUN PASS with name CHECK_PAR_REG_DIR
  Analyzing: results\2d\d_sor2d\d_sor2d.f
PROFILE: time for this pass = 0.000000 sec (total 0.002000 sec)
RUN PASS with name FILL_PARALLEL_REG_IR
  Analyzing: results\2d\d_sor2d\d_sor2d.f
PROFILE: time for this pass = 0.000000 sec (total 0.002000 sec)
RUN PASS with name GET_ALL_ARRAY_DECL
  Analyzing: results\2d\d_sor2d\d_sor2d.f
PROFILE: time for this pass = 0.000000 sec (total 0.002000 sec)
RUN PASS with name FILL_COMMON_BLOCKS
  Analyzing: results\2d\d_sor2d\d_sor2d.f
PROFILE: time for this pass = 0.000000 sec (total 0.002000 sec)
RUN PASS with name PARSE_OMP_DIRS
  Analyzing: results\2d\d_sor2d\d_sor2d.f
PROFILE: time for this pass = 0.000000 sec (total 0.003000 sec)
RUN PASS with name PREPROC_SPF
  Analyzing: results\2d\d_sor2d\d_sor2d.f
PROFILE: time for this pass = 0.000000 sec (total 0.003000 sec)
RUN PASS with name CREATE_INTER_TREE
  Analyzing: results\2d\d_sor2d\d_sor2d.f
PROFILE: time for this pass = 0.000000 sec (total 0.003000 sec)
RUN PASS with name GCOV_PARSER
  Analyzing: results\2d\d_sor2d\d_sor2d.f
   Error: unable to open file statistic.txt
PROFILE: time for this pass = 0.000000 sec (total 0.004000 sec)
RUN PASS with name VERIFY_FORMAT
  Analyzing: results\2d\d_sor2d\d_sor2d.f
PROFILE: time for this pass = 0.000000 sec (total 0.004000 sec)
RUN PASS with name VERIFY_DVM_DIRS
  Analyzing: results\2d\d_sor2d\d_sor2d.f
PROFILE: time for this pass = 0.000000 sec (total 0.004000 sec)
RUN PASS with name PRIVATE_CALL_GRAPH_STAGE1
  Analyzing: results\2d\d_sor2d\d_sor2d.f
PROFILE: time for this pass = 0.000000 sec (total 0.004000 sec)
RUN PASS with name PRIVATE_CALL_GRAPH_STAGE2
  Analyzing: results\2d\d_sor2d\d_sor2d.f
PROFILE: time for this pass = 0.000000 sec (total 0.004000 sec)
RUN PASS with name MACRO_EXPANSION
  Analyzing: results\2d\d_sor2d\d_sor2d.f
PROFILE: time for this pass = 0.000000 sec (total 0.004000 sec)
RUN PASS with name CONVERT_ASSIGN_TO_LOOP
  Analyzing: results\2d\d_sor2d\d_sor2d.f
PROFILE: time for this pass = 0.000000 sec (total 0.004000 sec)
RUN PASS with name DEF_USE_STAGE1
  Analyzing: results\2d\d_sor2d\d_sor2d.f
PROFILE: time for this pass = 0.000000 sec (total 0.005000 sec)
RUN PASS with name DEF_USE_STAGE2
  Analyzing: results\2d\d_sor2d\d_sor2d.f
PROFILE: time for this pass = 0.000000 sec (total 0.005000 sec)
RUN PASS with name VERIFY_COMMON
  Analyzing: results\2d\d_sor2d\d_sor2d.f
PROFILE: time for this pass = 0.000000 sec (total 0.005000 sec)
RUN PASS with name CALL_GRAPH_IR
  Analyzing: results\2d\d_sor2d\d_sor2d.f
PROFILE: time for this pass = 0.000000 sec (total 0.005000 sec)
RUN PASS with name BUILD_IR
  Analyzing: results\2d\d_sor2d\d_sor2d.f
  count of functions 1, count of lvls 1
     RD time for 'sor2d_double' function is 0.000 sec, iters 5

PROFILE: time for this pass = 0.000000 sec (total 0.006000 sec)
RUN PASS with name SUBST_EXPR_RD
  Analyzing: results\2d\d_sor2d\d_sor2d.f
PROFILE: time for this pass = 0.000000 sec (total 0.006000 sec)
RUN PASS with name LOOP_GRAPH
  Analyzing: results\2d\d_sor2d\d_sor2d.f
PROFILE: time for this pass = 0.000000 sec (total 0.007000 sec)
RUN PASS with name CALL_GRAPH
  Analyzing: results\2d\d_sor2d\d_sor2d.f
PROFILE: time for this pass = 0.000000 sec (total 0.007000 sec)
RUN PASS with name CALL_GRAPH2
  Analyzing: results\2d\d_sor2d\d_sor2d.f
  run for func sor2d_double
  added conflict messages to loop on line 25
PROFILE: time for this pass = 0.000000 sec (total 0.007000 sec)
RUN PASS with name GET_STATS_FOR_PREDICTOR
  Analyzing: results\2d\d_sor2d\d_sor2d.f
    PAR LOOP [13 results\2d\d_sor2d\d_sor2d.f] total exec 384048003, total exec lines 8, avg 4.8006000375000000e+07
    PAR LOOP [32 results\2d\d_sor2d\d_sor2d.f] total exec 13114752615, total exec lines 6, avg 2.1857921025000000e+09
    average_parallel_exec 9.6420004414285719e+08
    parallel_rate 9.9997509351863501e-01
PROFILE: time for this pass = 0.001000 sec (total 0.009000 sec)

--------------------------------------------------
INFO.JSON file copied from ./info.json to ./results\2d\d_sor2d\info.json

==================================================
Processing of d_sor2d.f completed successfully at 2025-05-06 00:23:26
