=== Processing file: distrmult3.f ===
Date and time: 2025-05-06 00:24:49
Dimension: 3d
==================================================

Copied ./sources\3d\distrmult3.f to ./results\3d\distrmult3\distrmult3.f
Command: gfortran -O3 -g -fprofile-arcs -ftest-coverage "./results\3d\distrmult3\distrmult3.f" -o "./results\3d\distrmult3\distrmult3"
Output: 

--------------------------------------------------
Command: "./results\3d\distrmult3\distrmult3"
Output: 
 ===START OF distrmult3========================
 distrm311   -  complete
 distrm312   -  complete
 distrm313   -  complete
 distrm314   -  complete
 distrm315   -  complete
 distrm316   -  complete
 distrm317   -  complete
 distrm318   -  complete
 distrm319   -  complete
 distrm43    -  complete
 === END OF distrmult3 ========================= 

--------------------------------------------------
Command: gcov -b "./results\3d\distrmult3\distrmult3.f"
Output: 
File 'results/3d/distrmult3/distrmult3.f'
Lines executed:88.38% of 198
Branches executed:100.00% of 236
Taken at least once:83.90% of 236
Calls executed:50.77% of 65
Creating 'distrmult3.f.gcov'

Lines executed:88.38% of 198

--------------------------------------------------
GCOV file copied from ./distrmult3.f.gcov to ./results\3d\distrmult3\distrmult3.f.gcov
Command: "../SAPFOR/_bin/Release/Sapfor_F.exe" -parse -spf "./results\3d\distrmult3\distrmult3.f"
Output: 
SAPFOR version is 2410, build date: Apr 23 2025 11:52:44, c++ version 201703
  parse file './results\3d\distrmult3\distrmult3.f'
  options: -spf 
files compilation order:
  ./results\3d\distrmult3\distrmult3.f
Parsing was completed successfully

--------------------------------------------------
Command: "../SAPFOR/_bin/Release/Sapfor_F.exe" -passN GET_STATS_FOR_PREDICTOR -keepDVM
Output: 
SAPFOR version is 2410, build date: Apr 23 2025 11:52:44, c++ version 201703
code for pass GET_STATS_FOR_PREDICTOR is 79
RUN PASS with name VERIFY_FUNC_DECL
  Analyzing: results\3d\distrmult3\distrmult3.f
PROFILE: time for this pass = 0.000000 sec (total 0.002000 sec)
RUN PASS with name FILE_LINE_INFO
  Analyzing: results\3d\distrmult3\distrmult3.f
  All lines in project 668
PROFILE: time for this pass = 0.000000 sec (total 0.003000 sec)
RUN PASS with name BUILD_INCLUDE_DEPENDENCIES
  Analyzing: results\3d\distrmult3\distrmult3.f
PROFILE: time for this pass = 0.000000 sec (total 0.003000 sec)
RUN PASS with name CORRECT_VAR_DECL
  Analyzing: results\3d\distrmult3\distrmult3.f
PROFILE: time for this pass = 0.000000 sec (total 0.004000 sec)
RUN PASS with name VERIFY_OPERATORS
  Analyzing: results\3d\distrmult3\distrmult3.f
PROFILE: time for this pass = 0.000000 sec (total 0.004000 sec)
RUN PASS with name VERIFY_ENDDO
  Analyzing: results\3d\distrmult3\distrmult3.f
PROFILE: time for this pass = 0.000000 sec (total 0.005000 sec)
RUN PASS with name VERIFY_INCLUDES
  Analyzing: results\3d\distrmult3\distrmult3.f
PROFILE: time for this pass = 0.000000 sec (total 0.005000 sec)
RUN PASS with name PREPROC_ALLOCATES
  Analyzing: results\3d\distrmult3\distrmult3.f
  attribute (69 results\3d\distrmult3\distrmult3.f) is added to declaration on line 63 of results\3d\distrmult3\distrmult3.f file
  attribute (111 results\3d\distrmult3\distrmult3.f) is added to declaration on line 63 of results\3d\distrmult3\distrmult3.f file
  attribute (130 results\3d\distrmult3\distrmult3.f) is added to declaration on line 124 of results\3d\distrmult3\distrmult3.f file
  attribute (168 results\3d\distrmult3\distrmult3.f) is added to declaration on line 124 of results\3d\distrmult3\distrmult3.f file
  attribute (187 results\3d\distrmult3\distrmult3.f) is added to declaration on line 181 of results\3d\distrmult3\distrmult3.f file
  attribute (230 results\3d\distrmult3\distrmult3.f) is added to declaration on line 181 of results\3d\distrmult3\distrmult3.f file
  attribute (249 results\3d\distrmult3\distrmult3.f) is added to declaration on line 243 of results\3d\distrmult3\distrmult3.f file
  attribute (287 results\3d\distrmult3\distrmult3.f) is added to declaration on line 243 of results\3d\distrmult3\distrmult3.f file
  attribute (306 results\3d\distrmult3\distrmult3.f) is added to declaration on line 300 of results\3d\distrmult3\distrmult3.f file
  attribute (349 results\3d\distrmult3\distrmult3.f) is added to declaration on line 300 of results\3d\distrmult3\distrmult3.f file
  attribute (368 results\3d\distrmult3\distrmult3.f) is added to declaration on line 362 of results\3d\distrmult3\distrmult3.f file
  attribute (406 results\3d\distrmult3\distrmult3.f) is added to declaration on line 362 of results\3d\distrmult3\distrmult3.f file
  attribute (425 results\3d\distrmult3\distrmult3.f) is added to declaration on line 419 of results\3d\distrmult3\distrmult3.f file
  attribute (469 results\3d\distrmult3\distrmult3.f) is added to declaration on line 419 of results\3d\distrmult3\distrmult3.f file
  attribute (546 results\3d\distrmult3\distrmult3.f) is added to declaration on line 540 of results\3d\distrmult3\distrmult3.f file
  attribute (592 results\3d\distrmult3\distrmult3.f) is added to declaration on line 540 of results\3d\distrmult3\distrmult3.f file
  attribute (612 results\3d\distrmult3\distrmult3.f) is added to declaration on line 605 of results\3d\distrmult3\distrmult3.f file
  attribute (654 results\3d\distrmult3\distrmult3.f) is added to declaration on line 605 of results\3d\distrmult3\distrmult3.f file
PROFILE: time for this pass = 0.000000 sec (total 0.006000 sec)
RUN PASS with name CHECK_PAR_REG_DIR
  Analyzing: results\3d\distrmult3\distrmult3.f
PROFILE: time for this pass = 0.000000 sec (total 0.006000 sec)
RUN PASS with name FILL_PARALLEL_REG_IR
  Analyzing: results\3d\distrmult3\distrmult3.f
PROFILE: time for this pass = 0.000000 sec (total 0.007000 sec)
RUN PASS with name GET_ALL_ARRAY_DECL
  Analyzing: results\3d\distrmult3\distrmult3.f
PROFILE: time for this pass = 0.002000 sec (total 0.009000 sec)
RUN PASS with name FILL_COMMON_BLOCKS
  Analyzing: results\3d\distrmult3\distrmult3.f
PROFILE: time for this pass = 0.000000 sec (total 0.010000 sec)
RUN PASS with name PARSE_OMP_DIRS
  Analyzing: results\3d\distrmult3\distrmult3.f
PROFILE: time for this pass = 0.000000 sec (total 0.010000 sec)
RUN PASS with name PREPROC_SPF
  Analyzing: results\3d\distrmult3\distrmult3.f
PROFILE: time for this pass = 0.000000 sec (total 0.011000 sec)
RUN PASS with name CREATE_INTER_TREE
  Analyzing: results\3d\distrmult3\distrmult3.f
PROFILE: time for this pass = 0.002000 sec (total 0.014000 sec)
RUN PASS with name GCOV_PARSER
  Analyzing: results\3d\distrmult3\distrmult3.f
   Error: unable to open file statistic.txt
PROFILE: time for this pass = 0.001000 sec (total 0.015000 sec)
RUN PASS with name VERIFY_FORMAT
  Analyzing: results\3d\distrmult3\distrmult3.f
PROFILE: time for this pass = 0.000000 sec (total 0.015000 sec)
RUN PASS with name VERIFY_DVM_DIRS
  Analyzing: results\3d\distrmult3\distrmult3.f
PROFILE: time for this pass = 0.000000 sec (total 0.016000 sec)
RUN PASS with name PRIVATE_CALL_GRAPH_STAGE1
  Analyzing: results\3d\distrmult3\distrmult3.f
PROFILE: time for this pass = 0.000000 sec (total 0.016000 sec)
RUN PASS with name PRIVATE_CALL_GRAPH_STAGE2
  Analyzing: results\3d\distrmult3\distrmult3.f
PROFILE: time for this pass = 0.000000 sec (total 0.017000 sec)
RUN PASS with name MACRO_EXPANSION
  Analyzing: results\3d\distrmult3\distrmult3.f
PROFILE: time for this pass = 0.000000 sec (total 0.017000 sec)
RUN PASS with name CONVERT_ASSIGN_TO_LOOP
  Analyzing: results\3d\distrmult3\distrmult3.f
was on line 71 file results\3d\distrmult3\distrmult3.f
      a3 = 1
      do  i_2 = 0,9
         do  i_1 = 0,11
            do  i_0 = 0,13
               a3(i_0 + 1,i_1 + 1,i_2 + 1) = 1
            enddo  
         enddo  
      enddo  
was on line 189 file results\3d\distrmult3\distrmult3.f
      a3 = 3
      do  i_5 = 0,23
         do  i_4 = 0,23
            do  i_3 = 0,23
               a3(i_3 + 1,i_4 + 1,i_5 + 1) = 3
            enddo  
         enddo  
      enddo  
was on line 308 file results\3d\distrmult3\distrmult3.f
      a3 = 5
      do  i_8 = 0,15
         do  i_7 = 0,15
            do  i_6 = 0,15
               a3(i_6 + 1,i_7 + 1,i_8 + 1) = 5
            enddo  
         enddo  
      enddo  
was on line 427 file results\3d\distrmult3\distrmult3.f
      a3 = 7
      do  i_11 = 0,9
         do  i_10 = 0,34
            do  i_9 = 0,9
               a3(i_9 + 1,i_10 + 1,i_11 + 1) = 7
            enddo  
         enddo  
      enddo  
was on line 488 file results\3d\distrmult3\distrmult3.f
      a3 = 8
      do  i_14 = 0,23
         do  i_13 = 0,13
            do  i_12 = 0,10
               a3(i_12 + 1,i_13 + 1,i_14 + 1) = 8
            enddo  
         enddo  
      enddo  
was on line 550 file results\3d\distrmult3\distrmult3.f
      a3 = (-(1))
      do  i_17 = 0,29
         do  i_16 = 0,11
            do  i_15 = 0,29
               a3(i_15 + 1,i_16 + 1,i_17 + 1) = (-(1))
            enddo  
         enddo  
      enddo  
PROFILE: time for this pass = 0.002000 sec (total 0.020000 sec)
RUN PASS with name DEF_USE_STAGE1
  Analyzing: results\3d\distrmult3\distrmult3.f
PROFILE: time for this pass = 0.001000 sec (total 0.021000 sec)
RUN PASS with name DEF_USE_STAGE2
  Analyzing: results\3d\distrmult3\distrmult3.f
PROFILE: time for this pass = 0.000000 sec (total 0.022000 sec)
RUN PASS with name VERIFY_COMMON
  Analyzing: results\3d\distrmult3\distrmult3.f
PROFILE: time for this pass = 0.000000 sec (total 0.022000 sec)
RUN PASS with name CALL_GRAPH_IR
  Analyzing: results\3d\distrmult3\distrmult3.f
PROFILE: time for this pass = 0.001000 sec (total 0.023000 sec)
RUN PASS with name BUILD_IR
  Analyzing: results\3d\distrmult3\distrmult3.f
  count of functions 13, count of lvls 3
     RD time for 'ansno' function is 0.000 sec, iters 1
     RD time for 'ansyes' function is 0.000 sec, iters 1

     RD time for 'distrm313' function is 0.000 sec, iters 5
     RD time for 'distrm311' function is 0.000 sec, iters 5
     RD time for 'distrm312' function is 0.000 sec, iters 5
     RD time for 'distrm316' function is 0.000 sec, iters 5
     RD time for 'distrm314' function is 0.000 sec, iters 5
     RD time for 'distrm315' function is 0.000 sec, iters 5
     RD time for 'distrm43' function is 0.000 sec, iters 6
     RD time for 'distrm318' function is 0.000 sec, iters 5
     RD time for 'distrm317' function is 0.000 sec, iters 5
     RD time for 'distrm319' function is 0.000 sec, iters 5

     RD time for 'distrm3' function is 0.000 sec, iters 1

PROFILE: time for this pass = 0.007000 sec (total 0.031000 sec)
RUN PASS with name SUBST_EXPR_RD
  Analyzing: results\3d\distrmult3\distrmult3.f
PROFILE: time for this pass = 0.002000 sec (total 0.034000 sec)
RUN PASS with name LOOP_GRAPH
  Analyzing: results\3d\distrmult3\distrmult3.f
PROFILE: time for this pass = 0.002000 sec (total 0.036000 sec)
RUN PASS with name CALL_GRAPH
  Analyzing: results\3d\distrmult3\distrmult3.f
PROFILE: time for this pass = 0.002000 sec (total 0.038000 sec)
RUN PASS with name CALL_GRAPH2
  Analyzing: results\3d\distrmult3\distrmult3.f
  run for func distrm3
  run for func distrm311
  run for func distrm312
  run for func distrm313
  run for func distrm314
  run for func distrm315
  run for func distrm316
  run for func distrm317
  run for func distrm318
  run for func distrm319
  run for func distrm43
  run for func ansyes
  run for func ansno
PROFILE: time for this pass = 0.001000 sec (total 0.040000 sec)
RUN PASS with name GET_STATS_FOR_PREDICTOR
  Analyzing: results\3d\distrmult3\distrmult3.f
    PAR LOOP [77 results\3d\distrmult3\distrmult3.f] total exec 5953, total exec lines 6, avg 9.9216666666666663e+02
    PAR LOOP [92 results\3d\distrmult3\distrmult3.f] total exec 7801, total exec lines 8, avg 9.7512500000000000e+02
    PAR LOOP [134 results\3d\distrmult3\distrmult3.f] total exec 18078, total exec lines 6, avg 3.0130000000000000e+03
    PAR LOOP [149 results\3d\distrmult3\distrmult3.f] total exec 23928, total exec lines 8, avg 2.9910000000000000e+03
    PAR LOOP [195 results\3d\distrmult3\distrmult3.f] total exec 44475, total exec lines 6, avg 7.4125000000000000e+03
    PAR LOOP [210 results\3d\distrmult3\distrmult3.f] total exec 72699, total exec lines 9, avg 8.0776666666666670e+03
    PAR LOOP [253 results\3d\distrmult3\distrmult3.f] total exec 57103, total exec lines 6, avg 9.5171666666666661e+03
    PAR LOOP [268 results\3d\distrmult3\distrmult3.f] total exec 75703, total exec lines 8, avg 9.4628750000000000e+03
    PAR LOOP [314 results\3d\distrmult3\distrmult3.f] total exec 13651, total exec lines 6, avg 2.2751666666666665e+03
    PAR LOOP [330 results\3d\distrmult3\distrmult3.f] total exec 18003, total exec lines 8, avg 2.2503750000000000e+03
    PAR LOOP [372 results\3d\distrmult3\distrmult3.f] total exec 21519, total exec lines 6, avg 3.5865000000000000e+03
    PAR LOOP [387 results\3d\distrmult3\distrmult3.f] total exec 28575, total exec lines 8, avg 3.5718750000000000e+03
    PAR LOOP [433 results\3d\distrmult3\distrmult3.f] total exec 12303, total exec lines 6, avg 2.0505000000000000e+03
    PAR LOOP [449 results\3d\distrmult3\distrmult3.f] total exec 19653, total exec lines 9, avg 2.1836666666666665e+03
    PAR LOOP [494 results\3d\distrmult3\distrmult3.f] total exec 11916, total exec lines 6, avg 1.9860000000000000e+03
    PAR LOOP [509 results\3d\distrmult3\distrmult3.f] total exec 15766, total exec lines 8, avg 1.9707500000000000e+03
    PAR LOOP [556 results\3d\distrmult3\distrmult3.f] total exec 34353, total exec lines 6, avg 5.7255000000000000e+03
    PAR LOOP [572 results\3d\distrmult3\distrmult3.f] total exec 56313, total exec lines 9, avg 6.2570000000000000e+03
    PAR LOOP [616 results\3d\distrmult3\distrmult3.f] total exec 218707, total exec lines 8, avg 2.7338375000000000e+04
    PAR LOOP [633 results\3d\distrmult3\distrmult3.f] total exec 288339, total exec lines 10, avg 2.8833900000000001e+04
    average_parallel_exec 7.1077414965986391e+03
    parallel_rate 9.6299498243298542e-01
PROFILE: time for this pass = 0.014000 sec (total 0.054000 sec)

--------------------------------------------------
INFO.JSON file copied from ./info.json to ./results\3d\distrmult3\info.json

==================================================
Processing of distrmult3.f completed successfully at 2025-05-06 00:24:50
