=== Processing file: acr31.f ===
Date and time: 2025-04-23 11:56:54
Dimension: 3d
==================================================

Copied ./sources\3d\acr31.f to ./results\3d\acr31\acr31.f
Command: gfortran -O3 -g -fprofile-arcs -ftest-coverage "./results\3d\acr31\acr31.f" -o "./results\3d\acr31\acr31"
Output: 

--------------------------------------------------
Command: "./results\3d\acr31\acr31"
Output: 
 ===START OF ACR31========================
 ACR3101  -  complete
 ACR3102  -  complete
 ACR3103  -  complete
 ACR3104  -  complete
 ACR3105  -  complete
 ACR3106  -  complete
 ACR3107  -  complete
 ACR3108  -  complete
 ACR3109  -  complete
 === END OF ACR31 ========================= 

--------------------------------------------------
Command: gcov -b "./results\3d\acr31\acr31.f"
Output: 
File 'results/3d/acr31/acr31.f'
Lines executed:92.88% of 295
Branches executed:100.00% of 348
Taken at least once:84.48% of 348
Calls executed:44.94% of 89
Creating 'acr31.f.gcov'

Lines executed:92.88% of 295

--------------------------------------------------
GCOV file copied from ./acr31.f.gcov to ./results\3d\acr31\acr31.f.gcov
Command: "../SAPFOR/_bin/Release/Sapfor_F.exe" -parse -spf "./results\3d\acr31\acr31.f"
Output: 
SAPFOR version is 2410, build date: Apr 23 2025 11:52:44, c++ version 201703
  parse file './results\3d\acr31\acr31.f'
  options: -spf 
files compilation order:
  ./results\3d\acr31\acr31.f
Parsing was completed successfully

--------------------------------------------------
Command: "../SAPFOR/_bin/Release/Sapfor_F.exe" -passN GET_STATS_FOR_PREDICTOR -keepDVM
Output: 
SAPFOR version is 2410, build date: Apr 23 2025 11:52:44, c++ version 201703
code for pass GET_STATS_FOR_PREDICTOR is 79
RUN PASS with name VERIFY_FUNC_DECL
  Analyzing: results\3d\acr31\acr31.f
PROFILE: time for this pass = 0.000000 sec (total 0.003000 sec)
RUN PASS with name FILE_LINE_INFO
  Analyzing: results\3d\acr31\acr31.f
  All lines in project 781
PROFILE: time for this pass = 0.001000 sec (total 0.004000 sec)
RUN PASS with name BUILD_INCLUDE_DEPENDENCIES
  Analyzing: results\3d\acr31\acr31.f
PROFILE: time for this pass = 0.001000 sec (total 0.006000 sec)
RUN PASS with name CORRECT_VAR_DECL
  Analyzing: results\3d\acr31\acr31.f
PROFILE: time for this pass = 0.001000 sec (total 0.007000 sec)
RUN PASS with name VERIFY_OPERATORS
  Analyzing: results\3d\acr31\acr31.f
PROFILE: time for this pass = 0.001000 sec (total 0.008000 sec)
RUN PASS with name VERIFY_ENDDO
  Analyzing: results\3d\acr31\acr31.f
PROFILE: time for this pass = 0.000000 sec (total 0.009000 sec)
RUN PASS with name VERIFY_INCLUDES
  Analyzing: results\3d\acr31\acr31.f
PROFILE: time for this pass = 0.000000 sec (total 0.010000 sec)
RUN PASS with name PREPROC_ALLOCATES
  Analyzing: results\3d\acr31\acr31.f
  attribute (41 results\3d\acr31\acr31.f) is added to declaration on line 36 of results\3d\acr31\acr31.f file
  attribute (104 results\3d\acr31\acr31.f) is added to declaration on line 36 of results\3d\acr31\acr31.f file
  attribute (116 results\3d\acr31\acr31.f) is added to declaration on line 110 of results\3d\acr31\acr31.f file
  attribute (184 results\3d\acr31\acr31.f) is added to declaration on line 110 of results\3d\acr31\acr31.f file
  attribute (195 results\3d\acr31\acr31.f) is added to declaration on line 189 of results\3d\acr31\acr31.f file
  attribute (263 results\3d\acr31\acr31.f) is added to declaration on line 189 of results\3d\acr31\acr31.f file
  attribute (274 results\3d\acr31\acr31.f) is added to declaration on line 268 of results\3d\acr31\acr31.f file
  attribute (341 results\3d\acr31\acr31.f) is added to declaration on line 268 of results\3d\acr31\acr31.f file
  attribute (352 results\3d\acr31\acr31.f) is added to declaration on line 346 of results\3d\acr31\acr31.f file
  attribute (419 results\3d\acr31\acr31.f) is added to declaration on line 346 of results\3d\acr31\acr31.f file
  attribute (431 results\3d\acr31\acr31.f) is added to declaration on line 425 of results\3d\acr31\acr31.f file
  attribute (505 results\3d\acr31\acr31.f) is added to declaration on line 425 of results\3d\acr31\acr31.f file
  attribute (518 results\3d\acr31\acr31.f) is added to declaration on line 512 of results\3d\acr31\acr31.f file
  attribute (590 results\3d\acr31\acr31.f) is added to declaration on line 512 of results\3d\acr31\acr31.f file
  attribute (602 results\3d\acr31\acr31.f) is added to declaration on line 596 of results\3d\acr31\acr31.f file
  attribute (672 results\3d\acr31\acr31.f) is added to declaration on line 596 of results\3d\acr31\acr31.f file
  attribute (684 results\3d\acr31\acr31.f) is added to declaration on line 678 of results\3d\acr31\acr31.f file
  attribute (758 results\3d\acr31\acr31.f) is added to declaration on line 678 of results\3d\acr31\acr31.f file
PROFILE: time for this pass = 0.001000 sec (total 0.011000 sec)
RUN PASS with name CHECK_PAR_REG_DIR
  Analyzing: results\3d\acr31\acr31.f
PROFILE: time for this pass = 0.000000 sec (total 0.012000 sec)
RUN PASS with name FILL_PARALLEL_REG_IR
  Analyzing: results\3d\acr31\acr31.f
PROFILE: time for this pass = 0.001000 sec (total 0.013000 sec)
RUN PASS with name GET_ALL_ARRAY_DECL
  Analyzing: results\3d\acr31\acr31.f
PROFILE: time for this pass = 0.005000 sec (total 0.018000 sec)
RUN PASS with name FILL_COMMON_BLOCKS
  Analyzing: results\3d\acr31\acr31.f
PROFILE: time for this pass = 0.000000 sec (total 0.019000 sec)
RUN PASS with name PARSE_OMP_DIRS
  Analyzing: results\3d\acr31\acr31.f
PROFILE: time for this pass = 0.000000 sec (total 0.020000 sec)
RUN PASS with name PREPROC_SPF
  Analyzing: results\3d\acr31\acr31.f
PROFILE: time for this pass = 0.000000 sec (total 0.021000 sec)
RUN PASS with name CREATE_INTER_TREE
  Analyzing: results\3d\acr31\acr31.f
PROFILE: time for this pass = 0.002000 sec (total 0.024000 sec)
RUN PASS with name GCOV_PARSER
  Analyzing: results\3d\acr31\acr31.f
   Error: unable to open file statistic.txt
PROFILE: time for this pass = 0.001000 sec (total 0.026000 sec)
RUN PASS with name VERIFY_FORMAT
  Analyzing: results\3d\acr31\acr31.f
PROFILE: time for this pass = 0.000000 sec (total 0.027000 sec)
RUN PASS with name VERIFY_DVM_DIRS
  Analyzing: results\3d\acr31\acr31.f
PROFILE: time for this pass = 0.000000 sec (total 0.027000 sec)
RUN PASS with name PRIVATE_CALL_GRAPH_STAGE1
  Analyzing: results\3d\acr31\acr31.f
PROFILE: time for this pass = 0.000000 sec (total 0.028000 sec)
RUN PASS with name PRIVATE_CALL_GRAPH_STAGE2
  Analyzing: results\3d\acr31\acr31.f
PROFILE: time for this pass = 0.000000 sec (total 0.029000 sec)
RUN PASS with name MACRO_EXPANSION
  Analyzing: results\3d\acr31\acr31.f
PROFILE: time for this pass = 0.000000 sec (total 0.030000 sec)
RUN PASS with name CONVERT_ASSIGN_TO_LOOP
  Analyzing: results\3d\acr31\acr31.f
PROFILE: time for this pass = 0.001000 sec (total 0.031000 sec)
RUN PASS with name DEF_USE_STAGE1
  Analyzing: results\3d\acr31\acr31.f
PROFILE: time for this pass = 0.005000 sec (total 0.036000 sec)
RUN PASS with name DEF_USE_STAGE2
  Analyzing: results\3d\acr31\acr31.f
PROFILE: time for this pass = 0.000000 sec (total 0.037000 sec)
RUN PASS with name VERIFY_COMMON
  Analyzing: results\3d\acr31\acr31.f
PROFILE: time for this pass = 0.000000 sec (total 0.038000 sec)
RUN PASS with name CALL_GRAPH_IR
  Analyzing: results\3d\acr31\acr31.f
PROFILE: time for this pass = 0.004000 sec (total 0.042000 sec)
RUN PASS with name BUILD_IR
  Analyzing: results\3d\acr31\acr31.f
  count of functions 13, count of lvls 3
     RD time for 'ansyes' function is 0.000 sec, iters 1
     RD time for 'ansno' function is 0.000 sec, iters 1
     RD time for 'serial3' function is 0.000 sec, iters 5

     RD time for 'acr3104' function is 0.001 sec, iters 6
     RD time for 'acr3105' function is 0.000 sec, iters 6
     RD time for 'acr3107' function is 0.000 sec, iters 6
     RD time for 'acr3108' function is 0.001 sec, iters 6
     RD time for 'acr3109' function is 0.001 sec, iters 6
     RD time for 'acr3106' function is 0.001 sec, iters 6
     RD time for 'acr3103' function is 0.001 sec, iters 6
     RD time for 'acr3101' function is 0.001 sec, iters 6
     RD time for 'acr3102' function is 0.001 sec, iters 6

     RD time for 'acr31' function is 0.000 sec, iters 1

PROFILE: time for this pass = 0.015000 sec (total 0.058000 sec)
RUN PASS with name SUBST_EXPR_RD
  Analyzing: results\3d\acr31\acr31.f
PROFILE: time for this pass = 0.006000 sec (total 0.064000 sec)
RUN PASS with name LOOP_GRAPH
  Analyzing: results\3d\acr31\acr31.f
PROFILE: time for this pass = 0.006000 sec (total 0.071000 sec)
RUN PASS with name CALL_GRAPH
  Analyzing: results\3d\acr31\acr31.f
PROFILE: time for this pass = 0.006000 sec (total 0.077000 sec)
RUN PASS with name CALL_GRAPH2
  Analyzing: results\3d\acr31\acr31.f
  run for func acr31
  run for func acr3101
  run for func acr3102
  run for func acr3103
  run for func acr3104
  run for func acr3105
  run for func acr3106
  run for func acr3107
  run for func acr3108
  run for func acr3109
  run for func serial3
  run for func ansyes
  run for func ansno
PROFILE: time for this pass = 0.003000 sec (total 0.081000 sec)
RUN PASS with name GET_STATS_FOR_PREDICTOR
  Analyzing: results\3d\acr31\acr31.f
    PAR LOOP [63 results\3d\acr31\acr31.f] total exec 10305, total exec lines 6, avg 1.7175000000000000e+03
    PAR LOOP [72 results\3d\acr31\acr31.f] total exec 5175, total exec lines 6, avg 8.6250000000000000e+02
    PAR LOOP [83 results\3d\acr31\acr31.f] total exec 6794, total exec lines 10, avg 6.7939999999999998e+02
    PAR LOOP [140 results\3d\acr31\acr31.f] total exec 16059, total exec lines 6, avg 2.6765000000000000e+03
    PAR LOOP [151 results\3d\acr31\acr31.f] total exec 4527, total exec lines 6, avg 7.5450000000000000e+02
    PAR LOOP [164 results\3d\acr31\acr31.f] total exec 5930, total exec lines 10, avg 5.9300000000000000e+02
    PAR LOOP [218 results\3d\acr31\acr31.f] total exec 16059, total exec lines 6, avg 2.6765000000000000e+03
    PAR LOOP [229 results\3d\acr31\acr31.f] total exec 4527, total exec lines 6, avg 7.5450000000000000e+02
    PAR LOOP [241 results\3d\acr31\acr31.f] total exec 5930, total exec lines 10, avg 5.9300000000000000e+02
    PAR LOOP [297 results\3d\acr31\acr31.f] total exec 16059, total exec lines 6, avg 2.6765000000000000e+03
    PAR LOOP [308 results\3d\acr31\acr31.f] total exec 4527, total exec lines 6, avg 7.5450000000000000e+02
    PAR LOOP [320 results\3d\acr31\acr31.f] total exec 5930, total exec lines 10, avg 5.9300000000000000e+02
    PAR LOOP [375 results\3d\acr31\acr31.f] total exec 16059, total exec lines 6, avg 2.6765000000000000e+03
    PAR LOOP [386 results\3d\acr31\acr31.f] total exec 4527, total exec lines 6, avg 7.5450000000000000e+02
    PAR LOOP [398 results\3d\acr31\acr31.f] total exec 5930, total exec lines 10, avg 5.9300000000000000e+02
    PAR LOOP [457 results\3d\acr31\acr31.f] total exec 40953, total exec lines 6, avg 6.8255000000000000e+03
    PAR LOOP [468 results\3d\acr31\acr31.f] total exec 10659, total exec lines 6, avg 1.7765000000000000e+03
    PAR LOOP [483 results\3d\acr31\acr31.f] total exec 13958, total exec lines 10, avg 1.3958000000000000e+03
    PAR LOOP [544 results\3d\acr31\acr31.f] total exec 40953, total exec lines 6, avg 6.8255000000000000e+03
    PAR LOOP [555 results\3d\acr31\acr31.f] total exec 10659, total exec lines 6, avg 1.7765000000000000e+03
    PAR LOOP [568 results\3d\acr31\acr31.f] total exec 13958, total exec lines 10, avg 1.3958000000000000e+03
    PAR LOOP [627 results\3d\acr31\acr31.f] total exec 40953, total exec lines 6, avg 6.8255000000000000e+03
    PAR LOOP [638 results\3d\acr31\acr31.f] total exec 22512, total exec lines 6, avg 3.7520000000000000e+03
    PAR LOOP [650 results\3d\acr31\acr31.f] total exec 13958, total exec lines 10, avg 1.3958000000000000e+03
    PAR LOOP [711 results\3d\acr31\acr31.f] total exec 1807347, total exec lines 6, avg 3.0122450000000000e+05
    PAR LOOP [722 results\3d\acr31\acr31.f] total exec 439893, total exec lines 6, avg 7.3315500000000000e+04
    PAR LOOP [737 results\3d\acr31\acr31.f] total exec 1736756, total exec lines 10, avg 1.7367560000000001e+05
    average_parallel_exec 2.1822712121212120e+04
    parallel_rate 6.3134826239932673e-01
PROFILE: time for this pass = 0.050000 sec (total 0.131000 sec)

--------------------------------------------------
INFO.JSON file copied from ./info.json to ./results\3d\acr31\info.json

==================================================
Processing of acr31.f completed successfully at 2025-04-23 11:56:56
