=== Processing file: prf34.f90 ===
Date and time: 2025-04-23 11:57:38
Dimension: 3d
==================================================

Copied ./sources\3d\prf34.f90 to ./results\3d\prf34\prf34.f90
Command: gfortran -O3 -g -fprofile-arcs -ftest-coverage "./results\3d\prf34\prf34.f90" -o "./results\3d\prf34\prf34"
Output: 

--------------------------------------------------
Command: "./results\3d\prf34\prf34"
Output: 
 ===START OF PRF34========================
 PRF3401  -  complete
 PRF3401  -  complete
 PRF3401  -  complete
 PRF3402  -  complete
 PRF3402  -  complete
 PRF3402  -  complete
 PRF3403  -  complete
 PRF3403  -  complete
 PRF3403  -  complete
 ===END OF PRF34==========================

--------------------------------------------------
Command: gcov -b "./results\3d\prf34\prf34.f90"
Output: 
File 'results/3d/prf34/prf34.f90'
Lines executed:92.31% of 130
Branches executed:100.00% of 164
Taken at least once:78.66% of 164
Calls executed:43.14% of 51
Creating 'prf34.f90.gcov'

Lines executed:92.31% of 130

--------------------------------------------------
GCOV file copied from ./prf34.f90.gcov to ./results\3d\prf34\prf34.f90.gcov
Command: "../SAPFOR/_bin/Release/Sapfor_F.exe" -parse -spf "./results\3d\prf34\prf34.f90"
Output: 
SAPFOR version is 2410, build date: Apr 23 2025 11:52:44, c++ version 201703
  parse file './results\3d\prf34\prf34.f90'
  options: -spf 
files compilation order:
  ./results\3d\prf34\prf34.f90
Parsing was completed successfully

--------------------------------------------------
Command: "../SAPFOR/_bin/Release/Sapfor_F.exe" -passN GET_STATS_FOR_PREDICTOR -keepDVM
Output: 
SAPFOR version is 2410, build date: Apr 23 2025 11:52:44, c++ version 201703
code for pass GET_STATS_FOR_PREDICTOR is 79
RUN PASS with name VERIFY_FUNC_DECL
  Analyzing: results\3d\prf34\prf34.f90
PROFILE: time for this pass = 0.000000 sec (total 0.002000 sec)
RUN PASS with name FILE_LINE_INFO
  Analyzing: results\3d\prf34\prf34.f90
  All lines in project 326
PROFILE: time for this pass = 0.000000 sec (total 0.002000 sec)
RUN PASS with name BUILD_INCLUDE_DEPENDENCIES
  Analyzing: results\3d\prf34\prf34.f90
PROFILE: time for this pass = 0.000000 sec (total 0.003000 sec)
RUN PASS with name CORRECT_VAR_DECL
  Analyzing: results\3d\prf34\prf34.f90
PROFILE: time for this pass = 0.000000 sec (total 0.003000 sec)
RUN PASS with name VERIFY_OPERATORS
  Analyzing: results\3d\prf34\prf34.f90
PROFILE: time for this pass = 0.000000 sec (total 0.003000 sec)
RUN PASS with name VERIFY_ENDDO
  Analyzing: results\3d\prf34\prf34.f90
PROFILE: time for this pass = 0.000000 sec (total 0.004000 sec)
RUN PASS with name VERIFY_INCLUDES
  Analyzing: results\3d\prf34\prf34.f90
PROFILE: time for this pass = 0.000000 sec (total 0.004000 sec)
RUN PASS with name PREPROC_ALLOCATES
  Analyzing: results\3d\prf34\prf34.f90
  attribute (25 results\3d\prf34\prf34.f90) is added to declaration on line 15 of results\3d\prf34\prf34.f90 file
  attribute (70 results\3d\prf34\prf34.f90) is added to declaration on line 15 of results\3d\prf34\prf34.f90 file
  attribute (85 results\3d\prf34\prf34.f90) is added to declaration on line 75 of results\3d\prf34\prf34.f90 file
  attribute (163 results\3d\prf34\prf34.f90) is added to declaration on line 75 of results\3d\prf34\prf34.f90 file
  attribute (178 results\3d\prf34\prf34.f90) is added to declaration on line 168 of results\3d\prf34\prf34.f90 file
  attribute (303 results\3d\prf34\prf34.f90) is added to declaration on line 168 of results\3d\prf34\prf34.f90 file
PROFILE: time for this pass = 0.000000 sec (total 0.005000 sec)
RUN PASS with name CHECK_PAR_REG_DIR
  Analyzing: results\3d\prf34\prf34.f90
PROFILE: time for this pass = 0.000000 sec (total 0.005000 sec)
RUN PASS with name FILL_PARALLEL_REG_IR
  Analyzing: results\3d\prf34\prf34.f90
PROFILE: time for this pass = 0.000000 sec (total 0.006000 sec)
RUN PASS with name GET_ALL_ARRAY_DECL
  Analyzing: results\3d\prf34\prf34.f90
PROFILE: time for this pass = 0.001000 sec (total 0.008000 sec)
RUN PASS with name FILL_COMMON_BLOCKS
  Analyzing: results\3d\prf34\prf34.f90
PROFILE: time for this pass = 0.000000 sec (total 0.008000 sec)
RUN PASS with name PARSE_OMP_DIRS
  Analyzing: results\3d\prf34\prf34.f90
PROFILE: time for this pass = 0.000000 sec (total 0.009000 sec)
RUN PASS with name PREPROC_SPF
  Analyzing: results\3d\prf34\prf34.f90
PROFILE: time for this pass = 0.000000 sec (total 0.009000 sec)
RUN PASS with name CREATE_INTER_TREE
  Analyzing: results\3d\prf34\prf34.f90
PROFILE: time for this pass = 0.001000 sec (total 0.010000 sec)
RUN PASS with name GCOV_PARSER
  Analyzing: results\3d\prf34\prf34.f90
   Error: unable to open file statistic.txt
PROFILE: time for this pass = 0.001000 sec (total 0.012000 sec)
RUN PASS with name VERIFY_FORMAT
  Analyzing: results\3d\prf34\prf34.f90
PROFILE: time for this pass = 0.000000 sec (total 0.012000 sec)
RUN PASS with name VERIFY_DVM_DIRS
  Analyzing: results\3d\prf34\prf34.f90
PROFILE: time for this pass = 0.000000 sec (total 0.012000 sec)
RUN PASS with name PRIVATE_CALL_GRAPH_STAGE1
  Analyzing: results\3d\prf34\prf34.f90
PROFILE: time for this pass = 0.000000 sec (total 0.013000 sec)
RUN PASS with name PRIVATE_CALL_GRAPH_STAGE2
  Analyzing: results\3d\prf34\prf34.f90
PROFILE: time for this pass = 0.000000 sec (total 0.013000 sec)
RUN PASS with name MACRO_EXPANSION
  Analyzing: results\3d\prf34\prf34.f90
PROFILE: time for this pass = 0.000000 sec (total 0.013000 sec)
RUN PASS with name CONVERT_ASSIGN_TO_LOOP
  Analyzing: results\3d\prf34\prf34.f90
PROFILE: time for this pass = 0.000000 sec (total 0.014000 sec)
RUN PASS with name DEF_USE_STAGE1
  Analyzing: results\3d\prf34\prf34.f90
PROFILE: time for this pass = 0.001000 sec (total 0.016000 sec)
RUN PASS with name DEF_USE_STAGE2
  Analyzing: results\3d\prf34\prf34.f90
PROFILE: time for this pass = 0.000000 sec (total 0.016000 sec)
RUN PASS with name VERIFY_COMMON
  Analyzing: results\3d\prf34\prf34.f90
PROFILE: time for this pass = 0.000000 sec (total 0.016000 sec)
RUN PASS with name CALL_GRAPH_IR
  Analyzing: results\3d\prf34\prf34.f90
PROFILE: time for this pass = 0.001000 sec (total 0.018000 sec)
RUN PASS with name BUILD_IR
  Analyzing: results\3d\prf34\prf34.f90
  count of functions 7, count of lvls 3
     RD time for 'ansno' function is 0.000 sec, iters 1
     RD time for 'serial3' function is 0.000 sec, iters 5
     RD time for 'ansyes' function is 0.000 sec, iters 1

     RD time for 'prf3401' function is 0.000 sec, iters 5
     RD time for 'prf3402' function is 0.001 sec, iters 5
     RD time for 'prf3403' function is 0.004 sec, iters 6

     RD time for 'prf34' function is 0.000 sec, iters 1

PROFILE: time for this pass = 0.008000 sec (total 0.027000 sec)
RUN PASS with name SUBST_EXPR_RD
  Analyzing: results\3d\prf34\prf34.f90
PROFILE: time for this pass = 0.002000 sec (total 0.030000 sec)
RUN PASS with name LOOP_GRAPH
  Analyzing: results\3d\prf34\prf34.f90
PROFILE: time for this pass = 0.001000 sec (total 0.032000 sec)
RUN PASS with name CALL_GRAPH
  Analyzing: results\3d\prf34\prf34.f90
PROFILE: time for this pass = 0.002000 sec (total 0.034000 sec)
RUN PASS with name CALL_GRAPH2
  Analyzing: results\3d\prf34\prf34.f90
  run for func prf34
  run for func prf3401
  run for func prf3402
  run for func prf3403
  run for func serial3
  run for func ansyes
  run for func ansno
  added conflict messages to loop on line 37
  added conflict messages to loop on line 97
  added conflict messages to loop on line 191
PROFILE: time for this pass = 0.001000 sec (total 0.036000 sec)
RUN PASS with name GET_STATS_FOR_PREDICTOR
  Analyzing: results\3d\prf34\prf34.f90
    PAR LOOP [29 results\3d\prf34\prf34.f90] total exec 3795, total exec lines 6, avg 6.3250000000000000e+02
    PAR LOOP [89 results\3d\prf34\prf34.f90] total exec 3795, total exec lines 6, avg 6.3250000000000000e+02
    PAR LOOP [182 results\3d\prf34\prf34.f90] total exec 4819, total exec lines 7, avg 6.8842857142857144e+02
    PAR LOOP [199 results\3d\prf34\prf34.f90] total exec 11385, total exec lines 6, avg 1.8975000000000000e+03
    PAR LOOP [207 results\3d\prf34\prf34.f90] total exec 14839, total exec lines 10, avg 1.4839000000000001e+03
    PAR LOOP [223 results\3d\prf34\prf34.f90] total exec 11385, total exec lines 6, avg 1.8975000000000000e+03
    PAR LOOP [231 results\3d\prf34\prf34.f90] total exec 14839, total exec lines 10, avg 1.4839000000000001e+03
    PAR LOOP [247 results\3d\prf34\prf34.f90] total exec 11385, total exec lines 6, avg 1.8975000000000000e+03
    PAR LOOP [255 results\3d\prf34\prf34.f90] total exec 14839, total exec lines 10, avg 1.4839000000000001e+03
    PAR LOOP [271 results\3d\prf34\prf34.f90] total exec 11385, total exec lines 6, avg 1.8975000000000000e+03
    PAR LOOP [279 results\3d\prf34\prf34.f90] total exec 14839, total exec lines 10, avg 1.4839000000000001e+03
    average_parallel_exec 1.4133132530120481e+03
    parallel_rate 8.6914482165878815e-01
PROFILE: time for this pass = 0.014000 sec (total 0.050000 sec)

--------------------------------------------------
INFO.JSON file copied from ./info.json to ./results\3d\prf34\info.json

==================================================
Processing of prf34.f90 completed successfully at 2025-04-23 11:57:39
