=== Processing file: distrwgt2.f ===
Date and time: 2025-04-23 11:56:23
Dimension: 2d
==================================================

Copied ./sources\2d\distrwgt2.f to ./results\2d\distrwgt2\distrwgt2.f
Command: gfortran -O3 -g -fprofile-arcs -ftest-coverage "./results\2d\distrwgt2\distrwgt2.f" -o "./results\2d\distrwgt2\distrwgt2"
Output: 

--------------------------------------------------
Command: "./results\2d\distrwgt2\distrwgt2"
Output: 
 ===START OF distrwgt2========================
 distrw24    -  complete
 distrw25    -  complete
 distrw26    -  complete
 distrw27    -  complete
 distrw28    -  complete
 distrw29    -  complete
 distrw210   -  complete
 distrw211   -  complete
 distrw212   -  complete
 distrw213   -  complete
 distrw214   -  complete
 distrw32    -  complete
 distrw33    -  complete
 distrw34    -  complete
 distrw35    -  complete
 distrw36    -  complete
 distrw37    -  complete
 distrw38    -  complete
 distrw41    -  complete
 distrw42    -  complete
 === END OF distrwgt2 ========================= 

--------------------------------------------------
Command: gcov -b "./results\2d\distrwgt2\distrwgt2.f"
Output: 
File 'results/2d/distrwgt2/distrwgt2.f'
Lines executed:88.47% of 373
Branches executed:100.00% of 426
Taken at least once:81.22% of 426
Calls executed:45.30% of 117
Creating 'distrwgt2.f.gcov'

Lines executed:88.47% of 373

--------------------------------------------------
GCOV file copied from ./distrwgt2.f.gcov to ./results\2d\distrwgt2\distrwgt2.f.gcov
Command: "../SAPFOR/_bin/Release/Sapfor_F.exe" -parse -spf "./results\2d\distrwgt2\distrwgt2.f"
Output: 
SAPFOR version is 2410, build date: Apr 23 2025 11:52:44, c++ version 201703
  parse file './results\2d\distrwgt2\distrwgt2.f'
  options: -spf 
files compilation order:
  ./results\2d\distrwgt2\distrwgt2.f
Parsing was completed successfully

--------------------------------------------------
Command: "../SAPFOR/_bin/Release/Sapfor_F.exe" -passN GET_STATS_FOR_PREDICTOR -keepDVM
Output: 
SAPFOR version is 2410, build date: Apr 23 2025 11:52:44, c++ version 201703
code for pass GET_STATS_FOR_PREDICTOR is 79
RUN PASS with name VERIFY_FUNC_DECL
  Analyzing: results\2d\distrwgt2\distrwgt2.f
PROFILE: time for this pass = 0.001000 sec (total 0.004000 sec)
RUN PASS with name FILE_LINE_INFO
  Analyzing: results\2d\distrwgt2\distrwgt2.f
  All lines in project 1334
PROFILE: time for this pass = 0.000000 sec (total 0.005000 sec)
RUN PASS with name BUILD_INCLUDE_DEPENDENCIES
  Analyzing: results\2d\distrwgt2\distrwgt2.f
PROFILE: time for this pass = 0.000000 sec (total 0.006000 sec)
RUN PASS with name CORRECT_VAR_DECL
  Analyzing: results\2d\distrwgt2\distrwgt2.f
PROFILE: time for this pass = 0.001000 sec (total 0.007000 sec)
RUN PASS with name VERIFY_OPERATORS
  Analyzing: results\2d\distrwgt2\distrwgt2.f
PROFILE: time for this pass = 0.000000 sec (total 0.008000 sec)
RUN PASS with name VERIFY_ENDDO
  Analyzing: results\2d\distrwgt2\distrwgt2.f
PROFILE: time for this pass = 0.000000 sec (total 0.009000 sec)
RUN PASS with name VERIFY_INCLUDES
  Analyzing: results\2d\distrwgt2\distrwgt2.f
PROFILE: time for this pass = 0.000000 sec (total 0.010000 sec)
RUN PASS with name PREPROC_ALLOCATES
  Analyzing: results\2d\distrwgt2\distrwgt2.f
  attribute (114 results\2d\distrwgt2\distrwgt2.f) is added to declaration on line 108 of results\2d\distrwgt2\distrwgt2.f file
  attribute (148 results\2d\distrwgt2\distrwgt2.f) is added to declaration on line 108 of results\2d\distrwgt2\distrwgt2.f file
  attribute (169 results\2d\distrwgt2\distrwgt2.f) is added to declaration on line 163 of results\2d\distrwgt2\distrwgt2.f file
  attribute (203 results\2d\distrwgt2\distrwgt2.f) is added to declaration on line 163 of results\2d\distrwgt2\distrwgt2.f file
  attribute (223 results\2d\distrwgt2\distrwgt2.f) is added to declaration on line 217 of results\2d\distrwgt2\distrwgt2.f file
  attribute (261 results\2d\distrwgt2\distrwgt2.f) is added to declaration on line 217 of results\2d\distrwgt2\distrwgt2.f file
  attribute (281 results\2d\distrwgt2\distrwgt2.f) is added to declaration on line 275 of results\2d\distrwgt2\distrwgt2.f file
  attribute (316 results\2d\distrwgt2\distrwgt2.f) is added to declaration on line 275 of results\2d\distrwgt2\distrwgt2.f file
  attribute (337 results\2d\distrwgt2\distrwgt2.f) is added to declaration on line 331 of results\2d\distrwgt2\distrwgt2.f file
  attribute (371 results\2d\distrwgt2\distrwgt2.f) is added to declaration on line 331 of results\2d\distrwgt2\distrwgt2.f file
  attribute (392 results\2d\distrwgt2\distrwgt2.f) is added to declaration on line 386 of results\2d\distrwgt2\distrwgt2.f file
  attribute (430 results\2d\distrwgt2\distrwgt2.f) is added to declaration on line 386 of results\2d\distrwgt2\distrwgt2.f file
  attribute (454 results\2d\distrwgt2\distrwgt2.f) is added to declaration on line 448 of results\2d\distrwgt2\distrwgt2.f file
  attribute (488 results\2d\distrwgt2\distrwgt2.f) is added to declaration on line 448 of results\2d\distrwgt2\distrwgt2.f file
  attribute (512 results\2d\distrwgt2\distrwgt2.f) is added to declaration on line 506 of results\2d\distrwgt2\distrwgt2.f file
  attribute (548 results\2d\distrwgt2\distrwgt2.f) is added to declaration on line 506 of results\2d\distrwgt2\distrwgt2.f file
  attribute (573 results\2d\distrwgt2\distrwgt2.f) is added to declaration on line 567 of results\2d\distrwgt2\distrwgt2.f file
  attribute (620 results\2d\distrwgt2\distrwgt2.f) is added to declaration on line 567 of results\2d\distrwgt2\distrwgt2.f file
  attribute (644 results\2d\distrwgt2\distrwgt2.f) is added to declaration on line 638 of results\2d\distrwgt2\distrwgt2.f file
  attribute (691 results\2d\distrwgt2\distrwgt2.f) is added to declaration on line 638 of results\2d\distrwgt2\distrwgt2.f file
  attribute (715 results\2d\distrwgt2\distrwgt2.f) is added to declaration on line 709 of results\2d\distrwgt2\distrwgt2.f file
  attribute (762 results\2d\distrwgt2\distrwgt2.f) is added to declaration on line 709 of results\2d\distrwgt2\distrwgt2.f file
  attribute (783 results\2d\distrwgt2\distrwgt2.f) is added to declaration on line 778 of results\2d\distrwgt2\distrwgt2.f file
  attribute (821 results\2d\distrwgt2\distrwgt2.f) is added to declaration on line 778 of results\2d\distrwgt2\distrwgt2.f file
  attribute (843 results\2d\distrwgt2\distrwgt2.f) is added to declaration on line 837 of results\2d\distrwgt2\distrwgt2.f file
  attribute (885 results\2d\distrwgt2\distrwgt2.f) is added to declaration on line 837 of results\2d\distrwgt2\distrwgt2.f file
  attribute (907 results\2d\distrwgt2\distrwgt2.f) is added to declaration on line 901 of results\2d\distrwgt2\distrwgt2.f file
  attribute (946 results\2d\distrwgt2\distrwgt2.f) is added to declaration on line 901 of results\2d\distrwgt2\distrwgt2.f file
  attribute (968 results\2d\distrwgt2\distrwgt2.f) is added to declaration on line 962 of results\2d\distrwgt2\distrwgt2.f file
  attribute (1006 results\2d\distrwgt2\distrwgt2.f) is added to declaration on line 962 of results\2d\distrwgt2\distrwgt2.f file
  attribute (1027 results\2d\distrwgt2\distrwgt2.f) is added to declaration on line 1021 of results\2d\distrwgt2\distrwgt2.f file
  attribute (1067 results\2d\distrwgt2\distrwgt2.f) is added to declaration on line 1021 of results\2d\distrwgt2\distrwgt2.f file
  attribute (1089 results\2d\distrwgt2\distrwgt2.f) is added to declaration on line 1083 of results\2d\distrwgt2\distrwgt2.f file
  attribute (1127 results\2d\distrwgt2\distrwgt2.f) is added to declaration on line 1083 of results\2d\distrwgt2\distrwgt2.f file
  attribute (1148 results\2d\distrwgt2\distrwgt2.f) is added to declaration on line 1142 of results\2d\distrwgt2\distrwgt2.f file
  attribute (1190 results\2d\distrwgt2\distrwgt2.f) is added to declaration on line 1142 of results\2d\distrwgt2\distrwgt2.f file
  attribute (1211 results\2d\distrwgt2\distrwgt2.f) is added to declaration on line 1205 of results\2d\distrwgt2\distrwgt2.f file
  attribute (1253 results\2d\distrwgt2\distrwgt2.f) is added to declaration on line 1205 of results\2d\distrwgt2\distrwgt2.f file
  attribute (1273 results\2d\distrwgt2\distrwgt2.f) is added to declaration on line 1267 of results\2d\distrwgt2\distrwgt2.f file
  attribute (1321 results\2d\distrwgt2\distrwgt2.f) is added to declaration on line 1267 of results\2d\distrwgt2\distrwgt2.f file
PROFILE: time for this pass = 0.001000 sec (total 0.011000 sec)
RUN PASS with name CHECK_PAR_REG_DIR
  Analyzing: results\2d\distrwgt2\distrwgt2.f
PROFILE: time for this pass = 0.000000 sec (total 0.012000 sec)
RUN PASS with name FILL_PARALLEL_REG_IR
  Analyzing: results\2d\distrwgt2\distrwgt2.f
PROFILE: time for this pass = 0.000000 sec (total 0.013000 sec)
RUN PASS with name GET_ALL_ARRAY_DECL
  Analyzing: results\2d\distrwgt2\distrwgt2.f
PROFILE: time for this pass = 0.005000 sec (total 0.018000 sec)
RUN PASS with name FILL_COMMON_BLOCKS
  Analyzing: results\2d\distrwgt2\distrwgt2.f
PROFILE: time for this pass = 0.001000 sec (total 0.020000 sec)
RUN PASS with name PARSE_OMP_DIRS
  Analyzing: results\2d\distrwgt2\distrwgt2.f
PROFILE: time for this pass = 0.001000 sec (total 0.021000 sec)
RUN PASS with name PREPROC_SPF
  Analyzing: results\2d\distrwgt2\distrwgt2.f
PROFILE: time for this pass = 0.000000 sec (total 0.022000 sec)
RUN PASS with name CREATE_INTER_TREE
  Analyzing: results\2d\distrwgt2\distrwgt2.f
PROFILE: time for this pass = 0.003000 sec (total 0.026000 sec)
RUN PASS with name GCOV_PARSER
  Analyzing: results\2d\distrwgt2\distrwgt2.f
   Error: unable to open file statistic.txt
PROFILE: time for this pass = 0.002000 sec (total 0.029000 sec)
RUN PASS with name VERIFY_FORMAT
  Analyzing: results\2d\distrwgt2\distrwgt2.f
PROFILE: time for this pass = 0.000000 sec (total 0.030000 sec)
RUN PASS with name VERIFY_DVM_DIRS
  Analyzing: results\2d\distrwgt2\distrwgt2.f
PROFILE: time for this pass = 0.000000 sec (total 0.030000 sec)
RUN PASS with name PRIVATE_CALL_GRAPH_STAGE1
  Analyzing: results\2d\distrwgt2\distrwgt2.f
PROFILE: time for this pass = 0.000000 sec (total 0.031000 sec)
RUN PASS with name PRIVATE_CALL_GRAPH_STAGE2
  Analyzing: results\2d\distrwgt2\distrwgt2.f
PROFILE: time for this pass = 0.000000 sec (total 0.032000 sec)
RUN PASS with name MACRO_EXPANSION
  Analyzing: results\2d\distrwgt2\distrwgt2.f
PROFILE: time for this pass = 0.000000 sec (total 0.033000 sec)
RUN PASS with name CONVERT_ASSIGN_TO_LOOP
  Analyzing: results\2d\distrwgt2\distrwgt2.f
WARN: can not convert array assign to loop on line -3
WARN: can not convert array assign to loop on line -4
WARN: can not convert array assign to loop on line -6
WARN: can not convert array assign to loop on line -7
WARN: can not convert array assign to loop on line -9
was on line 225 file results\2d\distrwgt2\distrwgt2.f
      a2 = 3
      do  i_1 = 0,11
         do  i_0 = 0,11
            a2(i_0 + 1,i_1 + 1) = 3
         enddo  
      enddo  
WARN: can not convert array assign to loop on line -16
WARN: can not convert array assign to loop on line -18
WARN: can not convert array assign to loop on line -19
WARN: can not convert array assign to loop on line -22
WARN: can not convert array assign to loop on line -23
was on line 394 file results\2d\distrwgt2\distrwgt2.f
      a2 = 8
      do  i_3 = 0,11
         do  i_2 = 0,11
            a2(i_2 + 1,i_3 + 1) = 8
         enddo  
      enddo  
WARN: can not convert array assign to loop on line -30
WARN: can not convert array assign to loop on line -31
WARN: can not convert array assign to loop on line -33
WARN: can not convert array assign to loop on line -34
was on line 514 file results\2d\distrwgt2\distrwgt2.f
      a2 = 1
      do  i_5 = 0,16
         do  i_4 = 0,7
            a2(i_4 + 1,i_5 + 1) = 1
         enddo  
      enddo  
WARN: can not convert array assign to loop on line -41
WARN: can not convert array assign to loop on line -42
was on line 575 file results\2d\distrwgt2\distrwgt2.f
      a2 = 0
      do  i_7 = 0,11
         do  i_6 = 0,9
            a2(i_6 + 1,i_7 + 1) = 0
         enddo  
      enddo  
WARN: can not convert array assign to loop on line -49
WARN: can not convert array assign to loop on line -50
was on line 646 file results\2d\distrwgt2\distrwgt2.f
      a2 = 4
      do  i_9 = 0,6
         do  i_8 = 0,15
            a2(i_8 + 1,i_9 + 1) = 4
         enddo  
      enddo  
WARN: can not convert array assign to loop on line -57
WARN: can not convert array assign to loop on line -58
was on line 717 file results\2d\distrwgt2\distrwgt2.f
      a2 = 0
      do  i_11 = 0,9
         do  i_10 = 0,11
            a2(i_10 + 1,i_11 + 1) = 0
         enddo  
      enddo  
WARN: can not convert array assign to loop on line -65
WARN: can not convert array assign to loop on line -66
WARN: can not convert array assign to loop on line -68
was on line 845 file results\2d\distrwgt2\distrwgt2.f
      a3 = 5
      do  i_14 = 0,7
         do  i_13 = 0,15
            do  i_12 = 0,15
               a3(i_12 + 1,i_13 + 1,i_14 + 1) = 5
            enddo  
         enddo  
      enddo  
WARN: can not convert array assign to loop on line -77
WARN: can not convert array assign to loop on line -80
WARN: can not convert array assign to loop on line -81
WARN: can not convert array assign to loop on line -83
was on line 1029 file results\2d\distrwgt2\distrwgt2.f
      a3 = 2
      do  i_17 = 0,7
         do  i_16 = 0,7
            do  i_15 = 0,7
               a3(i_15 + 1,i_16 + 1,i_17 + 1) = 2
            enddo  
         enddo  
      enddo  
WARN: can not convert array assign to loop on line -92
WARN: can not convert array assign to loop on line -93
WARN: can not convert array assign to loop on line -95
WARN: can not convert array assign to loop on line -96
was on line 1150 file results\2d\distrwgt2\distrwgt2.f
      a3 = 5
      do  i_20 = 0,7
         do  i_19 = 0,7
            do  i_18 = 0,7
               a3(i_18 + 1,i_19 + 1,i_20 + 1) = 5
            enddo  
         enddo  
      enddo  
WARN: can not convert array assign to loop on line -106
WARN: can not convert array assign to loop on line -108
was on line 1275 file results\2d\distrwgt2\distrwgt2.f
      a4 = 3
      do  i_24 = 0,7
         do  i_23 = 0,7
            do  i_22 = 0,7
               do  i_21 = 0,7
                  a4(i_21 + 1,i_22 + 1,i_23 + 1,i_24 + 1) = 3
               enddo  
            enddo  
         enddo  
      enddo  
PROFILE: time for this pass = 0.005000 sec (total 0.038000 sec)
RUN PASS with name DEF_USE_STAGE1
  Analyzing: results\2d\distrwgt2\distrwgt2.f
PROFILE: time for this pass = 0.003000 sec (total 0.042000 sec)
RUN PASS with name DEF_USE_STAGE2
  Analyzing: results\2d\distrwgt2\distrwgt2.f
PROFILE: time for this pass = 0.001000 sec (total 0.043000 sec)
RUN PASS with name VERIFY_COMMON
  Analyzing: results\2d\distrwgt2\distrwgt2.f
PROFILE: time for this pass = 0.000000 sec (total 0.044000 sec)
RUN PASS with name CALL_GRAPH_IR
  Analyzing: results\2d\distrwgt2\distrwgt2.f
PROFILE: time for this pass = 0.002000 sec (total 0.046000 sec)
RUN PASS with name BUILD_IR
  Analyzing: results\2d\distrwgt2\distrwgt2.f
  count of functions 23, count of lvls 3
     RD time for 'ansno' function is 0.000 sec, iters 1
     RD time for 'ansyes' function is 0.000 sec, iters 1

     RD time for 'distrw27' function is 0.000 sec, iters 4
     RD time for 'distrw28' function is 0.000 sec, iters 4
     RD time for 'distrw24' function is 0.000 sec, iters 4
     RD time for 'distrw26' function is 0.000 sec, iters 4
     RD time for 'distrw25' function is 0.000 sec, iters 4
     RD time for 'distrw29' function is 0.000 sec, iters 4
     RD time for 'distrw35' function is 0.000 sec, iters 5
     RD time for 'distrw211' function is 0.000 sec, iters 4
     RD time for 'distrw42' function is 0.001 sec, iters 6
     RD time for 'distrw212' function is 0.000 sec, iters 4
     RD time for 'distrw34' function is 0.000 sec, iters 5
     RD time for 'distrw36' function is 0.000 sec, iters 5
     RD time for 'distrw210' function is 0.000 sec, iters 4
     RD time for 'distrw33' function is 0.000 sec, iters 5
     RD time for 'distrw41' function is 0.000 sec, iters 6
     RD time for 'distrw38' function is 0.000 sec, iters 5
     RD time for 'distrw32' function is 0.000 sec, iters 5
     RD time for 'distrw213' function is 0.000 sec, iters 4
     RD time for 'distrw214' function is 0.000 sec, iters 4
     RD time for 'distrw37' function is 0.000 sec, iters 5

     RD time for 'distrw2' function is 0.000 sec, iters 1

PROFILE: time for this pass = 0.012000 sec (total 0.059000 sec)
RUN PASS with name SUBST_EXPR_RD
  Analyzing: results\2d\distrwgt2\distrwgt2.f
PROFILE: time for this pass = 0.005000 sec (total 0.064000 sec)
RUN PASS with name LOOP_GRAPH
  Analyzing: results\2d\distrwgt2\distrwgt2.f
PROFILE: time for this pass = 0.004000 sec (total 0.069000 sec)
RUN PASS with name CALL_GRAPH
  Analyzing: results\2d\distrwgt2\distrwgt2.f
PROFILE: time for this pass = 0.004000 sec (total 0.073000 sec)
RUN PASS with name CALL_GRAPH2
  Analyzing: results\2d\distrwgt2\distrwgt2.f
  run for func distrw2
  run for func distrw24
  run for func distrw25
  run for func distrw26
  run for func distrw27
  run for func distrw28
  run for func distrw29
  run for func distrw210
  run for func distrw211
  run for func distrw212
  run for func distrw213
  run for func distrw214
  run for func distrw32
  run for func distrw33
  run for func distrw34
  run for func distrw35
  run for func distrw36
  run for func distrw37
  run for func distrw38
  run for func distrw41
  run for func distrw42
  run for func ansyes
  run for func ansno
PROFILE: time for this pass = 0.002000 sec (total 0.076000 sec)
RUN PASS with name GET_STATS_FOR_PREDICTOR
  Analyzing: results\2d\distrwgt2\distrwgt2.f
    PAR LOOP [118 results\2d\distrwgt2\distrwgt2.f] total exec 483, total exec lines 4, avg 1.2075000000000000e+02
    PAR LOOP [131 results\2d\distrwgt2\distrwgt2.f] total exec 639, total exec lines 6, avg 1.0650000000000000e+02
    PAR LOOP [173 results\2d\distrwgt2\distrwgt2.f] total exec 227, total exec lines 4, avg 5.6750000000000000e+01
    PAR LOOP [186 results\2d\distrwgt2\distrwgt2.f] total exec 299, total exec lines 6, avg 4.9833333333333336e+01
    PAR LOOP [231 results\2d\distrwgt2\distrwgt2.f] total exec 483, total exec lines 4, avg 1.2075000000000000e+02
    PAR LOOP [244 results\2d\distrwgt2\distrwgt2.f] total exec 639, total exec lines 6, avg 1.0650000000000000e+02
    PAR LOOP [285 results\2d\distrwgt2\distrwgt2.f] total exec 227, total exec lines 4, avg 5.6750000000000000e+01
    PAR LOOP [298 results\2d\distrwgt2\distrwgt2.f] total exec 363, total exec lines 7, avg 5.1857142857142854e+01
    PAR LOOP [341 results\2d\distrwgt2\distrwgt2.f] total exec 483, total exec lines 4, avg 1.2075000000000000e+02
    PAR LOOP [354 results\2d\distrwgt2\distrwgt2.f] total exec 639, total exec lines 6, avg 1.0650000000000000e+02
    PAR LOOP [400 results\2d\distrwgt2\distrwgt2.f] total exec 483, total exec lines 4, avg 1.2075000000000000e+02
    PAR LOOP [413 results\2d\distrwgt2\distrwgt2.f] total exec 639, total exec lines 6, avg 1.0650000000000000e+02
    PAR LOOP [458 results\2d\distrwgt2\distrwgt2.f] total exec 283, total exec lines 4, avg 7.0750000000000000e+01
    PAR LOOP [471 results\2d\distrwgt2\distrwgt2.f] total exec 373, total exec lines 6, avg 6.2166666666666664e+01
    PAR LOOP [518 results\2d\distrwgt2\distrwgt2.f] total exec 443, total exec lines 4, avg 1.1075000000000000e+02
    PAR LOOP [531 results\2d\distrwgt2\distrwgt2.f] total exec 587, total exec lines 6, avg 9.7833333333333329e+01
    PAR LOOP [579 results\2d\distrwgt2\distrwgt2.f] total exec 403, total exec lines 4, avg 1.0075000000000000e+02
    PAR LOOP [590 results\2d\distrwgt2\distrwgt2.f] total exec 403, total exec lines 4, avg 1.0075000000000000e+02
    PAR LOOP [603 results\2d\distrwgt2\distrwgt2.f] total exec 533, total exec lines 6, avg 8.8833333333333329e+01
    PAR LOOP [650 results\2d\distrwgt2\distrwgt2.f] total exec 403, total exec lines 4, avg 1.0075000000000000e+02
    PAR LOOP [661 results\2d\distrwgt2\distrwgt2.f] total exec 403, total exec lines 4, avg 1.0075000000000000e+02
    PAR LOOP [674 results\2d\distrwgt2\distrwgt2.f] total exec 531, total exec lines 6, avg 8.8500000000000000e+01
    PAR LOOP [721 results\2d\distrwgt2\distrwgt2.f] total exec 411, total exec lines 4, avg 1.0275000000000000e+02
    PAR LOOP [732 results\2d\distrwgt2\distrwgt2.f] total exec 411, total exec lines 4, avg 1.0275000000000000e+02
    PAR LOOP [745 results\2d\distrwgt2\distrwgt2.f] total exec 543, total exec lines 6, avg 9.0500000000000000e+01
    PAR LOOP [787 results\2d\distrwgt2\distrwgt2.f] total exec 5651, total exec lines 6, avg 9.4183333333333337e+02
    PAR LOOP [802 results\2d\distrwgt2\distrwgt2.f] total exec 7379, total exec lines 8, avg 9.2237500000000000e+02
    PAR LOOP [851 results\2d\distrwgt2\distrwgt2.f] total exec 7507, total exec lines 6, avg 1.2511666666666667e+03
    PAR LOOP [866 results\2d\distrwgt2\distrwgt2.f] total exec 9811, total exec lines 8, avg 1.2263750000000000e+03
    PAR LOOP [911 results\2d\distrwgt2\distrwgt2.f] total exec 1899, total exec lines 6, avg 3.1650000000000000e+02
    PAR LOOP [926 results\2d\distrwgt2\distrwgt2.f] total exec 2475, total exec lines 8, avg 3.0937500000000000e+02
    PAR LOOP [972 results\2d\distrwgt2\distrwgt2.f] total exec 1899, total exec lines 6, avg 3.1650000000000000e+02
    PAR LOOP [987 results\2d\distrwgt2\distrwgt2.f] total exec 2475, total exec lines 8, avg 3.0937500000000000e+02
    PAR LOOP [1035 results\2d\distrwgt2\distrwgt2.f] total exec 1899, total exec lines 6, avg 3.1650000000000000e+02
    PAR LOOP [1050 results\2d\distrwgt2\distrwgt2.f] total exec 2475, total exec lines 8, avg 3.0937500000000000e+02
    PAR LOOP [1093 results\2d\distrwgt2\distrwgt2.f] total exec 1899, total exec lines 6, avg 3.1650000000000000e+02
    PAR LOOP [1108 results\2d\distrwgt2\distrwgt2.f] total exec 2475, total exec lines 8, avg 3.0937500000000000e+02
    PAR LOOP [1156 results\2d\distrwgt2\distrwgt2.f] total exec 1899, total exec lines 6, avg 3.1650000000000000e+02
    PAR LOOP [1171 results\2d\distrwgt2\distrwgt2.f] total exec 2475, total exec lines 8, avg 3.0937500000000000e+02
    PAR LOOP [1215 results\2d\distrwgt2\distrwgt2.f] total exec 15275, total exec lines 8, avg 1.9093750000000000e+03
    PAR LOOP [1232 results\2d\distrwgt2\distrwgt2.f] total exec 19883, total exec lines 10, avg 1.9883000000000000e+03
    PAR LOOP [1281 results\2d\distrwgt2\distrwgt2.f] total exec 15275, total exec lines 8, avg 1.9093750000000000e+03
    PAR LOOP [1299 results\2d\distrwgt2\distrwgt2.f] total exec 18859, total exec lines 10, avg 1.8859000000000001e+03
    average_parallel_exec 5.1689105058365760e+02
    parallel_rate 9.3295081046155570e-01
PROFILE: time for this pass = 0.043000 sec (total 0.120000 sec)

--------------------------------------------------
INFO.JSON file copied from ./info.json to ./results\2d\distrwgt2\info.json

==================================================
Processing of distrwgt2.f completed successfully at 2025-04-23 11:56:25
