=== Processing file: prf23.f90 ===
Date and time: 2025-04-23 11:56:31
Dimension: 2d
==================================================

Copied ./sources\2d\prf23.f90 to ./results\2d\prf23\prf23.f90
Command: gfortran -O3 -g -fprofile-arcs -ftest-coverage "./results\2d\prf23\prf23.f90" -o "./results\2d\prf23\prf23"
Output: 

--------------------------------------------------
Command: "./results\2d\prf23\prf23"
Output: 
 ===START OF PRF23========================
 PRF2301  -  complete
 PRF2301  -  complete
 PRF2301  -  complete
 prf2302  -  complete
 prf2302  -  complete
 prf2302  -  complete
 PRF2303  -  complete
 PRF2303  -  complete
 PRF2303  -  complete
 ===END OF PRF23==========================

--------------------------------------------------
Command: gcov -b "./results\2d\prf23\prf23.f90"
Output: 
File 'results/2d/prf23/prf23.f90'
Lines executed:87.61% of 113
Branches executed:97.06% of 136
Taken at least once:69.85% of 136
Calls executed:36.54% of 52
Creating 'prf23.f90.gcov'

Lines executed:87.61% of 113

--------------------------------------------------
GCOV file copied from ./prf23.f90.gcov to ./results\2d\prf23\prf23.f90.gcov
Command: "../SAPFOR/_bin/Release/Sapfor_F.exe" -parse -spf "./results\2d\prf23\prf23.f90"
Output: 
SAPFOR version is 2410, build date: Apr 23 2025 11:52:44, c++ version 201703
  parse file './results\2d\prf23\prf23.f90'
  options: -spf 
files compilation order:
  ./results\2d\prf23\prf23.f90
Parsing was completed successfully

--------------------------------------------------
Command: "../SAPFOR/_bin/Release/Sapfor_F.exe" -passN GET_STATS_FOR_PREDICTOR -keepDVM
Output: 
SAPFOR version is 2410, build date: Apr 23 2025 11:52:44, c++ version 201703
code for pass GET_STATS_FOR_PREDICTOR is 79
RUN PASS with name VERIFY_FUNC_DECL
  Analyzing: results\2d\prf23\prf23.f90
PROFILE: time for this pass = 0.000000 sec (total 0.002000 sec)
RUN PASS with name FILE_LINE_INFO
  Analyzing: results\2d\prf23\prf23.f90
  All lines in project 268
PROFILE: time for this pass = 0.000000 sec (total 0.002000 sec)
RUN PASS with name BUILD_INCLUDE_DEPENDENCIES
  Analyzing: results\2d\prf23\prf23.f90
PROFILE: time for this pass = 0.000000 sec (total 0.002000 sec)
RUN PASS with name CORRECT_VAR_DECL
  Analyzing: results\2d\prf23\prf23.f90
PROFILE: time for this pass = 0.000000 sec (total 0.002000 sec)
RUN PASS with name VERIFY_OPERATORS
  Analyzing: results\2d\prf23\prf23.f90
PROFILE: time for this pass = 0.000000 sec (total 0.003000 sec)
RUN PASS with name VERIFY_ENDDO
  Analyzing: results\2d\prf23\prf23.f90
PROFILE: time for this pass = 0.000000 sec (total 0.003000 sec)
RUN PASS with name VERIFY_INCLUDES
  Analyzing: results\2d\prf23\prf23.f90
PROFILE: time for this pass = 0.000000 sec (total 0.003000 sec)
RUN PASS with name PREPROC_ALLOCATES
  Analyzing: results\2d\prf23\prf23.f90
  attribute (25 results\2d\prf23\prf23.f90) is added to declaration on line 15 of results\2d\prf23\prf23.f90 file
  attribute (65 results\2d\prf23\prf23.f90) is added to declaration on line 15 of results\2d\prf23\prf23.f90 file
  attribute (81 results\2d\prf23\prf23.f90) is added to declaration on line 70 of results\2d\prf23\prf23.f90 file
  attribute (81 results\2d\prf23\prf23.f90) is added to declaration on line 71 of results\2d\prf23\prf23.f90 file
  attribute (150 results\2d\prf23\prf23.f90) is added to declaration on line 70 of results\2d\prf23\prf23.f90 file
  attribute (150 results\2d\prf23\prf23.f90) is added to declaration on line 71 of results\2d\prf23\prf23.f90 file
  attribute (165 results\2d\prf23\prf23.f90) is added to declaration on line 155 of results\2d\prf23\prf23.f90 file
  attribute (247 results\2d\prf23\prf23.f90) is added to declaration on line 155 of results\2d\prf23\prf23.f90 file
PROFILE: time for this pass = 0.000000 sec (total 0.004000 sec)
RUN PASS with name CHECK_PAR_REG_DIR
  Analyzing: results\2d\prf23\prf23.f90
PROFILE: time for this pass = 0.000000 sec (total 0.004000 sec)
RUN PASS with name FILL_PARALLEL_REG_IR
  Analyzing: results\2d\prf23\prf23.f90
PROFILE: time for this pass = 0.000000 sec (total 0.005000 sec)
RUN PASS with name GET_ALL_ARRAY_DECL
  Analyzing: results\2d\prf23\prf23.f90
PROFILE: time for this pass = 0.001000 sec (total 0.007000 sec)
RUN PASS with name FILL_COMMON_BLOCKS
  Analyzing: results\2d\prf23\prf23.f90
PROFILE: time for this pass = 0.000000 sec (total 0.007000 sec)
RUN PASS with name PARSE_OMP_DIRS
  Analyzing: results\2d\prf23\prf23.f90
PROFILE: time for this pass = 0.000000 sec (total 0.007000 sec)
RUN PASS with name PREPROC_SPF
  Analyzing: results\2d\prf23\prf23.f90
PROFILE: time for this pass = 0.000000 sec (total 0.007000 sec)
RUN PASS with name CREATE_INTER_TREE
  Analyzing: results\2d\prf23\prf23.f90
PROFILE: time for this pass = 0.001000 sec (total 0.009000 sec)
RUN PASS with name GCOV_PARSER
  Analyzing: results\2d\prf23\prf23.f90
   Error: unable to open file statistic.txt
PROFILE: time for this pass = 0.000000 sec (total 0.010000 sec)
RUN PASS with name VERIFY_FORMAT
  Analyzing: results\2d\prf23\prf23.f90
PROFILE: time for this pass = 0.000000 sec (total 0.010000 sec)
RUN PASS with name VERIFY_DVM_DIRS
  Analyzing: results\2d\prf23\prf23.f90
PROFILE: time for this pass = 0.000000 sec (total 0.010000 sec)
RUN PASS with name PRIVATE_CALL_GRAPH_STAGE1
  Analyzing: results\2d\prf23\prf23.f90
PROFILE: time for this pass = 0.000000 sec (total 0.011000 sec)
RUN PASS with name PRIVATE_CALL_GRAPH_STAGE2
  Analyzing: results\2d\prf23\prf23.f90
PROFILE: time for this pass = 0.000000 sec (total 0.011000 sec)
RUN PASS with name MACRO_EXPANSION
  Analyzing: results\2d\prf23\prf23.f90
PROFILE: time for this pass = 0.000000 sec (total 0.011000 sec)
RUN PASS with name CONVERT_ASSIGN_TO_LOOP
  Analyzing: results\2d\prf23\prf23.f90
PROFILE: time for this pass = 0.000000 sec (total 0.012000 sec)
RUN PASS with name DEF_USE_STAGE1
  Analyzing: results\2d\prf23\prf23.f90
PROFILE: time for this pass = 0.001000 sec (total 0.013000 sec)
RUN PASS with name DEF_USE_STAGE2
  Analyzing: results\2d\prf23\prf23.f90
PROFILE: time for this pass = 0.000000 sec (total 0.013000 sec)
RUN PASS with name VERIFY_COMMON
  Analyzing: results\2d\prf23\prf23.f90
PROFILE: time for this pass = 0.000000 sec (total 0.013000 sec)
RUN PASS with name CALL_GRAPH_IR
  Analyzing: results\2d\prf23\prf23.f90
PROFILE: time for this pass = 0.000000 sec (total 0.014000 sec)
RUN PASS with name BUILD_IR
  Analyzing: results\2d\prf23\prf23.f90
  count of functions 7, count of lvls 3
     RD time for 'serial2' function is 0.000 sec, iters 4
     RD time for 'ansyes' function is 0.000 sec, iters 1
     RD time for 'ansno' function is 0.000 sec, iters 1

     RD time for 'prf2301' function is 0.000 sec, iters 4
     RD time for 'prf2302' function is 0.000 sec, iters 4
     RD time for 'prf2303' function is 0.001 sec, iters 5

     RD time for 'prf23' function is 0.000 sec, iters 1

PROFILE: time for this pass = 0.004000 sec (total 0.019000 sec)
RUN PASS with name SUBST_EXPR_RD
  Analyzing: results\2d\prf23\prf23.f90
PROFILE: time for this pass = 0.001000 sec (total 0.020000 sec)
RUN PASS with name LOOP_GRAPH
  Analyzing: results\2d\prf23\prf23.f90
PROFILE: time for this pass = 0.001000 sec (total 0.021000 sec)
RUN PASS with name CALL_GRAPH
  Analyzing: results\2d\prf23\prf23.f90
PROFILE: time for this pass = 0.001000 sec (total 0.023000 sec)
RUN PASS with name CALL_GRAPH2
  Analyzing: results\2d\prf23\prf23.f90
  run for func prf23
  run for func prf2301
  run for func prf2302
  run for func prf2303
  run for func serial2
  run for func ansyes
  run for func ansno
  added conflict messages to loop on line 37
  added conflict messages to loop on line 92
  added conflict messages to loop on line 176
PROFILE: time for this pass = 0.001000 sec (total 0.024000 sec)
RUN PASS with name GET_STATS_FOR_PREDICTOR
  Analyzing: results\2d\prf23\prf23.f90
    PAR LOOP [29 results\2d\prf23\prf23.f90] total exec 99, total exec lines 6, avg 1.6500000000000000e+01
    PAR LOOP [85 results\2d\prf23\prf23.f90] total exec 83, total exec lines 5, avg 1.6600000000000001e+01
    PAR LOOP [169 results\2d\prf23\prf23.f90] total exec 83, total exec lines 5, avg 1.6600000000000001e+01
    PAR LOOP [183 results\2d\prf23\prf23.f90] total exec 201, total exec lines 4, avg 5.0250000000000000e+01
    PAR LOOP [189 results\2d\prf23\prf23.f90] total exec 261, total exec lines 7, avg 3.7285714285714285e+01
    PAR LOOP [201 results\2d\prf23\prf23.f90] total exec 201, total exec lines 4, avg 5.0250000000000000e+01
    PAR LOOP [207 results\2d\prf23\prf23.f90] total exec 261, total exec lines 7, avg 3.7285714285714285e+01
    PAR LOOP [219 results\2d\prf23\prf23.f90] total exec 201, total exec lines 4, avg 5.0250000000000000e+01
    PAR LOOP [225 results\2d\prf23\prf23.f90] total exec 261, total exec lines 7, avg 3.7285714285714285e+01
    average_parallel_exec 3.3693877551020407e+01
    parallel_rate 7.1317494600431963e-01
PROFILE: time for this pass = 0.007000 sec (total 0.032000 sec)

--------------------------------------------------
INFO.JSON file copied from ./info.json to ./results\2d\prf23\info.json

==================================================
Processing of prf23.f90 completed successfully at 2025-04-23 11:56:32
