=== Processing file: sh11.f ===
Date and time: 2025-05-06 00:22:55
Dimension: 1d
==================================================

Copied ./sources\1d\sh11.f to ./results\1d\sh11\sh11.f
Command: gfortran -O3 -g -fprofile-arcs -ftest-coverage "./results\1d\sh11\sh11.f" -o "./results\1d\sh11\sh11"
Output: 

--------------------------------------------------
Command: "./results\1d\sh11\sh11"
Output: 
 ===START OF SH11========================
 SH1101  -  complete
 SH1102  -  complete
 SH1103  -  complete
 SH1104  -  complete
 SH1105  -  complete
 SH1106  -  complete
 SH1107  -  complete
 SH1108  -  complete
 SH1109  -  complete
 SH1110  -  complete
 SH1111  -  complete
 SH1112  -  complete
 SH1113  -  complete
 SH1114  -  complete
 SH1115  -  complete
 SH1116  -  complete
 SH1117  -  complete
 === END OF SH11 ========================= 

--------------------------------------------------
Command: gcov -b "./results\1d\sh11\sh11.f"
Output: 
File 'results/1d/sh11/sh11.f'
Lines executed:92.86% of 322
Branches executed:99.51% of 410
Taken at least once:66.34% of 410
Calls executed:27.65% of 170
Creating 'sh11.f.gcov'

Lines executed:92.86% of 322

--------------------------------------------------
GCOV file copied from ./sh11.f.gcov to ./results\1d\sh11\sh11.f.gcov
Command: "../SAPFOR/_bin/Release/Sapfor_F.exe" -parse -spf "./results\1d\sh11\sh11.f"
Output: 
SAPFOR version is 2410, build date: Apr 23 2025 11:52:44, c++ version 201703
  parse file './results\1d\sh11\sh11.f'
  options: -spf 
files compilation order:
  ./results\1d\sh11\sh11.f
Parsing was completed successfully

--------------------------------------------------
Command: "../SAPFOR/_bin/Release/Sapfor_F.exe" -passN GET_STATS_FOR_PREDICTOR -keepDVM
Output: 
SAPFOR version is 2410, build date: Apr 23 2025 11:52:44, c++ version 201703
code for pass GET_STATS_FOR_PREDICTOR is 79
RUN PASS with name VERIFY_FUNC_DECL
  Analyzing: results\1d\sh11\sh11.f
PROFILE: time for this pass = 0.000000 sec (total 0.003000 sec)
RUN PASS with name FILE_LINE_INFO
  Analyzing: results\1d\sh11\sh11.f
  All lines in project 830
PROFILE: time for this pass = 0.000000 sec (total 0.004000 sec)
RUN PASS with name BUILD_INCLUDE_DEPENDENCIES
  Analyzing: results\1d\sh11\sh11.f
PROFILE: time for this pass = 0.000000 sec (total 0.004000 sec)
RUN PASS with name CORRECT_VAR_DECL
  Analyzing: results\1d\sh11\sh11.f
PROFILE: time for this pass = 0.000000 sec (total 0.005000 sec)
RUN PASS with name VERIFY_OPERATORS
  Analyzing: results\1d\sh11\sh11.f
PROFILE: time for this pass = 0.000000 sec (total 0.006000 sec)
RUN PASS with name VERIFY_ENDDO
  Analyzing: results\1d\sh11\sh11.f
PROFILE: time for this pass = 0.000000 sec (total 0.006000 sec)
RUN PASS with name VERIFY_INCLUDES
  Analyzing: results\1d\sh11\sh11.f
PROFILE: time for this pass = 0.000000 sec (total 0.007000 sec)
RUN PASS with name PREPROC_ALLOCATES
  Analyzing: results\1d\sh11\sh11.f
  attribute (61 results\1d\sh11\sh11.f) is added to declaration on line 54 of results\1d\sh11\sh11.f file
  attribute (90 results\1d\sh11\sh11.f) is added to declaration on line 54 of results\1d\sh11\sh11.f file
  attribute (104 results\1d\sh11\sh11.f) is added to declaration on line 97 of results\1d\sh11\sh11.f file
  attribute (133 results\1d\sh11\sh11.f) is added to declaration on line 97 of results\1d\sh11\sh11.f file
  attribute (147 results\1d\sh11\sh11.f) is added to declaration on line 140 of results\1d\sh11\sh11.f file
  attribute (176 results\1d\sh11\sh11.f) is added to declaration on line 140 of results\1d\sh11\sh11.f file
  attribute (191 results\1d\sh11\sh11.f) is added to declaration on line 184 of results\1d\sh11\sh11.f file
  attribute (220 results\1d\sh11\sh11.f) is added to declaration on line 184 of results\1d\sh11\sh11.f file
  attribute (236 results\1d\sh11\sh11.f) is added to declaration on line 228 of results\1d\sh11\sh11.f file
  attribute (265 results\1d\sh11\sh11.f) is added to declaration on line 228 of results\1d\sh11\sh11.f file
  attribute (282 results\1d\sh11\sh11.f) is added to declaration on line 274 of results\1d\sh11\sh11.f file
  attribute (311 results\1d\sh11\sh11.f) is added to declaration on line 274 of results\1d\sh11\sh11.f file
  attribute (327 results\1d\sh11\sh11.f) is added to declaration on line 319 of results\1d\sh11\sh11.f file
  attribute (356 results\1d\sh11\sh11.f) is added to declaration on line 319 of results\1d\sh11\sh11.f file
  attribute (372 results\1d\sh11\sh11.f) is added to declaration on line 364 of results\1d\sh11\sh11.f file
  attribute (401 results\1d\sh11\sh11.f) is added to declaration on line 364 of results\1d\sh11\sh11.f file
  attribute (418 results\1d\sh11\sh11.f) is added to declaration on line 410 of results\1d\sh11\sh11.f file
  attribute (447 results\1d\sh11\sh11.f) is added to declaration on line 410 of results\1d\sh11\sh11.f file
  attribute (463 results\1d\sh11\sh11.f) is added to declaration on line 455 of results\1d\sh11\sh11.f file
  attribute (492 results\1d\sh11\sh11.f) is added to declaration on line 455 of results\1d\sh11\sh11.f file
  attribute (508 results\1d\sh11\sh11.f) is added to declaration on line 500 of results\1d\sh11\sh11.f file
  attribute (537 results\1d\sh11\sh11.f) is added to declaration on line 500 of results\1d\sh11\sh11.f file
  attribute (553 results\1d\sh11\sh11.f) is added to declaration on line 545 of results\1d\sh11\sh11.f file
  attribute (584 results\1d\sh11\sh11.f) is added to declaration on line 545 of results\1d\sh11\sh11.f file
  attribute (600 results\1d\sh11\sh11.f) is added to declaration on line 592 of results\1d\sh11\sh11.f file
  attribute (629 results\1d\sh11\sh11.f) is added to declaration on line 592 of results\1d\sh11\sh11.f file
  attribute (645 results\1d\sh11\sh11.f) is added to declaration on line 637 of results\1d\sh11\sh11.f file
  attribute (674 results\1d\sh11\sh11.f) is added to declaration on line 637 of results\1d\sh11\sh11.f file
  attribute (690 results\1d\sh11\sh11.f) is added to declaration on line 682 of results\1d\sh11\sh11.f file
  attribute (719 results\1d\sh11\sh11.f) is added to declaration on line 682 of results\1d\sh11\sh11.f file
  attribute (735 results\1d\sh11\sh11.f) is added to declaration on line 727 of results\1d\sh11\sh11.f file
  attribute (764 results\1d\sh11\sh11.f) is added to declaration on line 727 of results\1d\sh11\sh11.f file
  attribute (780 results\1d\sh11\sh11.f) is added to declaration on line 772 of results\1d\sh11\sh11.f file
  attribute (810 results\1d\sh11\sh11.f) is added to declaration on line 772 of results\1d\sh11\sh11.f file
PROFILE: time for this pass = 0.001000 sec (total 0.008000 sec)
RUN PASS with name CHECK_PAR_REG_DIR
  Analyzing: results\1d\sh11\sh11.f
PROFILE: time for this pass = 0.000000 sec (total 0.009000 sec)
RUN PASS with name FILL_PARALLEL_REG_IR
  Analyzing: results\1d\sh11\sh11.f
PROFILE: time for this pass = 0.001000 sec (total 0.011000 sec)
RUN PASS with name GET_ALL_ARRAY_DECL
  Analyzing: results\1d\sh11\sh11.f
PROFILE: time for this pass = 0.006000 sec (total 0.017000 sec)
RUN PASS with name FILL_COMMON_BLOCKS
  Analyzing: results\1d\sh11\sh11.f
PROFILE: time for this pass = 0.000000 sec (total 0.017000 sec)
RUN PASS with name PARSE_OMP_DIRS
  Analyzing: results\1d\sh11\sh11.f
PROFILE: time for this pass = 0.000000 sec (total 0.018000 sec)
RUN PASS with name PREPROC_SPF
  Analyzing: results\1d\sh11\sh11.f
PROFILE: time for this pass = 0.000000 sec (total 0.019000 sec)
RUN PASS with name CREATE_INTER_TREE
  Analyzing: results\1d\sh11\sh11.f
PROFILE: time for this pass = 0.003000 sec (total 0.022000 sec)
RUN PASS with name GCOV_PARSER
  Analyzing: results\1d\sh11\sh11.f
   Error: unable to open file statistic.txt
PROFILE: time for this pass = 0.001000 sec (total 0.024000 sec)
RUN PASS with name VERIFY_FORMAT
  Analyzing: results\1d\sh11\sh11.f
PROFILE: time for this pass = 0.000000 sec (total 0.025000 sec)
RUN PASS with name VERIFY_DVM_DIRS
  Analyzing: results\1d\sh11\sh11.f
PROFILE: time for this pass = 0.000000 sec (total 0.025000 sec)
RUN PASS with name PRIVATE_CALL_GRAPH_STAGE1
  Analyzing: results\1d\sh11\sh11.f
PROFILE: time for this pass = 0.000000 sec (total 0.026000 sec)
RUN PASS with name PRIVATE_CALL_GRAPH_STAGE2
  Analyzing: results\1d\sh11\sh11.f
PROFILE: time for this pass = 0.000000 sec (total 0.026000 sec)
RUN PASS with name MACRO_EXPANSION
  Analyzing: results\1d\sh11\sh11.f
PROFILE: time for this pass = 0.000000 sec (total 0.027000 sec)
RUN PASS with name CONVERT_ASSIGN_TO_LOOP
  Analyzing: results\1d\sh11\sh11.f
PROFILE: time for this pass = 0.002000 sec (total 0.029000 sec)
RUN PASS with name DEF_USE_STAGE1
  Analyzing: results\1d\sh11\sh11.f
PROFILE: time for this pass = 0.004000 sec (total 0.034000 sec)
RUN PASS with name DEF_USE_STAGE2
  Analyzing: results\1d\sh11\sh11.f
PROFILE: time for this pass = 0.000000 sec (total 0.035000 sec)
RUN PASS with name VERIFY_COMMON
  Analyzing: results\1d\sh11\sh11.f
PROFILE: time for this pass = 0.000000 sec (total 0.035000 sec)
RUN PASS with name CALL_GRAPH_IR
  Analyzing: results\1d\sh11\sh11.f
PROFILE: time for this pass = 0.004000 sec (total 0.039000 sec)
RUN PASS with name BUILD_IR
  Analyzing: results\1d\sh11\sh11.f
  count of functions 21, count of lvls 3
     RD time for 'ansyes' function is 0.000 sec, iters 1
     RD time for 'serial1' function is 0.000 sec, iters 3
     RD time for 'ansno' function is 0.000 sec, iters 1

     RD time for 'sh1106' function is 0.000 sec, iters 3
     RD time for 'sh1107' function is 0.000 sec, iters 3
     RD time for 'sh1108' function is 0.000 sec, iters 3
     RD time for 'sh1102' function is 0.000 sec, iters 3
     RD time for 'sh1103' function is 0.000 sec, iters 3
     RD time for 'sh1104' function is 0.000 sec, iters 3
     RD time for 'sh1101' function is 0.000 sec, iters 3
     RD time for 'sh1105' function is 0.000 sec, iters 3
     RD time for 'sh1109' function is 0.000 sec, iters 3
     RD time for 'sh1114' function is 0.000 sec, iters 3
     RD time for 'sh1115' function is 0.000 sec, iters 3
     RD time for 'sh1117' function is 0.000 sec, iters 3
     RD time for 'sh1116' function is 0.000 sec, iters 3
     RD time for 'sh1113' function is 0.000 sec, iters 3
     RD time for 'sh1112' function is 0.000 sec, iters 3
     RD time for 'sh1111' function is 0.000 sec, iters 3
     RD time for 'sh1110' function is 0.000 sec, iters 3

     RD time for 'sh11' function is 0.000 sec, iters 1

PROFILE: time for this pass = 0.005000 sec (total 0.045000 sec)
RUN PASS with name SUBST_EXPR_RD
  Analyzing: results\1d\sh11\sh11.f
PROFILE: time for this pass = 0.002000 sec (total 0.048000 sec)
RUN PASS with name LOOP_GRAPH
  Analyzing: results\1d\sh11\sh11.f
PROFILE: time for this pass = 0.002000 sec (total 0.050000 sec)
RUN PASS with name CALL_GRAPH
  Analyzing: results\1d\sh11\sh11.f
PROFILE: time for this pass = 0.005000 sec (total 0.056000 sec)
RUN PASS with name CALL_GRAPH2
  Analyzing: results\1d\sh11\sh11.f
  run for func sh11
  run for func sh1101
  run for func sh1102
  run for func sh1103
  run for func sh1104
  run for func sh1105
  run for func sh1106
  run for func sh1107
  run for func sh1108
  run for func sh1109
  run for func sh1110
  run for func sh1111
  run for func sh1112
  run for func sh1113
  run for func sh1114
  run for func sh1115
  run for func sh1116
  run for func sh1117
  run for func serial1
  run for func ansyes
  run for func ansno
PROFILE: time for this pass = 0.002000 sec (total 0.058000 sec)
RUN PASS with name GET_STATS_FOR_PREDICTOR
  Analyzing: results\1d\sh11\sh11.f
    PAR LOOP [69 results\1d\sh11\sh11.f] total exec 34, total exec lines 2, avg 1.7000000000000000e+01
    PAR LOOP [74 results\1d\sh11\sh11.f] total exec 30, total exec lines 2, avg 1.5000000000000000e+01
    PAR LOOP [79 results\1d\sh11\sh11.f] total exec 45, total exec lines 3, avg 1.5000000000000000e+01
    PAR LOOP [112 results\1d\sh11\sh11.f] total exec 34, total exec lines 2, avg 1.7000000000000000e+01
    PAR LOOP [117 results\1d\sh11\sh11.f] total exec 30, total exec lines 2, avg 1.5000000000000000e+01
    PAR LOOP [122 results\1d\sh11\sh11.f] total exec 45, total exec lines 3, avg 1.5000000000000000e+01
    PAR LOOP [155 results\1d\sh11\sh11.f] total exec 34, total exec lines 2, avg 1.7000000000000000e+01
    PAR LOOP [160 results\1d\sh11\sh11.f] total exec 30, total exec lines 2, avg 1.5000000000000000e+01
    PAR LOOP [165 results\1d\sh11\sh11.f] total exec 45, total exec lines 3, avg 1.5000000000000000e+01
    PAR LOOP [199 results\1d\sh11\sh11.f] total exec 34, total exec lines 2, avg 1.7000000000000000e+01
    PAR LOOP [204 results\1d\sh11\sh11.f] total exec 32, total exec lines 2, avg 1.6000000000000000e+01
    PAR LOOP [209 results\1d\sh11\sh11.f] total exec 48, total exec lines 3, avg 1.6000000000000000e+01
    PAR LOOP [244 results\1d\sh11\sh11.f] total exec 34, total exec lines 2, avg 1.7000000000000000e+01
    PAR LOOP [249 results\1d\sh11\sh11.f] total exec 30, total exec lines 2, avg 1.5000000000000000e+01
    PAR LOOP [254 results\1d\sh11\sh11.f] total exec 45, total exec lines 3, avg 1.5000000000000000e+01
    PAR LOOP [290 results\1d\sh11\sh11.f] total exec 34, total exec lines 2, avg 1.7000000000000000e+01
    PAR LOOP [295 results\1d\sh11\sh11.f] total exec 32, total exec lines 2, avg 1.6000000000000000e+01
    PAR LOOP [300 results\1d\sh11\sh11.f] total exec 48, total exec lines 3, avg 1.6000000000000000e+01
    PAR LOOP [335 results\1d\sh11\sh11.f] total exec 34, total exec lines 2, avg 1.7000000000000000e+01
    PAR LOOP [340 results\1d\sh11\sh11.f] total exec 26, total exec lines 2, avg 1.3000000000000000e+01
    PAR LOOP [345 results\1d\sh11\sh11.f] total exec 39, total exec lines 3, avg 1.3000000000000000e+01
    PAR LOOP [380 results\1d\sh11\sh11.f] total exec 34, total exec lines 2, avg 1.7000000000000000e+01
    PAR LOOP [385 results\1d\sh11\sh11.f] total exec 28, total exec lines 2, avg 1.4000000000000000e+01
    PAR LOOP [390 results\1d\sh11\sh11.f] total exec 42, total exec lines 3, avg 1.4000000000000000e+01
    PAR LOOP [426 results\1d\sh11\sh11.f] total exec 34, total exec lines 2, avg 1.7000000000000000e+01
    PAR LOOP [431 results\1d\sh11\sh11.f] total exec 30, total exec lines 2, avg 1.5000000000000000e+01
    PAR LOOP [436 results\1d\sh11\sh11.f] total exec 45, total exec lines 3, avg 1.5000000000000000e+01
    PAR LOOP [471 results\1d\sh11\sh11.f] total exec 34, total exec lines 2, avg 1.7000000000000000e+01
    PAR LOOP [476 results\1d\sh11\sh11.f] total exec 28, total exec lines 2, avg 1.4000000000000000e+01
    PAR LOOP [481 results\1d\sh11\sh11.f] total exec 42, total exec lines 3, avg 1.4000000000000000e+01
    PAR LOOP [516 results\1d\sh11\sh11.f] total exec 34, total exec lines 2, avg 1.7000000000000000e+01
    PAR LOOP [521 results\1d\sh11\sh11.f] total exec 30, total exec lines 2, avg 1.5000000000000000e+01
    PAR LOOP [526 results\1d\sh11\sh11.f] total exec 45, total exec lines 3, avg 1.5000000000000000e+01
    PAR LOOP [561 results\1d\sh11\sh11.f] total exec 34, total exec lines 2, avg 1.7000000000000000e+01
    PAR LOOP [566 results\1d\sh11\sh11.f] total exec 22, total exec lines 2, avg 1.1000000000000000e+01
    PAR LOOP [571 results\1d\sh11\sh11.f] total exec 33, total exec lines 4, avg 8.2500000000000000e+00
    PAR LOOP [608 results\1d\sh11\sh11.f] total exec 34, total exec lines 2, avg 1.7000000000000000e+01
    PAR LOOP [613 results\1d\sh11\sh11.f] total exec 26, total exec lines 2, avg 1.3000000000000000e+01
    PAR LOOP [618 results\1d\sh11\sh11.f] total exec 39, total exec lines 3, avg 1.3000000000000000e+01
    PAR LOOP [653 results\1d\sh11\sh11.f] total exec 34, total exec lines 2, avg 1.7000000000000000e+01
    PAR LOOP [658 results\1d\sh11\sh11.f] total exec 28, total exec lines 2, avg 1.4000000000000000e+01
    PAR LOOP [663 results\1d\sh11\sh11.f] total exec 42, total exec lines 3, avg 1.4000000000000000e+01
    PAR LOOP [698 results\1d\sh11\sh11.f] total exec 34, total exec lines 2, avg 1.7000000000000000e+01
    PAR LOOP [703 results\1d\sh11\sh11.f] total exec 28, total exec lines 2, avg 1.4000000000000000e+01
    PAR LOOP [708 results\1d\sh11\sh11.f] total exec 42, total exec lines 3, avg 1.4000000000000000e+01
    PAR LOOP [743 results\1d\sh11\sh11.f] total exec 34, total exec lines 2, avg 1.7000000000000000e+01
    PAR LOOP [748 results\1d\sh11\sh11.f] total exec 26, total exec lines 2, avg 1.3000000000000000e+01
    PAR LOOP [753 results\1d\sh11\sh11.f] total exec 39, total exec lines 3, avg 1.3000000000000000e+01
    PAR LOOP [788 results\1d\sh11\sh11.f] total exec 1002, total exec lines 2, avg 5.0100000000000000e+02
    PAR LOOP [793 results\1d\sh11\sh11.f] total exec 958, total exec lines 2, avg 4.7900000000000000e+02
    PAR LOOP [798 results\1d\sh11\sh11.f] total exec 1435, total exec lines 3, avg 4.7833333333333331e+02
    average_parallel_exec 4.2325000000000003e+01
    parallel_rate 4.5070547519744431e-01
PROFILE: time for this pass = 0.039000 sec (total 0.098000 sec)

--------------------------------------------------
INFO.JSON file copied from ./info.json to ./results\1d\sh11\info.json

==================================================
Processing of sh11.f completed successfully at 2025-05-06 00:22:56
