=== Processing file: distrwgt3.f ===
Date and time: 2025-05-06 00:24:50
Dimension: 3d
==================================================

Copied ./sources\3d\distrwgt3.f to ./results\3d\distrwgt3\distrwgt3.f
Command: gfortran -O3 -g -fprofile-arcs -ftest-coverage "./results\3d\distrwgt3\distrwgt3.f" -o "./results\3d\distrwgt3\distrwgt3"
Output: 

--------------------------------------------------
Command: "./results\3d\distrwgt3\distrwgt3"
Output: 
 ===START OF distrwgt3========================
 distrw39    -  complete
 distrw310   -  complete
 distrw311   -  complete
 distrw312   -  complete
 distrw313   -  complete
 distrw314   -  complete
 distrw315   -  complete
 distrw316   -  complete
 distrw317   -  complete
 distrw318   -  complete
 distrw43    -  complete
 === END OF distrwgt3 ========================= 

--------------------------------------------------
Command: gcov -b "./results\3d\distrwgt3\distrwgt3.f"
Output: 
File 'results/3d/distrwgt3/distrwgt3.f'
Lines executed:89.08% of 229
Branches executed:100.00% of 272
Taken at least once:83.82% of 272
Calls executed:48.61% of 72
Creating 'distrwgt3.f.gcov'

Lines executed:89.08% of 229

--------------------------------------------------
GCOV file copied from ./distrwgt3.f.gcov to ./results\3d\distrwgt3\distrwgt3.f.gcov
Command: "../SAPFOR/_bin/Release/Sapfor_F.exe" -parse -spf "./results\3d\distrwgt3\distrwgt3.f"
Output: 
SAPFOR version is 2410, build date: Apr 23 2025 11:52:44, c++ version 201703
  parse file './results\3d\distrwgt3\distrwgt3.f'
  options: -spf 
files compilation order:
  ./results\3d\distrwgt3\distrwgt3.f
Parsing was completed successfully

--------------------------------------------------
Command: "../SAPFOR/_bin/Release/Sapfor_F.exe" -passN GET_STATS_FOR_PREDICTOR -keepDVM
Output: 
SAPFOR version is 2410, build date: Apr 23 2025 11:52:44, c++ version 201703
code for pass GET_STATS_FOR_PREDICTOR is 79
RUN PASS with name VERIFY_FUNC_DECL
  Analyzing: results\3d\distrwgt3\distrwgt3.f
PROFILE: time for this pass = 0.000000 sec (total 0.003000 sec)
RUN PASS with name FILE_LINE_INFO
  Analyzing: results\3d\distrwgt3\distrwgt3.f
  All lines in project 835
PROFILE: time for this pass = 0.000000 sec (total 0.003000 sec)
RUN PASS with name BUILD_INCLUDE_DEPENDENCIES
  Analyzing: results\3d\distrwgt3\distrwgt3.f
PROFILE: time for this pass = 0.000000 sec (total 0.004000 sec)
RUN PASS with name CORRECT_VAR_DECL
  Analyzing: results\3d\distrwgt3\distrwgt3.f
PROFILE: time for this pass = 0.000000 sec (total 0.005000 sec)
RUN PASS with name VERIFY_OPERATORS
  Analyzing: results\3d\distrwgt3\distrwgt3.f
PROFILE: time for this pass = 0.000000 sec (total 0.005000 sec)
RUN PASS with name VERIFY_ENDDO
  Analyzing: results\3d\distrwgt3\distrwgt3.f
PROFILE: time for this pass = 0.000000 sec (total 0.006000 sec)
RUN PASS with name VERIFY_INCLUDES
  Analyzing: results\3d\distrwgt3\distrwgt3.f
PROFILE: time for this pass = 0.000000 sec (total 0.007000 sec)
RUN PASS with name PREPROC_ALLOCATES
  Analyzing: results\3d\distrwgt3\distrwgt3.f
  attribute (82 results\3d\distrwgt3\distrwgt3.f) is added to declaration on line 76 of results\3d\distrwgt3\distrwgt3.f file
  attribute (122 results\3d\distrwgt3\distrwgt3.f) is added to declaration on line 76 of results\3d\distrwgt3\distrwgt3.f file
  attribute (145 results\3d\distrwgt3\distrwgt3.f) is added to declaration on line 139 of results\3d\distrwgt3\distrwgt3.f file
  attribute (188 results\3d\distrwgt3\distrwgt3.f) is added to declaration on line 139 of results\3d\distrwgt3\distrwgt3.f file
  attribute (212 results\3d\distrwgt3\distrwgt3.f) is added to declaration on line 205 of results\3d\distrwgt3\distrwgt3.f file
  attribute (255 results\3d\distrwgt3\distrwgt3.f) is added to declaration on line 205 of results\3d\distrwgt3\distrwgt3.f file
  attribute (280 results\3d\distrwgt3\distrwgt3.f) is added to declaration on line 273 of results\3d\distrwgt3\distrwgt3.f file
  attribute (318 results\3d\distrwgt3\distrwgt3.f) is added to declaration on line 273 of results\3d\distrwgt3\distrwgt3.f file
  attribute (343 results\3d\distrwgt3\distrwgt3.f) is added to declaration on line 337 of results\3d\distrwgt3\distrwgt3.f file
  attribute (381 results\3d\distrwgt3\distrwgt3.f) is added to declaration on line 337 of results\3d\distrwgt3\distrwgt3.f file
  attribute (406 results\3d\distrwgt3\distrwgt3.f) is added to declaration on line 400 of results\3d\distrwgt3\distrwgt3.f file
  attribute (448 results\3d\distrwgt3\distrwgt3.f) is added to declaration on line 400 of results\3d\distrwgt3\distrwgt3.f file
  attribute (471 results\3d\distrwgt3\distrwgt3.f) is added to declaration on line 465 of results\3d\distrwgt3\distrwgt3.f file
  attribute (510 results\3d\distrwgt3\distrwgt3.f) is added to declaration on line 465 of results\3d\distrwgt3\distrwgt3.f file
  attribute (537 results\3d\distrwgt3\distrwgt3.f) is added to declaration on line 530 of results\3d\distrwgt3\distrwgt3.f file
  attribute (580 results\3d\distrwgt3\distrwgt3.f) is added to declaration on line 530 of results\3d\distrwgt3\distrwgt3.f file
  attribute (607 results\3d\distrwgt3\distrwgt3.f) is added to declaration on line 600 of results\3d\distrwgt3\distrwgt3.f file
  attribute (672 results\3d\distrwgt3\distrwgt3.f) is added to declaration on line 600 of results\3d\distrwgt3\distrwgt3.f file
  attribute (699 results\3d\distrwgt3\distrwgt3.f) is added to declaration on line 692 of results\3d\distrwgt3\distrwgt3.f file
  attribute (755 results\3d\distrwgt3\distrwgt3.f) is added to declaration on line 692 of results\3d\distrwgt3\distrwgt3.f file
  attribute (779 results\3d\distrwgt3\distrwgt3.f) is added to declaration on line 772 of results\3d\distrwgt3\distrwgt3.f file
  attribute (821 results\3d\distrwgt3\distrwgt3.f) is added to declaration on line 772 of results\3d\distrwgt3\distrwgt3.f file
PROFILE: time for this pass = 0.000000 sec (total 0.008000 sec)
RUN PASS with name CHECK_PAR_REG_DIR
  Analyzing: results\3d\distrwgt3\distrwgt3.f
PROFILE: time for this pass = 0.000000 sec (total 0.008000 sec)
RUN PASS with name FILL_PARALLEL_REG_IR
  Analyzing: results\3d\distrwgt3\distrwgt3.f
PROFILE: time for this pass = 0.000000 sec (total 0.009000 sec)
RUN PASS with name GET_ALL_ARRAY_DECL
  Analyzing: results\3d\distrwgt3\distrwgt3.f
PROFILE: time for this pass = 0.003000 sec (total 0.013000 sec)
RUN PASS with name FILL_COMMON_BLOCKS
  Analyzing: results\3d\distrwgt3\distrwgt3.f
PROFILE: time for this pass = 0.000000 sec (total 0.013000 sec)
RUN PASS with name PARSE_OMP_DIRS
  Analyzing: results\3d\distrwgt3\distrwgt3.f
PROFILE: time for this pass = 0.000000 sec (total 0.014000 sec)
RUN PASS with name PREPROC_SPF
  Analyzing: results\3d\distrwgt3\distrwgt3.f
PROFILE: time for this pass = 0.000000 sec (total 0.015000 sec)
RUN PASS with name CREATE_INTER_TREE
  Analyzing: results\3d\distrwgt3\distrwgt3.f
PROFILE: time for this pass = 0.003000 sec (total 0.018000 sec)
RUN PASS with name GCOV_PARSER
  Analyzing: results\3d\distrwgt3\distrwgt3.f
   Error: unable to open file statistic.txt
PROFILE: time for this pass = 0.002000 sec (total 0.020000 sec)
RUN PASS with name VERIFY_FORMAT
  Analyzing: results\3d\distrwgt3\distrwgt3.f
PROFILE: time for this pass = 0.000000 sec (total 0.021000 sec)
RUN PASS with name VERIFY_DVM_DIRS
  Analyzing: results\3d\distrwgt3\distrwgt3.f
PROFILE: time for this pass = 0.000000 sec (total 0.021000 sec)
RUN PASS with name PRIVATE_CALL_GRAPH_STAGE1
  Analyzing: results\3d\distrwgt3\distrwgt3.f
PROFILE: time for this pass = 0.000000 sec (total 0.022000 sec)
RUN PASS with name PRIVATE_CALL_GRAPH_STAGE2
  Analyzing: results\3d\distrwgt3\distrwgt3.f
PROFILE: time for this pass = 0.000000 sec (total 0.023000 sec)
RUN PASS with name MACRO_EXPANSION
  Analyzing: results\3d\distrwgt3\distrwgt3.f
PROFILE: time for this pass = 0.000000 sec (total 0.023000 sec)
RUN PASS with name CONVERT_ASSIGN_TO_LOOP
  Analyzing: results\3d\distrwgt3\distrwgt3.f
WARN: can not convert array assign to loop on line -3
WARN: can not convert array assign to loop on line -4
WARN: can not convert array assign to loop on line -5
WARN: can not convert array assign to loop on line -7
WARN: can not convert array assign to loop on line -8
WARN: can not convert array assign to loop on line -9
was on line 147 file results\3d\distrwgt3\distrwgt3.f
      a3 = 2
      do  i_2 = 0,23
         do  i_1 = 0,11
            do  i_0 = 0,11
               a3(i_0 + 1,i_1 + 1,i_2 + 1) = 2
            enddo  
         enddo  
      enddo  
WARN: can not convert array assign to loop on line -18
WARN: can not convert array assign to loop on line -19
WARN: can not convert array assign to loop on line -20
was on line 214 file results\3d\distrwgt3\distrwgt3.f
      a3 = 5
      do  i_5 = 0,9
         do  i_4 = 0,11
            do  i_3 = 0,7
               a3(i_3 + 1,i_4 + 1,i_5 + 1) = 5
            enddo  
         enddo  
      enddo  
WARN: can not convert array assign to loop on line -29
WARN: can not convert array assign to loop on line -30
WARN: can not convert array assign to loop on line -31
WARN: can not convert array assign to loop on line -33
WARN: can not convert array assign to loop on line -34
WARN: can not convert array assign to loop on line -35
WARN: can not convert array assign to loop on line -37
WARN: can not convert array assign to loop on line -38
WARN: can not convert array assign to loop on line -39
was on line 408 file results\3d\distrwgt3\distrwgt3.f
      a3 = 2
      do  i_8 = 0,23
         do  i_7 = 0,14
            do  i_6 = 0,7
               a3(i_6 + 1,i_7 + 1,i_8 + 1) = 2
            enddo  
         enddo  
      enddo  
WARN: can not convert array assign to loop on line -48
WARN: can not convert array assign to loop on line -49
WARN: can not convert array assign to loop on line -50
WARN: can not convert array assign to loop on line -52
WARN: can not convert array assign to loop on line -53
WARN: can not convert array assign to loop on line -54
was on line 539 file results\3d\distrwgt3\distrwgt3.f
      a3 = 2
      do  i_11 = 0,9
         do  i_10 = 0,11
            do  i_9 = 0,7
               a3(i_9 + 1,i_10 + 1,i_11 + 1) = 2
            enddo  
         enddo  
      enddo  
WARN: can not convert array assign to loop on line -63
WARN: can not convert array assign to loop on line -64
WARN: can not convert array assign to loop on line -65
WARN: can not convert array assign to loop on line -67
WARN: can not convert array assign to loop on line -68
WARN: can not convert array assign to loop on line -69
was on line 701 file results\3d\distrwgt3\distrwgt3.f
      a3 = 6
      do  i_14 = 0,14
         do  i_13 = 0,11
            do  i_12 = 0,21
               a3(i_12 + 1,i_13 + 1,i_14 + 1) = 6
            enddo  
         enddo  
      enddo  
WARN: can not convert array assign to loop on line -78
WARN: can not convert array assign to loop on line -79
WARN: can not convert array assign to loop on line -80
PROFILE: time for this pass = 0.003000 sec (total 0.026000 sec)
RUN PASS with name DEF_USE_STAGE1
  Analyzing: results\3d\distrwgt3\distrwgt3.f
PROFILE: time for this pass = 0.001000 sec (total 0.028000 sec)
RUN PASS with name DEF_USE_STAGE2
  Analyzing: results\3d\distrwgt3\distrwgt3.f
PROFILE: time for this pass = 0.000000 sec (total 0.029000 sec)
RUN PASS with name VERIFY_COMMON
  Analyzing: results\3d\distrwgt3\distrwgt3.f
PROFILE: time for this pass = 0.000000 sec (total 0.030000 sec)
RUN PASS with name CALL_GRAPH_IR
  Analyzing: results\3d\distrwgt3\distrwgt3.f
PROFILE: time for this pass = 0.001000 sec (total 0.031000 sec)
RUN PASS with name BUILD_IR
  Analyzing: results\3d\distrwgt3\distrwgt3.f
  count of functions 14, count of lvls 3
     RD time for 'ansyes' function is 0.000 sec, iters 1
     RD time for 'ansno' function is 0.000 sec, iters 1

     RD time for 'distrw39' function is 0.000 sec, iters 5
     RD time for 'distrw310' function is 0.000 sec, iters 5
     RD time for 'distrw43' function is 0.000 sec, iters 6
     RD time for 'distrw316' function is 0.000 sec, iters 5
     RD time for 'distrw311' function is 0.000 sec, iters 5
     RD time for 'distrw312' function is 0.000 sec, iters 5
     RD time for 'distrw313' function is 0.000 sec, iters 5
     RD time for 'distrw314' function is 0.000 sec, iters 5
     RD time for 'distrw315' function is 0.000 sec, iters 5
     RD time for 'distrw317' function is 0.000 sec, iters 5
     RD time for 'distrw318' function is 0.000 sec, iters 5

     RD time for 'distrw3' function is 0.000 sec, iters 1

PROFILE: time for this pass = 0.008000 sec (total 0.040000 sec)
RUN PASS with name SUBST_EXPR_RD
  Analyzing: results\3d\distrwgt3\distrwgt3.f
PROFILE: time for this pass = 0.003000 sec (total 0.043000 sec)
RUN PASS with name LOOP_GRAPH
  Analyzing: results\3d\distrwgt3\distrwgt3.f
PROFILE: time for this pass = 0.002000 sec (total 0.046000 sec)
RUN PASS with name CALL_GRAPH
  Analyzing: results\3d\distrwgt3\distrwgt3.f
PROFILE: time for this pass = 0.002000 sec (total 0.049000 sec)
RUN PASS with name CALL_GRAPH2
  Analyzing: results\3d\distrwgt3\distrwgt3.f
  run for func distrw3
  run for func distrw39
  run for func distrw310
  run for func distrw311
  run for func distrw312
  run for func distrw313
  run for func distrw314
  run for func distrw315
  run for func distrw316
  run for func distrw317
  run for func distrw318
  run for func distrw43
  run for func ansyes
  run for func ansno
PROFILE: time for this pass = 0.001000 sec (total 0.051000 sec)
RUN PASS with name GET_STATS_FOR_PREDICTOR
  Analyzing: results\3d\distrwgt3\distrwgt3.f
    PAR LOOP [86 results\3d\distrwgt3\distrwgt3.f] total exec 13651, total exec lines 6, avg 2.2751666666666665e+03
    PAR LOOP [102 results\3d\distrwgt3\distrwgt3.f] total exec 17491, total exec lines 8, avg 2.1863750000000000e+03
    PAR LOOP [153 results\3d\distrwgt3\distrwgt3.f] total exec 11151, total exec lines 6, avg 1.8585000000000000e+03
    PAR LOOP [168 results\3d\distrwgt3\distrwgt3.f] total exec 14463, total exec lines 8, avg 1.8078750000000000e+03
    PAR LOOP [220 results\3d\distrwgt3\distrwgt3.f] total exec 3403, total exec lines 6, avg 5.6716666666666663e+02
    PAR LOOP [236 results\3d\distrwgt3\distrwgt3.f] total exec 4459, total exec lines 8, avg 5.5737500000000000e+02
    PAR LOOP [284 results\3d\distrwgt3\distrwgt3.f] total exec 6153, total exec lines 6, avg 1.0255000000000000e+03
    PAR LOOP [299 results\3d\distrwgt3\distrwgt3.f] total exec 7953, total exec lines 8, avg 9.9412500000000000e+02
    PAR LOOP [347 results\3d\distrwgt3\distrwgt3.f] total exec 1899, total exec lines 6, avg 3.1650000000000000e+02
    PAR LOOP [362 results\3d\distrwgt3\distrwgt3.f] total exec 2475, total exec lines 8, avg 3.0937500000000000e+02
    PAR LOOP [414 results\3d\distrwgt3\distrwgt3.f] total exec 9283, total exec lines 6, avg 1.5471666666666667e+03
    PAR LOOP [429 results\3d\distrwgt3\distrwgt3.f] total exec 12283, total exec lines 8, avg 1.5353750000000000e+03
    PAR LOOP [475 results\3d\distrwgt3\distrwgt3.f] total exec 3543, total exec lines 6, avg 5.9050000000000000e+02
    PAR LOOP [491 results\3d\distrwgt3\distrwgt3.f] total exec 4623, total exec lines 8, avg 5.7787500000000000e+02
    PAR LOOP [545 results\3d\distrwgt3\distrwgt3.f] total exec 3403, total exec lines 6, avg 5.6716666666666663e+02
    PAR LOOP [561 results\3d\distrwgt3\distrwgt3.f] total exec 4459, total exec lines 8, avg 5.5737500000000000e+02
    PAR LOOP [613 results\3d\distrwgt3\distrwgt3.f] total exec 3543, total exec lines 6, avg 5.9050000000000000e+02
    PAR LOOP [627 results\3d\distrwgt3\distrwgt3.f] total exec 3543, total exec lines 6, avg 5.9050000000000000e+02
    PAR LOOP [640 results\3d\distrwgt3\distrwgt3.f] total exec 3543, total exec lines 6, avg 5.9050000000000000e+02
    PAR LOOP [653 results\3d\distrwgt3\distrwgt3.f] total exec 4623, total exec lines 8, avg 5.7787500000000000e+02
    PAR LOOP [707 results\3d\distrwgt3\distrwgt3.f] total exec 13313, total exec lines 6, avg 2.2188333333333335e+03
    PAR LOOP [721 results\3d\distrwgt3\distrwgt3.f] total exec 13313, total exec lines 6, avg 2.2188333333333335e+03
    PAR LOOP [736 results\3d\distrwgt3\distrwgt3.f] total exec 17537, total exec lines 8, avg 2.1921250000000000e+03
    PAR LOOP [783 results\3d\distrwgt3\distrwgt3.f] total exec 91515, total exec lines 8, avg 1.1439375000000000e+04
    PAR LOOP [800 results\3d\distrwgt3\distrwgt3.f] total exec 119163, total exec lines 10, avg 1.1916299999999999e+04
    average_parallel_exec 2.2203693181818180e+03
    parallel_rate 9.6576446107384872e-01
PROFILE: time for this pass = 0.022000 sec (total 0.073000 sec)

--------------------------------------------------
INFO.JSON file copied from ./info.json to ./results\3d\distrwgt3\info.json

==================================================
Processing of distrwgt3.f completed successfully at 2025-05-06 00:24:51
