=== Processing file: red22.f ===
Date and time: 2025-05-06 00:23:51
Dimension: 2d
==================================================

Copied ./sources\2d\red22.f to ./results\2d\red22\red22.f
Command: gfortran -O3 -g -fprofile-arcs -ftest-coverage "./results\2d\red22\red22.f" -o "./results\2d\red22\red22"
Output: 

--------------------------------------------------
Command: "./results\2d\red22\red22"
Output: 
 ===START OF RED22=======================
 RED2201  -  complete
 RED2202  -  complete
 RED2203  -  complete
 RED2204  -  complete
 RED2205  -  complete
 RED2206  -  complete
 RED2207  -  complete
 RED2208  -  complete
 RED2209  -  complete
 RED2210  -  complete
 RED2211  -  complete
 RED2212  -  complete
 RED2213  -  complete
 RED2214  -  complete
 === END OF RED22 ========================= 

--------------------------------------------------
Command: gcov -b "./results\2d\red22\red22.f"
Output: 
File 'results/2d/red22/red22.f'
Lines executed:92.71% of 439
Branches executed:96.81% of 376
Taken at least once:76.60% of 376
Calls executed:43.22% of 118
Creating 'red22.f.gcov'

Lines executed:92.71% of 439

--------------------------------------------------
GCOV file copied from ./red22.f.gcov to ./results\2d\red22\red22.f.gcov
Command: "../SAPFOR/_bin/Release/Sapfor_F.exe" -parse -spf "./results\2d\red22\red22.f"
Output: 
SAPFOR version is 2410, build date: Apr 23 2025 11:52:44, c++ version 201703
  parse file './results\2d\red22\red22.f'
  options: -spf 
files compilation order:
  ./results\2d\red22\red22.f
Parsing was completed successfully

--------------------------------------------------
Command: "../SAPFOR/_bin/Release/Sapfor_F.exe" -passN GET_STATS_FOR_PREDICTOR -keepDVM
Output: 
SAPFOR version is 2410, build date: Apr 23 2025 11:52:44, c++ version 201703
code for pass GET_STATS_FOR_PREDICTOR is 79
RUN PASS with name VERIFY_FUNC_DECL
  Analyzing: results\2d\red22\red22.f
PROFILE: time for this pass = 0.000000 sec (total 0.003000 sec)
RUN PASS with name FILE_LINE_INFO
  Analyzing: results\2d\red22\red22.f
  All lines in project 939
PROFILE: time for this pass = 0.000000 sec (total 0.004000 sec)
RUN PASS with name BUILD_INCLUDE_DEPENDENCIES
  Analyzing: results\2d\red22\red22.f
PROFILE: time for this pass = 0.000000 sec (total 0.004000 sec)
RUN PASS with name CORRECT_VAR_DECL
  Analyzing: results\2d\red22\red22.f
PROFILE: time for this pass = 0.000000 sec (total 0.005000 sec)
RUN PASS with name VERIFY_OPERATORS
  Analyzing: results\2d\red22\red22.f
PROFILE: time for this pass = 0.000000 sec (total 0.006000 sec)
RUN PASS with name VERIFY_ENDDO
  Analyzing: results\2d\red22\red22.f
PROFILE: time for this pass = 0.000000 sec (total 0.007000 sec)
RUN PASS with name VERIFY_INCLUDES
  Analyzing: results\2d\red22\red22.f
PROFILE: time for this pass = 0.000000 sec (total 0.007000 sec)
RUN PASS with name PREPROC_ALLOCATES
  Analyzing: results\2d\red22\red22.f
  attribute (55 results\2d\red22\red22.f) is added to declaration on line 48 of results\2d\red22\red22.f file
  attribute (85 results\2d\red22\red22.f) is added to declaration on line 48 of results\2d\red22\red22.f file
  attribute (98 results\2d\red22\red22.f) is added to declaration on line 92 of results\2d\red22\red22.f file
  attribute (133 results\2d\red22\red22.f) is added to declaration on line 92 of results\2d\red22\red22.f file
  attribute (146 results\2d\red22\red22.f) is added to declaration on line 140 of results\2d\red22\red22.f file
  attribute (178 results\2d\red22\red22.f) is added to declaration on line 140 of results\2d\red22\red22.f file
  attribute (192 results\2d\red22\red22.f) is added to declaration on line 186 of results\2d\red22\red22.f file
  attribute (225 results\2d\red22\red22.f) is added to declaration on line 186 of results\2d\red22\red22.f file
  attribute (239 results\2d\red22\red22.f) is added to declaration on line 233 of results\2d\red22\red22.f file
  attribute (271 results\2d\red22\red22.f) is added to declaration on line 233 of results\2d\red22\red22.f file
  attribute (287 results\2d\red22\red22.f) is added to declaration on line 280 of results\2d\red22\red22.f file
  attribute (322 results\2d\red22\red22.f) is added to declaration on line 280 of results\2d\red22\red22.f file
  attribute (335 results\2d\red22\red22.f) is added to declaration on line 329 of results\2d\red22\red22.f file
  attribute (376 results\2d\red22\red22.f) is added to declaration on line 329 of results\2d\red22\red22.f file
  attribute (389 results\2d\red22\red22.f) is added to declaration on line 383 of results\2d\red22\red22.f file
  attribute (431 results\2d\red22\red22.f) is added to declaration on line 383 of results\2d\red22\red22.f file
  attribute (444 results\2d\red22\red22.f) is added to declaration on line 438 of results\2d\red22\red22.f file
  attribute (486 results\2d\red22\red22.f) is added to declaration on line 438 of results\2d\red22\red22.f file
  attribute (499 results\2d\red22\red22.f) is added to declaration on line 493 of results\2d\red22\red22.f file
  attribute (541 results\2d\red22\red22.f) is added to declaration on line 493 of results\2d\red22\red22.f file
  attribute (556 results\2d\red22\red22.f) is added to declaration on line 548 of results\2d\red22\red22.f file
  attribute (597 results\2d\red22\red22.f) is added to declaration on line 548 of results\2d\red22\red22.f file
  attribute (612 results\2d\red22\red22.f) is added to declaration on line 604 of results\2d\red22\red22.f file
  attribute (653 results\2d\red22\red22.f) is added to declaration on line 604 of results\2d\red22\red22.f file
  attribute (668 results\2d\red22\red22.f) is added to declaration on line 660 of results\2d\red22\red22.f file
  attribute (720 results\2d\red22\red22.f) is added to declaration on line 660 of results\2d\red22\red22.f file
  attribute (736 results\2d\red22\red22.f) is added to declaration on line 727 of results\2d\red22\red22.f file
  attribute (737 results\2d\red22\red22.f) is added to declaration on line 729 of results\2d\red22\red22.f file
  attribute (796 results\2d\red22\red22.f) is added to declaration on line 729 of results\2d\red22\red22.f file
  attribute (797 results\2d\red22\red22.f) is added to declaration on line 727 of results\2d\red22\red22.f file
PROFILE: time for this pass = 0.001000 sec (total 0.009000 sec)
RUN PASS with name CHECK_PAR_REG_DIR
  Analyzing: results\2d\red22\red22.f
PROFILE: time for this pass = 0.000000 sec (total 0.009000 sec)
RUN PASS with name FILL_PARALLEL_REG_IR
  Analyzing: results\2d\red22\red22.f
PROFILE: time for this pass = 0.000000 sec (total 0.010000 sec)
RUN PASS with name GET_ALL_ARRAY_DECL
  Analyzing: results\2d\red22\red22.f
PROFILE: time for this pass = 0.004000 sec (total 0.015000 sec)
RUN PASS with name FILL_COMMON_BLOCKS
  Analyzing: results\2d\red22\red22.f
PROFILE: time for this pass = 0.000000 sec (total 0.016000 sec)
RUN PASS with name PARSE_OMP_DIRS
  Analyzing: results\2d\red22\red22.f
PROFILE: time for this pass = 0.000000 sec (total 0.017000 sec)
RUN PASS with name PREPROC_SPF
  Analyzing: results\2d\red22\red22.f
PROFILE: time for this pass = 0.000000 sec (total 0.018000 sec)
RUN PASS with name CREATE_INTER_TREE
  Analyzing: results\2d\red22\red22.f
PROFILE: time for this pass = 0.002000 sec (total 0.021000 sec)
RUN PASS with name GCOV_PARSER
  Analyzing: results\2d\red22\red22.f
   Error: unable to open file statistic.txt
PROFILE: time for this pass = 0.002000 sec (total 0.023000 sec)
RUN PASS with name VERIFY_FORMAT
  Analyzing: results\2d\red22\red22.f
PROFILE: time for this pass = 0.000000 sec (total 0.023000 sec)
RUN PASS with name VERIFY_DVM_DIRS
  Analyzing: results\2d\red22\red22.f
PROFILE: time for this pass = 0.000000 sec (total 0.024000 sec)
RUN PASS with name PRIVATE_CALL_GRAPH_STAGE1
  Analyzing: results\2d\red22\red22.f
PROFILE: time for this pass = 0.000000 sec (total 0.025000 sec)
RUN PASS with name PRIVATE_CALL_GRAPH_STAGE2
  Analyzing: results\2d\red22\red22.f
PROFILE: time for this pass = 0.000000 sec (total 0.025000 sec)
RUN PASS with name MACRO_EXPANSION
  Analyzing: results\2d\red22\red22.f
PROFILE: time for this pass = 0.000000 sec (total 0.026000 sec)
RUN PASS with name CONVERT_ASSIGN_TO_LOOP
  Analyzing: results\2d\red22\red22.f
PROFILE: time for this pass = 0.001000 sec (total 0.028000 sec)
RUN PASS with name DEF_USE_STAGE1
  Analyzing: results\2d\red22\red22.f
PROFILE: time for this pass = 0.004000 sec (total 0.032000 sec)
RUN PASS with name DEF_USE_STAGE2
  Analyzing: results\2d\red22\red22.f
PROFILE: time for this pass = 0.000000 sec (total 0.033000 sec)
RUN PASS with name VERIFY_COMMON
  Analyzing: results\2d\red22\red22.f
PROFILE: time for this pass = 0.000000 sec (total 0.033000 sec)
RUN PASS with name CALL_GRAPH_IR
  Analyzing: results\2d\red22\red22.f
PROFILE: time for this pass = 0.003000 sec (total 0.037000 sec)
RUN PASS with name BUILD_IR
  Analyzing: results\2d\red22\red22.f
  count of functions 23, count of lvls 3
     RD time for 'sersum2' function is 0.000 sec, iters 4
     RD time for 'sersum2mr' function is 0.000 sec, iters 4
     RD time for 'serprod2' function is 0.000 sec, iters 4
     RD time for 'serlog2' function is 0.000 sec, iters 4
     RD time for 'ansno' function is 0.000 sec, iters 1
     RD time for 'sersum2m' function is 0.000 sec, iters 4
     RD time for 'ansyes' function is 0.000 sec, iters 1
     RD time for 'serprodr2' function is 0.000 sec, iters 4

     RD time for 'red2202' function is 0.000 sec, iters 4
     RD time for 'red2203' function is 0.000 sec, iters 4
     RD time for 'red2204' function is 0.000 sec, iters 4
     RD time for 'red2205' function is 0.000 sec, iters 4
     RD time for 'red2201' function is 0.000 sec, iters 4
     RD time for 'red2206' function is 0.000 sec, iters 4
     RD time for 'red2211' function is 0.000 sec, iters 4
     RD time for 'red2207' function is 0.000 sec, iters 4
     RD time for 'red2209' function is 0.000 sec, iters 4
     RD time for 'red2214' function is 0.000 sec, iters 4
     RD time for 'red2210' function is 0.000 sec, iters 4
     RD time for 'red2213' function is 0.000 sec, iters 4
     RD time for 'red2208' function is 0.000 sec, iters 4
     RD time for 'red2212' function is 0.000 sec, iters 4

     RD time for 'red22' function is 0.000 sec, iters 1

PROFILE: time for this pass = 0.010000 sec (total 0.048000 sec)
RUN PASS with name SUBST_EXPR_RD
  Analyzing: results\2d\red22\red22.f
PROFILE: time for this pass = 0.004000 sec (total 0.052000 sec)
RUN PASS with name LOOP_GRAPH
  Analyzing: results\2d\red22\red22.f
PROFILE: time for this pass = 0.002000 sec (total 0.055000 sec)
RUN PASS with name CALL_GRAPH
  Analyzing: results\2d\red22\red22.f
PROFILE: time for this pass = 0.005000 sec (total 0.061000 sec)
RUN PASS with name CALL_GRAPH2
  Analyzing: results\2d\red22\red22.f
  run for func red22
  run for func red2201
  run for func red2202
  run for func red2203
  run for func red2204
  run for func red2205
  run for func red2206
  run for func red2207
  run for func red2208
  run for func red2209
  run for func red2210
  run for func red2211
  run for func red2212
  run for func red2213
  run for func red2214
  run for func sersum2
  run for func sersum2m
  run for func sersum2mr
  run for func serprod2
  run for func serprodr2
  run for func serlog2
  run for func ansyes
  run for func ansno
PROFILE: time for this pass = 0.003000 sec (total 0.064000 sec)
RUN PASS with name GET_STATS_FOR_PREDICTOR
  Analyzing: results\2d\red22\red22.f
    PAR LOOP [65 results\2d\red22\red22.f] total exec 451, total exec lines 4, avg 1.1275000000000000e+02
    PAR LOOP [72 results\2d\red22\red22.f] total exec 451, total exec lines 4, avg 1.1275000000000000e+02
    PAR LOOP [108 results\2d\red22\red22.f] total exec 867, total exec lines 8, avg 1.0837500000000000e+02
    PAR LOOP [120 results\2d\red22\red22.f] total exec 451, total exec lines 4, avg 1.1275000000000000e+02
    PAR LOOP [149 results\2d\red22\red22.f] total exec 451, total exec lines 4, avg 1.1275000000000000e+02
    PAR LOOP [165 results\2d\red22\red22.f] total exec 595, total exec lines 5, avg 1.1900000000000000e+02
    PAR LOOP [195 results\2d\red22\red22.f] total exec 451, total exec lines 4, avg 1.1275000000000000e+02
    PAR LOOP [212 results\2d\red22\red22.f] total exec 558, total exec lines 5, avg 1.1159999999999999e+02
    PAR LOOP [242 results\2d\red22\red22.f] total exec 451, total exec lines 4, avg 1.1275000000000000e+02
    PAR LOOP [258 results\2d\red22\red22.f] total exec 558, total exec lines 5, avg 1.1159999999999999e+02
    PAR LOOP [298 results\2d\red22\red22.f] total exec 435, total exec lines 8, avg 5.4375000000000000e+01
    PAR LOOP [309 results\2d\red22\red22.f] total exec 227, total exec lines 4, avg 5.6750000000000000e+01
    PAR LOOP [340 results\2d\red22\red22.f] total exec 83, total exec lines 4, avg 2.0750000000000000e+01
    PAR LOOP [347 results\2d\red22\red22.f] total exec 83, total exec lines 4, avg 2.0750000000000000e+01
    PAR LOOP [359 results\2d\red22\red22.f] total exec 866, total exec lines 7, avg 1.2371428571428571e+02
    PAR LOOP [395 results\2d\red22\red22.f] total exec 83, total exec lines 4, avg 2.0750000000000000e+01
    PAR LOOP [402 results\2d\red22\red22.f] total exec 83, total exec lines 4, avg 2.0750000000000000e+01
    PAR LOOP [414 results\2d\red22\red22.f] total exec 866, total exec lines 7, avg 1.2371428571428571e+02
    PAR LOOP [450 results\2d\red22\red22.f] total exec 83, total exec lines 4, avg 2.0750000000000000e+01
    PAR LOOP [457 results\2d\red22\red22.f] total exec 83, total exec lines 4, avg 2.0750000000000000e+01
    PAR LOOP [469 results\2d\red22\red22.f] total exec 866, total exec lines 7, avg 1.2371428571428571e+02
    PAR LOOP [505 results\2d\red22\red22.f] total exec 83, total exec lines 4, avg 2.0750000000000000e+01
    PAR LOOP [511 results\2d\red22\red22.f] total exec 83, total exec lines 4, avg 2.0750000000000000e+01
    PAR LOOP [523 results\2d\red22\red22.f] total exec 865, total exec lines 8, avg 1.0812500000000000e+02
    PAR LOOP [559 results\2d\red22\red22.f] total exec 451, total exec lines 4, avg 1.1275000000000000e+02
    PAR LOOP [579 results\2d\red22\red22.f] total exec 714, total exec lines 8, avg 8.9250000000000000e+01
    PAR LOOP [615 results\2d\red22\red22.f] total exec 451, total exec lines 4, avg 1.1275000000000000e+02
    PAR LOOP [635 results\2d\red22\red22.f] total exec 561, total exec lines 8, avg 7.0125000000000000e+01
    PAR LOOP [675 results\2d\red22\red22.f] total exec 451, total exec lines 4, avg 1.1275000000000000e+02
    PAR LOOP [701 results\2d\red22\red22.f] total exec 979, total exec lines 8, avg 1.2237500000000000e+02
    PAR LOOP [746 results\2d\red22\red22.f] total exec 83, total exec lines 4, avg 2.0750000000000000e+01
    PAR LOOP [752 results\2d\red22\red22.f] total exec 83, total exec lines 4, avg 2.0750000000000000e+01
    PAR LOOP [765 results\2d\red22\red22.f] total exec 867, total exec lines 8, avg 1.0837500000000000e+02
    PAR LOOP [777 results\2d\red22\red22.f] total exec 994, total exec lines 8, avg 1.2425000000000000e+02
    average_parallel_exec 8.7261111111111106e+01
    parallel_rate 5.3414269196762565e-01
PROFILE: time for this pass = 0.035000 sec (total 0.100000 sec)

--------------------------------------------------
INFO.JSON file copied from ./info.json to ./results\2d\red22\info.json

==================================================
Processing of red22.f completed successfully at 2025-05-06 00:23:52
