=== Processing file: distrmult1.f ===
Date and time: 2025-05-06 00:22:13
Dimension: 1d
==================================================

Copied ./sources\1d\distrmult1.f to ./results\1d\distrmult1\distrmult1.f
Command: gfortran -O3 -g -fprofile-arcs -ftest-coverage "./results\1d\distrmult1\distrmult1.f" -o "./results\1d\distrmult1\distrmult1"
Output: 

--------------------------------------------------
Command: "./results\1d\distrmult1\distrmult1"
Output: 
 ===START OF distrmult1========================
 distrm11    -  complete
 distrm12    -  complete
 distrm13    -  complete
 distrm14    -  complete
 distrm15    -  complete
 distrm16    -  complete
 distrm17    -  complete
 distrm21    -  complete
 distrm22    -  complete
 distrm23    -  complete
 === END OF distrmult1 ========================= 

--------------------------------------------------
Command: gcov -b "./results\1d\distrmult1\distrmult1.f"
Output: 
File 'results/1d/distrmult1/distrmult1.f'
Lines executed:85.53% of 159
Branches executed:100.00% of 140
Taken at least once:71.43% of 140
Calls executed:49.25% of 67
Creating 'distrmult1.f.gcov'

Lines executed:85.53% of 159

--------------------------------------------------
GCOV file copied from ./distrmult1.f.gcov to ./results\1d\distrmult1\distrmult1.f.gcov
Command: "../SAPFOR/_bin/Release/Sapfor_F.exe" -parse -spf "./results\1d\distrmult1\distrmult1.f"
Output: 
SAPFOR version is 2410, build date: Apr 23 2025 11:52:44, c++ version 201703
  parse file './results\1d\distrmult1\distrmult1.f'
  options: -spf 
files compilation order:
  ./results\1d\distrmult1\distrmult1.f
Parsing was completed successfully

--------------------------------------------------
Command: "../SAPFOR/_bin/Release/Sapfor_F.exe" -passN GET_STATS_FOR_PREDICTOR -keepDVM
Output: 
SAPFOR version is 2410, build date: Apr 23 2025 11:52:44, c++ version 201703
code for pass GET_STATS_FOR_PREDICTOR is 79
RUN PASS with name VERIFY_FUNC_DECL
  Analyzing: results\1d\distrmult1\distrmult1.f
PROFILE: time for this pass = 0.000000 sec (total 0.001000 sec)
RUN PASS with name FILE_LINE_INFO
  Analyzing: results\1d\distrmult1\distrmult1.f
  All lines in project 553
PROFILE: time for this pass = 0.000000 sec (total 0.002000 sec)
RUN PASS with name BUILD_INCLUDE_DEPENDENCIES
  Analyzing: results\1d\distrmult1\distrmult1.f
PROFILE: time for this pass = 0.000000 sec (total 0.002000 sec)
RUN PASS with name CORRECT_VAR_DECL
  Analyzing: results\1d\distrmult1\distrmult1.f
PROFILE: time for this pass = 0.000000 sec (total 0.002000 sec)
RUN PASS with name VERIFY_OPERATORS
  Analyzing: results\1d\distrmult1\distrmult1.f
PROFILE: time for this pass = 0.000000 sec (total 0.003000 sec)
RUN PASS with name VERIFY_ENDDO
  Analyzing: results\1d\distrmult1\distrmult1.f
PROFILE: time for this pass = 0.000000 sec (total 0.003000 sec)
RUN PASS with name VERIFY_INCLUDES
  Analyzing: results\1d\distrmult1\distrmult1.f
PROFILE: time for this pass = 0.000000 sec (total 0.003000 sec)
RUN PASS with name PREPROC_ALLOCATES
  Analyzing: results\1d\distrmult1\distrmult1.f
  attribute (57 results\1d\distrmult1\distrmult1.f) is added to declaration on line 51 of results\1d\distrmult1\distrmult1.f file
  attribute (87 results\1d\distrmult1\distrmult1.f) is added to declaration on line 51 of results\1d\distrmult1\distrmult1.f file
  attribute (105 results\1d\distrmult1\distrmult1.f) is added to declaration on line 99 of results\1d\distrmult1\distrmult1.f file
  attribute (135 results\1d\distrmult1\distrmult1.f) is added to declaration on line 99 of results\1d\distrmult1\distrmult1.f file
  attribute (153 results\1d\distrmult1\distrmult1.f) is added to declaration on line 147 of results\1d\distrmult1\distrmult1.f file
  attribute (183 results\1d\distrmult1\distrmult1.f) is added to declaration on line 147 of results\1d\distrmult1\distrmult1.f file
  attribute (200 results\1d\distrmult1\distrmult1.f) is added to declaration on line 194 of results\1d\distrmult1\distrmult1.f file
  attribute (234 results\1d\distrmult1\distrmult1.f) is added to declaration on line 194 of results\1d\distrmult1\distrmult1.f file
  attribute (252 results\1d\distrmult1\distrmult1.f) is added to declaration on line 246 of results\1d\distrmult1\distrmult1.f file
  attribute (282 results\1d\distrmult1\distrmult1.f) is added to declaration on line 246 of results\1d\distrmult1\distrmult1.f file
  attribute (300 results\1d\distrmult1\distrmult1.f) is added to declaration on line 294 of results\1d\distrmult1\distrmult1.f file
  attribute (330 results\1d\distrmult1\distrmult1.f) is added to declaration on line 294 of results\1d\distrmult1\distrmult1.f file
  attribute (348 results\1d\distrmult1\distrmult1.f) is added to declaration on line 342 of results\1d\distrmult1\distrmult1.f file
  attribute (382 results\1d\distrmult1\distrmult1.f) is added to declaration on line 342 of results\1d\distrmult1\distrmult1.f file
  attribute (400 results\1d\distrmult1\distrmult1.f) is added to declaration on line 394 of results\1d\distrmult1\distrmult1.f file
  attribute (434 results\1d\distrmult1\distrmult1.f) is added to declaration on line 394 of results\1d\distrmult1\distrmult1.f file
  attribute (452 results\1d\distrmult1\distrmult1.f) is added to declaration on line 446 of results\1d\distrmult1\distrmult1.f file
  attribute (490 results\1d\distrmult1\distrmult1.f) is added to declaration on line 446 of results\1d\distrmult1\distrmult1.f file
  attribute (508 results\1d\distrmult1\distrmult1.f) is added to declaration on line 502 of results\1d\distrmult1\distrmult1.f file
  attribute (540 results\1d\distrmult1\distrmult1.f) is added to declaration on line 502 of results\1d\distrmult1\distrmult1.f file
PROFILE: time for this pass = 0.000000 sec (total 0.004000 sec)
RUN PASS with name CHECK_PAR_REG_DIR
  Analyzing: results\1d\distrmult1\distrmult1.f
PROFILE: time for this pass = 0.000000 sec (total 0.004000 sec)
RUN PASS with name FILL_PARALLEL_REG_IR
  Analyzing: results\1d\distrmult1\distrmult1.f
PROFILE: time for this pass = 0.000000 sec (total 0.004000 sec)
RUN PASS with name GET_ALL_ARRAY_DECL
  Analyzing: results\1d\distrmult1\distrmult1.f
PROFILE: time for this pass = 0.001000 sec (total 0.006000 sec)
RUN PASS with name FILL_COMMON_BLOCKS
  Analyzing: results\1d\distrmult1\distrmult1.f
PROFILE: time for this pass = 0.000000 sec (total 0.007000 sec)
RUN PASS with name PARSE_OMP_DIRS
  Analyzing: results\1d\distrmult1\distrmult1.f
PROFILE: time for this pass = 0.000000 sec (total 0.007000 sec)
RUN PASS with name PREPROC_SPF
  Analyzing: results\1d\distrmult1\distrmult1.f
PROFILE: time for this pass = 0.000000 sec (total 0.007000 sec)
RUN PASS with name CREATE_INTER_TREE
  Analyzing: results\1d\distrmult1\distrmult1.f
PROFILE: time for this pass = 0.001000 sec (total 0.008000 sec)
RUN PASS with name GCOV_PARSER
  Analyzing: results\1d\distrmult1\distrmult1.f
   Error: unable to open file statistic.txt
PROFILE: time for this pass = 0.001000 sec (total 0.010000 sec)
RUN PASS with name VERIFY_FORMAT
  Analyzing: results\1d\distrmult1\distrmult1.f
PROFILE: time for this pass = 0.000000 sec (total 0.010000 sec)
RUN PASS with name VERIFY_DVM_DIRS
  Analyzing: results\1d\distrmult1\distrmult1.f
PROFILE: time for this pass = 0.000000 sec (total 0.010000 sec)
RUN PASS with name PRIVATE_CALL_GRAPH_STAGE1
  Analyzing: results\1d\distrmult1\distrmult1.f
PROFILE: time for this pass = 0.000000 sec (total 0.011000 sec)
RUN PASS with name PRIVATE_CALL_GRAPH_STAGE2
  Analyzing: results\1d\distrmult1\distrmult1.f
PROFILE: time for this pass = 0.000000 sec (total 0.011000 sec)
RUN PASS with name MACRO_EXPANSION
  Analyzing: results\1d\distrmult1\distrmult1.f
PROFILE: time for this pass = 0.000000 sec (total 0.011000 sec)
RUN PASS with name CONVERT_ASSIGN_TO_LOOP
  Analyzing: results\1d\distrmult1\distrmult1.f
was on line 202 file results\1d\distrmult1\distrmult1.f
      a1 = 5
      do  i_0 = 0,2
         a1(i_0 + 1) = 5
      enddo  
was on line 350 file results\1d\distrmult1\distrmult1.f
      a1 = (-(2))
      do  i_1 = 0,119
         a1(i_1 + 1) = (-(2))
      enddo  
was on line 454 file results\1d\distrmult1\distrmult1.f
      a2 = 4
      do  i_3 = 0,120
         do  i_2 = 0,7
            a2(i_2 + 1,i_3 + 1) = 4
         enddo  
      enddo  
PROFILE: time for this pass = 0.001000 sec (total 0.012000 sec)
RUN PASS with name DEF_USE_STAGE1
  Analyzing: results\1d\distrmult1\distrmult1.f
PROFILE: time for this pass = 0.001000 sec (total 0.013000 sec)
RUN PASS with name DEF_USE_STAGE2
  Analyzing: results\1d\distrmult1\distrmult1.f
PROFILE: time for this pass = 0.000000 sec (total 0.014000 sec)
RUN PASS with name VERIFY_COMMON
  Analyzing: results\1d\distrmult1\distrmult1.f
PROFILE: time for this pass = 0.000000 sec (total 0.014000 sec)
RUN PASS with name CALL_GRAPH_IR
  Analyzing: results\1d\distrmult1\distrmult1.f
PROFILE: time for this pass = 0.000000 sec (total 0.015000 sec)
RUN PASS with name BUILD_IR
  Analyzing: results\1d\distrmult1\distrmult1.f
  count of functions 13, count of lvls 3
     RD time for 'ansyes' function is 0.000 sec, iters 1
     RD time for 'ansno' function is 0.000 sec, iters 1

     RD time for 'distrm12' function is 0.000 sec, iters 3
     RD time for 'distrm13' function is 0.000 sec, iters 3
     RD time for 'distrm11' function is 0.000 sec, iters 3
     RD time for 'distrm23' function is 0.000 sec, iters 4
     RD time for 'distrm17' function is 0.000 sec, iters 3
     RD time for 'distrm16' function is 0.000 sec, iters 3
     RD time for 'distrm21' function is 0.000 sec, iters 4
     RD time for 'distrm14' function is 0.000 sec, iters 3
     RD time for 'distrm15' function is 0.000 sec, iters 3
     RD time for 'distrm22' function is 0.000 sec, iters 4

     RD time for 'distrm1' function is 0.000 sec, iters 1

PROFILE: time for this pass = 0.002000 sec (total 0.018000 sec)
RUN PASS with name SUBST_EXPR_RD
  Analyzing: results\1d\distrmult1\distrmult1.f
PROFILE: time for this pass = 0.001000 sec (total 0.019000 sec)
RUN PASS with name LOOP_GRAPH
  Analyzing: results\1d\distrmult1\distrmult1.f
PROFILE: time for this pass = 0.000000 sec (total 0.020000 sec)
RUN PASS with name CALL_GRAPH
  Analyzing: results\1d\distrmult1\distrmult1.f
PROFILE: time for this pass = 0.001000 sec (total 0.022000 sec)
RUN PASS with name CALL_GRAPH2
  Analyzing: results\1d\distrmult1\distrmult1.f
  run for func distrm1
  run for func distrm11
  run for func distrm12
  run for func distrm13
  run for func distrm14
  run for func distrm15
  run for func distrm16
  run for func distrm17
  run for func distrm21
  run for func distrm22
  run for func distrm23
  run for func ansyes
  run for func ansno
PROFILE: time for this pass = 0.001000 sec (total 0.023000 sec)
RUN PASS with name GET_STATS_FOR_PREDICTOR
  Analyzing: results\1d\distrmult1\distrmult1.f
    PAR LOOP [61 results\1d\distrmult1\distrmult1.f] total exec 52, total exec lines 2, avg 2.6000000000000000e+01
    PAR LOOP [72 results\1d\distrmult1\distrmult1.f] total exec 78, total exec lines 4, avg 1.9500000000000000e+01
    PAR LOOP [109 results\1d\distrmult1\distrmult1.f] total exec 98, total exec lines 2, avg 4.9000000000000000e+01
    PAR LOOP [120 results\1d\distrmult1\distrmult1.f] total exec 147, total exec lines 4, avg 3.6750000000000000e+01
    PAR LOOP [157 results\1d\distrmult1\distrmult1.f] total exec 10, total exec lines 2, avg 5.0000000000000000e+00
    PAR LOOP [168 results\1d\distrmult1\distrmult1.f] total exec 15, total exec lines 4, avg 3.7500000000000000e+00
    PAR LOOP [208 results\1d\distrmult1\distrmult1.f] total exec 8, total exec lines 2, avg 4.0000000000000000e+00
    PAR LOOP [219 results\1d\distrmult1\distrmult1.f] total exec 12, total exec lines 4, avg 3.0000000000000000e+00
    PAR LOOP [256 results\1d\distrmult1\distrmult1.f] total exec 50, total exec lines 2, avg 2.5000000000000000e+01
    PAR LOOP [267 results\1d\distrmult1\distrmult1.f] total exec 75, total exec lines 4, avg 1.8750000000000000e+01
    PAR LOOP [304 results\1d\distrmult1\distrmult1.f] total exec 102, total exec lines 2, avg 5.1000000000000000e+01
    PAR LOOP [315 results\1d\distrmult1\distrmult1.f] total exec 153, total exec lines 4, avg 3.8250000000000000e+01
    PAR LOOP [356 results\1d\distrmult1\distrmult1.f] total exec 242, total exec lines 2, avg 1.2100000000000000e+02
    PAR LOOP [367 results\1d\distrmult1\distrmult1.f] total exec 363, total exec lines 4, avg 9.0750000000000000e+01
    PAR LOOP [404 results\1d\distrmult1\distrmult1.f] total exec 2847, total exec lines 4, avg 7.1175000000000000e+02
    PAR LOOP [417 results\1d\distrmult1\distrmult1.f] total exec 3783, total exec lines 6, avg 6.3050000000000000e+02
    PAR LOOP [460 results\1d\distrmult1\distrmult1.f] total exec 2939, total exec lines 4, avg 7.3475000000000000e+02
    PAR LOOP [473 results\1d\distrmult1\distrmult1.f] total exec 3915, total exec lines 6, avg 6.5250000000000000e+02
    PAR LOOP [512 results\1d\distrmult1\distrmult1.f] total exec 1547, total exec lines 4, avg 3.8675000000000000e+02
    PAR LOOP [523 results\1d\distrmult1\distrmult1.f] total exec 2059, total exec lines 6, avg 3.4316666666666669e+02
    average_parallel_exec 2.5687500000000000e+02
    parallel_rate 9.0378225175918692e-01
PROFILE: time for this pass = 0.006000 sec (total 0.029000 sec)

--------------------------------------------------
INFO.JSON file copied from ./info.json to ./results\1d\distrmult1\info.json

==================================================
Processing of distrmult1.f completed successfully at 2025-05-06 00:22:14
