=== Processing file: prf21.f ===
Date and time: 2025-04-23 11:56:30
Dimension: 2d
==================================================

Copied ./sources\2d\prf21.f to ./results\2d\prf21\prf21.f
Command: gfortran -O3 -g -fprofile-arcs -ftest-coverage "./results\2d\prf21\prf21.f" -o "./results\2d\prf21\prf21"
Output: 

--------------------------------------------------
Command: "./results\2d\prf21\prf21"
Output: 
 ===START OF PRF21========================
 PRF2101  -  complete
 PRF2101  -  complete
 PRF2101  -  complete
 PRF2102  -  complete
 PRF2102  -  complete
 PRF2102  -  complete
 PRF2103  -  complete
 PRF2103  -  complete
 PRF2103  -  complete
 === END OF PRF21 ========================= 

--------------------------------------------------
Command: gcov -b "./results\2d\prf21\prf21.f"
Output: 
File 'results/2d/prf21/prf21.f'
Lines executed:86.87% of 198
Branches executed:98.41% of 252
Taken at least once:71.83% of 252
Calls executed:27.94% of 68
Creating 'prf21.f.gcov'

Lines executed:86.87% of 198

--------------------------------------------------
GCOV file copied from ./prf21.f.gcov to ./results\2d\prf21\prf21.f.gcov
Command: "../SAPFOR/_bin/Release/Sapfor_F.exe" -parse -spf "./results\2d\prf21\prf21.f"
Output: 
SAPFOR version is 2410, build date: Apr 23 2025 11:52:44, c++ version 201703
  parse file './results\2d\prf21\prf21.f'
  options: -spf 
files compilation order:
  ./results\2d\prf21\prf21.f
Parsing was completed successfully

--------------------------------------------------
Command: "../SAPFOR/_bin/Release/Sapfor_F.exe" -passN GET_STATS_FOR_PREDICTOR -keepDVM
Output: 
SAPFOR version is 2410, build date: Apr 23 2025 11:52:44, c++ version 201703
code for pass GET_STATS_FOR_PREDICTOR is 79
RUN PASS with name VERIFY_FUNC_DECL
  Analyzing: results\2d\prf21\prf21.f
PROFILE: time for this pass = 0.000000 sec (total 0.002000 sec)
RUN PASS with name FILE_LINE_INFO
  Analyzing: results\2d\prf21\prf21.f
  All lines in project 452
PROFILE: time for this pass = 0.000000 sec (total 0.002000 sec)
RUN PASS with name BUILD_INCLUDE_DEPENDENCIES
  Analyzing: results\2d\prf21\prf21.f
PROFILE: time for this pass = 0.000000 sec (total 0.003000 sec)
RUN PASS with name CORRECT_VAR_DECL
  Analyzing: results\2d\prf21\prf21.f
PROFILE: time for this pass = 0.000000 sec (total 0.003000 sec)
RUN PASS with name VERIFY_OPERATORS
  Analyzing: results\2d\prf21\prf21.f
PROFILE: time for this pass = 0.000000 sec (total 0.004000 sec)
RUN PASS with name VERIFY_ENDDO
  Analyzing: results\2d\prf21\prf21.f
PROFILE: time for this pass = 0.000000 sec (total 0.004000 sec)
RUN PASS with name VERIFY_INCLUDES
  Analyzing: results\2d\prf21\prf21.f
PROFILE: time for this pass = 0.000000 sec (total 0.005000 sec)
RUN PASS with name PREPROC_ALLOCATES
  Analyzing: results\2d\prf21\prf21.f
  attribute (29 results\2d\prf21\prf21.f) is added to declaration on line 16 of results\2d\prf21\prf21.f file
  attribute (30 results\2d\prf21\prf21.f) is added to declaration on line 16 of results\2d\prf21\prf21.f file
  attribute (31 results\2d\prf21\prf21.f) is added to declaration on line 17 of results\2d\prf21\prf21.f file
  attribute (66 results\2d\prf21\prf21.f) is added to declaration on line 16 of results\2d\prf21\prf21.f file
  attribute (67 results\2d\prf21\prf21.f) is added to declaration on line 17 of results\2d\prf21\prf21.f file
  attribute (85 results\2d\prf21\prf21.f) is added to declaration on line 72 of results\2d\prf21\prf21.f file
  attribute (86 results\2d\prf21\prf21.f) is added to declaration on line 73 of results\2d\prf21\prf21.f file
  attribute (198 results\2d\prf21\prf21.f) is added to declaration on line 72 of results\2d\prf21\prf21.f file
  attribute (199 results\2d\prf21\prf21.f) is added to declaration on line 73 of results\2d\prf21\prf21.f file
  attribute (217 results\2d\prf21\prf21.f) is added to declaration on line 204 of results\2d\prf21\prf21.f file
  attribute (218 results\2d\prf21\prf21.f) is added to declaration on line 205 of results\2d\prf21\prf21.f file
  attribute (430 results\2d\prf21\prf21.f) is added to declaration on line 204 of results\2d\prf21\prf21.f file
  attribute (431 results\2d\prf21\prf21.f) is added to declaration on line 205 of results\2d\prf21\prf21.f file
PROFILE: time for this pass = 0.000000 sec (total 0.005000 sec)
RUN PASS with name CHECK_PAR_REG_DIR
  Analyzing: results\2d\prf21\prf21.f
PROFILE: time for this pass = 0.000000 sec (total 0.006000 sec)
RUN PASS with name FILL_PARALLEL_REG_IR
  Analyzing: results\2d\prf21\prf21.f
PROFILE: time for this pass = 0.000000 sec (total 0.007000 sec)
RUN PASS with name GET_ALL_ARRAY_DECL
  Analyzing: results\2d\prf21\prf21.f
PROFILE: time for this pass = 0.003000 sec (total 0.010000 sec)
RUN PASS with name FILL_COMMON_BLOCKS
  Analyzing: results\2d\prf21\prf21.f
PROFILE: time for this pass = 0.000000 sec (total 0.010000 sec)
RUN PASS with name PARSE_OMP_DIRS
  Analyzing: results\2d\prf21\prf21.f
PROFILE: time for this pass = 0.000000 sec (total 0.011000 sec)
RUN PASS with name PREPROC_SPF
  Analyzing: results\2d\prf21\prf21.f
PROFILE: time for this pass = 0.000000 sec (total 0.011000 sec)
RUN PASS with name CREATE_INTER_TREE
  Analyzing: results\2d\prf21\prf21.f
PROFILE: time for this pass = 0.001000 sec (total 0.013000 sec)
RUN PASS with name GCOV_PARSER
  Analyzing: results\2d\prf21\prf21.f
   Error: unable to open file statistic.txt
PROFILE: time for this pass = 0.001000 sec (total 0.015000 sec)
RUN PASS with name VERIFY_FORMAT
  Analyzing: results\2d\prf21\prf21.f
PROFILE: time for this pass = 0.000000 sec (total 0.015000 sec)
RUN PASS with name VERIFY_DVM_DIRS
  Analyzing: results\2d\prf21\prf21.f
PROFILE: time for this pass = 0.000000 sec (total 0.015000 sec)
RUN PASS with name PRIVATE_CALL_GRAPH_STAGE1
  Analyzing: results\2d\prf21\prf21.f
PROFILE: time for this pass = 0.000000 sec (total 0.016000 sec)
RUN PASS with name PRIVATE_CALL_GRAPH_STAGE2
  Analyzing: results\2d\prf21\prf21.f
PROFILE: time for this pass = 0.000000 sec (total 0.016000 sec)
RUN PASS with name MACRO_EXPANSION
  Analyzing: results\2d\prf21\prf21.f
PROFILE: time for this pass = 0.000000 sec (total 0.017000 sec)
RUN PASS with name CONVERT_ASSIGN_TO_LOOP
  Analyzing: results\2d\prf21\prf21.f
PROFILE: time for this pass = 0.000000 sec (total 0.017000 sec)
RUN PASS with name DEF_USE_STAGE1
  Analyzing: results\2d\prf21\prf21.f
PROFILE: time for this pass = 0.001000 sec (total 0.019000 sec)
RUN PASS with name DEF_USE_STAGE2
  Analyzing: results\2d\prf21\prf21.f
PROFILE: time for this pass = 0.000000 sec (total 0.019000 sec)
RUN PASS with name VERIFY_COMMON
  Analyzing: results\2d\prf21\prf21.f
PROFILE: time for this pass = 0.000000 sec (total 0.020000 sec)
RUN PASS with name CALL_GRAPH_IR
  Analyzing: results\2d\prf21\prf21.f
PROFILE: time for this pass = 0.001000 sec (total 0.021000 sec)
RUN PASS with name BUILD_IR
  Analyzing: results\2d\prf21\prf21.f
  count of functions 7, count of lvls 3
     RD time for 'serial2' function is 0.000 sec, iters 4
     RD time for 'ansyes' function is 0.000 sec, iters 1
     RD time for 'ansno' function is 0.000 sec, iters 1

     RD time for 'prf2102' function is 0.002 sec, iters 5
     RD time for 'prf2103' function is 0.007 sec, iters 5
     RD time for 'prf2101' function is 0.000 sec, iters 4

     RD time for 'prf21' function is 0.000 sec, iters 1

PROFILE: time for this pass = 0.013000 sec (total 0.034000 sec)
RUN PASS with name SUBST_EXPR_RD
  Analyzing: results\2d\prf21\prf21.f
PROFILE: time for this pass = 0.003000 sec (total 0.038000 sec)
RUN PASS with name LOOP_GRAPH
  Analyzing: results\2d\prf21\prf21.f
PROFILE: time for this pass = 0.002000 sec (total 0.040000 sec)
RUN PASS with name CALL_GRAPH
  Analyzing: results\2d\prf21\prf21.f
PROFILE: time for this pass = 0.002000 sec (total 0.042000 sec)
RUN PASS with name CALL_GRAPH2
  Analyzing: results\2d\prf21\prf21.f
  run for func prf21
  run for func prf2101
  run for func prf2102
  run for func prf2103
  run for func serial2
  run for func ansyes
  run for func ansno
  added conflict messages to loop on line 42
  added conflict messages to loop on line 99
  added conflict messages to loop on line 108
  added conflict messages to loop on line 160
  added conflict messages to loop on line 177
  added conflict messages to loop on line 231
PROFILE: time for this pass = 0.001000 sec (total 0.044000 sec)
RUN PASS with name GET_STATS_FOR_PREDICTOR
  Analyzing: results\2d\prf21\prf21.f
    PAR LOOP [37 results\2d\prf21\prf21.f] total exec 67, total exec lines 4, avg 1.6750000000000000e+01
    PAR LOOP [92 results\2d\prf21\prf21.f] total exec 99, total exec lines 6, avg 1.6500000000000000e+01
    PAR LOOP [224 results\2d\prf21\prf21.f] total exec 83, total exec lines 5, avg 1.6600000000000001e+01
    PAR LOOP [241 results\2d\prf21\prf21.f] total exec 201, total exec lines 4, avg 5.0250000000000000e+01
    PAR LOOP [247 results\2d\prf21\prf21.f] total exec 261, total exec lines 7, avg 3.7285714285714285e+01
    PAR LOOP [260 results\2d\prf21\prf21.f] total exec 201, total exec lines 4, avg 5.0250000000000000e+01
    PAR LOOP [266 results\2d\prf21\prf21.f] total exec 261, total exec lines 7, avg 3.7285714285714285e+01
    PAR LOOP [279 results\2d\prf21\prf21.f] total exec 201, total exec lines 4, avg 5.0250000000000000e+01
    PAR LOOP [286 results\2d\prf21\prf21.f] total exec 261, total exec lines 7, avg 3.7285714285714285e+01
    PAR LOOP [299 results\2d\prf21\prf21.f] total exec 201, total exec lines 4, avg 5.0250000000000000e+01
    PAR LOOP [305 results\2d\prf21\prf21.f] total exec 261, total exec lines 7, avg 3.7285714285714285e+01
    PAR LOOP [319 results\2d\prf21\prf21.f] total exec 201, total exec lines 4, avg 5.0250000000000000e+01
    PAR LOOP [327 results\2d\prf21\prf21.f] total exec 261, total exec lines 7, avg 3.7285714285714285e+01
    PAR LOOP [340 results\2d\prf21\prf21.f] total exec 30, total exec lines 2, avg 1.5000000000000000e+01
    PAR LOOP [345 results\2d\prf21\prf21.f] total exec 45, total exec lines 5, avg 9.0000000000000000e+00
    PAR LOOP [356 results\2d\prf21\prf21.f] total exec 201, total exec lines 4, avg 5.0250000000000000e+01
    PAR LOOP [363 results\2d\prf21\prf21.f] total exec 261, total exec lines 7, avg 3.7285714285714285e+01
    PAR LOOP [376 results\2d\prf21\prf21.f] total exec 201, total exec lines 4, avg 5.0250000000000000e+01
    PAR LOOP [383 results\2d\prf21\prf21.f] total exec 261, total exec lines 7, avg 3.7285714285714285e+01
    PAR LOOP [396 results\2d\prf21\prf21.f] total exec 201, total exec lines 4, avg 5.0250000000000000e+01
    PAR LOOP [403 results\2d\prf21\prf21.f] total exec 261, total exec lines 7, avg 3.7285714285714285e+01
    average_parallel_exec 3.6545454545454547e+01
    parallel_rate 7.1581196581196582e-01
PROFILE: time for this pass = 0.046000 sec (total 0.091000 sec)

--------------------------------------------------
INFO.JSON file copied from ./info.json to ./results\2d\prf21\info.json

==================================================
Processing of prf21.f completed successfully at 2025-04-23 11:56:31
