=== Processing file: sc41.f ===
Date and time: 2025-05-06 00:27:05
Dimension: 4d
==================================================

Copied ./sources\4d\sc41.f to ./results\4d\sc41\sc41.f
Command: gfortran -O3 -g -fprofile-arcs -ftest-coverage "./results\4d\sc41\sc41.f" -o "./results\4d\sc41\sc41"
Output: 

--------------------------------------------------
Command: "./results\4d\sc41\sc41"
Output: 
 ===START OF SC41========================
 SC4101  -  complete
 SC4102  -  complete
 SC4103  -  complete
 SC4104  -  complete
 SC4105  -  complete
 SC4106  -  complete
 SC4107  -  complete
 SC4108  -  complete
 SC4109  -  complete
 === END OF SC41 ========================= 

--------------------------------------------------
Command: gcov -b "./results\4d\sc41\sc41.f"
Output: 
File 'results/4d/sc41/sc41.f'
Lines executed:85.92% of 341
Branches executed:100.00% of 368
Taken at least once:80.43% of 368
Calls executed:37.38% of 107
Creating 'sc41.f.gcov'

Lines executed:85.92% of 341

--------------------------------------------------
GCOV file copied from ./sc41.f.gcov to ./results\4d\sc41\sc41.f.gcov
Command: "../SAPFOR/_bin/Release/Sapfor_F.exe" -parse -spf "./results\4d\sc41\sc41.f"
Output: 
SAPFOR version is 2410, build date: Apr 23 2025 11:52:44, c++ version 201703
  parse file './results\4d\sc41\sc41.f'
  options: -spf 
files compilation order:
  ./results\4d\sc41\sc41.f
Parsing was completed successfully

--------------------------------------------------
Command: "../SAPFOR/_bin/Release/Sapfor_F.exe" -passN GET_STATS_FOR_PREDICTOR -keepDVM
Output: 
SAPFOR version is 2410, build date: Apr 23 2025 11:52:44, c++ version 201703
code for pass GET_STATS_FOR_PREDICTOR is 79
RUN PASS with name VERIFY_FUNC_DECL
  Analyzing: results\4d\sc41\sc41.f
PROFILE: time for this pass = 0.001000 sec (total 0.004000 sec)
RUN PASS with name FILE_LINE_INFO
  Analyzing: results\4d\sc41\sc41.f
  All lines in project 801
PROFILE: time for this pass = 0.001000 sec (total 0.005000 sec)
RUN PASS with name BUILD_INCLUDE_DEPENDENCIES
  Analyzing: results\4d\sc41\sc41.f
PROFILE: time for this pass = 0.001000 sec (total 0.007000 sec)
RUN PASS with name CORRECT_VAR_DECL
  Analyzing: results\4d\sc41\sc41.f
PROFILE: time for this pass = 0.001000 sec (total 0.008000 sec)
RUN PASS with name VERIFY_OPERATORS
  Analyzing: results\4d\sc41\sc41.f
PROFILE: time for this pass = 0.001000 sec (total 0.009000 sec)
RUN PASS with name VERIFY_ENDDO
  Analyzing: results\4d\sc41\sc41.f
PROFILE: time for this pass = 0.001000 sec (total 0.011000 sec)
RUN PASS with name VERIFY_INCLUDES
  Analyzing: results\4d\sc41\sc41.f
PROFILE: time for this pass = 0.001000 sec (total 0.012000 sec)
RUN PASS with name PREPROC_ALLOCATES
  Analyzing: results\4d\sc41\sc41.f
  attribute (43 results\4d\sc41\sc41.f) is added to declaration on line 35 of results\4d\sc41\sc41.f file
  attribute (114 results\4d\sc41\sc41.f) is added to declaration on line 35 of results\4d\sc41\sc41.f file
  attribute (130 results\4d\sc41\sc41.f) is added to declaration on line 121 of results\4d\sc41\sc41.f file
  attribute (202 results\4d\sc41\sc41.f) is added to declaration on line 121 of results\4d\sc41\sc41.f file
  attribute (217 results\4d\sc41\sc41.f) is added to declaration on line 208 of results\4d\sc41\sc41.f file
  attribute (286 results\4d\sc41\sc41.f) is added to declaration on line 208 of results\4d\sc41\sc41.f file
  attribute (301 results\4d\sc41\sc41.f) is added to declaration on line 292 of results\4d\sc41\sc41.f file
  attribute (369 results\4d\sc41\sc41.f) is added to declaration on line 292 of results\4d\sc41\sc41.f file
  attribute (384 results\4d\sc41\sc41.f) is added to declaration on line 375 of results\4d\sc41\sc41.f file
  attribute (443 results\4d\sc41\sc41.f) is added to declaration on line 375 of results\4d\sc41\sc41.f file
  attribute (458 results\4d\sc41\sc41.f) is added to declaration on line 449 of results\4d\sc41\sc41.f file
  attribute (530 results\4d\sc41\sc41.f) is added to declaration on line 449 of results\4d\sc41\sc41.f file
  attribute (545 results\4d\sc41\sc41.f) is added to declaration on line 536 of results\4d\sc41\sc41.f file
  attribute (613 results\4d\sc41\sc41.f) is added to declaration on line 536 of results\4d\sc41\sc41.f file
  attribute (628 results\4d\sc41\sc41.f) is added to declaration on line 619 of results\4d\sc41\sc41.f file
  attribute (687 results\4d\sc41\sc41.f) is added to declaration on line 619 of results\4d\sc41\sc41.f file
  attribute (702 results\4d\sc41\sc41.f) is added to declaration on line 693 of results\4d\sc41\sc41.f file
  attribute (776 results\4d\sc41\sc41.f) is added to declaration on line 693 of results\4d\sc41\sc41.f file
PROFILE: time for this pass = 0.001000 sec (total 0.013000 sec)
RUN PASS with name CHECK_PAR_REG_DIR
  Analyzing: results\4d\sc41\sc41.f
PROFILE: time for this pass = 0.001000 sec (total 0.015000 sec)
RUN PASS with name FILL_PARALLEL_REG_IR
  Analyzing: results\4d\sc41\sc41.f
PROFILE: time for this pass = 0.002000 sec (total 0.017000 sec)
RUN PASS with name GET_ALL_ARRAY_DECL
  Analyzing: results\4d\sc41\sc41.f
PROFILE: time for this pass = 0.006000 sec (total 0.023000 sec)
RUN PASS with name FILL_COMMON_BLOCKS
  Analyzing: results\4d\sc41\sc41.f
PROFILE: time for this pass = 0.001000 sec (total 0.024000 sec)
RUN PASS with name PARSE_OMP_DIRS
  Analyzing: results\4d\sc41\sc41.f
PROFILE: time for this pass = 0.001000 sec (total 0.026000 sec)
RUN PASS with name PREPROC_SPF
  Analyzing: results\4d\sc41\sc41.f
PROFILE: time for this pass = 0.001000 sec (total 0.027000 sec)
RUN PASS with name CREATE_INTER_TREE
  Analyzing: results\4d\sc41\sc41.f
PROFILE: time for this pass = 0.002000 sec (total 0.030000 sec)
RUN PASS with name GCOV_PARSER
  Analyzing: results\4d\sc41\sc41.f
   Error: unable to open file statistic.txt
PROFILE: time for this pass = 0.002000 sec (total 0.032000 sec)
RUN PASS with name VERIFY_FORMAT
  Analyzing: results\4d\sc41\sc41.f
PROFILE: time for this pass = 0.001000 sec (total 0.033000 sec)
RUN PASS with name VERIFY_DVM_DIRS
  Analyzing: results\4d\sc41\sc41.f
PROFILE: time for this pass = 0.000000 sec (total 0.034000 sec)
RUN PASS with name PRIVATE_CALL_GRAPH_STAGE1
  Analyzing: results\4d\sc41\sc41.f
PROFILE: time for this pass = 0.001000 sec (total 0.035000 sec)
RUN PASS with name PRIVATE_CALL_GRAPH_STAGE2
  Analyzing: results\4d\sc41\sc41.f
PROFILE: time for this pass = 0.001000 sec (total 0.037000 sec)
RUN PASS with name MACRO_EXPANSION
  Analyzing: results\4d\sc41\sc41.f
PROFILE: time for this pass = 0.001000 sec (total 0.038000 sec)
RUN PASS with name CONVERT_ASSIGN_TO_LOOP
  Analyzing: results\4d\sc41\sc41.f
PROFILE: time for this pass = 0.001000 sec (total 0.039000 sec)
RUN PASS with name DEF_USE_STAGE1
  Analyzing: results\4d\sc41\sc41.f
PROFILE: time for this pass = 0.004000 sec (total 0.043000 sec)
RUN PASS with name DEF_USE_STAGE2
  Analyzing: results\4d\sc41\sc41.f
PROFILE: time for this pass = 0.001000 sec (total 0.045000 sec)
RUN PASS with name VERIFY_COMMON
  Analyzing: results\4d\sc41\sc41.f
PROFILE: time for this pass = 0.001000 sec (total 0.046000 sec)
RUN PASS with name CALL_GRAPH_IR
  Analyzing: results\4d\sc41\sc41.f
PROFILE: time for this pass = 0.003000 sec (total 0.049000 sec)
RUN PASS with name BUILD_IR
  Analyzing: results\4d\sc41\sc41.f
  count of functions 13, count of lvls 3
     RD time for 'serial4' function is 0.000 sec, iters 6
     RD time for 'ansyes' function is 0.000 sec, iters 1
     RD time for 'ansno' function is 0.000 sec, iters 1

     RD time for 'sc4103' function is 0.001 sec, iters 6
     RD time for 'sc4101' function is 0.001 sec, iters 6
     RD time for 'sc4102' function is 0.001 sec, iters 6
     RD time for 'sc4107' function is 0.001 sec, iters 6
     RD time for 'sc4105' function is 0.001 sec, iters 6
     RD time for 'sc4104' function is 0.001 sec, iters 6
     RD time for 'sc4108' function is 0.001 sec, iters 6
     RD time for 'sc4109' function is 0.000 sec, iters 6
     RD time for 'sc4106' function is 0.000 sec, iters 6

     RD time for 'sc41' function is 0.000 sec, iters 1

PROFILE: time for this pass = 0.016000 sec (total 0.066000 sec)
RUN PASS with name SUBST_EXPR_RD
  Analyzing: results\4d\sc41\sc41.f
PROFILE: time for this pass = 0.012000 sec (total 0.078000 sec)
RUN PASS with name LOOP_GRAPH
  Analyzing: results\4d\sc41\sc41.f
PROFILE: time for this pass = 0.009000 sec (total 0.087000 sec)
RUN PASS with name CALL_GRAPH
  Analyzing: results\4d\sc41\sc41.f
PROFILE: time for this pass = 0.007000 sec (total 0.095000 sec)
RUN PASS with name CALL_GRAPH2
  Analyzing: results\4d\sc41\sc41.f
  run for func sc41
  run for func sc4101
  run for func sc4102
  run for func sc4103
  run for func sc4104
  run for func sc4105
  run for func sc4106
  run for func sc4107
  run for func sc4108
  run for func sc4109
  run for func serial4
  run for func ansyes
  run for func ansno
PROFILE: time for this pass = 0.004000 sec (total 0.099000 sec)
RUN PASS with name GET_STATS_FOR_PREDICTOR
  Analyzing: results\4d\sc41\sc41.f
    PAR LOOP [53 results\4d\sc41\sc41.f] total exec 30547, total exec lines 8, avg 3.8183750000000000e+03
    PAR LOOP [64 results\4d\sc41\sc41.f] total exec 12169, total exec lines 8, avg 1.5211250000000000e+03
    PAR LOOP [84 results\4d\sc41\sc41.f] total exec 18721, total exec lines 14, avg 1.3372142857142858e+03
    PAR LOOP [141 results\4d\sc41\sc41.f] total exec 57043, total exec lines 8, avg 7.1303750000000000e+03
    PAR LOOP [152 results\4d\sc41\sc41.f] total exec 10431, total exec lines 8, avg 1.3038750000000000e+03
    PAR LOOP [172 results\4d\sc41\sc41.f] total exec 16047, total exec lines 14, avg 1.1462142857142858e+03
    PAR LOOP [229 results\4d\sc41\sc41.f] total exec 57043, total exec lines 8, avg 7.1303750000000000e+03
    PAR LOOP [240 results\4d\sc41\sc41.f] total exec 10431, total exec lines 8, avg 1.3038750000000000e+03
    PAR LOOP [258 results\4d\sc41\sc41.f] total exec 16047, total exec lines 14, avg 1.1462142857142858e+03
    PAR LOOP [312 results\4d\sc41\sc41.f] total exec 57043, total exec lines 8, avg 7.1303750000000000e+03
    PAR LOOP [323 results\4d\sc41\sc41.f] total exec 10431, total exec lines 8, avg 1.3038750000000000e+03
    PAR LOOP [341 results\4d\sc41\sc41.f] total exec 16047, total exec lines 14, avg 1.1462142857142858e+03
    PAR LOOP [396 results\4d\sc41\sc41.f] total exec 218707, total exec lines 8, avg 2.7338375000000000e+04
    PAR LOOP [407 results\4d\sc41\sc41.f] total exec 71775, total exec lines 8, avg 8.9718750000000000e+03
    PAR LOOP [420 results\4d\sc41\sc41.f] total exec 114975, total exec lines 14, avg 8.2125000000000000e+03
    PAR LOOP [469 results\4d\sc41\sc41.f] total exec 437411, total exec lines 8, avg 5.4676375000000000e+04
    PAR LOOP [480 results\4d\sc41\sc41.f] total exec 92693, total exec lines 8, avg 1.1586625000000000e+04
    PAR LOOP [500 results\4d\sc41\sc41.f] total exec 147293, total exec lines 14, avg 1.0520928571428571e+04
    PAR LOOP [556 results\4d\sc41\sc41.f] total exec 218707, total exec lines 8, avg 2.7338375000000000e+04
    PAR LOOP [567 results\4d\sc41\sc41.f] total exec 35653, total exec lines 8, avg 4.4566250000000000e+03
    PAR LOOP [585 results\4d\sc41\sc41.f] total exec 56653, total exec lines 14, avg 4.0466428571428573e+03
    PAR LOOP [640 results\4d\sc41\sc41.f] total exec 218707, total exec lines 8, avg 2.7338375000000000e+04
    PAR LOOP [651 results\4d\sc41\sc41.f] total exec 35653, total exec lines 8, avg 4.4566250000000000e+03
    PAR LOOP [664 results\4d\sc41\sc41.f] total exec 56653, total exec lines 14, avg 4.0466428571428573e+03
    PAR LOOP [713 results\4d\sc41\sc41.f] total exec 39981903, total exec lines 8, avg 4.9977378750000000e+06
    PAR LOOP [724 results\4d\sc41\sc41.f] total exec 6538625, total exec lines 8, avg 8.1732812500000000e+05
    PAR LOOP [745 results\4d\sc41\sc41.f] total exec 10763769, total exec lines 14, avg 7.6884064285714284e+05
    average_parallel_exec 2.1963398888888888e+05
    parallel_rate 5.8959705380719973e-01
PROFILE: time for this pass = 0.084000 sec (total 0.184000 sec)

--------------------------------------------------
INFO.JSON file copied from ./info.json to ./results\4d\sc41\info.json

==================================================
Processing of sc41.f completed successfully at 2025-05-06 00:27:07
