=== Processing file: acr11.f ===
Date and time: 2025-04-23 11:54:13
Dimension: 1d
==================================================

Copied ./sources\1d\acr11.f to ./results\1d\acr11\acr11.f
Command: gfortran -O3 -g -fprofile-arcs -ftest-coverage "./results\1d\acr11\acr11.f" -o "./results\1d\acr11\acr11"
Output: 

--------------------------------------------------
Command: "./results\1d\acr11\acr11"
Output: 
 ===START OF ACR11========================
 ACR1101  -  complete
 ACR1102  -  complete
 ACR1103  -  complete
 ACR1104  -  complete
 ACR1105  -  complete
 ACR1106  -  complete
 ACR1107  -  complete
 ACR1108  -  complete
 ACR1109  -  complete
 ACR1110  -  complete
 === END OF ACR11 ========================= 

--------------------------------------------------
Command: gcov -b "./results\1d\acr11\acr11.f"
Output: 
File 'results/1d/acr11/acr11.f'
Lines executed:89.32% of 234
Branches executed:99.17% of 242
Taken at least once:74.38% of 242
Calls executed:37.93% of 87
Creating 'acr11.f.gcov'

Lines executed:89.32% of 234

--------------------------------------------------
GCOV file copied from ./acr11.f.gcov to ./results\1d\acr11\acr11.f.gcov
Command: "../SAPFOR/_bin/Release/Sapfor_F.exe" -parse -spf "./results\1d\acr11\acr11.f"
Output: 
SAPFOR version is 2410, build date: Apr 23 2025 11:52:44, c++ version 201703
  parse file './results\1d\acr11\acr11.f'
  options: -spf 
files compilation order:
  ./results\1d\acr11\acr11.f
Parsing was completed successfully

--------------------------------------------------
Command: "../SAPFOR/_bin/Release/Sapfor_F.exe" -passN GET_STATS_FOR_PREDICTOR -keepDVM
Output: 
SAPFOR version is 2410, build date: Apr 23 2025 11:52:44, c++ version 201703
code for pass GET_STATS_FOR_PREDICTOR is 79
RUN PASS with name VERIFY_FUNC_DECL
  Analyzing: results\1d\acr11\acr11.f
PROFILE: time for this pass = 0.000000 sec (total 0.004000 sec)
RUN PASS with name FILE_LINE_INFO
  Analyzing: results\1d\acr11\acr11.f
  All lines in project 591
PROFILE: time for this pass = 0.001000 sec (total 0.006000 sec)
RUN PASS with name BUILD_INCLUDE_DEPENDENCIES
  Analyzing: results\1d\acr11\acr11.f
PROFILE: time for this pass = 0.001000 sec (total 0.007000 sec)
RUN PASS with name CORRECT_VAR_DECL
  Analyzing: results\1d\acr11\acr11.f
PROFILE: time for this pass = 0.000000 sec (total 0.008000 sec)
RUN PASS with name VERIFY_OPERATORS
  Analyzing: results\1d\acr11\acr11.f
PROFILE: time for this pass = 0.000000 sec (total 0.010000 sec)
RUN PASS with name VERIFY_ENDDO
  Analyzing: results\1d\acr11\acr11.f
PROFILE: time for this pass = 0.000000 sec (total 0.010000 sec)
RUN PASS with name VERIFY_INCLUDES
  Analyzing: results\1d\acr11\acr11.f
PROFILE: time for this pass = 0.000000 sec (total 0.011000 sec)
RUN PASS with name PREPROC_ALLOCATES
  Analyzing: results\1d\acr11\acr11.f
  attribute (42 results\1d\acr11\acr11.f) is added to declaration on line 37 of results\1d\acr11\acr11.f file
  attribute (79 results\1d\acr11\acr11.f) is added to declaration on line 37 of results\1d\acr11\acr11.f file
  attribute (93 results\1d\acr11\acr11.f) is added to declaration on line 87 of results\1d\acr11\acr11.f file
  attribute (131 results\1d\acr11\acr11.f) is added to declaration on line 87 of results\1d\acr11\acr11.f file
  attribute (145 results\1d\acr11\acr11.f) is added to declaration on line 139 of results\1d\acr11\acr11.f file
  attribute (184 results\1d\acr11\acr11.f) is added to declaration on line 139 of results\1d\acr11\acr11.f file
  attribute (204 results\1d\acr11\acr11.f) is added to declaration on line 197 of results\1d\acr11\acr11.f file
  attribute (241 results\1d\acr11\acr11.f) is added to declaration on line 197 of results\1d\acr11\acr11.f file
  attribute (257 results\1d\acr11\acr11.f) is added to declaration on line 250 of results\1d\acr11\acr11.f file
  attribute (295 results\1d\acr11\acr11.f) is added to declaration on line 250 of results\1d\acr11\acr11.f file
  attribute (310 results\1d\acr11\acr11.f) is added to declaration on line 304 of results\1d\acr11\acr11.f file
  attribute (349 results\1d\acr11\acr11.f) is added to declaration on line 304 of results\1d\acr11\acr11.f file
  attribute (365 results\1d\acr11\acr11.f) is added to declaration on line 358 of results\1d\acr11\acr11.f file
  attribute (403 results\1d\acr11\acr11.f) is added to declaration on line 358 of results\1d\acr11\acr11.f file
  attribute (419 results\1d\acr11\acr11.f) is added to declaration on line 412 of results\1d\acr11\acr11.f file
  attribute (459 results\1d\acr11\acr11.f) is added to declaration on line 412 of results\1d\acr11\acr11.f file
  attribute (475 results\1d\acr11\acr11.f) is added to declaration on line 468 of results\1d\acr11\acr11.f file
  attribute (516 results\1d\acr11\acr11.f) is added to declaration on line 468 of results\1d\acr11\acr11.f file
  attribute (532 results\1d\acr11\acr11.f) is added to declaration on line 525 of results\1d\acr11\acr11.f file
  attribute (571 results\1d\acr11\acr11.f) is added to declaration on line 525 of results\1d\acr11\acr11.f file
PROFILE: time for this pass = 0.001000 sec (total 0.012000 sec)
RUN PASS with name CHECK_PAR_REG_DIR
  Analyzing: results\1d\acr11\acr11.f
PROFILE: time for this pass = 0.000000 sec (total 0.013000 sec)
RUN PASS with name FILL_PARALLEL_REG_IR
  Analyzing: results\1d\acr11\acr11.f
PROFILE: time for this pass = 0.000000 sec (total 0.014000 sec)
RUN PASS with name GET_ALL_ARRAY_DECL
  Analyzing: results\1d\acr11\acr11.f
PROFILE: time for this pass = 0.004000 sec (total 0.018000 sec)
RUN PASS with name FILL_COMMON_BLOCKS
  Analyzing: results\1d\acr11\acr11.f
PROFILE: time for this pass = 0.000000 sec (total 0.019000 sec)
RUN PASS with name PARSE_OMP_DIRS
  Analyzing: results\1d\acr11\acr11.f
PROFILE: time for this pass = 0.000000 sec (total 0.020000 sec)
RUN PASS with name PREPROC_SPF
  Analyzing: results\1d\acr11\acr11.f
PROFILE: time for this pass = 0.000000 sec (total 0.020000 sec)
RUN PASS with name CREATE_INTER_TREE
  Analyzing: results\1d\acr11\acr11.f
PROFILE: time for this pass = 0.003000 sec (total 0.024000 sec)
RUN PASS with name GCOV_PARSER
  Analyzing: results\1d\acr11\acr11.f
   Error: unable to open file statistic.txt
PROFILE: time for this pass = 0.001000 sec (total 0.026000 sec)
RUN PASS with name VERIFY_FORMAT
  Analyzing: results\1d\acr11\acr11.f
PROFILE: time for this pass = 0.000000 sec (total 0.026000 sec)
RUN PASS with name VERIFY_DVM_DIRS
  Analyzing: results\1d\acr11\acr11.f
PROFILE: time for this pass = 0.000000 sec (total 0.027000 sec)
RUN PASS with name PRIVATE_CALL_GRAPH_STAGE1
  Analyzing: results\1d\acr11\acr11.f
PROFILE: time for this pass = 0.000000 sec (total 0.027000 sec)
RUN PASS with name PRIVATE_CALL_GRAPH_STAGE2
  Analyzing: results\1d\acr11\acr11.f
PROFILE: time for this pass = 0.000000 sec (total 0.028000 sec)
RUN PASS with name MACRO_EXPANSION
  Analyzing: results\1d\acr11\acr11.f
PROFILE: time for this pass = 0.000000 sec (total 0.028000 sec)
RUN PASS with name CONVERT_ASSIGN_TO_LOOP
  Analyzing: results\1d\acr11\acr11.f
PROFILE: time for this pass = 0.000000 sec (total 0.029000 sec)
RUN PASS with name DEF_USE_STAGE1
  Analyzing: results\1d\acr11\acr11.f
PROFILE: time for this pass = 0.003000 sec (total 0.033000 sec)
RUN PASS with name DEF_USE_STAGE2
  Analyzing: results\1d\acr11\acr11.f
PROFILE: time for this pass = 0.000000 sec (total 0.034000 sec)
RUN PASS with name VERIFY_COMMON
  Analyzing: results\1d\acr11\acr11.f
PROFILE: time for this pass = 0.000000 sec (total 0.034000 sec)
RUN PASS with name CALL_GRAPH_IR
  Analyzing: results\1d\acr11\acr11.f
PROFILE: time for this pass = 0.002000 sec (total 0.036000 sec)
RUN PASS with name BUILD_IR
  Analyzing: results\1d\acr11\acr11.f
  count of functions 14, count of lvls 3
     RD time for 'serial1' function is 0.000 sec, iters 3
     RD time for 'ansyes' function is 0.000 sec, iters 1
     RD time for 'ansno' function is 0.000 sec, iters 1

     RD time for 'acr1101' function is 0.000 sec, iters 4
     RD time for 'acr1102' function is 0.000 sec, iters 4
     RD time for 'acr1107' function is 0.000 sec, iters 4
     RD time for 'acr1103' function is 0.000 sec, iters 4
     RD time for 'acr1104' function is 0.000 sec, iters 4
     RD time for 'acr1106' function is 0.000 sec, iters 4
     RD time for 'acr1105' function is 0.000 sec, iters 4
     RD time for 'acr1109' function is 0.000 sec, iters 4
     RD time for 'acr1108' function is 0.000 sec, iters 4
     RD time for 'acr1110' function is 0.000 sec, iters 4

     RD time for 'acr11' function is 0.000 sec, iters 1

PROFILE: time for this pass = 0.006000 sec (total 0.043000 sec)
RUN PASS with name SUBST_EXPR_RD
  Analyzing: results\1d\acr11\acr11.f
PROFILE: time for this pass = 0.002000 sec (total 0.045000 sec)
RUN PASS with name LOOP_GRAPH
  Analyzing: results\1d\acr11\acr11.f
PROFILE: time for this pass = 0.002000 sec (total 0.047000 sec)
RUN PASS with name CALL_GRAPH
  Analyzing: results\1d\acr11\acr11.f
PROFILE: time for this pass = 0.003000 sec (total 0.051000 sec)
RUN PASS with name CALL_GRAPH2
  Analyzing: results\1d\acr11\acr11.f
  run for func acr11
  run for func acr1101
  run for func acr1102
  run for func acr1103
  run for func acr1104
  run for func acr1105
  run for func acr1106
  run for func acr1107
  run for func acr1108
  run for func acr1109
  run for func acr1110
  run for func serial1
  run for func ansyes
  run for func ansno
PROFILE: time for this pass = 0.001000 sec (total 0.053000 sec)
RUN PASS with name GET_STATS_FOR_PREDICTOR
  Analyzing: results\1d\acr11\acr11.f
    PAR LOOP [55 results\1d\acr11\acr11.f] total exec 54, total exec lines 2, avg 2.7000000000000000e+01
    PAR LOOP [60 results\1d\acr11\acr11.f] total exec 42, total exec lines 2, avg 2.1000000000000000e+01
    PAR LOOP [65 results\1d\acr11\acr11.f] total exec 64, total exec lines 4, avg 1.6000000000000000e+01
    PAR LOOP [107 results\1d\acr11\acr11.f] total exec 102, total exec lines 2, avg 5.1000000000000000e+01
    PAR LOOP [112 results\1d\acr11\acr11.f] total exec 96, total exec lines 2, avg 4.8000000000000000e+01
    PAR LOOP [117 results\1d\acr11\acr11.f] total exec 136, total exec lines 4, avg 3.4000000000000000e+01
    PAR LOOP [159 results\1d\acr11\acr11.f] total exec 102, total exec lines 2, avg 5.1000000000000000e+01
    PAR LOOP [165 results\1d\acr11\acr11.f] total exec 96, total exec lines 2, avg 4.8000000000000000e+01
    PAR LOOP [170 results\1d\acr11\acr11.f] total exec 136, total exec lines 4, avg 3.4000000000000000e+01
    PAR LOOP [217 results\1d\acr11\acr11.f] total exec 102, total exec lines 2, avg 5.1000000000000000e+01
    PAR LOOP [222 results\1d\acr11\acr11.f] total exec 78, total exec lines 2, avg 3.9000000000000000e+01
    PAR LOOP [227 results\1d\acr11\acr11.f] total exec 118, total exec lines 4, avg 2.9500000000000000e+01
    PAR LOOP [270 results\1d\acr11\acr11.f] total exec 102, total exec lines 2, avg 5.1000000000000000e+01
    PAR LOOP [275 results\1d\acr11\acr11.f] total exec 84, total exec lines 2, avg 4.2000000000000000e+01
    PAR LOOP [280 results\1d\acr11\acr11.f] total exec 127, total exec lines 4, avg 3.1750000000000000e+01
    PAR LOOP [324 results\1d\acr11\acr11.f] total exec 102, total exec lines 2, avg 5.1000000000000000e+01
    PAR LOOP [330 results\1d\acr11\acr11.f] total exec 90, total exec lines 2, avg 4.5000000000000000e+01
    PAR LOOP [335 results\1d\acr11\acr11.f] total exec 136, total exec lines 4, avg 3.4000000000000000e+01
    PAR LOOP [379 results\1d\acr11\acr11.f] total exec 102, total exec lines 2, avg 5.1000000000000000e+01
    PAR LOOP [384 results\1d\acr11\acr11.f] total exec 66, total exec lines 2, avg 3.3000000000000000e+01
    PAR LOOP [389 results\1d\acr11\acr11.f] total exec 100, total exec lines 4, avg 2.5000000000000000e+01
    PAR LOOP [433 results\1d\acr11\acr11.f] total exec 150, total exec lines 2, avg 7.5000000000000000e+01
    PAR LOOP [439 results\1d\acr11\acr11.f] total exec 126, total exec lines 2, avg 6.3000000000000000e+01
    PAR LOOP [444 results\1d\acr11\acr11.f] total exec 190, total exec lines 4, avg 4.7500000000000000e+01
    PAR LOOP [490 results\1d\acr11\acr11.f] total exec 150, total exec lines 2, avg 7.5000000000000000e+01
    PAR LOOP [495 results\1d\acr11\acr11.f] total exec 132, total exec lines 2, avg 6.6000000000000000e+01
    PAR LOOP [501 results\1d\acr11\acr11.f] total exec 199, total exec lines 4, avg 4.9750000000000000e+01
    PAR LOOP [546 results\1d\acr11\acr11.f] total exec 366, total exec lines 2, avg 1.8300000000000000e+02
    PAR LOOP [552 results\1d\acr11\acr11.f] total exec 234, total exec lines 2, avg 1.1700000000000000e+02
    PAR LOOP [557 results\1d\acr11\acr11.f] total exec 352, total exec lines 4, avg 8.8000000000000000e+01
    average_parallel_exec 4.9174999999999997e+01
    parallel_rate 3.9593397745571657e-01
PROFILE: time for this pass = 0.026000 sec (total 0.080000 sec)

--------------------------------------------------
INFO.JSON file copied from ./info.json to ./results\1d\acr11\info.json

==================================================
Processing of acr11.f completed successfully at 2025-04-23 11:54:28
