=== Processing file: prf12.f ===
Date and time: 2025-04-23 11:55:49
Dimension: 1d
==================================================

Copied ./sources\1d\prf12.f to ./results\1d\prf12\prf12.f
Command: gfortran -O3 -g -fprofile-arcs -ftest-coverage "./results\1d\prf12\prf12.f" -o "./results\1d\prf12\prf12"
Output: 

--------------------------------------------------
Command: "./results\1d\prf12\prf12"
Output: 
 ===START OF PRF11========================
 PRF1201  -  complete
 PRF1201  -  complete
 PRF1201  -  complete
 PRF1202  -  complete
 PRF1202  -  complete
 PRF1202  -  complete
 PRF1203  -  complete
 PRF1203  -  complete
 PRF1203  -  complete
 === END OF PRF12 ========================= 

--------------------------------------------------
Command: gcov -b "./results\1d\prf12\prf12.f"
Output: 
File 'results/1d/prf12/prf12.f'
Lines executed:92.45% of 106
Branches executed:98.48% of 132
Taken at least once:65.91% of 132
Calls executed:38.00% of 50
Creating 'prf12.f.gcov'

Lines executed:92.45% of 106

--------------------------------------------------
GCOV file copied from ./prf12.f.gcov to ./results\1d\prf12\prf12.f.gcov
Command: "../SAPFOR/_bin/Release/Sapfor_F.exe" -parse -spf "./results\1d\prf12\prf12.f"
Output: 
SAPFOR version is 2410, build date: Apr 23 2025 11:52:44, c++ version 201703
  parse file './results\1d\prf12\prf12.f'
  options: -spf 
files compilation order:
  ./results\1d\prf12\prf12.f
Parsing was completed successfully

--------------------------------------------------
Command: "../SAPFOR/_bin/Release/Sapfor_F.exe" -passN GET_STATS_FOR_PREDICTOR -keepDVM
Output: 
SAPFOR version is 2410, build date: Apr 23 2025 11:52:44, c++ version 201703
code for pass GET_STATS_FOR_PREDICTOR is 79
RUN PASS with name VERIFY_FUNC_DECL
  Analyzing: results\1d\prf12\prf12.f
PROFILE: time for this pass = 0.000000 sec (total 0.002000 sec)
RUN PASS with name FILE_LINE_INFO
  Analyzing: results\1d\prf12\prf12.f
  All lines in project 285
PROFILE: time for this pass = 0.000000 sec (total 0.002000 sec)
RUN PASS with name BUILD_INCLUDE_DEPENDENCIES
  Analyzing: results\1d\prf12\prf12.f
PROFILE: time for this pass = 0.000000 sec (total 0.002000 sec)
RUN PASS with name CORRECT_VAR_DECL
  Analyzing: results\1d\prf12\prf12.f
PROFILE: time for this pass = 0.000000 sec (total 0.003000 sec)
RUN PASS with name VERIFY_OPERATORS
  Analyzing: results\1d\prf12\prf12.f
PROFILE: time for this pass = 0.000000 sec (total 0.003000 sec)
RUN PASS with name VERIFY_ENDDO
  Analyzing: results\1d\prf12\prf12.f
PROFILE: time for this pass = 0.000000 sec (total 0.003000 sec)
RUN PASS with name VERIFY_INCLUDES
  Analyzing: results\1d\prf12\prf12.f
PROFILE: time for this pass = 0.000000 sec (total 0.003000 sec)
RUN PASS with name PREPROC_ALLOCATES
  Analyzing: results\1d\prf12\prf12.f
  attribute (30 results\1d\prf12\prf12.f) is added to declaration on line 18 of results\1d\prf12\prf12.f file
  attribute (88 results\1d\prf12\prf12.f) is added to declaration on line 18 of results\1d\prf12\prf12.f file
  attribute (105 results\1d\prf12\prf12.f) is added to declaration on line 93 of results\1d\prf12\prf12.f file
  attribute (152 results\1d\prf12\prf12.f) is added to declaration on line 93 of results\1d\prf12\prf12.f file
  attribute (169 results\1d\prf12\prf12.f) is added to declaration on line 157 of results\1d\prf12\prf12.f file
  attribute (266 results\1d\prf12\prf12.f) is added to declaration on line 157 of results\1d\prf12\prf12.f file
PROFILE: time for this pass = 0.000000 sec (total 0.004000 sec)
RUN PASS with name CHECK_PAR_REG_DIR
  Analyzing: results\1d\prf12\prf12.f
PROFILE: time for this pass = 0.000000 sec (total 0.004000 sec)
RUN PASS with name FILL_PARALLEL_REG_IR
  Analyzing: results\1d\prf12\prf12.f
PROFILE: time for this pass = 0.000000 sec (total 0.005000 sec)
RUN PASS with name GET_ALL_ARRAY_DECL
  Analyzing: results\1d\prf12\prf12.f
PROFILE: time for this pass = 0.001000 sec (total 0.007000 sec)
RUN PASS with name FILL_COMMON_BLOCKS
  Analyzing: results\1d\prf12\prf12.f
PROFILE: time for this pass = 0.000000 sec (total 0.007000 sec)
RUN PASS with name PARSE_OMP_DIRS
  Analyzing: results\1d\prf12\prf12.f
PROFILE: time for this pass = 0.000000 sec (total 0.007000 sec)
RUN PASS with name PREPROC_SPF
  Analyzing: results\1d\prf12\prf12.f
PROFILE: time for this pass = 0.000000 sec (total 0.007000 sec)
RUN PASS with name CREATE_INTER_TREE
  Analyzing: results\1d\prf12\prf12.f
PROFILE: time for this pass = 0.001000 sec (total 0.009000 sec)
RUN PASS with name GCOV_PARSER
  Analyzing: results\1d\prf12\prf12.f
   Error: unable to open file statistic.txt
PROFILE: time for this pass = 0.001000 sec (total 0.010000 sec)
RUN PASS with name VERIFY_FORMAT
  Analyzing: results\1d\prf12\prf12.f
PROFILE: time for this pass = 0.000000 sec (total 0.010000 sec)
RUN PASS with name VERIFY_DVM_DIRS
  Analyzing: results\1d\prf12\prf12.f
PROFILE: time for this pass = 0.000000 sec (total 0.010000 sec)
RUN PASS with name PRIVATE_CALL_GRAPH_STAGE1
  Analyzing: results\1d\prf12\prf12.f
PROFILE: time for this pass = 0.000000 sec (total 0.011000 sec)
RUN PASS with name PRIVATE_CALL_GRAPH_STAGE2
  Analyzing: results\1d\prf12\prf12.f
PROFILE: time for this pass = 0.000000 sec (total 0.011000 sec)
RUN PASS with name MACRO_EXPANSION
  Analyzing: results\1d\prf12\prf12.f
PROFILE: time for this pass = 0.000000 sec (total 0.011000 sec)
RUN PASS with name CONVERT_ASSIGN_TO_LOOP
  Analyzing: results\1d\prf12\prf12.f
PROFILE: time for this pass = 0.000000 sec (total 0.011000 sec)
RUN PASS with name DEF_USE_STAGE1
  Analyzing: results\1d\prf12\prf12.f
PROFILE: time for this pass = 0.001000 sec (total 0.013000 sec)
RUN PASS with name DEF_USE_STAGE2
  Analyzing: results\1d\prf12\prf12.f
PROFILE: time for this pass = 0.000000 sec (total 0.013000 sec)
RUN PASS with name VERIFY_COMMON
  Analyzing: results\1d\prf12\prf12.f
PROFILE: time for this pass = 0.000000 sec (total 0.013000 sec)
RUN PASS with name CALL_GRAPH_IR
  Analyzing: results\1d\prf12\prf12.f
PROFILE: time for this pass = 0.001000 sec (total 0.014000 sec)
RUN PASS with name BUILD_IR
  Analyzing: results\1d\prf12\prf12.f
  count of functions 7, count of lvls 3
     RD time for 'serial1' function is 0.000 sec, iters 3
     RD time for 'ansyes' function is 0.000 sec, iters 1
     RD time for 'ansno' function is 0.000 sec, iters 1

     RD time for 'prf1203' function is 0.001 sec, iters 4
     RD time for 'prf1201' function is 0.000 sec, iters 3
     RD time for 'prf1202' function is 0.000 sec, iters 4

     RD time for 'prf12' function is 0.000 sec, iters 1

PROFILE: time for this pass = 0.003000 sec (total 0.018000 sec)
RUN PASS with name SUBST_EXPR_RD
  Analyzing: results\1d\prf12\prf12.f
PROFILE: time for this pass = 0.001000 sec (total 0.019000 sec)
RUN PASS with name LOOP_GRAPH
  Analyzing: results\1d\prf12\prf12.f
PROFILE: time for this pass = 0.001000 sec (total 0.021000 sec)
RUN PASS with name CALL_GRAPH
  Analyzing: results\1d\prf12\prf12.f
PROFILE: time for this pass = 0.001000 sec (total 0.022000 sec)
RUN PASS with name CALL_GRAPH2
  Analyzing: results\1d\prf12\prf12.f
  run for func prf12
  run for func prf1201
  run for func prf1202
  run for func prf1203
  run for func serial1
  run for func ansyes
  run for func ansno
  added conflict messages to loop on line 41
  added conflict messages to loop on line 114
  added conflict messages to loop on line 181
PROFILE: time for this pass = 0.000000 sec (total 0.023000 sec)
RUN PASS with name GET_STATS_FOR_PREDICTOR
  Analyzing: results\1d\prf12\prf12.f
    PAR LOOP [35 results\1d\prf12\prf12.f] total exec 66, total exec lines 4, avg 1.6500000000000000e+01
    PAR LOOP [110 results\1d\prf12\prf12.f] total exec 34, total exec lines 2, avg 1.7000000000000000e+01
    PAR LOOP [175 results\1d\prf12\prf12.f] total exec 50, total exec lines 3, avg 1.6666666666666668e+01
    PAR LOOP [190 results\1d\prf12\prf12.f] total exec 102, total exec lines 2, avg 5.1000000000000000e+01
    PAR LOOP [194 results\1d\prf12\prf12.f] total exec 153, total exec lines 3, avg 5.1000000000000000e+01
    PAR LOOP [201 results\1d\prf12\prf12.f] total exec 102, total exec lines 2, avg 5.1000000000000000e+01
    PAR LOOP [205 results\1d\prf12\prf12.f] total exec 153, total exec lines 3, avg 5.1000000000000000e+01
    PAR LOOP [211 results\1d\prf12\prf12.f] total exec 102, total exec lines 2, avg 5.1000000000000000e+01
    PAR LOOP [215 results\1d\prf12\prf12.f] total exec 153, total exec lines 3, avg 5.1000000000000000e+01
    PAR LOOP [222 results\1d\prf12\prf12.f] total exec 102, total exec lines 2, avg 5.1000000000000000e+01
    PAR LOOP [226 results\1d\prf12\prf12.f] total exec 153, total exec lines 3, avg 5.1000000000000000e+01
    PAR LOOP [232 results\1d\prf12\prf12.f] total exec 102, total exec lines 2, avg 5.1000000000000000e+01
    PAR LOOP [236 results\1d\prf12\prf12.f] total exec 18446744073709551613, total exec lines 3, avg 6.1489146912365169e+18
    PAR LOOP [244 results\1d\prf12\prf12.f] total exec 36, total exec lines 2, avg 1.8000000000000000e+01
    PAR LOOP [249 results\1d\prf12\prf12.f] total exec 54, total exec lines 3, avg 1.8000000000000000e+01
    average_parallel_exec 3.4846153846153847e+01
    parallel_rate 4.9221296631655198e-01
PROFILE: time for this pass = 0.012000 sec (total 0.036000 sec)

--------------------------------------------------
INFO.JSON file copied from ./info.json to ./results\1d\prf12\info.json

==================================================
Processing of prf12.f completed successfully at 2025-04-23 11:55:49
