=== Processing file: distr3.f ===
Date and time: 2025-05-06 00:24:43
Dimension: 3d
==================================================

Copied ./sources\3d\distr3.f to ./results\3d\distr3\distr3.f
Command: gfortran -O3 -g -fprofile-arcs -ftest-coverage "./results\3d\distr3\distr3.f" -o "./results\3d\distr3\distr3"
Output: 

--------------------------------------------------
Command: "./results\3d\distr3\distr3"
Output: 
 ===START OF distr3========================
 distr31    -  complete
 distr43    -  complete
 === END OF distr3 ========================= 

--------------------------------------------------
Command: gcov -b "./results\3d\distr3\distr3.f"
Output: 
File 'results/3d/distr3/distr3.f'
Lines executed:85.42% of 48
Branches executed:100.00% of 44
Taken at least once:81.82% of 44
Calls executed:62.96% of 27
Creating 'distr3.f.gcov'

Lines executed:85.42% of 48

--------------------------------------------------
GCOV file copied from ./distr3.f.gcov to ./results\3d\distr3\distr3.f.gcov
Command: "../SAPFOR/_bin/Release/Sapfor_F.exe" -parse -spf "./results\3d\distr3\distr3.f"
Output: 
SAPFOR version is 2410, build date: Apr 23 2025 11:52:44, c++ version 201703
  parse file './results\3d\distr3\distr3.f'
  options: -spf 
files compilation order:
  ./results\3d\distr3\distr3.f
Parsing was completed successfully

--------------------------------------------------
Command: "../SAPFOR/_bin/Release/Sapfor_F.exe" -passN GET_STATS_FOR_PREDICTOR -keepDVM
Output: 
SAPFOR version is 2410, build date: Apr 23 2025 11:52:44, c++ version 201703
code for pass GET_STATS_FOR_PREDICTOR is 79
RUN PASS with name VERIFY_FUNC_DECL
  Analyzing: results\3d\distr3\distr3.f
PROFILE: time for this pass = 0.000000 sec (total 0.001000 sec)
RUN PASS with name FILE_LINE_INFO
  Analyzing: results\3d\distr3\distr3.f
  All lines in project 136
PROFILE: time for this pass = 0.000000 sec (total 0.001000 sec)
RUN PASS with name BUILD_INCLUDE_DEPENDENCIES
  Analyzing: results\3d\distr3\distr3.f
PROFILE: time for this pass = 0.000000 sec (total 0.001000 sec)
RUN PASS with name CORRECT_VAR_DECL
  Analyzing: results\3d\distr3\distr3.f
PROFILE: time for this pass = 0.000000 sec (total 0.002000 sec)
RUN PASS with name VERIFY_OPERATORS
  Analyzing: results\3d\distr3\distr3.f
PROFILE: time for this pass = 0.000000 sec (total 0.002000 sec)
RUN PASS with name VERIFY_ENDDO
  Analyzing: results\3d\distr3\distr3.f
PROFILE: time for this pass = 0.000000 sec (total 0.002000 sec)
RUN PASS with name VERIFY_INCLUDES
  Analyzing: results\3d\distr3\distr3.f
PROFILE: time for this pass = 0.000000 sec (total 0.002000 sec)
RUN PASS with name PREPROC_ALLOCATES
  Analyzing: results\3d\distr3\distr3.f
  attribute (29 results\3d\distr3\distr3.f) is added to declaration on line 23 of results\3d\distr3\distr3.f file
  attribute (66 results\3d\distr3\distr3.f) is added to declaration on line 23 of results\3d\distr3\distr3.f file
  attribute (81 results\3d\distr3\distr3.f) is added to declaration on line 75 of results\3d\distr3\distr3.f file
  attribute (122 results\3d\distr3\distr3.f) is added to declaration on line 75 of results\3d\distr3\distr3.f file
PROFILE: time for this pass = 0.000000 sec (total 0.002000 sec)
RUN PASS with name CHECK_PAR_REG_DIR
  Analyzing: results\3d\distr3\distr3.f
PROFILE: time for this pass = 0.000000 sec (total 0.002000 sec)
RUN PASS with name FILL_PARALLEL_REG_IR
  Analyzing: results\3d\distr3\distr3.f
PROFILE: time for this pass = 0.000000 sec (total 0.002000 sec)
RUN PASS with name GET_ALL_ARRAY_DECL
  Analyzing: results\3d\distr3\distr3.f
PROFILE: time for this pass = 0.000000 sec (total 0.003000 sec)
RUN PASS with name FILL_COMMON_BLOCKS
  Analyzing: results\3d\distr3\distr3.f
PROFILE: time for this pass = 0.000000 sec (total 0.003000 sec)
RUN PASS with name PARSE_OMP_DIRS
  Analyzing: results\3d\distr3\distr3.f
PROFILE: time for this pass = 0.000000 sec (total 0.004000 sec)
RUN PASS with name PREPROC_SPF
  Analyzing: results\3d\distr3\distr3.f
PROFILE: time for this pass = 0.000000 sec (total 0.004000 sec)
RUN PASS with name CREATE_INTER_TREE
  Analyzing: results\3d\distr3\distr3.f
PROFILE: time for this pass = 0.001000 sec (total 0.005000 sec)
RUN PASS with name GCOV_PARSER
  Analyzing: results\3d\distr3\distr3.f
   Error: unable to open file statistic.txt
PROFILE: time for this pass = 0.000000 sec (total 0.006000 sec)
RUN PASS with name VERIFY_FORMAT
  Analyzing: results\3d\distr3\distr3.f
PROFILE: time for this pass = 0.000000 sec (total 0.006000 sec)
RUN PASS with name VERIFY_DVM_DIRS
  Analyzing: results\3d\distr3\distr3.f
PROFILE: time for this pass = 0.000000 sec (total 0.006000 sec)
RUN PASS with name PRIVATE_CALL_GRAPH_STAGE1
  Analyzing: results\3d\distr3\distr3.f
PROFILE: time for this pass = 0.000000 sec (total 0.006000 sec)
RUN PASS with name PRIVATE_CALL_GRAPH_STAGE2
  Analyzing: results\3d\distr3\distr3.f
PROFILE: time for this pass = 0.000000 sec (total 0.006000 sec)
RUN PASS with name MACRO_EXPANSION
  Analyzing: results\3d\distr3\distr3.f
PROFILE: time for this pass = 0.000000 sec (total 0.006000 sec)
RUN PASS with name CONVERT_ASSIGN_TO_LOOP
  Analyzing: results\3d\distr3\distr3.f
PROFILE: time for this pass = 0.000000 sec (total 0.006000 sec)
RUN PASS with name DEF_USE_STAGE1
  Analyzing: results\3d\distr3\distr3.f
PROFILE: time for this pass = 0.000000 sec (total 0.007000 sec)
RUN PASS with name DEF_USE_STAGE2
  Analyzing: results\3d\distr3\distr3.f
PROFILE: time for this pass = 0.000000 sec (total 0.007000 sec)
RUN PASS with name VERIFY_COMMON
  Analyzing: results\3d\distr3\distr3.f
PROFILE: time for this pass = 0.000000 sec (total 0.007000 sec)
RUN PASS with name CALL_GRAPH_IR
  Analyzing: results\3d\distr3\distr3.f
PROFILE: time for this pass = 0.000000 sec (total 0.008000 sec)
RUN PASS with name BUILD_IR
  Analyzing: results\3d\distr3\distr3.f
  count of functions 5, count of lvls 3
     RD time for 'ansyes' function is 0.000 sec, iters 1
     RD time for 'ansno' function is 0.000 sec, iters 1

     RD time for 'distr43' function is 0.000 sec, iters 6
     RD time for 'distr31' function is 0.000 sec, iters 5

     RD time for 'distr3' function is 0.000 sec, iters 1

PROFILE: time for this pass = 0.001000 sec (total 0.010000 sec)
RUN PASS with name SUBST_EXPR_RD
  Analyzing: results\3d\distr3\distr3.f
PROFILE: time for this pass = 0.000000 sec (total 0.010000 sec)
RUN PASS with name LOOP_GRAPH
  Analyzing: results\3d\distr3\distr3.f
PROFILE: time for this pass = 0.000000 sec (total 0.011000 sec)
RUN PASS with name CALL_GRAPH
  Analyzing: results\3d\distr3\distr3.f
PROFILE: time for this pass = 0.000000 sec (total 0.011000 sec)
RUN PASS with name CALL_GRAPH2
  Analyzing: results\3d\distr3\distr3.f
  run for func distr3
  run for func distr31
  run for func distr43
  run for func ansyes
  run for func ansno
PROFILE: time for this pass = 0.000000 sec (total 0.012000 sec)
RUN PASS with name GET_STATS_FOR_PREDICTOR
  Analyzing: results\3d\distr3\distr3.f
    PAR LOOP [33 results\3d\distr3\distr3.f] total exec 1899, total exec lines 6, avg 3.1650000000000000e+02
    PAR LOOP [47 results\3d\distr3\distr3.f] total exec 3051, total exec lines 9, avg 3.3900000000000000e+02
    PAR LOOP [85 results\3d\distr3\distr3.f] total exec 15275, total exec lines 8, avg 1.9093750000000000e+03
    PAR LOOP [101 results\3d\distr3\distr3.f] total exec 24491, total exec lines 11, avg 2.2264545454545455e+03
    average_parallel_exec 1.3151764705882354e+03
    parallel_rate 9.9879383515747155e-01
PROFILE: time for this pass = 0.002000 sec (total 0.014000 sec)

--------------------------------------------------
INFO.JSON file copied from ./info.json to ./results\3d\distr3\info.json

==================================================
Processing of distr3.f completed successfully at 2025-05-06 00:24:44
