=== Processing file: align12.f ===
Date and time: 2025-05-06 00:22:07
Dimension: 1d
==================================================

Copied ./sources\1d\align12.f to ./results\1d\align12\align12.f
Command: gfortran -O3 -g -fprofile-arcs -ftest-coverage "./results\1d\align12\align12.f" -o "./results\1d\align12\align12"
Output: 

--------------------------------------------------
Command: "./results\1d\align12\align12"
Output: 
 ===START OF align12========================
 align121   -  complete
 align122   -  complete
 align123   -  complete
 === END OF align12 ========================= 

--------------------------------------------------
Command: gcov -b "./results\1d\align12\align12.f"
Output: 
File 'results/1d/align12/align12.f'
Lines executed:87.88% of 99
Branches executed:100.00% of 84
Taken at least once:78.57% of 84
Calls executed:37.25% of 51
Creating 'align12.f.gcov'

Lines executed:87.88% of 99

--------------------------------------------------
GCOV file copied from ./align12.f.gcov to ./results\1d\align12\align12.f.gcov
Command: "../SAPFOR/_bin/Release/Sapfor_F.exe" -parse -spf "./results\1d\align12\align12.f"
Output: 
SAPFOR version is 2410, build date: Apr 23 2025 11:52:44, c++ version 201703
  parse file './results\1d\align12\align12.f'
  options: -spf 
files compilation order:
  ./results\1d\align12\align12.f
Parsing was completed successfully

--------------------------------------------------
Command: "../SAPFOR/_bin/Release/Sapfor_F.exe" -passN GET_STATS_FOR_PREDICTOR -keepDVM
Output: 
SAPFOR version is 2410, build date: Apr 23 2025 11:52:44, c++ version 201703
code for pass GET_STATS_FOR_PREDICTOR is 79
RUN PASS with name VERIFY_FUNC_DECL
  Analyzing: results\1d\align12\align12.f
PROFILE: time for this pass = 0.000000 sec (total 0.001000 sec)
RUN PASS with name FILE_LINE_INFO
  Analyzing: results\1d\align12\align12.f
  All lines in project 233
PROFILE: time for this pass = 0.000000 sec (total 0.002000 sec)
RUN PASS with name BUILD_INCLUDE_DEPENDENCIES
  Analyzing: results\1d\align12\align12.f
PROFILE: time for this pass = 0.000000 sec (total 0.002000 sec)
RUN PASS with name CORRECT_VAR_DECL
  Analyzing: results\1d\align12\align12.f
PROFILE: time for this pass = 0.000000 sec (total 0.002000 sec)
RUN PASS with name VERIFY_OPERATORS
  Analyzing: results\1d\align12\align12.f
PROFILE: time for this pass = 0.000000 sec (total 0.002000 sec)
RUN PASS with name VERIFY_ENDDO
  Analyzing: results\1d\align12\align12.f
PROFILE: time for this pass = 0.000000 sec (total 0.002000 sec)
RUN PASS with name VERIFY_INCLUDES
  Analyzing: results\1d\align12\align12.f
PROFILE: time for this pass = 0.000000 sec (total 0.003000 sec)
RUN PASS with name PREPROC_ALLOCATES
  Analyzing: results\1d\align12\align12.f
  attribute (37 results\1d\align12\align12.f) is added to declaration on line 31 of results\1d\align12\align12.f file
  attribute (94 results\1d\align12\align12.f) is added to declaration on line 31 of results\1d\align12\align12.f file
  attribute (112 results\1d\align12\align12.f) is added to declaration on line 105 of results\1d\align12\align12.f file
  attribute (169 results\1d\align12\align12.f) is added to declaration on line 105 of results\1d\align12\align12.f file
  attribute (185 results\1d\align12\align12.f) is added to declaration on line 178 of results\1d\align12\align12.f file
  attribute (220 results\1d\align12\align12.f) is added to declaration on line 178 of results\1d\align12\align12.f file
PROFILE: time for this pass = 0.000000 sec (total 0.003000 sec)
RUN PASS with name CHECK_PAR_REG_DIR
  Analyzing: results\1d\align12\align12.f
PROFILE: time for this pass = 0.000000 sec (total 0.003000 sec)
RUN PASS with name FILL_PARALLEL_REG_IR
  Analyzing: results\1d\align12\align12.f
PROFILE: time for this pass = 0.000000 sec (total 0.003000 sec)
RUN PASS with name GET_ALL_ARRAY_DECL
  Analyzing: results\1d\align12\align12.f
PROFILE: time for this pass = 0.001000 sec (total 0.005000 sec)
RUN PASS with name FILL_COMMON_BLOCKS
  Analyzing: results\1d\align12\align12.f
PROFILE: time for this pass = 0.000000 sec (total 0.005000 sec)
RUN PASS with name PARSE_OMP_DIRS
  Analyzing: results\1d\align12\align12.f
PROFILE: time for this pass = 0.000000 sec (total 0.005000 sec)
RUN PASS with name PREPROC_SPF
  Analyzing: results\1d\align12\align12.f
PROFILE: time for this pass = 0.000000 sec (total 0.005000 sec)
RUN PASS with name CREATE_INTER_TREE
  Analyzing: results\1d\align12\align12.f
PROFILE: time for this pass = 0.001000 sec (total 0.007000 sec)
RUN PASS with name GCOV_PARSER
  Analyzing: results\1d\align12\align12.f
   Error: unable to open file statistic.txt
PROFILE: time for this pass = 0.000000 sec (total 0.007000 sec)
RUN PASS with name VERIFY_FORMAT
  Analyzing: results\1d\align12\align12.f
PROFILE: time for this pass = 0.000000 sec (total 0.007000 sec)
RUN PASS with name VERIFY_DVM_DIRS
  Analyzing: results\1d\align12\align12.f
PROFILE: time for this pass = 0.000000 sec (total 0.008000 sec)
RUN PASS with name PRIVATE_CALL_GRAPH_STAGE1
  Analyzing: results\1d\align12\align12.f
PROFILE: time for this pass = 0.000000 sec (total 0.008000 sec)
RUN PASS with name PRIVATE_CALL_GRAPH_STAGE2
  Analyzing: results\1d\align12\align12.f
PROFILE: time for this pass = 0.000000 sec (total 0.008000 sec)
RUN PASS with name MACRO_EXPANSION
  Analyzing: results\1d\align12\align12.f
PROFILE: time for this pass = 0.000000 sec (total 0.008000 sec)
RUN PASS with name CONVERT_ASSIGN_TO_LOOP
  Analyzing: results\1d\align12\align12.f
PROFILE: time for this pass = 0.000000 sec (total 0.008000 sec)
RUN PASS with name DEF_USE_STAGE1
  Analyzing: results\1d\align12\align12.f
PROFILE: time for this pass = 0.000000 sec (total 0.009000 sec)
RUN PASS with name DEF_USE_STAGE2
  Analyzing: results\1d\align12\align12.f
PROFILE: time for this pass = 0.000000 sec (total 0.009000 sec)
RUN PASS with name VERIFY_COMMON
  Analyzing: results\1d\align12\align12.f
PROFILE: time for this pass = 0.000000 sec (total 0.009000 sec)
RUN PASS with name CALL_GRAPH_IR
  Analyzing: results\1d\align12\align12.f
PROFILE: time for this pass = 0.000000 sec (total 0.010000 sec)
RUN PASS with name BUILD_IR
  Analyzing: results\1d\align12\align12.f
  count of functions 6, count of lvls 3
     RD time for 'ansyes' function is 0.000 sec, iters 1
     RD time for 'ansno' function is 0.000 sec, iters 1

     RD time for 'align123' function is 0.000 sec, iters 5
     RD time for 'align121' function is 0.000 sec, iters 4
     RD time for 'align122' function is 0.000 sec, iters 4

     RD time for 'align12' function is 0.000 sec, iters 1

PROFILE: time for this pass = 0.002000 sec (total 0.012000 sec)
RUN PASS with name SUBST_EXPR_RD
  Analyzing: results\1d\align12\align12.f
PROFILE: time for this pass = 0.001000 sec (total 0.013000 sec)
RUN PASS with name LOOP_GRAPH
  Analyzing: results\1d\align12\align12.f
PROFILE: time for this pass = 0.000000 sec (total 0.014000 sec)
RUN PASS with name CALL_GRAPH
  Analyzing: results\1d\align12\align12.f
PROFILE: time for this pass = 0.000000 sec (total 0.015000 sec)
RUN PASS with name CALL_GRAPH2
  Analyzing: results\1d\align12\align12.f
  run for func align12
  run for func align121
  run for func align122
  run for func align123
  run for func ansyes
  run for func ansno
PROFILE: time for this pass = 0.000000 sec (total 0.016000 sec)
RUN PASS with name GET_STATS_FOR_PREDICTOR
  Analyzing: results\1d\align12\align12.f
    PAR LOOP [46 results\1d\align12\align12.f] total exec 67, total exec lines 4, avg 1.6750000000000000e+01
    PAR LOOP [53 results\1d\align12\align12.f] total exec 211, total exec lines 9, avg 2.3444444444444443e+01
    PAR LOOP [68 results\1d\align12\align12.f] total exec 123, total exec lines 8, avg 1.5375000000000000e+01
    PAR LOOP [121 results\1d\align12\align12.f] total exec 67, total exec lines 4, avg 1.6750000000000000e+01
    PAR LOOP [128 results\1d\align12\align12.f] total exec 371, total exec lines 9, avg 4.1222222222222221e+01
    PAR LOOP [143 results\1d\align12\align12.f] total exec 123, total exec lines 8, avg 1.5375000000000000e+01
    PAR LOOP [192 results\1d\align12\align12.f] total exec 67, total exec lines 4, avg 1.6750000000000000e+01
    PAR LOOP [199 results\1d\align12\align12.f] total exec 1811, total exec lines 9, avg 2.0122222222222223e+02
    average_parallel_exec 5.1636363636363633e+01
    parallel_rate 9.1879650598511808e-01
PROFILE: time for this pass = 0.004000 sec (total 0.020000 sec)

--------------------------------------------------
INFO.JSON file copied from ./info.json to ./results\1d\align12\info.json

==================================================
Processing of align12.f completed successfully at 2025-05-06 00:22:08
