=== Processing file: acr22.f ===
Date and time: 2025-04-23 11:56:11
Dimension: 2d
==================================================

Copied ./sources\2d\acr22.f to ./results\2d\acr22\acr22.f
Command: gfortran -O3 -g -fprofile-arcs -ftest-coverage "./results\2d\acr22\acr22.f" -o "./results\2d\acr22\acr22"
Output: 

--------------------------------------------------
Command: "./results\2d\acr22\acr22"
Output: 
 ===START OF ACR22========================
 ACR2201  -  complete
 ACR2202  -  complete
 ACR2203  -  complete
 ACR2204  -  complete
 ACR2205  -  complete
 ACR2206  -  complete
 ACR2207  -  complete
 ACR2208  -  complete
 ACR2209  -  complete
 ACR2210  -  complete
 ACR2211  -  complete
 ACR2212  -  complete
 ACR2213  -  complete
 ACR2214  -  complete
 ACR2215  -  complete
 === END OF ACR22 ========================= 

--------------------------------------------------
Command: gcov -b "./results\2d\acr22\acr22.f"
Output: 
File 'results/2d/acr22/acr22.f'
Lines executed:91.36% of 405
Branches executed:99.22% of 514
Taken at least once:81.71% of 514
Calls executed:35.25% of 122
Creating 'acr22.f.gcov'

Lines executed:91.36% of 405

--------------------------------------------------
GCOV file copied from ./acr22.f.gcov to ./results\2d\acr22\acr22.f.gcov
Command: "../SAPFOR/_bin/Release/Sapfor_F.exe" -parse -spf "./results\2d\acr22\acr22.f"
Output: 
SAPFOR version is 2410, build date: Apr 23 2025 11:52:44, c++ version 201703
  parse file './results\2d\acr22\acr22.f'
  options: -spf 
files compilation order:
  ./results\2d\acr22\acr22.f
Parsing was completed successfully

--------------------------------------------------
Command: "../SAPFOR/_bin/Release/Sapfor_F.exe" -passN GET_STATS_FOR_PREDICTOR -keepDVM
Output: 
SAPFOR version is 2410, build date: Apr 23 2025 11:52:44, c++ version 201703
code for pass GET_STATS_FOR_PREDICTOR is 79
RUN PASS with name VERIFY_FUNC_DECL
  Analyzing: results\2d\acr22\acr22.f
PROFILE: time for this pass = 0.000000 sec (total 0.003000 sec)
RUN PASS with name FILE_LINE_INFO
  Analyzing: results\2d\acr22\acr22.f
  All lines in project 995
PROFILE: time for this pass = 0.001000 sec (total 0.004000 sec)
RUN PASS with name BUILD_INCLUDE_DEPENDENCIES
  Analyzing: results\2d\acr22\acr22.f
PROFILE: time for this pass = 0.000000 sec (total 0.005000 sec)
RUN PASS with name CORRECT_VAR_DECL
  Analyzing: results\2d\acr22\acr22.f
PROFILE: time for this pass = 0.000000 sec (total 0.006000 sec)
RUN PASS with name VERIFY_OPERATORS
  Analyzing: results\2d\acr22\acr22.f
PROFILE: time for this pass = 0.000000 sec (total 0.007000 sec)
RUN PASS with name VERIFY_ENDDO
  Analyzing: results\2d\acr22\acr22.f
PROFILE: time for this pass = 0.000000 sec (total 0.008000 sec)
RUN PASS with name VERIFY_INCLUDES
  Analyzing: results\2d\acr22\acr22.f
PROFILE: time for this pass = 0.000000 sec (total 0.009000 sec)
RUN PASS with name PREPROC_ALLOCATES
  Analyzing: results\2d\acr22\acr22.f
  attribute (53 results\2d\acr22\acr22.f) is added to declaration on line 48 of results\2d\acr22\acr22.f file
  attribute (101 results\2d\acr22\acr22.f) is added to declaration on line 48 of results\2d\acr22\acr22.f file
  attribute (114 results\2d\acr22\acr22.f) is added to declaration on line 108 of results\2d\acr22\acr22.f file
  attribute (152 results\2d\acr22\acr22.f) is added to declaration on line 108 of results\2d\acr22\acr22.f file
  attribute (171 results\2d\acr22\acr22.f) is added to declaration on line 167 of results\2d\acr22\acr22.f file
  attribute (218 results\2d\acr22\acr22.f) is added to declaration on line 167 of results\2d\acr22\acr22.f file
  attribute (231 results\2d\acr22\acr22.f) is added to declaration on line 226 of results\2d\acr22\acr22.f file
  attribute (279 results\2d\acr22\acr22.f) is added to declaration on line 226 of results\2d\acr22\acr22.f file
  attribute (296 results\2d\acr22\acr22.f) is added to declaration on line 290 of results\2d\acr22\acr22.f file
  attribute (344 results\2d\acr22\acr22.f) is added to declaration on line 290 of results\2d\acr22\acr22.f file
  attribute (358 results\2d\acr22\acr22.f) is added to declaration on line 353 of results\2d\acr22\acr22.f file
  attribute (406 results\2d\acr22\acr22.f) is added to declaration on line 353 of results\2d\acr22\acr22.f file
  attribute (419 results\2d\acr22\acr22.f) is added to declaration on line 414 of results\2d\acr22\acr22.f file
  attribute (467 results\2d\acr22\acr22.f) is added to declaration on line 414 of results\2d\acr22\acr22.f file
  attribute (480 results\2d\acr22\acr22.f) is added to declaration on line 475 of results\2d\acr22\acr22.f file
  attribute (527 results\2d\acr22\acr22.f) is added to declaration on line 475 of results\2d\acr22\acr22.f file
  attribute (540 results\2d\acr22\acr22.f) is added to declaration on line 534 of results\2d\acr22\acr22.f file
  attribute (588 results\2d\acr22\acr22.f) is added to declaration on line 534 of results\2d\acr22\acr22.f file
  attribute (603 results\2d\acr22\acr22.f) is added to declaration on line 597 of results\2d\acr22\acr22.f file
  attribute (654 results\2d\acr22\acr22.f) is added to declaration on line 597 of results\2d\acr22\acr22.f file
  attribute (669 results\2d\acr22\acr22.f) is added to declaration on line 663 of results\2d\acr22\acr22.f file
  attribute (718 results\2d\acr22\acr22.f) is added to declaration on line 663 of results\2d\acr22\acr22.f file
  attribute (732 results\2d\acr22\acr22.f) is added to declaration on line 726 of results\2d\acr22\acr22.f file
  attribute (781 results\2d\acr22\acr22.f) is added to declaration on line 726 of results\2d\acr22\acr22.f file
  attribute (796 results\2d\acr22\acr22.f) is added to declaration on line 790 of results\2d\acr22\acr22.f file
  attribute (845 results\2d\acr22\acr22.f) is added to declaration on line 790 of results\2d\acr22\acr22.f file
  attribute (859 results\2d\acr22\acr22.f) is added to declaration on line 853 of results\2d\acr22\acr22.f file
  attribute (909 results\2d\acr22\acr22.f) is added to declaration on line 853 of results\2d\acr22\acr22.f file
  attribute (923 results\2d\acr22\acr22.f) is added to declaration on line 918 of results\2d\acr22\acr22.f file
  attribute (974 results\2d\acr22\acr22.f) is added to declaration on line 918 of results\2d\acr22\acr22.f file
PROFILE: time for this pass = 0.001000 sec (total 0.011000 sec)
RUN PASS with name CHECK_PAR_REG_DIR
  Analyzing: results\2d\acr22\acr22.f
PROFILE: time for this pass = 0.000000 sec (total 0.012000 sec)
RUN PASS with name FILL_PARALLEL_REG_IR
  Analyzing: results\2d\acr22\acr22.f
PROFILE: time for this pass = 0.001000 sec (total 0.013000 sec)
RUN PASS with name GET_ALL_ARRAY_DECL
  Analyzing: results\2d\acr22\acr22.f
PROFILE: time for this pass = 0.005000 sec (total 0.019000 sec)
RUN PASS with name FILL_COMMON_BLOCKS
  Analyzing: results\2d\acr22\acr22.f
PROFILE: time for this pass = 0.000000 sec (total 0.020000 sec)
RUN PASS with name PARSE_OMP_DIRS
  Analyzing: results\2d\acr22\acr22.f
PROFILE: time for this pass = 0.000000 sec (total 0.021000 sec)
RUN PASS with name PREPROC_SPF
  Analyzing: results\2d\acr22\acr22.f
PROFILE: time for this pass = 0.000000 sec (total 0.022000 sec)
RUN PASS with name CREATE_INTER_TREE
  Analyzing: results\2d\acr22\acr22.f
PROFILE: time for this pass = 0.003000 sec (total 0.025000 sec)
RUN PASS with name GCOV_PARSER
  Analyzing: results\2d\acr22\acr22.f
   Error: unable to open file statistic.txt
PROFILE: time for this pass = 0.002000 sec (total 0.028000 sec)
RUN PASS with name VERIFY_FORMAT
  Analyzing: results\2d\acr22\acr22.f
PROFILE: time for this pass = 0.000000 sec (total 0.029000 sec)
RUN PASS with name VERIFY_DVM_DIRS
  Analyzing: results\2d\acr22\acr22.f
PROFILE: time for this pass = 0.000000 sec (total 0.029000 sec)
RUN PASS with name PRIVATE_CALL_GRAPH_STAGE1
  Analyzing: results\2d\acr22\acr22.f
PROFILE: time for this pass = 0.000000 sec (total 0.030000 sec)
RUN PASS with name PRIVATE_CALL_GRAPH_STAGE2
  Analyzing: results\2d\acr22\acr22.f
PROFILE: time for this pass = 0.000000 sec (total 0.031000 sec)
RUN PASS with name MACRO_EXPANSION
  Analyzing: results\2d\acr22\acr22.f
PROFILE: time for this pass = 0.000000 sec (total 0.032000 sec)
RUN PASS with name CONVERT_ASSIGN_TO_LOOP
  Analyzing: results\2d\acr22\acr22.f
PROFILE: time for this pass = 0.002000 sec (total 0.034000 sec)
RUN PASS with name DEF_USE_STAGE1
  Analyzing: results\2d\acr22\acr22.f
PROFILE: time for this pass = 0.005000 sec (total 0.040000 sec)
RUN PASS with name DEF_USE_STAGE2
  Analyzing: results\2d\acr22\acr22.f
PROFILE: time for this pass = 0.000000 sec (total 0.041000 sec)
RUN PASS with name VERIFY_COMMON
  Analyzing: results\2d\acr22\acr22.f
PROFILE: time for this pass = 0.000000 sec (total 0.041000 sec)
RUN PASS with name CALL_GRAPH_IR
  Analyzing: results\2d\acr22\acr22.f
PROFILE: time for this pass = 0.004000 sec (total 0.046000 sec)
RUN PASS with name BUILD_IR
  Analyzing: results\2d\acr22\acr22.f
  count of functions 19, count of lvls 3
     RD time for 'serial2' function is 0.000 sec, iters 4
     RD time for 'ansyes' function is 0.000 sec, iters 1
     RD time for 'ansno' function is 0.000 sec, iters 1

     RD time for 'acr2206' function is 0.000 sec, iters 5
     RD time for 'acr2207' function is 0.000 sec, iters 5
     RD time for 'acr2208' function is 0.000 sec, iters 5
     RD time for 'acr2205' function is 0.000 sec, iters 5
     RD time for 'acr2209' function is 0.000 sec, iters 5
     RD time for 'acr2201' function is 0.000 sec, iters 5
     RD time for 'acr2202' function is 0.000 sec, iters 5
     RD time for 'acr2203' function is 0.000 sec, iters 5
     RD time for 'acr2210' function is 0.000 sec, iters 5
     RD time for 'acr2204' function is 0.000 sec, iters 5
     RD time for 'acr2211' function is 0.000 sec, iters 5
     RD time for 'acr2212' function is 0.000 sec, iters 5
     RD time for 'acr2215' function is 0.000 sec, iters 5
     RD time for 'acr2214' function is 0.000 sec, iters 5
     RD time for 'acr2213' function is 0.000 sec, iters 5

     RD time for 'acr22' function is 0.000 sec, iters 1

PROFILE: time for this pass = 0.014000 sec (total 0.060000 sec)
RUN PASS with name SUBST_EXPR_RD
  Analyzing: results\2d\acr22\acr22.f
PROFILE: time for this pass = 0.005000 sec (total 0.066000 sec)
RUN PASS with name LOOP_GRAPH
  Analyzing: results\2d\acr22\acr22.f
PROFILE: time for this pass = 0.004000 sec (total 0.071000 sec)
RUN PASS with name CALL_GRAPH
  Analyzing: results\2d\acr22\acr22.f
PROFILE: time for this pass = 0.007000 sec (total 0.078000 sec)
RUN PASS with name CALL_GRAPH2
  Analyzing: results\2d\acr22\acr22.f
  run for func acr22
  run for func acr2201
  run for func acr2202
  run for func acr2203
  run for func acr2204
  run for func acr2205
  run for func acr2206
  run for func acr2207
  run for func acr2208
  run for func acr2209
  run for func acr2210
  run for func acr2211
  run for func acr2212
  run for func acr2213
  run for func acr2214
  run for func acr2215
  run for func serial2
  run for func ansyes
  run for func ansno
PROFILE: time for this pass = 0.003000 sec (total 0.082000 sec)
RUN PASS with name GET_STATS_FOR_PREDICTOR
  Analyzing: results\2d\acr22\acr22.f
    PAR LOOP [70 results\2d\acr22\acr22.f] total exec 2505, total exec lines 4, avg 6.2625000000000000e+02
    PAR LOOP [77 results\2d\acr22\acr22.f] total exec 1941, total exec lines 4, avg 4.8525000000000000e+02
    PAR LOOP [84 results\2d\acr22\acr22.f] total exec 2571, total exec lines 7, avg 3.6728571428571428e+02
    PAR LOOP [129 results\2d\acr22\acr22.f] total exec 2505, total exec lines 4, avg 6.2625000000000000e+02
    PAR LOOP [135 results\2d\acr22\acr22.f] total exec 1941, total exec lines 4, avg 4.8525000000000000e+02
    PAR LOOP [142 results\2d\acr22\acr22.f] total exec 2570, total exec lines 7, avg 3.6714285714285717e+02
    PAR LOOP [187 results\2d\acr22\acr22.f] total exec 2505, total exec lines 4, avg 6.2625000000000000e+02
    PAR LOOP [194 results\2d\acr22\acr22.f] total exec 1941, total exec lines 4, avg 4.8525000000000000e+02
    PAR LOOP [201 results\2d\acr22\acr22.f] total exec 2571, total exec lines 7, avg 3.6728571428571428e+02
    PAR LOOP [248 results\2d\acr22\acr22.f] total exec 2505, total exec lines 4, avg 6.2625000000000000e+02
    PAR LOOP [255 results\2d\acr22\acr22.f] total exec 1941, total exec lines 4, avg 4.8525000000000000e+02
    PAR LOOP [262 results\2d\acr22\acr22.f] total exec 2571, total exec lines 7, avg 3.6728571428571428e+02
    PAR LOOP [313 results\2d\acr22\acr22.f] total exec 2505, total exec lines 4, avg 6.2625000000000000e+02
    PAR LOOP [320 results\2d\acr22\acr22.f] total exec 1941, total exec lines 4, avg 4.8525000000000000e+02
    PAR LOOP [327 results\2d\acr22\acr22.f] total exec 2571, total exec lines 7, avg 3.6728571428571428e+02
    PAR LOOP [375 results\2d\acr22\acr22.f] total exec 2505, total exec lines 4, avg 6.2625000000000000e+02
    PAR LOOP [382 results\2d\acr22\acr22.f] total exec 1449, total exec lines 4, avg 3.6225000000000000e+02
    PAR LOOP [389 results\2d\acr22\acr22.f] total exec 1917, total exec lines 7, avg 2.7385714285714283e+02
    PAR LOOP [436 results\2d\acr22\acr22.f] total exec 2505, total exec lines 4, avg 6.2625000000000000e+02
    PAR LOOP [443 results\2d\acr22\acr22.f] total exec 1449, total exec lines 4, avg 3.6225000000000000e+02
    PAR LOOP [450 results\2d\acr22\acr22.f] total exec 1917, total exec lines 7, avg 2.7385714285714283e+02
    PAR LOOP [496 results\2d\acr22\acr22.f] total exec 2505, total exec lines 4, avg 6.2625000000000000e+02
    PAR LOOP [503 results\2d\acr22\acr22.f] total exec 1449, total exec lines 4, avg 3.6225000000000000e+02
    PAR LOOP [510 results\2d\acr22\acr22.f] total exec 1917, total exec lines 7, avg 2.7385714285714283e+02
    PAR LOOP [557 results\2d\acr22\acr22.f] total exec 2505, total exec lines 4, avg 6.2625000000000000e+02
    PAR LOOP [564 results\2d\acr22\acr22.f] total exec 1449, total exec lines 4, avg 3.6225000000000000e+02
    PAR LOOP [571 results\2d\acr22\acr22.f] total exec 1917, total exec lines 7, avg 2.7385714285714283e+02
    PAR LOOP [622 results\2d\acr22\acr22.f] total exec 2505, total exec lines 4, avg 6.2625000000000000e+02
    PAR LOOP [629 results\2d\acr22\acr22.f] total exec 1029, total exec lines 4, avg 2.5725000000000000e+02
    PAR LOOP [637 results\2d\acr22\acr22.f] total exec 1359, total exec lines 7, avg 1.9414285714285714e+02
    PAR LOOP [687 results\2d\acr22\acr22.f] total exec 2505, total exec lines 4, avg 6.2625000000000000e+02
    PAR LOOP [694 results\2d\acr22\acr22.f] total exec 1449, total exec lines 4, avg 3.6225000000000000e+02
    PAR LOOP [701 results\2d\acr22\acr22.f] total exec 1917, total exec lines 7, avg 2.7385714285714283e+02
    PAR LOOP [750 results\2d\acr22\acr22.f] total exec 2505, total exec lines 4, avg 6.2625000000000000e+02
    PAR LOOP [757 results\2d\acr22\acr22.f] total exec 1449, total exec lines 4, avg 3.6225000000000000e+02
    PAR LOOP [764 results\2d\acr22\acr22.f] total exec 1917, total exec lines 7, avg 2.7385714285714283e+02
    PAR LOOP [814 results\2d\acr22\acr22.f] total exec 2505, total exec lines 4, avg 6.2625000000000000e+02
    PAR LOOP [821 results\2d\acr22\acr22.f] total exec 1029, total exec lines 4, avg 2.5725000000000000e+02
    PAR LOOP [828 results\2d\acr22\acr22.f] total exec 1359, total exec lines 7, avg 1.9414285714285714e+02
    PAR LOOP [878 results\2d\acr22\acr22.f] total exec 2505, total exec lines 4, avg 6.2625000000000000e+02
    PAR LOOP [885 results\2d\acr22\acr22.f] total exec 1029, total exec lines 4, avg 2.5725000000000000e+02
    PAR LOOP [892 results\2d\acr22\acr22.f] total exec 1359, total exec lines 7, avg 1.9414285714285714e+02
    PAR LOOP [942 results\2d\acr22\acr22.f] total exec 30981, total exec lines 4, avg 7.7452500000000000e+03
    PAR LOOP [949 results\2d\acr22\acr22.f] total exec 12105, total exec lines 4, avg 3.0262500000000000e+03
    PAR LOOP [957 results\2d\acr22\acr22.f] total exec 16101, total exec lines 7, avg 2.3001428571428573e+03
    average_parallel_exec 6.4078222222222223e+02
    parallel_rate 5.7811691774697360e-01
PROFILE: time for this pass = 0.072000 sec (total 0.154000 sec)

--------------------------------------------------
INFO.JSON file copied from ./info.json to ./results\2d\acr22\info.json

==================================================
Processing of acr22.f completed successfully at 2025-04-23 11:56:13
