=== Processing file: acr12.f ===
Date and time: 2025-04-23 11:54:28
Dimension: 1d
==================================================

Copied ./sources\1d\acr12.f to ./results\1d\acr12\acr12.f
Command: gfortran -O3 -g -fprofile-arcs -ftest-coverage "./results\1d\acr12\acr12.f" -o "./results\1d\acr12\acr12"
Output: 

--------------------------------------------------
Command: "./results\1d\acr12\acr12"
Output: 
 ===START OF ACR12========================
 ACR1201  -  complete
 ACR1202  -  complete
 ACR1203  -  complete
 ACR1204  -  complete
 ACR1205  -  complete
 ACR1206  -  complete
 ACR1207  -  complete
 ACR1208  -  complete
 ACR1209  -  complete
 ACR1210  -  complete
 === END OF ACR12 ========================= 

--------------------------------------------------
Command: gcov -b "./results\1d\acr12\acr12.f"
Output: 
File 'results/1d/acr12/acr12.f'
Lines executed:89.32% of 234
Branches executed:99.17% of 242
Taken at least once:74.38% of 242
Calls executed:37.93% of 87
Creating 'acr12.f.gcov'

Lines executed:89.32% of 234

--------------------------------------------------
GCOV file copied from ./acr12.f.gcov to ./results\1d\acr12\acr12.f.gcov
Command: "../SAPFOR/_bin/Release/Sapfor_F.exe" -parse -spf "./results\1d\acr12\acr12.f"
Output: 
SAPFOR version is 2410, build date: Apr 23 2025 11:52:44, c++ version 201703
  parse file './results\1d\acr12\acr12.f'
  options: -spf 
files compilation order:
  ./results\1d\acr12\acr12.f
Parsing was completed successfully

--------------------------------------------------
Command: "../SAPFOR/_bin/Release/Sapfor_F.exe" -passN GET_STATS_FOR_PREDICTOR -keepDVM
Output: 
SAPFOR version is 2410, build date: Apr 23 2025 11:52:44, c++ version 201703
code for pass GET_STATS_FOR_PREDICTOR is 79
RUN PASS with name VERIFY_FUNC_DECL
  Analyzing: results\1d\acr12\acr12.f
PROFILE: time for this pass = 0.000000 sec (total 0.002000 sec)
RUN PASS with name FILE_LINE_INFO
  Analyzing: results\1d\acr12\acr12.f
  All lines in project 587
PROFILE: time for this pass = 0.000000 sec (total 0.003000 sec)
RUN PASS with name BUILD_INCLUDE_DEPENDENCIES
  Analyzing: results\1d\acr12\acr12.f
PROFILE: time for this pass = 0.000000 sec (total 0.003000 sec)
RUN PASS with name CORRECT_VAR_DECL
  Analyzing: results\1d\acr12\acr12.f
PROFILE: time for this pass = 0.000000 sec (total 0.004000 sec)
RUN PASS with name VERIFY_OPERATORS
  Analyzing: results\1d\acr12\acr12.f
PROFILE: time for this pass = 0.000000 sec (total 0.004000 sec)
RUN PASS with name VERIFY_ENDDO
  Analyzing: results\1d\acr12\acr12.f
PROFILE: time for this pass = 0.000000 sec (total 0.004000 sec)
RUN PASS with name VERIFY_INCLUDES
  Analyzing: results\1d\acr12\acr12.f
PROFILE: time for this pass = 0.000000 sec (total 0.005000 sec)
RUN PASS with name PREPROC_ALLOCATES
  Analyzing: results\1d\acr12\acr12.f
  attribute (44 results\1d\acr12\acr12.f) is added to declaration on line 38 of results\1d\acr12\acr12.f file
  attribute (83 results\1d\acr12\acr12.f) is added to declaration on line 38 of results\1d\acr12\acr12.f file
  attribute (97 results\1d\acr12\acr12.f) is added to declaration on line 91 of results\1d\acr12\acr12.f file
  attribute (135 results\1d\acr12\acr12.f) is added to declaration on line 91 of results\1d\acr12\acr12.f file
  attribute (149 results\1d\acr12\acr12.f) is added to declaration on line 143 of results\1d\acr12\acr12.f file
  attribute (187 results\1d\acr12\acr12.f) is added to declaration on line 143 of results\1d\acr12\acr12.f file
  attribute (203 results\1d\acr12\acr12.f) is added to declaration on line 196 of results\1d\acr12\acr12.f file
  attribute (241 results\1d\acr12\acr12.f) is added to declaration on line 196 of results\1d\acr12\acr12.f file
  attribute (257 results\1d\acr12\acr12.f) is added to declaration on line 250 of results\1d\acr12\acr12.f file
  attribute (295 results\1d\acr12\acr12.f) is added to declaration on line 250 of results\1d\acr12\acr12.f file
  attribute (311 results\1d\acr12\acr12.f) is added to declaration on line 305 of results\1d\acr12\acr12.f file
  attribute (349 results\1d\acr12\acr12.f) is added to declaration on line 305 of results\1d\acr12\acr12.f file
  attribute (365 results\1d\acr12\acr12.f) is added to declaration on line 358 of results\1d\acr12\acr12.f file
  attribute (403 results\1d\acr12\acr12.f) is added to declaration on line 358 of results\1d\acr12\acr12.f file
  attribute (419 results\1d\acr12\acr12.f) is added to declaration on line 412 of results\1d\acr12\acr12.f file
  attribute (457 results\1d\acr12\acr12.f) is added to declaration on line 412 of results\1d\acr12\acr12.f file
  attribute (473 results\1d\acr12\acr12.f) is added to declaration on line 466 of results\1d\acr12\acr12.f file
  attribute (513 results\1d\acr12\acr12.f) is added to declaration on line 466 of results\1d\acr12\acr12.f file
  attribute (530 results\1d\acr12\acr12.f) is added to declaration on line 523 of results\1d\acr12\acr12.f file
  attribute (568 results\1d\acr12\acr12.f) is added to declaration on line 523 of results\1d\acr12\acr12.f file
PROFILE: time for this pass = 0.000000 sec (total 0.006000 sec)
RUN PASS with name CHECK_PAR_REG_DIR
  Analyzing: results\1d\acr12\acr12.f
PROFILE: time for this pass = 0.000000 sec (total 0.006000 sec)
RUN PASS with name FILL_PARALLEL_REG_IR
  Analyzing: results\1d\acr12\acr12.f
PROFILE: time for this pass = 0.000000 sec (total 0.006000 sec)
RUN PASS with name GET_ALL_ARRAY_DECL
  Analyzing: results\1d\acr12\acr12.f
PROFILE: time for this pass = 0.003000 sec (total 0.010000 sec)
RUN PASS with name FILL_COMMON_BLOCKS
  Analyzing: results\1d\acr12\acr12.f
PROFILE: time for this pass = 0.000000 sec (total 0.010000 sec)
RUN PASS with name PARSE_OMP_DIRS
  Analyzing: results\1d\acr12\acr12.f
PROFILE: time for this pass = 0.000000 sec (total 0.011000 sec)
RUN PASS with name PREPROC_SPF
  Analyzing: results\1d\acr12\acr12.f
PROFILE: time for this pass = 0.000000 sec (total 0.011000 sec)
RUN PASS with name CREATE_INTER_TREE
  Analyzing: results\1d\acr12\acr12.f
PROFILE: time for this pass = 0.001000 sec (total 0.013000 sec)
RUN PASS with name GCOV_PARSER
  Analyzing: results\1d\acr12\acr12.f
   Error: unable to open file statistic.txt
PROFILE: time for this pass = 0.001000 sec (total 0.015000 sec)
RUN PASS with name VERIFY_FORMAT
  Analyzing: results\1d\acr12\acr12.f
PROFILE: time for this pass = 0.000000 sec (total 0.015000 sec)
RUN PASS with name VERIFY_DVM_DIRS
  Analyzing: results\1d\acr12\acr12.f
PROFILE: time for this pass = 0.000000 sec (total 0.015000 sec)
RUN PASS with name PRIVATE_CALL_GRAPH_STAGE1
  Analyzing: results\1d\acr12\acr12.f
PROFILE: time for this pass = 0.000000 sec (total 0.016000 sec)
RUN PASS with name PRIVATE_CALL_GRAPH_STAGE2
  Analyzing: results\1d\acr12\acr12.f
PROFILE: time for this pass = 0.000000 sec (total 0.016000 sec)
RUN PASS with name MACRO_EXPANSION
  Analyzing: results\1d\acr12\acr12.f
PROFILE: time for this pass = 0.000000 sec (total 0.017000 sec)
RUN PASS with name CONVERT_ASSIGN_TO_LOOP
  Analyzing: results\1d\acr12\acr12.f
PROFILE: time for this pass = 0.001000 sec (total 0.018000 sec)
RUN PASS with name DEF_USE_STAGE1
  Analyzing: results\1d\acr12\acr12.f
PROFILE: time for this pass = 0.002000 sec (total 0.020000 sec)
RUN PASS with name DEF_USE_STAGE2
  Analyzing: results\1d\acr12\acr12.f
PROFILE: time for this pass = 0.000000 sec (total 0.021000 sec)
RUN PASS with name VERIFY_COMMON
  Analyzing: results\1d\acr12\acr12.f
PROFILE: time for this pass = 0.000000 sec (total 0.021000 sec)
RUN PASS with name CALL_GRAPH_IR
  Analyzing: results\1d\acr12\acr12.f
PROFILE: time for this pass = 0.001000 sec (total 0.023000 sec)
RUN PASS with name BUILD_IR
  Analyzing: results\1d\acr12\acr12.f
  count of functions 14, count of lvls 3
     RD time for 'ansyes' function is 0.000 sec, iters 1
     RD time for 'serial1' function is 0.000 sec, iters 3
     RD time for 'ansno' function is 0.000 sec, iters 1

     RD time for 'acr1201' function is 0.000 sec, iters 4
     RD time for 'acr1205' function is 0.000 sec, iters 4
     RD time for 'acr1210' function is 0.000 sec, iters 4
     RD time for 'acr1207' function is 0.000 sec, iters 4
     RD time for 'acr1208' function is 0.000 sec, iters 4
     RD time for 'acr1206' function is 0.000 sec, iters 4
     RD time for 'acr1203' function is 0.000 sec, iters 4
     RD time for 'acr1204' function is 0.000 sec, iters 4
     RD time for 'acr1209' function is 0.000 sec, iters 4
     RD time for 'acr1202' function is 0.000 sec, iters 4

     RD time for 'acr12' function is 0.000 sec, iters 1

PROFILE: time for this pass = 0.005000 sec (total 0.028000 sec)
RUN PASS with name SUBST_EXPR_RD
  Analyzing: results\1d\acr12\acr12.f
PROFILE: time for this pass = 0.001000 sec (total 0.030000 sec)
RUN PASS with name LOOP_GRAPH
  Analyzing: results\1d\acr12\acr12.f
PROFILE: time for this pass = 0.002000 sec (total 0.033000 sec)
RUN PASS with name CALL_GRAPH
  Analyzing: results\1d\acr12\acr12.f
PROFILE: time for this pass = 0.003000 sec (total 0.036000 sec)
RUN PASS with name CALL_GRAPH2
  Analyzing: results\1d\acr12\acr12.f
  run for func acr12
  run for func acr1201
  run for func acr1202
  run for func acr1203
  run for func acr1204
  run for func acr1205
  run for func acr1206
  run for func acr1207
  run for func acr1208
  run for func acr1209
  run for func acr1210
  run for func serial1
  run for func ansyes
  run for func ansno
PROFILE: time for this pass = 0.001000 sec (total 0.038000 sec)
RUN PASS with name GET_STATS_FOR_PREDICTOR
  Analyzing: results\1d\acr12\acr12.f
    PAR LOOP [58 results\1d\acr12\acr12.f] total exec 54, total exec lines 2, avg 2.7000000000000000e+01
    PAR LOOP [64 results\1d\acr12\acr12.f] total exec 42, total exec lines 2, avg 2.1000000000000000e+01
    PAR LOOP [69 results\1d\acr12\acr12.f] total exec 64, total exec lines 4, avg 1.6000000000000000e+01
    PAR LOOP [111 results\1d\acr12\acr12.f] total exec 102, total exec lines 2, avg 5.1000000000000000e+01
    PAR LOOP [116 results\1d\acr12\acr12.f] total exec 96, total exec lines 2, avg 4.8000000000000000e+01
    PAR LOOP [121 results\1d\acr12\acr12.f] total exec 136, total exec lines 4, avg 3.4000000000000000e+01
    PAR LOOP [163 results\1d\acr12\acr12.f] total exec 102, total exec lines 2, avg 5.1000000000000000e+01
    PAR LOOP [168 results\1d\acr12\acr12.f] total exec 96, total exec lines 2, avg 4.8000000000000000e+01
    PAR LOOP [173 results\1d\acr12\acr12.f] total exec 136, total exec lines 4, avg 3.4000000000000000e+01
    PAR LOOP [217 results\1d\acr12\acr12.f] total exec 102, total exec lines 2, avg 5.1000000000000000e+01
    PAR LOOP [222 results\1d\acr12\acr12.f] total exec 78, total exec lines 2, avg 3.9000000000000000e+01
    PAR LOOP [227 results\1d\acr12\acr12.f] total exec 118, total exec lines 4, avg 2.9500000000000000e+01
    PAR LOOP [271 results\1d\acr12\acr12.f] total exec 102, total exec lines 2, avg 5.1000000000000000e+01
    PAR LOOP [276 results\1d\acr12\acr12.f] total exec 84, total exec lines 2, avg 4.2000000000000000e+01
    PAR LOOP [281 results\1d\acr12\acr12.f] total exec 127, total exec lines 4, avg 3.1750000000000000e+01
    PAR LOOP [325 results\1d\acr12\acr12.f] total exec 102, total exec lines 2, avg 5.1000000000000000e+01
    PAR LOOP [330 results\1d\acr12\acr12.f] total exec 90, total exec lines 2, avg 4.5000000000000000e+01
    PAR LOOP [335 results\1d\acr12\acr12.f] total exec 136, total exec lines 4, avg 3.4000000000000000e+01
    PAR LOOP [379 results\1d\acr12\acr12.f] total exec 102, total exec lines 2, avg 5.1000000000000000e+01
    PAR LOOP [384 results\1d\acr12\acr12.f] total exec 66, total exec lines 2, avg 3.3000000000000000e+01
    PAR LOOP [389 results\1d\acr12\acr12.f] total exec 100, total exec lines 4, avg 2.5000000000000000e+01
    PAR LOOP [433 results\1d\acr12\acr12.f] total exec 150, total exec lines 2, avg 7.5000000000000000e+01
    PAR LOOP [438 results\1d\acr12\acr12.f] total exec 126, total exec lines 2, avg 6.3000000000000000e+01
    PAR LOOP [443 results\1d\acr12\acr12.f] total exec 190, total exec lines 4, avg 4.7500000000000000e+01
    PAR LOOP [488 results\1d\acr12\acr12.f] total exec 150, total exec lines 2, avg 7.5000000000000000e+01
    PAR LOOP [493 results\1d\acr12\acr12.f] total exec 132, total exec lines 2, avg 6.6000000000000000e+01
    PAR LOOP [498 results\1d\acr12\acr12.f] total exec 199, total exec lines 4, avg 4.9750000000000000e+01
    PAR LOOP [544 results\1d\acr12\acr12.f] total exec 306, total exec lines 2, avg 1.5300000000000000e+02
    PAR LOOP [549 results\1d\acr12\acr12.f] total exec 174, total exec lines 2, avg 8.7000000000000000e+01
    PAR LOOP [554 results\1d\acr12\acr12.f] total exec 262, total exec lines 4, avg 6.5500000000000000e+01
    average_parallel_exec 4.6549999999999997e+01
    parallel_rate 3.9507744536388711e-01
PROFILE: time for this pass = 0.023000 sec (total 0.061000 sec)

--------------------------------------------------
INFO.JSON file copied from ./info.json to ./results\1d\acr12\info.json

==================================================
Processing of acr12.f completed successfully at 2025-04-23 11:54:29
