=== Processing file: alignplus33.f ===
Date and time: 2025-04-18 17:43:20
Dimension: 3d
==================================================

Copied ./sources\3d\alignplus33.f to ./results\3d\alignplus33\alignplus33.f
Command: gfortran -O3 -g -fprofile-arcs -ftest-coverage "./results\3d\alignplus33\alignplus33.f" -o "./results\3d\alignplus33\alignplus33"
Output: 

--------------------------------------------------
Command: "./results\3d\alignplus33\alignplus33"
Output: 
 ====START OF alignplus33================
 align331   -  complete
 align332   -  complete
 align334   -  complete
 align335   -  complete
 ==== END OF alignplus33 ================

--------------------------------------------------
Command: gcov -b "./results\3d\alignplus33\alignplus33.f"
Output: 
File 'results/3d/alignplus33/alignplus33.f'
Lines executed:73.56% of 174
Branches executed:75.82% of 182
Taken at least once:62.64% of 182
Calls executed:41.18% of 51
Creating 'alignplus33.f.gcov'

Lines executed:73.56% of 174

--------------------------------------------------
GCOV file copied from ./alignplus33.f.gcov to ./results\3d\alignplus33\alignplus33.f.gcov
Command: "../SAPFOR/_bin/Release/Sapfor_F.exe" -parse -spf "./results\3d\alignplus33\alignplus33.f"
Output: 
SAPFOR version is 2409, build date: Apr 17 2025 18:48:12, c++ version 201703
  parse file './results\3d\alignplus33\alignplus33.f'
  options: -spf 
files compilation order:
  ./results\3d\alignplus33\alignplus33.f
Parsing was completed successfully

--------------------------------------------------
Command: "../SAPFOR/_bin/Release/Sapfor_F.exe" -passN GET_STATS_FOR_PREDICTOR -keepDVM
Output: 
SAPFOR version is 2409, build date: Apr 17 2025 18:48:12, c++ version 201703
code for pass GET_STATS_FOR_PREDICTOR is 79
RUN PASS with name VERIFY_FUNC_DECL
  Analyzing: results\3d\alignplus33\alignplus33.f
PROFILE: time for this pass = 0.000000 sec (total 0.002000 sec)
RUN PASS with name FILE_LINE_INFO
  Analyzing: results\3d\alignplus33\alignplus33.f
  All lines in project 478
PROFILE: time for this pass = 0.000000 sec (total 0.002000 sec)
RUN PASS with name BUILD_INCLUDE_DEPENDENCIES
  Analyzing: results\3d\alignplus33\alignplus33.f
PROFILE: time for this pass = 0.000000 sec (total 0.003000 sec)
RUN PASS with name CORRECT_VAR_DECL
  Analyzing: results\3d\alignplus33\alignplus33.f
PROFILE: time for this pass = 0.000000 sec (total 0.003000 sec)
RUN PASS with name VERIFY_OPERATORS
  Analyzing: results\3d\alignplus33\alignplus33.f
PROFILE: time for this pass = 0.000000 sec (total 0.003000 sec)
RUN PASS with name VERIFY_ENDDO
  Analyzing: results\3d\alignplus33\alignplus33.f
PROFILE: time for this pass = 0.000000 sec (total 0.004000 sec)
RUN PASS with name VERIFY_INCLUDES
  Analyzing: results\3d\alignplus33\alignplus33.f
PROFILE: time for this pass = 0.000000 sec (total 0.004000 sec)
RUN PASS with name PREPROC_ALLOCATES
  Analyzing: results\3d\alignplus33\alignplus33.f
  attribute (50 results\3d\alignplus33\alignplus33.f) is added to declaration on line 43 of results\3d\alignplus33\alignplus33.f file
  attribute (124 results\3d\alignplus33\alignplus33.f) is added to declaration on line 43 of results\3d\alignplus33\alignplus33.f file
  attribute (148 results\3d\alignplus33\alignplus33.f) is added to declaration on line 140 of results\3d\alignplus33\alignplus33.f file
  attribute (206 results\3d\alignplus33\alignplus33.f) is added to declaration on line 140 of results\3d\alignplus33\alignplus33.f file
  attribute (229 results\3d\alignplus33\alignplus33.f) is added to declaration on line 222 of results\3d\alignplus33\alignplus33.f file
  attribute (302 results\3d\alignplus33\alignplus33.f) is added to declaration on line 222 of results\3d\alignplus33\alignplus33.f file
  attribute (326 results\3d\alignplus33\alignplus33.f) is added to declaration on line 318 of results\3d\alignplus33\alignplus33.f file
  attribute (384 results\3d\alignplus33\alignplus33.f) is added to declaration on line 318 of results\3d\alignplus33\alignplus33.f file
  attribute (408 results\3d\alignplus33\alignplus33.f) is added to declaration on line 400 of results\3d\alignplus33\alignplus33.f file
  attribute (466 results\3d\alignplus33\alignplus33.f) is added to declaration on line 400 of results\3d\alignplus33\alignplus33.f file
PROFILE: time for this pass = 0.000000 sec (total 0.005000 sec)
RUN PASS with name CHECK_PAR_REG_DIR
  Analyzing: results\3d\alignplus33\alignplus33.f
PROFILE: time for this pass = 0.000000 sec (total 0.005000 sec)
RUN PASS with name FILL_PARALLEL_REG_IR
  Analyzing: results\3d\alignplus33\alignplus33.f
PROFILE: time for this pass = 0.000000 sec (total 0.006000 sec)
RUN PASS with name GET_ALL_ARRAY_DECL
  Analyzing: results\3d\alignplus33\alignplus33.f
PROFILE: time for this pass = 0.002000 sec (total 0.008000 sec)
RUN PASS with name FILL_COMMON_BLOCKS
  Analyzing: results\3d\alignplus33\alignplus33.f
PROFILE: time for this pass = 0.000000 sec (total 0.008000 sec)
RUN PASS with name PARSE_OMP_DIRS
  Analyzing: results\3d\alignplus33\alignplus33.f
PROFILE: time for this pass = 0.000000 sec (total 0.009000 sec)
RUN PASS with name PREPROC_SPF
  Analyzing: results\3d\alignplus33\alignplus33.f
PROFILE: time for this pass = 0.000000 sec (total 0.009000 sec)
RUN PASS with name CREATE_INTER_TREE
  Analyzing: results\3d\alignplus33\alignplus33.f
PROFILE: time for this pass = 0.001000 sec (total 0.010000 sec)
RUN PASS with name GCOV_PARSER
  Analyzing: results\3d\alignplus33\alignplus33.f
   Error: unable to open file statistic.txt
PROFILE: time for this pass = 0.001000 sec (total 0.011000 sec)
RUN PASS with name VERIFY_FORMAT
  Analyzing: results\3d\alignplus33\alignplus33.f
PROFILE: time for this pass = 0.000000 sec (total 0.012000 sec)
RUN PASS with name VERIFY_DVM_DIRS
  Analyzing: results\3d\alignplus33\alignplus33.f
PROFILE: time for this pass = 0.000000 sec (total 0.012000 sec)
RUN PASS with name PRIVATE_CALL_GRAPH_STAGE1
  Analyzing: results\3d\alignplus33\alignplus33.f
PROFILE: time for this pass = 0.000000 sec (total 0.012000 sec)
RUN PASS with name PRIVATE_CALL_GRAPH_STAGE2
  Analyzing: results\3d\alignplus33\alignplus33.f
PROFILE: time for this pass = 0.000000 sec (total 0.013000 sec)
RUN PASS with name MACRO_EXPANSION
  Analyzing: results\3d\alignplus33\alignplus33.f
PROFILE: time for this pass = 0.000000 sec (total 0.013000 sec)
RUN PASS with name CONVERT_ASSIGN_TO_LOOP
  Analyzing: results\3d\alignplus33\alignplus33.f
PROFILE: time for this pass = 0.000000 sec (total 0.014000 sec)
RUN PASS with name DEF_USE_STAGE1
  Analyzing: results\3d\alignplus33\alignplus33.f
PROFILE: time for this pass = 0.000000 sec (total 0.015000 sec)
RUN PASS with name DEF_USE_STAGE2
  Analyzing: results\3d\alignplus33\alignplus33.f
PROFILE: time for this pass = 0.000000 sec (total 0.015000 sec)
RUN PASS with name VERIFY_COMMON
  Analyzing: results\3d\alignplus33\alignplus33.f
PROFILE: time for this pass = 0.000000 sec (total 0.015000 sec)
RUN PASS with name CALL_GRAPH_IR
  Analyzing: results\3d\alignplus33\alignplus33.f
PROFILE: time for this pass = 0.000000 sec (total 0.016000 sec)
RUN PASS with name BUILD_IR
  Analyzing: results\3d\alignplus33\alignplus33.f
  count of functions 8, count of lvls 3
     RD time for 'ansno' function is 0.000 sec, iters 1
     RD time for 'align333' function is 0.000 sec, iters 5
     RD time for 'ansyes' function is 0.000 sec, iters 1

     RD time for 'align331' function is 0.000 sec, iters 5
     RD time for 'align332' function is 0.000 sec, iters 7
     RD time for 'align334' function is 0.000 sec, iters 7
     RD time for 'align335' function is 0.000 sec, iters 7

     RD time for 'alignplus33' function is 0.000 sec, iters 1

PROFILE: time for this pass = 0.006000 sec (total 0.023000 sec)
RUN PASS with name SUBST_EXPR_RD
  Analyzing: results\3d\alignplus33\alignplus33.f
PROFILE: time for this pass = 0.002000 sec (total 0.026000 sec)
RUN PASS with name LOOP_GRAPH
  Analyzing: results\3d\alignplus33\alignplus33.f
PROFILE: time for this pass = 0.001000 sec (total 0.027000 sec)
RUN PASS with name CALL_GRAPH
  Analyzing: results\3d\alignplus33\alignplus33.f
PROFILE: time for this pass = 0.001000 sec (total 0.029000 sec)
RUN PASS with name CALL_GRAPH2
  Analyzing: results\3d\alignplus33\alignplus33.f
  run for func alignplus33
  run for func align331
  run for func align332
  run for func align333
  run for func align334
  run for func align335
  run for func ansyes
  run for func ansno
PROFILE: time for this pass = 0.001000 sec (total 0.030000 sec)
RUN PASS with name GET_STATS_FOR_PREDICTOR
  Analyzing: results\3d\alignplus33\alignplus33.f
    PAR LOOP [59 results\3d\alignplus33\alignplus33.f] total exec 57, total exec lines 6, avg 9.5000000000000000e+00
    PAR LOOP [68 results\3d\alignplus33\alignplus33.f] total exec 785, total exec lines 12, avg 6.5416666666666671e+01
    PAR LOOP [93 results\3d\alignplus33\alignplus33.f] total exec 89, total exec lines 10, avg 8.9000000000000004e+00
    PAR LOOP [155 results\3d\alignplus33\alignplus33.f] total exec 57, total exec lines 6, avg 9.5000000000000000e+00
    PAR LOOP [165 results\3d\alignplus33\alignplus33.f] total exec 1079, total exec lines 21, avg 5.1380952380952380e+01
    PAR LOOP [237 results\3d\alignplus33\alignplus33.f] total exec 0, total exec lines 6, avg 0.0000000000000000e+00
    PAR LOOP [246 results\3d\alignplus33\alignplus33.f] total exec 0, total exec lines 12, avg 0.0000000000000000e+00
    PAR LOOP [271 results\3d\alignplus33\alignplus33.f] total exec 0, total exec lines 10, avg 0.0000000000000000e+00
    PAR LOOP [333 results\3d\alignplus33\alignplus33.f] total exec 263, total exec lines 6, avg 4.3833333333333336e+01
    PAR LOOP [343 results\3d\alignplus33\alignplus33.f] total exec 8113, total exec lines 21, avg 3.8633333333333331e+02
    PAR LOOP [415 results\3d\alignplus33\alignplus33.f] total exec 263, total exec lines 6, avg 4.3833333333333336e+01
    PAR LOOP [425 results\3d\alignplus33\alignplus33.f] total exec 8113, total exec lines 21, avg 3.8633333333333331e+02
    average_parallel_exec 1.3736496350364965e+02
    parallel_rate 9.9172639123102868e-01

--------------------------------------------------
INFO.JSON file copied from ./info.json to ./results\3d\alignplus33\info.json

==================================================
Processing of alignplus33.f completed successfully at 2025-04-18 17:43:21
