=== Processing file: red32.f ===
Date and time: 2025-04-23 11:57:43
Dimension: 3d
==================================================

Copied ./sources\3d\red32.f to ./results\3d\red32\red32.f
Command: gfortran -O3 -g -fprofile-arcs -ftest-coverage "./results\3d\red32\red32.f" -o "./results\3d\red32\red32"
Output: 

--------------------------------------------------
Command: "./results\3d\red32\red32"
Output: 
 ===START OF RED32=======================
 RED3201  -  complete
 RED3202  -  complete
 RED3203  -  complete
 RED3204  -  complete
 RED3205  -  complete
 RED3206  -  complete
 RED3207  -  complete
 RED3208  -  complete
 RED3209  -  complete
 RED3210  -  complete
 RED3211  -  complete
 RED3212  -  complete
 RED3213  -  complete
 RED3214  -  complete
 === END OF RED32 ========================= 

--------------------------------------------------
Command: gcov -b "./results\3d\red32\red32.f"
Output: 
File 'results/3d/red32/red32.f'
Lines executed:92.94% of 510
Branches executed:96.30% of 486
Taken at least once:80.25% of 486
Calls executed:43.22% of 118
Creating 'red32.f.gcov'

Lines executed:92.94% of 510

--------------------------------------------------
GCOV file copied from ./red32.f.gcov to ./results\3d\red32\red32.f.gcov
Command: "../SAPFOR/_bin/Release/Sapfor_F.exe" -parse -spf "./results\3d\red32\red32.f"
Output: 
SAPFOR version is 2410, build date: Apr 23 2025 11:52:44, c++ version 201703
  parse file './results\3d\red32\red32.f'
  options: -spf 
files compilation order:
  ./results\3d\red32\red32.f
Parsing was completed successfully

--------------------------------------------------
Command: "../SAPFOR/_bin/Release/Sapfor_F.exe" -passN GET_STATS_FOR_PREDICTOR -keepDVM
Output: 
SAPFOR version is 2410, build date: Apr 23 2025 11:52:44, c++ version 201703
code for pass GET_STATS_FOR_PREDICTOR is 79
RUN PASS with name VERIFY_FUNC_DECL
  Analyzing: results\3d\red32\red32.f
PROFILE: time for this pass = 0.001000 sec (total 0.005000 sec)
RUN PASS with name FILE_LINE_INFO
  Analyzing: results\3d\red32\red32.f
  All lines in project 1064
PROFILE: time for this pass = 0.001000 sec (total 0.006000 sec)
RUN PASS with name BUILD_INCLUDE_DEPENDENCIES
  Analyzing: results\3d\red32\red32.f
PROFILE: time for this pass = 0.000000 sec (total 0.007000 sec)
RUN PASS with name CORRECT_VAR_DECL
  Analyzing: results\3d\red32\red32.f
PROFILE: time for this pass = 0.000000 sec (total 0.008000 sec)
RUN PASS with name VERIFY_OPERATORS
  Analyzing: results\3d\red32\red32.f
PROFILE: time for this pass = 0.000000 sec (total 0.009000 sec)
RUN PASS with name VERIFY_ENDDO
  Analyzing: results\3d\red32\red32.f
PROFILE: time for this pass = 0.000000 sec (total 0.010000 sec)
RUN PASS with name VERIFY_INCLUDES
  Analyzing: results\3d\red32\red32.f
PROFILE: time for this pass = 0.001000 sec (total 0.011000 sec)
RUN PASS with name PREPROC_ALLOCATES
  Analyzing: results\3d\red32\red32.f
  attribute (55 results\3d\red32\red32.f) is added to declaration on line 48 of results\3d\red32\red32.f file
  attribute (90 results\3d\red32\red32.f) is added to declaration on line 48 of results\3d\red32\red32.f file
  attribute (103 results\3d\red32\red32.f) is added to declaration on line 97 of results\3d\red32\red32.f file
  attribute (142 results\3d\red32\red32.f) is added to declaration on line 97 of results\3d\red32\red32.f file
  attribute (155 results\3d\red32\red32.f) is added to declaration on line 149 of results\3d\red32\red32.f file
  attribute (192 results\3d\red32\red32.f) is added to declaration on line 149 of results\3d\red32\red32.f file
  attribute (206 results\3d\red32\red32.f) is added to declaration on line 200 of results\3d\red32\red32.f file
  attribute (244 results\3d\red32\red32.f) is added to declaration on line 200 of results\3d\red32\red32.f file
  attribute (258 results\3d\red32\red32.f) is added to declaration on line 252 of results\3d\red32\red32.f file
  attribute (295 results\3d\red32\red32.f) is added to declaration on line 252 of results\3d\red32\red32.f file
  attribute (311 results\3d\red32\red32.f) is added to declaration on line 304 of results\3d\red32\red32.f file
  attribute (350 results\3d\red32\red32.f) is added to declaration on line 304 of results\3d\red32\red32.f file
  attribute (363 results\3d\red32\red32.f) is added to declaration on line 357 of results\3d\red32\red32.f file
  attribute (412 results\3d\red32\red32.f) is added to declaration on line 357 of results\3d\red32\red32.f file
  attribute (425 results\3d\red32\red32.f) is added to declaration on line 419 of results\3d\red32\red32.f file
  attribute (474 results\3d\red32\red32.f) is added to declaration on line 419 of results\3d\red32\red32.f file
  attribute (487 results\3d\red32\red32.f) is added to declaration on line 480 of results\3d\red32\red32.f file
  attribute (537 results\3d\red32\red32.f) is added to declaration on line 480 of results\3d\red32\red32.f file
  attribute (550 results\3d\red32\red32.f) is added to declaration on line 543 of results\3d\red32\red32.f file
  attribute (600 results\3d\red32\red32.f) is added to declaration on line 543 of results\3d\red32\red32.f file
  attribute (614 results\3d\red32\red32.f) is added to declaration on line 607 of results\3d\red32\red32.f file
  attribute (663 results\3d\red32\red32.f) is added to declaration on line 607 of results\3d\red32\red32.f file
  attribute (677 results\3d\red32\red32.f) is added to declaration on line 670 of results\3d\red32\red32.f file
  attribute (726 results\3d\red32\red32.f) is added to declaration on line 670 of results\3d\red32\red32.f file
  attribute (741 results\3d\red32\red32.f) is added to declaration on line 733 of results\3d\red32\red32.f file
  attribute (799 results\3d\red32\red32.f) is added to declaration on line 733 of results\3d\red32\red32.f file
  attribute (815 results\3d\red32\red32.f) is added to declaration on line 806 of results\3d\red32\red32.f file
  attribute (816 results\3d\red32\red32.f) is added to declaration on line 808 of results\3d\red32\red32.f file
  attribute (885 results\3d\red32\red32.f) is added to declaration on line 808 of results\3d\red32\red32.f file
  attribute (886 results\3d\red32\red32.f) is added to declaration on line 806 of results\3d\red32\red32.f file
PROFILE: time for this pass = 0.001000 sec (total 0.013000 sec)
RUN PASS with name CHECK_PAR_REG_DIR
  Analyzing: results\3d\red32\red32.f
PROFILE: time for this pass = 0.000000 sec (total 0.014000 sec)
RUN PASS with name FILL_PARALLEL_REG_IR
  Analyzing: results\3d\red32\red32.f
PROFILE: time for this pass = 0.000000 sec (total 0.015000 sec)
RUN PASS with name GET_ALL_ARRAY_DECL
  Analyzing: results\3d\red32\red32.f
PROFILE: time for this pass = 0.005000 sec (total 0.020000 sec)
RUN PASS with name FILL_COMMON_BLOCKS
  Analyzing: results\3d\red32\red32.f
PROFILE: time for this pass = 0.001000 sec (total 0.021000 sec)
RUN PASS with name PARSE_OMP_DIRS
  Analyzing: results\3d\red32\red32.f
PROFILE: time for this pass = 0.001000 sec (total 0.023000 sec)
RUN PASS with name PREPROC_SPF
  Analyzing: results\3d\red32\red32.f
PROFILE: time for this pass = 0.001000 sec (total 0.024000 sec)
RUN PASS with name CREATE_INTER_TREE
  Analyzing: results\3d\red32\red32.f
PROFILE: time for this pass = 0.004000 sec (total 0.028000 sec)
RUN PASS with name GCOV_PARSER
  Analyzing: results\3d\red32\red32.f
   Error: unable to open file statistic.txt
PROFILE: time for this pass = 0.002000 sec (total 0.031000 sec)
RUN PASS with name VERIFY_FORMAT
  Analyzing: results\3d\red32\red32.f
PROFILE: time for this pass = 0.000000 sec (total 0.032000 sec)
RUN PASS with name VERIFY_DVM_DIRS
  Analyzing: results\3d\red32\red32.f
PROFILE: time for this pass = 0.000000 sec (total 0.033000 sec)
RUN PASS with name PRIVATE_CALL_GRAPH_STAGE1
  Analyzing: results\3d\red32\red32.f
PROFILE: time for this pass = 0.000000 sec (total 0.034000 sec)
RUN PASS with name PRIVATE_CALL_GRAPH_STAGE2
  Analyzing: results\3d\red32\red32.f
PROFILE: time for this pass = 0.000000 sec (total 0.035000 sec)
RUN PASS with name MACRO_EXPANSION
  Analyzing: results\3d\red32\red32.f
PROFILE: time for this pass = 0.000000 sec (total 0.036000 sec)
RUN PASS with name CONVERT_ASSIGN_TO_LOOP
  Analyzing: results\3d\red32\red32.f
PROFILE: time for this pass = 0.003000 sec (total 0.039000 sec)
RUN PASS with name DEF_USE_STAGE1
  Analyzing: results\3d\red32\red32.f
PROFILE: time for this pass = 0.004000 sec (total 0.044000 sec)
RUN PASS with name DEF_USE_STAGE2
  Analyzing: results\3d\red32\red32.f
PROFILE: time for this pass = 0.000000 sec (total 0.045000 sec)
RUN PASS with name VERIFY_COMMON
  Analyzing: results\3d\red32\red32.f
PROFILE: time for this pass = 0.000000 sec (total 0.046000 sec)
RUN PASS with name CALL_GRAPH_IR
  Analyzing: results\3d\red32\red32.f
PROFILE: time for this pass = 0.004000 sec (total 0.050000 sec)
RUN PASS with name BUILD_IR
  Analyzing: results\3d\red32\red32.f
  count of functions 23, count of lvls 3
     RD time for 'serprod3' function is 0.000 sec, iters 5
     RD time for 'serprodr3' function is 0.000 sec, iters 5
     RD time for 'sersum3mr' function is 0.000 sec, iters 5
     RD time for 'ansno' function is 0.000 sec, iters 1
     RD time for 'ansyes' function is 0.000 sec, iters 1
     RD time for 'sersum3m' function is 0.000 sec, iters 5
     RD time for 'sersum3' function is 0.000 sec, iters 5
     RD time for 'serlog3' function is 0.000 sec, iters 5

     RD time for 'red3205' function is 0.000 sec, iters 5
     RD time for 'red3206' function is 0.000 sec, iters 5
     RD time for 'red3201' function is 0.000 sec, iters 5
     RD time for 'red3202' function is 0.000 sec, iters 5
     RD time for 'red3203' function is 0.000 sec, iters 5
     RD time for 'red3204' function is 0.000 sec, iters 5
     RD time for 'red3213' function is 0.000 sec, iters 5
     RD time for 'red3212' function is 0.000 sec, iters 5
     RD time for 'red3214' function is 0.001 sec, iters 5
     RD time for 'red3210' function is 0.000 sec, iters 5
     RD time for 'red3207' function is 0.000 sec, iters 5
     RD time for 'red3209' function is 0.000 sec, iters 5
     RD time for 'red3208' function is 0.000 sec, iters 5
     RD time for 'red3211' function is 0.000 sec, iters 5

     RD time for 'red32' function is 0.000 sec, iters 1

PROFILE: time for this pass = 0.017000 sec (total 0.068000 sec)
RUN PASS with name SUBST_EXPR_RD
  Analyzing: results\3d\red32\red32.f
PROFILE: time for this pass = 0.010000 sec (total 0.078000 sec)
RUN PASS with name LOOP_GRAPH
  Analyzing: results\3d\red32\red32.f
PROFILE: time for this pass = 0.005000 sec (total 0.083000 sec)
RUN PASS with name CALL_GRAPH
  Analyzing: results\3d\red32\red32.f
PROFILE: time for this pass = 0.007000 sec (total 0.091000 sec)
RUN PASS with name CALL_GRAPH2
  Analyzing: results\3d\red32\red32.f
  run for func red32
  run for func red3201
  run for func red3202
  run for func red3203
  run for func red3204
  run for func red3205
  run for func red3206
  run for func red3207
  run for func red3208
  run for func red3209
  run for func red3210
  run for func red3211
  run for func red3212
  run for func red3213
  run for func red3214
  run for func sersum3
  run for func sersum3m
  run for func sersum3mr
  run for func serprod3
  run for func serprodr3
  run for func serlog3
  run for func ansyes
  run for func ansno
PROFILE: time for this pass = 0.004000 sec (total 0.096000 sec)
RUN PASS with name GET_STATS_FOR_PREDICTOR
  Analyzing: results\3d\red32\red32.f
    PAR LOOP [66 results\3d\red32\red32.f] total exec 3795, total exec lines 6, avg 6.3250000000000000e+02
    PAR LOOP [75 results\3d\red32\red32.f] total exec 3795, total exec lines 6, avg 6.3250000000000000e+02
    PAR LOOP [114 results\3d\red32\red32.f] total exec 7123, total exec lines 10, avg 7.1229999999999995e+02
    PAR LOOP [127 results\3d\red32\red32.f] total exec 3795, total exec lines 6, avg 6.3250000000000000e+02
    PAR LOOP [158 results\3d\red32\red32.f] total exec 3795, total exec lines 6, avg 6.3250000000000000e+02
    PAR LOOP [177 results\3d\red32\red32.f] total exec 4947, total exec lines 7, avg 7.0671428571428567e+02
    PAR LOOP [209 results\3d\red32\red32.f] total exec 3795, total exec lines 6, avg 6.3250000000000000e+02
    PAR LOOP [229 results\3d\red32\red32.f] total exec 4638, total exec lines 7, avg 6.6257142857142856e+02
    PAR LOOP [261 results\3d\red32\red32.f] total exec 3795, total exec lines 6, avg 6.3250000000000000e+02
    PAR LOOP [280 results\3d\red32\red32.f] total exec 4638, total exec lines 7, avg 6.6257142857142856e+02
    PAR LOOP [322 results\3d\red32\red32.f] total exec 3563, total exec lines 10, avg 3.5630000000000001e+02
    PAR LOOP [335 results\3d\red32\red32.f] total exec 1899, total exec lines 6, avg 3.1650000000000000e+02
    PAR LOOP [370 results\3d\red32\red32.f] total exec 851, total exec lines 6, avg 1.4183333333333334e+02
    PAR LOOP [379 results\3d\red32\red32.f] total exec 851, total exec lines 6, avg 1.4183333333333334e+02
    PAR LOOP [393 results\3d\red32\red32.f] total exec 7122, total exec lines 9, avg 7.9133333333333337e+02
    PAR LOOP [432 results\3d\red32\red32.f] total exec 1363, total exec lines 6, avg 2.2716666666666666e+02
    PAR LOOP [441 results\3d\red32\red32.f] total exec 1363, total exec lines 6, avg 2.2716666666666666e+02
    PAR LOOP [455 results\3d\red32\red32.f] total exec 13266, total exec lines 9, avg 1.4740000000000000e+03
    PAR LOOP [495 results\3d\red32\red32.f] total exec 851, total exec lines 6, avg 1.4183333333333334e+02
    PAR LOOP [504 results\3d\red32\red32.f] total exec 851, total exec lines 6, avg 1.4183333333333334e+02
    PAR LOOP [518 results\3d\red32\red32.f] total exec 7122, total exec lines 9, avg 7.9133333333333337e+02
    PAR LOOP [557 results\3d\red32\red32.f] total exec 851, total exec lines 6, avg 1.4183333333333334e+02
    PAR LOOP [566 results\3d\red32\red32.f] total exec 851, total exec lines 6, avg 1.4183333333333334e+02
    PAR LOOP [580 results\3d\red32\red32.f] total exec 7121, total exec lines 10, avg 7.1210000000000002e+02
    PAR LOOP [617 results\3d\red32\red32.f] total exec 6867, total exec lines 6, avg 1.1445000000000000e+03
    PAR LOOP [642 results\3d\red32\red32.f] total exec 11774, total exec lines 11, avg 1.0703636363636363e+03
    PAR LOOP [680 results\3d\red32\red32.f] total exec 6867, total exec lines 6, avg 1.1445000000000000e+03
    PAR LOOP [705 results\3d\red32\red32.f] total exec 8482, total exec lines 11, avg 7.7109090909090912e+02
    PAR LOOP [749 results\3d\red32\red32.f] total exec 6867, total exec lines 6, avg 1.1445000000000000e+03
    PAR LOOP [779 results\3d\red32\red32.f] total exec 15187, total exec lines 10, avg 1.5187000000000000e+03
    PAR LOOP [826 results\3d\red32\red32.f] total exec 1363, total exec lines 6, avg 2.2716666666666666e+02
    PAR LOOP [835 results\3d\red32\red32.f] total exec 1363, total exec lines 6, avg 2.2716666666666666e+02
    PAR LOOP [848 results\3d\red32\red32.f] total exec 13267, total exec lines 10, avg 1.3267000000000000e+03
    PAR LOOP [864 results\3d\red32\red32.f] total exec 15314, total exec lines 10, avg 1.5314000000000001e+03
    average_parallel_exec 7.1756799999999998e+02
    parallel_rate 5.5891104069888808e-01
PROFILE: time for this pass = 0.059000 sec (total 0.155000 sec)

--------------------------------------------------
INFO.JSON file copied from ./info.json to ./results\3d\red32\info.json

==================================================
Processing of red32.f completed successfully at 2025-04-23 11:57:46
