=== Processing file: reda11.f ===
Date and time: 2025-04-23 11:55:52
Dimension: 1d
==================================================

Copied ./sources\1d\reda11.f to ./results\1d\reda11\reda11.f
Command: gfortran -O3 -g -fprofile-arcs -ftest-coverage "./results\1d\reda11\reda11.f" -o "./results\1d\reda11\reda11"
Output: 

--------------------------------------------------
Command: "./results\1d\reda11\reda11"
Output: 
 ===START OF REDA11========================
 REDA1101  -  complete
 REDA1102  -  complete
 REDA1103  -  complete
 REDA1104  -  complete
 === END OF REDA11 ========================= 

--------------------------------------------------
Command: gcov -b "./results\1d\reda11\reda11.f"
Output: 
File 'results/1d/reda11/reda11.f'
Lines executed:88.02% of 192
Branches executed:89.23% of 130
Taken at least once:66.15% of 130
Calls executed:50.00% of 48
Creating 'reda11.f.gcov'

Lines executed:88.02% of 192

--------------------------------------------------
GCOV file copied from ./reda11.f.gcov to ./results\1d\reda11\reda11.f.gcov
Command: "../SAPFOR/_bin/Release/Sapfor_F.exe" -parse -spf "./results\1d\reda11\reda11.f"
Output: 
SAPFOR version is 2410, build date: Apr 23 2025 11:52:44, c++ version 201703
  parse file './results\1d\reda11\reda11.f'
  options: -spf 
files compilation order:
  ./results\1d\reda11\reda11.f
Parsing was completed successfully

--------------------------------------------------
Command: "../SAPFOR/_bin/Release/Sapfor_F.exe" -passN GET_STATS_FOR_PREDICTOR -keepDVM
Output: 
SAPFOR version is 2410, build date: Apr 23 2025 11:52:44, c++ version 201703
code for pass GET_STATS_FOR_PREDICTOR is 79
RUN PASS with name VERIFY_FUNC_DECL
  Analyzing: results\1d\reda11\reda11.f
PROFILE: time for this pass = 0.000000 sec (total 0.002000 sec)
RUN PASS with name FILE_LINE_INFO
  Analyzing: results\1d\reda11\reda11.f
  All lines in project 400
PROFILE: time for this pass = 0.000000 sec (total 0.002000 sec)
RUN PASS with name BUILD_INCLUDE_DEPENDENCIES
  Analyzing: results\1d\reda11\reda11.f
PROFILE: time for this pass = 0.000000 sec (total 0.002000 sec)
RUN PASS with name CORRECT_VAR_DECL
  Analyzing: results\1d\reda11\reda11.f
PROFILE: time for this pass = 0.000000 sec (total 0.003000 sec)
RUN PASS with name VERIFY_OPERATORS
  Analyzing: results\1d\reda11\reda11.f
PROFILE: time for this pass = 0.000000 sec (total 0.003000 sec)
RUN PASS with name VERIFY_ENDDO
  Analyzing: results\1d\reda11\reda11.f
PROFILE: time for this pass = 0.000000 sec (total 0.003000 sec)
RUN PASS with name VERIFY_INCLUDES
  Analyzing: results\1d\reda11\reda11.f
PROFILE: time for this pass = 0.000000 sec (total 0.004000 sec)
RUN PASS with name PREPROC_ALLOCATES
  Analyzing: results\1d\reda11\reda11.f
  attribute (33 results\1d\reda11\reda11.f) is added to declaration on line 26 of results\1d\reda11\reda11.f file
  attribute (78 results\1d\reda11\reda11.f) is added to declaration on line 26 of results\1d\reda11\reda11.f file
  attribute (94 results\1d\reda11\reda11.f) is added to declaration on line 85 of results\1d\reda11\reda11.f file
  attribute (95 results\1d\reda11\reda11.f) is added to declaration on line 87 of results\1d\reda11\reda11.f file
  attribute (143 results\1d\reda11\reda11.f) is added to declaration on line 85 of results\1d\reda11\reda11.f file
  attribute (144 results\1d\reda11\reda11.f) is added to declaration on line 87 of results\1d\reda11\reda11.f file
  attribute (160 results\1d\reda11\reda11.f) is added to declaration on line 151 of results\1d\reda11\reda11.f file
  attribute (215 results\1d\reda11\reda11.f) is added to declaration on line 151 of results\1d\reda11\reda11.f file
  attribute (234 results\1d\reda11\reda11.f) is added to declaration on line 224 of results\1d\reda11\reda11.f file
  attribute (291 results\1d\reda11\reda11.f) is added to declaration on line 224 of results\1d\reda11\reda11.f file
PROFILE: time for this pass = 0.000000 sec (total 0.004000 sec)
RUN PASS with name CHECK_PAR_REG_DIR
  Analyzing: results\1d\reda11\reda11.f
PROFILE: time for this pass = 0.000000 sec (total 0.005000 sec)
RUN PASS with name FILL_PARALLEL_REG_IR
  Analyzing: results\1d\reda11\reda11.f
PROFILE: time for this pass = 0.000000 sec (total 0.005000 sec)
RUN PASS with name GET_ALL_ARRAY_DECL
  Analyzing: results\1d\reda11\reda11.f
PROFILE: time for this pass = 0.002000 sec (total 0.007000 sec)
RUN PASS with name FILL_COMMON_BLOCKS
  Analyzing: results\1d\reda11\reda11.f
PROFILE: time for this pass = 0.000000 sec (total 0.008000 sec)
RUN PASS with name PARSE_OMP_DIRS
  Analyzing: results\1d\reda11\reda11.f
PROFILE: time for this pass = 0.000000 sec (total 0.008000 sec)
RUN PASS with name PREPROC_SPF
  Analyzing: results\1d\reda11\reda11.f
PROFILE: time for this pass = 0.000000 sec (total 0.008000 sec)
RUN PASS with name CREATE_INTER_TREE
  Analyzing: results\1d\reda11\reda11.f
PROFILE: time for this pass = 0.001000 sec (total 0.010000 sec)
RUN PASS with name GCOV_PARSER
  Analyzing: results\1d\reda11\reda11.f
   Error: unable to open file statistic.txt
PROFILE: time for this pass = 0.000000 sec (total 0.011000 sec)
RUN PASS with name VERIFY_FORMAT
  Analyzing: results\1d\reda11\reda11.f
PROFILE: time for this pass = 0.000000 sec (total 0.011000 sec)
RUN PASS with name VERIFY_DVM_DIRS
  Analyzing: results\1d\reda11\reda11.f
PROFILE: time for this pass = 0.000000 sec (total 0.011000 sec)
RUN PASS with name PRIVATE_CALL_GRAPH_STAGE1
  Analyzing: results\1d\reda11\reda11.f
PROFILE: time for this pass = 0.000000 sec (total 0.012000 sec)
RUN PASS with name PRIVATE_CALL_GRAPH_STAGE2
  Analyzing: results\1d\reda11\reda11.f
PROFILE: time for this pass = 0.000000 sec (total 0.012000 sec)
RUN PASS with name MACRO_EXPANSION
  Analyzing: results\1d\reda11\reda11.f
PROFILE: time for this pass = 0.000000 sec (total 0.012000 sec)
RUN PASS with name CONVERT_ASSIGN_TO_LOOP
  Analyzing: results\1d\reda11\reda11.f
PROFILE: time for this pass = 0.000000 sec (total 0.013000 sec)
RUN PASS with name DEF_USE_STAGE1
  Analyzing: results\1d\reda11\reda11.f
PROFILE: time for this pass = 0.001000 sec (total 0.014000 sec)
RUN PASS with name DEF_USE_STAGE2
  Analyzing: results\1d\reda11\reda11.f
PROFILE: time for this pass = 0.000000 sec (total 0.015000 sec)
RUN PASS with name VERIFY_COMMON
  Analyzing: results\1d\reda11\reda11.f
PROFILE: time for this pass = 0.000000 sec (total 0.015000 sec)
RUN PASS with name CALL_GRAPH_IR
  Analyzing: results\1d\reda11\reda11.f
PROFILE: time for this pass = 0.001000 sec (total 0.016000 sec)
RUN PASS with name BUILD_IR
  Analyzing: results\1d\reda11\reda11.f
  count of functions 13, count of lvls 3
     RD time for 'sersum1m' function is 0.000 sec, iters 3
     RD time for 'ansyes' function is 0.000 sec, iters 1
     RD time for 'serprodr1' function is 0.000 sec, iters 3
     RD time for 'ansno' function is 0.000 sec, iters 1
     RD time for 'sersum1mr' function is 0.000 sec, iters 3
     RD time for 'serprod1' function is 0.000 sec, iters 3
     RD time for 'sersum1' function is 0.000 sec, iters 3
     RD time for 'serlog1' function is 0.000 sec, iters 3

     RD time for 'reda1104' function is 0.000 sec, iters 3
     RD time for 'reda1101' function is 0.000 sec, iters 3
     RD time for 'reda1102' function is 0.000 sec, iters 3
     RD time for 'reda1103' function is 0.000 sec, iters 3

     RD time for 'reda11' function is 0.000 sec, iters 1

PROFILE: time for this pass = 0.003000 sec (total 0.020000 sec)
RUN PASS with name SUBST_EXPR_RD
  Analyzing: results\1d\reda11\reda11.f
PROFILE: time for this pass = 0.002000 sec (total 0.022000 sec)
RUN PASS with name LOOP_GRAPH
  Analyzing: results\1d\reda11\reda11.f
PROFILE: time for this pass = 0.000000 sec (total 0.023000 sec)
RUN PASS with name CALL_GRAPH
  Analyzing: results\1d\reda11\reda11.f
PROFILE: time for this pass = 0.002000 sec (total 0.025000 sec)
RUN PASS with name CALL_GRAPH2
  Analyzing: results\1d\reda11\reda11.f
  run for func reda11
  run for func reda1101
  run for func reda1102
  run for func reda1103
  run for func reda1104
  run for func sersum1
  run for func sersum1m
  run for func sersum1mr
  run for func serprod1
  run for func serprodr1
  run for func serlog1
  run for func ansyes
  run for func ansno
PROFILE: time for this pass = 0.001000 sec (total 0.027000 sec)
RUN PASS with name GET_STATS_FOR_PREDICTOR
  Analyzing: results\1d\reda11\reda11.f
    PAR LOOP [39 results\1d\reda11\reda11.f] total exec 34, total exec lines 2, avg 1.7000000000000000e+01
    PAR LOOP [62 results\1d\reda11\reda11.f] total exec 99, total exec lines 6, avg 1.6500000000000000e+01
    PAR LOOP [102 results\1d\reda11\reda11.f] total exec 9, total exec lines 2, avg 4.5000000000000000e+00
    PAR LOOP [106 results\1d\reda11\reda11.f] total exec 16, total exec lines 2, avg 8.0000000000000000e+00
    PAR LOOP [114 results\1d\reda11\reda11.f] total exec 34, total exec lines 2, avg 1.7000000000000000e+01
    PAR LOOP [122 results\1d\reda11\reda11.f] total exec 65, total exec lines 3, avg 2.1666666666666668e+01
    PAR LOOP [130 results\1d\reda11\reda11.f] total exec 34, total exec lines 2, avg 1.7000000000000000e+01
    PAR LOOP [163 results\1d\reda11\reda11.f] total exec 18, total exec lines 2, avg 9.0000000000000000e+00
    PAR LOOP [192 results\1d\reda11\reda11.f] total exec 69, total exec lines 11, avg 6.2727272727272725e+00
    PAR LOOP [240 results\1d\reda11\reda11.f] total exec 34, total exec lines 2, avg 1.7000000000000000e+01
    PAR LOOP [268 results\1d\reda11\reda11.f] total exec 117, total exec lines 10, avg 1.1699999999999999e+01
    average_parallel_exec 1.2022727272727273e+01
    parallel_rate 4.2834008097165993e-01
PROFILE: time for this pass = 0.007000 sec (total 0.034000 sec)

--------------------------------------------------
INFO.JSON file copied from ./info.json to ./results\1d\reda11\info.json

==================================================
Processing of reda11.f completed successfully at 2025-04-23 11:55:53
