=== Processing file: parallel2.f ===
Date and time: 2025-05-06 00:23:43
Dimension: 2d
==================================================

Copied ./sources\2d\parallel2.f to ./results\2d\parallel2\parallel2.f
Command: gfortran -O3 -g -fprofile-arcs -ftest-coverage "./results\2d\parallel2\parallel2.f" -o "./results\2d\parallel2\parallel2"
Output: 

--------------------------------------------------
Command: "./results\2d\parallel2\parallel2"
Output: 
 ====START OF parallel2=============
 paral21    -  complete
 paral22    -  complete
 paral24    -  complete
 ==== END OF parallel2 =============

--------------------------------------------------
Command: gcov -b "./results\2d\parallel2\parallel2.f"
Output: 
File 'results/2d/parallel2/parallel2.f'
Lines executed:68.54% of 89
Branches executed:75.00% of 64
Taken at least once:56.25% of 64
Calls executed:52.78% of 36
Creating 'parallel2.f.gcov'

Lines executed:68.54% of 89

--------------------------------------------------
GCOV file copied from ./parallel2.f.gcov to ./results\2d\parallel2\parallel2.f.gcov
Command: "../SAPFOR/_bin/Release/Sapfor_F.exe" -parse -spf "./results\2d\parallel2\parallel2.f"
Output: 
SAPFOR version is 2410, build date: Apr 23 2025 11:52:44, c++ version 201703
  parse file './results\2d\parallel2\parallel2.f'
  options: -spf 
files compilation order:
  ./results\2d\parallel2\parallel2.f
Parsing was completed successfully

--------------------------------------------------
Command: "../SAPFOR/_bin/Release/Sapfor_F.exe" -passN GET_STATS_FOR_PREDICTOR -keepDVM
Output: 
SAPFOR version is 2410, build date: Apr 23 2025 11:52:44, c++ version 201703
code for pass GET_STATS_FOR_PREDICTOR is 79
RUN PASS with name VERIFY_FUNC_DECL
  Analyzing: results\2d\parallel2\parallel2.f
PROFILE: time for this pass = 0.000000 sec (total 0.001000 sec)
RUN PASS with name FILE_LINE_INFO
  Analyzing: results\2d\parallel2\parallel2.f
  All lines in project 227
PROFILE: time for this pass = 0.000000 sec (total 0.001000 sec)
RUN PASS with name BUILD_INCLUDE_DEPENDENCIES
  Analyzing: results\2d\parallel2\parallel2.f
PROFILE: time for this pass = 0.000000 sec (total 0.002000 sec)
RUN PASS with name CORRECT_VAR_DECL
  Analyzing: results\2d\parallel2\parallel2.f
PROFILE: time for this pass = 0.000000 sec (total 0.002000 sec)
RUN PASS with name VERIFY_OPERATORS
  Analyzing: results\2d\parallel2\parallel2.f
PROFILE: time for this pass = 0.000000 sec (total 0.002000 sec)
RUN PASS with name VERIFY_ENDDO
  Analyzing: results\2d\parallel2\parallel2.f
PROFILE: time for this pass = 0.000000 sec (total 0.002000 sec)
RUN PASS with name VERIFY_INCLUDES
  Analyzing: results\2d\parallel2\parallel2.f
PROFILE: time for this pass = 0.000000 sec (total 0.003000 sec)
RUN PASS with name PREPROC_ALLOCATES
  Analyzing: results\2d\parallel2\parallel2.f
  attribute (35 results\2d\parallel2\parallel2.f) is added to declaration on line 29 of results\2d\parallel2\parallel2.f file
  attribute (68 results\2d\parallel2\parallel2.f) is added to declaration on line 29 of results\2d\parallel2\parallel2.f file
  attribute (84 results\2d\parallel2\parallel2.f) is added to declaration on line 78 of results\2d\parallel2\parallel2.f file
  attribute (117 results\2d\parallel2\parallel2.f) is added to declaration on line 78 of results\2d\parallel2\parallel2.f file
  attribute (133 results\2d\parallel2\parallel2.f) is added to declaration on line 127 of results\2d\parallel2\parallel2.f file
  attribute (166 results\2d\parallel2\parallel2.f) is added to declaration on line 127 of results\2d\parallel2\parallel2.f file
  attribute (182 results\2d\parallel2\parallel2.f) is added to declaration on line 176 of results\2d\parallel2\parallel2.f file
  attribute (215 results\2d\parallel2\parallel2.f) is added to declaration on line 176 of results\2d\parallel2\parallel2.f file
PROFILE: time for this pass = 0.000000 sec (total 0.003000 sec)
RUN PASS with name CHECK_PAR_REG_DIR
  Analyzing: results\2d\parallel2\parallel2.f
PROFILE: time for this pass = 0.000000 sec (total 0.003000 sec)
RUN PASS with name FILL_PARALLEL_REG_IR
  Analyzing: results\2d\parallel2\parallel2.f
PROFILE: time for this pass = 0.000000 sec (total 0.003000 sec)
RUN PASS with name GET_ALL_ARRAY_DECL
  Analyzing: results\2d\parallel2\parallel2.f
PROFILE: time for this pass = 0.001000 sec (total 0.004000 sec)
RUN PASS with name FILL_COMMON_BLOCKS
  Analyzing: results\2d\parallel2\parallel2.f
PROFILE: time for this pass = 0.000000 sec (total 0.005000 sec)
RUN PASS with name PARSE_OMP_DIRS
  Analyzing: results\2d\parallel2\parallel2.f
PROFILE: time for this pass = 0.000000 sec (total 0.005000 sec)
RUN PASS with name PREPROC_SPF
  Analyzing: results\2d\parallel2\parallel2.f
PROFILE: time for this pass = 0.000000 sec (total 0.005000 sec)
RUN PASS with name CREATE_INTER_TREE
  Analyzing: results\2d\parallel2\parallel2.f
PROFILE: time for this pass = 0.000000 sec (total 0.006000 sec)
RUN PASS with name GCOV_PARSER
  Analyzing: results\2d\parallel2\parallel2.f
   Error: unable to open file statistic.txt
PROFILE: time for this pass = 0.000000 sec (total 0.007000 sec)
RUN PASS with name VERIFY_FORMAT
  Analyzing: results\2d\parallel2\parallel2.f
PROFILE: time for this pass = 0.000000 sec (total 0.007000 sec)
RUN PASS with name VERIFY_DVM_DIRS
  Analyzing: results\2d\parallel2\parallel2.f
PROFILE: time for this pass = 0.000000 sec (total 0.007000 sec)
RUN PASS with name PRIVATE_CALL_GRAPH_STAGE1
  Analyzing: results\2d\parallel2\parallel2.f
PROFILE: time for this pass = 0.000000 sec (total 0.007000 sec)
RUN PASS with name PRIVATE_CALL_GRAPH_STAGE2
  Analyzing: results\2d\parallel2\parallel2.f
PROFILE: time for this pass = 0.000000 sec (total 0.007000 sec)
RUN PASS with name MACRO_EXPANSION
  Analyzing: results\2d\parallel2\parallel2.f
PROFILE: time for this pass = 0.000000 sec (total 0.008000 sec)
RUN PASS with name CONVERT_ASSIGN_TO_LOOP
  Analyzing: results\2d\parallel2\parallel2.f
PROFILE: time for this pass = 0.000000 sec (total 0.008000 sec)
RUN PASS with name DEF_USE_STAGE1
  Analyzing: results\2d\parallel2\parallel2.f
PROFILE: time for this pass = 0.000000 sec (total 0.008000 sec)
RUN PASS with name DEF_USE_STAGE2
  Analyzing: results\2d\parallel2\parallel2.f
PROFILE: time for this pass = 0.000000 sec (total 0.009000 sec)
RUN PASS with name VERIFY_COMMON
  Analyzing: results\2d\parallel2\parallel2.f
PROFILE: time for this pass = 0.000000 sec (total 0.009000 sec)
RUN PASS with name CALL_GRAPH_IR
  Analyzing: results\2d\parallel2\parallel2.f
PROFILE: time for this pass = 0.000000 sec (total 0.009000 sec)
RUN PASS with name BUILD_IR
  Analyzing: results\2d\parallel2\parallel2.f
  count of functions 7, count of lvls 3
     RD time for 'ansyes' function is 0.000 sec, iters 1
     RD time for 'ansno' function is 0.000 sec, iters 1
     RD time for 'parallel23' function is 0.000 sec, iters 4

     RD time for 'parallel21' function is 0.000 sec, iters 4
     RD time for 'parallel22' function is 0.000 sec, iters 4
     RD time for 'parallel24' function is 0.000 sec, iters 4

     RD time for 'parallel2' function is 0.000 sec, iters 1

PROFILE: time for this pass = 0.001000 sec (total 0.011000 sec)
RUN PASS with name SUBST_EXPR_RD
  Analyzing: results\2d\parallel2\parallel2.f
PROFILE: time for this pass = 0.001000 sec (total 0.012000 sec)
RUN PASS with name LOOP_GRAPH
  Analyzing: results\2d\parallel2\parallel2.f
PROFILE: time for this pass = 0.000000 sec (total 0.013000 sec)
RUN PASS with name CALL_GRAPH
  Analyzing: results\2d\parallel2\parallel2.f
PROFILE: time for this pass = 0.000000 sec (total 0.014000 sec)
RUN PASS with name CALL_GRAPH2
  Analyzing: results\2d\parallel2\parallel2.f
  run for func parallel2
  run for func parallel21
  run for func parallel22
  run for func parallel23
  run for func parallel24
  run for func ansyes
  run for func ansno
PROFILE: time for this pass = 0.000000 sec (total 0.015000 sec)
RUN PASS with name GET_STATS_FOR_PREDICTOR
  Analyzing: results\2d\parallel2\parallel2.f
    PAR LOOP [42 results\2d\parallel2\parallel2.f] total exec 227, total exec lines 4, avg 5.6750000000000000e+01
    PAR LOOP [50 results\2d\parallel2\parallel2.f] total exec 275, total exec lines 9, avg 3.0555555555555557e+01
    PAR LOOP [91 results\2d\parallel2\parallel2.f] total exec 227, total exec lines 4, avg 5.6750000000000000e+01
    PAR LOOP [99 results\2d\parallel2\parallel2.f] total exec 251, total exec lines 9, avg 2.7888888888888889e+01
    PAR LOOP [189 results\2d\parallel2\parallel2.f] total exec 227, total exec lines 4, avg 5.6750000000000000e+01
    PAR LOOP [197 results\2d\parallel2\parallel2.f] total exec 139, total exec lines 9, avg 1.5444444444444445e+01
    average_parallel_exec 3.4512820512820511e+01
    parallel_rate 9.3213296398891965e-01
PROFILE: time for this pass = 0.003000 sec (total 0.018000 sec)

--------------------------------------------------
INFO.JSON file copied from ./info.json to ./results\2d\parallel2\info.json

==================================================
Processing of parallel2.f completed successfully at 2025-05-06 00:23:44
