=== Processing file: parallelNoOn1.f ===
Date and time: 2025-05-06 00:22:44
Dimension: 1d
==================================================

Copied ./sources\1d\parallelNoOn1.f to ./results\1d\parallelNoOn1\parallelNoOn1.f
Command: gfortran -O3 -g -fprofile-arcs -ftest-coverage "./results\1d\parallelNoOn1\parallelNoOn1.f" -o "./results\1d\parallelNoOn1\parallelNoOn1"
Output: 

--------------------------------------------------
Command: "./results\1d\parallelNoOn1\parallelNoOn1"
Output: 
 ===START OF parallelNoOn1========================
 parallelNoOn11  -  complete
 parallelNoOn12  -  complete
 parallelNoOn13  -  complete
 parallelNoOn14  -  complete
 === END OF parallelNoOn1 ========================= 

--------------------------------------------------
Command: gcov -b "./results\1d\parallelNoOn1\parallelNoOn1.f"
Output: 
File 'results/1d/parallelNoOn1/parallelNoOn1.f'
Lines executed:93.69% of 111
Branches executed:100.00% of 130
Taken at least once:71.54% of 130
Calls executed:36.84% of 57
Creating 'parallelNoOn1.f.gcov'

Lines executed:93.69% of 111

--------------------------------------------------
GCOV file copied from ./parallelNoOn1.f.gcov to ./results\1d\parallelNoOn1\parallelNoOn1.f.gcov
Command: "../SAPFOR/_bin/Release/Sapfor_F.exe" -parse -spf "./results\1d\parallelNoOn1\parallelNoOn1.f"
Output: 
SAPFOR version is 2410, build date: Apr 23 2025 11:52:44, c++ version 201703
  parse file './results\1d\parallelNoOn1\parallelNoOn1.f'
  options: -spf 
files compilation order:
  ./results\1d\parallelNoOn1\parallelNoOn1.f
Parsing was completed successfully

--------------------------------------------------
Command: "../SAPFOR/_bin/Release/Sapfor_F.exe" -passN GET_STATS_FOR_PREDICTOR -keepDVM
Output: 
SAPFOR version is 2410, build date: Apr 23 2025 11:52:44, c++ version 201703
code for pass GET_STATS_FOR_PREDICTOR is 79
RUN PASS with name VERIFY_FUNC_DECL
  Analyzing: results\1d\parallelNoOn1\parallelNoOn1.f
PROFILE: time for this pass = 0.000000 sec (total 0.001000 sec)
RUN PASS with name FILE_LINE_INFO
  Analyzing: results\1d\parallelNoOn1\parallelNoOn1.f
  All lines in project 261
PROFILE: time for this pass = 0.000000 sec (total 0.002000 sec)
RUN PASS with name BUILD_INCLUDE_DEPENDENCIES
  Analyzing: results\1d\parallelNoOn1\parallelNoOn1.f
PROFILE: time for this pass = 0.000000 sec (total 0.002000 sec)
RUN PASS with name CORRECT_VAR_DECL
  Analyzing: results\1d\parallelNoOn1\parallelNoOn1.f
PROFILE: time for this pass = 0.000000 sec (total 0.002000 sec)
RUN PASS with name VERIFY_OPERATORS
  Analyzing: results\1d\parallelNoOn1\parallelNoOn1.f
PROFILE: time for this pass = 0.000000 sec (total 0.002000 sec)
RUN PASS with name VERIFY_ENDDO
  Analyzing: results\1d\parallelNoOn1\parallelNoOn1.f
PROFILE: time for this pass = 0.000000 sec (total 0.003000 sec)
RUN PASS with name VERIFY_INCLUDES
  Analyzing: results\1d\parallelNoOn1\parallelNoOn1.f
PROFILE: time for this pass = 0.000000 sec (total 0.003000 sec)
RUN PASS with name PREPROC_ALLOCATES
  Analyzing: results\1d\parallelNoOn1\parallelNoOn1.f
  attribute (29 results\1d\parallelNoOn1\parallelNoOn1.f) is added to declaration on line 26 of results\1d\parallelNoOn1\parallelNoOn1.f file
  attribute (73 results\1d\parallelNoOn1\parallelNoOn1.f) is added to declaration on line 26 of results\1d\parallelNoOn1\parallelNoOn1.f file
  attribute (84 results\1d\parallelNoOn1\parallelNoOn1.f) is added to declaration on line 81 of results\1d\parallelNoOn1\parallelNoOn1.f file
  attribute (130 results\1d\parallelNoOn1\parallelNoOn1.f) is added to declaration on line 81 of results\1d\parallelNoOn1\parallelNoOn1.f file
  attribute (142 results\1d\parallelNoOn1\parallelNoOn1.f) is added to declaration on line 139 of results\1d\parallelNoOn1\parallelNoOn1.f file
  attribute (186 results\1d\parallelNoOn1\parallelNoOn1.f) is added to declaration on line 139 of results\1d\parallelNoOn1\parallelNoOn1.f file
  attribute (197 results\1d\parallelNoOn1\parallelNoOn1.f) is added to declaration on line 194 of results\1d\parallelNoOn1\parallelNoOn1.f file
  attribute (248 results\1d\parallelNoOn1\parallelNoOn1.f) is added to declaration on line 194 of results\1d\parallelNoOn1\parallelNoOn1.f file
PROFILE: time for this pass = 0.000000 sec (total 0.003000 sec)
RUN PASS with name CHECK_PAR_REG_DIR
  Analyzing: results\1d\parallelNoOn1\parallelNoOn1.f
PROFILE: time for this pass = 0.000000 sec (total 0.003000 sec)
RUN PASS with name FILL_PARALLEL_REG_IR
  Analyzing: results\1d\parallelNoOn1\parallelNoOn1.f
PROFILE: time for this pass = 0.000000 sec (total 0.004000 sec)
RUN PASS with name GET_ALL_ARRAY_DECL
  Analyzing: results\1d\parallelNoOn1\parallelNoOn1.f
PROFILE: time for this pass = 0.002000 sec (total 0.006000 sec)
RUN PASS with name FILL_COMMON_BLOCKS
  Analyzing: results\1d\parallelNoOn1\parallelNoOn1.f
PROFILE: time for this pass = 0.000000 sec (total 0.006000 sec)
RUN PASS with name PARSE_OMP_DIRS
  Analyzing: results\1d\parallelNoOn1\parallelNoOn1.f
PROFILE: time for this pass = 0.000000 sec (total 0.006000 sec)
RUN PASS with name PREPROC_SPF
  Analyzing: results\1d\parallelNoOn1\parallelNoOn1.f
PROFILE: time for this pass = 0.000000 sec (total 0.007000 sec)
RUN PASS with name CREATE_INTER_TREE
  Analyzing: results\1d\parallelNoOn1\parallelNoOn1.f
PROFILE: time for this pass = 0.001000 sec (total 0.008000 sec)
RUN PASS with name GCOV_PARSER
  Analyzing: results\1d\parallelNoOn1\parallelNoOn1.f
   Error: unable to open file statistic.txt
PROFILE: time for this pass = 0.000000 sec (total 0.008000 sec)
RUN PASS with name VERIFY_FORMAT
  Analyzing: results\1d\parallelNoOn1\parallelNoOn1.f
PROFILE: time for this pass = 0.000000 sec (total 0.009000 sec)
RUN PASS with name VERIFY_DVM_DIRS
  Analyzing: results\1d\parallelNoOn1\parallelNoOn1.f
PROFILE: time for this pass = 0.000000 sec (total 0.009000 sec)
RUN PASS with name PRIVATE_CALL_GRAPH_STAGE1
  Analyzing: results\1d\parallelNoOn1\parallelNoOn1.f
PROFILE: time for this pass = 0.000000 sec (total 0.009000 sec)
RUN PASS with name PRIVATE_CALL_GRAPH_STAGE2
  Analyzing: results\1d\parallelNoOn1\parallelNoOn1.f
PROFILE: time for this pass = 0.000000 sec (total 0.009000 sec)
RUN PASS with name MACRO_EXPANSION
  Analyzing: results\1d\parallelNoOn1\parallelNoOn1.f
PROFILE: time for this pass = 0.000000 sec (total 0.010000 sec)
RUN PASS with name CONVERT_ASSIGN_TO_LOOP
  Analyzing: results\1d\parallelNoOn1\parallelNoOn1.f
PROFILE: time for this pass = 0.000000 sec (total 0.010000 sec)
RUN PASS with name DEF_USE_STAGE1
  Analyzing: results\1d\parallelNoOn1\parallelNoOn1.f
PROFILE: time for this pass = 0.000000 sec (total 0.011000 sec)
RUN PASS with name DEF_USE_STAGE2
  Analyzing: results\1d\parallelNoOn1\parallelNoOn1.f
PROFILE: time for this pass = 0.000000 sec (total 0.011000 sec)
RUN PASS with name VERIFY_COMMON
  Analyzing: results\1d\parallelNoOn1\parallelNoOn1.f
PROFILE: time for this pass = 0.000000 sec (total 0.011000 sec)
RUN PASS with name CALL_GRAPH_IR
  Analyzing: results\1d\parallelNoOn1\parallelNoOn1.f
PROFILE: time for this pass = 0.000000 sec (total 0.012000 sec)
RUN PASS with name BUILD_IR
  Analyzing: results\1d\parallelNoOn1\parallelNoOn1.f
  count of functions 7, count of lvls 3
     RD time for 'ansyes' function is 0.000 sec, iters 1
     RD time for 'ansno' function is 0.000 sec, iters 1

     RD time for 'parallelnoon11' function is 0.000 sec, iters 3
     RD time for 'parallelnoon12' function is 0.000 sec, iters 3
     RD time for 'parallelnoon13' function is 0.000 sec, iters 3
     RD time for 'parallelnoon14' function is 0.000 sec, iters 3

     RD time for 'parallelnoon1' function is 0.000 sec, iters 1

PROFILE: time for this pass = 0.001000 sec (total 0.014000 sec)
RUN PASS with name SUBST_EXPR_RD
  Analyzing: results\1d\parallelNoOn1\parallelNoOn1.f
PROFILE: time for this pass = 0.001000 sec (total 0.015000 sec)
RUN PASS with name LOOP_GRAPH
  Analyzing: results\1d\parallelNoOn1\parallelNoOn1.f
PROFILE: time for this pass = 0.000000 sec (total 0.016000 sec)
RUN PASS with name CALL_GRAPH
  Analyzing: results\1d\parallelNoOn1\parallelNoOn1.f
PROFILE: time for this pass = 0.001000 sec (total 0.017000 sec)
RUN PASS with name CALL_GRAPH2
  Analyzing: results\1d\parallelNoOn1\parallelNoOn1.f
  run for func parallelnoon1
  run for func parallelnoon11
  run for func parallelnoon12
  run for func parallelnoon13
  run for func parallelnoon14
  run for func ansyes
  run for func ansno
PROFILE: time for this pass = 0.001000 sec (total 0.018000 sec)
RUN PASS with name GET_STATS_FOR_PREDICTOR
  Analyzing: results\1d\parallelNoOn1\parallelNoOn1.f
    PAR LOOP [47 results\1d\parallelNoOn1\parallelNoOn1.f] total exec 504, total exec lines 6, avg 8.4000000000000000e+01
    PAR LOOP [57 results\1d\parallelNoOn1\parallelNoOn1.f] total exec 198, total exec lines 2, avg 9.9000000000000000e+01
    PAR LOOP [62 results\1d\parallelNoOn1\parallelNoOn1.f] total exec 297, total exec lines 3, avg 9.9000000000000000e+01
    PAR LOOP [102 results\1d\parallelNoOn1\parallelNoOn1.f] total exec 504, total exec lines 6, avg 8.4000000000000000e+01
    PAR LOOP [112 results\1d\parallelNoOn1\parallelNoOn1.f] total exec 394, total exec lines 4, avg 9.8500000000000000e+01
    PAR LOOP [119 results\1d\parallelNoOn1\parallelNoOn1.f] total exec 297, total exec lines 3, avg 9.9000000000000000e+01
    PAR LOOP [160 results\1d\parallelNoOn1\parallelNoOn1.f] total exec 504, total exec lines 6, avg 8.4000000000000000e+01
    PAR LOOP [170 results\1d\parallelNoOn1\parallelNoOn1.f] total exec 198, total exec lines 2, avg 9.9000000000000000e+01
    PAR LOOP [175 results\1d\parallelNoOn1\parallelNoOn1.f] total exec 297, total exec lines 3, avg 9.9000000000000000e+01
    PAR LOOP [218 results\1d\parallelNoOn1\parallelNoOn1.f] total exec 604, total exec lines 8, avg 7.5500000000000000e+01
    PAR LOOP [230 results\1d\parallelNoOn1\parallelNoOn1.f] total exec 293, total exec lines 3, avg 9.7666666666666671e+01
    PAR LOOP [236 results\1d\parallelNoOn1\parallelNoOn1.f] total exec 493, total exec lines 5, avg 9.8599999999999994e+01
    average_parallel_exec 8.9862745098039213e+01
    parallel_rate 4.7670064489286457e-01
PROFILE: time for this pass = 0.005000 sec (total 0.024000 sec)

--------------------------------------------------
INFO.JSON file copied from ./info.json to ./results\1d\parallelNoOn1\info.json

==================================================
Processing of parallelNoOn1.f completed successfully at 2025-05-06 00:22:44
