=== Processing file: f_sor2d.f ===
Date and time: 2025-05-06 00:23:26
Dimension: 2d
==================================================

Copied ./sources\2d\f_sor2d.f to ./results\2d\f_sor2d\f_sor2d.f
Command: gfortran -O3 -g -fprofile-arcs -ftest-coverage "./results\2d\f_sor2d\f_sor2d.f" -o "./results\2d\f_sor2d\f_sor2d"
Output: 

--------------------------------------------------
Command: "./results\2d\f_sor2d\f_sor2d"
Output: 
 IT =    1   EPS =  0.6108834E+04
 IT =    2   EPS =  0.3610847E+04
 IT =    3   EPS =  0.2352459E+04
 IT =    4   EPS =  0.1854871E+04
 IT =    5   EPS =  0.1435518E+04
 IT =    6   EPS =  0.1096982E+04
 IT =    7   EPS =  0.8717092E+03
 IT =    8   EPS =  0.6921489E+03
 IT =    9   EPS =  0.5465200E+03
 IT =   10   EPS =  0.4353868E+03
 IT =   11   EPS =  0.3475538E+03
 IT =   12   EPS =  0.2768970E+03
 IT =   13   EPS =  0.2210035E+03
 IT =   14   EPS =  0.1766767E+03
 IT =   15   EPS =  0.1411366E+03
 IT =   16   EPS =  0.1127755E+03
 IT =   17   EPS =  0.9019766E+02
 IT =   18   EPS =  0.7211893E+02
 IT =   19   EPS =  0.5765894E+02
 IT =   20   EPS =  0.4612292E+02
 IT =   21   EPS =  0.3689050E+02
 IT =   22   EPS =  0.2950189E+02
 IT =   23   EPS =  0.2360055E+02
 IT =   24   EPS =  0.1887885E+02
 IT =   25   EPS =  0.1510085E+02
 IT =   26   EPS =  0.1207945E+02
 IT =   27   EPS =  0.9663235E+01
 IT =   28   EPS =  0.7730116E+01
 IT =   29   EPS =  0.6183504E+01
 IT =   30   EPS =  0.4946619E+01
 IT =   31   EPS =  0.3957197E+01
 IT =   32   EPS =  0.3165629E+01
 IT =   33   EPS =  0.2532353E+01
 IT =   34   EPS =  0.2025807E+01
 IT =   35   EPS =  0.1620620E+01
 IT =   36   EPS =  0.1296463E+01
 IT =   37   EPS =  0.1037133E+01
 IT =   38   EPS =  0.8296666E+00
 IT =   39   EPS =  0.6637225E+00
 IT =   40   EPS =  0.5309701E+00
 IT =   41   EPS =  0.4247670E+00
 SOR2D_float Benchmark Completed.
 Size            =      8000 x   8000
 Iterations      =                100
 Time in seconds =               0.00
 Operation type  =     floating point
 Verification    =         SUCCESSFUL
 END OF SOR2D_float Benchmark

--------------------------------------------------
Command: gcov -b "./results\2d\f_sor2d\f_sor2d.f"
Output: 
File 'results/2d/f_sor2d/f_sor2d.f'
Lines executed:96.55% of 29
Branches executed:100.00% of 18
Taken at least once:88.89% of 18
Calls executed:90.62% of 32
Creating 'f_sor2d.f.gcov'

Lines executed:96.55% of 29

--------------------------------------------------
GCOV file copied from ./f_sor2d.f.gcov to ./results\2d\f_sor2d\f_sor2d.f.gcov
Command: "../SAPFOR/_bin/Release/Sapfor_F.exe" -parse -spf "./results\2d\f_sor2d\f_sor2d.f"
Output: 
SAPFOR version is 2410, build date: Apr 23 2025 11:52:44, c++ version 201703
  parse file './results\2d\f_sor2d\f_sor2d.f'
  options: -spf 
files compilation order:
  ./results\2d\f_sor2d\f_sor2d.f
Parsing was completed successfully

--------------------------------------------------
Command: "../SAPFOR/_bin/Release/Sapfor_F.exe" -passN GET_STATS_FOR_PREDICTOR -keepDVM
Output: 
SAPFOR version is 2410, build date: Apr 23 2025 11:52:44, c++ version 201703
code for pass GET_STATS_FOR_PREDICTOR is 79
RUN PASS with name VERIFY_FUNC_DECL
  Analyzing: results\2d\f_sor2d\f_sor2d.f
PROFILE: time for this pass = 0.000000 sec (total 0.001000 sec)
RUN PASS with name FILE_LINE_INFO
  Analyzing: results\2d\f_sor2d\f_sor2d.f
  All lines in project 65
PROFILE: time for this pass = 0.000000 sec (total 0.001000 sec)
RUN PASS with name BUILD_INCLUDE_DEPENDENCIES
  Analyzing: results\2d\f_sor2d\f_sor2d.f
PROFILE: time for this pass = 0.000000 sec (total 0.001000 sec)
RUN PASS with name CORRECT_VAR_DECL
  Analyzing: results\2d\f_sor2d\f_sor2d.f
PROFILE: time for this pass = 0.000000 sec (total 0.001000 sec)
RUN PASS with name VERIFY_OPERATORS
  Analyzing: results\2d\f_sor2d\f_sor2d.f
PROFILE: time for this pass = 0.000000 sec (total 0.001000 sec)
RUN PASS with name VERIFY_ENDDO
  Analyzing: results\2d\f_sor2d\f_sor2d.f
PROFILE: time for this pass = 0.000000 sec (total 0.002000 sec)
RUN PASS with name VERIFY_INCLUDES
  Analyzing: results\2d\f_sor2d\f_sor2d.f
PROFILE: time for this pass = 0.000000 sec (total 0.002000 sec)
RUN PASS with name PREPROC_ALLOCATES
  Analyzing: results\2d\f_sor2d\f_sor2d.f
PROFILE: time for this pass = 0.000000 sec (total 0.002000 sec)
RUN PASS with name CHECK_PAR_REG_DIR
  Analyzing: results\2d\f_sor2d\f_sor2d.f
PROFILE: time for this pass = 0.000000 sec (total 0.002000 sec)
RUN PASS with name FILL_PARALLEL_REG_IR
  Analyzing: results\2d\f_sor2d\f_sor2d.f
PROFILE: time for this pass = 0.000000 sec (total 0.002000 sec)
RUN PASS with name GET_ALL_ARRAY_DECL
  Analyzing: results\2d\f_sor2d\f_sor2d.f
PROFILE: time for this pass = 0.000000 sec (total 0.003000 sec)
RUN PASS with name FILL_COMMON_BLOCKS
  Analyzing: results\2d\f_sor2d\f_sor2d.f
PROFILE: time for this pass = 0.000000 sec (total 0.003000 sec)
RUN PASS with name PARSE_OMP_DIRS
  Analyzing: results\2d\f_sor2d\f_sor2d.f
PROFILE: time for this pass = 0.000000 sec (total 0.003000 sec)
RUN PASS with name PREPROC_SPF
  Analyzing: results\2d\f_sor2d\f_sor2d.f
PROFILE: time for this pass = 0.000000 sec (total 0.003000 sec)
RUN PASS with name CREATE_INTER_TREE
  Analyzing: results\2d\f_sor2d\f_sor2d.f
PROFILE: time for this pass = 0.000000 sec (total 0.004000 sec)
RUN PASS with name GCOV_PARSER
  Analyzing: results\2d\f_sor2d\f_sor2d.f
   Error: unable to open file statistic.txt
PROFILE: time for this pass = 0.000000 sec (total 0.004000 sec)
RUN PASS with name VERIFY_FORMAT
  Analyzing: results\2d\f_sor2d\f_sor2d.f
PROFILE: time for this pass = 0.000000 sec (total 0.004000 sec)
RUN PASS with name VERIFY_DVM_DIRS
  Analyzing: results\2d\f_sor2d\f_sor2d.f
PROFILE: time for this pass = 0.000000 sec (total 0.004000 sec)
RUN PASS with name PRIVATE_CALL_GRAPH_STAGE1
  Analyzing: results\2d\f_sor2d\f_sor2d.f
PROFILE: time for this pass = 0.000000 sec (total 0.004000 sec)
RUN PASS with name PRIVATE_CALL_GRAPH_STAGE2
  Analyzing: results\2d\f_sor2d\f_sor2d.f
PROFILE: time for this pass = 0.000000 sec (total 0.004000 sec)
RUN PASS with name MACRO_EXPANSION
  Analyzing: results\2d\f_sor2d\f_sor2d.f
PROFILE: time for this pass = 0.000000 sec (total 0.005000 sec)
RUN PASS with name CONVERT_ASSIGN_TO_LOOP
  Analyzing: results\2d\f_sor2d\f_sor2d.f
PROFILE: time for this pass = 0.000000 sec (total 0.005000 sec)
RUN PASS with name DEF_USE_STAGE1
  Analyzing: results\2d\f_sor2d\f_sor2d.f
PROFILE: time for this pass = 0.000000 sec (total 0.005000 sec)
RUN PASS with name DEF_USE_STAGE2
  Analyzing: results\2d\f_sor2d\f_sor2d.f
PROFILE: time for this pass = 0.000000 sec (total 0.005000 sec)
RUN PASS with name VERIFY_COMMON
  Analyzing: results\2d\f_sor2d\f_sor2d.f
PROFILE: time for this pass = 0.000000 sec (total 0.005000 sec)
RUN PASS with name CALL_GRAPH_IR
  Analyzing: results\2d\f_sor2d\f_sor2d.f
PROFILE: time for this pass = 0.000000 sec (total 0.005000 sec)
RUN PASS with name BUILD_IR
  Analyzing: results\2d\f_sor2d\f_sor2d.f
  count of functions 1, count of lvls 1
     RD time for 'sor2d_float' function is 0.000 sec, iters 5

PROFILE: time for this pass = 0.000000 sec (total 0.006000 sec)
RUN PASS with name SUBST_EXPR_RD
  Analyzing: results\2d\f_sor2d\f_sor2d.f
PROFILE: time for this pass = 0.000000 sec (total 0.007000 sec)
RUN PASS with name LOOP_GRAPH
  Analyzing: results\2d\f_sor2d\f_sor2d.f
PROFILE: time for this pass = 0.000000 sec (total 0.007000 sec)
RUN PASS with name CALL_GRAPH
  Analyzing: results\2d\f_sor2d\f_sor2d.f
PROFILE: time for this pass = 0.000000 sec (total 0.007000 sec)
RUN PASS with name CALL_GRAPH2
  Analyzing: results\2d\f_sor2d\f_sor2d.f
  run for func sor2d_float
  added conflict messages to loop on line 25
PROFILE: time for this pass = 0.000000 sec (total 0.008000 sec)
RUN PASS with name GET_STATS_FOR_PREDICTOR
  Analyzing: results\2d\f_sor2d\f_sor2d.f
    PAR LOOP [13 results\2d\f_sor2d\f_sor2d.f] total exec 384048003, total exec lines 8, avg 4.8006000375000000e+07
    PAR LOOP [32 results\2d\f_sor2d\f_sor2d.f] total exec 13114752615, total exec lines 6, avg 2.1857921025000000e+09
    average_parallel_exec 9.6420004414285719e+08
    parallel_rate 9.9997509351863501e-01
PROFILE: time for this pass = 0.001000 sec (total 0.009000 sec)

--------------------------------------------------
INFO.JSON file copied from ./info.json to ./results\2d\f_sor2d\info.json

==================================================
Processing of f_sor2d.f completed successfully at 2025-05-06 00:23:36
