=== Processing file: prf42.f ===
Date and time: 2025-05-06 00:26:37
Dimension: 4d
==================================================

Copied ./sources\4d\prf42.f to ./results\4d\prf42\prf42.f
Command: gfortran -O3 -g -fprofile-arcs -ftest-coverage "./results\4d\prf42\prf42.f" -o "./results\4d\prf42\prf42"
Output: 

--------------------------------------------------
Command: "./results\4d\prf42\prf42"
Output: 
 ===START OF PRF42========================
 PRF4201  -  complete
 PRF4201  -  complete
 PRF4201  -  complete
 PRF4202  -  complete
 PRF4202  -  complete
 PRF4202  -  complete
 PRF4203  -  complete
 PRF4203  -  complete
 PRF4203  -  complete
 === END OF PRF42 ========================= 

--------------------------------------------------
Command: gcov -b "./results\4d\prf42\prf42.f"
Output: 
File 'results/4d/prf42/prf42.f'
Lines executed:93.50% of 200
Branches executed:100.00% of 270
Taken at least once:83.70% of 270
Calls executed:41.51% of 53
Creating 'prf42.f.gcov'

Lines executed:93.50% of 200

--------------------------------------------------
GCOV file copied from ./prf42.f.gcov to ./results\4d\prf42\prf42.f.gcov
Command: "../SAPFOR/_bin/Release/Sapfor_F.exe" -parse -spf "./results\4d\prf42\prf42.f"
Output: 
SAPFOR version is 2410, build date: Apr 23 2025 11:52:44, c++ version 201703
  parse file './results\4d\prf42\prf42.f'
  options: -spf 
files compilation order:
  ./results\4d\prf42\prf42.f
Parsing was completed successfully

--------------------------------------------------
Command: "../SAPFOR/_bin/Release/Sapfor_F.exe" -passN GET_STATS_FOR_PREDICTOR -keepDVM
Output: 
SAPFOR version is 2410, build date: Apr 23 2025 11:52:44, c++ version 201703
code for pass GET_STATS_FOR_PREDICTOR is 79
RUN PASS with name VERIFY_FUNC_DECL
  Analyzing: results\4d\prf42\prf42.f
PROFILE: time for this pass = 0.000000 sec (total 0.002000 sec)
RUN PASS with name FILE_LINE_INFO
  Analyzing: results\4d\prf42\prf42.f
  All lines in project 525
PROFILE: time for this pass = 0.000000 sec (total 0.003000 sec)
RUN PASS with name BUILD_INCLUDE_DEPENDENCIES
  Analyzing: results\4d\prf42\prf42.f
PROFILE: time for this pass = 0.000000 sec (total 0.003000 sec)
RUN PASS with name CORRECT_VAR_DECL
  Analyzing: results\4d\prf42\prf42.f
PROFILE: time for this pass = 0.000000 sec (total 0.004000 sec)
RUN PASS with name VERIFY_OPERATORS
  Analyzing: results\4d\prf42\prf42.f
PROFILE: time for this pass = 0.000000 sec (total 0.004000 sec)
RUN PASS with name VERIFY_ENDDO
  Analyzing: results\4d\prf42\prf42.f
PROFILE: time for this pass = 0.000000 sec (total 0.005000 sec)
RUN PASS with name VERIFY_INCLUDES
  Analyzing: results\4d\prf42\prf42.f
PROFILE: time for this pass = 0.000000 sec (total 0.005000 sec)
RUN PASS with name PREPROC_ALLOCATES
  Analyzing: results\4d\prf42\prf42.f
  attribute (28 results\4d\prf42\prf42.f) is added to declaration on line 17 of results\4d\prf42\prf42.f file
  attribute (28 results\4d\prf42\prf42.f) is added to declaration on line 16 of results\4d\prf42\prf42.f file
  attribute (80 results\4d\prf42\prf42.f) is added to declaration on line 17 of results\4d\prf42\prf42.f file
  attribute (80 results\4d\prf42\prf42.f) is added to declaration on line 16 of results\4d\prf42\prf42.f file
  attribute (99 results\4d\prf42\prf42.f) is added to declaration on line 88 of results\4d\prf42\prf42.f file
  attribute (99 results\4d\prf42\prf42.f) is added to declaration on line 87 of results\4d\prf42\prf42.f file
  attribute (203 results\4d\prf42\prf42.f) is added to declaration on line 88 of results\4d\prf42\prf42.f file
  attribute (203 results\4d\prf42\prf42.f) is added to declaration on line 87 of results\4d\prf42\prf42.f file
  attribute (222 results\4d\prf42\prf42.f) is added to declaration on line 210 of results\4d\prf42\prf42.f file
  attribute (222 results\4d\prf42\prf42.f) is added to declaration on line 211 of results\4d\prf42\prf42.f file
  attribute (498 results\4d\prf42\prf42.f) is added to declaration on line 210 of results\4d\prf42\prf42.f file
  attribute (498 results\4d\prf42\prf42.f) is added to declaration on line 211 of results\4d\prf42\prf42.f file
PROFILE: time for this pass = 0.000000 sec (total 0.006000 sec)
RUN PASS with name CHECK_PAR_REG_DIR
  Analyzing: results\4d\prf42\prf42.f
PROFILE: time for this pass = 0.000000 sec (total 0.006000 sec)
RUN PASS with name FILL_PARALLEL_REG_IR
  Analyzing: results\4d\prf42\prf42.f
PROFILE: time for this pass = 0.000000 sec (total 0.007000 sec)
RUN PASS with name GET_ALL_ARRAY_DECL
  Analyzing: results\4d\prf42\prf42.f
PROFILE: time for this pass = 0.002000 sec (total 0.010000 sec)
RUN PASS with name FILL_COMMON_BLOCKS
  Analyzing: results\4d\prf42\prf42.f
PROFILE: time for this pass = 0.000000 sec (total 0.010000 sec)
RUN PASS with name PARSE_OMP_DIRS
  Analyzing: results\4d\prf42\prf42.f
PROFILE: time for this pass = 0.000000 sec (total 0.011000 sec)
RUN PASS with name PREPROC_SPF
  Analyzing: results\4d\prf42\prf42.f
PROFILE: time for this pass = 0.000000 sec (total 0.011000 sec)
RUN PASS with name CREATE_INTER_TREE
  Analyzing: results\4d\prf42\prf42.f
PROFILE: time for this pass = 0.001000 sec (total 0.013000 sec)
RUN PASS with name GCOV_PARSER
  Analyzing: results\4d\prf42\prf42.f
   Error: unable to open file statistic.txt
PROFILE: time for this pass = 0.001000 sec (total 0.015000 sec)
RUN PASS with name VERIFY_FORMAT
  Analyzing: results\4d\prf42\prf42.f
PROFILE: time for this pass = 0.000000 sec (total 0.015000 sec)
RUN PASS with name VERIFY_DVM_DIRS
  Analyzing: results\4d\prf42\prf42.f
PROFILE: time for this pass = 0.000000 sec (total 0.016000 sec)
RUN PASS with name PRIVATE_CALL_GRAPH_STAGE1
  Analyzing: results\4d\prf42\prf42.f
PROFILE: time for this pass = 0.000000 sec (total 0.016000 sec)
RUN PASS with name PRIVATE_CALL_GRAPH_STAGE2
  Analyzing: results\4d\prf42\prf42.f
PROFILE: time for this pass = 0.000000 sec (total 0.017000 sec)
RUN PASS with name MACRO_EXPANSION
  Analyzing: results\4d\prf42\prf42.f
PROFILE: time for this pass = 0.000000 sec (total 0.017000 sec)
RUN PASS with name CONVERT_ASSIGN_TO_LOOP
  Analyzing: results\4d\prf42\prf42.f
PROFILE: time for this pass = 0.000000 sec (total 0.018000 sec)
RUN PASS with name DEF_USE_STAGE1
  Analyzing: results\4d\prf42\prf42.f
PROFILE: time for this pass = 0.002000 sec (total 0.021000 sec)
RUN PASS with name DEF_USE_STAGE2
  Analyzing: results\4d\prf42\prf42.f
PROFILE: time for this pass = 0.000000 sec (total 0.021000 sec)
RUN PASS with name VERIFY_COMMON
  Analyzing: results\4d\prf42\prf42.f
PROFILE: time for this pass = 0.000000 sec (total 0.022000 sec)
RUN PASS with name CALL_GRAPH_IR
  Analyzing: results\4d\prf42\prf42.f
PROFILE: time for this pass = 0.002000 sec (total 0.025000 sec)
RUN PASS with name BUILD_IR
  Analyzing: results\4d\prf42\prf42.f
  count of functions 7, count of lvls 3
     RD time for 'serial4' function is 0.000 sec, iters 6
     RD time for 'ansyes' function is 0.000 sec, iters 1
     RD time for 'ansno' function is 0.000 sec, iters 1

     RD time for 'prf4203' function is 0.023 sec, iters 7
     RD time for 'prf4201' function is 0.000 sec, iters 6
     RD time for 'prf4202' function is 0.003 sec, iters 7

     RD time for 'prf42' function is 0.000 sec, iters 1

PROFILE: time for this pass = 0.031000 sec (total 0.056000 sec)
RUN PASS with name SUBST_EXPR_RD
  Analyzing: results\4d\prf42\prf42.f
PROFILE: time for this pass = 0.004000 sec (total 0.060000 sec)
RUN PASS with name LOOP_GRAPH
  Analyzing: results\4d\prf42\prf42.f
PROFILE: time for this pass = 0.003000 sec (total 0.064000 sec)
RUN PASS with name CALL_GRAPH
  Analyzing: results\4d\prf42\prf42.f
PROFILE: time for this pass = 0.004000 sec (total 0.068000 sec)
RUN PASS with name CALL_GRAPH2
  Analyzing: results\4d\prf42\prf42.f
  run for func prf42
  run for func prf4201
  run for func prf4202
  run for func prf4203
  run for func serial4
  run for func ansyes
  run for func ansno
  added conflict messages to loop on line 44
  added conflict messages to loop on line 113
  added conflict messages to loop on line 123
  added conflict messages to loop on line 238
PROFILE: time for this pass = 0.001000 sec (total 0.070000 sec)
RUN PASS with name GET_STATS_FOR_PREDICTOR
  Analyzing: results\4d\prf42\prf42.f
    PAR LOOP [33 results\4d\prf42\prf42.f] total exec 71507, total exec lines 9, avg 7.9452222222222226e+03
    PAR LOOP [104 results\4d\prf42\prf42.f] total exec 55123, total exec lines 8, avg 6.8903750000000000e+03
    PAR LOOP [227 results\4d\prf42\prf42.f] total exec 71507, total exec lines 9, avg 7.9452222222222226e+03
    PAR LOOP [251 results\4d\prf42\prf42.f] total exec 165369, total exec lines 8, avg 2.0671125000000000e+04
    PAR LOOP [264 results\4d\prf42\prf42.f] total exec 217590, total exec lines 13, avg 1.6737692307692309e+04
    PAR LOOP [285 results\4d\prf42\prf42.f] total exec 165369, total exec lines 8, avg 2.0671125000000000e+04
    PAR LOOP [297 results\4d\prf42\prf42.f] total exec 217590, total exec lines 13, avg 1.6737692307692309e+04
    PAR LOOP [318 results\4d\prf42\prf42.f] total exec 165369, total exec lines 8, avg 2.0671125000000000e+04
    PAR LOOP [331 results\4d\prf42\prf42.f] total exec 217590, total exec lines 13, avg 1.6737692307692309e+04
    PAR LOOP [352 results\4d\prf42\prf42.f] total exec 165369, total exec lines 8, avg 2.0671125000000000e+04
    PAR LOOP [365 results\4d\prf42\prf42.f] total exec 217590, total exec lines 13, avg 1.6737692307692309e+04
    PAR LOOP [387 results\4d\prf42\prf42.f] total exec 165369, total exec lines 8, avg 2.0671125000000000e+04
    PAR LOOP [400 results\4d\prf42\prf42.f] total exec 217590, total exec lines 13, avg 1.6737692307692309e+04
    PAR LOOP [422 results\4d\prf42\prf42.f] total exec 165369, total exec lines 8, avg 2.0671125000000000e+04
    PAR LOOP [434 results\4d\prf42\prf42.f] total exec 217590, total exec lines 13, avg 1.6737692307692309e+04
    PAR LOOP [456 results\4d\prf42\prf42.f] total exec 165369, total exec lines 8, avg 2.0671125000000000e+04
    PAR LOOP [468 results\4d\prf42\prf42.f] total exec 217590, total exec lines 13, avg 1.6737692307692309e+04
    average_parallel_exec 1.6640751445086706e+04
    parallel_rate 8.9410888509154918e-01
PROFILE: time for this pass = 0.047000 sec (total 0.118000 sec)

--------------------------------------------------
INFO.JSON file copied from ./info.json to ./results\4d\prf42\info.json

==================================================
Processing of prf42.f completed successfully at 2025-05-06 00:26:40
