=== Processing file: red21.f ===
Date and time: 2025-05-06 00:23:49
Dimension: 2d
==================================================

Copied ./sources\2d\red21.f to ./results\2d\red21\red21.f
Command: gfortran -O3 -g -fprofile-arcs -ftest-coverage "./results\2d\red21\red21.f" -o "./results\2d\red21\red21"
Output: 

--------------------------------------------------
Command: "./results\2d\red21\red21"
Output: 
 ===START OF RED21=======================
 RED2101  -  complete
 RED2102  -  complete
 RED2103  -  complete
 RED2104  -  complete
 RED2105  -  complete
 RED2106  -  complete
 RED2107  -  complete
 RED2108  -  complete
 RED2109  -  complete
 RED2110  -  complete
 RED2111  -  complete
 RED2112  -  complete
 RED2113  -  complete
 RED2114  -  complete
 === END OF RED21 ========================= 

--------------------------------------------------
Command: gcov -b "./results\2d\red21\red21.f"
Output: 
File 'results/2d/red21/red21.f'
Lines executed:92.74% of 427
Branches executed:97.18% of 354
Taken at least once:76.84% of 354
Calls executed:44.35% of 115
Creating 'red21.f.gcov'

Lines executed:92.74% of 427

--------------------------------------------------
GCOV file copied from ./red21.f.gcov to ./results\2d\red21\red21.f.gcov
Command: "../SAPFOR/_bin/Release/Sapfor_F.exe" -parse -spf "./results\2d\red21\red21.f"
Output: 
SAPFOR version is 2410, build date: Apr 23 2025 11:52:44, c++ version 201703
  parse file './results\2d\red21\red21.f'
  options: -spf 
files compilation order:
  ./results\2d\red21\red21.f
Parsing was completed successfully

--------------------------------------------------
Command: "../SAPFOR/_bin/Release/Sapfor_F.exe" -passN GET_STATS_FOR_PREDICTOR -keepDVM
Output: 
SAPFOR version is 2410, build date: Apr 23 2025 11:52:44, c++ version 201703
code for pass GET_STATS_FOR_PREDICTOR is 79
RUN PASS with name VERIFY_FUNC_DECL
  Analyzing: results\2d\red21\red21.f
PROFILE: time for this pass = 0.000000 sec (total 0.003000 sec)
RUN PASS with name FILE_LINE_INFO
  Analyzing: results\2d\red21\red21.f
  All lines in project 938
PROFILE: time for this pass = 0.000000 sec (total 0.004000 sec)
RUN PASS with name BUILD_INCLUDE_DEPENDENCIES
  Analyzing: results\2d\red21\red21.f
PROFILE: time for this pass = 0.000000 sec (total 0.005000 sec)
RUN PASS with name CORRECT_VAR_DECL
  Analyzing: results\2d\red21\red21.f
PROFILE: time for this pass = 0.000000 sec (total 0.006000 sec)
RUN PASS with name VERIFY_OPERATORS
  Analyzing: results\2d\red21\red21.f
PROFILE: time for this pass = 0.000000 sec (total 0.006000 sec)
RUN PASS with name VERIFY_ENDDO
  Analyzing: results\2d\red21\red21.f
PROFILE: time for this pass = 0.000000 sec (total 0.007000 sec)
RUN PASS with name VERIFY_INCLUDES
  Analyzing: results\2d\red21\red21.f
PROFILE: time for this pass = 0.000000 sec (total 0.008000 sec)
RUN PASS with name PREPROC_ALLOCATES
  Analyzing: results\2d\red21\red21.f
  attribute (53 results\2d\red21\red21.f) is added to declaration on line 47 of results\2d\red21\red21.f file
  attribute (83 results\2d\red21\red21.f) is added to declaration on line 47 of results\2d\red21\red21.f file
  attribute (96 results\2d\red21\red21.f) is added to declaration on line 90 of results\2d\red21\red21.f file
  attribute (126 results\2d\red21\red21.f) is added to declaration on line 90 of results\2d\red21\red21.f file
  attribute (139 results\2d\red21\red21.f) is added to declaration on line 133 of results\2d\red21\red21.f file
  attribute (171 results\2d\red21\red21.f) is added to declaration on line 133 of results\2d\red21\red21.f file
  attribute (185 results\2d\red21\red21.f) is added to declaration on line 179 of results\2d\red21\red21.f file
  attribute (218 results\2d\red21\red21.f) is added to declaration on line 179 of results\2d\red21\red21.f file
  attribute (232 results\2d\red21\red21.f) is added to declaration on line 226 of results\2d\red21\red21.f file
  attribute (264 results\2d\red21\red21.f) is added to declaration on line 226 of results\2d\red21\red21.f file
  attribute (280 results\2d\red21\red21.f) is added to declaration on line 273 of results\2d\red21\red21.f file
  attribute (313 results\2d\red21\red21.f) is added to declaration on line 273 of results\2d\red21\red21.f file
  attribute (326 results\2d\red21\red21.f) is added to declaration on line 320 of results\2d\red21\red21.f file
  attribute (369 results\2d\red21\red21.f) is added to declaration on line 320 of results\2d\red21\red21.f file
  attribute (382 results\2d\red21\red21.f) is added to declaration on line 376 of results\2d\red21\red21.f file
  attribute (425 results\2d\red21\red21.f) is added to declaration on line 376 of results\2d\red21\red21.f file
  attribute (438 results\2d\red21\red21.f) is added to declaration on line 432 of results\2d\red21\red21.f file
  attribute (481 results\2d\red21\red21.f) is added to declaration on line 432 of results\2d\red21\red21.f file
  attribute (494 results\2d\red21\red21.f) is added to declaration on line 488 of results\2d\red21\red21.f file
  attribute (538 results\2d\red21\red21.f) is added to declaration on line 488 of results\2d\red21\red21.f file
  attribute (552 results\2d\red21\red21.f) is added to declaration on line 545 of results\2d\red21\red21.f file
  attribute (593 results\2d\red21\red21.f) is added to declaration on line 545 of results\2d\red21\red21.f file
  attribute (608 results\2d\red21\red21.f) is added to declaration on line 600 of results\2d\red21\red21.f file
  attribute (652 results\2d\red21\red21.f) is added to declaration on line 600 of results\2d\red21\red21.f file
  attribute (667 results\2d\red21\red21.f) is added to declaration on line 659 of results\2d\red21\red21.f file
  attribute (719 results\2d\red21\red21.f) is added to declaration on line 659 of results\2d\red21\red21.f file
  attribute (735 results\2d\red21\red21.f) is added to declaration on line 726 of results\2d\red21\red21.f file
  attribute (736 results\2d\red21\red21.f) is added to declaration on line 728 of results\2d\red21\red21.f file
  attribute (796 results\2d\red21\red21.f) is added to declaration on line 728 of results\2d\red21\red21.f file
  attribute (797 results\2d\red21\red21.f) is added to declaration on line 726 of results\2d\red21\red21.f file
PROFILE: time for this pass = 0.001000 sec (total 0.009000 sec)
RUN PASS with name CHECK_PAR_REG_DIR
  Analyzing: results\2d\red21\red21.f
PROFILE: time for this pass = 0.000000 sec (total 0.010000 sec)
RUN PASS with name FILL_PARALLEL_REG_IR
  Analyzing: results\2d\red21\red21.f
PROFILE: time for this pass = 0.000000 sec (total 0.010000 sec)
RUN PASS with name GET_ALL_ARRAY_DECL
  Analyzing: results\2d\red21\red21.f
PROFILE: time for this pass = 0.005000 sec (total 0.016000 sec)
RUN PASS with name FILL_COMMON_BLOCKS
  Analyzing: results\2d\red21\red21.f
PROFILE: time for this pass = 0.000000 sec (total 0.017000 sec)
RUN PASS with name PARSE_OMP_DIRS
  Analyzing: results\2d\red21\red21.f
PROFILE: time for this pass = 0.000000 sec (total 0.018000 sec)
RUN PASS with name PREPROC_SPF
  Analyzing: results\2d\red21\red21.f
PROFILE: time for this pass = 0.000000 sec (total 0.019000 sec)
RUN PASS with name CREATE_INTER_TREE
  Analyzing: results\2d\red21\red21.f
PROFILE: time for this pass = 0.005000 sec (total 0.024000 sec)
RUN PASS with name GCOV_PARSER
  Analyzing: results\2d\red21\red21.f
   Error: unable to open file statistic.txt
PROFILE: time for this pass = 0.002000 sec (total 0.027000 sec)
RUN PASS with name VERIFY_FORMAT
  Analyzing: results\2d\red21\red21.f
PROFILE: time for this pass = 0.000000 sec (total 0.028000 sec)
RUN PASS with name VERIFY_DVM_DIRS
  Analyzing: results\2d\red21\red21.f
PROFILE: time for this pass = 0.000000 sec (total 0.028000 sec)
RUN PASS with name PRIVATE_CALL_GRAPH_STAGE1
  Analyzing: results\2d\red21\red21.f
PROFILE: time for this pass = 0.000000 sec (total 0.029000 sec)
RUN PASS with name PRIVATE_CALL_GRAPH_STAGE2
  Analyzing: results\2d\red21\red21.f
PROFILE: time for this pass = 0.000000 sec (total 0.030000 sec)
RUN PASS with name MACRO_EXPANSION
  Analyzing: results\2d\red21\red21.f
PROFILE: time for this pass = 0.000000 sec (total 0.030000 sec)
RUN PASS with name CONVERT_ASSIGN_TO_LOOP
  Analyzing: results\2d\red21\red21.f
PROFILE: time for this pass = 0.002000 sec (total 0.033000 sec)
RUN PASS with name DEF_USE_STAGE1
  Analyzing: results\2d\red21\red21.f
PROFILE: time for this pass = 0.004000 sec (total 0.038000 sec)
RUN PASS with name DEF_USE_STAGE2
  Analyzing: results\2d\red21\red21.f
PROFILE: time for this pass = 0.000000 sec (total 0.039000 sec)
RUN PASS with name VERIFY_COMMON
  Analyzing: results\2d\red21\red21.f
PROFILE: time for this pass = 0.000000 sec (total 0.039000 sec)
RUN PASS with name CALL_GRAPH_IR
  Analyzing: results\2d\red21\red21.f
PROFILE: time for this pass = 0.003000 sec (total 0.043000 sec)
RUN PASS with name BUILD_IR
  Analyzing: results\2d\red21\red21.f
  count of functions 23, count of lvls 3
     RD time for 'sersum2mr' function is 0.000 sec, iters 4
     RD time for 'serprodr2' function is 0.000 sec, iters 4
     RD time for 'sersum2' function is 0.000 sec, iters 4
     RD time for 'sersum2m' function is 0.000 sec, iters 4
     RD time for 'ansyes' function is 0.000 sec, iters 1
     RD time for 'serlog2' function is 0.000 sec, iters 4
     RD time for 'ansno' function is 0.000 sec, iters 1
     RD time for 'serprod2' function is 0.000 sec, iters 4

     RD time for 'red2101' function is 0.000 sec, iters 4
     RD time for 'red2102' function is 0.000 sec, iters 4
     RD time for 'red2103' function is 0.000 sec, iters 4
     RD time for 'red2104' function is 0.000 sec, iters 4
     RD time for 'red2105' function is 0.000 sec, iters 4
     RD time for 'red2106' function is 0.000 sec, iters 4
     RD time for 'red2113' function is 0.000 sec, iters 4
     RD time for 'red2110' function is 0.000 sec, iters 4
     RD time for 'red2109' function is 0.000 sec, iters 4
     RD time for 'red2107' function is 0.000 sec, iters 4
     RD time for 'red2108' function is 0.000 sec, iters 4
     RD time for 'red2112' function is 0.000 sec, iters 4
     RD time for 'red2111' function is 0.000 sec, iters 4
     RD time for 'red2114' function is 0.000 sec, iters 4

     RD time for 'red21' function is 0.000 sec, iters 1

PROFILE: time for this pass = 0.010000 sec (total 0.053000 sec)
RUN PASS with name SUBST_EXPR_RD
  Analyzing: results\2d\red21\red21.f
PROFILE: time for this pass = 0.004000 sec (total 0.058000 sec)
RUN PASS with name LOOP_GRAPH
  Analyzing: results\2d\red21\red21.f
PROFILE: time for this pass = 0.002000 sec (total 0.061000 sec)
RUN PASS with name CALL_GRAPH
  Analyzing: results\2d\red21\red21.f
PROFILE: time for this pass = 0.005000 sec (total 0.067000 sec)
RUN PASS with name CALL_GRAPH2
  Analyzing: results\2d\red21\red21.f
  run for func red21
  run for func red2101
  run for func red2102
  run for func red2103
  run for func red2104
  run for func red2105
  run for func red2106
  run for func red2107
  run for func red2108
  run for func red2109
  run for func red2110
  run for func red2111
  run for func red2112
  run for func red2113
  run for func red2114
  run for func sersum2
  run for func sersum2m
  run for func sersum2mr
  run for func serprod2
  run for func serprodr2
  run for func serlog2
  run for func ansyes
  run for func ansno
PROFILE: time for this pass = 0.003000 sec (total 0.070000 sec)
RUN PASS with name GET_STATS_FOR_PREDICTOR
  Analyzing: results\2d\red21\red21.f
    PAR LOOP [63 results\2d\red21\red21.f] total exec 451, total exec lines 4, avg 1.1275000000000000e+02
    PAR LOOP [70 results\2d\red21\red21.f] total exec 451, total exec lines 4, avg 1.1275000000000000e+02
    PAR LOOP [106 results\2d\red21\red21.f] total exec 451, total exec lines 4, avg 1.1275000000000000e+02
    PAR LOOP [113 results\2d\red21\red21.f] total exec 451, total exec lines 4, avg 1.1275000000000000e+02
    PAR LOOP [142 results\2d\red21\red21.f] total exec 451, total exec lines 4, avg 1.1275000000000000e+02
    PAR LOOP [158 results\2d\red21\red21.f] total exec 595, total exec lines 5, avg 1.1900000000000000e+02
    PAR LOOP [188 results\2d\red21\red21.f] total exec 451, total exec lines 4, avg 1.1275000000000000e+02
    PAR LOOP [205 results\2d\red21\red21.f] total exec 558, total exec lines 5, avg 1.1159999999999999e+02
    PAR LOOP [235 results\2d\red21\red21.f] total exec 451, total exec lines 4, avg 1.1275000000000000e+02
    PAR LOOP [251 results\2d\red21\red21.f] total exec 558, total exec lines 5, avg 1.1159999999999999e+02
    PAR LOOP [290 results\2d\red21\red21.f] total exec 339, total exec lines 8, avg 4.2375000000000000e+01
    PAR LOOP [301 results\2d\red21\red21.f] total exec 179, total exec lines 4, avg 4.4750000000000000e+01
    PAR LOOP [332 results\2d\red21\red21.f] total exec 83, total exec lines 4, avg 2.0750000000000000e+01
    PAR LOOP [339 results\2d\red21\red21.f] total exec 83, total exec lines 4, avg 2.0750000000000000e+01
    PAR LOOP [351 results\2d\red21\red21.f] total exec 865, total exec lines 8, avg 1.0812500000000000e+02
    PAR LOOP [388 results\2d\red21\red21.f] total exec 83, total exec lines 4, avg 2.0750000000000000e+01
    PAR LOOP [395 results\2d\red21\red21.f] total exec 83, total exec lines 4, avg 2.0750000000000000e+01
    PAR LOOP [407 results\2d\red21\red21.f] total exec 18446744073709551610, total exec lines 8, avg 2.3058430092136940e+18
    PAR LOOP [444 results\2d\red21\red21.f] total exec 83, total exec lines 4, avg 2.0750000000000000e+01
    PAR LOOP [451 results\2d\red21\red21.f] total exec 83, total exec lines 4, avg 2.0750000000000000e+01
    PAR LOOP [463 results\2d\red21\red21.f] total exec 865, total exec lines 8, avg 1.0812500000000000e+02
    PAR LOOP [501 results\2d\red21\red21.f] total exec 83, total exec lines 4, avg 2.0750000000000000e+01
    PAR LOOP [508 results\2d\red21\red21.f] total exec 83, total exec lines 4, avg 2.0750000000000000e+01
    PAR LOOP [520 results\2d\red21\red21.f] total exec 865, total exec lines 8, avg 1.0812500000000000e+02
    PAR LOOP [555 results\2d\red21\red21.f] total exec 451, total exec lines 4, avg 1.1275000000000000e+02
    PAR LOOP [575 results\2d\red21\red21.f] total exec 714, total exec lines 8, avg 8.9250000000000000e+01
    PAR LOOP [611 results\2d\red21\red21.f] total exec 451, total exec lines 4, avg 1.1275000000000000e+02
    PAR LOOP [631 results\2d\red21\red21.f] total exec 561, total exec lines 8, avg 7.0125000000000000e+01
    PAR LOOP [674 results\2d\red21\red21.f] total exec 451, total exec lines 4, avg 1.1275000000000000e+02
    PAR LOOP [700 results\2d\red21\red21.f] total exec 979, total exec lines 8, avg 1.2237500000000000e+02
    PAR LOOP [744 results\2d\red21\red21.f] total exec 83, total exec lines 4, avg 2.0750000000000000e+01
    PAR LOOP [751 results\2d\red21\red21.f] total exec 83, total exec lines 4, avg 2.0750000000000000e+01
    PAR LOOP [761 results\2d\red21\red21.f] total exec 451, total exec lines 4, avg 1.1275000000000000e+02
    PAR LOOP [774 results\2d\red21\red21.f] total exec 993, total exec lines 9, avg 1.1033333333333333e+02
    average_parallel_exec 7.8727272727272734e+01
    parallel_rate 5.2172603358686653e-01
PROFILE: time for this pass = 0.036000 sec (total 0.106000 sec)

--------------------------------------------------
INFO.JSON file copied from ./info.json to ./results\2d\red21\info.json

==================================================
Processing of red21.f completed successfully at 2025-05-06 00:23:51
