=== Processing file: red12.f ===
Date and time: 2025-04-23 11:55:51
Dimension: 1d
==================================================

Copied ./sources\1d\red12.f to ./results\1d\red12\red12.f
Command: gfortran -O3 -g -fprofile-arcs -ftest-coverage "./results\1d\red12\red12.f" -o "./results\1d\red12\red12"
Output: 

--------------------------------------------------
Command: "./results\1d\red12\red12"
Output: 
 ===START OF RED12========================
 RED1201  -  complete
 RED1202  -  complete
 RED1203  -  complete
 RED1204  -  complete
 RED1205  -  complete
 RED1206  -  complete
 RED1207  -  complete
 RED1208  -  complete
 RED1209  -  complete
 RED1210  -  complete
 RED1211  -  complete
 RED1212  -  complete
 RED1213  -  complete
 RED1214  -  complete
 RED1215  -  complete
 RED1216  -  complete
 === END OF RED12 ========================= 

--------------------------------------------------
Command: gcov -b "./results\1d\red12\red12.f"
Output: 
File 'results/1d/red12/red12.f'
Lines executed:93.54% of 418
Branches executed:94.84% of 310
Taken at least once:68.06% of 310
Calls executed:40.94% of 127
Creating 'red12.f.gcov'

Lines executed:93.54% of 418

--------------------------------------------------
GCOV file copied from ./red12.f.gcov to ./results\1d\red12\red12.f.gcov
Command: "../SAPFOR/_bin/Release/Sapfor_F.exe" -parse -spf "./results\1d\red12\red12.f"
Output: 
SAPFOR version is 2410, build date: Apr 23 2025 11:52:44, c++ version 201703
  parse file './results\1d\red12\red12.f'
  options: -spf 
files compilation order:
  ./results\1d\red12\red12.f
Parsing was completed successfully

--------------------------------------------------
Command: "../SAPFOR/_bin/Release/Sapfor_F.exe" -passN GET_STATS_FOR_PREDICTOR -keepDVM
Output: 
SAPFOR version is 2410, build date: Apr 23 2025 11:52:44, c++ version 201703
code for pass GET_STATS_FOR_PREDICTOR is 79
RUN PASS with name VERIFY_FUNC_DECL
  Analyzing: results\1d\red12\red12.f
PROFILE: time for this pass = 0.000000 sec (total 0.003000 sec)
RUN PASS with name FILE_LINE_INFO
  Analyzing: results\1d\red12\red12.f
  All lines in project 941
PROFILE: time for this pass = 0.000000 sec (total 0.004000 sec)
RUN PASS with name BUILD_INCLUDE_DEPENDENCIES
  Analyzing: results\1d\red12\red12.f
PROFILE: time for this pass = 0.000000 sec (total 0.004000 sec)
RUN PASS with name CORRECT_VAR_DECL
  Analyzing: results\1d\red12\red12.f
PROFILE: time for this pass = 0.000000 sec (total 0.005000 sec)
RUN PASS with name VERIFY_OPERATORS
  Analyzing: results\1d\red12\red12.f
PROFILE: time for this pass = 0.000000 sec (total 0.006000 sec)
RUN PASS with name VERIFY_ENDDO
  Analyzing: results\1d\red12\red12.f
PROFILE: time for this pass = 0.000000 sec (total 0.007000 sec)
RUN PASS with name VERIFY_INCLUDES
  Analyzing: results\1d\red12\red12.f
PROFILE: time for this pass = 0.000000 sec (total 0.007000 sec)
RUN PASS with name PREPROC_ALLOCATES
  Analyzing: results\1d\red12\red12.f
  attribute (58 results\1d\red12\red12.f) is added to declaration on line 52 of results\1d\red12\red12.f file
  attribute (83 results\1d\red12\red12.f) is added to declaration on line 52 of results\1d\red12\red12.f file
  attribute (96 results\1d\red12\red12.f) is added to declaration on line 90 of results\1d\red12\red12.f file
  attribute (121 results\1d\red12\red12.f) is added to declaration on line 90 of results\1d\red12\red12.f file
  attribute (134 results\1d\red12\red12.f) is added to declaration on line 128 of results\1d\red12\red12.f file
  attribute (162 results\1d\red12\red12.f) is added to declaration on line 128 of results\1d\red12\red12.f file
  attribute (176 results\1d\red12\red12.f) is added to declaration on line 170 of results\1d\red12\red12.f file
  attribute (204 results\1d\red12\red12.f) is added to declaration on line 170 of results\1d\red12\red12.f file
  attribute (218 results\1d\red12\red12.f) is added to declaration on line 212 of results\1d\red12\red12.f file
  attribute (246 results\1d\red12\red12.f) is added to declaration on line 212 of results\1d\red12\red12.f file
  attribute (262 results\1d\red12\red12.f) is added to declaration on line 255 of results\1d\red12\red12.f file
  attribute (287 results\1d\red12\red12.f) is added to declaration on line 255 of results\1d\red12\red12.f file
  attribute (301 results\1d\red12\red12.f) is added to declaration on line 295 of results\1d\red12\red12.f file
  attribute (334 results\1d\red12\red12.f) is added to declaration on line 295 of results\1d\red12\red12.f file
  attribute (347 results\1d\red12\red12.f) is added to declaration on line 341 of results\1d\red12\red12.f file
  attribute (378 results\1d\red12\red12.f) is added to declaration on line 341 of results\1d\red12\red12.f file
  attribute (391 results\1d\red12\red12.f) is added to declaration on line 385 of results\1d\red12\red12.f file
  attribute (422 results\1d\red12\red12.f) is added to declaration on line 385 of results\1d\red12\red12.f file
  attribute (435 results\1d\red12\red12.f) is added to declaration on line 429 of results\1d\red12\red12.f file
  attribute (466 results\1d\red12\red12.f) is added to declaration on line 429 of results\1d\red12\red12.f file
  attribute (481 results\1d\red12\red12.f) is added to declaration on line 475 of results\1d\red12\red12.f file
  attribute (514 results\1d\red12\red12.f) is added to declaration on line 475 of results\1d\red12\red12.f file
  attribute (529 results\1d\red12\red12.f) is added to declaration on line 523 of results\1d\red12\red12.f file
  attribute (562 results\1d\red12\red12.f) is added to declaration on line 523 of results\1d\red12\red12.f file
  attribute (578 results\1d\red12\red12.f) is added to declaration on line 571 of results\1d\red12\red12.f file
  attribute (625 results\1d\red12\red12.f) is added to declaration on line 571 of results\1d\red12\red12.f file
  attribute (642 results\1d\red12\red12.f) is added to declaration on line 633 of results\1d\red12\red12.f file
  attribute (643 results\1d\red12\red12.f) is added to declaration on line 635 of results\1d\red12\red12.f file
  attribute (690 results\1d\red12\red12.f) is added to declaration on line 635 of results\1d\red12\red12.f file
  attribute (691 results\1d\red12\red12.f) is added to declaration on line 633 of results\1d\red12\red12.f file
  attribute (706 results\1d\red12\red12.f) is added to declaration on line 700 of results\1d\red12\red12.f file
  attribute (758 results\1d\red12\red12.f) is added to declaration on line 700 of results\1d\red12\red12.f file
  attribute (776 results\1d\red12\red12.f) is added to declaration on line 767 of results\1d\red12\red12.f file
  attribute (833 results\1d\red12\red12.f) is added to declaration on line 767 of results\1d\red12\red12.f file
PROFILE: time for this pass = 0.001000 sec (total 0.008000 sec)
RUN PASS with name CHECK_PAR_REG_DIR
  Analyzing: results\1d\red12\red12.f
PROFILE: time for this pass = 0.000000 sec (total 0.009000 sec)
RUN PASS with name FILL_PARALLEL_REG_IR
  Analyzing: results\1d\red12\red12.f
PROFILE: time for this pass = 0.000000 sec (total 0.010000 sec)
RUN PASS with name GET_ALL_ARRAY_DECL
  Analyzing: results\1d\red12\red12.f
PROFILE: time for this pass = 0.005000 sec (total 0.015000 sec)
RUN PASS with name FILL_COMMON_BLOCKS
  Analyzing: results\1d\red12\red12.f
PROFILE: time for this pass = 0.000000 sec (total 0.016000 sec)
RUN PASS with name PARSE_OMP_DIRS
  Analyzing: results\1d\red12\red12.f
PROFILE: time for this pass = 0.000000 sec (total 0.017000 sec)
RUN PASS with name PREPROC_SPF
  Analyzing: results\1d\red12\red12.f
PROFILE: time for this pass = 0.000000 sec (total 0.018000 sec)
RUN PASS with name CREATE_INTER_TREE
  Analyzing: results\1d\red12\red12.f
PROFILE: time for this pass = 0.002000 sec (total 0.020000 sec)
RUN PASS with name GCOV_PARSER
  Analyzing: results\1d\red12\red12.f
   Error: unable to open file statistic.txt
PROFILE: time for this pass = 0.002000 sec (total 0.023000 sec)
RUN PASS with name VERIFY_FORMAT
  Analyzing: results\1d\red12\red12.f
PROFILE: time for this pass = 0.000000 sec (total 0.023000 sec)
RUN PASS with name VERIFY_DVM_DIRS
  Analyzing: results\1d\red12\red12.f
PROFILE: time for this pass = 0.000000 sec (total 0.024000 sec)
RUN PASS with name PRIVATE_CALL_GRAPH_STAGE1
  Analyzing: results\1d\red12\red12.f
PROFILE: time for this pass = 0.000000 sec (total 0.024000 sec)
RUN PASS with name PRIVATE_CALL_GRAPH_STAGE2
  Analyzing: results\1d\red12\red12.f
PROFILE: time for this pass = 0.000000 sec (total 0.025000 sec)
RUN PASS with name MACRO_EXPANSION
  Analyzing: results\1d\red12\red12.f
PROFILE: time for this pass = 0.000000 sec (total 0.026000 sec)
RUN PASS with name CONVERT_ASSIGN_TO_LOOP
  Analyzing: results\1d\red12\red12.f
PROFILE: time for this pass = 0.001000 sec (total 0.028000 sec)
RUN PASS with name DEF_USE_STAGE1
  Analyzing: results\1d\red12\red12.f
PROFILE: time for this pass = 0.004000 sec (total 0.032000 sec)
RUN PASS with name DEF_USE_STAGE2
  Analyzing: results\1d\red12\red12.f
PROFILE: time for this pass = 0.000000 sec (total 0.032000 sec)
RUN PASS with name VERIFY_COMMON
  Analyzing: results\1d\red12\red12.f
PROFILE: time for this pass = 0.000000 sec (total 0.033000 sec)
RUN PASS with name CALL_GRAPH_IR
  Analyzing: results\1d\red12\red12.f
PROFILE: time for this pass = 0.003000 sec (total 0.037000 sec)
RUN PASS with name BUILD_IR
  Analyzing: results\1d\red12\red12.f
  count of functions 25, count of lvls 3
     RD time for 'sersum1mr' function is 0.000 sec, iters 3
     RD time for 'serprodr1' function is 0.000 sec, iters 3
     RD time for 'ansyes' function is 0.000 sec, iters 1
     RD time for 'serprod1' function is 0.000 sec, iters 3
     RD time for 'ansno' function is 0.000 sec, iters 1
     RD time for 'serlog1' function is 0.000 sec, iters 3
     RD time for 'sersum1' function is 0.000 sec, iters 3
     RD time for 'sersum1m' function is 0.000 sec, iters 3

     RD time for 'red1204' function is 0.000 sec, iters 3
     RD time for 'red1201' function is 0.000 sec, iters 3
     RD time for 'red1202' function is 0.000 sec, iters 3
     RD time for 'red1203' function is 0.000 sec, iters 3
     RD time for 'red1209' function is 0.000 sec, iters 3
     RD time for 'red1210' function is 0.000 sec, iters 3
     RD time for 'red1212' function is 0.000 sec, iters 3
     RD time for 'red1213' function is 0.000 sec, iters 3
     RD time for 'red1208' function is 0.000 sec, iters 3
     RD time for 'red1214' function is 0.000 sec, iters 3
     RD time for 'red1215' function is 0.000 sec, iters 3
     RD time for 'red1211' function is 0.000 sec, iters 3
     RD time for 'red1216' function is 0.000 sec, iters 3
     RD time for 'red1205' function is 0.000 sec, iters 3
     RD time for 'red1207' function is 0.000 sec, iters 3
     RD time for 'red1206' function is 0.000 sec, iters 3

     RD time for 'red12' function is 0.000 sec, iters 1

PROFILE: time for this pass = 0.006000 sec (total 0.044000 sec)
RUN PASS with name SUBST_EXPR_RD
  Analyzing: results\1d\red12\red12.f
PROFILE: time for this pass = 0.004000 sec (total 0.048000 sec)
RUN PASS with name LOOP_GRAPH
  Analyzing: results\1d\red12\red12.f
PROFILE: time for this pass = 0.001000 sec (total 0.050000 sec)
RUN PASS with name CALL_GRAPH
  Analyzing: results\1d\red12\red12.f
PROFILE: time for this pass = 0.005000 sec (total 0.055000 sec)
RUN PASS with name CALL_GRAPH2
  Analyzing: results\1d\red12\red12.f
  run for func red12
  run for func red1201
  run for func red1202
  run for func red1203
  run for func red1204
  run for func red1205
  run for func red1206
  run for func red1207
  run for func red1208
  run for func red1209
  run for func red1210
  run for func red1211
  run for func red1212
  run for func red1213
  run for func red1214
  run for func red1215
  run for func red1216
  run for func sersum1
  run for func sersum1m
  run for func sersum1mr
  run for func serprod1
  run for func serprodr1
  run for func serlog1
  run for func ansyes
  run for func ansno
PROFILE: time for this pass = 0.002000 sec (total 0.058000 sec)
RUN PASS with name GET_STATS_FOR_PREDICTOR
  Analyzing: results\1d\red12\red12.f
    PAR LOOP [67 results\1d\red12\red12.f] total exec 34, total exec lines 2, avg 1.7000000000000000e+01
    PAR LOOP [72 results\1d\red12\red12.f] total exec 34, total exec lines 2, avg 1.7000000000000000e+01
    PAR LOOP [105 results\1d\red12\red12.f] total exec 34, total exec lines 2, avg 1.7000000000000000e+01
    PAR LOOP [110 results\1d\red12\red12.f] total exec 34, total exec lines 2, avg 1.7000000000000000e+01
    PAR LOOP [137 results\1d\red12\red12.f] total exec 34, total exec lines 2, avg 1.7000000000000000e+01
    PAR LOOP [151 results\1d\red12\red12.f] total exec 48, total exec lines 3, avg 1.6000000000000000e+01
    PAR LOOP [179 results\1d\red12\red12.f] total exec 34, total exec lines 2, avg 1.7000000000000000e+01
    PAR LOOP [193 results\1d\red12\red12.f] total exec 48, total exec lines 3, avg 1.6000000000000000e+01
    PAR LOOP [221 results\1d\red12\red12.f] total exec 34, total exec lines 2, avg 1.7000000000000000e+01
    PAR LOOP [235 results\1d\red12\red12.f] total exec 48, total exec lines 3, avg 1.6000000000000000e+01
    PAR LOOP [271 results\1d\red12\red12.f] total exec 18, total exec lines 2, avg 9.0000000000000000e+00
    PAR LOOP [276 results\1d\red12\red12.f] total exec 18, total exec lines 2, avg 9.0000000000000000e+00
    PAR LOOP [307 results\1d\red12\red12.f] total exec 9, total exec lines 2, avg 4.5000000000000000e+00
    PAR LOOP [312 results\1d\red12\red12.f] total exec 16, total exec lines 2, avg 8.0000000000000000e+00
    PAR LOOP [322 results\1d\red12\red12.f] total exec 47, total exec lines 2, avg 2.3500000000000000e+01
    PAR LOOP [352 results\1d\red12\red12.f] total exec 9, total exec lines 2, avg 4.5000000000000000e+00
    PAR LOOP [357 results\1d\red12\red12.f] total exec 16, total exec lines 2, avg 8.0000000000000000e+00
    PAR LOOP [367 results\1d\red12\red12.f] total exec 47, total exec lines 2, avg 2.3500000000000000e+01
    PAR LOOP [396 results\1d\red12\red12.f] total exec 9, total exec lines 2, avg 4.5000000000000000e+00
    PAR LOOP [401 results\1d\red12\red12.f] total exec 16, total exec lines 2, avg 8.0000000000000000e+00
    PAR LOOP [411 results\1d\red12\red12.f] total exec 32, total exec lines 2, avg 1.6000000000000000e+01
    PAR LOOP [440 results\1d\red12\red12.f] total exec 9, total exec lines 2, avg 4.5000000000000000e+00
    PAR LOOP [445 results\1d\red12\red12.f] total exec 16, total exec lines 2, avg 8.0000000000000000e+00
    PAR LOOP [455 results\1d\red12\red12.f] total exec 32, total exec lines 2, avg 1.6000000000000000e+01
    PAR LOOP [484 results\1d\red12\red12.f] total exec 34, total exec lines 2, avg 1.7000000000000000e+01
    PAR LOOP [500 results\1d\red12\red12.f] total exec 62, total exec lines 5, avg 1.2400000000000000e+01
    PAR LOOP [532 results\1d\red12\red12.f] total exec 34, total exec lines 2, avg 1.7000000000000000e+01
    PAR LOOP [548 results\1d\red12\red12.f] total exec 50, total exec lines 5, avg 1.0000000000000000e+01
    PAR LOOP [584 results\1d\red12\red12.f] total exec 34, total exec lines 2, avg 1.7000000000000000e+01
    PAR LOOP [608 results\1d\red12\red12.f] total exec 99, total exec lines 6, avg 1.6500000000000000e+01
    PAR LOOP [650 results\1d\red12\red12.f] total exec 9, total exec lines 2, avg 4.5000000000000000e+00
    PAR LOOP [655 results\1d\red12\red12.f] total exec 16, total exec lines 2, avg 8.0000000000000000e+00
    PAR LOOP [666 results\1d\red12\red12.f] total exec 34, total exec lines 2, avg 1.7000000000000000e+01
    PAR LOOP [672 results\1d\red12\red12.f] total exec 99, total exec lines 6, avg 1.6500000000000000e+01
    PAR LOOP [709 results\1d\red12\red12.f] total exec 34, total exec lines 2, avg 1.7000000000000000e+01
    PAR LOOP [737 results\1d\red12\red12.f] total exec 129, total exec lines 11, avg 1.1727272727272727e+01
    PAR LOOP [781 results\1d\red12\red12.f] total exec 34, total exec lines 2, avg 1.7000000000000000e+01
    PAR LOOP [810 results\1d\red12\red12.f] total exec 113, total exec lines 10, avg 1.1300000000000001e+01
    average_parallel_exec 1.3245454545454546e+01
    parallel_rate 3.8141361256544504e-01
PROFILE: time for this pass = 0.026000 sec (total 0.085000 sec)

--------------------------------------------------
INFO.JSON file copied from ./info.json to ./results\1d\red12\info.json

==================================================
Processing of red12.f completed successfully at 2025-04-23 11:55:52
