=== Processing file: adi3d.f ===
Date and time: 2025-05-06 00:24:11
Dimension: 3d
==================================================

Copied ./sources\3d\adi3d.f to ./results\3d\adi3d\adi3d.f
Command: gfortran -O3 -g -fprofile-arcs -ftest-coverage "./results\3d\adi3d\adi3d.f" -o "./results\3d\adi3d\adi3d"
Output: 

--------------------------------------------------
Command: "./results\3d\adi3d\adi3d"
Output: 
 IT =    1   EPS =  0.1494778E+02
 IT =    2   EPS =  0.7460835E+01
 IT =    3   EPS =  0.3723890E+01
 IT =    4   EPS =  0.2788022E+01
 IT =    5   EPS =  0.2087345E+01
 IT =    6   EPS =  0.1620635E+01
 IT =    7   EPS =  0.1386668E+01
 IT =    8   EPS =  0.1189564E+01
 IT =    9   EPS =  0.1029132E+01
 IT =   10   EPS =  0.8988956E+00
 IT =   11   EPS =  0.8163722E+00
 IT =   12   EPS =  0.7425283E+00
 IT =   13   EPS =  0.6772670E+00
 IT =   14   EPS =  0.6202979E+00
 IT =   15   EPS =  0.5699390E+00
 IT =   16   EPS =  0.5338267E+00
 IT =   17   EPS =  0.5004341E+00
 IT =   18   EPS =  0.4698835E+00
 IT =   19   EPS =  0.4418373E+00
 IT =   20   EPS =  0.4162325E+00
 IT =   21   EPS =  0.3927046E+00
 IT =   22   EPS =  0.3745661E+00
 IT =   23   EPS =  0.3573954E+00
 IT =   24   EPS =  0.3413975E+00
 IT =   25   EPS =  0.3263108E+00
 IT =   26   EPS =  0.3121931E+00
 IT =   27   EPS =  0.2989586E+00
 IT =   28   EPS =  0.2864963E+00
 IT =   29   EPS =  0.2764413E+00
 IT =   30   EPS =  0.2668074E+00
 IT =   31   EPS =  0.2576287E+00
 IT =   32   EPS =  0.2489124E+00
 IT =   33   EPS =  0.2405788E+00
 IT =   34   EPS =  0.2326638E+00
 IT =   35   EPS =  0.2251332E+00
 IT =   36   EPS =  0.2179345E+00
 IT =   37   EPS =  0.2119085E+00
 IT =   38   EPS =  0.2061089E+00
 IT =   39   EPS =  0.2005062E+00
 IT =   40   EPS =  0.1951270E+00
 IT =   41   EPS =  0.1899601E+00
 IT =   42   EPS =  0.1849730E+00
 IT =   43   EPS =  0.1801736E+00
 IT =   44   EPS =  0.1755743E+00
 IT =   45   EPS =  0.1711355E+00
 IT =   46   EPS =  0.1673027E+00
 IT =   47   EPS =  0.1636096E+00
 IT =   48   EPS =  0.1600227E+00
 IT =   49   EPS =  0.1565357E+00
 IT =   50   EPS =  0.1531576E+00
 IT =   51   EPS =  0.1498958E+00
 IT =   52   EPS =  0.1467261E+00
 IT =   53   EPS =  0.1436458E+00
 IT =   54   EPS =  0.1406699E+00
 IT =   55   EPS =  0.1377877E+00
 IT =   56   EPS =  0.1352540E+00
 IT =   57   EPS =  0.1327776E+00
 IT =   58   EPS =  0.1303760E+00
 IT =   59   EPS =  0.1280350E+00
 IT =   60   EPS =  0.1257481E+00
 IT =   61   EPS =  0.1235143E+00
 IT =   62   EPS =  0.1213473E+00
 IT =   63   EPS =  0.1192357E+00
 IT =   64   EPS =  0.1171734E+00
 IT =   65   EPS =  0.1151590E+00
 IT =   66   EPS =  0.1132011E+00
 IT =   67   EPS =  0.1114618E+00
 IT =   68   EPS =  0.1097558E+00
 IT =   69   EPS =  0.1080827E+00
 IT =   70   EPS =  0.1064452E+00
 IT =   71   EPS =  0.1048508E+00
 IT =   72   EPS =  0.1032875E+00
 IT =   73   EPS =  0.1017547E+00
 IT =   74   EPS =  0.1002518E+00
 IT =   75   EPS =  0.9878734E-01
 IT =   76   EPS =  0.9735504E-01
 IT =   77   EPS =  0.9595076E-01
 IT =   78   EPS =  0.9457388E-01
 IT =   79   EPS =  0.9333143E-01
 IT =   80   EPS =  0.9211968E-01
 IT =   81   EPS =  0.9092791E-01
 IT =   82   EPS =  0.8975582E-01
 IT =   83   EPS =  0.8860310E-01
 IT =   84   EPS =  0.8747135E-01
 IT =   85   EPS =  0.8636598E-01
 IT =   86   EPS =  0.8527903E-01
 IT =   87   EPS =  0.8421018E-01
 IT =   88   EPS =  0.8315910E-01
 IT =   89   EPS =  0.8212699E-01
 IT =   90   EPS =  0.8111878E-01
 IT =   91   EPS =  0.8012737E-01
 IT =   92   EPS =  0.7922404E-01
 IT =   93   EPS =  0.7833349E-01
 IT =   94   EPS =  0.7745554E-01
 IT =   95   EPS =  0.7659725E-01
 IT =   96   EPS =  0.7575129E-01
 IT =   97   EPS =  0.7491743E-01
 IT =   98   EPS =  0.7409550E-01
 IT =   99   EPS =  0.7328532E-01
 IT =  100   EPS =  0.7249074E-01
 ADI Benchmark Completed.
 Size            =  384 x  384 x  384
 Iterations      =                100
 Time in seconds =               0.00
 Operation type  =   double precision
 Verification    =         SUCCESSFUL
 END OF ADI Benchmark

--------------------------------------------------
Command: gcov -b "./results\3d\adi3d\adi3d.f"
Output: 
File 'results/3d/adi3d/adi3d.f'
Lines executed:97.44% of 39
Branches executed:100.00% of 42
Taken at least once:95.24% of 42
Calls executed:91.18% of 34
Creating 'adi3d.f.gcov'

Lines executed:97.44% of 39

--------------------------------------------------
GCOV file copied from ./adi3d.f.gcov to ./results\3d\adi3d\adi3d.f.gcov
Command: "../SAPFOR/_bin/Release/Sapfor_F.exe" -parse -spf "./results\3d\adi3d\adi3d.f"
Output: 
SAPFOR version is 2410, build date: Apr 23 2025 11:52:44, c++ version 201703
  parse file './results\3d\adi3d\adi3d.f'
  options: -spf 
files compilation order:
  ./results\3d\adi3d\adi3d.f
Parsing was completed successfully

--------------------------------------------------
Command: "../SAPFOR/_bin/Release/Sapfor_F.exe" -passN GET_STATS_FOR_PREDICTOR -keepDVM
Output: 
SAPFOR version is 2410, build date: Apr 23 2025 11:52:44, c++ version 201703
code for pass GET_STATS_FOR_PREDICTOR is 79
RUN PASS with name VERIFY_FUNC_DECL
  Analyzing: results\3d\adi3d\adi3d.f
PROFILE: time for this pass = 0.000000 sec (total 0.001000 sec)
RUN PASS with name FILE_LINE_INFO
  Analyzing: results\3d\adi3d\adi3d.f
  All lines in project 88
PROFILE: time for this pass = 0.000000 sec (total 0.001000 sec)
RUN PASS with name BUILD_INCLUDE_DEPENDENCIES
  Analyzing: results\3d\adi3d\adi3d.f
PROFILE: time for this pass = 0.000000 sec (total 0.001000 sec)
RUN PASS with name CORRECT_VAR_DECL
  Analyzing: results\3d\adi3d\adi3d.f
PROFILE: time for this pass = 0.000000 sec (total 0.002000 sec)
RUN PASS with name VERIFY_OPERATORS
  Analyzing: results\3d\adi3d\adi3d.f
PROFILE: time for this pass = 0.000000 sec (total 0.002000 sec)
RUN PASS with name VERIFY_ENDDO
  Analyzing: results\3d\adi3d\adi3d.f
PROFILE: time for this pass = 0.000000 sec (total 0.002000 sec)
RUN PASS with name VERIFY_INCLUDES
  Analyzing: results\3d\adi3d\adi3d.f
PROFILE: time for this pass = 0.000000 sec (total 0.002000 sec)
RUN PASS with name PREPROC_ALLOCATES
  Analyzing: results\3d\adi3d\adi3d.f
PROFILE: time for this pass = 0.000000 sec (total 0.002000 sec)
RUN PASS with name CHECK_PAR_REG_DIR
  Analyzing: results\3d\adi3d\adi3d.f
PROFILE: time for this pass = 0.000000 sec (total 0.002000 sec)
RUN PASS with name FILL_PARALLEL_REG_IR
  Analyzing: results\3d\adi3d\adi3d.f
PROFILE: time for this pass = 0.000000 sec (total 0.003000 sec)
RUN PASS with name GET_ALL_ARRAY_DECL
  Analyzing: results\3d\adi3d\adi3d.f
PROFILE: time for this pass = 0.000000 sec (total 0.003000 sec)
RUN PASS with name FILL_COMMON_BLOCKS
  Analyzing: results\3d\adi3d\adi3d.f
PROFILE: time for this pass = 0.000000 sec (total 0.003000 sec)
RUN PASS with name PARSE_OMP_DIRS
  Analyzing: results\3d\adi3d\adi3d.f
PROFILE: time for this pass = 0.000000 sec (total 0.004000 sec)
RUN PASS with name PREPROC_SPF
  Analyzing: results\3d\adi3d\adi3d.f
PROFILE: time for this pass = 0.000000 sec (total 0.004000 sec)
RUN PASS with name CREATE_INTER_TREE
  Analyzing: results\3d\adi3d\adi3d.f
PROFILE: time for this pass = 0.000000 sec (total 0.005000 sec)
RUN PASS with name GCOV_PARSER
  Analyzing: results\3d\adi3d\adi3d.f
   Error: unable to open file statistic.txt
PROFILE: time for this pass = 0.000000 sec (total 0.005000 sec)
RUN PASS with name VERIFY_FORMAT
  Analyzing: results\3d\adi3d\adi3d.f
PROFILE: time for this pass = 0.000000 sec (total 0.005000 sec)
RUN PASS with name VERIFY_DVM_DIRS
  Analyzing: results\3d\adi3d\adi3d.f
PROFILE: time for this pass = 0.000000 sec (total 0.005000 sec)
RUN PASS with name PRIVATE_CALL_GRAPH_STAGE1
  Analyzing: results\3d\adi3d\adi3d.f
PROFILE: time for this pass = 0.000000 sec (total 0.005000 sec)
RUN PASS with name PRIVATE_CALL_GRAPH_STAGE2
  Analyzing: results\3d\adi3d\adi3d.f
PROFILE: time for this pass = 0.000000 sec (total 0.006000 sec)
RUN PASS with name MACRO_EXPANSION
  Analyzing: results\3d\adi3d\adi3d.f
PROFILE: time for this pass = 0.000000 sec (total 0.006000 sec)
RUN PASS with name CONVERT_ASSIGN_TO_LOOP
  Analyzing: results\3d\adi3d\adi3d.f
PROFILE: time for this pass = 0.000000 sec (total 0.006000 sec)
RUN PASS with name DEF_USE_STAGE1
  Analyzing: results\3d\adi3d\adi3d.f
PROFILE: time for this pass = 0.000000 sec (total 0.007000 sec)
RUN PASS with name DEF_USE_STAGE2
  Analyzing: results\3d\adi3d\adi3d.f
PROFILE: time for this pass = 0.000000 sec (total 0.007000 sec)
RUN PASS with name VERIFY_COMMON
  Analyzing: results\3d\adi3d\adi3d.f
PROFILE: time for this pass = 0.000000 sec (total 0.007000 sec)
RUN PASS with name CALL_GRAPH_IR
  Analyzing: results\3d\adi3d\adi3d.f
PROFILE: time for this pass = 0.000000 sec (total 0.007000 sec)
RUN PASS with name BUILD_IR
  Analyzing: results\3d\adi3d\adi3d.f
  count of functions 2, count of lvls 2
     RD time for 'init' function is 0.000 sec, iters 5

     RD time for 'adi' function is 0.000 sec, iters 6

PROFILE: time for this pass = 0.001000 sec (total 0.009000 sec)
RUN PASS with name SUBST_EXPR_RD
  Analyzing: results\3d\adi3d\adi3d.f
PROFILE: time for this pass = 0.000000 sec (total 0.009000 sec)
RUN PASS with name LOOP_GRAPH
  Analyzing: results\3d\adi3d\adi3d.f
PROFILE: time for this pass = 0.000000 sec (total 0.010000 sec)
RUN PASS with name CALL_GRAPH
  Analyzing: results\3d\adi3d\adi3d.f
PROFILE: time for this pass = 0.000000 sec (total 0.010000 sec)
RUN PASS with name CALL_GRAPH2
  Analyzing: results\3d\adi3d\adi3d.f
  run for func adi
  run for func init
  added conflict messages to loop on line 11
PROFILE: time for this pass = 0.000000 sec (total 0.011000 sec)
RUN PASS with name GET_STATS_FOR_PREDICTOR
  Analyzing: results\3d\adi3d\adi3d.f
    PAR LOOP [16 results\3d\adi3d\adi3d.f] total exec 16796043700, total exec lines 6, avg 2.7993406166666665e+09
    PAR LOOP [24 results\3d\adi3d\adi3d.f] total exec 16796043700, total exec lines 6, avg 2.7993406166666665e+09
    PAR LOOP [33 results\3d\adi3d\adi3d.f] total exec 22370340500, total exec lines 7, avg 3.1957629285714288e+09
    PAR LOOP [74 results\3d\adi3d\adi3d.f] total exec 340772739, total exec lines 10, avg 3.4077273899999999e+07
    average_parallel_exec 1.9414896772068965e+09
    parallel_rate 9.9999794154221944e-01
PROFILE: time for this pass = 0.002000 sec (total 0.014000 sec)

--------------------------------------------------
INFO.JSON file copied from ./info.json to ./results\3d\adi3d\info.json

==================================================
Processing of adi3d.f completed successfully at 2025-05-06 00:24:30
