=== Processing file: rem12.f ===
Date and time: 2025-04-23 11:56:01
Dimension: 1d
==================================================

Copied ./sources\1d\rem12.f to ./results\1d\rem12\rem12.f
Command: gfortran -O3 -g -fprofile-arcs -ftest-coverage "./results\1d\rem12\rem12.f" -o "./results\1d\rem12\rem12"
Output: 

--------------------------------------------------
Command: "./results\1d\rem12\rem12"
Output: 
 ===START OF REM12========================
 REM1201  -  complete
 REM1202  -  complete
 REM1203  -  complete
 REM1204  -  complete
 REM1205  -  complete
 REM1206  -  complete
 REM1207  -  complete
 REM1208  -  complete
 REM1209  -  complete
 REM1210  -  complete
 REM1211  -  complete
 REM1212  -  complete
 === END OF REM12 ========================= 

--------------------------------------------------
Command: gcov -b "./results\1d\rem12\rem12.f"
Output: 
File 'results/1d/rem12/rem12.f'
Lines executed:92.31% of 221
Branches executed:99.23% of 260
Taken at least once:64.62% of 260
Calls executed:29.60% of 125
Creating 'rem12.f.gcov'

Lines executed:92.31% of 221

--------------------------------------------------
GCOV file copied from ./rem12.f.gcov to ./results\1d\rem12\rem12.f.gcov
Command: "../SAPFOR/_bin/Release/Sapfor_F.exe" -parse -spf "./results\1d\rem12\rem12.f"
Output: 
SAPFOR version is 2410, build date: Apr 23 2025 11:52:44, c++ version 201703
  parse file './results\1d\rem12\rem12.f'
  options: -spf 
files compilation order:
  ./results\1d\rem12\rem12.f
Parsing was completed successfully

--------------------------------------------------
Command: "../SAPFOR/_bin/Release/Sapfor_F.exe" -passN GET_STATS_FOR_PREDICTOR -keepDVM
Output: 
SAPFOR version is 2410, build date: Apr 23 2025 11:52:44, c++ version 201703
code for pass GET_STATS_FOR_PREDICTOR is 79
RUN PASS with name VERIFY_FUNC_DECL
  Analyzing: results\1d\rem12\rem12.f
PROFILE: time for this pass = 0.000000 sec (total 0.002000 sec)
RUN PASS with name FILE_LINE_INFO
  Analyzing: results\1d\rem12\rem12.f
  All lines in project 533
PROFILE: time for this pass = 0.000000 sec (total 0.003000 sec)
RUN PASS with name BUILD_INCLUDE_DEPENDENCIES
  Analyzing: results\1d\rem12\rem12.f
PROFILE: time for this pass = 0.000000 sec (total 0.003000 sec)
RUN PASS with name CORRECT_VAR_DECL
  Analyzing: results\1d\rem12\rem12.f
PROFILE: time for this pass = 0.000000 sec (total 0.003000 sec)
RUN PASS with name VERIFY_OPERATORS
  Analyzing: results\1d\rem12\rem12.f
PROFILE: time for this pass = 0.000000 sec (total 0.004000 sec)
RUN PASS with name VERIFY_ENDDO
  Analyzing: results\1d\rem12\rem12.f
PROFILE: time for this pass = 0.000000 sec (total 0.004000 sec)
RUN PASS with name VERIFY_INCLUDES
  Analyzing: results\1d\rem12\rem12.f
PROFILE: time for this pass = 0.000000 sec (total 0.005000 sec)
RUN PASS with name PREPROC_ALLOCATES
  Analyzing: results\1d\rem12\rem12.f
  attribute (49 results\1d\rem12\rem12.f) is added to declaration on line 41 of results\1d\rem12\rem12.f file
  attribute (69 results\1d\rem12\rem12.f) is added to declaration on line 41 of results\1d\rem12\rem12.f file
  attribute (83 results\1d\rem12\rem12.f) is added to declaration on line 75 of results\1d\rem12\rem12.f file
  attribute (101 results\1d\rem12\rem12.f) is added to declaration on line 75 of results\1d\rem12\rem12.f file
  attribute (116 results\1d\rem12\rem12.f) is added to declaration on line 108 of results\1d\rem12\rem12.f file
  attribute (135 results\1d\rem12\rem12.f) is added to declaration on line 108 of results\1d\rem12\rem12.f file
  attribute (149 results\1d\rem12\rem12.f) is added to declaration on line 141 of results\1d\rem12\rem12.f file
  attribute (174 results\1d\rem12\rem12.f) is added to declaration on line 141 of results\1d\rem12\rem12.f file
  attribute (190 results\1d\rem12\rem12.f) is added to declaration on line 181 of results\1d\rem12\rem12.f file
  attribute (215 results\1d\rem12\rem12.f) is added to declaration on line 181 of results\1d\rem12\rem12.f file
  attribute (230 results\1d\rem12\rem12.f) is added to declaration on line 222 of results\1d\rem12\rem12.f file
  attribute (259 results\1d\rem12\rem12.f) is added to declaration on line 222 of results\1d\rem12\rem12.f file
  attribute (273 results\1d\rem12\rem12.f) is added to declaration on line 265 of results\1d\rem12\rem12.f file
  attribute (300 results\1d\rem12\rem12.f) is added to declaration on line 265 of results\1d\rem12\rem12.f file
  attribute (315 results\1d\rem12\rem12.f) is added to declaration on line 307 of results\1d\rem12\rem12.f file
  attribute (341 results\1d\rem12\rem12.f) is added to declaration on line 307 of results\1d\rem12\rem12.f file
  attribute (356 results\1d\rem12\rem12.f) is added to declaration on line 348 of results\1d\rem12\rem12.f file
  attribute (383 results\1d\rem12\rem12.f) is added to declaration on line 348 of results\1d\rem12\rem12.f file
  attribute (398 results\1d\rem12\rem12.f) is added to declaration on line 390 of results\1d\rem12\rem12.f file
  attribute (427 results\1d\rem12\rem12.f) is added to declaration on line 390 of results\1d\rem12\rem12.f file
  attribute (442 results\1d\rem12\rem12.f) is added to declaration on line 434 of results\1d\rem12\rem12.f file
  attribute (469 results\1d\rem12\rem12.f) is added to declaration on line 434 of results\1d\rem12\rem12.f file
  attribute (485 results\1d\rem12\rem12.f) is added to declaration on line 477 of results\1d\rem12\rem12.f file
  attribute (513 results\1d\rem12\rem12.f) is added to declaration on line 477 of results\1d\rem12\rem12.f file
PROFILE: time for this pass = 0.000000 sec (total 0.006000 sec)
RUN PASS with name CHECK_PAR_REG_DIR
  Analyzing: results\1d\rem12\rem12.f
PROFILE: time for this pass = 0.000000 sec (total 0.006000 sec)
RUN PASS with name FILL_PARALLEL_REG_IR
  Analyzing: results\1d\rem12\rem12.f
PROFILE: time for this pass = 0.001000 sec (total 0.007000 sec)
RUN PASS with name GET_ALL_ARRAY_DECL
  Analyzing: results\1d\rem12\rem12.f
PROFILE: time for this pass = 0.004000 sec (total 0.011000 sec)
RUN PASS with name FILL_COMMON_BLOCKS
  Analyzing: results\1d\rem12\rem12.f
PROFILE: time for this pass = 0.000000 sec (total 0.012000 sec)
RUN PASS with name PARSE_OMP_DIRS
  Analyzing: results\1d\rem12\rem12.f
PROFILE: time for this pass = 0.000000 sec (total 0.012000 sec)
RUN PASS with name PREPROC_SPF
  Analyzing: results\1d\rem12\rem12.f
PROFILE: time for this pass = 0.000000 sec (total 0.013000 sec)
RUN PASS with name CREATE_INTER_TREE
  Analyzing: results\1d\rem12\rem12.f
PROFILE: time for this pass = 0.001000 sec (total 0.014000 sec)
RUN PASS with name GCOV_PARSER
  Analyzing: results\1d\rem12\rem12.f
   Error: unable to open file statistic.txt
PROFILE: time for this pass = 0.001000 sec (total 0.016000 sec)
RUN PASS with name VERIFY_FORMAT
  Analyzing: results\1d\rem12\rem12.f
PROFILE: time for this pass = 0.000000 sec (total 0.016000 sec)
RUN PASS with name VERIFY_DVM_DIRS
  Analyzing: results\1d\rem12\rem12.f
PROFILE: time for this pass = 0.000000 sec (total 0.016000 sec)
RUN PASS with name PRIVATE_CALL_GRAPH_STAGE1
  Analyzing: results\1d\rem12\rem12.f
PROFILE: time for this pass = 0.000000 sec (total 0.017000 sec)
RUN PASS with name PRIVATE_CALL_GRAPH_STAGE2
  Analyzing: results\1d\rem12\rem12.f
PROFILE: time for this pass = 0.000000 sec (total 0.017000 sec)
RUN PASS with name MACRO_EXPANSION
  Analyzing: results\1d\rem12\rem12.f
PROFILE: time for this pass = 0.000000 sec (total 0.018000 sec)
RUN PASS with name CONVERT_ASSIGN_TO_LOOP
  Analyzing: results\1d\rem12\rem12.f
PROFILE: time for this pass = 0.000000 sec (total 0.018000 sec)
RUN PASS with name DEF_USE_STAGE1
  Analyzing: results\1d\rem12\rem12.f
PROFILE: time for this pass = 0.003000 sec (total 0.021000 sec)
RUN PASS with name DEF_USE_STAGE2
  Analyzing: results\1d\rem12\rem12.f
PROFILE: time for this pass = 0.000000 sec (total 0.022000 sec)
RUN PASS with name VERIFY_COMMON
  Analyzing: results\1d\rem12\rem12.f
PROFILE: time for this pass = 0.000000 sec (total 0.022000 sec)
RUN PASS with name CALL_GRAPH_IR
  Analyzing: results\1d\rem12\rem12.f
PROFILE: time for this pass = 0.002000 sec (total 0.025000 sec)
RUN PASS with name BUILD_IR
  Analyzing: results\1d\rem12\rem12.f
  count of functions 16, count of lvls 3
     RD time for 'serial1' function is 0.000 sec, iters 3
     RD time for 'ansyes' function is 0.000 sec, iters 1
     RD time for 'ansno' function is 0.000 sec, iters 1

     RD time for 'rem1205' function is 0.000 sec, iters 3
     RD time for 'rem1207' function is 0.000 sec, iters 3
     RD time for 'rem1209' function is 0.000 sec, iters 3
     RD time for 'rem1201' function is 0.000 sec, iters 3
     RD time for 'rem1202' function is 0.000 sec, iters 3
     RD time for 'rem1206' function is 0.000 sec, iters 3
     RD time for 'rem1203' function is 0.000 sec, iters 3
     RD time for 'rem1208' function is 0.000 sec, iters 3
     RD time for 'rem1210' function is 0.000 sec, iters 3
     RD time for 'rem1211' function is 0.000 sec, iters 3
     RD time for 'rem1212' function is 0.000 sec, iters 3
     RD time for 'rem1204' function is 0.000 sec, iters 3

     RD time for 'rem12' function is 0.000 sec, iters 1

PROFILE: time for this pass = 0.003000 sec (total 0.029000 sec)
RUN PASS with name SUBST_EXPR_RD
  Analyzing: results\1d\rem12\rem12.f
PROFILE: time for this pass = 0.002000 sec (total 0.031000 sec)
RUN PASS with name LOOP_GRAPH
  Analyzing: results\1d\rem12\rem12.f
PROFILE: time for this pass = 0.001000 sec (total 0.032000 sec)
RUN PASS with name CALL_GRAPH
  Analyzing: results\1d\rem12\rem12.f
PROFILE: time for this pass = 0.003000 sec (total 0.036000 sec)
RUN PASS with name CALL_GRAPH2
  Analyzing: results\1d\rem12\rem12.f
  run for func rem12
  run for func rem1201
  run for func rem1202
  run for func rem1203
  run for func rem1204
  run for func rem1205
  run for func rem1206
  run for func rem1207
  run for func rem1208
  run for func rem1209
  run for func rem1210
  run for func rem1211
  run for func rem1212
  run for func serial1
  run for func ansyes
  run for func ansno
PROFILE: time for this pass = 0.001000 sec (total 0.038000 sec)
RUN PASS with name GET_STATS_FOR_PREDICTOR
  Analyzing: results\1d\rem12\rem12.f
    PAR LOOP [56 results\1d\rem12\rem12.f] total exec 34, total exec lines 2, avg 1.7000000000000000e+01
    PAR LOOP [89 results\1d\rem12\rem12.f] total exec 34, total exec lines 2, avg 1.7000000000000000e+01
    PAR LOOP [123 results\1d\rem12\rem12.f] total exec 34, total exec lines 2, avg 1.7000000000000000e+01
    PAR LOOP [158 results\1d\rem12\rem12.f] total exec 34, total exec lines 2, avg 1.7000000000000000e+01
    PAR LOOP [199 results\1d\rem12\rem12.f] total exec 34, total exec lines 2, avg 1.7000000000000000e+01
    PAR LOOP [241 results\1d\rem12\rem12.f] total exec 34, total exec lines 2, avg 1.7000000000000000e+01
    PAR LOOP [280 results\1d\rem12\rem12.f] total exec 34, total exec lines 2, avg 1.7000000000000000e+01
    PAR LOOP [285 results\1d\rem12\rem12.f] total exec 34, total exec lines 2, avg 1.7000000000000000e+01
    PAR LOOP [290 results\1d\rem12\rem12.f] total exec 51, total exec lines 3, avg 1.7000000000000000e+01
    PAR LOOP [321 results\1d\rem12\rem12.f] total exec 34, total exec lines 2, avg 1.7000000000000000e+01
    PAR LOOP [326 results\1d\rem12\rem12.f] total exec 34, total exec lines 2, avg 1.7000000000000000e+01
    PAR LOOP [331 results\1d\rem12\rem12.f] total exec 51, total exec lines 3, avg 1.7000000000000000e+01
    PAR LOOP [362 results\1d\rem12\rem12.f] total exec 34, total exec lines 2, avg 1.7000000000000000e+01
    PAR LOOP [367 results\1d\rem12\rem12.f] total exec 34, total exec lines 2, avg 1.7000000000000000e+01
    PAR LOOP [372 results\1d\rem12\rem12.f] total exec 51, total exec lines 3, avg 1.7000000000000000e+01
    PAR LOOP [404 results\1d\rem12\rem12.f] total exec 34, total exec lines 2, avg 1.7000000000000000e+01
    PAR LOOP [410 results\1d\rem12\rem12.f] total exec 34, total exec lines 2, avg 1.7000000000000000e+01
    PAR LOOP [415 results\1d\rem12\rem12.f] total exec 51, total exec lines 3, avg 1.7000000000000000e+01
    PAR LOOP [449 results\1d\rem12\rem12.f] total exec 34, total exec lines 2, avg 1.7000000000000000e+01
    PAR LOOP [454 results\1d\rem12\rem12.f] total exec 34, total exec lines 2, avg 1.7000000000000000e+01
    PAR LOOP [459 results\1d\rem12\rem12.f] total exec 51, total exec lines 3, avg 1.7000000000000000e+01
    PAR LOOP [493 results\1d\rem12\rem12.f] total exec 34, total exec lines 2, avg 1.7000000000000000e+01
    PAR LOOP [498 results\1d\rem12\rem12.f] total exec 12, total exec lines 2, avg 6.0000000000000000e+00
    PAR LOOP [503 results\1d\rem12\rem12.f] total exec 18, total exec lines 3, avg 6.0000000000000000e+00
    average_parallel_exec 1.5981481481481481e+01
    parallel_rate 3.3790133124510574e-01
PROFILE: time for this pass = 0.010000 sec (total 0.048000 sec)

--------------------------------------------------
INFO.JSON file copied from ./info.json to ./results\1d\rem12\info.json

==================================================
Processing of rem12.f completed successfully at 2025-04-23 11:56:02
