=== Processing file: type21.f ===
Date and time: 2025-05-06 00:24:07
Dimension: 2d
==================================================

Copied ./sources\2d\type21.f to ./results\2d\type21\type21.f
Command: gfortran -O3 -g -fprofile-arcs -ftest-coverage "./results\2d\type21\type21.f" -o "./results\2d\type21\type21"
Output: 

--------------------------------------------------
Command: "./results\2d\type21\type21"
Output: 
 ====== START OF TYPE21 ==========
 type21 - complete
 === END OF TYPE21 =======================

--------------------------------------------------
Command: gcov -b "./results\2d\type21\type21.f"
Output: 
File 'results/2d/type21/type21.f'
Lines executed:87.50% of 32
Branches executed:100.00% of 40
Taken at least once:87.50% of 40
Calls executed:80.00% of 15
Creating 'type21.f.gcov'

Lines executed:87.50% of 32

--------------------------------------------------
GCOV file copied from ./type21.f.gcov to ./results\2d\type21\type21.f.gcov
Command: "../SAPFOR/_bin/Release/Sapfor_F.exe" -parse -spf "./results\2d\type21\type21.f"
Output: 
SAPFOR version is 2410, build date: Apr 23 2025 11:52:44, c++ version 201703
  parse file './results\2d\type21\type21.f'
  options: -spf 
files compilation order:
  ./results\2d\type21\type21.f
Parsing was completed successfully

--------------------------------------------------
Command: "../SAPFOR/_bin/Release/Sapfor_F.exe" -passN GET_STATS_FOR_PREDICTOR -keepDVM
Output: 
SAPFOR version is 2410, build date: Apr 23 2025 11:52:44, c++ version 201703
code for pass GET_STATS_FOR_PREDICTOR is 79
RUN PASS with name VERIFY_FUNC_DECL
  Analyzing: results\2d\type21\type21.f
PROFILE: time for this pass = 0.000000 sec (total 0.001000 sec)
RUN PASS with name FILE_LINE_INFO
  Analyzing: results\2d\type21\type21.f
  All lines in project 88
PROFILE: time for this pass = 0.000000 sec (total 0.001000 sec)
RUN PASS with name BUILD_INCLUDE_DEPENDENCIES
  Analyzing: results\2d\type21\type21.f
PROFILE: time for this pass = 0.000000 sec (total 0.001000 sec)
RUN PASS with name CORRECT_VAR_DECL
  Analyzing: results\2d\type21\type21.f
PROFILE: time for this pass = 0.000000 sec (total 0.001000 sec)
RUN PASS with name VERIFY_OPERATORS
  Analyzing: results\2d\type21\type21.f
exception occurred
ERROR - [#1027: results\2d\type21\type21.f: line 30]: More than one operator found on a line, try to run Code correction pass
ERROR - [#1027: results\2d\type21\type21.f: line 31]: More than one operator found on a line, try to run Code correction pass
ERROR - [#1027: results\2d\type21\type21.f: line 55]: More than one operator found on a line, try to run Code correction pass
ERROR - [#1027: results\2d\type21\type21.f: line 55]: More than one operator found on a line, try to run Code correction pass

--------------------------------------------------
INFO.JSON file copied from ./info.json to ./results\2d\type21\info.json

==================================================
Processing of type21.f completed successfully at 2025-05-06 00:24:08
