=== Processing file: align22.f ===
Date and time: 2025-05-06 00:23:05
Dimension: 2d
==================================================

Copied ./sources\2d\align22.f to ./results\2d\align22\align22.f
Command: gfortran -O3 -g -fprofile-arcs -ftest-coverage "./results\2d\align22\align22.f" -o "./results\2d\align22\align22"
Output: 

--------------------------------------------------
Command: "./results\2d\align22\align22"
Output: 
 ===START OF align22========================
 align221   -  complete
 align222   -  complete
 align223   -  complete
 align225   -  complete
 align2251  -  complete
 align226   -  complete
 align227   -  complete
 === END OF align22 ========================= 

--------------------------------------------------
Command: gcov -b "./results\2d\align22\align22.f"
Output: 
File 'results/2d/align22/align22.f'
Lines executed:78.28% of 244
Branches executed:88.29% of 222
Taken at least once:66.22% of 222
Calls executed:37.50% of 72
Creating 'align22.f.gcov'

Lines executed:78.28% of 244

--------------------------------------------------
GCOV file copied from ./align22.f.gcov to ./results\2d\align22\align22.f.gcov
Command: "../SAPFOR/_bin/Release/Sapfor_F.exe" -parse -spf "./results\2d\align22\align22.f"
Output: 
SAPFOR version is 2410, build date: Apr 23 2025 11:52:44, c++ version 201703
  parse file './results\2d\align22\align22.f'
  options: -spf 
files compilation order:
  ./results\2d\align22\align22.f
Parsing was completed successfully

--------------------------------------------------
Command: "../SAPFOR/_bin/Release/Sapfor_F.exe" -passN GET_STATS_FOR_PREDICTOR -keepDVM
Output: 
SAPFOR version is 2410, build date: Apr 23 2025 11:52:44, c++ version 201703
code for pass GET_STATS_FOR_PREDICTOR is 79
RUN PASS with name VERIFY_FUNC_DECL
  Analyzing: results\2d\align22\align22.f
PROFILE: time for this pass = 0.000000 sec (total 0.002000 sec)
RUN PASS with name FILE_LINE_INFO
  Analyzing: results\2d\align22\align22.f
  All lines in project 598
PROFILE: time for this pass = 0.000000 sec (total 0.003000 sec)
RUN PASS with name BUILD_INCLUDE_DEPENDENCIES
  Analyzing: results\2d\align22\align22.f
PROFILE: time for this pass = 0.000000 sec (total 0.004000 sec)
RUN PASS with name CORRECT_VAR_DECL
  Analyzing: results\2d\align22\align22.f
PROFILE: time for this pass = 0.000000 sec (total 0.004000 sec)
RUN PASS with name VERIFY_OPERATORS
  Analyzing: results\2d\align22\align22.f
PROFILE: time for this pass = 0.000000 sec (total 0.005000 sec)
RUN PASS with name VERIFY_ENDDO
  Analyzing: results\2d\align22\align22.f
PROFILE: time for this pass = 0.000000 sec (total 0.005000 sec)
RUN PASS with name VERIFY_INCLUDES
  Analyzing: results\2d\align22\align22.f
PROFILE: time for this pass = 0.000000 sec (total 0.006000 sec)
RUN PASS with name PREPROC_ALLOCATES
  Analyzing: results\2d\align22\align22.f
  attribute (46 results\2d\align22\align22.f) is added to declaration on line 39 of results\2d\align22\align22.f file
  attribute (91 results\2d\align22\align22.f) is added to declaration on line 39 of results\2d\align22\align22.f file
  attribute (109 results\2d\align22\align22.f) is added to declaration on line 102 of results\2d\align22\align22.f file
  attribute (160 results\2d\align22\align22.f) is added to declaration on line 102 of results\2d\align22\align22.f file
  attribute (178 results\2d\align22\align22.f) is added to declaration on line 170 of results\2d\align22\align22.f file
  attribute (231 results\2d\align22\align22.f) is added to declaration on line 170 of results\2d\align22\align22.f file
  attribute (249 results\2d\align22\align22.f) is added to declaration on line 241 of results\2d\align22\align22.f file
  attribute (303 results\2d\align22\align22.f) is added to declaration on line 241 of results\2d\align22\align22.f file
  attribute (321 results\2d\align22\align22.f) is added to declaration on line 313 of results\2d\align22\align22.f file
  attribute (374 results\2d\align22\align22.f) is added to declaration on line 313 of results\2d\align22\align22.f file
  attribute (391 results\2d\align22\align22.f) is added to declaration on line 383 of results\2d\align22\align22.f file
  attribute (444 results\2d\align22\align22.f) is added to declaration on line 383 of results\2d\align22\align22.f file
  attribute (461 results\2d\align22\align22.f) is added to declaration on line 453 of results\2d\align22\align22.f file
  attribute (514 results\2d\align22\align22.f) is added to declaration on line 453 of results\2d\align22\align22.f file
  attribute (532 results\2d\align22\align22.f) is added to declaration on line 525 of results\2d\align22\align22.f file
  attribute (585 results\2d\align22\align22.f) is added to declaration on line 525 of results\2d\align22\align22.f file
PROFILE: time for this pass = 0.000000 sec (total 0.007000 sec)
RUN PASS with name CHECK_PAR_REG_DIR
  Analyzing: results\2d\align22\align22.f
PROFILE: time for this pass = 0.000000 sec (total 0.007000 sec)
RUN PASS with name FILL_PARALLEL_REG_IR
  Analyzing: results\2d\align22\align22.f
PROFILE: time for this pass = 0.000000 sec (total 0.008000 sec)
RUN PASS with name GET_ALL_ARRAY_DECL
  Analyzing: results\2d\align22\align22.f
PROFILE: time for this pass = 0.002000 sec (total 0.011000 sec)
RUN PASS with name FILL_COMMON_BLOCKS
  Analyzing: results\2d\align22\align22.f
PROFILE: time for this pass = 0.000000 sec (total 0.011000 sec)
RUN PASS with name PARSE_OMP_DIRS
  Analyzing: results\2d\align22\align22.f
PROFILE: time for this pass = 0.000000 sec (total 0.012000 sec)
RUN PASS with name PREPROC_SPF
  Analyzing: results\2d\align22\align22.f
PROFILE: time for this pass = 0.000000 sec (total 0.013000 sec)
RUN PASS with name CREATE_INTER_TREE
  Analyzing: results\2d\align22\align22.f
PROFILE: time for this pass = 0.002000 sec (total 0.015000 sec)
RUN PASS with name GCOV_PARSER
  Analyzing: results\2d\align22\align22.f
   Error: unable to open file statistic.txt
PROFILE: time for this pass = 0.001000 sec (total 0.017000 sec)
RUN PASS with name VERIFY_FORMAT
  Analyzing: results\2d\align22\align22.f
PROFILE: time for this pass = 0.000000 sec (total 0.017000 sec)
RUN PASS with name VERIFY_DVM_DIRS
  Analyzing: results\2d\align22\align22.f
PROFILE: time for this pass = 0.000000 sec (total 0.017000 sec)
RUN PASS with name PRIVATE_CALL_GRAPH_STAGE1
  Analyzing: results\2d\align22\align22.f
PROFILE: time for this pass = 0.000000 sec (total 0.018000 sec)
RUN PASS with name PRIVATE_CALL_GRAPH_STAGE2
  Analyzing: results\2d\align22\align22.f
PROFILE: time for this pass = 0.000000 sec (total 0.019000 sec)
RUN PASS with name MACRO_EXPANSION
  Analyzing: results\2d\align22\align22.f
PROFILE: time for this pass = 0.000000 sec (total 0.019000 sec)
RUN PASS with name CONVERT_ASSIGN_TO_LOOP
  Analyzing: results\2d\align22\align22.f
PROFILE: time for this pass = 0.000000 sec (total 0.020000 sec)
RUN PASS with name DEF_USE_STAGE1
  Analyzing: results\2d\align22\align22.f
PROFILE: time for this pass = 0.001000 sec (total 0.021000 sec)
RUN PASS with name DEF_USE_STAGE2
  Analyzing: results\2d\align22\align22.f
PROFILE: time for this pass = 0.000000 sec (total 0.021000 sec)
RUN PASS with name VERIFY_COMMON
  Analyzing: results\2d\align22\align22.f
PROFILE: time for this pass = 0.000000 sec (total 0.022000 sec)
RUN PASS with name CALL_GRAPH_IR
  Analyzing: results\2d\align22\align22.f
PROFILE: time for this pass = 0.001000 sec (total 0.023000 sec)
RUN PASS with name BUILD_IR
  Analyzing: results\2d\align22\align22.f
  count of functions 11, count of lvls 3
     RD time for 'align224' function is 0.000 sec, iters 4
     RD time for 'ansyes' function is 0.000 sec, iters 1
     RD time for 'ansno' function is 0.000 sec, iters 1

     RD time for 'align221' function is 0.000 sec, iters 4
     RD time for 'align222' function is 0.000 sec, iters 4
     RD time for 'align223' function is 0.000 sec, iters 4
     RD time for 'align225' function is 0.000 sec, iters 4
     RD time for 'align226' function is 0.000 sec, iters 4
     RD time for 'align2251' function is 0.000 sec, iters 4
     RD time for 'align227' function is 0.000 sec, iters 4

     RD time for 'align22' function is 0.000 sec, iters 1

PROFILE: time for this pass = 0.006000 sec (total 0.029000 sec)
RUN PASS with name SUBST_EXPR_RD
  Analyzing: results\2d\align22\align22.f
PROFILE: time for this pass = 0.003000 sec (total 0.033000 sec)
RUN PASS with name LOOP_GRAPH
  Analyzing: results\2d\align22\align22.f
PROFILE: time for this pass = 0.002000 sec (total 0.035000 sec)
RUN PASS with name CALL_GRAPH
  Analyzing: results\2d\align22\align22.f
PROFILE: time for this pass = 0.002000 sec (total 0.038000 sec)
RUN PASS with name CALL_GRAPH2
  Analyzing: results\2d\align22\align22.f
  run for func align22
  run for func align221
  run for func align222
  run for func align223
  run for func align224
  run for func align225
  run for func align2251
  run for func align226
  run for func align227
  run for func ansyes
  run for func ansno
PROFILE: time for this pass = 0.001000 sec (total 0.040000 sec)
RUN PASS with name GET_STATS_FOR_PREDICTOR
  Analyzing: results\2d\align22\align22.f
    PAR LOOP [53 results\2d\align22\align22.f] total exec 227, total exec lines 4, avg 5.6750000000000000e+01
    PAR LOOP [60 results\2d\align22\align22.f] total exec 291, total exec lines 5, avg 5.8200000000000003e+01
    PAR LOOP [68 results\2d\align22\align22.f] total exec 691, total exec lines 13, avg 5.3153846153846153e+01
    PAR LOOP [116 results\2d\align22\align22.f] total exec 131, total exec lines 4, avg 3.2750000000000000e+01
    PAR LOOP [123 results\2d\align22\align22.f] total exec 443, total exec lines 9, avg 4.9222222222222221e+01
    PAR LOOP [138 results\2d\align22\align22.f] total exec 371, total exec lines 13, avg 2.8538461538461540e+01
    PAR LOOP [185 results\2d\align22\align22.f] total exec 115, total exec lines 4, avg 2.8750000000000000e+01
    PAR LOOP [192 results\2d\align22\align22.f] total exec 443, total exec lines 9, avg 4.9222222222222221e+01
    PAR LOOP [209 results\2d\align22\align22.f] total exec 347, total exec lines 13, avg 2.6692307692307693e+01
    PAR LOOP [328 results\2d\align22\align22.f] total exec 67, total exec lines 4, avg 1.6750000000000000e+01
    PAR LOOP [335 results\2d\align22\align22.f] total exec 395, total exec lines 9, avg 4.3888888888888886e+01
    PAR LOOP [352 results\2d\align22\align22.f] total exec 187, total exec lines 13, avg 1.4384615384615385e+01
    PAR LOOP [398 results\2d\align22\align22.f] total exec 23, total exec lines 4, avg 5.7500000000000000e+00
    PAR LOOP [405 results\2d\align22\align22.f] total exec 84, total exec lines 9, avg 9.3333333333333339e+00
    PAR LOOP [422 results\2d\align22\align22.f] total exec 55, total exec lines 13, avg 4.2307692307692308e+00
    PAR LOOP [468 results\2d\align22\align22.f] total exec 67, total exec lines 4, avg 1.6750000000000000e+01
    PAR LOOP [475 results\2d\align22\align22.f] total exec 119, total exec lines 9, avg 1.3222222222222221e+01
    PAR LOOP [492 results\2d\align22\align22.f] total exec 187, total exec lines 13, avg 1.4384615384615385e+01
    PAR LOOP [539 results\2d\align22\align22.f] total exec 67, total exec lines 4, avg 1.6750000000000000e+01
    PAR LOOP [546 results\2d\align22\align22.f] total exec 395, total exec lines 9, avg 4.3888888888888886e+01
    PAR LOOP [563 results\2d\align22\align22.f] total exec 187, total exec lines 13, avg 1.4384615384615385e+01
    average_parallel_exec 2.7483146067415731e+01
    parallel_rate 9.5435037065938355e-01
PROFILE: time for this pass = 0.021000 sec (total 0.061000 sec)

--------------------------------------------------
INFO.JSON file copied from ./info.json to ./results\2d\align22\info.json

==================================================
Processing of align22.f completed successfully at 2025-05-06 00:23:06
