=== Processing file: sh32.f ===
Date and time: 2025-05-06 00:26:19
Dimension: 3d
==================================================

Copied ./sources\3d\sh32.f to ./results\3d\sh32\sh32.f
Command: gfortran -O3 -g -fprofile-arcs -ftest-coverage "./results\3d\sh32\sh32.f" -o "./results\3d\sh32\sh32"
Output: 

--------------------------------------------------
Command: "./results\3d\sh32\sh32"
Output: 
 ===START OF SH32========================
 SH3201  -  complete
 SH3202  -  complete
 SH3203  -  complete
 SH3204  -  complete
 SH3205  -  complete
 SH3206  -  complete
 SH3207  -  complete
 SH3208  -  complete
 SH3209  -  complete
 === END OF SH32 ========================= 

--------------------------------------------------
Command: gcov -b "./results\3d\sh32\sh32.f"
Output: 
File 'results/3d/sh32/sh32.f'
Lines executed:86.78% of 295
Branches executed:100.00% of 312
Taken at least once:76.92% of 312
Calls executed:37.38% of 107
Creating 'sh32.f.gcov'

Lines executed:86.78% of 295

--------------------------------------------------
GCOV file copied from ./sh32.f.gcov to ./results\3d\sh32\sh32.f.gcov
Command: "../SAPFOR/_bin/Release/Sapfor_F.exe" -parse -spf "./results\3d\sh32\sh32.f"
Output: 
SAPFOR version is 2410, build date: Apr 23 2025 11:52:44, c++ version 201703
  parse file './results\3d\sh32\sh32.f'
  options: -spf 
files compilation order:
  ./results\3d\sh32\sh32.f
Parsing was completed successfully

--------------------------------------------------
Command: "../SAPFOR/_bin/Release/Sapfor_F.exe" -passN GET_STATS_FOR_PREDICTOR -keepDVM
Output: 
SAPFOR version is 2410, build date: Apr 23 2025 11:52:44, c++ version 201703
code for pass GET_STATS_FOR_PREDICTOR is 79
RUN PASS with name VERIFY_FUNC_DECL
  Analyzing: results\3d\sh32\sh32.f
PROFILE: time for this pass = 0.000000 sec (total 0.003000 sec)
RUN PASS with name FILE_LINE_INFO
  Analyzing: results\3d\sh32\sh32.f
  All lines in project 692
PROFILE: time for this pass = 0.000000 sec (total 0.004000 sec)
RUN PASS with name BUILD_INCLUDE_DEPENDENCIES
  Analyzing: results\3d\sh32\sh32.f
PROFILE: time for this pass = 0.000000 sec (total 0.005000 sec)
RUN PASS with name CORRECT_VAR_DECL
  Analyzing: results\3d\sh32\sh32.f
PROFILE: time for this pass = 0.000000 sec (total 0.006000 sec)
RUN PASS with name VERIFY_OPERATORS
  Analyzing: results\3d\sh32\sh32.f
PROFILE: time for this pass = 0.000000 sec (total 0.007000 sec)
RUN PASS with name VERIFY_ENDDO
  Analyzing: results\3d\sh32\sh32.f
PROFILE: time for this pass = 0.000000 sec (total 0.007000 sec)
RUN PASS with name VERIFY_INCLUDES
  Analyzing: results\3d\sh32\sh32.f
PROFILE: time for this pass = 0.000000 sec (total 0.008000 sec)
RUN PASS with name PREPROC_ALLOCATES
  Analyzing: results\3d\sh32\sh32.f
  attribute (43 results\3d\sh32\sh32.f) is added to declaration on line 35 of results\3d\sh32\sh32.f file
  attribute (100 results\3d\sh32\sh32.f) is added to declaration on line 35 of results\3d\sh32\sh32.f file
  attribute (115 results\3d\sh32\sh32.f) is added to declaration on line 106 of results\3d\sh32\sh32.f file
  attribute (170 results\3d\sh32\sh32.f) is added to declaration on line 106 of results\3d\sh32\sh32.f file
  attribute (185 results\3d\sh32\sh32.f) is added to declaration on line 176 of results\3d\sh32\sh32.f file
  attribute (240 results\3d\sh32\sh32.f) is added to declaration on line 176 of results\3d\sh32\sh32.f file
  attribute (256 results\3d\sh32\sh32.f) is added to declaration on line 247 of results\3d\sh32\sh32.f file
  attribute (311 results\3d\sh32\sh32.f) is added to declaration on line 247 of results\3d\sh32\sh32.f file
  attribute (327 results\3d\sh32\sh32.f) is added to declaration on line 318 of results\3d\sh32\sh32.f file
  attribute (382 results\3d\sh32\sh32.f) is added to declaration on line 318 of results\3d\sh32\sh32.f file
  attribute (399 results\3d\sh32\sh32.f) is added to declaration on line 390 of results\3d\sh32\sh32.f file
  attribute (454 results\3d\sh32\sh32.f) is added to declaration on line 390 of results\3d\sh32\sh32.f file
  attribute (470 results\3d\sh32\sh32.f) is added to declaration on line 461 of results\3d\sh32\sh32.f file
  attribute (525 results\3d\sh32\sh32.f) is added to declaration on line 461 of results\3d\sh32\sh32.f file
  attribute (542 results\3d\sh32\sh32.f) is added to declaration on line 533 of results\3d\sh32\sh32.f file
  attribute (597 results\3d\sh32\sh32.f) is added to declaration on line 533 of results\3d\sh32\sh32.f file
  attribute (613 results\3d\sh32\sh32.f) is added to declaration on line 604 of results\3d\sh32\sh32.f file
  attribute (668 results\3d\sh32\sh32.f) is added to declaration on line 604 of results\3d\sh32\sh32.f file
PROFILE: time for this pass = 0.001000 sec (total 0.009000 sec)
RUN PASS with name CHECK_PAR_REG_DIR
  Analyzing: results\3d\sh32\sh32.f
PROFILE: time for this pass = 0.000000 sec (total 0.010000 sec)
RUN PASS with name FILL_PARALLEL_REG_IR
  Analyzing: results\3d\sh32\sh32.f
PROFILE: time for this pass = 0.001000 sec (total 0.012000 sec)
RUN PASS with name GET_ALL_ARRAY_DECL
  Analyzing: results\3d\sh32\sh32.f
PROFILE: time for this pass = 0.005000 sec (total 0.018000 sec)
RUN PASS with name FILL_COMMON_BLOCKS
  Analyzing: results\3d\sh32\sh32.f
PROFILE: time for this pass = 0.000000 sec (total 0.018000 sec)
RUN PASS with name PARSE_OMP_DIRS
  Analyzing: results\3d\sh32\sh32.f
PROFILE: time for this pass = 0.000000 sec (total 0.019000 sec)
RUN PASS with name PREPROC_SPF
  Analyzing: results\3d\sh32\sh32.f
PROFILE: time for this pass = 0.000000 sec (total 0.020000 sec)
RUN PASS with name CREATE_INTER_TREE
  Analyzing: results\3d\sh32\sh32.f
PROFILE: time for this pass = 0.003000 sec (total 0.024000 sec)
RUN PASS with name GCOV_PARSER
  Analyzing: results\3d\sh32\sh32.f
   Error: unable to open file statistic.txt
PROFILE: time for this pass = 0.001000 sec (total 0.026000 sec)
RUN PASS with name VERIFY_FORMAT
  Analyzing: results\3d\sh32\sh32.f
PROFILE: time for this pass = 0.000000 sec (total 0.026000 sec)
RUN PASS with name VERIFY_DVM_DIRS
  Analyzing: results\3d\sh32\sh32.f
PROFILE: time for this pass = 0.000000 sec (total 0.027000 sec)
RUN PASS with name PRIVATE_CALL_GRAPH_STAGE1
  Analyzing: results\3d\sh32\sh32.f
PROFILE: time for this pass = 0.000000 sec (total 0.028000 sec)
RUN PASS with name PRIVATE_CALL_GRAPH_STAGE2
  Analyzing: results\3d\sh32\sh32.f
PROFILE: time for this pass = 0.000000 sec (total 0.029000 sec)
RUN PASS with name MACRO_EXPANSION
  Analyzing: results\3d\sh32\sh32.f
PROFILE: time for this pass = 0.000000 sec (total 0.030000 sec)
RUN PASS with name CONVERT_ASSIGN_TO_LOOP
  Analyzing: results\3d\sh32\sh32.f
PROFILE: time for this pass = 0.001000 sec (total 0.031000 sec)
RUN PASS with name DEF_USE_STAGE1
  Analyzing: results\3d\sh32\sh32.f
PROFILE: time for this pass = 0.003000 sec (total 0.034000 sec)
RUN PASS with name DEF_USE_STAGE2
  Analyzing: results\3d\sh32\sh32.f
PROFILE: time for this pass = 0.000000 sec (total 0.035000 sec)
RUN PASS with name VERIFY_COMMON
  Analyzing: results\3d\sh32\sh32.f
PROFILE: time for this pass = 0.000000 sec (total 0.036000 sec)
RUN PASS with name CALL_GRAPH_IR
  Analyzing: results\3d\sh32\sh32.f
PROFILE: time for this pass = 0.003000 sec (total 0.039000 sec)
RUN PASS with name BUILD_IR
  Analyzing: results\3d\sh32\sh32.f
  count of functions 13, count of lvls 3
     RD time for 'ansno' function is 0.000 sec, iters 1
     RD time for 'serial3' function is 0.000 sec, iters 5
     RD time for 'ansyes' function is 0.000 sec, iters 1

     RD time for 'sh3202' function is 0.000 sec, iters 5
     RD time for 'sh3203' function is 0.000 sec, iters 5
     RD time for 'sh3206' function is 0.000 sec, iters 5
     RD time for 'sh3207' function is 0.000 sec, iters 5
     RD time for 'sh3205' function is 0.000 sec, iters 5
     RD time for 'sh3204' function is 0.000 sec, iters 5
     RD time for 'sh3208' function is 0.000 sec, iters 5
     RD time for 'sh3209' function is 0.000 sec, iters 5
     RD time for 'sh3201' function is 0.000 sec, iters 5

     RD time for 'sh32' function is 0.000 sec, iters 1

PROFILE: time for this pass = 0.010000 sec (total 0.049000 sec)
RUN PASS with name SUBST_EXPR_RD
  Analyzing: results\3d\sh32\sh32.f
PROFILE: time for this pass = 0.006000 sec (total 0.056000 sec)
RUN PASS with name LOOP_GRAPH
  Analyzing: results\3d\sh32\sh32.f
PROFILE: time for this pass = 0.005000 sec (total 0.061000 sec)
RUN PASS with name CALL_GRAPH
  Analyzing: results\3d\sh32\sh32.f
PROFILE: time for this pass = 0.005000 sec (total 0.067000 sec)
RUN PASS with name CALL_GRAPH2
  Analyzing: results\3d\sh32\sh32.f
  run for func sh32
  run for func sh3201
  run for func sh3202
  run for func sh3203
  run for func sh3204
  run for func sh3205
  run for func sh3206
  run for func sh3207
  run for func sh3208
  run for func sh3209
  run for func serial3
  run for func ansyes
  run for func ansno
PROFILE: time for this pass = 0.002000 sec (total 0.070000 sec)
RUN PASS with name GET_STATS_FOR_PREDICTOR
  Analyzing: results\3d\sh32\sh32.f
    PAR LOOP [53 results\3d\sh32\sh32.f] total exec 3795, total exec lines 6, avg 6.3250000000000000e+02
    PAR LOOP [62 results\3d\sh32\sh32.f] total exec 2005, total exec lines 6, avg 3.3416666666666669e+02
    PAR LOOP [77 results\3d\sh32\sh32.f] total exec 3097, total exec lines 11, avg 2.8154545454545456e+02
    PAR LOOP [125 results\3d\sh32\sh32.f] total exec 13651, total exec lines 6, avg 2.2751666666666665e+03
    PAR LOOP [135 results\3d\sh32\sh32.f] total exec 5967, total exec lines 6, avg 9.9450000000000000e+02
    PAR LOOP [148 results\3d\sh32\sh32.f] total exec 9567, total exec lines 11, avg 8.6972727272727275e+02
    PAR LOOP [195 results\3d\sh32\sh32.f] total exec 655251, total exec lines 6, avg 1.0920850000000000e+05
    PAR LOOP [205 results\3d\sh32\sh32.f] total exec 458367, total exec lines 6, avg 7.6394500000000000e+04
    PAR LOOP [218 results\3d\sh32\sh32.f] total exec 760767, total exec lines 11, avg 6.9160636363636368e+04
    PAR LOOP [266 results\3d\sh32\sh32.f] total exec 13651, total exec lines 6, avg 2.2751666666666665e+03
    PAR LOOP [276 results\3d\sh32\sh32.f] total exec 5967, total exec lines 6, avg 9.9450000000000000e+02
    PAR LOOP [289 results\3d\sh32\sh32.f] total exec 9567, total exec lines 11, avg 8.6972727272727275e+02
    PAR LOOP [337 results\3d\sh32\sh32.f] total exec 13651, total exec lines 6, avg 2.2751666666666665e+03
    PAR LOOP [347 results\3d\sh32\sh32.f] total exec 5967, total exec lines 6, avg 9.9450000000000000e+02
    PAR LOOP [360 results\3d\sh32\sh32.f] total exec 9567, total exec lines 11, avg 8.6972727272727275e+02
    PAR LOOP [409 results\3d\sh32\sh32.f] total exec 13651, total exec lines 6, avg 2.2751666666666665e+03
    PAR LOOP [419 results\3d\sh32\sh32.f] total exec 3553, total exec lines 6, avg 5.9216666666666663e+02
    PAR LOOP [432 results\3d\sh32\sh32.f] total exec 5653, total exec lines 11, avg 5.1390909090909088e+02
    PAR LOOP [480 results\3d\sh32\sh32.f] total exec 13651, total exec lines 6, avg 2.2751666666666665e+03
    PAR LOOP [490 results\3d\sh32\sh32.f] total exec 3553, total exec lines 6, avg 5.9216666666666663e+02
    PAR LOOP [503 results\3d\sh32\sh32.f] total exec 5653, total exec lines 11, avg 5.1390909090909088e+02
    PAR LOOP [552 results\3d\sh32\sh32.f] total exec 13651, total exec lines 6, avg 2.2751666666666665e+03
    PAR LOOP [562 results\3d\sh32\sh32.f] total exec 3553, total exec lines 6, avg 5.9216666666666663e+02
    PAR LOOP [575 results\3d\sh32\sh32.f] total exec 5653, total exec lines 11, avg 5.1390909090909088e+02
    PAR LOOP [623 results\3d\sh32\sh32.f] total exec 5256603, total exec lines 6, avg 8.7610050000000000e+05
    PAR LOOP [633 results\3d\sh32\sh32.f] total exec 2872089, total exec lines 6, avg 4.7868150000000000e+05
    PAR LOOP [646 results\3d\sh32\sh32.f] total exec 4764077, total exec lines 11, avg 4.3309790909090912e+05
    average_parallel_exec 7.2136120772946859e+04
    parallel_rate 7.1340784754618702e-01
PROFILE: time for this pass = 0.051000 sec (total 0.121000 sec)

--------------------------------------------------
INFO.JSON file copied from ./info.json to ./results\3d\sh32\info.json

==================================================
Processing of sh32.f completed successfully at 2025-05-06 00:26:20
