=== Processing file: inoutlocal32.f ===
Date and time: 2025-04-23 11:57:24
Dimension: 3d
==================================================

Copied ./sources\3d\inoutlocal32.f to ./results\3d\inoutlocal32\inoutlocal32.f
Command: gfortran -O3 -g -fprofile-arcs -ftest-coverage "./results\3d\inoutlocal32\inoutlocal32.f" -o "./results\3d\inoutlocal32\inoutlocal32"
Output: 

--------------------------------------------------
Command: "./results\3d\inoutlocal32\inoutlocal32"
Output: 
 ===START OF INOUTLOCAL32========================
 IN3201  -  complete
 IN3202  -  complete
 IN3203  -  complete
 IN3204  -  complete
 IN3205  -  complete
 IN3206  -  complete
 IN3207  -  complete
 IN3208  -  complete
 IN3209  -  complete
 IN3210  -  complete
 IN3211  -  complete
 IN3212  -  complete
 IN3213  -  complete
 IN3214  -  complete
 IN3215  -  complete
 IN3216  -  complete
 === END OF INOUTLOCAL32 ========================= 

--------------------------------------------------
Command: gcov -b "./results\3d\inoutlocal32\inoutlocal32.f"
Output: 
File 'results/3d/inoutlocal32/inoutlocal32.f'
Lines executed:86.91% of 512
Branches executed:100.00% of 574
Taken at least once:77.70% of 574
Calls executed:34.46% of 177
Creating 'inoutlocal32.f.gcov'

Lines executed:86.91% of 512

--------------------------------------------------
GCOV file copied from ./inoutlocal32.f.gcov to ./results\3d\inoutlocal32\inoutlocal32.f.gcov
Command: "../SAPFOR/_bin/Release/Sapfor_F.exe" -parse -spf "./results\3d\inoutlocal32\inoutlocal32.f"
Output: 
SAPFOR version is 2410, build date: Apr 23 2025 11:52:44, c++ version 201703
  parse file './results\3d\inoutlocal32\inoutlocal32.f'
  options: -spf 
files compilation order:
  ./results\3d\inoutlocal32\inoutlocal32.f
Parsing was completed successfully

--------------------------------------------------
Command: "../SAPFOR/_bin/Release/Sapfor_F.exe" -passN GET_STATS_FOR_PREDICTOR -keepDVM
Output: 
SAPFOR version is 2410, build date: Apr 23 2025 11:52:44, c++ version 201703
code for pass GET_STATS_FOR_PREDICTOR is 79
RUN PASS with name VERIFY_FUNC_DECL
  Analyzing: results\3d\inoutlocal32\inoutlocal32.f
PROFILE: time for this pass = 0.001000 sec (total 0.004000 sec)
RUN PASS with name FILE_LINE_INFO
  Analyzing: results\3d\inoutlocal32\inoutlocal32.f
  All lines in project 1088
PROFILE: time for this pass = 0.001000 sec (total 0.006000 sec)
RUN PASS with name BUILD_INCLUDE_DEPENDENCIES
  Analyzing: results\3d\inoutlocal32\inoutlocal32.f
PROFILE: time for this pass = 0.001000 sec (total 0.007000 sec)
RUN PASS with name CORRECT_VAR_DECL
  Analyzing: results\3d\inoutlocal32\inoutlocal32.f
PROFILE: time for this pass = 0.001000 sec (total 0.008000 sec)
RUN PASS with name VERIFY_OPERATORS
  Analyzing: results\3d\inoutlocal32\inoutlocal32.f
PROFILE: time for this pass = 0.001000 sec (total 0.010000 sec)
RUN PASS with name VERIFY_ENDDO
  Analyzing: results\3d\inoutlocal32\inoutlocal32.f
PROFILE: time for this pass = 0.001000 sec (total 0.011000 sec)
RUN PASS with name VERIFY_INCLUDES
  Analyzing: results\3d\inoutlocal32\inoutlocal32.f
PROFILE: time for this pass = 0.001000 sec (total 0.012000 sec)
RUN PASS with name PREPROC_ALLOCATES
  Analyzing: results\3d\inoutlocal32\inoutlocal32.f
  attribute (39 results\3d\inoutlocal32\inoutlocal32.f) is added to declaration on line 31 of results\3d\inoutlocal32\inoutlocal32.f file
  attribute (85 results\3d\inoutlocal32\inoutlocal32.f) is added to declaration on line 31 of results\3d\inoutlocal32\inoutlocal32.f file
  attribute (98 results\3d\inoutlocal32\inoutlocal32.f) is added to declaration on line 90 of results\3d\inoutlocal32\inoutlocal32.f file
  attribute (144 results\3d\inoutlocal32\inoutlocal32.f) is added to declaration on line 90 of results\3d\inoutlocal32\inoutlocal32.f file
  attribute (160 results\3d\inoutlocal32\inoutlocal32.f) is added to declaration on line 152 of results\3d\inoutlocal32\inoutlocal32.f file
  attribute (206 results\3d\inoutlocal32\inoutlocal32.f) is added to declaration on line 152 of results\3d\inoutlocal32\inoutlocal32.f file
  attribute (221 results\3d\inoutlocal32\inoutlocal32.f) is added to declaration on line 213 of results\3d\inoutlocal32\inoutlocal32.f file
  attribute (272 results\3d\inoutlocal32\inoutlocal32.f) is added to declaration on line 213 of results\3d\inoutlocal32\inoutlocal32.f file
  attribute (286 results\3d\inoutlocal32\inoutlocal32.f) is added to declaration on line 278 of results\3d\inoutlocal32\inoutlocal32.f file
  attribute (331 results\3d\inoutlocal32\inoutlocal32.f) is added to declaration on line 278 of results\3d\inoutlocal32\inoutlocal32.f file
  attribute (347 results\3d\inoutlocal32\inoutlocal32.f) is added to declaration on line 339 of results\3d\inoutlocal32\inoutlocal32.f file
  attribute (392 results\3d\inoutlocal32\inoutlocal32.f) is added to declaration on line 339 of results\3d\inoutlocal32\inoutlocal32.f file
  attribute (407 results\3d\inoutlocal32\inoutlocal32.f) is added to declaration on line 399 of results\3d\inoutlocal32\inoutlocal32.f file
  attribute (452 results\3d\inoutlocal32\inoutlocal32.f) is added to declaration on line 399 of results\3d\inoutlocal32\inoutlocal32.f file
  attribute (468 results\3d\inoutlocal32\inoutlocal32.f) is added to declaration on line 460 of results\3d\inoutlocal32\inoutlocal32.f file
  attribute (513 results\3d\inoutlocal32\inoutlocal32.f) is added to declaration on line 460 of results\3d\inoutlocal32\inoutlocal32.f file
  attribute (529 results\3d\inoutlocal32\inoutlocal32.f) is added to declaration on line 521 of results\3d\inoutlocal32\inoutlocal32.f file
  attribute (575 results\3d\inoutlocal32\inoutlocal32.f) is added to declaration on line 521 of results\3d\inoutlocal32\inoutlocal32.f file
  attribute (589 results\3d\inoutlocal32\inoutlocal32.f) is added to declaration on line 581 of results\3d\inoutlocal32\inoutlocal32.f file
  attribute (636 results\3d\inoutlocal32\inoutlocal32.f) is added to declaration on line 581 of results\3d\inoutlocal32\inoutlocal32.f file
  attribute (652 results\3d\inoutlocal32\inoutlocal32.f) is added to declaration on line 644 of results\3d\inoutlocal32\inoutlocal32.f file
  attribute (697 results\3d\inoutlocal32\inoutlocal32.f) is added to declaration on line 644 of results\3d\inoutlocal32\inoutlocal32.f file
  attribute (712 results\3d\inoutlocal32\inoutlocal32.f) is added to declaration on line 704 of results\3d\inoutlocal32\inoutlocal32.f file
  attribute (760 results\3d\inoutlocal32\inoutlocal32.f) is added to declaration on line 704 of results\3d\inoutlocal32\inoutlocal32.f file
  attribute (774 results\3d\inoutlocal32\inoutlocal32.f) is added to declaration on line 766 of results\3d\inoutlocal32\inoutlocal32.f file
  attribute (824 results\3d\inoutlocal32\inoutlocal32.f) is added to declaration on line 766 of results\3d\inoutlocal32\inoutlocal32.f file
  attribute (839 results\3d\inoutlocal32\inoutlocal32.f) is added to declaration on line 831 of results\3d\inoutlocal32\inoutlocal32.f file
  attribute (890 results\3d\inoutlocal32\inoutlocal32.f) is added to declaration on line 831 of results\3d\inoutlocal32\inoutlocal32.f file
  attribute (906 results\3d\inoutlocal32\inoutlocal32.f) is added to declaration on line 898 of results\3d\inoutlocal32\inoutlocal32.f file
  attribute (976 results\3d\inoutlocal32\inoutlocal32.f) is added to declaration on line 898 of results\3d\inoutlocal32\inoutlocal32.f file
  attribute (991 results\3d\inoutlocal32\inoutlocal32.f) is added to declaration on line 983 of results\3d\inoutlocal32\inoutlocal32.f file
  attribute (1063 results\3d\inoutlocal32\inoutlocal32.f) is added to declaration on line 983 of results\3d\inoutlocal32\inoutlocal32.f file
PROFILE: time for this pass = 0.001000 sec (total 0.014000 sec)
RUN PASS with name CHECK_PAR_REG_DIR
  Analyzing: results\3d\inoutlocal32\inoutlocal32.f
PROFILE: time for this pass = 0.001000 sec (total 0.015000 sec)
RUN PASS with name FILL_PARALLEL_REG_IR
  Analyzing: results\3d\inoutlocal32\inoutlocal32.f
PROFILE: time for this pass = 0.002000 sec (total 0.018000 sec)
RUN PASS with name GET_ALL_ARRAY_DECL
  Analyzing: results\3d\inoutlocal32\inoutlocal32.f
PROFILE: time for this pass = 0.007000 sec (total 0.025000 sec)
RUN PASS with name FILL_COMMON_BLOCKS
  Analyzing: results\3d\inoutlocal32\inoutlocal32.f
PROFILE: time for this pass = 0.001000 sec (total 0.026000 sec)
RUN PASS with name PARSE_OMP_DIRS
  Analyzing: results\3d\inoutlocal32\inoutlocal32.f
PROFILE: time for this pass = 0.001000 sec (total 0.027000 sec)
RUN PASS with name PREPROC_SPF
  Analyzing: results\3d\inoutlocal32\inoutlocal32.f
PROFILE: time for this pass = 0.001000 sec (total 0.029000 sec)
RUN PASS with name CREATE_INTER_TREE
  Analyzing: results\3d\inoutlocal32\inoutlocal32.f
PROFILE: time for this pass = 0.006000 sec (total 0.035000 sec)
RUN PASS with name GCOV_PARSER
  Analyzing: results\3d\inoutlocal32\inoutlocal32.f
   Error: unable to open file statistic.txt
PROFILE: time for this pass = 0.002000 sec (total 0.038000 sec)
RUN PASS with name VERIFY_FORMAT
  Analyzing: results\3d\inoutlocal32\inoutlocal32.f
PROFILE: time for this pass = 0.001000 sec (total 0.039000 sec)
RUN PASS with name VERIFY_DVM_DIRS
  Analyzing: results\3d\inoutlocal32\inoutlocal32.f
PROFILE: time for this pass = 0.001000 sec (total 0.040000 sec)
RUN PASS with name PRIVATE_CALL_GRAPH_STAGE1
  Analyzing: results\3d\inoutlocal32\inoutlocal32.f
PROFILE: time for this pass = 0.001000 sec (total 0.041000 sec)
RUN PASS with name PRIVATE_CALL_GRAPH_STAGE2
  Analyzing: results\3d\inoutlocal32\inoutlocal32.f
PROFILE: time for this pass = 0.001000 sec (total 0.043000 sec)
RUN PASS with name MACRO_EXPANSION
  Analyzing: results\3d\inoutlocal32\inoutlocal32.f
PROFILE: time for this pass = 0.001000 sec (total 0.044000 sec)
RUN PASS with name CONVERT_ASSIGN_TO_LOOP
  Analyzing: results\3d\inoutlocal32\inoutlocal32.f
PROFILE: time for this pass = 0.002000 sec (total 0.046000 sec)
RUN PASS with name DEF_USE_STAGE1
  Analyzing: results\3d\inoutlocal32\inoutlocal32.f
PROFILE: time for this pass = 0.005000 sec (total 0.052000 sec)
RUN PASS with name DEF_USE_STAGE2
  Analyzing: results\3d\inoutlocal32\inoutlocal32.f
PROFILE: time for this pass = 0.001000 sec (total 0.053000 sec)
RUN PASS with name VERIFY_COMMON
  Analyzing: results\3d\inoutlocal32\inoutlocal32.f
PROFILE: time for this pass = 0.001000 sec (total 0.054000 sec)
RUN PASS with name CALL_GRAPH_IR
  Analyzing: results\3d\inoutlocal32\inoutlocal32.f
PROFILE: time for this pass = 0.005000 sec (total 0.059000 sec)
RUN PASS with name BUILD_IR
  Analyzing: results\3d\inoutlocal32\inoutlocal32.f
  count of functions 20, count of lvls 3
     RD time for 'serial3' function is 0.000 sec, iters 5
     RD time for 'ansno' function is 0.000 sec, iters 1
     RD time for 'ansyes' function is 0.000 sec, iters 1

     RD time for 'inoutlocal3206' function is 0.000 sec, iters 5
     RD time for 'inoutlocal3202' function is 0.000 sec, iters 5
     RD time for 'inoutlocal3207' function is 0.000 sec, iters 5
     RD time for 'inoutlocal3208' function is 0.000 sec, iters 5
     RD time for 'inoutlocal3209' function is 0.000 sec, iters 5
     RD time for 'inoutlocal3201' function is 0.000 sec, iters 5
     RD time for 'inoutlocal3203' function is 0.000 sec, iters 5
     RD time for 'inoutlocal3204' function is 0.000 sec, iters 5
     RD time for 'inoutlocal3205' function is 0.000 sec, iters 5
     RD time for 'inoutlocal3212' function is 0.000 sec, iters 5
     RD time for 'inoutlocal3213' function is 0.000 sec, iters 5
     RD time for 'inoutlocal3210' function is 0.000 sec, iters 5
     RD time for 'inoutlocal3214' function is 0.000 sec, iters 5
     RD time for 'inoutlocal3216' function is 0.000 sec, iters 5
     RD time for 'inoutlocal3211' function is 0.000 sec, iters 5
     RD time for 'inoutlocal3215' function is 0.000 sec, iters 5

     RD time for 'inoutlocal32' function is 0.000 sec, iters 1

PROFILE: time for this pass = 0.017000 sec (total 0.077000 sec)
RUN PASS with name SUBST_EXPR_RD
  Analyzing: results\3d\inoutlocal32\inoutlocal32.f
PROFILE: time for this pass = 0.007000 sec (total 0.084000 sec)
RUN PASS with name LOOP_GRAPH
  Analyzing: results\3d\inoutlocal32\inoutlocal32.f
PROFILE: time for this pass = 0.005000 sec (total 0.090000 sec)
RUN PASS with name CALL_GRAPH
  Analyzing: results\3d\inoutlocal32\inoutlocal32.f
PROFILE: time for this pass = 0.008000 sec (total 0.099000 sec)
RUN PASS with name CALL_GRAPH2
  Analyzing: results\3d\inoutlocal32\inoutlocal32.f
  run for func inoutlocal32
  run for func inoutlocal3201
  run for func inoutlocal3202
  run for func inoutlocal3203
  run for func inoutlocal3204
  run for func inoutlocal3205
  run for func inoutlocal3206
  run for func inoutlocal3207
  run for func inoutlocal3208
  run for func inoutlocal3209
  run for func inoutlocal3210
  run for func inoutlocal3211
  run for func inoutlocal3212
  run for func inoutlocal3213
  run for func inoutlocal3214
  run for func inoutlocal3215
  run for func inoutlocal3216
  run for func serial3
  run for func ansyes
  run for func ansno
PROFILE: time for this pass = 0.003000 sec (total 0.102000 sec)
RUN PASS with name GET_STATS_FOR_PREDICTOR
  Analyzing: results\3d\inoutlocal32\inoutlocal32.f
    PAR LOOP [48 results\3d\inoutlocal32\inoutlocal32.f] total exec 3795, total exec lines 6, avg 6.3250000000000000e+02
    PAR LOOP [57 results\3d\inoutlocal32\inoutlocal32.f] total exec 2005, total exec lines 6, avg 3.3416666666666669e+02
    PAR LOOP [68 results\3d\inoutlocal32\inoutlocal32.f] total exec 2593, total exec lines 10, avg 2.5930000000000001e+02
    PAR LOOP [107 results\3d\inoutlocal32\inoutlocal32.f] total exec 3795, total exec lines 6, avg 6.3250000000000000e+02
    PAR LOOP [116 results\3d\inoutlocal32\inoutlocal32.f] total exec 2005, total exec lines 6, avg 3.3416666666666669e+02
    PAR LOOP [127 results\3d\inoutlocal32\inoutlocal32.f] total exec 2593, total exec lines 10, avg 2.5930000000000001e+02
    PAR LOOP [169 results\3d\inoutlocal32\inoutlocal32.f] total exec 3795, total exec lines 6, avg 6.3250000000000000e+02
    PAR LOOP [178 results\3d\inoutlocal32\inoutlocal32.f] total exec 2005, total exec lines 6, avg 3.3416666666666669e+02
    PAR LOOP [189 results\3d\inoutlocal32\inoutlocal32.f] total exec 2593, total exec lines 10, avg 2.5930000000000001e+02
    PAR LOOP [235 results\3d\inoutlocal32\inoutlocal32.f] total exec 3795, total exec lines 6, avg 6.3250000000000000e+02
    PAR LOOP [244 results\3d\inoutlocal32\inoutlocal32.f] total exec 2005, total exec lines 6, avg 3.3416666666666669e+02
    PAR LOOP [255 results\3d\inoutlocal32\inoutlocal32.f] total exec 2593, total exec lines 10, avg 2.5930000000000001e+02
    PAR LOOP [294 results\3d\inoutlocal32\inoutlocal32.f] total exec 3795, total exec lines 6, avg 6.3250000000000000e+02
    PAR LOOP [303 results\3d\inoutlocal32\inoutlocal32.f] total exec 2005, total exec lines 6, avg 3.3416666666666669e+02
    PAR LOOP [314 results\3d\inoutlocal32\inoutlocal32.f] total exec 2593, total exec lines 10, avg 2.5930000000000001e+02
    PAR LOOP [355 results\3d\inoutlocal32\inoutlocal32.f] total exec 3795, total exec lines 6, avg 6.3250000000000000e+02
    PAR LOOP [364 results\3d\inoutlocal32\inoutlocal32.f] total exec 2005, total exec lines 6, avg 3.3416666666666669e+02
    PAR LOOP [375 results\3d\inoutlocal32\inoutlocal32.f] total exec 2593, total exec lines 10, avg 2.5930000000000001e+02
    PAR LOOP [415 results\3d\inoutlocal32\inoutlocal32.f] total exec 3795, total exec lines 6, avg 6.3250000000000000e+02
    PAR LOOP [424 results\3d\inoutlocal32\inoutlocal32.f] total exec 2005, total exec lines 6, avg 3.3416666666666669e+02
    PAR LOOP [435 results\3d\inoutlocal32\inoutlocal32.f] total exec 2593, total exec lines 10, avg 2.5930000000000001e+02
    PAR LOOP [476 results\3d\inoutlocal32\inoutlocal32.f] total exec 3795, total exec lines 6, avg 6.3250000000000000e+02
    PAR LOOP [485 results\3d\inoutlocal32\inoutlocal32.f] total exec 2005, total exec lines 6, avg 3.3416666666666669e+02
    PAR LOOP [496 results\3d\inoutlocal32\inoutlocal32.f] total exec 2593, total exec lines 10, avg 2.5930000000000001e+02
    PAR LOOP [537 results\3d\inoutlocal32\inoutlocal32.f] total exec 3795, total exec lines 6, avg 6.3250000000000000e+02
    PAR LOOP [547 results\3d\inoutlocal32\inoutlocal32.f] total exec 2005, total exec lines 6, avg 3.3416666666666669e+02
    PAR LOOP [558 results\3d\inoutlocal32\inoutlocal32.f] total exec 2593, total exec lines 10, avg 2.5930000000000001e+02
    PAR LOOP [597 results\3d\inoutlocal32\inoutlocal32.f] total exec 3795, total exec lines 6, avg 6.3250000000000000e+02
    PAR LOOP [608 results\3d\inoutlocal32\inoutlocal32.f] total exec 2005, total exec lines 6, avg 3.3416666666666669e+02
    PAR LOOP [619 results\3d\inoutlocal32\inoutlocal32.f] total exec 2593, total exec lines 10, avg 2.5930000000000001e+02
    PAR LOOP [660 results\3d\inoutlocal32\inoutlocal32.f] total exec 3795, total exec lines 6, avg 6.3250000000000000e+02
    PAR LOOP [669 results\3d\inoutlocal32\inoutlocal32.f] total exec 2005, total exec lines 6, avg 3.3416666666666669e+02
    PAR LOOP [680 results\3d\inoutlocal32\inoutlocal32.f] total exec 2593, total exec lines 10, avg 2.5930000000000001e+02
    PAR LOOP [721 results\3d\inoutlocal32\inoutlocal32.f] total exec 3795, total exec lines 6, avg 6.3250000000000000e+02
    PAR LOOP [732 results\3d\inoutlocal32\inoutlocal32.f] total exec 2005, total exec lines 6, avg 3.3416666666666669e+02
    PAR LOOP [743 results\3d\inoutlocal32\inoutlocal32.f] total exec 2593, total exec lines 10, avg 2.5930000000000001e+02
    PAR LOOP [782 results\3d\inoutlocal32\inoutlocal32.f] total exec 3795, total exec lines 6, avg 6.3250000000000000e+02
    PAR LOOP [795 results\3d\inoutlocal32\inoutlocal32.f] total exec 2005, total exec lines 6, avg 3.3416666666666669e+02
    PAR LOOP [807 results\3d\inoutlocal32\inoutlocal32.f] total exec 2593, total exec lines 10, avg 2.5930000000000001e+02
    PAR LOOP [848 results\3d\inoutlocal32\inoutlocal32.f] total exec 3795, total exec lines 6, avg 6.3250000000000000e+02
    PAR LOOP [862 results\3d\inoutlocal32\inoutlocal32.f] total exec 2005, total exec lines 6, avg 3.3416666666666669e+02
    PAR LOOP [873 results\3d\inoutlocal32\inoutlocal32.f] total exec 2593, total exec lines 10, avg 2.5930000000000001e+02
    PAR LOOP [915 results\3d\inoutlocal32\inoutlocal32.f] total exec 3795, total exec lines 6, avg 6.3250000000000000e+02
    PAR LOOP [926 results\3d\inoutlocal32\inoutlocal32.f] total exec 2005, total exec lines 6, avg 3.3416666666666669e+02
    PAR LOOP [937 results\3d\inoutlocal32\inoutlocal32.f] total exec 2005, total exec lines 6, avg 3.3416666666666669e+02
    PAR LOOP [948 results\3d\inoutlocal32\inoutlocal32.f] total exec 2005, total exec lines 6, avg 3.3416666666666669e+02
    PAR LOOP [960 results\3d\inoutlocal32\inoutlocal32.f] total exec 2593, total exec lines 10, avg 2.5930000000000001e+02
    PAR LOOP [1000 results\3d\inoutlocal32\inoutlocal32.f] total exec 3795, total exec lines 6, avg 6.3250000000000000e+02
    PAR LOOP [1011 results\3d\inoutlocal32\inoutlocal32.f] total exec 146, total exec lines 6, avg 2.4333333333333332e+01
    PAR LOOP [1023 results\3d\inoutlocal32\inoutlocal32.f] total exec 367, total exec lines 6, avg 6.1166666666666664e+01
    PAR LOOP [1035 results\3d\inoutlocal32\inoutlocal32.f] total exec 1683, total exec lines 6, avg 2.8050000000000000e+02
    PAR LOOP [1046 results\3d\inoutlocal32\inoutlocal32.f] total exec 2593, total exec lines 10, avg 2.5930000000000001e+02
    average_parallel_exec 3.6832180851063828e+02
    parallel_rate 6.9070098002543578e-01
PROFILE: time for this pass = 0.100000 sec (total 0.203000 sec)

--------------------------------------------------
INFO.JSON file copied from ./info.json to ./results\3d\inoutlocal32\info.json

==================================================
Processing of inoutlocal32.f completed successfully at 2025-04-23 11:57:27
