=== Processing file: templ2.f ===
Date and time: 2025-04-23 11:56:53
Dimension: 2d
==================================================

Copied ./sources\2d\templ2.f to ./results\2d\templ2\templ2.f
Command: gfortran -O3 -g -fprofile-arcs -ftest-coverage "./results\2d\templ2\templ2.f" -o "./results\2d\templ2\templ2"
Output: 

--------------------------------------------------
Command: "./results\2d\templ2\templ2"
Output: 
 ===START OF templ2=======================
 templ211   -  complete
 templ221   -  complete
 === END OF templ2 =======================

--------------------------------------------------
Command: gcov -b "./results\2d\templ2\templ2.f"
Output: 
File 'results/2d/templ2/templ2.f'
Lines executed:92.65% of 68
Branches executed:100.00% of 68
Taken at least once:79.41% of 68
Calls executed:58.62% of 29
Creating 'templ2.f.gcov'

Lines executed:92.65% of 68

--------------------------------------------------
GCOV file copied from ./templ2.f.gcov to ./results\2d\templ2\templ2.f.gcov
Command: "../SAPFOR/_bin/Release/Sapfor_F.exe" -parse -spf "./results\2d\templ2\templ2.f"
Output: 
SAPFOR version is 2410, build date: Apr 23 2025 11:52:44, c++ version 201703
  parse file './results\2d\templ2\templ2.f'
  options: -spf 
files compilation order:
  ./results\2d\templ2\templ2.f
Parsing was completed successfully

--------------------------------------------------
Command: "../SAPFOR/_bin/Release/Sapfor_F.exe" -passN GET_STATS_FOR_PREDICTOR -keepDVM
Output: 
SAPFOR version is 2410, build date: Apr 23 2025 11:52:44, c++ version 201703
code for pass GET_STATS_FOR_PREDICTOR is 79
RUN PASS with name VERIFY_FUNC_DECL
  Analyzing: results\2d\templ2\templ2.f
PROFILE: time for this pass = 0.000000 sec (total 0.001000 sec)
RUN PASS with name FILE_LINE_INFO
  Analyzing: results\2d\templ2\templ2.f
  All lines in project 193
PROFILE: time for this pass = 0.000000 sec (total 0.001000 sec)
RUN PASS with name BUILD_INCLUDE_DEPENDENCIES
  Analyzing: results\2d\templ2\templ2.f
PROFILE: time for this pass = 0.000000 sec (total 0.002000 sec)
RUN PASS with name CORRECT_VAR_DECL
  Analyzing: results\2d\templ2\templ2.f
PROFILE: time for this pass = 0.000000 sec (total 0.002000 sec)
RUN PASS with name VERIFY_OPERATORS
  Analyzing: results\2d\templ2\templ2.f
PROFILE: time for this pass = 0.000000 sec (total 0.002000 sec)
RUN PASS with name VERIFY_ENDDO
  Analyzing: results\2d\templ2\templ2.f
PROFILE: time for this pass = 0.000000 sec (total 0.002000 sec)
RUN PASS with name VERIFY_INCLUDES
  Analyzing: results\2d\templ2\templ2.f
PROFILE: time for this pass = 0.000000 sec (total 0.002000 sec)
RUN PASS with name PREPROC_ALLOCATES
  Analyzing: results\2d\templ2\templ2.f
  attribute (41 results\2d\templ2\templ2.f) is added to declaration on line 32 of results\2d\templ2\templ2.f file
  attribute (98 results\2d\templ2\templ2.f) is added to declaration on line 32 of results\2d\templ2\templ2.f file
  attribute (122 results\2d\templ2\templ2.f) is added to declaration on line 113 of results\2d\templ2\templ2.f file
PROFILE: time for this pass = 0.000000 sec (total 0.003000 sec)
RUN PASS with name CHECK_PAR_REG_DIR
  Analyzing: results\2d\templ2\templ2.f
PROFILE: time for this pass = 0.000000 sec (total 0.003000 sec)
RUN PASS with name FILL_PARALLEL_REG_IR
  Analyzing: results\2d\templ2\templ2.f
PROFILE: time for this pass = 0.000000 sec (total 0.003000 sec)
RUN PASS with name GET_ALL_ARRAY_DECL
  Analyzing: results\2d\templ2\templ2.f
PROFILE: time for this pass = 0.001000 sec (total 0.004000 sec)
RUN PASS with name FILL_COMMON_BLOCKS
  Analyzing: results\2d\templ2\templ2.f
PROFILE: time for this pass = 0.000000 sec (total 0.005000 sec)
RUN PASS with name PARSE_OMP_DIRS
  Analyzing: results\2d\templ2\templ2.f
PROFILE: time for this pass = 0.000000 sec (total 0.005000 sec)
RUN PASS with name PREPROC_SPF
  Analyzing: results\2d\templ2\templ2.f
PROFILE: time for this pass = 0.000000 sec (total 0.005000 sec)
RUN PASS with name CREATE_INTER_TREE
  Analyzing: results\2d\templ2\templ2.f
PROFILE: time for this pass = 0.000000 sec (total 0.006000 sec)
RUN PASS with name GCOV_PARSER
  Analyzing: results\2d\templ2\templ2.f
   Error: unable to open file statistic.txt
PROFILE: time for this pass = 0.000000 sec (total 0.007000 sec)
RUN PASS with name VERIFY_FORMAT
  Analyzing: results\2d\templ2\templ2.f
PROFILE: time for this pass = 0.000000 sec (total 0.007000 sec)
RUN PASS with name VERIFY_DVM_DIRS
  Analyzing: results\2d\templ2\templ2.f
PROFILE: time for this pass = 0.000000 sec (total 0.007000 sec)
RUN PASS with name PRIVATE_CALL_GRAPH_STAGE1
  Analyzing: results\2d\templ2\templ2.f
PROFILE: time for this pass = 0.000000 sec (total 0.007000 sec)
RUN PASS with name PRIVATE_CALL_GRAPH_STAGE2
  Analyzing: results\2d\templ2\templ2.f
PROFILE: time for this pass = 0.000000 sec (total 0.007000 sec)
RUN PASS with name MACRO_EXPANSION
  Analyzing: results\2d\templ2\templ2.f
PROFILE: time for this pass = 0.000000 sec (total 0.008000 sec)
RUN PASS with name CONVERT_ASSIGN_TO_LOOP
  Analyzing: results\2d\templ2\templ2.f
PROFILE: time for this pass = 0.000000 sec (total 0.008000 sec)
RUN PASS with name DEF_USE_STAGE1
  Analyzing: results\2d\templ2\templ2.f
PROFILE: time for this pass = 0.000000 sec (total 0.008000 sec)
RUN PASS with name DEF_USE_STAGE2
  Analyzing: results\2d\templ2\templ2.f
PROFILE: time for this pass = 0.000000 sec (total 0.009000 sec)
RUN PASS with name VERIFY_COMMON
  Analyzing: results\2d\templ2\templ2.f
PROFILE: time for this pass = 0.000000 sec (total 0.009000 sec)
RUN PASS with name CALL_GRAPH_IR
  Analyzing: results\2d\templ2\templ2.f
PROFILE: time for this pass = 0.000000 sec (total 0.009000 sec)
RUN PASS with name BUILD_IR
  Analyzing: results\2d\templ2\templ2.f
  count of functions 5, count of lvls 3
     RD time for 'ansyes' function is 0.000 sec, iters 1
     RD time for 'ansno' function is 0.000 sec, iters 1

     RD time for 'templ211' function is 0.000 sec, iters 4
     RD time for 'templ221' function is 0.000 sec, iters 4

     RD time for 'templ2' function is 0.000 sec, iters 1

PROFILE: time for this pass = 0.001000 sec (total 0.011000 sec)
RUN PASS with name SUBST_EXPR_RD
  Analyzing: results\2d\templ2\templ2.f
PROFILE: time for this pass = 0.001000 sec (total 0.012000 sec)
RUN PASS with name LOOP_GRAPH
  Analyzing: results\2d\templ2\templ2.f
PROFILE: time for this pass = 0.000000 sec (total 0.013000 sec)
RUN PASS with name CALL_GRAPH
  Analyzing: results\2d\templ2\templ2.f
PROFILE: time for this pass = 0.000000 sec (total 0.014000 sec)
RUN PASS with name CALL_GRAPH2
  Analyzing: results\2d\templ2\templ2.f
  run for func templ2
  run for func templ211
  run for func templ221
  run for func ansyes
  run for func ansno
PROFILE: time for this pass = 0.000000 sec (total 0.014000 sec)
RUN PASS with name GET_STATS_FOR_PREDICTOR
  Analyzing: results\2d\templ2\templ2.f
    PAR LOOP [49 results\2d\templ2\templ2.f] total exec 18, total exec lines 2, avg 9.0000000000000000e+00
    PAR LOOP [54 results\2d\templ2\templ2.f] total exec 67, total exec lines 4, avg 1.6750000000000000e+01
    PAR LOOP [61 results\2d\templ2\templ2.f] total exec 1753, total exec lines 20, avg 8.7650000000000006e+01
    PAR LOOP [130 results\2d\templ2\templ2.f] total exec 227, total exec lines 4, avg 5.6750000000000000e+01
    PAR LOOP [137 results\2d\templ2\templ2.f] total exec 67, total exec lines 4, avg 1.6750000000000000e+01
    PAR LOOP [144 results\2d\templ2\templ2.f] total exec 2013, total exec lines 19, avg 1.0594736842105263e+02
    average_parallel_exec 7.8207547169811320e+01
    parallel_rate 9.7805568664464371e-01
Internal error at line 315 and file PredictScheme.cpp
exception occurred
WARR - [#1049: results\2d\templ2\templ2.f: line 188]: Function is impure due to this operator usage
WARR - [#1049: results\2d\templ2\templ2.f: line 192]: Function is impure due to this operator usage
WARR - [#1049: results\2d\templ2\templ2.f: line 188]: Function is impure due to this operator usage
WARR - [#1049: results\2d\templ2\templ2.f: line 192]: Function is impure due to this operator usage
WARR - [#1049: results\2d\templ2\templ2.f: line 188]: Function is impure due to this operator usage
WARR - [#1049: results\2d\templ2\templ2.f: line 192]: Function is impure due to this operator usage
WARR - [#1015: results\2d\templ2\templ2.f: line 190]: This function is not called in current project

--------------------------------------------------
INFO.JSON file copied from ./info.json to ./results\2d\templ2\info.json

==================================================
Processing of templ2.f completed successfully at 2025-04-23 11:56:53
