=== Processing file: reda21.f ===
Date and time: 2025-05-06 00:23:52
Dimension: 2d
==================================================

Copied ./sources\2d\reda21.f to ./results\2d\reda21\reda21.f
Command: gfortran -O3 -g -fprofile-arcs -ftest-coverage "./results\2d\reda21\reda21.f" -o "./results\2d\reda21\reda21"
Output: 

--------------------------------------------------
Command: "./results\2d\reda21\reda21"
Output: 
 ===START OF REDA21=======================
 REDA2101  -  complete
 REDA2102  -  complete
 REDA2103  -  complete
 REDA2104  -  complete
 === END OF REDA21 ========================= 

--------------------------------------------------
Command: gcov -b "./results\2d\reda21\reda21.f"
Output: 
File 'results/2d/reda21/reda21.f'
Lines executed:89.75% of 244
Branches executed:90.53% of 190
Taken at least once:72.63% of 190
Calls executed:51.02% of 49
Creating 'reda21.f.gcov'

Lines executed:89.75% of 244

--------------------------------------------------
GCOV file copied from ./reda21.f.gcov to ./results\2d\reda21\reda21.f.gcov
Command: "../SAPFOR/_bin/Release/Sapfor_F.exe" -parse -spf "./results\2d\reda21\reda21.f"
Output: 
SAPFOR version is 2410, build date: Apr 23 2025 11:52:44, c++ version 201703
  parse file './results\2d\reda21\reda21.f'
  options: -spf 
files compilation order:
  ./results\2d\reda21\reda21.f
Parsing was completed successfully

--------------------------------------------------
Command: "../SAPFOR/_bin/Release/Sapfor_F.exe" -passN GET_STATS_FOR_PREDICTOR -keepDVM
Output: 
SAPFOR version is 2410, build date: Apr 23 2025 11:52:44, c++ version 201703
code for pass GET_STATS_FOR_PREDICTOR is 79
RUN PASS with name VERIFY_FUNC_DECL
  Analyzing: results\2d\reda21\reda21.f
PROFILE: time for this pass = 0.000000 sec (total 0.002000 sec)
RUN PASS with name FILE_LINE_INFO
  Analyzing: results\2d\reda21\reda21.f
  All lines in project 495
PROFILE: time for this pass = 0.000000 sec (total 0.002000 sec)
RUN PASS with name BUILD_INCLUDE_DEPENDENCIES
  Analyzing: results\2d\reda21\reda21.f
PROFILE: time for this pass = 0.000000 sec (total 0.003000 sec)
RUN PASS with name CORRECT_VAR_DECL
  Analyzing: results\2d\reda21\reda21.f
PROFILE: time for this pass = 0.000000 sec (total 0.003000 sec)
RUN PASS with name VERIFY_OPERATORS
  Analyzing: results\2d\reda21\reda21.f
PROFILE: time for this pass = 0.000000 sec (total 0.004000 sec)
RUN PASS with name VERIFY_ENDDO
  Analyzing: results\2d\reda21\reda21.f
PROFILE: time for this pass = 0.000000 sec (total 0.004000 sec)
RUN PASS with name VERIFY_INCLUDES
  Analyzing: results\2d\reda21\reda21.f
PROFILE: time for this pass = 0.000000 sec (total 0.004000 sec)
RUN PASS with name PREPROC_ALLOCATES
  Analyzing: results\2d\reda21\reda21.f
  attribute (38 results\2d\reda21\reda21.f) is added to declaration on line 30 of results\2d\reda21\reda21.f file
  attribute (89 results\2d\reda21\reda21.f) is added to declaration on line 30 of results\2d\reda21\reda21.f file
  attribute (106 results\2d\reda21\reda21.f) is added to declaration on line 96 of results\2d\reda21\reda21.f file
  attribute (107 results\2d\reda21\reda21.f) is added to declaration on line 98 of results\2d\reda21\reda21.f file
  attribute (163 results\2d\reda21\reda21.f) is added to declaration on line 96 of results\2d\reda21\reda21.f file
  attribute (164 results\2d\reda21\reda21.f) is added to declaration on line 98 of results\2d\reda21\reda21.f file
  attribute (180 results\2d\reda21\reda21.f) is added to declaration on line 173 of results\2d\reda21\reda21.f file
  attribute (250 results\2d\reda21\reda21.f) is added to declaration on line 173 of results\2d\reda21\reda21.f file
  attribute (271 results\2d\reda21\reda21.f) is added to declaration on line 261 of results\2d\reda21\reda21.f file
  attribute (348 results\2d\reda21\reda21.f) is added to declaration on line 261 of results\2d\reda21\reda21.f file
PROFILE: time for this pass = 0.000000 sec (total 0.005000 sec)
RUN PASS with name CHECK_PAR_REG_DIR
  Analyzing: results\2d\reda21\reda21.f
PROFILE: time for this pass = 0.000000 sec (total 0.005000 sec)
RUN PASS with name FILL_PARALLEL_REG_IR
  Analyzing: results\2d\reda21\reda21.f
PROFILE: time for this pass = 0.000000 sec (total 0.006000 sec)
RUN PASS with name GET_ALL_ARRAY_DECL
  Analyzing: results\2d\reda21\reda21.f
PROFILE: time for this pass = 0.002000 sec (total 0.009000 sec)
RUN PASS with name FILL_COMMON_BLOCKS
  Analyzing: results\2d\reda21\reda21.f
PROFILE: time for this pass = 0.000000 sec (total 0.009000 sec)
RUN PASS with name PARSE_OMP_DIRS
  Analyzing: results\2d\reda21\reda21.f
PROFILE: time for this pass = 0.000000 sec (total 0.010000 sec)
RUN PASS with name PREPROC_SPF
  Analyzing: results\2d\reda21\reda21.f
PROFILE: time for this pass = 0.000000 sec (total 0.010000 sec)
RUN PASS with name CREATE_INTER_TREE
  Analyzing: results\2d\reda21\reda21.f
PROFILE: time for this pass = 0.001000 sec (total 0.011000 sec)
RUN PASS with name GCOV_PARSER
  Analyzing: results\2d\reda21\reda21.f
   Error: unable to open file statistic.txt
PROFILE: time for this pass = 0.001000 sec (total 0.013000 sec)
RUN PASS with name VERIFY_FORMAT
  Analyzing: results\2d\reda21\reda21.f
PROFILE: time for this pass = 0.000000 sec (total 0.013000 sec)
RUN PASS with name VERIFY_DVM_DIRS
  Analyzing: results\2d\reda21\reda21.f
PROFILE: time for this pass = 0.000000 sec (total 0.013000 sec)
RUN PASS with name PRIVATE_CALL_GRAPH_STAGE1
  Analyzing: results\2d\reda21\reda21.f
PROFILE: time for this pass = 0.000000 sec (total 0.014000 sec)
RUN PASS with name PRIVATE_CALL_GRAPH_STAGE2
  Analyzing: results\2d\reda21\reda21.f
PROFILE: time for this pass = 0.000000 sec (total 0.014000 sec)
RUN PASS with name MACRO_EXPANSION
  Analyzing: results\2d\reda21\reda21.f
PROFILE: time for this pass = 0.000000 sec (total 0.014000 sec)
RUN PASS with name CONVERT_ASSIGN_TO_LOOP
  Analyzing: results\2d\reda21\reda21.f
PROFILE: time for this pass = 0.000000 sec (total 0.015000 sec)
RUN PASS with name DEF_USE_STAGE1
  Analyzing: results\2d\reda21\reda21.f
PROFILE: time for this pass = 0.001000 sec (total 0.017000 sec)
RUN PASS with name DEF_USE_STAGE2
  Analyzing: results\2d\reda21\reda21.f
PROFILE: time for this pass = 0.000000 sec (total 0.017000 sec)
RUN PASS with name VERIFY_COMMON
  Analyzing: results\2d\reda21\reda21.f
PROFILE: time for this pass = 0.000000 sec (total 0.018000 sec)
RUN PASS with name CALL_GRAPH_IR
  Analyzing: results\2d\reda21\reda21.f
PROFILE: time for this pass = 0.001000 sec (total 0.019000 sec)
RUN PASS with name BUILD_IR
  Analyzing: results\2d\reda21\reda21.f
  count of functions 13, count of lvls 3
     RD time for 'serprod2' function is 0.000 sec, iters 4
     RD time for 'sersum2mr' function is 0.000 sec, iters 4
     RD time for 'sersum2m' function is 0.000 sec, iters 4
     RD time for 'ansyes' function is 0.000 sec, iters 1
     RD time for 'ansno' function is 0.000 sec, iters 1
     RD time for 'sersum2' function is 0.000 sec, iters 4
     RD time for 'serprodr2' function is 0.000 sec, iters 4
     RD time for 'serlog2' function is 0.000 sec, iters 4

     RD time for 'reda2101' function is 0.000 sec, iters 4
     RD time for 'reda2102' function is 0.000 sec, iters 4
     RD time for 'reda2103' function is 0.000 sec, iters 4
     RD time for 'reda2104' function is 0.000 sec, iters 4

     RD time for 'reda21' function is 0.000 sec, iters 1

PROFILE: time for this pass = 0.005000 sec (total 0.025000 sec)
RUN PASS with name SUBST_EXPR_RD
  Analyzing: results\2d\reda21\reda21.f
PROFILE: time for this pass = 0.003000 sec (total 0.028000 sec)
RUN PASS with name LOOP_GRAPH
  Analyzing: results\2d\reda21\reda21.f
PROFILE: time for this pass = 0.001000 sec (total 0.030000 sec)
RUN PASS with name CALL_GRAPH
  Analyzing: results\2d\reda21\reda21.f
PROFILE: time for this pass = 0.002000 sec (total 0.033000 sec)
RUN PASS with name CALL_GRAPH2
  Analyzing: results\2d\reda21\reda21.f
  run for func reda21
  run for func reda2101
  run for func reda2102
  run for func reda2103
  run for func reda2104
  run for func sersum2
  run for func sersum2m
  run for func sersum2mr
  run for func serprod2
  run for func serprodr2
  run for func serlog2
  run for func ansyes
  run for func ansno
PROFILE: time for this pass = 0.002000 sec (total 0.035000 sec)
RUN PASS with name GET_STATS_FOR_PREDICTOR
  Analyzing: results\2d\reda21\reda21.f
    PAR LOOP [45 results\2d\reda21\reda21.f] total exec 451, total exec lines 4, avg 1.1275000000000000e+02
    PAR LOOP [70 results\2d\reda21\reda21.f] total exec 979, total exec lines 8, avg 1.2237500000000000e+02
    PAR LOOP [115 results\2d\reda21\reda21.f] total exec 83, total exec lines 4, avg 2.0750000000000000e+01
    PAR LOOP [122 results\2d\reda21\reda21.f] total exec 83, total exec lines 4, avg 2.0750000000000000e+01
    PAR LOOP [131 results\2d\reda21\reda21.f] total exec 451, total exec lines 4, avg 1.1275000000000000e+02
    PAR LOOP [141 results\2d\reda21\reda21.f] total exec 706, total exec lines 5, avg 1.4119999999999999e+02
    PAR LOOP [150 results\2d\reda21\reda21.f] total exec 451, total exec lines 4, avg 1.1275000000000000e+02
    PAR LOOP [183 results\2d\reda21\reda21.f] total exec 131, total exec lines 4, avg 3.2750000000000000e+01
    PAR LOOP [217 results\2d\reda21\reda21.f] total exec 320, total exec lines 15, avg 2.1333333333333332e+01
    PAR LOOP [277 results\2d\reda21\reda21.f] total exec 179, total exec lines 4, avg 4.4750000000000000e+01
    PAR LOOP [313 results\2d\reda21\reda21.f] total exec 406, total exec lines 14, avg 2.9000000000000000e+01
    average_parallel_exec 6.0571428571428569e+01
    parallel_rate 4.8819804260218769e-01
PROFILE: time for this pass = 0.010000 sec (total 0.046000 sec)

--------------------------------------------------
INFO.JSON file copied from ./info.json to ./results\2d\reda21\info.json

==================================================
Processing of reda21.f completed successfully at 2025-05-06 00:23:53
