=== Processing file: red42.f ===
Date and time: 2025-05-06 00:26:47
Dimension: 4d
==================================================

Copied ./sources\4d\red42.f to ./results\4d\red42\red42.f
Command: gfortran -O3 -g -fprofile-arcs -ftest-coverage "./results\4d\red42\red42.f" -o "./results\4d\red42\red42"
Output: 

--------------------------------------------------
Command: "./results\4d\red42\red42"
Output: 
 ===START OF RED42=======================
 RED4201  -  complete
 RED4202  -  complete
 RED4203  -  complete
 RED4204  -  complete
 RED4205  -  complete
 RED4206  -  complete
 RED4207  -  complete
 RED4208  -  complete
 RED4209  -  complete
 RED4210  -  complete
 RED4211  -  complete
 RED4212  -  complete
 RED4213  -  complete
 RED4214  -  complete
 === END OF RED42 ========================= 

--------------------------------------------------
Command: gcov -b "./results\4d\red42\red42.f"
Output: 
File 'results/4d/red42/red42.f'
Lines executed:93.12% of 581
Branches executed:96.63% of 594
Taken at least once:83.16% of 594
Calls executed:43.22% of 118
Creating 'red42.f.gcov'

Lines executed:93.12% of 581

--------------------------------------------------
GCOV file copied from ./red42.f.gcov to ./results\4d\red42\red42.f.gcov
Command: "../SAPFOR/_bin/Release/Sapfor_F.exe" -parse -spf "./results\4d\red42\red42.f"
Output: 
SAPFOR version is 2410, build date: Apr 23 2025 11:52:44, c++ version 201703
  parse file './results\4d\red42\red42.f'
  options: -spf 
files compilation order:
  ./results\4d\red42\red42.f
Parsing was completed successfully

--------------------------------------------------
Command: "../SAPFOR/_bin/Release/Sapfor_F.exe" -passN GET_STATS_FOR_PREDICTOR -keepDVM
Output: 
SAPFOR version is 2410, build date: Apr 23 2025 11:52:44, c++ version 201703
code for pass GET_STATS_FOR_PREDICTOR is 79
RUN PASS with name VERIFY_FUNC_DECL
  Analyzing: results\4d\red42\red42.f
PROFILE: time for this pass = 0.001000 sec (total 0.004000 sec)
RUN PASS with name FILE_LINE_INFO
  Analyzing: results\4d\red42\red42.f
  All lines in project 1200
PROFILE: time for this pass = 0.001000 sec (total 0.005000 sec)
RUN PASS with name BUILD_INCLUDE_DEPENDENCIES
  Analyzing: results\4d\red42\red42.f
PROFILE: time for this pass = 0.001000 sec (total 0.006000 sec)
RUN PASS with name CORRECT_VAR_DECL
  Analyzing: results\4d\red42\red42.f
PROFILE: time for this pass = 0.001000 sec (total 0.007000 sec)
RUN PASS with name VERIFY_OPERATORS
  Analyzing: results\4d\red42\red42.f
PROFILE: time for this pass = 0.000000 sec (total 0.008000 sec)
RUN PASS with name VERIFY_ENDDO
  Analyzing: results\4d\red42\red42.f
PROFILE: time for this pass = 0.000000 sec (total 0.009000 sec)
RUN PASS with name VERIFY_INCLUDES
  Analyzing: results\4d\red42\red42.f
PROFILE: time for this pass = 0.001000 sec (total 0.010000 sec)
RUN PASS with name PREPROC_ALLOCATES
  Analyzing: results\4d\red42\red42.f
  attribute (54 results\4d\red42\red42.f) is added to declaration on line 48 of results\4d\red42\red42.f file
  attribute (94 results\4d\red42\red42.f) is added to declaration on line 48 of results\4d\red42\red42.f file
  attribute (107 results\4d\red42\red42.f) is added to declaration on line 101 of results\4d\red42\red42.f file
  attribute (152 results\4d\red42\red42.f) is added to declaration on line 101 of results\4d\red42\red42.f file
  attribute (165 results\4d\red42\red42.f) is added to declaration on line 159 of results\4d\red42\red42.f file
  attribute (208 results\4d\red42\red42.f) is added to declaration on line 159 of results\4d\red42\red42.f file
  attribute (222 results\4d\red42\red42.f) is added to declaration on line 216 of results\4d\red42\red42.f file
  attribute (266 results\4d\red42\red42.f) is added to declaration on line 216 of results\4d\red42\red42.f file
  attribute (280 results\4d\red42\red42.f) is added to declaration on line 274 of results\4d\red42\red42.f file
  attribute (325 results\4d\red42\red42.f) is added to declaration on line 274 of results\4d\red42\red42.f file
  attribute (341 results\4d\red42\red42.f) is added to declaration on line 334 of results\4d\red42\red42.f file
  attribute (386 results\4d\red42\red42.f) is added to declaration on line 334 of results\4d\red42\red42.f file
  attribute (399 results\4d\red42\red42.f) is added to declaration on line 393 of results\4d\red42\red42.f file
  attribute (457 results\4d\red42\red42.f) is added to declaration on line 393 of results\4d\red42\red42.f file
  attribute (470 results\4d\red42\red42.f) is added to declaration on line 464 of results\4d\red42\red42.f file
  attribute (528 results\4d\red42\red42.f) is added to declaration on line 464 of results\4d\red42\red42.f file
  attribute (541 results\4d\red42\red42.f) is added to declaration on line 535 of results\4d\red42\red42.f file
  attribute (599 results\4d\red42\red42.f) is added to declaration on line 535 of results\4d\red42\red42.f file
  attribute (612 results\4d\red42\red42.f) is added to declaration on line 606 of results\4d\red42\red42.f file
  attribute (671 results\4d\red42\red42.f) is added to declaration on line 606 of results\4d\red42\red42.f file
  attribute (685 results\4d\red42\red42.f) is added to declaration on line 678 of results\4d\red42\red42.f file
  attribute (743 results\4d\red42\red42.f) is added to declaration on line 678 of results\4d\red42\red42.f file
  attribute (758 results\4d\red42\red42.f) is added to declaration on line 750 of results\4d\red42\red42.f file
  attribute (816 results\4d\red42\red42.f) is added to declaration on line 750 of results\4d\red42\red42.f file
  attribute (831 results\4d\red42\red42.f) is added to declaration on line 823 of results\4d\red42\red42.f file
  attribute (900 results\4d\red42\red42.f) is added to declaration on line 823 of results\4d\red42\red42.f file
  attribute (916 results\4d\red42\red42.f) is added to declaration on line 907 of results\4d\red42\red42.f file
  attribute (917 results\4d\red42\red42.f) is added to declaration on line 909 of results\4d\red42\red42.f file
  attribute (996 results\4d\red42\red42.f) is added to declaration on line 909 of results\4d\red42\red42.f file
  attribute (997 results\4d\red42\red42.f) is added to declaration on line 907 of results\4d\red42\red42.f file
PROFILE: time for this pass = 0.001000 sec (total 0.012000 sec)
RUN PASS with name CHECK_PAR_REG_DIR
  Analyzing: results\4d\red42\red42.f
PROFILE: time for this pass = 0.000000 sec (total 0.013000 sec)
RUN PASS with name FILL_PARALLEL_REG_IR
  Analyzing: results\4d\red42\red42.f
PROFILE: time for this pass = 0.001000 sec (total 0.014000 sec)
RUN PASS with name GET_ALL_ARRAY_DECL
  Analyzing: results\4d\red42\red42.f
PROFILE: time for this pass = 0.005000 sec (total 0.020000 sec)
RUN PASS with name FILL_COMMON_BLOCKS
  Analyzing: results\4d\red42\red42.f
PROFILE: time for this pass = 0.001000 sec (total 0.021000 sec)
RUN PASS with name PARSE_OMP_DIRS
  Analyzing: results\4d\red42\red42.f
PROFILE: time for this pass = 0.001000 sec (total 0.022000 sec)
RUN PASS with name PREPROC_SPF
  Analyzing: results\4d\red42\red42.f
PROFILE: time for this pass = 0.001000 sec (total 0.023000 sec)
RUN PASS with name CREATE_INTER_TREE
  Analyzing: results\4d\red42\red42.f
PROFILE: time for this pass = 0.004000 sec (total 0.027000 sec)
RUN PASS with name GCOV_PARSER
  Analyzing: results\4d\red42\red42.f
   Error: unable to open file statistic.txt
PROFILE: time for this pass = 0.003000 sec (total 0.031000 sec)
RUN PASS with name VERIFY_FORMAT
  Analyzing: results\4d\red42\red42.f
PROFILE: time for this pass = 0.000000 sec (total 0.032000 sec)
RUN PASS with name VERIFY_DVM_DIRS
  Analyzing: results\4d\red42\red42.f
PROFILE: time for this pass = 0.000000 sec (total 0.033000 sec)
RUN PASS with name PRIVATE_CALL_GRAPH_STAGE1
  Analyzing: results\4d\red42\red42.f
PROFILE: time for this pass = 0.000000 sec (total 0.033000 sec)
RUN PASS with name PRIVATE_CALL_GRAPH_STAGE2
  Analyzing: results\4d\red42\red42.f
PROFILE: time for this pass = 0.000000 sec (total 0.034000 sec)
RUN PASS with name MACRO_EXPANSION
  Analyzing: results\4d\red42\red42.f
PROFILE: time for this pass = 0.001000 sec (total 0.036000 sec)
RUN PASS with name CONVERT_ASSIGN_TO_LOOP
  Analyzing: results\4d\red42\red42.f
PROFILE: time for this pass = 0.004000 sec (total 0.040000 sec)
RUN PASS with name DEF_USE_STAGE1
  Analyzing: results\4d\red42\red42.f
PROFILE: time for this pass = 0.005000 sec (total 0.045000 sec)
RUN PASS with name DEF_USE_STAGE2
  Analyzing: results\4d\red42\red42.f
PROFILE: time for this pass = 0.001000 sec (total 0.046000 sec)
RUN PASS with name VERIFY_COMMON
  Analyzing: results\4d\red42\red42.f
PROFILE: time for this pass = 0.000000 sec (total 0.047000 sec)
RUN PASS with name CALL_GRAPH_IR
  Analyzing: results\4d\red42\red42.f
PROFILE: time for this pass = 0.004000 sec (total 0.052000 sec)
RUN PASS with name BUILD_IR
  Analyzing: results\4d\red42\red42.f
  count of functions 23, count of lvls 3
     RD time for 'serprodr4' function is 0.000 sec, iters 6
     RD time for 'ansno' function is 0.000 sec, iters 1
     RD time for 'sersum4' function is 0.000 sec, iters 6
     RD time for 'sersum4mr' function is 0.000 sec, iters 6
     RD time for 'sersum4m' function is 0.000 sec, iters 6
     RD time for 'serlog4' function is 0.000 sec, iters 6
     RD time for 'ansyes' function is 0.000 sec, iters 1
     RD time for 'serprod4' function is 0.000 sec, iters 6

     RD time for 'red4201' function is 0.000 sec, iters 6
     RD time for 'red4203' function is 0.000 sec, iters 6
     RD time for 'red4204' function is 0.000 sec, iters 6
     RD time for 'red4205' function is 0.000 sec, iters 6
     RD time for 'red4206' function is 0.000 sec, iters 6
     RD time for 'red4202' function is 0.000 sec, iters 6
     RD time for 'red4210' function is 0.001 sec, iters 6
     RD time for 'red4212' function is 0.000 sec, iters 6
     RD time for 'red4207' function is 0.001 sec, iters 6
     RD time for 'red4214' function is 0.002 sec, iters 6
     RD time for 'red4209' function is 0.001 sec, iters 6
     RD time for 'red4213' function is 0.001 sec, iters 6
     RD time for 'red4208' function is 0.001 sec, iters 6
     RD time for 'red4211' function is 0.000 sec, iters 6

     RD time for 'red42' function is 0.000 sec, iters 1

PROFILE: time for this pass = 0.027000 sec (total 0.080000 sec)
RUN PASS with name SUBST_EXPR_RD
  Analyzing: results\4d\red42\red42.f
PROFILE: time for this pass = 0.009000 sec (total 0.089000 sec)
RUN PASS with name LOOP_GRAPH
  Analyzing: results\4d\red42\red42.f
PROFILE: time for this pass = 0.005000 sec (total 0.095000 sec)
RUN PASS with name CALL_GRAPH
  Analyzing: results\4d\red42\red42.f
PROFILE: time for this pass = 0.009000 sec (total 0.105000 sec)
RUN PASS with name CALL_GRAPH2
  Analyzing: results\4d\red42\red42.f
  run for func red42
  run for func red4201
  run for func red4202
  run for func red4203
  run for func red4204
  run for func red4205
  run for func red4206
  run for func red4207
  run for func red4208
  run for func red4209
  run for func red4210
  run for func red4211
  run for func red4212
  run for func red4213
  run for func red4214
  run for func sersum4
  run for func sersum4m
  run for func sersum4mr
  run for func serprod4
  run for func serprodr4
  run for func serlog4
  run for func ansyes
  run for func ansno
PROFILE: time for this pass = 0.005000 sec (total 0.110000 sec)
RUN PASS with name GET_STATS_FOR_PREDICTOR
  Analyzing: results\4d\red42\red42.f
    PAR LOOP [66 results\4d\red42\red42.f] total exec 30547, total exec lines 8, avg 3.8183750000000000e+03
    PAR LOOP [77 results\4d\red42\red42.f] total exec 30547, total exec lines 8, avg 3.8183750000000000e+03
    PAR LOOP [119 results\4d\red42\red42.f] total exec 57171, total exec lines 12, avg 4.7642500000000000e+03
    PAR LOOP [135 results\4d\red42\red42.f] total exec 30547, total exec lines 8, avg 3.8183750000000000e+03
    PAR LOOP [168 results\4d\red42\red42.f] total exec 30547, total exec lines 8, avg 3.8183750000000000e+03
    PAR LOOP [191 results\4d\red42\red42.f] total exec 39763, total exec lines 9, avg 4.4181111111111113e+03
    PAR LOOP [225 results\4d\red42\red42.f] total exec 30547, total exec lines 8, avg 3.8183750000000000e+03
    PAR LOOP [249 results\4d\red42\red42.f] total exec 37278, total exec lines 9, avg 4.1420000000000000e+03
    PAR LOOP [283 results\4d\red42\red42.f] total exec 30547, total exec lines 8, avg 3.8183750000000000e+03
    PAR LOOP [308 results\4d\red42\red42.f] total exec 37278, total exec lines 9, avg 4.1420000000000000e+03
    PAR LOOP [353 results\4d\red42\red42.f] total exec 28587, total exec lines 12, avg 2.3822500000000000e+03
    PAR LOOP [369 results\4d\red42\red42.f] total exec 15275, total exec lines 8, avg 1.9093750000000000e+03
    PAR LOOP [407 results\4d\red42\red42.f] total exec 6995, total exec lines 8, avg 8.7437500000000000e+02
    PAR LOOP [418 results\4d\red42\red42.f] total exec 6995, total exec lines 8, avg 8.7437500000000000e+02
    PAR LOOP [435 results\4d\red42\red42.f] total exec 57170, total exec lines 11, avg 5.1972727272727270e+03
    PAR LOOP [478 results\4d\red42\red42.f] total exec 13139, total exec lines 8, avg 1.6423750000000000e+03
    PAR LOOP [489 results\4d\red42\red42.f] total exec 13139, total exec lines 8, avg 1.6423750000000000e+03
    PAR LOOP [506 results\4d\red42\red42.f] total exec 113490, total exec lines 11, avg 1.0317272727272728e+04
    PAR LOOP [549 results\4d\red42\red42.f] total exec 6995, total exec lines 8, avg 8.7437500000000000e+02
    PAR LOOP [560 results\4d\red42\red42.f] total exec 6995, total exec lines 8, avg 8.7437500000000000e+02
    PAR LOOP [577 results\4d\red42\red42.f] total exec 57170, total exec lines 11, avg 5.1972727272727270e+03
    PAR LOOP [621 results\4d\red42\red42.f] total exec 6995, total exec lines 8, avg 8.7437500000000000e+02
    PAR LOOP [632 results\4d\red42\red42.f] total exec 6995, total exec lines 8, avg 8.7437500000000000e+02
    PAR LOOP [649 results\4d\red42\red42.f] total exec 57170, total exec lines 11, avg 5.1972727272727270e+03
    PAR LOOP [688 results\4d\red42\red42.f] total exec 60243, total exec lines 8, avg 7.5303750000000000e+03
    PAR LOOP [718 results\4d\red42\red42.f] total exec 106698, total exec lines 14, avg 7.6212857142857147e+03
    PAR LOOP [761 results\4d\red42\red42.f] total exec 60243, total exec lines 8, avg 7.5303750000000000e+03
    PAR LOOP [791 results\4d\red42\red42.f] total exec 73763, total exec lines 14, avg 5.2687857142857147e+03
    PAR LOOP [841 results\4d\red42\red42.f] total exec 60243, total exec lines 8, avg 7.5303750000000000e+03
    PAR LOOP [878 results\4d\red42\red42.f] total exec 127827, total exec lines 12, avg 1.0652250000000000e+04
    PAR LOOP [927 results\4d\red42\red42.f] total exec 13139, total exec lines 8, avg 1.6423750000000000e+03
    PAR LOOP [938 results\4d\red42\red42.f] total exec 13139, total exec lines 8, avg 1.6423750000000000e+03
    PAR LOOP [955 results\4d\red42\red42.f] total exec 113491, total exec lines 12, avg 9.4575833333333339e+03
    PAR LOOP [971 results\4d\red42\red42.f] total exec 129874, total exec lines 12, avg 1.0822833333333334e+04
    average_parallel_exec 4.7352413793103451e+03
    parallel_rate 5.6104068016816266e-01
PROFILE: time for this pass = 0.067000 sec (total 0.178000 sec)

--------------------------------------------------
INFO.JSON file copied from ./info.json to ./results\4d\red42\info.json

==================================================
Processing of red42.f completed successfully at 2025-05-06 00:26:51
