=== Processing file: parallelNoOn12.f ===
Date and time: 2025-04-18 17:42:26
Dimension: 1d
==================================================

Copied ./sources\1d\parallelNoOn12.f to ./results\1d\parallelNoOn12\parallelNoOn12.f
Command: gfortran -O3 -g -fprofile-arcs -ftest-coverage "./results\1d\parallelNoOn12\parallelNoOn12.f" -o "./results\1d\parallelNoOn12\parallelNoOn12"
Output: 

--------------------------------------------------
Command: "./results\1d\parallelNoOn12\parallelNoOn12"
Output: 
 ===START OF parallelNoOn2========================
 parallelNoOn21  -  complete
 parallelNoOn22  -  complete
 parallelNoOn23  -  complete
 parallelNoOn24  -  complete
 === END OF parallelNoOn2 ========================= 

--------------------------------------------------
Command: gcov -b "./results\1d\parallelNoOn12\parallelNoOn12.f"
Output: 
File 'results/1d/parallelNoOn12/parallelNoOn12.f'
Lines executed:94.96% of 139
Branches executed:100.00% of 196
Taken at least once:78.57% of 196
Calls executed:34.43% of 61
Creating 'parallelNoOn12.f.gcov'

Lines executed:94.96% of 139

--------------------------------------------------
GCOV file copied from ./parallelNoOn12.f.gcov to ./results\1d\parallelNoOn12\parallelNoOn12.f.gcov
Command: "../SAPFOR/_bin/Release/Sapfor_F.exe" -parse -spf "./results\1d\parallelNoOn12\parallelNoOn12.f"
Output: 
SAPFOR version is 2409, build date: Apr 17 2025 18:48:12, c++ version 201703
  parse file './results\1d\parallelNoOn12\parallelNoOn12.f'
  options: -spf 
files compilation order:
  ./results\1d\parallelNoOn12\parallelNoOn12.f
Parsing was completed successfully

--------------------------------------------------
Command: "../SAPFOR/_bin/Release/Sapfor_F.exe" -passN GET_STATS_FOR_PREDICTOR -keepDVM
Output: 
SAPFOR version is 2409, build date: Apr 17 2025 18:48:12, c++ version 201703
code for pass GET_STATS_FOR_PREDICTOR is 79
RUN PASS with name VERIFY_FUNC_DECL
  Analyzing: results\1d\parallelNoOn12\parallelNoOn12.f
PROFILE: time for this pass = 0.000000 sec (total 0.001000 sec)
RUN PASS with name FILE_LINE_INFO
  Analyzing: results\1d\parallelNoOn12\parallelNoOn12.f
  All lines in project 305
PROFILE: time for this pass = 0.000000 sec (total 0.002000 sec)
RUN PASS with name BUILD_INCLUDE_DEPENDENCIES
  Analyzing: results\1d\parallelNoOn12\parallelNoOn12.f
PROFILE: time for this pass = 0.000000 sec (total 0.002000 sec)
RUN PASS with name CORRECT_VAR_DECL
  Analyzing: results\1d\parallelNoOn12\parallelNoOn12.f
PROFILE: time for this pass = 0.000000 sec (total 0.002000 sec)
RUN PASS with name VERIFY_OPERATORS
  Analyzing: results\1d\parallelNoOn12\parallelNoOn12.f
PROFILE: time for this pass = 0.000000 sec (total 0.003000 sec)
RUN PASS with name VERIFY_ENDDO
  Analyzing: results\1d\parallelNoOn12\parallelNoOn12.f
PROFILE: time for this pass = 0.000000 sec (total 0.003000 sec)
RUN PASS with name VERIFY_INCLUDES
  Analyzing: results\1d\parallelNoOn12\parallelNoOn12.f
PROFILE: time for this pass = 0.000000 sec (total 0.003000 sec)
RUN PASS with name PREPROC_ALLOCATES
  Analyzing: results\1d\parallelNoOn12\parallelNoOn12.f
  attribute (29 results\1d\parallelNoOn12\parallelNoOn12.f) is added to declaration on line 26 of results\1d\parallelNoOn12\parallelNoOn12.f file
  attribute (83 results\1d\parallelNoOn12\parallelNoOn12.f) is added to declaration on line 26 of results\1d\parallelNoOn12\parallelNoOn12.f file
  attribute (94 results\1d\parallelNoOn12\parallelNoOn12.f) is added to declaration on line 91 of results\1d\parallelNoOn12\parallelNoOn12.f file
  attribute (150 results\1d\parallelNoOn12\parallelNoOn12.f) is added to declaration on line 91 of results\1d\parallelNoOn12\parallelNoOn12.f file
  attribute (161 results\1d\parallelNoOn12\parallelNoOn12.f) is added to declaration on line 158 of results\1d\parallelNoOn12\parallelNoOn12.f file
  attribute (221 results\1d\parallelNoOn12\parallelNoOn12.f) is added to declaration on line 158 of results\1d\parallelNoOn12\parallelNoOn12.f file
  attribute (232 results\1d\parallelNoOn12\parallelNoOn12.f) is added to declaration on line 229 of results\1d\parallelNoOn12\parallelNoOn12.f file
  attribute (292 results\1d\parallelNoOn12\parallelNoOn12.f) is added to declaration on line 229 of results\1d\parallelNoOn12\parallelNoOn12.f file
PROFILE: time for this pass = 0.000000 sec (total 0.004000 sec)
RUN PASS with name CHECK_PAR_REG_DIR
  Analyzing: results\1d\parallelNoOn12\parallelNoOn12.f
PROFILE: time for this pass = 0.000000 sec (total 0.004000 sec)
RUN PASS with name FILL_PARALLEL_REG_IR
  Analyzing: results\1d\parallelNoOn12\parallelNoOn12.f
PROFILE: time for this pass = 0.000000 sec (total 0.004000 sec)
RUN PASS with name GET_ALL_ARRAY_DECL
  Analyzing: results\1d\parallelNoOn12\parallelNoOn12.f
PROFILE: time for this pass = 0.002000 sec (total 0.007000 sec)
RUN PASS with name FILL_COMMON_BLOCKS
  Analyzing: results\1d\parallelNoOn12\parallelNoOn12.f
PROFILE: time for this pass = 0.000000 sec (total 0.007000 sec)
RUN PASS with name PARSE_OMP_DIRS
  Analyzing: results\1d\parallelNoOn12\parallelNoOn12.f
PROFILE: time for this pass = 0.000000 sec (total 0.007000 sec)
RUN PASS with name PREPROC_SPF
  Analyzing: results\1d\parallelNoOn12\parallelNoOn12.f
PROFILE: time for this pass = 0.000000 sec (total 0.007000 sec)
RUN PASS with name CREATE_INTER_TREE
  Analyzing: results\1d\parallelNoOn12\parallelNoOn12.f
PROFILE: time for this pass = 0.002000 sec (total 0.010000 sec)
RUN PASS with name GCOV_PARSER
  Analyzing: results\1d\parallelNoOn12\parallelNoOn12.f
   Error: unable to open file statistic.txt
PROFILE: time for this pass = 0.000000 sec (total 0.011000 sec)
RUN PASS with name VERIFY_FORMAT
  Analyzing: results\1d\parallelNoOn12\parallelNoOn12.f
PROFILE: time for this pass = 0.000000 sec (total 0.011000 sec)
RUN PASS with name VERIFY_DVM_DIRS
  Analyzing: results\1d\parallelNoOn12\parallelNoOn12.f
PROFILE: time for this pass = 0.000000 sec (total 0.011000 sec)
RUN PASS with name PRIVATE_CALL_GRAPH_STAGE1
  Analyzing: results\1d\parallelNoOn12\parallelNoOn12.f
PROFILE: time for this pass = 0.000000 sec (total 0.011000 sec)
RUN PASS with name PRIVATE_CALL_GRAPH_STAGE2
  Analyzing: results\1d\parallelNoOn12\parallelNoOn12.f
PROFILE: time for this pass = 0.000000 sec (total 0.012000 sec)
RUN PASS with name MACRO_EXPANSION
  Analyzing: results\1d\parallelNoOn12\parallelNoOn12.f
PROFILE: time for this pass = 0.000000 sec (total 0.012000 sec)
RUN PASS with name CONVERT_ASSIGN_TO_LOOP
  Analyzing: results\1d\parallelNoOn12\parallelNoOn12.f
PROFILE: time for this pass = 0.000000 sec (total 0.012000 sec)
RUN PASS with name DEF_USE_STAGE1
  Analyzing: results\1d\parallelNoOn12\parallelNoOn12.f
PROFILE: time for this pass = 0.000000 sec (total 0.013000 sec)
RUN PASS with name DEF_USE_STAGE2
  Analyzing: results\1d\parallelNoOn12\parallelNoOn12.f
PROFILE: time for this pass = 0.000000 sec (total 0.014000 sec)
RUN PASS with name VERIFY_COMMON
  Analyzing: results\1d\parallelNoOn12\parallelNoOn12.f
PROFILE: time for this pass = 0.000000 sec (total 0.014000 sec)
RUN PASS with name CALL_GRAPH_IR
  Analyzing: results\1d\parallelNoOn12\parallelNoOn12.f
PROFILE: time for this pass = 0.000000 sec (total 0.014000 sec)
RUN PASS with name BUILD_IR
  Analyzing: results\1d\parallelNoOn12\parallelNoOn12.f
  count of functions 7, count of lvls 3
     RD time for 'ansyes' function is 0.000 sec, iters 1
     RD time for 'ansno' function is 0.000 sec, iters 1

     RD time for 'parallelnoon21' function is 0.000 sec, iters 4
     RD time for 'parallelnoon22' function is 0.000 sec, iters 4
     RD time for 'parallelnoon23' function is 0.000 sec, iters 4
     RD time for 'parallelnoon24' function is 0.000 sec, iters 4

     RD time for 'parallelnoon2' function is 0.000 sec, iters 1

PROFILE: time for this pass = 0.003000 sec (total 0.018000 sec)
RUN PASS with name SUBST_EXPR_RD
  Analyzing: results\1d\parallelNoOn12\parallelNoOn12.f
PROFILE: time for this pass = 0.001000 sec (total 0.019000 sec)
RUN PASS with name LOOP_GRAPH
  Analyzing: results\1d\parallelNoOn12\parallelNoOn12.f
PROFILE: time for this pass = 0.001000 sec (total 0.021000 sec)
RUN PASS with name CALL_GRAPH
  Analyzing: results\1d\parallelNoOn12\parallelNoOn12.f
PROFILE: time for this pass = 0.001000 sec (total 0.022000 sec)
RUN PASS with name CALL_GRAPH2
  Analyzing: results\1d\parallelNoOn12\parallelNoOn12.f
  run for func parallelnoon2
  run for func parallelnoon21
  run for func parallelnoon22
  run for func parallelnoon23
  run for func parallelnoon24
  run for func ansyes
  run for func ansno
PROFILE: time for this pass = 0.001000 sec (total 0.023000 sec)
RUN PASS with name GET_STATS_FOR_PREDICTOR
  Analyzing: results\1d\parallelNoOn12\parallelNoOn12.f
    PAR LOOP [50 results\1d\parallelNoOn12\parallelNoOn12.f] total exec 60603, total exec lines 8, avg 7.5753750000000000e+03
    PAR LOOP [61 results\1d\parallelNoOn12\parallelNoOn12.f] total exec 29207, total exec lines 4, avg 7.3017500000000000e+03
    PAR LOOP [68 results\1d\parallelNoOn12\parallelNoOn12.f] total exec 38909, total exec lines 5, avg 7.7818000000000002e+03
    PAR LOOP [115 results\1d\parallelNoOn12\parallelNoOn12.f] total exec 70603, total exec lines 9, avg 7.8447777777777774e+03
    PAR LOOP [128 results\1d\parallelNoOn12\parallelNoOn12.f] total exec 48415, total exec lines 6, avg 8.0691666666666670e+03
    PAR LOOP [137 results\1d\parallelNoOn12\parallelNoOn12.f] total exec 38909, total exec lines 5, avg 7.7818000000000002e+03
    PAR LOOP [185 results\1d\parallelNoOn12\parallelNoOn12.f] total exec 70603, total exec lines 10, avg 7.0603000000000002e+03
    PAR LOOP [199 results\1d\parallelNoOn12\parallelNoOn12.f] total exec 38419, total exec lines 5, avg 7.6838000000000002e+03
    PAR LOOP [207 results\1d\parallelNoOn12\parallelNoOn12.f] total exec 60503, total exec lines 7, avg 8.6432857142857138e+03
    PAR LOOP [256 results\1d\parallelNoOn12\parallelNoOn12.f] total exec 70603, total exec lines 10, avg 7.0603000000000002e+03
    PAR LOOP [270 results\1d\parallelNoOn12\parallelNoOn12.f] total exec 38811, total exec lines 5, avg 7.7621999999999998e+03
    PAR LOOP [278 results\1d\parallelNoOn12\parallelNoOn12.f] total exec 60503, total exec lines 7, avg 8.6432857142857138e+03
    average_parallel_exec 7.7294814814814818e+03
    parallel_rate 6.1011637357261606e-01

--------------------------------------------------
INFO.JSON file copied from ./info.json to ./results\1d\parallelNoOn12\info.json

==================================================
Processing of parallelNoOn12.f completed successfully at 2025-04-18 17:42:27
