=== Processing file: sh31.f ===
Date and time: 2025-05-06 00:26:18
Dimension: 3d
==================================================

Copied ./sources\3d\sh31.f to ./results\3d\sh31\sh31.f
Command: gfortran -O3 -g -fprofile-arcs -ftest-coverage "./results\3d\sh31\sh31.f" -o "./results\3d\sh31\sh31"
Output: 

--------------------------------------------------
Command: "./results\3d\sh31\sh31"
Output: 
 ===START OF SH31========================
 SH3101  -  complete
 SH3102  -  complete
 SH3103  -  complete
 SH3104  -  complete
 SH3105  -  complete
 SH3106  -  complete
 SH3107  -  complete
 SH3108  -  complete
 SH3109  -  complete
 === END OF SH31 ========================= 

--------------------------------------------------
Command: gcov -b "./results\3d\sh31\sh31.f"
Output: 
File 'results/3d/sh31/sh31.f'
Lines executed:86.78% of 295
Branches executed:100.00% of 312
Taken at least once:76.92% of 312
Calls executed:37.38% of 107
Creating 'sh31.f.gcov'

Lines executed:86.78% of 295

--------------------------------------------------
GCOV file copied from ./sh31.f.gcov to ./results\3d\sh31\sh31.f.gcov
Command: "../SAPFOR/_bin/Release/Sapfor_F.exe" -parse -spf "./results\3d\sh31\sh31.f"
Output: 
SAPFOR version is 2410, build date: Apr 23 2025 11:52:44, c++ version 201703
  parse file './results\3d\sh31\sh31.f'
  options: -spf 
files compilation order:
  ./results\3d\sh31\sh31.f
Parsing was completed successfully

--------------------------------------------------
Command: "../SAPFOR/_bin/Release/Sapfor_F.exe" -passN GET_STATS_FOR_PREDICTOR -keepDVM
Output: 
SAPFOR version is 2410, build date: Apr 23 2025 11:52:44, c++ version 201703
code for pass GET_STATS_FOR_PREDICTOR is 79
RUN PASS with name VERIFY_FUNC_DECL
  Analyzing: results\3d\sh31\sh31.f
PROFILE: time for this pass = 0.000000 sec (total 0.003000 sec)
RUN PASS with name FILE_LINE_INFO
  Analyzing: results\3d\sh31\sh31.f
  All lines in project 691
PROFILE: time for this pass = 0.001000 sec (total 0.004000 sec)
RUN PASS with name BUILD_INCLUDE_DEPENDENCIES
  Analyzing: results\3d\sh31\sh31.f
PROFILE: time for this pass = 0.000000 sec (total 0.005000 sec)
RUN PASS with name CORRECT_VAR_DECL
  Analyzing: results\3d\sh31\sh31.f
PROFILE: time for this pass = 0.000000 sec (total 0.006000 sec)
RUN PASS with name VERIFY_OPERATORS
  Analyzing: results\3d\sh31\sh31.f
PROFILE: time for this pass = 0.000000 sec (total 0.007000 sec)
RUN PASS with name VERIFY_ENDDO
  Analyzing: results\3d\sh31\sh31.f
PROFILE: time for this pass = 0.000000 sec (total 0.008000 sec)
RUN PASS with name VERIFY_INCLUDES
  Analyzing: results\3d\sh31\sh31.f
PROFILE: time for this pass = 0.000000 sec (total 0.008000 sec)
RUN PASS with name PREPROC_ALLOCATES
  Analyzing: results\3d\sh31\sh31.f
  attribute (43 results\3d\sh31\sh31.f) is added to declaration on line 35 of results\3d\sh31\sh31.f file
  attribute (99 results\3d\sh31\sh31.f) is added to declaration on line 35 of results\3d\sh31\sh31.f file
  attribute (114 results\3d\sh31\sh31.f) is added to declaration on line 105 of results\3d\sh31\sh31.f file
  attribute (169 results\3d\sh31\sh31.f) is added to declaration on line 105 of results\3d\sh31\sh31.f file
  attribute (184 results\3d\sh31\sh31.f) is added to declaration on line 175 of results\3d\sh31\sh31.f file
  attribute (239 results\3d\sh31\sh31.f) is added to declaration on line 175 of results\3d\sh31\sh31.f file
  attribute (255 results\3d\sh31\sh31.f) is added to declaration on line 246 of results\3d\sh31\sh31.f file
  attribute (310 results\3d\sh31\sh31.f) is added to declaration on line 246 of results\3d\sh31\sh31.f file
  attribute (326 results\3d\sh31\sh31.f) is added to declaration on line 317 of results\3d\sh31\sh31.f file
  attribute (381 results\3d\sh31\sh31.f) is added to declaration on line 317 of results\3d\sh31\sh31.f file
  attribute (398 results\3d\sh31\sh31.f) is added to declaration on line 389 of results\3d\sh31\sh31.f file
  attribute (453 results\3d\sh31\sh31.f) is added to declaration on line 389 of results\3d\sh31\sh31.f file
  attribute (469 results\3d\sh31\sh31.f) is added to declaration on line 460 of results\3d\sh31\sh31.f file
  attribute (524 results\3d\sh31\sh31.f) is added to declaration on line 460 of results\3d\sh31\sh31.f file
  attribute (541 results\3d\sh31\sh31.f) is added to declaration on line 532 of results\3d\sh31\sh31.f file
  attribute (596 results\3d\sh31\sh31.f) is added to declaration on line 532 of results\3d\sh31\sh31.f file
  attribute (612 results\3d\sh31\sh31.f) is added to declaration on line 603 of results\3d\sh31\sh31.f file
  attribute (667 results\3d\sh31\sh31.f) is added to declaration on line 603 of results\3d\sh31\sh31.f file
PROFILE: time for this pass = 0.001000 sec (total 0.009000 sec)
RUN PASS with name CHECK_PAR_REG_DIR
  Analyzing: results\3d\sh31\sh31.f
PROFILE: time for this pass = 0.000000 sec (total 0.010000 sec)
RUN PASS with name FILL_PARALLEL_REG_IR
  Analyzing: results\3d\sh31\sh31.f
PROFILE: time for this pass = 0.001000 sec (total 0.012000 sec)
RUN PASS with name GET_ALL_ARRAY_DECL
  Analyzing: results\3d\sh31\sh31.f
PROFILE: time for this pass = 0.005000 sec (total 0.017000 sec)
RUN PASS with name FILL_COMMON_BLOCKS
  Analyzing: results\3d\sh31\sh31.f
PROFILE: time for this pass = 0.000000 sec (total 0.018000 sec)
RUN PASS with name PARSE_OMP_DIRS
  Analyzing: results\3d\sh31\sh31.f
PROFILE: time for this pass = 0.000000 sec (total 0.019000 sec)
RUN PASS with name PREPROC_SPF
  Analyzing: results\3d\sh31\sh31.f
PROFILE: time for this pass = 0.000000 sec (total 0.020000 sec)
RUN PASS with name CREATE_INTER_TREE
  Analyzing: results\3d\sh31\sh31.f
PROFILE: time for this pass = 0.002000 sec (total 0.022000 sec)
RUN PASS with name GCOV_PARSER
  Analyzing: results\3d\sh31\sh31.f
   Error: unable to open file statistic.txt
PROFILE: time for this pass = 0.001000 sec (total 0.024000 sec)
RUN PASS with name VERIFY_FORMAT
  Analyzing: results\3d\sh31\sh31.f
PROFILE: time for this pass = 0.000000 sec (total 0.025000 sec)
RUN PASS with name VERIFY_DVM_DIRS
  Analyzing: results\3d\sh31\sh31.f
PROFILE: time for this pass = 0.000000 sec (total 0.025000 sec)
RUN PASS with name PRIVATE_CALL_GRAPH_STAGE1
  Analyzing: results\3d\sh31\sh31.f
PROFILE: time for this pass = 0.000000 sec (total 0.026000 sec)
RUN PASS with name PRIVATE_CALL_GRAPH_STAGE2
  Analyzing: results\3d\sh31\sh31.f
PROFILE: time for this pass = 0.000000 sec (total 0.027000 sec)
RUN PASS with name MACRO_EXPANSION
  Analyzing: results\3d\sh31\sh31.f
PROFILE: time for this pass = 0.000000 sec (total 0.028000 sec)
RUN PASS with name CONVERT_ASSIGN_TO_LOOP
  Analyzing: results\3d\sh31\sh31.f
PROFILE: time for this pass = 0.001000 sec (total 0.029000 sec)
RUN PASS with name DEF_USE_STAGE1
  Analyzing: results\3d\sh31\sh31.f
PROFILE: time for this pass = 0.003000 sec (total 0.032000 sec)
RUN PASS with name DEF_USE_STAGE2
  Analyzing: results\3d\sh31\sh31.f
PROFILE: time for this pass = 0.000000 sec (total 0.033000 sec)
RUN PASS with name VERIFY_COMMON
  Analyzing: results\3d\sh31\sh31.f
PROFILE: time for this pass = 0.000000 sec (total 0.034000 sec)
RUN PASS with name CALL_GRAPH_IR
  Analyzing: results\3d\sh31\sh31.f
PROFILE: time for this pass = 0.003000 sec (total 0.037000 sec)
RUN PASS with name BUILD_IR
  Analyzing: results\3d\sh31\sh31.f
  count of functions 13, count of lvls 3
     RD time for 'ansno' function is 0.000 sec, iters 1
     RD time for 'ansyes' function is 0.000 sec, iters 1
     RD time for 'serial3' function is 0.000 sec, iters 5

     RD time for 'sh3103' function is 0.000 sec, iters 5
     RD time for 'sh3101' function is 0.000 sec, iters 5
     RD time for 'sh3102' function is 0.000 sec, iters 5
     RD time for 'sh3108' function is 0.000 sec, iters 5
     RD time for 'sh3104' function is 0.000 sec, iters 5
     RD time for 'sh3106' function is 0.000 sec, iters 5
     RD time for 'sh3109' function is 0.000 sec, iters 5
     RD time for 'sh3105' function is 0.000 sec, iters 5
     RD time for 'sh3107' function is 0.000 sec, iters 5

     RD time for 'sh31' function is 0.000 sec, iters 1

PROFILE: time for this pass = 0.010000 sec (total 0.047000 sec)
RUN PASS with name SUBST_EXPR_RD
  Analyzing: results\3d\sh31\sh31.f
PROFILE: time for this pass = 0.006000 sec (total 0.054000 sec)
RUN PASS with name LOOP_GRAPH
  Analyzing: results\3d\sh31\sh31.f
PROFILE: time for this pass = 0.005000 sec (total 0.059000 sec)
RUN PASS with name CALL_GRAPH
  Analyzing: results\3d\sh31\sh31.f
PROFILE: time for this pass = 0.005000 sec (total 0.065000 sec)
RUN PASS with name CALL_GRAPH2
  Analyzing: results\3d\sh31\sh31.f
  run for func sh31
  run for func sh3101
  run for func sh3102
  run for func sh3103
  run for func sh3104
  run for func sh3105
  run for func sh3106
  run for func sh3107
  run for func sh3108
  run for func sh3109
  run for func serial3
  run for func ansyes
  run for func ansno
PROFILE: time for this pass = 0.003000 sec (total 0.068000 sec)
RUN PASS with name GET_STATS_FOR_PREDICTOR
  Analyzing: results\3d\sh31\sh31.f
    PAR LOOP [53 results\3d\sh31\sh31.f] total exec 3795, total exec lines 6, avg 6.3250000000000000e+02
    PAR LOOP [62 results\3d\sh31\sh31.f] total exec 2005, total exec lines 6, avg 3.3416666666666669e+02
    PAR LOOP [76 results\3d\sh31\sh31.f] total exec 3097, total exec lines 11, avg 2.8154545454545456e+02
    PAR LOOP [124 results\3d\sh31\sh31.f] total exec 13651, total exec lines 6, avg 2.2751666666666665e+03
    PAR LOOP [134 results\3d\sh31\sh31.f] total exec 5967, total exec lines 6, avg 9.9450000000000000e+02
    PAR LOOP [147 results\3d\sh31\sh31.f] total exec 9567, total exec lines 11, avg 8.6972727272727275e+02
    PAR LOOP [194 results\3d\sh31\sh31.f] total exec 13651, total exec lines 6, avg 2.2751666666666665e+03
    PAR LOOP [204 results\3d\sh31\sh31.f] total exec 5967, total exec lines 6, avg 9.9450000000000000e+02
    PAR LOOP [217 results\3d\sh31\sh31.f] total exec 9567, total exec lines 11, avg 8.6972727272727275e+02
    PAR LOOP [265 results\3d\sh31\sh31.f] total exec 13651, total exec lines 6, avg 2.2751666666666665e+03
    PAR LOOP [275 results\3d\sh31\sh31.f] total exec 5967, total exec lines 6, avg 9.9450000000000000e+02
    PAR LOOP [288 results\3d\sh31\sh31.f] total exec 9567, total exec lines 11, avg 8.6972727272727275e+02
    PAR LOOP [336 results\3d\sh31\sh31.f] total exec 13651, total exec lines 6, avg 2.2751666666666665e+03
    PAR LOOP [346 results\3d\sh31\sh31.f] total exec 5967, total exec lines 6, avg 9.9450000000000000e+02
    PAR LOOP [359 results\3d\sh31\sh31.f] total exec 9567, total exec lines 11, avg 8.6972727272727275e+02
    PAR LOOP [408 results\3d\sh31\sh31.f] total exec 13651, total exec lines 6, avg 2.2751666666666665e+03
    PAR LOOP [418 results\3d\sh31\sh31.f] total exec 3553, total exec lines 6, avg 5.9216666666666663e+02
    PAR LOOP [431 results\3d\sh31\sh31.f] total exec 5653, total exec lines 11, avg 5.1390909090909088e+02
    PAR LOOP [479 results\3d\sh31\sh31.f] total exec 13651, total exec lines 6, avg 2.2751666666666665e+03
    PAR LOOP [489 results\3d\sh31\sh31.f] total exec 3553, total exec lines 6, avg 5.9216666666666663e+02
    PAR LOOP [502 results\3d\sh31\sh31.f] total exec 5653, total exec lines 11, avg 5.1390909090909088e+02
    PAR LOOP [551 results\3d\sh31\sh31.f] total exec 13651, total exec lines 6, avg 2.2751666666666665e+03
    PAR LOOP [561 results\3d\sh31\sh31.f] total exec 3553, total exec lines 6, avg 5.9216666666666663e+02
    PAR LOOP [574 results\3d\sh31\sh31.f] total exec 5653, total exec lines 11, avg 5.1390909090909088e+02
    PAR LOOP [622 results\3d\sh31\sh31.f] total exec 5256603, total exec lines 6, avg 8.7610050000000000e+05
    PAR LOOP [632 results\3d\sh31\sh31.f] total exec 2872089, total exec lines 6, avg 4.7868150000000000e+05
    PAR LOOP [645 results\3d\sh31\sh31.f] total exec 4764077, total exec lines 11, avg 4.3309790909090912e+05
    average_parallel_exec 6.3222111111111109e+04
    parallel_rate 7.0955307240761367e-01
PROFILE: time for this pass = 0.051000 sec (total 0.120000 sec)

--------------------------------------------------
INFO.JSON file copied from ./info.json to ./results\3d\sh31\info.json

==================================================
Processing of sh31.f completed successfully at 2025-05-06 00:26:19
