=== Processing file: align33.f ===
Date and time: 2025-04-23 11:56:59
Dimension: 3d
==================================================

Copied ./sources\3d\align33.f to ./results\3d\align33\align33.f
Command: gfortran -O3 -g -fprofile-arcs -ftest-coverage "./results\3d\align33\align33.f" -o "./results\3d\align33\align33"
Output: 

--------------------------------------------------
Command: "./results\3d\align33\align33"
Output: 
 ===START OF align33========================
 align331   -  complete
 === END OF align33 ========================= 

--------------------------------------------------
Command: gcov -b "./results\3d\align33\align33.f"
Output: 
File 'results/3d/align33/align33.f'
Lines executed:89.13% of 46
Branches executed:100.00% of 40
Taken at least once:85.00% of 40
Calls executed:62.50% of 24
Creating 'align33.f.gcov'

Lines executed:89.13% of 46

--------------------------------------------------
GCOV file copied from ./align33.f.gcov to ./results\3d\align33\align33.f.gcov
Command: "../SAPFOR/_bin/Release/Sapfor_F.exe" -parse -spf "./results\3d\align33\align33.f"
Output: 
SAPFOR version is 2410, build date: Apr 23 2025 11:52:44, c++ version 201703
  parse file './results\3d\align33\align33.f'
  options: -spf 
files compilation order:
  ./results\3d\align33\align33.f
Parsing was completed successfully

--------------------------------------------------
Command: "../SAPFOR/_bin/Release/Sapfor_F.exe" -passN GET_STATS_FOR_PREDICTOR -keepDVM
Output: 
SAPFOR version is 2410, build date: Apr 23 2025 11:52:44, c++ version 201703
code for pass GET_STATS_FOR_PREDICTOR is 79
RUN PASS with name VERIFY_FUNC_DECL
  Analyzing: results\3d\align33\align33.f
PROFILE: time for this pass = 0.000000 sec (total 0.001000 sec)
RUN PASS with name FILE_LINE_INFO
  Analyzing: results\3d\align33\align33.f
  All lines in project 120
PROFILE: time for this pass = 0.000000 sec (total 0.001000 sec)
RUN PASS with name BUILD_INCLUDE_DEPENDENCIES
  Analyzing: results\3d\align33\align33.f
PROFILE: time for this pass = 0.000000 sec (total 0.001000 sec)
RUN PASS with name CORRECT_VAR_DECL
  Analyzing: results\3d\align33\align33.f
PROFILE: time for this pass = 0.000000 sec (total 0.002000 sec)
RUN PASS with name VERIFY_OPERATORS
  Analyzing: results\3d\align33\align33.f
PROFILE: time for this pass = 0.000000 sec (total 0.002000 sec)
RUN PASS with name VERIFY_ENDDO
  Analyzing: results\3d\align33\align33.f
PROFILE: time for this pass = 0.000000 sec (total 0.002000 sec)
RUN PASS with name VERIFY_INCLUDES
  Analyzing: results\3d\align33\align33.f
PROFILE: time for this pass = 0.000000 sec (total 0.002000 sec)
RUN PASS with name PREPROC_ALLOCATES
  Analyzing: results\3d\align33\align33.f
  attribute (34 results\3d\align33\align33.f) is added to declaration on line 27 of results\3d\align33\align33.f file
  attribute (108 results\3d\align33\align33.f) is added to declaration on line 27 of results\3d\align33\align33.f file
PROFILE: time for this pass = 0.000000 sec (total 0.002000 sec)
RUN PASS with name CHECK_PAR_REG_DIR
  Analyzing: results\3d\align33\align33.f
PROFILE: time for this pass = 0.000000 sec (total 0.002000 sec)
RUN PASS with name FILL_PARALLEL_REG_IR
  Analyzing: results\3d\align33\align33.f
PROFILE: time for this pass = 0.000000 sec (total 0.003000 sec)
RUN PASS with name GET_ALL_ARRAY_DECL
  Analyzing: results\3d\align33\align33.f
PROFILE: time for this pass = 0.000000 sec (total 0.003000 sec)
RUN PASS with name FILL_COMMON_BLOCKS
  Analyzing: results\3d\align33\align33.f
PROFILE: time for this pass = 0.000000 sec (total 0.004000 sec)
RUN PASS with name PARSE_OMP_DIRS
  Analyzing: results\3d\align33\align33.f
PROFILE: time for this pass = 0.000000 sec (total 0.004000 sec)
RUN PASS with name PREPROC_SPF
  Analyzing: results\3d\align33\align33.f
PROFILE: time for this pass = 0.000000 sec (total 0.004000 sec)
RUN PASS with name CREATE_INTER_TREE
  Analyzing: results\3d\align33\align33.f
PROFILE: time for this pass = 0.000000 sec (total 0.005000 sec)
RUN PASS with name GCOV_PARSER
  Analyzing: results\3d\align33\align33.f
   Error: unable to open file statistic.txt
PROFILE: time for this pass = 0.000000 sec (total 0.006000 sec)
RUN PASS with name VERIFY_FORMAT
  Analyzing: results\3d\align33\align33.f
PROFILE: time for this pass = 0.000000 sec (total 0.006000 sec)
RUN PASS with name VERIFY_DVM_DIRS
  Analyzing: results\3d\align33\align33.f
PROFILE: time for this pass = 0.000000 sec (total 0.006000 sec)
RUN PASS with name PRIVATE_CALL_GRAPH_STAGE1
  Analyzing: results\3d\align33\align33.f
PROFILE: time for this pass = 0.000000 sec (total 0.006000 sec)
RUN PASS with name PRIVATE_CALL_GRAPH_STAGE2
  Analyzing: results\3d\align33\align33.f
PROFILE: time for this pass = 0.000000 sec (total 0.006000 sec)
RUN PASS with name MACRO_EXPANSION
  Analyzing: results\3d\align33\align33.f
PROFILE: time for this pass = 0.000000 sec (total 0.006000 sec)
RUN PASS with name CONVERT_ASSIGN_TO_LOOP
  Analyzing: results\3d\align33\align33.f
PROFILE: time for this pass = 0.000000 sec (total 0.007000 sec)
RUN PASS with name DEF_USE_STAGE1
  Analyzing: results\3d\align33\align33.f
PROFILE: time for this pass = 0.000000 sec (total 0.007000 sec)
RUN PASS with name DEF_USE_STAGE2
  Analyzing: results\3d\align33\align33.f
PROFILE: time for this pass = 0.000000 sec (total 0.007000 sec)
RUN PASS with name VERIFY_COMMON
  Analyzing: results\3d\align33\align33.f
PROFILE: time for this pass = 0.000000 sec (total 0.007000 sec)
RUN PASS with name CALL_GRAPH_IR
  Analyzing: results\3d\align33\align33.f
PROFILE: time for this pass = 0.000000 sec (total 0.007000 sec)
RUN PASS with name BUILD_IR
  Analyzing: results\3d\align33\align33.f
  count of functions 4, count of lvls 3
     RD time for 'ansyes' function is 0.000 sec, iters 1
     RD time for 'ansno' function is 0.000 sec, iters 1

     RD time for 'align331' function is 0.001 sec, iters 5

     RD time for 'align33' function is 0.000 sec, iters 1

PROFILE: time for this pass = 0.001000 sec (total 0.009000 sec)
RUN PASS with name SUBST_EXPR_RD
  Analyzing: results\3d\align33\align33.f
PROFILE: time for this pass = 0.000000 sec (total 0.010000 sec)
RUN PASS with name LOOP_GRAPH
  Analyzing: results\3d\align33\align33.f
PROFILE: time for this pass = 0.000000 sec (total 0.011000 sec)
RUN PASS with name CALL_GRAPH
  Analyzing: results\3d\align33\align33.f
PROFILE: time for this pass = 0.000000 sec (total 0.012000 sec)
RUN PASS with name CALL_GRAPH2
  Analyzing: results\3d\align33\align33.f
  run for func align33
  run for func align331
  run for func ansyes
  run for func ansno
PROFILE: time for this pass = 0.000000 sec (total 0.012000 sec)
RUN PASS with name GET_STATS_FOR_PREDICTOR
  Analyzing: results\3d\align33\align33.f
    PAR LOOP [43 results\3d\align33\align33.f] total exec 57, total exec lines 6, avg 9.5000000000000000e+00
    PAR LOOP [52 results\3d\align33\align33.f] total exec 785, total exec lines 12, avg 6.5416666666666671e+01
    PAR LOOP [77 results\3d\align33\align33.f] total exec 89, total exec lines 10, avg 8.9000000000000004e+00
    average_parallel_exec 3.3250000000000000e+01
    parallel_rate 9.1543756145526056e-01
PROFILE: time for this pass = 0.002000 sec (total 0.015000 sec)

--------------------------------------------------
INFO.JSON file copied from ./info.json to ./results\3d\align33\info.json

==================================================
Processing of align33.f completed successfully at 2025-04-23 11:56:59
