=== Processing file: align11.f ===
Date and time: 2025-04-18 17:41:53
Dimension: 1d
==================================================

Copied ./sources\1d\align11.f to ./results\1d\align11\align11.f
Command: gfortran -O3 -g -fprofile-arcs -ftest-coverage "./results\1d\align11\align11.f" -o "./results\1d\align11\align11"
Output: 

--------------------------------------------------
Command: "./results\1d\align11\align11"
Output: 
 ===START OF align11========================
 align111   -  complete
 align1111  -  complete
 align1112  -  complete
 align112   -  complete
 align114   -  complete
 align115   -  complete
 === END OF align11 ========================= 

--------------------------------------------------
Command: gcov -b "./results\1d\align11\align11.f"
Output: 
File 'results/1d/align11/align11.f'
Lines executed:75.29% of 174
Branches executed:86.67% of 150
Taken at least once:59.33% of 150
Calls executed:38.46% of 65
Creating 'align11.f.gcov'

Lines executed:75.29% of 174

--------------------------------------------------
GCOV file copied from ./align11.f.gcov to ./results\1d\align11\align11.f.gcov
Command: "../SAPFOR/_bin/Release/Sapfor_F.exe" -parse -spf "./results\1d\align11\align11.f"
Output: 
SAPFOR version is 2409, build date: Apr 17 2025 18:48:12, c++ version 201703
  parse file './results\1d\align11\align11.f'
  options: -spf 
files compilation order:
  ./results\1d\align11\align11.f
Parsing was completed successfully

--------------------------------------------------
Command: "../SAPFOR/_bin/Release/Sapfor_F.exe" -passN GET_STATS_FOR_PREDICTOR -keepDVM
Output: 
SAPFOR version is 2409, build date: Apr 17 2025 18:48:12, c++ version 201703
code for pass GET_STATS_FOR_PREDICTOR is 79
RUN PASS with name VERIFY_FUNC_DECL
  Analyzing: results\1d\align11\align11.f
PROFILE: time for this pass = 0.000000 sec (total 0.001000 sec)
RUN PASS with name FILE_LINE_INFO
  Analyzing: results\1d\align11\align11.f
  All lines in project 441
PROFILE: time for this pass = 0.000000 sec (total 0.002000 sec)
RUN PASS with name BUILD_INCLUDE_DEPENDENCIES
  Analyzing: results\1d\align11\align11.f
PROFILE: time for this pass = 0.000000 sec (total 0.002000 sec)
RUN PASS with name CORRECT_VAR_DECL
  Analyzing: results\1d\align11\align11.f
PROFILE: time for this pass = 0.000000 sec (total 0.002000 sec)
RUN PASS with name VERIFY_OPERATORS
  Analyzing: results\1d\align11\align11.f
PROFILE: time for this pass = 0.000000 sec (total 0.003000 sec)
RUN PASS with name VERIFY_ENDDO
  Analyzing: results\1d\align11\align11.f
PROFILE: time for this pass = 0.000000 sec (total 0.003000 sec)
RUN PASS with name VERIFY_INCLUDES
  Analyzing: results\1d\align11\align11.f
PROFILE: time for this pass = 0.000000 sec (total 0.004000 sec)
RUN PASS with name PREPROC_ALLOCATES
  Analyzing: results\1d\align11\align11.f
  attribute (46 results\1d\align11\align11.f) is added to declaration on line 40 of results\1d\align11\align11.f file
  attribute (89 results\1d\align11\align11.f) is added to declaration on line 40 of results\1d\align11\align11.f file
  attribute (105 results\1d\align11\align11.f) is added to declaration on line 98 of results\1d\align11\align11.f file
  attribute (147 results\1d\align11\align11.f) is added to declaration on line 98 of results\1d\align11\align11.f file
  attribute (164 results\1d\align11\align11.f) is added to declaration on line 157 of results\1d\align11\align11.f file
  attribute (206 results\1d\align11\align11.f) is added to declaration on line 157 of results\1d\align11\align11.f file
  attribute (223 results\1d\align11\align11.f) is added to declaration on line 216 of results\1d\align11\align11.f file
  attribute (265 results\1d\align11\align11.f) is added to declaration on line 216 of results\1d\align11\align11.f file
  attribute (282 results\1d\align11\align11.f) is added to declaration on line 275 of results\1d\align11\align11.f file
  attribute (324 results\1d\align11\align11.f) is added to declaration on line 275 of results\1d\align11\align11.f file
  attribute (342 results\1d\align11\align11.f) is added to declaration on line 334 of results\1d\align11\align11.f file
  attribute (384 results\1d\align11\align11.f) is added to declaration on line 334 of results\1d\align11\align11.f file
  attribute (401 results\1d\align11\align11.f) is added to declaration on line 394 of results\1d\align11\align11.f file
  attribute (429 results\1d\align11\align11.f) is added to declaration on line 394 of results\1d\align11\align11.f file
PROFILE: time for this pass = 0.000000 sec (total 0.004000 sec)
RUN PASS with name CHECK_PAR_REG_DIR
  Analyzing: results\1d\align11\align11.f
PROFILE: time for this pass = 0.000000 sec (total 0.004000 sec)
RUN PASS with name FILL_PARALLEL_REG_IR
  Analyzing: results\1d\align11\align11.f
PROFILE: time for this pass = 0.000000 sec (total 0.005000 sec)
RUN PASS with name GET_ALL_ARRAY_DECL
  Analyzing: results\1d\align11\align11.f
PROFILE: time for this pass = 0.002000 sec (total 0.007000 sec)
RUN PASS with name FILL_COMMON_BLOCKS
  Analyzing: results\1d\align11\align11.f
PROFILE: time for this pass = 0.000000 sec (total 0.007000 sec)
RUN PASS with name PARSE_OMP_DIRS
  Analyzing: results\1d\align11\align11.f
PROFILE: time for this pass = 0.000000 sec (total 0.008000 sec)
RUN PASS with name PREPROC_SPF
  Analyzing: results\1d\align11\align11.f
PROFILE: time for this pass = 0.000000 sec (total 0.008000 sec)
RUN PASS with name CREATE_INTER_TREE
  Analyzing: results\1d\align11\align11.f
PROFILE: time for this pass = 0.000000 sec (total 0.009000 sec)
RUN PASS with name GCOV_PARSER
  Analyzing: results\1d\align11\align11.f
   Error: unable to open file statistic.txt
PROFILE: time for this pass = 0.001000 sec (total 0.010000 sec)
RUN PASS with name VERIFY_FORMAT
  Analyzing: results\1d\align11\align11.f
PROFILE: time for this pass = 0.000000 sec (total 0.010000 sec)
RUN PASS with name VERIFY_DVM_DIRS
  Analyzing: results\1d\align11\align11.f
PROFILE: time for this pass = 0.000000 sec (total 0.011000 sec)
RUN PASS with name PRIVATE_CALL_GRAPH_STAGE1
  Analyzing: results\1d\align11\align11.f
PROFILE: time for this pass = 0.000000 sec (total 0.011000 sec)
RUN PASS with name PRIVATE_CALL_GRAPH_STAGE2
  Analyzing: results\1d\align11\align11.f
PROFILE: time for this pass = 0.000000 sec (total 0.011000 sec)
RUN PASS with name MACRO_EXPANSION
  Analyzing: results\1d\align11\align11.f
PROFILE: time for this pass = 0.000000 sec (total 0.012000 sec)
RUN PASS with name CONVERT_ASSIGN_TO_LOOP
  Analyzing: results\1d\align11\align11.f
PROFILE: time for this pass = 0.000000 sec (total 0.012000 sec)
RUN PASS with name DEF_USE_STAGE1
  Analyzing: results\1d\align11\align11.f
PROFILE: time for this pass = 0.000000 sec (total 0.013000 sec)
RUN PASS with name DEF_USE_STAGE2
  Analyzing: results\1d\align11\align11.f
PROFILE: time for this pass = 0.000000 sec (total 0.013000 sec)
RUN PASS with name VERIFY_COMMON
  Analyzing: results\1d\align11\align11.f
PROFILE: time for this pass = 0.000000 sec (total 0.014000 sec)
RUN PASS with name CALL_GRAPH_IR
  Analyzing: results\1d\align11\align11.f
PROFILE: time for this pass = 0.000000 sec (total 0.014000 sec)
RUN PASS with name BUILD_IR
  Analyzing: results\1d\align11\align11.f
  count of functions 10, count of lvls 3
     RD time for 'align113' function is 0.000 sec, iters 3
     RD time for 'ansyes' function is 0.000 sec, iters 1
     RD time for 'ansno' function is 0.000 sec, iters 1

     RD time for 'align112' function is 0.000 sec, iters 3
     RD time for 'align114' function is 0.000 sec, iters 3
     RD time for 'align111' function is 0.000 sec, iters 3
     RD time for 'align1111' function is 0.000 sec, iters 3
     RD time for 'align1112' function is 0.000 sec, iters 3
     RD time for 'align115' function is 0.000 sec, iters 4

     RD time for 'align11' function is 0.000 sec, iters 1

PROFILE: time for this pass = 0.002000 sec (total 0.017000 sec)
RUN PASS with name SUBST_EXPR_RD
  Analyzing: results\1d\align11\align11.f
PROFILE: time for this pass = 0.001000 sec (total 0.019000 sec)
RUN PASS with name LOOP_GRAPH
  Analyzing: results\1d\align11\align11.f
PROFILE: time for this pass = 0.000000 sec (total 0.020000 sec)
RUN PASS with name CALL_GRAPH
  Analyzing: results\1d\align11\align11.f
PROFILE: time for this pass = 0.001000 sec (total 0.021000 sec)
RUN PASS with name CALL_GRAPH2
  Analyzing: results\1d\align11\align11.f
  run for func align11
  run for func align111
  run for func align1111
  run for func align1112
  run for func align112
  run for func align113
  run for func align114
  run for func align115
  run for func ansyes
  run for func ansno
PROFILE: time for this pass = 0.000000 sec (total 0.022000 sec)
RUN PASS with name GET_STATS_FOR_PREDICTOR
  Analyzing: results\1d\align11\align11.f
    PAR LOOP [54 results\1d\align11\align11.f] total exec 18, total exec lines 2, avg 9.0000000000000000e+00
    PAR LOOP [59 results\1d\align11\align11.f] total exec 35, total exec lines 6, avg 5.8333333333333330e+00
    PAR LOOP [70 results\1d\align11\align11.f] total exec 68, total exec lines 10, avg 6.7999999999999998e+00
    PAR LOOP [112 results\1d\align11\align11.f] total exec 6, total exec lines 2, avg 3.0000000000000000e+00
    PAR LOOP [117 results\1d\align11\align11.f] total exec 25, total exec lines 6, avg 4.1666666666666670e+00
    PAR LOOP [128 results\1d\align11\align11.f] total exec 20, total exec lines 10, avg 2.0000000000000000e+00
    PAR LOOP [171 results\1d\align11\align11.f] total exec 6, total exec lines 2, avg 3.0000000000000000e+00
    PAR LOOP [176 results\1d\align11\align11.f] total exec 25, total exec lines 6, avg 4.1666666666666670e+00
    PAR LOOP [187 results\1d\align11\align11.f] total exec 20, total exec lines 10, avg 2.0000000000000000e+00
    PAR LOOP [230 results\1d\align11\align11.f] total exec 10, total exec lines 2, avg 5.0000000000000000e+00
    PAR LOOP [235 results\1d\align11\align11.f] total exec 41, total exec lines 6, avg 6.8333333333333330e+00
    PAR LOOP [246 results\1d\align11\align11.f] total exec 36, total exec lines 10, avg 3.6000000000000001e+00
    PAR LOOP [289 results\1d\align11\align11.f] total exec 0, total exec lines 2, avg 0.0000000000000000e+00
    PAR LOOP [294 results\1d\align11\align11.f] total exec 0, total exec lines 6, avg 0.0000000000000000e+00
    PAR LOOP [305 results\1d\align11\align11.f] total exec 0, total exec lines 10, avg 0.0000000000000000e+00
    PAR LOOP [349 results\1d\align11\align11.f] total exec 18, total exec lines 2, avg 9.0000000000000000e+00
    PAR LOOP [354 results\1d\align11\align11.f] total exec 113, total exec lines 6, avg 1.8833333333333332e+01
    PAR LOOP [365 results\1d\align11\align11.f] total exec 68, total exec lines 10, avg 6.7999999999999998e+00
    PAR LOOP [408 results\1d\align11\align11.f] total exec 18, total exec lines 2, avg 9.0000000000000000e+00
    PAR LOOP [413 results\1d\align11\align11.f] total exec 1107, total exec lines 7, avg 1.5814285714285714e+02
    average_parallel_exec 1.3965811965811966e+01
    parallel_rate 8.7473233404710926e-01

--------------------------------------------------
INFO.JSON file copied from ./info.json to ./results\1d\align11\info.json

==================================================
Processing of align11.f completed successfully at 2025-04-18 17:41:53
