=== Processing file: alignfloat11.f ===
Date and time: 2025-05-06 00:22:08
Dimension: 1d
==================================================

Copied ./sources\1d\alignfloat11.f to ./results\1d\alignfloat11\alignfloat11.f
Command: gfortran -O3 -g -fprofile-arcs -ftest-coverage "./results\1d\alignfloat11\alignfloat11.f" -o "./results\1d\alignfloat11\alignfloat11"
Output: 

--------------------------------------------------
Command: "./results\1d\alignfloat11\alignfloat11"
Output: 
 ===START OF alignfloat11========================
 align111   -  complete
 align1111  -  complete
 align1112  -  complete
 align112   -  complete
 align114   -  complete
 align115   -  complete
 === END OF alignfloat11 ========================= 

--------------------------------------------------
Command: gcov -b "./results\1d\alignfloat11\alignfloat11.f"
Output: 
File 'results/1d/alignfloat11/alignfloat11.f'
Lines executed:75.69% of 181
Branches executed:86.67% of 150
Taken at least once:59.33% of 150
Calls executed:38.46% of 65
Creating 'alignfloat11.f.gcov'

Lines executed:75.69% of 181

--------------------------------------------------
GCOV file copied from ./alignfloat11.f.gcov to ./results\1d\alignfloat11\alignfloat11.f.gcov
Command: "../SAPFOR/_bin/Release/Sapfor_F.exe" -parse -spf "./results\1d\alignfloat11\alignfloat11.f"
Output: 
SAPFOR version is 2410, build date: Apr 23 2025 11:52:44, c++ version 201703
  parse file './results\1d\alignfloat11\alignfloat11.f'
  options: -spf 
files compilation order:
  ./results\1d\alignfloat11\alignfloat11.f
Parsing was completed successfully

--------------------------------------------------
Command: "../SAPFOR/_bin/Release/Sapfor_F.exe" -passN GET_STATS_FOR_PREDICTOR -keepDVM
Output: 
SAPFOR version is 2410, build date: Apr 23 2025 11:52:44, c++ version 201703
code for pass GET_STATS_FOR_PREDICTOR is 79
RUN PASS with name VERIFY_FUNC_DECL
  Analyzing: results\1d\alignfloat11\alignfloat11.f
PROFILE: time for this pass = 0.000000 sec (total 0.002000 sec)
RUN PASS with name FILE_LINE_INFO
  Analyzing: results\1d\alignfloat11\alignfloat11.f
  All lines in project 449
PROFILE: time for this pass = 0.000000 sec (total 0.002000 sec)
RUN PASS with name BUILD_INCLUDE_DEPENDENCIES
  Analyzing: results\1d\alignfloat11\alignfloat11.f
PROFILE: time for this pass = 0.000000 sec (total 0.002000 sec)
RUN PASS with name CORRECT_VAR_DECL
  Analyzing: results\1d\alignfloat11\alignfloat11.f
PROFILE: time for this pass = 0.000000 sec (total 0.003000 sec)
RUN PASS with name VERIFY_OPERATORS
  Analyzing: results\1d\alignfloat11\alignfloat11.f
PROFILE: time for this pass = 0.000000 sec (total 0.003000 sec)
RUN PASS with name VERIFY_ENDDO
  Analyzing: results\1d\alignfloat11\alignfloat11.f
PROFILE: time for this pass = 0.000000 sec (total 0.003000 sec)
RUN PASS with name VERIFY_INCLUDES
  Analyzing: results\1d\alignfloat11\alignfloat11.f
PROFILE: time for this pass = 0.000000 sec (total 0.004000 sec)
RUN PASS with name PREPROC_ALLOCATES
  Analyzing: results\1d\alignfloat11\alignfloat11.f
  attribute (48 results\1d\alignfloat11\alignfloat11.f) is added to declaration on line 40 of results\1d\alignfloat11\alignfloat11.f file
  attribute (48 results\1d\alignfloat11\alignfloat11.f) is added to declaration on line 41 of results\1d\alignfloat11\alignfloat11.f file
  attribute (90 results\1d\alignfloat11\alignfloat11.f) is added to declaration on line 40 of results\1d\alignfloat11\alignfloat11.f file
  attribute (90 results\1d\alignfloat11\alignfloat11.f) is added to declaration on line 41 of results\1d\alignfloat11\alignfloat11.f file
  attribute (108 results\1d\alignfloat11\alignfloat11.f) is added to declaration on line 100 of results\1d\alignfloat11\alignfloat11.f file
  attribute (108 results\1d\alignfloat11\alignfloat11.f) is added to declaration on line 101 of results\1d\alignfloat11\alignfloat11.f file
  attribute (151 results\1d\alignfloat11\alignfloat11.f) is added to declaration on line 100 of results\1d\alignfloat11\alignfloat11.f file
  attribute (151 results\1d\alignfloat11\alignfloat11.f) is added to declaration on line 101 of results\1d\alignfloat11\alignfloat11.f file
  attribute (169 results\1d\alignfloat11\alignfloat11.f) is added to declaration on line 161 of results\1d\alignfloat11\alignfloat11.f file
  attribute (169 results\1d\alignfloat11\alignfloat11.f) is added to declaration on line 162 of results\1d\alignfloat11\alignfloat11.f file
  attribute (211 results\1d\alignfloat11\alignfloat11.f) is added to declaration on line 161 of results\1d\alignfloat11\alignfloat11.f file
  attribute (211 results\1d\alignfloat11\alignfloat11.f) is added to declaration on line 162 of results\1d\alignfloat11\alignfloat11.f file
  attribute (229 results\1d\alignfloat11\alignfloat11.f) is added to declaration on line 222 of results\1d\alignfloat11\alignfloat11.f file
  attribute (229 results\1d\alignfloat11\alignfloat11.f) is added to declaration on line 221 of results\1d\alignfloat11\alignfloat11.f file
  attribute (271 results\1d\alignfloat11\alignfloat11.f) is added to declaration on line 222 of results\1d\alignfloat11\alignfloat11.f file
  attribute (271 results\1d\alignfloat11\alignfloat11.f) is added to declaration on line 221 of results\1d\alignfloat11\alignfloat11.f file
  attribute (289 results\1d\alignfloat11\alignfloat11.f) is added to declaration on line 282 of results\1d\alignfloat11\alignfloat11.f file
  attribute (289 results\1d\alignfloat11\alignfloat11.f) is added to declaration on line 281 of results\1d\alignfloat11\alignfloat11.f file
  attribute (331 results\1d\alignfloat11\alignfloat11.f) is added to declaration on line 282 of results\1d\alignfloat11\alignfloat11.f file
  attribute (331 results\1d\alignfloat11\alignfloat11.f) is added to declaration on line 281 of results\1d\alignfloat11\alignfloat11.f file
  attribute (349 results\1d\alignfloat11\alignfloat11.f) is added to declaration on line 341 of results\1d\alignfloat11\alignfloat11.f file
  attribute (349 results\1d\alignfloat11\alignfloat11.f) is added to declaration on line 342 of results\1d\alignfloat11\alignfloat11.f file
  attribute (391 results\1d\alignfloat11\alignfloat11.f) is added to declaration on line 341 of results\1d\alignfloat11\alignfloat11.f file
  attribute (391 results\1d\alignfloat11\alignfloat11.f) is added to declaration on line 342 of results\1d\alignfloat11\alignfloat11.f file
  attribute (409 results\1d\alignfloat11\alignfloat11.f) is added to declaration on line 401 of results\1d\alignfloat11\alignfloat11.f file
  attribute (409 results\1d\alignfloat11\alignfloat11.f) is added to declaration on line 402 of results\1d\alignfloat11\alignfloat11.f file
  attribute (437 results\1d\alignfloat11\alignfloat11.f) is added to declaration on line 401 of results\1d\alignfloat11\alignfloat11.f file
  attribute (437 results\1d\alignfloat11\alignfloat11.f) is added to declaration on line 402 of results\1d\alignfloat11\alignfloat11.f file
PROFILE: time for this pass = 0.000000 sec (total 0.004000 sec)
RUN PASS with name CHECK_PAR_REG_DIR
  Analyzing: results\1d\alignfloat11\alignfloat11.f
PROFILE: time for this pass = 0.000000 sec (total 0.005000 sec)
RUN PASS with name FILL_PARALLEL_REG_IR
  Analyzing: results\1d\alignfloat11\alignfloat11.f
PROFILE: time for this pass = 0.000000 sec (total 0.005000 sec)
RUN PASS with name GET_ALL_ARRAY_DECL
  Analyzing: results\1d\alignfloat11\alignfloat11.f
PROFILE: time for this pass = 0.002000 sec (total 0.008000 sec)
RUN PASS with name FILL_COMMON_BLOCKS
  Analyzing: results\1d\alignfloat11\alignfloat11.f
PROFILE: time for this pass = 0.000000 sec (total 0.008000 sec)
RUN PASS with name PARSE_OMP_DIRS
  Analyzing: results\1d\alignfloat11\alignfloat11.f
PROFILE: time for this pass = 0.000000 sec (total 0.008000 sec)
RUN PASS with name PREPROC_SPF
  Analyzing: results\1d\alignfloat11\alignfloat11.f
PROFILE: time for this pass = 0.000000 sec (total 0.009000 sec)
RUN PASS with name CREATE_INTER_TREE
  Analyzing: results\1d\alignfloat11\alignfloat11.f
PROFILE: time for this pass = 0.001000 sec (total 0.010000 sec)
RUN PASS with name GCOV_PARSER
  Analyzing: results\1d\alignfloat11\alignfloat11.f
   Error: unable to open file statistic.txt
PROFILE: time for this pass = 0.001000 sec (total 0.011000 sec)
RUN PASS with name VERIFY_FORMAT
  Analyzing: results\1d\alignfloat11\alignfloat11.f
PROFILE: time for this pass = 0.000000 sec (total 0.012000 sec)
RUN PASS with name VERIFY_DVM_DIRS
  Analyzing: results\1d\alignfloat11\alignfloat11.f
PROFILE: time for this pass = 0.000000 sec (total 0.012000 sec)
RUN PASS with name PRIVATE_CALL_GRAPH_STAGE1
  Analyzing: results\1d\alignfloat11\alignfloat11.f
PROFILE: time for this pass = 0.000000 sec (total 0.012000 sec)
RUN PASS with name PRIVATE_CALL_GRAPH_STAGE2
  Analyzing: results\1d\alignfloat11\alignfloat11.f
PROFILE: time for this pass = 0.000000 sec (total 0.012000 sec)
RUN PASS with name MACRO_EXPANSION
  Analyzing: results\1d\alignfloat11\alignfloat11.f
PROFILE: time for this pass = 0.000000 sec (total 0.013000 sec)
RUN PASS with name CONVERT_ASSIGN_TO_LOOP
  Analyzing: results\1d\alignfloat11\alignfloat11.f
PROFILE: time for this pass = 0.000000 sec (total 0.013000 sec)
RUN PASS with name DEF_USE_STAGE1
  Analyzing: results\1d\alignfloat11\alignfloat11.f
PROFILE: time for this pass = 0.000000 sec (total 0.014000 sec)
RUN PASS with name DEF_USE_STAGE2
  Analyzing: results\1d\alignfloat11\alignfloat11.f
PROFILE: time for this pass = 0.000000 sec (total 0.015000 sec)
RUN PASS with name VERIFY_COMMON
  Analyzing: results\1d\alignfloat11\alignfloat11.f
PROFILE: time for this pass = 0.000000 sec (total 0.015000 sec)
RUN PASS with name CALL_GRAPH_IR
  Analyzing: results\1d\alignfloat11\alignfloat11.f
PROFILE: time for this pass = 0.000000 sec (total 0.016000 sec)
RUN PASS with name BUILD_IR
  Analyzing: results\1d\alignfloat11\alignfloat11.f
  count of functions 10, count of lvls 3
     RD time for 'ansyes' function is 0.000 sec, iters 1
     RD time for 'ansno' function is 0.000 sec, iters 1
     RD time for 'align113' function is 0.000 sec, iters 3

     RD time for 'align111' function is 0.000 sec, iters 3
     RD time for 'align1111' function is 0.000 sec, iters 3
     RD time for 'align1112' function is 0.000 sec, iters 3
     RD time for 'align115' function is 0.000 sec, iters 4
     RD time for 'align112' function is 0.000 sec, iters 3
     RD time for 'align114' function is 0.000 sec, iters 3

     RD time for 'alignfloat11' function is 0.000 sec, iters 1

PROFILE: time for this pass = 0.003000 sec (total 0.019000 sec)
RUN PASS with name SUBST_EXPR_RD
  Analyzing: results\1d\alignfloat11\alignfloat11.f
PROFILE: time for this pass = 0.001000 sec (total 0.020000 sec)
RUN PASS with name LOOP_GRAPH
  Analyzing: results\1d\alignfloat11\alignfloat11.f
PROFILE: time for this pass = 0.000000 sec (total 0.021000 sec)
RUN PASS with name CALL_GRAPH
  Analyzing: results\1d\alignfloat11\alignfloat11.f
PROFILE: time for this pass = 0.001000 sec (total 0.023000 sec)
RUN PASS with name CALL_GRAPH2
  Analyzing: results\1d\alignfloat11\alignfloat11.f
  run for func alignfloat11
  run for func align111
  run for func align1111
  run for func align1112
  run for func align112
  run for func align113
  run for func align114
  run for func align115
  run for func ansyes
  run for func ansno
PROFILE: time for this pass = 0.000000 sec (total 0.024000 sec)
RUN PASS with name GET_STATS_FOR_PREDICTOR
  Analyzing: results\1d\alignfloat11\alignfloat11.f
    PAR LOOP [55 results\1d\alignfloat11\alignfloat11.f] total exec 18, total exec lines 2, avg 9.0000000000000000e+00
    PAR LOOP [60 results\1d\alignfloat11\alignfloat11.f] total exec 35, total exec lines 6, avg 5.8333333333333330e+00
    PAR LOOP [71 results\1d\alignfloat11\alignfloat11.f] total exec 68, total exec lines 10, avg 6.7999999999999998e+00
    PAR LOOP [116 results\1d\alignfloat11\alignfloat11.f] total exec 6, total exec lines 2, avg 3.0000000000000000e+00
    PAR LOOP [121 results\1d\alignfloat11\alignfloat11.f] total exec 25, total exec lines 6, avg 4.1666666666666670e+00
    PAR LOOP [132 results\1d\alignfloat11\alignfloat11.f] total exec 20, total exec lines 10, avg 2.0000000000000000e+00
    PAR LOOP [176 results\1d\alignfloat11\alignfloat11.f] total exec 6, total exec lines 2, avg 3.0000000000000000e+00
    PAR LOOP [181 results\1d\alignfloat11\alignfloat11.f] total exec 25, total exec lines 6, avg 4.1666666666666670e+00
    PAR LOOP [192 results\1d\alignfloat11\alignfloat11.f] total exec 20, total exec lines 10, avg 2.0000000000000000e+00
    PAR LOOP [236 results\1d\alignfloat11\alignfloat11.f] total exec 10, total exec lines 2, avg 5.0000000000000000e+00
    PAR LOOP [241 results\1d\alignfloat11\alignfloat11.f] total exec 41, total exec lines 6, avg 6.8333333333333330e+00
    PAR LOOP [252 results\1d\alignfloat11\alignfloat11.f] total exec 36, total exec lines 10, avg 3.6000000000000001e+00
    PAR LOOP [356 results\1d\alignfloat11\alignfloat11.f] total exec 18, total exec lines 2, avg 9.0000000000000000e+00
    PAR LOOP [361 results\1d\alignfloat11\alignfloat11.f] total exec 113, total exec lines 6, avg 1.8833333333333332e+01
    PAR LOOP [372 results\1d\alignfloat11\alignfloat11.f] total exec 68, total exec lines 10, avg 6.7999999999999998e+00
    PAR LOOP [416 results\1d\alignfloat11\alignfloat11.f] total exec 18, total exec lines 2, avg 9.0000000000000000e+00
    PAR LOOP [421 results\1d\alignfloat11\alignfloat11.f] total exec 1107, total exec lines 7, avg 1.5814285714285714e+02
    average_parallel_exec 1.6505050505050505e+01
    parallel_rate 8.7473233404710926e-01
PROFILE: time for this pass = 0.008000 sec (total 0.032000 sec)

--------------------------------------------------
INFO.JSON file copied from ./info.json to ./results\1d\alignfloat11\info.json

==================================================
Processing of alignfloat11.f completed successfully at 2025-05-06 00:22:08
