=== Processing file: jac3d.f ===
Date and time: 2025-05-06 00:25:47
Dimension: 3d
==================================================

Copied ./sources\3d\jac3d.f to ./results\3d\jac3d\jac3d.f
Command: gfortran -O3 -g -fprofile-arcs -ftest-coverage "./results\3d\jac3d\jac3d.f" -o "./results\3d\jac3d\jac3d"
Output: 

--------------------------------------------------
Command: "./results\3d\jac3d\jac3d"
Output: 
 IT =    1   EPS =  0.1150000E+04
 IT =    2   EPS =  0.5755000E+03
 IT =    3   EPS =  0.2235834E+03
 IT =    4   EPS =  0.1436437E+03
 IT =    5   EPS =  0.1170001E+03
 IT =    6   EPS =  0.9924683E+02
 IT =    7   EPS =  0.8379858E+02
 IT =    8   EPS =  0.6938519E+02
 IT =    9   EPS =  0.5929077E+02
 IT =   10   EPS =  0.5247638E+02
 IT =   11   EPS =  0.4774213E+02
 IT =   12   EPS =  0.4486865E+02
 IT =   13   EPS =  0.4174609E+02
 IT =   14   EPS =  0.3881750E+02
 IT =   15   EPS =  0.3590021E+02
 IT =   16   EPS =  0.3327527E+02
 IT =   17   EPS =  0.3074658E+02
 IT =   18   EPS =  0.2875537E+02
 IT =   19   EPS =  0.2708179E+02
 IT =   20   EPS =  0.2577039E+02
 IT =   21   EPS =  0.2471313E+02
 IT =   22   EPS =  0.2376440E+02
 IT =   23   EPS =  0.2284106E+02
 IT =   24   EPS =  0.2190698E+02
 IT =   25   EPS =  0.2101520E+02
 IT =   26   EPS =  0.2012897E+02
 IT =   27   EPS =  0.1929175E+02
 IT =   28   EPS =  0.1846869E+02
 IT =   29   EPS =  0.1769592E+02
 IT =   30   EPS =  0.1705713E+02
 IT =   31   EPS =  0.1645447E+02
 IT =   32   EPS =  0.1595410E+02
 IT =   33   EPS =  0.1548608E+02
 IT =   34   EPS =  0.1511060E+02
 IT =   35   EPS =  0.1472900E+02
 IT =   36   EPS =  0.1435571E+02
 IT =   37   EPS =  0.1398022E+02
 IT =   38   EPS =  0.1361542E+02
 IT =   39   EPS =  0.1325122E+02
 IT =   40   EPS =  0.1289923E+02
 IT =   41   EPS =  0.1254962E+02
 IT =   42   EPS =  0.1221283E+02
 IT =   43   EPS =  0.1187964E+02
 IT =   44   EPS =  0.1156824E+02
 IT =   45   EPS =  0.1129535E+02
 IT =   46   EPS =  0.1102667E+02
 IT =   47   EPS =  0.1080011E+02
 IT =   48   EPS =  0.1057867E+02
 IT =   49   EPS =  0.1038391E+02
 IT =   50   EPS =  0.1020184E+02
 IT =   51   EPS =  0.1002246E+02
 IT =   52   EPS =  0.9842102E+01
 IT =   53   EPS =  0.9665039E+01
 IT =   54   EPS =  0.9487793E+01
 IT =   55   EPS =  0.9314209E+01
 IT =   56   EPS =  0.9141052E+01
 IT =   57   EPS =  0.8971741E+01
 IT =   58   EPS =  0.8803406E+01
 IT =   59   EPS =  0.8639160E+01
 IT =   60   EPS =  0.8475830E+01
 IT =   61   EPS =  0.8316956E+01
 IT =   62   EPS =  0.8168579E+01
 IT =   63   EPS =  0.8030823E+01
 IT =   64   EPS =  0.7895874E+01
 IT =   65   EPS =  0.7776672E+01
 IT =   66   EPS =  0.7660828E+01
 IT =   67   EPS =  0.7548218E+01
 IT =   68   EPS =  0.7451050E+01
 IT =   69   EPS =  0.7354126E+01
 IT =   70   EPS =  0.7257690E+01
 IT =   71   EPS =  0.7161560E+01
 IT =   72   EPS =  0.7066345E+01
 IT =   73   EPS =  0.6971252E+01
 IT =   74   EPS =  0.6877625E+01
 IT =   75   EPS =  0.6783997E+01
 IT =   76   EPS =  0.6691895E+01
 IT =   77   EPS =  0.6600159E+01
 IT =   78   EPS =  0.6509888E+01
 IT =   79   EPS =  0.6419922E+01
 IT =   80   EPS =  0.6331787E+01
 IT =   81   EPS =  0.6243958E+01
 IT =   82   EPS =  0.6157654E+01
 IT =   83   EPS =  0.6078064E+01
 IT =   84   EPS =  0.6001953E+01
 IT =   85   EPS =  0.5926575E+01
 IT =   86   EPS =  0.5857422E+01
 IT =   87   EPS =  0.5791626E+01
 IT =   88   EPS =  0.5726257E+01
 IT =   89   EPS =  0.5665527E+01
 IT =   90   EPS =  0.5608887E+01
 IT =   91   EPS =  0.5552734E+01
 IT =   92   EPS =  0.5496338E+01
 IT =   93   EPS =  0.5440674E+01
 IT =   94   EPS =  0.5384766E+01
 IT =   95   EPS =  0.5329773E+01
 IT =   96   EPS =  0.5274475E+01
 IT =   97   EPS =  0.5219910E+01
 IT =   98   EPS =  0.5165466E+01
 IT =   99   EPS =  0.5111755E+01
 IT =  100   EPS =  0.5058044E+01
 Jacobi3D Benchmark Completed.
 Size            =  384 x  384 x  384
 Iterations      =                100
 Time in seconds =               0.00
 Operation type  =     floating point
 Verification    =         SUCCESSFUL
 END OF Jacobi3D Benchmark

--------------------------------------------------
Command: gcov -b "./results\3d\jac3d\jac3d.f"
Output: 
File 'results/3d/jac3d/jac3d.f'
Lines executed:97.06% of 34
Branches executed:100.00% of 30
Taken at least once:93.33% of 30
Calls executed:90.91% of 33
Creating 'jac3d.f.gcov'

Lines executed:97.06% of 34

--------------------------------------------------
GCOV file copied from ./jac3d.f.gcov to ./results\3d\jac3d\jac3d.f.gcov
Command: "../SAPFOR/_bin/Release/Sapfor_F.exe" -parse -spf "./results\3d\jac3d\jac3d.f"
Output: 
SAPFOR version is 2410, build date: Apr 23 2025 11:52:44, c++ version 201703
  parse file './results\3d\jac3d\jac3d.f'
  options: -spf 
files compilation order:
  ./results\3d\jac3d\jac3d.f
Parsing was completed successfully

--------------------------------------------------
Command: "../SAPFOR/_bin/Release/Sapfor_F.exe" -passN GET_STATS_FOR_PREDICTOR -keepDVM
Output: 
SAPFOR version is 2410, build date: Apr 23 2025 11:52:44, c++ version 201703
code for pass GET_STATS_FOR_PREDICTOR is 79
RUN PASS with name VERIFY_FUNC_DECL
  Analyzing: results\3d\jac3d\jac3d.f
PROFILE: time for this pass = 0.000000 sec (total 0.001000 sec)
RUN PASS with name FILE_LINE_INFO
  Analyzing: results\3d\jac3d\jac3d.f
  All lines in project 81
PROFILE: time for this pass = 0.000000 sec (total 0.002000 sec)
RUN PASS with name BUILD_INCLUDE_DEPENDENCIES
  Analyzing: results\3d\jac3d\jac3d.f
PROFILE: time for this pass = 0.000000 sec (total 0.002000 sec)
RUN PASS with name CORRECT_VAR_DECL
  Analyzing: results\3d\jac3d\jac3d.f
PROFILE: time for this pass = 0.000000 sec (total 0.002000 sec)
RUN PASS with name VERIFY_OPERATORS
  Analyzing: results\3d\jac3d\jac3d.f
PROFILE: time for this pass = 0.000000 sec (total 0.002000 sec)
RUN PASS with name VERIFY_ENDDO
  Analyzing: results\3d\jac3d\jac3d.f
PROFILE: time for this pass = 0.000000 sec (total 0.002000 sec)
RUN PASS with name VERIFY_INCLUDES
  Analyzing: results\3d\jac3d\jac3d.f
PROFILE: time for this pass = 0.000000 sec (total 0.002000 sec)
RUN PASS with name PREPROC_ALLOCATES
  Analyzing: results\3d\jac3d\jac3d.f
PROFILE: time for this pass = 0.000000 sec (total 0.002000 sec)
RUN PASS with name CHECK_PAR_REG_DIR
  Analyzing: results\3d\jac3d\jac3d.f
PROFILE: time for this pass = 0.000000 sec (total 0.002000 sec)
RUN PASS with name FILL_PARALLEL_REG_IR
  Analyzing: results\3d\jac3d\jac3d.f
PROFILE: time for this pass = 0.000000 sec (total 0.003000 sec)
RUN PASS with name GET_ALL_ARRAY_DECL
  Analyzing: results\3d\jac3d\jac3d.f
PROFILE: time for this pass = 0.000000 sec (total 0.003000 sec)
RUN PASS with name FILL_COMMON_BLOCKS
  Analyzing: results\3d\jac3d\jac3d.f
PROFILE: time for this pass = 0.000000 sec (total 0.003000 sec)
RUN PASS with name PARSE_OMP_DIRS
  Analyzing: results\3d\jac3d\jac3d.f
PROFILE: time for this pass = 0.000000 sec (total 0.004000 sec)
RUN PASS with name PREPROC_SPF
  Analyzing: results\3d\jac3d\jac3d.f
PROFILE: time for this pass = 0.000000 sec (total 0.004000 sec)
RUN PASS with name CREATE_INTER_TREE
  Analyzing: results\3d\jac3d\jac3d.f
PROFILE: time for this pass = 0.000000 sec (total 0.004000 sec)
RUN PASS with name GCOV_PARSER
  Analyzing: results\3d\jac3d\jac3d.f
   Error: unable to open file statistic.txt
PROFILE: time for this pass = 0.000000 sec (total 0.005000 sec)
RUN PASS with name VERIFY_FORMAT
  Analyzing: results\3d\jac3d\jac3d.f
PROFILE: time for this pass = 0.000000 sec (total 0.005000 sec)
RUN PASS with name VERIFY_DVM_DIRS
  Analyzing: results\3d\jac3d\jac3d.f
PROFILE: time for this pass = 0.000000 sec (total 0.005000 sec)
RUN PASS with name PRIVATE_CALL_GRAPH_STAGE1
  Analyzing: results\3d\jac3d\jac3d.f
PROFILE: time for this pass = 0.000000 sec (total 0.005000 sec)
RUN PASS with name PRIVATE_CALL_GRAPH_STAGE2
  Analyzing: results\3d\jac3d\jac3d.f
PROFILE: time for this pass = 0.000000 sec (total 0.005000 sec)
RUN PASS with name MACRO_EXPANSION
  Analyzing: results\3d\jac3d\jac3d.f
PROFILE: time for this pass = 0.000000 sec (total 0.006000 sec)
RUN PASS with name CONVERT_ASSIGN_TO_LOOP
  Analyzing: results\3d\jac3d\jac3d.f
PROFILE: time for this pass = 0.000000 sec (total 0.006000 sec)
RUN PASS with name DEF_USE_STAGE1
  Analyzing: results\3d\jac3d\jac3d.f
PROFILE: time for this pass = 0.000000 sec (total 0.006000 sec)
RUN PASS with name DEF_USE_STAGE2
  Analyzing: results\3d\jac3d\jac3d.f
PROFILE: time for this pass = 0.000000 sec (total 0.006000 sec)
RUN PASS with name VERIFY_COMMON
  Analyzing: results\3d\jac3d\jac3d.f
PROFILE: time for this pass = 0.000000 sec (total 0.006000 sec)
RUN PASS with name CALL_GRAPH_IR
  Analyzing: results\3d\jac3d\jac3d.f
PROFILE: time for this pass = 0.000000 sec (total 0.007000 sec)
RUN PASS with name BUILD_IR
  Analyzing: results\3d\jac3d\jac3d.f
  count of functions 1, count of lvls 1
     RD time for 'jac3d' function is 0.000 sec, iters 6

PROFILE: time for this pass = 0.001000 sec (total 0.008000 sec)
RUN PASS with name SUBST_EXPR_RD
  Analyzing: results\3d\jac3d\jac3d.f
PROFILE: time for this pass = 0.000000 sec (total 0.008000 sec)
RUN PASS with name LOOP_GRAPH
  Analyzing: results\3d\jac3d\jac3d.f
PROFILE: time for this pass = 0.000000 sec (total 0.009000 sec)
RUN PASS with name CALL_GRAPH
  Analyzing: results\3d\jac3d\jac3d.f
PROFILE: time for this pass = 0.000000 sec (total 0.009000 sec)
RUN PASS with name CALL_GRAPH2
  Analyzing: results\3d\jac3d\jac3d.f
  run for func jac3d
  added conflict messages to loop on line 30
PROFILE: time for this pass = 0.000000 sec (total 0.010000 sec)
RUN PASS with name GET_STATS_FOR_PREDICTOR
  Analyzing: results\3d\jac3d\jac3d.f
    PAR LOOP [14 results\3d\jac3d\jac3d.f] total exec 397395843, total exec lines 11, avg 3.6126894818181820e+07
    PAR LOOP [37 results\3d\jac3d\jac3d.f] total exec 22370340500, total exec lines 7, avg 3.1957629285714288e+09
    PAR LOOP [49 results\3d\jac3d\jac3d.f] total exec 16796043700, total exec lines 6, avg 2.7993406166666665e+09
    average_parallel_exec 1.6484908351250000e+09
    parallel_rate 9.9999803866446224e-01
PROFILE: time for this pass = 0.002000 sec (total 0.012000 sec)

--------------------------------------------------
INFO.JSON file copied from ./info.json to ./results\3d\jac3d\info.json

==================================================
Processing of jac3d.f completed successfully at 2025-05-06 00:25:54
