=== Processing file: cons22.f ===
Date and time: 2025-04-23 11:56:16
Dimension: 2d
==================================================

Copied ./sources\2d\cons22.f to ./results\2d\cons22\cons22.f
Command: gfortran -O3 -g -fprofile-arcs -ftest-coverage "./results\2d\cons22\cons22.f" -o "./results\2d\cons22\cons22"
Output: 

--------------------------------------------------
Command: "./results\2d\cons22\cons22"
Output: 
 ===START OF CONS22========================
 CONS2201  -  complete
 CONS2202  -  complete
 CONS2203  -  complete
 CONS2204  -  complete
 CONS2205  -  complete
 CONS2206  -  complete
 CONS2207  -  complete
 CONS2208  -  complete
 CONS2209  -  complete
 CONS2210  -  complete
 CONS2211  -  complete
 CONS2212  -  complete
 CONS2213  -  complete
 CONS2214  -  complete
 CONS2215  -  complete
 CONS2216  -  complete
 === END OF CONS22 ========================= 

--------------------------------------------------
Command: gcov -b "./results\2d\cons22\cons22.f"
Output: 
File 'results/2d/cons22/cons22.f'
Lines executed:96.30% of 514
Branches executed:100.00% of 784
Taken at least once:79.59% of 784
Calls executed:24.32% of 185
Creating 'cons22.f.gcov'

Lines executed:96.30% of 514

--------------------------------------------------
GCOV file copied from ./cons22.f.gcov to ./results\2d\cons22\cons22.f.gcov
Command: "../SAPFOR/_bin/Release/Sapfor_F.exe" -parse -spf "./results\2d\cons22\cons22.f"
Output: 
SAPFOR version is 2410, build date: Apr 23 2025 11:52:44, c++ version 201703
  parse file './results\2d\cons22\cons22.f'
  options: -spf 
files compilation order:
  ./results\2d\cons22\cons22.f
Parsing was completed successfully

--------------------------------------------------
Command: "../SAPFOR/_bin/Release/Sapfor_F.exe" -passN GET_STATS_FOR_PREDICTOR -keepDVM
Output: 
SAPFOR version is 2410, build date: Apr 23 2025 11:52:44, c++ version 201703
code for pass GET_STATS_FOR_PREDICTOR is 79
RUN PASS with name VERIFY_FUNC_DECL
  Analyzing: results\2d\cons22\cons22.f
PROFILE: time for this pass = 0.001000 sec (total 0.004000 sec)
RUN PASS with name FILE_LINE_INFO
  Analyzing: results\2d\cons22\cons22.f
  All lines in project 1185
PROFILE: time for this pass = 0.001000 sec (total 0.005000 sec)
RUN PASS with name BUILD_INCLUDE_DEPENDENCIES
  Analyzing: results\2d\cons22\cons22.f
PROFILE: time for this pass = 0.001000 sec (total 0.006000 sec)
RUN PASS with name CORRECT_VAR_DECL
  Analyzing: results\2d\cons22\cons22.f
PROFILE: time for this pass = 0.001000 sec (total 0.007000 sec)
RUN PASS with name VERIFY_OPERATORS
  Analyzing: results\2d\cons22\cons22.f
PROFILE: time for this pass = 0.001000 sec (total 0.009000 sec)
RUN PASS with name VERIFY_ENDDO
  Analyzing: results\2d\cons22\cons22.f
PROFILE: time for this pass = 0.000000 sec (total 0.010000 sec)
RUN PASS with name VERIFY_INCLUDES
  Analyzing: results\2d\cons22\cons22.f
PROFILE: time for this pass = 0.001000 sec (total 0.011000 sec)
RUN PASS with name PREPROC_ALLOCATES
  Analyzing: results\2d\cons22\cons22.f
  attribute (90 results\2d\cons22\cons22.f) is added to declaration on line 85 of results\2d\cons22\cons22.f file
  attribute (127 results\2d\cons22\cons22.f) is added to declaration on line 85 of results\2d\cons22\cons22.f file
  attribute (140 results\2d\cons22\cons22.f) is added to declaration on line 134 of results\2d\cons22\cons22.f file
  attribute (187 results\2d\cons22\cons22.f) is added to declaration on line 134 of results\2d\cons22\cons22.f file
  attribute (201 results\2d\cons22\cons22.f) is added to declaration on line 193 of results\2d\cons22\cons22.f file
  attribute (254 results\2d\cons22\cons22.f) is added to declaration on line 193 of results\2d\cons22\cons22.f file
  attribute (267 results\2d\cons22\cons22.f) is added to declaration on line 262 of results\2d\cons22\cons22.f file
  attribute (304 results\2d\cons22\cons22.f) is added to declaration on line 262 of results\2d\cons22\cons22.f file
  attribute (316 results\2d\cons22\cons22.f) is added to declaration on line 311 of results\2d\cons22\cons22.f file
  attribute (359 results\2d\cons22\cons22.f) is added to declaration on line 311 of results\2d\cons22\cons22.f file
  attribute (372 results\2d\cons22\cons22.f) is added to declaration on line 366 of results\2d\cons22\cons22.f file
  attribute (429 results\2d\cons22\cons22.f) is added to declaration on line 366 of results\2d\cons22\cons22.f file
  attribute (443 results\2d\cons22\cons22.f) is added to declaration on line 435 of results\2d\cons22\cons22.f file
  attribute (506 results\2d\cons22\cons22.f) is added to declaration on line 435 of results\2d\cons22\cons22.f file
  attribute (519 results\2d\cons22\cons22.f) is added to declaration on line 514 of results\2d\cons22\cons22.f file
  attribute (562 results\2d\cons22\cons22.f) is added to declaration on line 514 of results\2d\cons22\cons22.f file
  attribute (574 results\2d\cons22\cons22.f) is added to declaration on line 569 of results\2d\cons22\cons22.f file
  attribute (623 results\2d\cons22\cons22.f) is added to declaration on line 569 of results\2d\cons22\cons22.f file
  attribute (636 results\2d\cons22\cons22.f) is added to declaration on line 630 of results\2d\cons22\cons22.f file
  attribute (703 results\2d\cons22\cons22.f) is added to declaration on line 630 of results\2d\cons22\cons22.f file
  attribute (717 results\2d\cons22\cons22.f) is added to declaration on line 709 of results\2d\cons22\cons22.f file
  attribute (790 results\2d\cons22\cons22.f) is added to declaration on line 709 of results\2d\cons22\cons22.f file
  attribute (803 results\2d\cons22\cons22.f) is added to declaration on line 798 of results\2d\cons22\cons22.f file
  attribute (852 results\2d\cons22\cons22.f) is added to declaration on line 798 of results\2d\cons22\cons22.f file
  attribute (864 results\2d\cons22\cons22.f) is added to declaration on line 859 of results\2d\cons22\cons22.f file
  attribute (919 results\2d\cons22\cons22.f) is added to declaration on line 859 of results\2d\cons22\cons22.f file
  attribute (932 results\2d\cons22\cons22.f) is added to declaration on line 926 of results\2d\cons22\cons22.f file
  attribute (1009 results\2d\cons22\cons22.f) is added to declaration on line 926 of results\2d\cons22\cons22.f file
  attribute (1023 results\2d\cons22\cons22.f) is added to declaration on line 1015 of results\2d\cons22\cons22.f file
  attribute (1106 results\2d\cons22\cons22.f) is added to declaration on line 1015 of results\2d\cons22\cons22.f file
  attribute (1119 results\2d\cons22\cons22.f) is added to declaration on line 1114 of results\2d\cons22\cons22.f file
  attribute (1174 results\2d\cons22\cons22.f) is added to declaration on line 1114 of results\2d\cons22\cons22.f file
PROFILE: time for this pass = 0.001000 sec (total 0.012000 sec)
RUN PASS with name CHECK_PAR_REG_DIR
  Analyzing: results\2d\cons22\cons22.f
PROFILE: time for this pass = 0.000000 sec (total 0.013000 sec)
RUN PASS with name FILL_PARALLEL_REG_IR
  Analyzing: results\2d\cons22\cons22.f
PROFILE: time for this pass = 0.002000 sec (total 0.015000 sec)
RUN PASS with name GET_ALL_ARRAY_DECL
  Analyzing: results\2d\cons22\cons22.f
PROFILE: time for this pass = 0.007000 sec (total 0.023000 sec)
RUN PASS with name FILL_COMMON_BLOCKS
  Analyzing: results\2d\cons22\cons22.f
PROFILE: time for this pass = 0.001000 sec (total 0.024000 sec)
RUN PASS with name PARSE_OMP_DIRS
  Analyzing: results\2d\cons22\cons22.f
PROFILE: time for this pass = 0.001000 sec (total 0.026000 sec)
RUN PASS with name PREPROC_SPF
  Analyzing: results\2d\cons22\cons22.f
PROFILE: time for this pass = 0.001000 sec (total 0.027000 sec)
RUN PASS with name CREATE_INTER_TREE
  Analyzing: results\2d\cons22\cons22.f
PROFILE: time for this pass = 0.004000 sec (total 0.031000 sec)
RUN PASS with name GCOV_PARSER
  Analyzing: results\2d\cons22\cons22.f
   Error: unable to open file statistic.txt
PROFILE: time for this pass = 0.003000 sec (total 0.035000 sec)
RUN PASS with name VERIFY_FORMAT
  Analyzing: results\2d\cons22\cons22.f
PROFILE: time for this pass = 0.000000 sec (total 0.036000 sec)
RUN PASS with name VERIFY_DVM_DIRS
  Analyzing: results\2d\cons22\cons22.f
PROFILE: time for this pass = 0.000000 sec (total 0.036000 sec)
RUN PASS with name PRIVATE_CALL_GRAPH_STAGE1
  Analyzing: results\2d\cons22\cons22.f
PROFILE: time for this pass = 0.000000 sec (total 0.037000 sec)
RUN PASS with name PRIVATE_CALL_GRAPH_STAGE2
  Analyzing: results\2d\cons22\cons22.f
PROFILE: time for this pass = 0.000000 sec (total 0.038000 sec)
RUN PASS with name MACRO_EXPANSION
  Analyzing: results\2d\cons22\cons22.f
PROFILE: time for this pass = 0.000000 sec (total 0.039000 sec)
RUN PASS with name CONVERT_ASSIGN_TO_LOOP
  Analyzing: results\2d\cons22\cons22.f
PROFILE: time for this pass = 0.003000 sec (total 0.043000 sec)
RUN PASS with name DEF_USE_STAGE1
  Analyzing: results\2d\cons22\cons22.f
PROFILE: time for this pass = 0.003000 sec (total 0.047000 sec)
RUN PASS with name DEF_USE_STAGE2
  Analyzing: results\2d\cons22\cons22.f
PROFILE: time for this pass = 0.001000 sec (total 0.048000 sec)
RUN PASS with name VERIFY_COMMON
  Analyzing: results\2d\cons22\cons22.f
PROFILE: time for this pass = 0.000000 sec (total 0.049000 sec)
RUN PASS with name CALL_GRAPH_IR
  Analyzing: results\2d\cons22\cons22.f
PROFILE: time for this pass = 0.003000 sec (total 0.052000 sec)
RUN PASS with name BUILD_IR
  Analyzing: results\2d\cons22\cons22.f
  count of functions 19, count of lvls 3
     RD time for 'ansyes' function is 0.000 sec, iters 1
     RD time for 'ansno' function is 0.000 sec, iters 1

     RD time for 'cons2201' function is 0.000 sec, iters 4
     RD time for 'cons2204' function is 0.000 sec, iters 4
     RD time for 'cons2205' function is 0.000 sec, iters 4
     RD time for 'cons2208' function is 0.000 sec, iters 4
     RD time for 'cons2209' function is 0.000 sec, iters 5
     RD time for 'cons2203' function is 0.000 sec, iters 4
     RD time for 'cons2206' function is 0.000 sec, iters 4
     RD time for 'cons2210' function is 0.000 sec, iters 5
     RD time for 'cons2202' function is 0.000 sec, iters 4
     RD time for 'cons2207' function is 0.000 sec, iters 4
     RD time for 'cons2215' function is 0.001 sec, iters 6
     RD time for 'cons2212' function is 0.000 sec, iters 5
     RD time for 'cons2213' function is 0.000 sec, iters 6
     RD time for 'cons2214' function is 0.001 sec, iters 6
     RD time for 'cons2216' function is 0.000 sec, iters 6
     RD time for 'cons2211' function is 0.000 sec, iters 5

     RD time for 'cons22' function is 0.000 sec, iters 1

PROFILE: time for this pass = 0.020000 sec (total 0.072000 sec)
RUN PASS with name SUBST_EXPR_RD
  Analyzing: results\2d\cons22\cons22.f
PROFILE: time for this pass = 0.006000 sec (total 0.078000 sec)
RUN PASS with name LOOP_GRAPH
  Analyzing: results\2d\cons22\cons22.f
PROFILE: time for this pass = 0.006000 sec (total 0.085000 sec)
RUN PASS with name CALL_GRAPH
  Analyzing: results\2d\cons22\cons22.f
PROFILE: time for this pass = 0.006000 sec (total 0.091000 sec)
RUN PASS with name CALL_GRAPH2
  Analyzing: results\2d\cons22\cons22.f
  run for func cons22
  run for func cons2201
  run for func cons2202
  run for func cons2203
  run for func cons2204
  run for func cons2205
  run for func cons2206
  run for func cons2207
  run for func cons2208
  run for func cons2209
  run for func cons2210
  run for func cons2211
  run for func cons2212
  run for func cons2213
  run for func cons2214
  run for func cons2215
  run for func cons2216
  run for func ansyes
  run for func ansno
  added conflict messages to loop on line 109
  added conflict messages to loop on line 163
  added conflict messages to loop on line 169
  added conflict messages to loop on line 230
  added conflict messages to loop on line 236
  added conflict messages to loop on line 286
  added conflict messages to loop on line 340
  added conflict messages to loop on line 402
  added conflict messages to loop on line 410
  added conflict messages to loop on line 479
  added conflict messages to loop on line 487
  added conflict messages to loop on line 543
  added conflict messages to loop on line 603
  added conflict messages to loop on line 673
  added conflict messages to loop on line 683
  added conflict messages to loop on line 760
  added conflict messages to loop on line 770
  added conflict messages to loop on line 832
  added conflict messages to loop on line 898
  added conflict messages to loop on line 976
  added conflict messages to loop on line 988
  added conflict messages to loop on line 1073
  added conflict messages to loop on line 1085
  added conflict messages to loop on line 1153
PROFILE: time for this pass = 0.004000 sec (total 0.095000 sec)
RUN PASS with name GET_STATS_FOR_PREDICTOR
  Analyzing: results\2d\cons22\cons22.f
    PAR LOOP [97 results\2d\cons22\cons22.f] total exec 227, total exec lines 4, avg 5.6750000000000000e+01
    PAR LOOP [103 results\2d\cons22\cons22.f] total exec 18, total exec lines 2, avg 9.0000000000000000e+00
    PAR LOOP [117 results\2d\cons22\cons22.f] total exec 227, total exec lines 4, avg 5.6750000000000000e+01
    PAR LOOP [147 results\2d\cons22\cons22.f] total exec 227, total exec lines 4, avg 5.6750000000000000e+01
    PAR LOOP [153 results\2d\cons22\cons22.f] total exec 18, total exec lines 2, avg 9.0000000000000000e+00
    PAR LOOP [157 results\2d\cons22\cons22.f] total exec 18, total exec lines 2, avg 9.0000000000000000e+00
    PAR LOOP [177 results\2d\cons22\cons22.f] total exec 227, total exec lines 4, avg 5.6750000000000000e+01
    PAR LOOP [208 results\2d\cons22\cons22.f] total exec 227, total exec lines 4, avg 5.6750000000000000e+01
    PAR LOOP [214 results\2d\cons22\cons22.f] total exec 227, total exec lines 4, avg 5.6750000000000000e+01
    PAR LOOP [220 results\2d\cons22\cons22.f] total exec 18, total exec lines 2, avg 9.0000000000000000e+00
    PAR LOOP [224 results\2d\cons22\cons22.f] total exec 18, total exec lines 2, avg 9.0000000000000000e+00
    PAR LOOP [244 results\2d\cons22\cons22.f] total exec 227, total exec lines 4, avg 5.6750000000000000e+01
    PAR LOOP [274 results\2d\cons22\cons22.f] total exec 835, total exec lines 4, avg 2.0875000000000000e+02
    PAR LOOP [280 results\2d\cons22\cons22.f] total exec 34, total exec lines 2, avg 1.7000000000000000e+01
    PAR LOOP [294 results\2d\cons22\cons22.f] total exec 835, total exec lines 4, avg 2.0875000000000000e+02
    PAR LOOP [325 results\2d\cons22\cons22.f] total exec 227, total exec lines 4, avg 5.6750000000000000e+01
    PAR LOOP [331 results\2d\cons22\cons22.f] total exec 227, total exec lines 4, avg 5.6750000000000000e+01
    PAR LOOP [349 results\2d\cons22\cons22.f] total exec 227, total exec lines 4, avg 5.6750000000000000e+01
    PAR LOOP [381 results\2d\cons22\cons22.f] total exec 227, total exec lines 4, avg 5.6750000000000000e+01
    PAR LOOP [387 results\2d\cons22\cons22.f] total exec 227, total exec lines 4, avg 5.6750000000000000e+01
    PAR LOOP [393 results\2d\cons22\cons22.f] total exec 227, total exec lines 4, avg 5.6750000000000000e+01
    PAR LOOP [419 results\2d\cons22\cons22.f] total exec 227, total exec lines 4, avg 5.6750000000000000e+01
    PAR LOOP [452 results\2d\cons22\cons22.f] total exec 227, total exec lines 4, avg 5.6750000000000000e+01
    PAR LOOP [458 results\2d\cons22\cons22.f] total exec 227, total exec lines 4, avg 5.6750000000000000e+01
    PAR LOOP [464 results\2d\cons22\cons22.f] total exec 227, total exec lines 4, avg 5.6750000000000000e+01
    PAR LOOP [470 results\2d\cons22\cons22.f] total exec 227, total exec lines 4, avg 5.6750000000000000e+01
    PAR LOOP [496 results\2d\cons22\cons22.f] total exec 227, total exec lines 4, avg 5.6750000000000000e+01
    PAR LOOP [528 results\2d\cons22\cons22.f] total exec 835, total exec lines 4, avg 2.0875000000000000e+02
    PAR LOOP [534 results\2d\cons22\cons22.f] total exec 835, total exec lines 4, avg 2.0875000000000000e+02
    PAR LOOP [552 results\2d\cons22\cons22.f] total exec 835, total exec lines 4, avg 2.0875000000000000e+02
    PAR LOOP [585 results\2d\cons22\cons22.f] total exec 227, total exec lines 4, avg 5.6750000000000000e+01
    PAR LOOP [591 results\2d\cons22\cons22.f] total exec 1899, total exec lines 6, avg 3.1650000000000000e+02
    PAR LOOP [613 results\2d\cons22\cons22.f] total exec 227, total exec lines 4, avg 5.6750000000000000e+01
    PAR LOOP [647 results\2d\cons22\cons22.f] total exec 227, total exec lines 4, avg 5.6750000000000000e+01
    PAR LOOP [653 results\2d\cons22\cons22.f] total exec 1899, total exec lines 6, avg 3.1650000000000000e+02
    PAR LOOP [661 results\2d\cons22\cons22.f] total exec 1899, total exec lines 6, avg 3.1650000000000000e+02
    PAR LOOP [693 results\2d\cons22\cons22.f] total exec 227, total exec lines 4, avg 5.6750000000000000e+01
    PAR LOOP [728 results\2d\cons22\cons22.f] total exec 227, total exec lines 4, avg 5.6750000000000000e+01
    PAR LOOP [734 results\2d\cons22\cons22.f] total exec 227, total exec lines 4, avg 5.6750000000000000e+01
    PAR LOOP [740 results\2d\cons22\cons22.f] total exec 1899, total exec lines 6, avg 3.1650000000000000e+02
    PAR LOOP [748 results\2d\cons22\cons22.f] total exec 1899, total exec lines 6, avg 3.1650000000000000e+02
    PAR LOOP [780 results\2d\cons22\cons22.f] total exec 227, total exec lines 4, avg 5.6750000000000000e+01
    PAR LOOP [814 results\2d\cons22\cons22.f] total exec 835, total exec lines 4, avg 2.0875000000000000e+02
    PAR LOOP [820 results\2d\cons22\cons22.f] total exec 13651, total exec lines 6, avg 2.2751666666666665e+03
    PAR LOOP [842 results\2d\cons22\cons22.f] total exec 835, total exec lines 4, avg 2.0875000000000000e+02
    PAR LOOP [877 results\2d\cons22\cons22.f] total exec 227, total exec lines 4, avg 5.6750000000000000e+01
    PAR LOOP [883 results\2d\cons22\cons22.f] total exec 15275, total exec lines 8, avg 1.9093750000000000e+03
    PAR LOOP [909 results\2d\cons22\cons22.f] total exec 227, total exec lines 4, avg 5.6750000000000000e+01
    PAR LOOP [945 results\2d\cons22\cons22.f] total exec 227, total exec lines 4, avg 5.6750000000000000e+01
    PAR LOOP [951 results\2d\cons22\cons22.f] total exec 15275, total exec lines 8, avg 1.9093750000000000e+03
    PAR LOOP [961 results\2d\cons22\cons22.f] total exec 15275, total exec lines 8, avg 1.9093750000000000e+03
    PAR LOOP [999 results\2d\cons22\cons22.f] total exec 227, total exec lines 4, avg 5.6750000000000000e+01
    PAR LOOP [1036 results\2d\cons22\cons22.f] total exec 227, total exec lines 4, avg 5.6750000000000000e+01
    PAR LOOP [1042 results\2d\cons22\cons22.f] total exec 227, total exec lines 4, avg 5.6750000000000000e+01
    PAR LOOP [1048 results\2d\cons22\cons22.f] total exec 15275, total exec lines 8, avg 1.9093750000000000e+03
    PAR LOOP [1058 results\2d\cons22\cons22.f] total exec 15275, total exec lines 8, avg 1.9093750000000000e+03
    PAR LOOP [1096 results\2d\cons22\cons22.f] total exec 227, total exec lines 4, avg 5.6750000000000000e+01
    PAR LOOP [1132 results\2d\cons22\cons22.f] total exec 835, total exec lines 4, avg 2.0875000000000000e+02
    PAR LOOP [1138 results\2d\cons22\cons22.f] total exec 218707, total exec lines 8, avg 2.7338375000000000e+04
    PAR LOOP [1164 results\2d\cons22\cons22.f] total exec 835, total exec lines 4, avg 2.0875000000000000e+02
    average_parallel_exec 1.2627196969696970e+03
    parallel_rate 3.2024585376350695e-01
PROFILE: time for this pass = 0.096000 sec (total 0.192000 sec)

--------------------------------------------------
INFO.JSON file copied from ./info.json to ./results\2d\cons22\info.json

==================================================
Processing of cons22.f completed successfully at 2025-04-23 11:56:18
