=== Processing file: prf23.f ===
Date and time: 2025-04-18 17:42:59
Dimension: 2d
==================================================

Copied ./sources\2d\prf23.f to ./results\2d\prf23\prf23.f
Command: gfortran -O3 -g -fprofile-arcs -ftest-coverage "./results\2d\prf23\prf23.f" -o "./results\2d\prf23\prf23"
Output: 

Error output: 
./results\2d\prf23\prf23.f:1:2:

    1 | program prf23
      |  1
Error: Non-numeric character in statement label at (1)
./results\2d\prf23\prf23.f:4:6:

    4 |     print *, '===START OF PRF23========================'
      |      1
Error: Non-numeric character in statement label at (1)
./results\2d\prf23\prf23.f:6:6:

    6 |     call prf2301
      |      1
Error: Non-numeric character in statement label at (1)
./results\2d\prf23\prf23.f:7:6:

    7 |     call prf2302
      |      1
Error: Non-numeric character in statement label at (1)
./results\2d\prf23\prf23.f:8:6:

    8 |     call prf2303
      |      1
Error: Non-numeric character in statement label at (1)
./results\2d\prf23\prf23.f:10:6:

   10 |     print *, '===END OF PRF23=========================='
      |      1
Error: Non-numeric character in statement label at (1)
./results\2d\prf23\prf23.f:11:2:

   11 | end
      |  1
Error: Non-numeric character in statement label at (1)
./results\2d\prf23\prf23.f:13:2:

   13 | subroutine prf2301
      |  1
Error: Non-numeric character in statement label at (1)
./results\2d\prf23\prf23.f:14:6:

   14 |     integer, parameter :: N = 4, M = 4, NL = 1000, NIT = 3
      |      1
Error: Non-numeric character in statement label at (1)
./results\2d\prf23\prf23.f:15:6:

   15 |     integer, allocatable :: A( :, : ), B( :, : ), C( :, : ), D( :, : )
      |      1
Error: Non-numeric character in statement label at (1)
./results\2d\prf23\prf23.f:16:6:

   16 |     character * 7 :: tname = 'PRF2301'
      |      1
Error: Non-numeric character in statement label at (1)
./results\2d\prf23\prf23.f:25:6:

   25 |     allocate( B( N, M ), A( N, M ), C( N, M ), D( N, M ) )
      |      1
Error: Non-numeric character in statement label at (1)
./results\2d\prf23\prf23.f:26:6:

   26 |     call serial2( C, N, M, NL )
      |      1
Error: Non-numeric character in statement label at (1)
./results\2d\prf23\prf23.f:29:6:

   29 |     do i = 1, N
      |      1
Error: Non-numeric character in statement label at (1)
./results\2d\prf23\prf23.f:35:6:

   35 |     enddo
      |      1
Error: Non-numeric character in statement label at (1)
./results\2d\prf23\prf23.f:37:6:

   37 |     do it = 1, NIT
      |      1
Error: Non-numeric character in statement label at (1)
./results\2d\prf23\prf23.f:54:72:

   54 |         if ( ( ib1 .eq. C( N / 2, M / 2 ) ) .and. ( ib2 .eq. C( N / 2, M ) ) .and. &
      |                                                                        1
Error: Syntax error in argument list at (1)
./results\2d\prf23\prf23.f:57:72:

   57 |         else
      |                                                                        1
Error: Unexpected ELSE statement at (1)
./results\2d\prf23\prf23.f:59:11:

   59 |         endif
      |           1
Error: Expecting END PROGRAM statement at (1)
./results\2d\prf23\prf23.f:60:72:

   60 |         if ( it .eq. 2 ) cycle
      |                                                                        1
Error: CYCLE statement at (1) is not within a construct
./results\2d\prf23\prf23.f:64:6:

   64 |     enddo
      |      1
Error: Non-numeric character in statement label at (1)
./results\2d\prf23\prf23.f:65:6:

   65 |     deallocate( A, B, C, D )
      |      1
Error: Non-numeric character in statement label at (1)
./results\2d\prf23\prf23.f:66:2:

   66 | end
      |  1
Error: Non-numeric character in statement label at (1)
./results\2d\prf23\prf23.f:68:2:

   68 | subroutine prf2302
      |  1
Error: Non-numeric character in statement label at (1)
./results\2d\prf23\prf23.f:69:6:

   69 |     integer, parameter ::  N = 4, M = 4, NL = 1000, NIT = 3
      |      1
Error: Non-numeric character in statement label at (1)
./results\2d\prf23\prf23.f:70:6:

   70 |     integer, allocatable :: A( :, : ), B( :, : ), C( :, : ), D( :, : )
      |      1
Error: Non-numeric character in statement label at (1)
./results\2d\prf23\prf23.f:71:6:

   71 |     integer, allocatable :: A1( :, : )
      |      1
Error: Non-numeric character in statement label at (1)
./results\2d\prf23\prf23.f:72:6:

   72 |     character * 7 :: tname = 'prf2302'
      |      1
Error: Non-numeric character in statement label at (1)
./results\2d\prf23\prf23.f:81:6:

   81 |     allocate( B( N, M ), A( N, M ), C( N, M ), D( N, M ), A1( N, M ) )
      |      1
Error: Non-numeric character in statement label at (1)
./results\2d\prf23\prf23.f:82:6:

   82 |     call serial2( C, N, M, NL )
      |      1
Error: Non-numeric character in statement label at (1)
./results\2d\prf23\prf23.f:85:6:

   85 |     do i = 1, N
      |      1
Error: Non-numeric character in statement label at (1)
./results\2d\prf23\prf23.f:90:6:

   90 |     enddo
      |      1
Error: Non-numeric character in statement label at (1)
./results\2d\prf23\prf23.f:92:6:

   92 |     do it = 1, NIT
      |      1
Error: Non-numeric character in statement label at (1)
./results\2d\prf23\prf23.f:137:72:

  137 |         if ( ( isumc1 .eq. isuma1 ) .and. ( isumc2 .eq. isuma2 ) .and. ( isumc3 .eq. isuma3 ) .and. &
      |                                                                        1
Error: Syntax error in expression at (1)
./results\2d\prf23\prf23.f:140:72:

  140 |         else
      |                                                                        1
Error: Unexpected ELSE statement at (1)
./results\2d\prf23\prf23.f:142:11:

  142 |         endif
      |           1
Error: Expecting END PROGRAM statement at (1)
./results\2d\prf23\prf23.f:144:72:

  144 |         if ( it .eq. 2 ) cycle
      |                                                                        1
Error: CYCLE statement at (1) is not within a construct
./results\2d\prf23\prf23.f:149:6:

  149 |     enddo
      |      1
Error: Non-numeric character in statement label at (1)
./results\2d\prf23\prf23.f:150:6:

  150 |     deallocate( A, B, C, D, A1 )
      |      1
Error: Non-numeric character in statement label at (1)
./results\2d\prf23\prf23.f:151:2:

  151 | end
      |  1
Error: Non-numeric character in statement label at (1)
./results\2d\prf23\prf23.f:153:2:

  153 | subroutine prf2303
      |  1
Error: Non-numeric character in statement label at (1)
./results\2d\prf23\prf23.f:154:6:

  154 |     integer, parameter ::  N = 4, M = 4, NL = 1000, NIT = 3
      |      1
Error: Non-numeric character in statement label at (1)
./results\2d\prf23\prf23.f:155:6:

  155 |     integer, allocatable :: A( :, : ), B( :, : ), C( :, : ), A1( :, : )
      |      1
Error: Non-numeric character in statement label at (1)
./results\2d\prf23\prf23.f:156:6:

  156 |     character * 7 :: tname ='PRF2303'
      |      1
Error: Non-numeric character in statement label at (1)
./results\2d\prf23\prf23.f:165:6:

  165 |     allocate ( B( N, M ), A( N, M ), C( N, M ), A1( N, M ) )
      |      1
Error: Non-numeric character in statement label at (1)
./results\2d\prf23\prf23.f:166:6:

  166 |     call serial2( C, N, M, NL )
      |      1
Error: Non-numeric character in statement label at (1)
./results\2d\prf23\prf23.f:169:6:

  169 |     do i = 1, N
      |      1
Error: Non-numeric character in statement label at (1)
./results\2d\prf23\prf23.f:174:6:

  174 |     enddo
      |      1
Error: Non-numeric character in statement label at (1)
./results\2d\prf23\prf23.f:176:6:

  176 |     do it = 1, NIT
      |      1
Error: Non-numeric character in statement label at (1)
./results\2d\prf23\prf23.f:234:66:

  234 |         if ( ( nloopi1 .eq. NL ) .and. ( nloopj1 .eq. NL ) .and. &
      |                                                                  1
Error: Syntax error in expression at (1)
./results\2d\prf23\prf23.f:238:72:

  238 |         else
      |                                                                        1
Error: Unexpected ELSE statement at (1)
./results\2d\prf23\prf23.f:240:11:

  240 |         endif
      |           1
Error: Expecting END PROGRAM statement at (1)
./results\2d\prf23\prf23.f:242:72:

  242 |         if ( it .eq. 2 ) cycle
      |                                                                        1
Error: CYCLE statement at (1) is not within a construct
./results\2d\prf23\prf23.f:245:6:

  245 |     enddo
      |      1
Error: Non-numeric character in statement label at (1)
./results\2d\prf23\prf23.f:247:6:

  247 |     deallocate( A, B, C, A1 )
      |      1
Error: Non-numeric character in statement label at (1)
./results\2d\prf23\prf23.f:248:2:

  248 | end
      |  1
Error: Non-numeric character in statement label at (1)
./results\2d\prf23\prf23.f:250:2:

  250 | subroutine serial2( AR, N, M, NL )
      |  1
Error: Non-numeric character in statement label at (1)
./results\2d\prf23\prf23.f:251:6:

  251 |     integer AR( N, M )
      |      1
Error: Non-numeric character in statement label at (1)
./results\2d\prf23\prf23.f:252:6:

  252 |     integer NL
      |      1
Error: Non-numeric character in statement label at (1)
./results\2d\prf23\prf23.f:253:6:

  253 |     do i = 1, N
      |      1
Error: Non-numeric character in statement label at (1)
./results\2d\prf23\prf23.f:257:6:

  257 |     enddo
      |      1
Error: Non-numeric character in statement label at (1)
./results\2d\prf23\prf23.f:258:2:

  258 | end
      |  1
Error: Non-numeric character in statement label at (1)
./results\2d\prf23\prf23.f:260:2:

  260 | subroutine ansyes( name )
      |  1
Error: Non-numeric character in statement label at (1)
./results\2d\prf23\prf23.f:261:6:

  261 |     character * 7 name
      |      1
Error: Non-numeric character in statement label at (1)
./results\2d\prf23\prf23.f:262:6:

  262 |     print *, name, '  -  complete'
      |      1
Error: Non-numeric character in statement label at (1)
./results\2d\prf23\prf23.f:263:2:

  263 | end
      |  1
Error: Non-numeric character in statement label at (1)
./results\2d\prf23\prf23.f:265:2:

  265 | subroutine ansno( name )
      |  1
Error: Non-numeric character in statement label at (1)
./results\2d\prf23\prf23.f:266:6:

  266 |     character * 7 name
      |      1
Error: Non-numeric character in statement label at (1)
./results\2d\prf23\prf23.f:267:6:

  267 |     print *, name, '  -  ***error'
      |      1
Error: Non-numeric character in statement label at (1)
./results\2d\prf23\prf23.f:268:2:

  268 | end
      |  1
Error: Non-numeric character in statement label at (1)
f951.exe: Error: Unexpected end of file in './results\2d\prf23\prf23.f'

--------------------------------------------------
Command: "./results\2d\prf23\prf23"
Output: 

Error output: 
'"./results\2d\prf23\prf23"' is not recognized as an internal or external command,
operable program or batch file.

--------------------------------------------------
Command: gcov -b "./results\2d\prf23\prf23.f"
Output: 
No executable lines

Error output: 
./results\2d\prf23\prf23.gcno:cannot open notes file
./results\2d\prf23\prf23.gcda:cannot open data file, assuming not executed

--------------------------------------------------
GCOV file copied from ./prf23.f.gcov to ./results\2d\prf23\prf23.f.gcov
Command: "../SAPFOR/_bin/Release/Sapfor_F.exe" -parse -spf "./results\2d\prf23\prf23.f"
Output: 
SAPFOR version is 2409, build date: Apr 17 2025 18:48:12, c++ version 201703
  parse file './results\2d\prf23\prf23.f'
  options: -spf 
files compilation order:
  ./results\2d\prf23\prf23.f
Error 009 on line 1 of ./results\2d\prf23\prf23.f: Illegal continuation line ignored
Error 009 on line 4 of ./results\2d\prf23\prf23.f: Illegal continuation line ignored
Error 009 on line 6 of ./results\2d\prf23\prf23.f: Illegal continuation line ignored
Error 009 on line 7 of ./results\2d\prf23\prf23.f: Illegal continuation line ignored
Error 009 on line 8 of ./results\2d\prf23\prf23.f: Illegal continuation line ignored
Error 009 on line 10 of ./results\2d\prf23\prf23.f: Illegal continuation line ignored
Error 011 on line 11 of ./results\2d\prf23\prf23.f: Non digit in statement number field
Error 014 on line 11 of ./results\2d\prf23\prf23.f: syntax error
Error 030 on line 31 of ./results\2d\prf23\prf23.f: Declaration among executables
Error 030 on line 32 of ./results\2d\prf23\prf23.f: Declaration among executables
Error 030 on line 33 of ./results\2d\prf23\prf23.f: Declaration among executables
Error 014 on line 34 of ./results\2d\prf23\prf23.f: syntax error
Error 013 on line 54 of ./results\2d\prf23\prf23.f: Unbalanced parentheses, statement skipped
Error 010 on line 54 of ./results\2d\prf23\prf23.f: Unclassifiable statement
Error 014 on line 55 of ./results\2d\prf23\prf23.f: syntax error
Error 032 on line 57 of ./results\2d\prf23\prf23.f: ELSE out of place
Error 260 on line 59 of ./results\2d\prf23\prf23.f: Illegal END IF
Parsing was completed with errors, throw code 0, errors count 17

--------------------------------------------------
Command: "../SAPFOR/_bin/Release/Sapfor_F.exe" -passN GET_STATS_FOR_PREDICTOR -keepDVM
Output: 
SAPFOR version is 2409, build date: Apr 17 2025 18:48:12, c++ version 201703
code for pass GET_STATS_FOR_PREDICTOR is 79
RUN PASS with name VERIFY_FUNC_DECL
  Analyzing: results\2d\prf22\prf22.f
PROFILE: time for this pass = 0.000000 sec (total 0.001000 sec)
RUN PASS with name FILE_LINE_INFO
  Analyzing: results\2d\prf22\prf22.f
  All lines in project 460
PROFILE: time for this pass = 0.000000 sec (total 0.002000 sec)
RUN PASS with name BUILD_INCLUDE_DEPENDENCIES
  Analyzing: results\2d\prf22\prf22.f
PROFILE: time for this pass = 0.000000 sec (total 0.002000 sec)
RUN PASS with name CORRECT_VAR_DECL
  Analyzing: results\2d\prf22\prf22.f
PROFILE: time for this pass = 0.000000 sec (total 0.003000 sec)
RUN PASS with name VERIFY_OPERATORS
  Analyzing: results\2d\prf22\prf22.f
PROFILE: time for this pass = 0.000000 sec (total 0.003000 sec)
RUN PASS with name VERIFY_ENDDO
  Analyzing: results\2d\prf22\prf22.f
  ERROR: Loop on line 446 does not have END DO
  ERROR: Loop on line 447 does not have END DO
exception occurred
ERROR - [#1018: results\2d\prf22\prf22.f: line 446]: This loop does not have END DO format
ERROR - [#1018: results\2d\prf22\prf22.f: line 447]: This loop does not have END DO format

--------------------------------------------------
INFO.JSON file copied from ./info.json to ./results\2d\prf23\info.json

==================================================
Processing of prf23.f completed successfully at 2025-04-18 17:42:59
