=== Processing file: parallel4.f ===
Date and time: 2025-05-06 00:26:34
Dimension: 4d
==================================================

Copied ./sources\4d\parallel4.f to ./results\4d\parallel4\parallel4.f
Command: gfortran -O3 -g -fprofile-arcs -ftest-coverage "./results\4d\parallel4\parallel4.f" -o "./results\4d\parallel4\parallel4"
Output: 

--------------------------------------------------
Command: "./results\4d\parallel4\parallel4"
Output: 
 ===START OF parallel4======================
 paral41    -  complete
 paral42    -  complete
 paral44    -  complete
 paral45    -  complete
 paral46    -  complete
 === END OF parallel4 ====================== 

--------------------------------------------------
Command: gcov -b "./results\4d\parallel4\parallel4.f"
Output: 
File 'results/4d/parallel4/parallel4.f'
Lines executed:76.56% of 192
Branches executed:86.67% of 180
Taken at least once:72.22% of 180
Calls executed:37.70% of 61
Creating 'parallel4.f.gcov'

Lines executed:76.56% of 192

--------------------------------------------------
GCOV file copied from ./parallel4.f.gcov to ./results\4d\parallel4\parallel4.f.gcov
Command: "../SAPFOR/_bin/Release/Sapfor_F.exe" -parse -spf "./results\4d\parallel4\parallel4.f"
Output: 
SAPFOR version is 2410, build date: Apr 23 2025 11:52:44, c++ version 201703
  parse file './results\4d\parallel4\parallel4.f'
  options: -spf 
files compilation order:
  ./results\4d\parallel4\parallel4.f
Parsing was completed successfully

--------------------------------------------------
Command: "../SAPFOR/_bin/Release/Sapfor_F.exe" -passN GET_STATS_FOR_PREDICTOR -keepDVM
Output: 
SAPFOR version is 2410, build date: Apr 23 2025 11:52:44, c++ version 201703
code for pass GET_STATS_FOR_PREDICTOR is 79
RUN PASS with name VERIFY_FUNC_DECL
  Analyzing: results\4d\parallel4\parallel4.f
PROFILE: time for this pass = 0.000000 sec (total 0.002000 sec)
RUN PASS with name FILE_LINE_INFO
  Analyzing: results\4d\parallel4\parallel4.f
  All lines in project 500
PROFILE: time for this pass = 0.000000 sec (total 0.003000 sec)
RUN PASS with name BUILD_INCLUDE_DEPENDENCIES
  Analyzing: results\4d\parallel4\parallel4.f
PROFILE: time for this pass = 0.000000 sec (total 0.003000 sec)
RUN PASS with name CORRECT_VAR_DECL
  Analyzing: results\4d\parallel4\parallel4.f
PROFILE: time for this pass = 0.000000 sec (total 0.004000 sec)
RUN PASS with name VERIFY_OPERATORS
  Analyzing: results\4d\parallel4\parallel4.f
PROFILE: time for this pass = 0.000000 sec (total 0.004000 sec)
RUN PASS with name VERIFY_ENDDO
  Analyzing: results\4d\parallel4\parallel4.f
PROFILE: time for this pass = 0.000000 sec (total 0.005000 sec)
RUN PASS with name VERIFY_INCLUDES
  Analyzing: results\4d\parallel4\parallel4.f
PROFILE: time for this pass = 0.000000 sec (total 0.005000 sec)
RUN PASS with name PREPROC_ALLOCATES
  Analyzing: results\4d\parallel4\parallel4.f
  attribute (51 results\4d\parallel4\parallel4.f) is added to declaration on line 45 of results\4d\parallel4\parallel4.f file
  attribute (102 results\4d\parallel4\parallel4.f) is added to declaration on line 45 of results\4d\parallel4\parallel4.f file
  attribute (124 results\4d\parallel4\parallel4.f) is added to declaration on line 118 of results\4d\parallel4\parallel4.f file
  attribute (175 results\4d\parallel4\parallel4.f) is added to declaration on line 118 of results\4d\parallel4\parallel4.f file
  attribute (197 results\4d\parallel4\parallel4.f) is added to declaration on line 191 of results\4d\parallel4\parallel4.f file
  attribute (248 results\4d\parallel4\parallel4.f) is added to declaration on line 191 of results\4d\parallel4\parallel4.f file
  attribute (272 results\4d\parallel4\parallel4.f) is added to declaration on line 265 of results\4d\parallel4\parallel4.f file
  attribute (328 results\4d\parallel4\parallel4.f) is added to declaration on line 265 of results\4d\parallel4\parallel4.f file
  attribute (352 results\4d\parallel4\parallel4.f) is added to declaration on line 345 of results\4d\parallel4\parallel4.f file
  attribute (408 results\4d\parallel4\parallel4.f) is added to declaration on line 345 of results\4d\parallel4\parallel4.f file
  attribute (432 results\4d\parallel4\parallel4.f) is added to declaration on line 425 of results\4d\parallel4\parallel4.f file
  attribute (488 results\4d\parallel4\parallel4.f) is added to declaration on line 425 of results\4d\parallel4\parallel4.f file
PROFILE: time for this pass = 0.000000 sec (total 0.006000 sec)
RUN PASS with name CHECK_PAR_REG_DIR
  Analyzing: results\4d\parallel4\parallel4.f
PROFILE: time for this pass = 0.000000 sec (total 0.007000 sec)
RUN PASS with name FILL_PARALLEL_REG_IR
  Analyzing: results\4d\parallel4\parallel4.f
PROFILE: time for this pass = 0.000000 sec (total 0.007000 sec)
RUN PASS with name GET_ALL_ARRAY_DECL
  Analyzing: results\4d\parallel4\parallel4.f
PROFILE: time for this pass = 0.002000 sec (total 0.010000 sec)
RUN PASS with name FILL_COMMON_BLOCKS
  Analyzing: results\4d\parallel4\parallel4.f
PROFILE: time for this pass = 0.000000 sec (total 0.010000 sec)
RUN PASS with name PARSE_OMP_DIRS
  Analyzing: results\4d\parallel4\parallel4.f
PROFILE: time for this pass = 0.000000 sec (total 0.011000 sec)
RUN PASS with name PREPROC_SPF
  Analyzing: results\4d\parallel4\parallel4.f
PROFILE: time for this pass = 0.000000 sec (total 0.011000 sec)
RUN PASS with name CREATE_INTER_TREE
  Analyzing: results\4d\parallel4\parallel4.f
PROFILE: time for this pass = 0.001000 sec (total 0.013000 sec)
RUN PASS with name GCOV_PARSER
  Analyzing: results\4d\parallel4\parallel4.f
   Error: unable to open file statistic.txt
PROFILE: time for this pass = 0.001000 sec (total 0.014000 sec)
RUN PASS with name VERIFY_FORMAT
  Analyzing: results\4d\parallel4\parallel4.f
PROFILE: time for this pass = 0.000000 sec (total 0.015000 sec)
RUN PASS with name VERIFY_DVM_DIRS
  Analyzing: results\4d\parallel4\parallel4.f
PROFILE: time for this pass = 0.000000 sec (total 0.015000 sec)
RUN PASS with name PRIVATE_CALL_GRAPH_STAGE1
  Analyzing: results\4d\parallel4\parallel4.f
PROFILE: time for this pass = 0.000000 sec (total 0.016000 sec)
RUN PASS with name PRIVATE_CALL_GRAPH_STAGE2
  Analyzing: results\4d\parallel4\parallel4.f
PROFILE: time for this pass = 0.000000 sec (total 0.016000 sec)
RUN PASS with name MACRO_EXPANSION
  Analyzing: results\4d\parallel4\parallel4.f
PROFILE: time for this pass = 0.000000 sec (total 0.017000 sec)
RUN PASS with name CONVERT_ASSIGN_TO_LOOP
  Analyzing: results\4d\parallel4\parallel4.f
PROFILE: time for this pass = 0.000000 sec (total 0.017000 sec)
RUN PASS with name DEF_USE_STAGE1
  Analyzing: results\4d\parallel4\parallel4.f
PROFILE: time for this pass = 0.001000 sec (total 0.019000 sec)
RUN PASS with name DEF_USE_STAGE2
  Analyzing: results\4d\parallel4\parallel4.f
PROFILE: time for this pass = 0.000000 sec (total 0.019000 sec)
RUN PASS with name VERIFY_COMMON
  Analyzing: results\4d\parallel4\parallel4.f
PROFILE: time for this pass = 0.000000 sec (total 0.020000 sec)
RUN PASS with name CALL_GRAPH_IR
  Analyzing: results\4d\parallel4\parallel4.f
PROFILE: time for this pass = 0.000000 sec (total 0.020000 sec)
RUN PASS with name BUILD_IR
  Analyzing: results\4d\parallel4\parallel4.f
  count of functions 9, count of lvls 3
     RD time for 'ansyes' function is 0.000 sec, iters 1
     RD time for 'ansno' function is 0.000 sec, iters 1
     RD time for 'paral43' function is 0.000 sec, iters 6

     RD time for 'paral41' function is 0.000 sec, iters 6
     RD time for 'paral46' function is 0.000 sec, iters 6
     RD time for 'paral42' function is 0.000 sec, iters 6
     RD time for 'paral44' function is 0.000 sec, iters 6
     RD time for 'paral45' function is 0.000 sec, iters 6

     RD time for 'parallel4' function is 0.000 sec, iters 1

PROFILE: time for this pass = 0.008000 sec (total 0.029000 sec)
RUN PASS with name SUBST_EXPR_RD
  Analyzing: results\4d\parallel4\parallel4.f
PROFILE: time for this pass = 0.002000 sec (total 0.031000 sec)
RUN PASS with name LOOP_GRAPH
  Analyzing: results\4d\parallel4\parallel4.f
PROFILE: time for this pass = 0.002000 sec (total 0.034000 sec)
RUN PASS with name CALL_GRAPH
  Analyzing: results\4d\parallel4\parallel4.f
PROFILE: time for this pass = 0.001000 sec (total 0.036000 sec)
RUN PASS with name CALL_GRAPH2
  Analyzing: results\4d\parallel4\parallel4.f
  run for func parallel4
  run for func paral41
  run for func paral42
  run for func paral43
  run for func paral44
  run for func paral45
  run for func paral46
  run for func ansyes
  run for func ansno
PROFILE: time for this pass = 0.001000 sec (total 0.037000 sec)
RUN PASS with name GET_STATS_FOR_PREDICTOR
  Analyzing: results\4d\parallel4\parallel4.f
    PAR LOOP [58 results\4d\parallel4\parallel4.f] total exec 5217, total exec lines 8, avg 6.5212500000000000e+02
    PAR LOOP [71 results\4d\parallel4\parallel4.f] total exec 2517, total exec lines 15, avg 1.6780000000000001e+02
    PAR LOOP [131 results\4d\parallel4\parallel4.f] total exec 5217, total exec lines 8, avg 6.5212500000000000e+02
    PAR LOOP [144 results\4d\parallel4\parallel4.f] total exec 4631, total exec lines 15, avg 3.0873333333333335e+02
    PAR LOOP [279 results\4d\parallel4\parallel4.f] total exec 450, total exec lines 8, avg 5.6250000000000000e+01
    PAR LOOP [290 results\4d\parallel4\parallel4.f] total exec 5217, total exec lines 8, avg 6.5212500000000000e+02
    PAR LOOP [302 results\4d\parallel4\parallel4.f] total exec 585, total exec lines 11, avg 5.3181818181818180e+01
    PAR LOOP [359 results\4d\parallel4\parallel4.f] total exec 450, total exec lines 8, avg 5.6250000000000000e+01
    PAR LOOP [370 results\4d\parallel4\parallel4.f] total exec 5217, total exec lines 8, avg 6.5212500000000000e+02
    PAR LOOP [382 results\4d\parallel4\parallel4.f] total exec 585, total exec lines 11, avg 5.3181818181818180e+01
    PAR LOOP [439 results\4d\parallel4\parallel4.f] total exec 450, total exec lines 8, avg 5.6250000000000000e+01
    PAR LOOP [450 results\4d\parallel4\parallel4.f] total exec 5217, total exec lines 8, avg 6.5212500000000000e+02
    PAR LOOP [462 results\4d\parallel4\parallel4.f] total exec 585, total exec lines 11, avg 5.3181818181818180e+01
    average_parallel_exec 2.8612598425196853e+02
    parallel_rate 9.9613476246607635e-01
PROFILE: time for this pass = 0.013000 sec (total 0.051000 sec)

--------------------------------------------------
INFO.JSON file copied from ./info.json to ./results\4d\parallel4\info.json

==================================================
Processing of parallel4.f completed successfully at 2025-05-06 00:26:35
