=== Processing file: sha42.f ===
Date and time: 2025-05-06 00:27:15
Dimension: 4d
==================================================

Copied ./sources\4d\sha42.f to ./results\4d\sha42\sha42.f
Command: gfortran -O3 -g -fprofile-arcs -ftest-coverage "./results\4d\sha42\sha42.f" -o "./results\4d\sha42\sha42"
Output: 

--------------------------------------------------
Command: "./results\4d\sha42\sha42"
Output: 
 ===START OF SHA42========================
 SHA4201  -  complete
 SHA4202  -  complete
 SHA4203  -  complete
 SHA4204  -  complete
 === END OF SHA42 ========================= 

--------------------------------------------------
Command: gcov -b "./results\4d\sha42\sha42.f"
Output: 
File 'results/4d/sha42/sha42.f'
Lines executed:91.71% of 181
Branches executed:100.00% of 256
Taken at least once:70.31% of 256
Calls executed:40.98% of 61
Creating 'sha42.f.gcov'

Lines executed:91.71% of 181

--------------------------------------------------
GCOV file copied from ./sha42.f.gcov to ./results\4d\sha42\sha42.f.gcov
Command: "../SAPFOR/_bin/Release/Sapfor_F.exe" -parse -spf "./results\4d\sha42\sha42.f"
Output: 
SAPFOR version is 2410, build date: Apr 23 2025 11:52:44, c++ version 201703
  parse file './results\4d\sha42\sha42.f'
  options: -spf 
files compilation order:
  ./results\4d\sha42\sha42.f
Parsing was completed successfully

--------------------------------------------------
Command: "../SAPFOR/_bin/Release/Sapfor_F.exe" -passN GET_STATS_FOR_PREDICTOR -keepDVM
Output: 
SAPFOR version is 2410, build date: Apr 23 2025 11:52:44, c++ version 201703
code for pass GET_STATS_FOR_PREDICTOR is 79
RUN PASS with name VERIFY_FUNC_DECL
  Analyzing: results\4d\sha42\sha42.f
PROFILE: time for this pass = 0.000000 sec (total 0.003000 sec)
RUN PASS with name FILE_LINE_INFO
  Analyzing: results\4d\sha42\sha42.f
  All lines in project 364
PROFILE: time for this pass = 0.000000 sec (total 0.004000 sec)
RUN PASS with name BUILD_INCLUDE_DEPENDENCIES
  Analyzing: results\4d\sha42\sha42.f
PROFILE: time for this pass = 0.000000 sec (total 0.005000 sec)
RUN PASS with name CORRECT_VAR_DECL
  Analyzing: results\4d\sha42\sha42.f
PROFILE: time for this pass = 0.001000 sec (total 0.006000 sec)
RUN PASS with name VERIFY_OPERATORS
  Analyzing: results\4d\sha42\sha42.f
PROFILE: time for this pass = 0.000000 sec (total 0.007000 sec)
RUN PASS with name VERIFY_ENDDO
  Analyzing: results\4d\sha42\sha42.f
PROFILE: time for this pass = 0.001000 sec (total 0.008000 sec)
RUN PASS with name VERIFY_INCLUDES
  Analyzing: results\4d\sha42\sha42.f
PROFILE: time for this pass = 0.000000 sec (total 0.009000 sec)
RUN PASS with name PREPROC_ALLOCATES
  Analyzing: results\4d\sha42\sha42.f
  attribute (38 results\4d\sha42\sha42.f) is added to declaration on line 27 of results\4d\sha42\sha42.f file
  attribute (39 results\4d\sha42\sha42.f) is added to declaration on line 29 of results\4d\sha42\sha42.f file
  attribute (39 results\4d\sha42\sha42.f) is added to declaration on line 28 of results\4d\sha42\sha42.f file
  attribute (122 results\4d\sha42\sha42.f) is added to declaration on line 111 of results\4d\sha42\sha42.f file
  attribute (123 results\4d\sha42\sha42.f) is added to declaration on line 113 of results\4d\sha42\sha42.f file
  attribute (123 results\4d\sha42\sha42.f) is added to declaration on line 112 of results\4d\sha42\sha42.f file
  attribute (200 results\4d\sha42\sha42.f) is added to declaration on line 189 of results\4d\sha42\sha42.f file
  attribute (201 results\4d\sha42\sha42.f) is added to declaration on line 190 of results\4d\sha42\sha42.f file
  attribute (201 results\4d\sha42\sha42.f) is added to declaration on line 191 of results\4d\sha42\sha42.f file
  attribute (278 results\4d\sha42\sha42.f) is added to declaration on line 267 of results\4d\sha42\sha42.f file
  attribute (279 results\4d\sha42\sha42.f) is added to declaration on line 268 of results\4d\sha42\sha42.f file
  attribute (279 results\4d\sha42\sha42.f) is added to declaration on line 269 of results\4d\sha42\sha42.f file
PROFILE: time for this pass = 0.001000 sec (total 0.010000 sec)
RUN PASS with name CHECK_PAR_REG_DIR
  Analyzing: results\4d\sha42\sha42.f
PROFILE: time for this pass = 0.000000 sec (total 0.011000 sec)
RUN PASS with name FILL_PARALLEL_REG_IR
  Analyzing: results\4d\sha42\sha42.f
PROFILE: time for this pass = 0.001000 sec (total 0.012000 sec)
RUN PASS with name GET_ALL_ARRAY_DECL
  Analyzing: results\4d\sha42\sha42.f
PROFILE: time for this pass = 0.004000 sec (total 0.016000 sec)
RUN PASS with name FILL_COMMON_BLOCKS
  Analyzing: results\4d\sha42\sha42.f
PROFILE: time for this pass = 0.000000 sec (total 0.017000 sec)
RUN PASS with name PARSE_OMP_DIRS
  Analyzing: results\4d\sha42\sha42.f
PROFILE: time for this pass = 0.000000 sec (total 0.018000 sec)
RUN PASS with name PREPROC_SPF
  Analyzing: results\4d\sha42\sha42.f
PROFILE: time for this pass = 0.000000 sec (total 0.018000 sec)
RUN PASS with name CREATE_INTER_TREE
  Analyzing: results\4d\sha42\sha42.f
PROFILE: time for this pass = 0.001000 sec (total 0.020000 sec)
RUN PASS with name GCOV_PARSER
  Analyzing: results\4d\sha42\sha42.f
   Error: unable to open file statistic.txt
PROFILE: time for this pass = 0.001000 sec (total 0.022000 sec)
RUN PASS with name VERIFY_FORMAT
  Analyzing: results\4d\sha42\sha42.f
PROFILE: time for this pass = 0.000000 sec (total 0.022000 sec)
RUN PASS with name VERIFY_DVM_DIRS
  Analyzing: results\4d\sha42\sha42.f
PROFILE: time for this pass = 0.000000 sec (total 0.023000 sec)
RUN PASS with name PRIVATE_CALL_GRAPH_STAGE1
  Analyzing: results\4d\sha42\sha42.f
PROFILE: time for this pass = 0.000000 sec (total 0.024000 sec)
RUN PASS with name PRIVATE_CALL_GRAPH_STAGE2
  Analyzing: results\4d\sha42\sha42.f
PROFILE: time for this pass = 0.000000 sec (total 0.024000 sec)
RUN PASS with name MACRO_EXPANSION
  Analyzing: results\4d\sha42\sha42.f
PROFILE: time for this pass = 0.000000 sec (total 0.025000 sec)
RUN PASS with name CONVERT_ASSIGN_TO_LOOP
  Analyzing: results\4d\sha42\sha42.f
PROFILE: time for this pass = 0.000000 sec (total 0.026000 sec)
RUN PASS with name DEF_USE_STAGE1
  Analyzing: results\4d\sha42\sha42.f
PROFILE: time for this pass = 0.002000 sec (total 0.028000 sec)
RUN PASS with name DEF_USE_STAGE2
  Analyzing: results\4d\sha42\sha42.f
PROFILE: time for this pass = 0.000000 sec (total 0.029000 sec)
RUN PASS with name VERIFY_COMMON
  Analyzing: results\4d\sha42\sha42.f
PROFILE: time for this pass = 0.000000 sec (total 0.030000 sec)
RUN PASS with name CALL_GRAPH_IR
  Analyzing: results\4d\sha42\sha42.f
PROFILE: time for this pass = 0.002000 sec (total 0.032000 sec)
RUN PASS with name BUILD_IR
  Analyzing: results\4d\sha42\sha42.f
  count of functions 8, count of lvls 3
     RD time for 'serial4' function is 0.000 sec, iters 6
     RD time for 'ansyes' function is 0.000 sec, iters 1
     RD time for 'ansno' function is 0.000 sec, iters 1

     RD time for 'sha4204' function is 0.000 sec, iters 6
     RD time for 'sha4201' function is 0.001 sec, iters 6
     RD time for 'sha4202' function is 0.000 sec, iters 6
     RD time for 'sha4203' function is 0.000 sec, iters 6

     RD time for 'sha42' function is 0.000 sec, iters 1

PROFILE: time for this pass = 0.007000 sec (total 0.039000 sec)
RUN PASS with name SUBST_EXPR_RD
  Analyzing: results\4d\sha42\sha42.f
PROFILE: time for this pass = 0.003000 sec (total 0.042000 sec)
RUN PASS with name LOOP_GRAPH
  Analyzing: results\4d\sha42\sha42.f
PROFILE: time for this pass = 0.003000 sec (total 0.046000 sec)
RUN PASS with name CALL_GRAPH
  Analyzing: results\4d\sha42\sha42.f
PROFILE: time for this pass = 0.003000 sec (total 0.050000 sec)
RUN PASS with name CALL_GRAPH2
  Analyzing: results\4d\sha42\sha42.f
  run for func sha42
  run for func sha4201
  run for func sha4202
  run for func sha4203
  run for func sha4204
  run for func serial4
  run for func ansyes
  run for func ansno
PROFILE: time for this pass = 0.002000 sec (total 0.052000 sec)
RUN PASS with name GET_STATS_FOR_PREDICTOR
  Analyzing: results\4d\sha42\sha42.f
    PAR LOOP [48 results\4d\sha42\sha42.f] total exec 349779, total exec lines 10, avg 3.4977900000000001e+04
    PAR LOOP [68 results\4d\sha42\sha42.f] total exec 55653, total exec lines 10, avg 5.5653000000000002e+03
    PAR LOOP [84 results\4d\sha42\sha42.f] total exec 84653, total exec lines 13, avg 6.5117692307692305e+03
    PAR LOOP [133 results\4d\sha42\sha42.f] total exec 349779, total exec lines 10, avg 3.4977900000000001e+04
    PAR LOOP [147 results\4d\sha42\sha42.f] total exec 55653, total exec lines 10, avg 5.5653000000000002e+03
    PAR LOOP [162 results\4d\sha42\sha42.f] total exec 84653, total exec lines 13, avg 6.5117692307692305e+03
    PAR LOOP [210 results\4d\sha42\sha42.f] total exec 349779, total exec lines 10, avg 3.4977900000000001e+04
    PAR LOOP [225 results\4d\sha42\sha42.f] total exec 55653, total exec lines 10, avg 5.5653000000000002e+03
    PAR LOOP [241 results\4d\sha42\sha42.f] total exec 84653, total exec lines 13, avg 6.5117692307692305e+03
    PAR LOOP [289 results\4d\sha42\sha42.f] total exec 349779, total exec lines 10, avg 3.4977900000000001e+04
    PAR LOOP [302 results\4d\sha42\sha42.f] total exec 55653, total exec lines 10, avg 5.5653000000000002e+03
    PAR LOOP [318 results\4d\sha42\sha42.f] total exec 84653, total exec lines 13, avg 6.5117692307692305e+03
    average_parallel_exec 1.4851060606060606e+04
    parallel_rate 6.9136821315840524e-01
PROFILE: time for this pass = 0.021000 sec (total 0.073000 sec)

--------------------------------------------------
INFO.JSON file copied from ./info.json to ./results\4d\sha42\info.json

==================================================
Processing of sha42.f completed successfully at 2025-05-06 00:27:16
