=== Processing file: paralplus23.f ===
Date and time: 2025-04-23 11:56:27
Dimension: 2d
==================================================

Copied ./sources\2d\paralplus23.f to ./results\2d\paralplus23\paralplus23.f
Command: gfortran -O3 -g -fprofile-arcs -ftest-coverage "./results\2d\paralplus23\paralplus23.f" -o "./results\2d\paralplus23\paralplus23"
Output: 

--------------------------------------------------
Command: "./results\2d\paralplus23\paralplus23"
Output: 
 ===START OF paralplus23=================
 paral+2331   -  complete
 paral+2332   -  complete
 paral+2334   -  complete
 paral+2335   -  complete
 paral+2336   -  complete
 paral+2337   -  complete
 paral+2338   -  complete
 paral+23310  -  complete
 paral+23311  -  complete
 paral+23312  -  complete
 === END OF paralplus23=================

--------------------------------------------------
Command: gcov -b "./results\2d\paralplus23\paralplus23.f"
Output: 
File 'results/2d/paralplus23/paralplus23.f'
Lines executed:77.61% of 326
Branches executed:86.67% of 300
Taken at least once:69.33% of 300
Calls executed:37.93% of 87
Creating 'paralplus23.f.gcov'

Lines executed:77.61% of 326

--------------------------------------------------
GCOV file copied from ./paralplus23.f.gcov to ./results\2d\paralplus23\paralplus23.f.gcov
Command: "../SAPFOR/_bin/Release/Sapfor_F.exe" -parse -spf "./results\2d\paralplus23\paralplus23.f"
Output: 
SAPFOR version is 2410, build date: Apr 23 2025 11:52:44, c++ version 201703
  parse file './results\2d\paralplus23\paralplus23.f'
  options: -spf 
files compilation order:
  ./results\2d\paralplus23\paralplus23.f
Parsing was completed successfully

--------------------------------------------------
Command: "../SAPFOR/_bin/Release/Sapfor_F.exe" -passN GET_STATS_FOR_PREDICTOR -keepDVM
Output: 
SAPFOR version is 2410, build date: Apr 23 2025 11:52:44, c++ version 201703
code for pass GET_STATS_FOR_PREDICTOR is 79
RUN PASS with name VERIFY_FUNC_DECL
  Analyzing: results\2d\paralplus23\paralplus23.f
PROFILE: time for this pass = 0.001000 sec (total 0.003000 sec)
RUN PASS with name FILE_LINE_INFO
  Analyzing: results\2d\paralplus23\paralplus23.f
  All lines in project 891
PROFILE: time for this pass = 0.001000 sec (total 0.004000 sec)
RUN PASS with name BUILD_INCLUDE_DEPENDENCIES
  Analyzing: results\2d\paralplus23\paralplus23.f
PROFILE: time for this pass = 0.000000 sec (total 0.005000 sec)
RUN PASS with name CORRECT_VAR_DECL
  Analyzing: results\2d\paralplus23\paralplus23.f
PROFILE: time for this pass = 0.000000 sec (total 0.006000 sec)
RUN PASS with name VERIFY_OPERATORS
  Analyzing: results\2d\paralplus23\paralplus23.f
PROFILE: time for this pass = 0.000000 sec (total 0.007000 sec)
RUN PASS with name VERIFY_ENDDO
  Analyzing: results\2d\paralplus23\paralplus23.f
PROFILE: time for this pass = 0.000000 sec (total 0.008000 sec)
RUN PASS with name VERIFY_INCLUDES
  Analyzing: results\2d\paralplus23\paralplus23.f
PROFILE: time for this pass = 0.000000 sec (total 0.009000 sec)
RUN PASS with name PREPROC_ALLOCATES
  Analyzing: results\2d\paralplus23\paralplus23.f
  attribute (71 results\2d\paralplus23\paralplus23.f) is added to declaration on line 66 of results\2d\paralplus23\paralplus23.f file
  attribute (116 results\2d\paralplus23\paralplus23.f) is added to declaration on line 66 of results\2d\paralplus23\paralplus23.f file
  attribute (137 results\2d\paralplus23\paralplus23.f) is added to declaration on line 131 of results\2d\paralplus23\paralplus23.f file
  attribute (182 results\2d\paralplus23\paralplus23.f) is added to declaration on line 131 of results\2d\paralplus23\paralplus23.f file
  attribute (203 results\2d\paralplus23\paralplus23.f) is added to declaration on line 197 of results\2d\paralplus23\paralplus23.f file
  attribute (248 results\2d\paralplus23\paralplus23.f) is added to declaration on line 197 of results\2d\paralplus23\paralplus23.f file
  attribute (270 results\2d\paralplus23\paralplus23.f) is added to declaration on line 263 of results\2d\paralplus23\paralplus23.f file
  attribute (320 results\2d\paralplus23\paralplus23.f) is added to declaration on line 263 of results\2d\paralplus23\paralplus23.f file
  attribute (342 results\2d\paralplus23\paralplus23.f) is added to declaration on line 335 of results\2d\paralplus23\paralplus23.f file
  attribute (392 results\2d\paralplus23\paralplus23.f) is added to declaration on line 335 of results\2d\paralplus23\paralplus23.f file
  attribute (414 results\2d\paralplus23\paralplus23.f) is added to declaration on line 407 of results\2d\paralplus23\paralplus23.f file
  attribute (464 results\2d\paralplus23\paralplus23.f) is added to declaration on line 407 of results\2d\paralplus23\paralplus23.f file
  attribute (486 results\2d\paralplus23\paralplus23.f) is added to declaration on line 480 of results\2d\paralplus23\paralplus23.f file
  attribute (531 results\2d\paralplus23\paralplus23.f) is added to declaration on line 480 of results\2d\paralplus23\paralplus23.f file
  attribute (552 results\2d\paralplus23\paralplus23.f) is added to declaration on line 546 of results\2d\paralplus23\paralplus23.f file
  attribute (597 results\2d\paralplus23\paralplus23.f) is added to declaration on line 546 of results\2d\paralplus23\paralplus23.f file
  attribute (618 results\2d\paralplus23\paralplus23.f) is added to declaration on line 612 of results\2d\paralplus23\paralplus23.f file
  attribute (663 results\2d\paralplus23\paralplus23.f) is added to declaration on line 612 of results\2d\paralplus23\paralplus23.f file
  attribute (685 results\2d\paralplus23\paralplus23.f) is added to declaration on line 678 of results\2d\paralplus23\paralplus23.f file
  attribute (735 results\2d\paralplus23\paralplus23.f) is added to declaration on line 678 of results\2d\paralplus23\paralplus23.f file
  attribute (757 results\2d\paralplus23\paralplus23.f) is added to declaration on line 750 of results\2d\paralplus23\paralplus23.f file
  attribute (807 results\2d\paralplus23\paralplus23.f) is added to declaration on line 750 of results\2d\paralplus23\paralplus23.f file
  attribute (829 results\2d\paralplus23\paralplus23.f) is added to declaration on line 822 of results\2d\paralplus23\paralplus23.f file
  attribute (879 results\2d\paralplus23\paralplus23.f) is added to declaration on line 822 of results\2d\paralplus23\paralplus23.f file
PROFILE: time for this pass = 0.001000 sec (total 0.010000 sec)
RUN PASS with name CHECK_PAR_REG_DIR
  Analyzing: results\2d\paralplus23\paralplus23.f
PROFILE: time for this pass = 0.000000 sec (total 0.011000 sec)
RUN PASS with name FILL_PARALLEL_REG_IR
  Analyzing: results\2d\paralplus23\paralplus23.f
PROFILE: time for this pass = 0.000000 sec (total 0.012000 sec)
RUN PASS with name GET_ALL_ARRAY_DECL
  Analyzing: results\2d\paralplus23\paralplus23.f
PROFILE: time for this pass = 0.004000 sec (total 0.017000 sec)
RUN PASS with name FILL_COMMON_BLOCKS
  Analyzing: results\2d\paralplus23\paralplus23.f
PROFILE: time for this pass = 0.000000 sec (total 0.018000 sec)
RUN PASS with name PARSE_OMP_DIRS
  Analyzing: results\2d\paralplus23\paralplus23.f
PROFILE: time for this pass = 0.001000 sec (total 0.019000 sec)
RUN PASS with name PREPROC_SPF
  Analyzing: results\2d\paralplus23\paralplus23.f
PROFILE: time for this pass = 0.000000 sec (total 0.019000 sec)
RUN PASS with name CREATE_INTER_TREE
  Analyzing: results\2d\paralplus23\paralplus23.f
PROFILE: time for this pass = 0.002000 sec (total 0.022000 sec)
RUN PASS with name GCOV_PARSER
  Analyzing: results\2d\paralplus23\paralplus23.f
   Error: unable to open file statistic.txt
PROFILE: time for this pass = 0.002000 sec (total 0.025000 sec)
RUN PASS with name VERIFY_FORMAT
  Analyzing: results\2d\paralplus23\paralplus23.f
PROFILE: time for this pass = 0.000000 sec (total 0.026000 sec)
RUN PASS with name VERIFY_DVM_DIRS
  Analyzing: results\2d\paralplus23\paralplus23.f
PROFILE: time for this pass = 0.000000 sec (total 0.027000 sec)
RUN PASS with name PRIVATE_CALL_GRAPH_STAGE1
  Analyzing: results\2d\paralplus23\paralplus23.f
PROFILE: time for this pass = 0.000000 sec (total 0.027000 sec)
RUN PASS with name PRIVATE_CALL_GRAPH_STAGE2
  Analyzing: results\2d\paralplus23\paralplus23.f
PROFILE: time for this pass = 0.001000 sec (total 0.029000 sec)
RUN PASS with name MACRO_EXPANSION
  Analyzing: results\2d\paralplus23\paralplus23.f
PROFILE: time for this pass = 0.000000 sec (total 0.030000 sec)
RUN PASS with name CONVERT_ASSIGN_TO_LOOP
  Analyzing: results\2d\paralplus23\paralplus23.f
PROFILE: time for this pass = 0.001000 sec (total 0.032000 sec)
RUN PASS with name DEF_USE_STAGE1
  Analyzing: results\2d\paralplus23\paralplus23.f
PROFILE: time for this pass = 0.002000 sec (total 0.034000 sec)
RUN PASS with name DEF_USE_STAGE2
  Analyzing: results\2d\paralplus23\paralplus23.f
PROFILE: time for this pass = 0.000000 sec (total 0.035000 sec)
RUN PASS with name VERIFY_COMMON
  Analyzing: results\2d\paralplus23\paralplus23.f
PROFILE: time for this pass = 0.000000 sec (total 0.036000 sec)
RUN PASS with name CALL_GRAPH_IR
  Analyzing: results\2d\paralplus23\paralplus23.f
PROFILE: time for this pass = 0.001000 sec (total 0.038000 sec)
RUN PASS with name BUILD_IR
  Analyzing: results\2d\paralplus23\paralplus23.f
  count of functions 15, count of lvls 3
     RD time for 'paral39' function is 0.000 sec, iters 5
     RD time for 'ansno' function is 0.000 sec, iters 1
     RD time for 'paral33' function is 0.000 sec, iters 5
     RD time for 'ansyes' function is 0.000 sec, iters 1

     RD time for 'paral37' function is 0.000 sec, iters 5
     RD time for 'paral312' function is 0.000 sec, iters 5
     RD time for 'paral36' function is 0.000 sec, iters 5
     RD time for 'paral38' function is 0.000 sec, iters 5
     RD time for 'paral34' function is 0.000 sec, iters 5
     RD time for 'paral32' function is 0.000 sec, iters 5
     RD time for 'paral35' function is 0.000 sec, iters 5
     RD time for 'paral310' function is 0.000 sec, iters 5
     RD time for 'paral311' function is 0.000 sec, iters 5
     RD time for 'paral31' function is 0.000 sec, iters 5

     RD time for 'parallelplus23' function is 0.000 sec, iters 1

PROFILE: time for this pass = 0.016000 sec (total 0.054000 sec)
RUN PASS with name SUBST_EXPR_RD
  Analyzing: results\2d\paralplus23\paralplus23.f
PROFILE: time for this pass = 0.007000 sec (total 0.062000 sec)
RUN PASS with name LOOP_GRAPH
  Analyzing: results\2d\paralplus23\paralplus23.f
PROFILE: time for this pass = 0.004000 sec (total 0.067000 sec)
RUN PASS with name CALL_GRAPH
  Analyzing: results\2d\paralplus23\paralplus23.f
PROFILE: time for this pass = 0.005000 sec (total 0.072000 sec)
RUN PASS with name CALL_GRAPH2
  Analyzing: results\2d\paralplus23\paralplus23.f
  run for func parallelplus23
  run for func paral31
  run for func paral32
  run for func paral33
  run for func paral34
  run for func paral35
  run for func paral36
  run for func paral37
  run for func paral38
  run for func paral39
  run for func paral310
  run for func paral311
  run for func paral312
  run for func ansyes
  run for func ansno
PROFILE: time for this pass = 0.003000 sec (total 0.076000 sec)
RUN PASS with name GET_STATS_FOR_PREDICTOR
  Analyzing: results\2d\paralplus23\paralplus23.f
    PAR LOOP [78 results\2d\paralplus23\paralplus23.f] total exec 645, total exec lines 6, avg 1.0750000000000000e+02
    PAR LOOP [89 results\2d\paralplus23\paralplus23.f] total exec 681, total exec lines 12, avg 5.6750000000000000e+01
    PAR LOOP [144 results\2d\paralplus23\paralplus23.f] total exec 528, total exec lines 6, avg 8.8000000000000000e+01
    PAR LOOP [155 results\2d\paralplus23\paralplus23.f] total exec 678, total exec lines 12, avg 5.6500000000000000e+01
    PAR LOOP [277 results\2d\paralplus23\paralplus23.f] total exec 144, total exec lines 6, avg 2.4000000000000000e+01
    PAR LOOP [286 results\2d\paralplus23\paralplus23.f] total exec 861, total exec lines 6, avg 1.4350000000000000e+02
    PAR LOOP [296 results\2d\paralplus23\paralplus23.f] total exec 189, total exec lines 9, avg 2.1000000000000000e+01
    PAR LOOP [349 results\2d\paralplus23\paralplus23.f] total exec 861, total exec lines 6, avg 1.4350000000000000e+02
    PAR LOOP [358 results\2d\paralplus23\paralplus23.f] total exec 861, total exec lines 6, avg 1.4350000000000000e+02
    PAR LOOP [368 results\2d\paralplus23\paralplus23.f] total exec 1257, total exec lines 9, avg 1.3966666666666666e+02
    PAR LOOP [421 results\2d\paralplus23\paralplus23.f] total exec 144, total exec lines 6, avg 2.4000000000000000e+01
    PAR LOOP [430 results\2d\paralplus23\paralplus23.f] total exec 861, total exec lines 6, avg 1.4350000000000000e+02
    PAR LOOP [444 results\2d\paralplus23\paralplus23.f] total exec 120, total exec lines 5, avg 2.4000000000000000e+01
    PAR LOOP [493 results\2d\paralplus23\paralplus23.f] total exec 645, total exec lines 6, avg 1.0750000000000000e+02
    PAR LOOP [504 results\2d\paralplus23\paralplus23.f] total exec 681, total exec lines 12, avg 5.6750000000000000e+01
    PAR LOOP [559 results\2d\paralplus23\paralplus23.f] total exec 528, total exec lines 6, avg 8.8000000000000000e+01
    PAR LOOP [570 results\2d\paralplus23\paralplus23.f] total exec 678, total exec lines 12, avg 5.6500000000000000e+01
    PAR LOOP [692 results\2d\paralplus23\paralplus23.f] total exec 144, total exec lines 6, avg 2.4000000000000000e+01
    PAR LOOP [701 results\2d\paralplus23\paralplus23.f] total exec 861, total exec lines 6, avg 1.4350000000000000e+02
    PAR LOOP [711 results\2d\paralplus23\paralplus23.f] total exec 189, total exec lines 9, avg 2.1000000000000000e+01
    PAR LOOP [764 results\2d\paralplus23\paralplus23.f] total exec 861, total exec lines 6, avg 1.4350000000000000e+02
    PAR LOOP [773 results\2d\paralplus23\paralplus23.f] total exec 861, total exec lines 6, avg 1.4350000000000000e+02
    PAR LOOP [783 results\2d\paralplus23\paralplus23.f] total exec 1257, total exec lines 9, avg 1.3966666666666666e+02
    PAR LOOP [836 results\2d\paralplus23\paralplus23.f] total exec 144, total exec lines 6, avg 2.4000000000000000e+01
    PAR LOOP [845 results\2d\paralplus23\paralplus23.f] total exec 861, total exec lines 6, avg 1.4350000000000000e+02
    PAR LOOP [855 results\2d\paralplus23\paralplus23.f] total exec 189, total exec lines 9, avg 2.1000000000000000e+01
    average_parallel_exec 8.1077319587628864e+01
    parallel_rate 9.7671385991058124e-01
PROFILE: time for this pass = 0.033000 sec (total 0.109000 sec)

--------------------------------------------------
INFO.JSON file copied from ./info.json to ./results\2d\paralplus23\info.json

==================================================
Processing of paralplus23.f completed successfully at 2025-04-23 11:56:29
