=== Processing file: sc32.f ===
Date and time: 2025-04-23 11:57:54
Dimension: 3d
==================================================

Copied ./sources\3d\sc32.f to ./results\3d\sc32\sc32.f
Command: gfortran -O3 -g -fprofile-arcs -ftest-coverage "./results\3d\sc32\sc32.f" -o "./results\3d\sc32\sc32"
Output: 

--------------------------------------------------
Command: "./results\3d\sc32\sc32"
Output: 
 ===START OF SC32========================
 SC3201  -  complete
 SC3202  -  complete
 SC3203  -  complete
 SC3204  -  complete
 SC3205  -  complete
 SC3206  -  complete
 SC3207  -  complete
 SC3208  -  complete
 SC3209  -  complete
 === END OF SC32 ========================= 

--------------------------------------------------
Command: gcov -b "./results\3d\sc32\sc32.f"
Output: 
File 'results/3d/sc32/sc32.f'
Lines executed:86.78% of 295
Branches executed:100.00% of 312
Taken at least once:76.92% of 312
Calls executed:37.38% of 107
Creating 'sc32.f.gcov'

Lines executed:86.78% of 295

--------------------------------------------------
GCOV file copied from ./sc32.f.gcov to ./results\3d\sc32\sc32.f.gcov
Command: "../SAPFOR/_bin/Release/Sapfor_F.exe" -parse -spf "./results\3d\sc32\sc32.f"
Output: 
SAPFOR version is 2410, build date: Apr 23 2025 11:52:44, c++ version 201703
  parse file './results\3d\sc32\sc32.f'
  options: -spf 
files compilation order:
  ./results\3d\sc32\sc32.f
Parsing was completed successfully

--------------------------------------------------
Command: "../SAPFOR/_bin/Release/Sapfor_F.exe" -passN GET_STATS_FOR_PREDICTOR -keepDVM
Output: 
SAPFOR version is 2410, build date: Apr 23 2025 11:52:44, c++ version 201703
code for pass GET_STATS_FOR_PREDICTOR is 79
RUN PASS with name VERIFY_FUNC_DECL
  Analyzing: results\3d\sc32\sc32.f
PROFILE: time for this pass = 0.001000 sec (total 0.005000 sec)
RUN PASS with name FILE_LINE_INFO
  Analyzing: results\3d\sc32\sc32.f
  All lines in project 684
PROFILE: time for this pass = 0.001000 sec (total 0.007000 sec)
RUN PASS with name BUILD_INCLUDE_DEPENDENCIES
  Analyzing: results\3d\sc32\sc32.f
PROFILE: time for this pass = 0.001000 sec (total 0.009000 sec)
RUN PASS with name CORRECT_VAR_DECL
  Analyzing: results\3d\sc32\sc32.f
PROFILE: time for this pass = 0.001000 sec (total 0.010000 sec)
RUN PASS with name VERIFY_OPERATORS
  Analyzing: results\3d\sc32\sc32.f
PROFILE: time for this pass = 0.001000 sec (total 0.012000 sec)
RUN PASS with name VERIFY_ENDDO
  Analyzing: results\3d\sc32\sc32.f
PROFILE: time for this pass = 0.000000 sec (total 0.013000 sec)
RUN PASS with name VERIFY_INCLUDES
  Analyzing: results\3d\sc32\sc32.f
PROFILE: time for this pass = 0.000000 sec (total 0.013000 sec)
RUN PASS with name PREPROC_ALLOCATES
  Analyzing: results\3d\sc32\sc32.f
  attribute (43 results\3d\sc32\sc32.f) is added to declaration on line 35 of results\3d\sc32\sc32.f file
  attribute (99 results\3d\sc32\sc32.f) is added to declaration on line 35 of results\3d\sc32\sc32.f file
  attribute (114 results\3d\sc32\sc32.f) is added to declaration on line 105 of results\3d\sc32\sc32.f file
  attribute (168 results\3d\sc32\sc32.f) is added to declaration on line 105 of results\3d\sc32\sc32.f file
  attribute (183 results\3d\sc32\sc32.f) is added to declaration on line 174 of results\3d\sc32\sc32.f file
  attribute (237 results\3d\sc32\sc32.f) is added to declaration on line 174 of results\3d\sc32\sc32.f file
  attribute (253 results\3d\sc32\sc32.f) is added to declaration on line 244 of results\3d\sc32\sc32.f file
  attribute (307 results\3d\sc32\sc32.f) is added to declaration on line 244 of results\3d\sc32\sc32.f file
  attribute (323 results\3d\sc32\sc32.f) is added to declaration on line 314 of results\3d\sc32\sc32.f file
  attribute (378 results\3d\sc32\sc32.f) is added to declaration on line 314 of results\3d\sc32\sc32.f file
  attribute (395 results\3d\sc32\sc32.f) is added to declaration on line 386 of results\3d\sc32\sc32.f file
  attribute (449 results\3d\sc32\sc32.f) is added to declaration on line 386 of results\3d\sc32\sc32.f file
  attribute (465 results\3d\sc32\sc32.f) is added to declaration on line 456 of results\3d\sc32\sc32.f file
  attribute (519 results\3d\sc32\sc32.f) is added to declaration on line 456 of results\3d\sc32\sc32.f file
  attribute (536 results\3d\sc32\sc32.f) is added to declaration on line 527 of results\3d\sc32\sc32.f file
  attribute (590 results\3d\sc32\sc32.f) is added to declaration on line 527 of results\3d\sc32\sc32.f file
  attribute (606 results\3d\sc32\sc32.f) is added to declaration on line 597 of results\3d\sc32\sc32.f file
  attribute (660 results\3d\sc32\sc32.f) is added to declaration on line 597 of results\3d\sc32\sc32.f file
PROFILE: time for this pass = 0.001000 sec (total 0.015000 sec)
RUN PASS with name CHECK_PAR_REG_DIR
  Analyzing: results\3d\sc32\sc32.f
PROFILE: time for this pass = 0.000000 sec (total 0.015000 sec)
RUN PASS with name FILL_PARALLEL_REG_IR
  Analyzing: results\3d\sc32\sc32.f
PROFILE: time for this pass = 0.001000 sec (total 0.017000 sec)
RUN PASS with name GET_ALL_ARRAY_DECL
  Analyzing: results\3d\sc32\sc32.f
PROFILE: time for this pass = 0.005000 sec (total 0.022000 sec)
RUN PASS with name FILL_COMMON_BLOCKS
  Analyzing: results\3d\sc32\sc32.f
PROFILE: time for this pass = 0.000000 sec (total 0.023000 sec)
RUN PASS with name PARSE_OMP_DIRS
  Analyzing: results\3d\sc32\sc32.f
PROFILE: time for this pass = 0.000000 sec (total 0.024000 sec)
RUN PASS with name PREPROC_SPF
  Analyzing: results\3d\sc32\sc32.f
PROFILE: time for this pass = 0.000000 sec (total 0.025000 sec)
RUN PASS with name CREATE_INTER_TREE
  Analyzing: results\3d\sc32\sc32.f
PROFILE: time for this pass = 0.002000 sec (total 0.028000 sec)
RUN PASS with name GCOV_PARSER
  Analyzing: results\3d\sc32\sc32.f
   Error: unable to open file statistic.txt
PROFILE: time for this pass = 0.002000 sec (total 0.030000 sec)
RUN PASS with name VERIFY_FORMAT
  Analyzing: results\3d\sc32\sc32.f
PROFILE: time for this pass = 0.000000 sec (total 0.030000 sec)
RUN PASS with name VERIFY_DVM_DIRS
  Analyzing: results\3d\sc32\sc32.f
PROFILE: time for this pass = 0.000000 sec (total 0.031000 sec)
RUN PASS with name PRIVATE_CALL_GRAPH_STAGE1
  Analyzing: results\3d\sc32\sc32.f
PROFILE: time for this pass = 0.000000 sec (total 0.032000 sec)
RUN PASS with name PRIVATE_CALL_GRAPH_STAGE2
  Analyzing: results\3d\sc32\sc32.f
PROFILE: time for this pass = 0.000000 sec (total 0.033000 sec)
RUN PASS with name MACRO_EXPANSION
  Analyzing: results\3d\sc32\sc32.f
PROFILE: time for this pass = 0.000000 sec (total 0.034000 sec)
RUN PASS with name CONVERT_ASSIGN_TO_LOOP
  Analyzing: results\3d\sc32\sc32.f
PROFILE: time for this pass = 0.001000 sec (total 0.035000 sec)
RUN PASS with name DEF_USE_STAGE1
  Analyzing: results\3d\sc32\sc32.f
PROFILE: time for this pass = 0.003000 sec (total 0.038000 sec)
RUN PASS with name DEF_USE_STAGE2
  Analyzing: results\3d\sc32\sc32.f
PROFILE: time for this pass = 0.000000 sec (total 0.039000 sec)
RUN PASS with name VERIFY_COMMON
  Analyzing: results\3d\sc32\sc32.f
PROFILE: time for this pass = 0.000000 sec (total 0.040000 sec)
RUN PASS with name CALL_GRAPH_IR
  Analyzing: results\3d\sc32\sc32.f
PROFILE: time for this pass = 0.002000 sec (total 0.043000 sec)
RUN PASS with name BUILD_IR
  Analyzing: results\3d\sc32\sc32.f
  count of functions 13, count of lvls 3
     RD time for 'ansyes' function is 0.000 sec, iters 1
     RD time for 'serial3' function is 0.000 sec, iters 5
     RD time for 'ansno' function is 0.000 sec, iters 1

     RD time for 'sc3201' function is 0.000 sec, iters 5
     RD time for 'sc3202' function is 0.000 sec, iters 5
     RD time for 'sc3203' function is 0.000 sec, iters 5
     RD time for 'sc3209' function is 0.000 sec, iters 5
     RD time for 'sc3206' function is 0.000 sec, iters 5
     RD time for 'sc3207' function is 0.000 sec, iters 5
     RD time for 'sc3204' function is 0.000 sec, iters 5
     RD time for 'sc3208' function is 0.000 sec, iters 5
     RD time for 'sc3205' function is 0.000 sec, iters 5

     RD time for 'sc32' function is 0.000 sec, iters 1

PROFILE: time for this pass = 0.010000 sec (total 0.053000 sec)
RUN PASS with name SUBST_EXPR_RD
  Analyzing: results\3d\sc32\sc32.f
PROFILE: time for this pass = 0.006000 sec (total 0.060000 sec)
RUN PASS with name LOOP_GRAPH
  Analyzing: results\3d\sc32\sc32.f
PROFILE: time for this pass = 0.006000 sec (total 0.066000 sec)
RUN PASS with name CALL_GRAPH
  Analyzing: results\3d\sc32\sc32.f
PROFILE: time for this pass = 0.005000 sec (total 0.072000 sec)
RUN PASS with name CALL_GRAPH2
  Analyzing: results\3d\sc32\sc32.f
  run for func sc32
  run for func sc3201
  run for func sc3202
  run for func sc3203
  run for func sc3204
  run for func sc3205
  run for func sc3206
  run for func sc3207
  run for func sc3208
  run for func sc3209
  run for func serial3
  run for func ansyes
  run for func ansno
PROFILE: time for this pass = 0.003000 sec (total 0.075000 sec)
RUN PASS with name GET_STATS_FOR_PREDICTOR
  Analyzing: results\3d\sc32\sc32.f
    PAR LOOP [53 results\3d\sc32\sc32.f] total exec 3795, total exec lines 6, avg 6.3250000000000000e+02
    PAR LOOP [62 results\3d\sc32\sc32.f] total exec 2005, total exec lines 6, avg 3.3416666666666669e+02
    PAR LOOP [76 results\3d\sc32\sc32.f] total exec 3097, total exec lines 11, avg 2.8154545454545456e+02
    PAR LOOP [124 results\3d\sc32\sc32.f] total exec 5683, total exec lines 6, avg 9.4716666666666663e+02
    PAR LOOP [133 results\3d\sc32\sc32.f] total exec 1719, total exec lines 6, avg 2.8650000000000000e+02
    PAR LOOP [146 results\3d\sc32\sc32.f] total exec 2655, total exec lines 11, avg 2.4136363636363637e+02
    PAR LOOP [193 results\3d\sc32\sc32.f] total exec 5683, total exec lines 6, avg 9.4716666666666663e+02
    PAR LOOP [202 results\3d\sc32\sc32.f] total exec 1719, total exec lines 6, avg 2.8650000000000000e+02
    PAR LOOP [215 results\3d\sc32\sc32.f] total exec 2655, total exec lines 11, avg 2.4136363636363637e+02
    PAR LOOP [263 results\3d\sc32\sc32.f] total exec 5683, total exec lines 6, avg 9.4716666666666663e+02
    PAR LOOP [272 results\3d\sc32\sc32.f] total exec 1719, total exec lines 6, avg 2.8650000000000000e+02
    PAR LOOP [285 results\3d\sc32\sc32.f] total exec 2655, total exec lines 11, avg 2.4136363636363637e+02
    PAR LOOP [334 results\3d\sc32\sc32.f] total exec 13651, total exec lines 6, avg 2.2751666666666665e+03
    PAR LOOP [343 results\3d\sc32\sc32.f] total exec 5967, total exec lines 6, avg 9.9450000000000000e+02
    PAR LOOP [356 results\3d\sc32\sc32.f] total exec 9567, total exec lines 11, avg 8.6972727272727275e+02
    PAR LOOP [405 results\3d\sc32\sc32.f] total exec 13651, total exec lines 6, avg 2.2751666666666665e+03
    PAR LOOP [414 results\3d\sc32\sc32.f] total exec 3553, total exec lines 6, avg 5.9216666666666663e+02
    PAR LOOP [427 results\3d\sc32\sc32.f] total exec 5653, total exec lines 11, avg 5.1390909090909088e+02
    PAR LOOP [475 results\3d\sc32\sc32.f] total exec 13651, total exec lines 6, avg 2.2751666666666665e+03
    PAR LOOP [484 results\3d\sc32\sc32.f] total exec 3553, total exec lines 6, avg 5.9216666666666663e+02
    PAR LOOP [497 results\3d\sc32\sc32.f] total exec 5653, total exec lines 11, avg 5.1390909090909088e+02
    PAR LOOP [546 results\3d\sc32\sc32.f] total exec 13651, total exec lines 6, avg 2.2751666666666665e+03
    PAR LOOP [555 results\3d\sc32\sc32.f] total exec 3553, total exec lines 6, avg 5.9216666666666663e+02
    PAR LOOP [568 results\3d\sc32\sc32.f] total exec 5653, total exec lines 11, avg 5.1390909090909088e+02
    PAR LOOP [616 results\3d\sc32\sc32.f] total exec 5256603, total exec lines 6, avg 8.7610050000000000e+05
    PAR LOOP [625 results\3d\sc32\sc32.f] total exec 2872089, total exec lines 6, avg 4.7868150000000000e+05
    PAR LOOP [638 results\3d\sc32\sc32.f] total exec 4764077, total exec lines 11, avg 4.3309790909090912e+05
    average_parallel_exec 6.2944893719806765e+04
    parallel_rate 7.0956909131584467e-01
PROFILE: time for this pass = 0.055000 sec (total 0.131000 sec)

--------------------------------------------------
INFO.JSON file copied from ./info.json to ./results\3d\sc32\info.json

==================================================
Processing of sc32.f completed successfully at 2025-04-23 11:57:55
