=== Processing file: realign33.f ===
Date and time: 2025-04-23 11:57:39
Dimension: 3d
==================================================

Copied ./sources\3d\realign33.f to ./results\3d\realign33\realign33.f
Command: gfortran -O3 -g -fprofile-arcs -ftest-coverage "./results\3d\realign33\realign33.f" -o "./results\3d\realign33\realign33"
Output: 

--------------------------------------------------
Command: "./results\3d\realign33\realign33"
Output: 
 ===START OF realign33========================
 realign331  -  complete
 realign332  -  complete
 realign333  -  complete
 realign334  -  complete
 realign335  -  complete
 realign336  -  complete
 === END OF realign33 ========================= 

--------------------------------------------------
Command: gcov -b "./results\3d\realign33\realign33.f"
Output: 
File 'results/3d/realign33/realign33.f'
Lines executed:90.71% of 226
Branches executed:100.00% of 288
Taken at least once:83.33% of 288
Calls executed:47.17% of 53
Creating 'realign33.f.gcov'

Lines executed:90.71% of 226

--------------------------------------------------
GCOV file copied from ./realign33.f.gcov to ./results\3d\realign33\realign33.f.gcov
Command: "../SAPFOR/_bin/Release/Sapfor_F.exe" -parse -spf "./results\3d\realign33\realign33.f"
Output: 
SAPFOR version is 2410, build date: Apr 23 2025 11:52:44, c++ version 201703
  parse file './results\3d\realign33\realign33.f'
  options: -spf 
files compilation order:
  ./results\3d\realign33\realign33.f
Parsing was completed successfully

--------------------------------------------------
Command: "../SAPFOR/_bin/Release/Sapfor_F.exe" -passN GET_STATS_FOR_PREDICTOR -keepDVM
Output: 
SAPFOR version is 2410, build date: Apr 23 2025 11:52:44, c++ version 201703
code for pass GET_STATS_FOR_PREDICTOR is 79
RUN PASS with name VERIFY_FUNC_DECL
  Analyzing: results\3d\realign33\realign33.f
PROFILE: time for this pass = 0.001000 sec (total 0.003000 sec)
RUN PASS with name FILE_LINE_INFO
  Analyzing: results\3d\realign33\realign33.f
  All lines in project 697
PROFILE: time for this pass = 0.000000 sec (total 0.004000 sec)
RUN PASS with name BUILD_INCLUDE_DEPENDENCIES
  Analyzing: results\3d\realign33\realign33.f
PROFILE: time for this pass = 0.000000 sec (total 0.005000 sec)
RUN PASS with name CORRECT_VAR_DECL
  Analyzing: results\3d\realign33\realign33.f
PROFILE: time for this pass = 0.000000 sec (total 0.005000 sec)
RUN PASS with name VERIFY_OPERATORS
  Analyzing: results\3d\realign33\realign33.f
PROFILE: time for this pass = 0.000000 sec (total 0.006000 sec)
RUN PASS with name VERIFY_ENDDO
  Analyzing: results\3d\realign33\realign33.f
PROFILE: time for this pass = 0.000000 sec (total 0.007000 sec)
RUN PASS with name VERIFY_INCLUDES
  Analyzing: results\3d\realign33\realign33.f
PROFILE: time for this pass = 0.000000 sec (total 0.008000 sec)
RUN PASS with name PREPROC_ALLOCATES
  Analyzing: results\3d\realign33\realign33.f
  attribute (69 results\3d\realign33\realign33.f) is added to declaration on line 62 of results\3d\realign33\realign33.f file
  attribute (152 results\3d\realign33\realign33.f) is added to declaration on line 62 of results\3d\realign33\realign33.f file
  attribute (182 results\3d\realign33\realign33.f) is added to declaration on line 175 of results\3d\realign33\realign33.f file
  attribute (260 results\3d\realign33\realign33.f) is added to declaration on line 175 of results\3d\realign33\realign33.f file
  attribute (291 results\3d\realign33\realign33.f) is added to declaration on line 284 of results\3d\realign33\realign33.f file
  attribute (370 results\3d\realign33\realign33.f) is added to declaration on line 284 of results\3d\realign33\realign33.f file
  attribute (504 results\3d\realign33\realign33.f) is added to declaration on line 497 of results\3d\realign33\realign33.f file
  attribute (576 results\3d\realign33\realign33.f) is added to declaration on line 497 of results\3d\realign33\realign33.f file
  attribute (605 results\3d\realign33\realign33.f) is added to declaration on line 596 of results\3d\realign33\realign33.f file
  attribute (685 results\3d\realign33\realign33.f) is added to declaration on line 596 of results\3d\realign33\realign33.f file
PROFILE: time for this pass = 0.000000 sec (total 0.008000 sec)
RUN PASS with name CHECK_PAR_REG_DIR
  Analyzing: results\3d\realign33\realign33.f
PROFILE: time for this pass = 0.000000 sec (total 0.009000 sec)
RUN PASS with name FILL_PARALLEL_REG_IR
  Analyzing: results\3d\realign33\realign33.f
PROFILE: time for this pass = 0.000000 sec (total 0.010000 sec)
RUN PASS with name GET_ALL_ARRAY_DECL
  Analyzing: results\3d\realign33\realign33.f
PROFILE: time for this pass = 0.003000 sec (total 0.013000 sec)
RUN PASS with name FILL_COMMON_BLOCKS
  Analyzing: results\3d\realign33\realign33.f
PROFILE: time for this pass = 0.000000 sec (total 0.014000 sec)
RUN PASS with name PARSE_OMP_DIRS
  Analyzing: results\3d\realign33\realign33.f
PROFILE: time for this pass = 0.000000 sec (total 0.015000 sec)
RUN PASS with name PREPROC_SPF
  Analyzing: results\3d\realign33\realign33.f
PROFILE: time for this pass = 0.000000 sec (total 0.015000 sec)
RUN PASS with name CREATE_INTER_TREE
  Analyzing: results\3d\realign33\realign33.f
PROFILE: time for this pass = 0.002000 sec (total 0.018000 sec)
RUN PASS with name GCOV_PARSER
  Analyzing: results\3d\realign33\realign33.f
   Error: unable to open file statistic.txt
PROFILE: time for this pass = 0.001000 sec (total 0.019000 sec)
RUN PASS with name VERIFY_FORMAT
  Analyzing: results\3d\realign33\realign33.f
PROFILE: time for this pass = 0.000000 sec (total 0.020000 sec)
RUN PASS with name VERIFY_DVM_DIRS
  Analyzing: results\3d\realign33\realign33.f
PROFILE: time for this pass = 0.000000 sec (total 0.021000 sec)
RUN PASS with name PRIVATE_CALL_GRAPH_STAGE1
  Analyzing: results\3d\realign33\realign33.f
PROFILE: time for this pass = 0.000000 sec (total 0.021000 sec)
RUN PASS with name PRIVATE_CALL_GRAPH_STAGE2
  Analyzing: results\3d\realign33\realign33.f
PROFILE: time for this pass = 0.000000 sec (total 0.022000 sec)
RUN PASS with name MACRO_EXPANSION
  Analyzing: results\3d\realign33\realign33.f
PROFILE: time for this pass = 0.000000 sec (total 0.023000 sec)
RUN PASS with name CONVERT_ASSIGN_TO_LOOP
  Analyzing: results\3d\realign33\realign33.f
was on line 184 file results\3d\realign33\realign33.f
      a3 = 0
      do  i_2 = 0,24
         do  i_1 = 0,15
            do  i_0 = 0,11
               a3(i_0 + 1,i_1 + 1,i_2 + 1) = 0
            enddo  
         enddo  
      enddo  
was on line 185 file results\3d\realign33\realign33.f
      b3 = 0
      do  i_2 = 0,4
         do  i_1 = 0,2
            do  i_0 = 0,3
               b3(i_0 + 1,i_1 + 1,i_2 + 1) = 0
            enddo  
         enddo  
      enddo  
was on line 293 file results\3d\realign33\realign33.f
      a3 = 1
      do  i_5 = 0,24
         do  i_4 = 0,15
            do  i_3 = 0,11
               a3(i_3 + 1,i_4 + 1,i_5 + 1) = 1
            enddo  
         enddo  
      enddo  
was on line 294 file results\3d\realign33\realign33.f
      b3 = 2
      do  i_5 = 0,4
         do  i_4 = 0,2
            do  i_3 = 0,3
               b3(i_3 + 1,i_4 + 1,i_5 + 1) = 2
            enddo  
         enddo  
      enddo  
was on line 400 file results\3d\realign33\realign33.f
      a3 = 0
      do  i_8 = 0,19
         do  i_7 = 0,27
            do  i_6 = 0,14
               a3(i_6 + 1,i_7 + 1,i_8 + 1) = 0
            enddo  
         enddo  
      enddo  
was on line 401 file results\3d\realign33\realign33.f
      b3 = 0
      do  i_8 = 0,5
         do  i_7 = 0,5
            do  i_6 = 0,3
               b3(i_6 + 1,i_7 + 1,i_8 + 1) = 0
            enddo  
         enddo  
      enddo  
was on line 506 file results\3d\realign33\realign33.f
      a3 = 0
      do  i_11 = 0,9
         do  i_10 = 0,9
            do  i_9 = 0,9
               a3(i_9 + 1,i_10 + 1,i_11 + 1) = 0
            enddo  
         enddo  
      enddo  
was on line 507 file results\3d\realign33\realign33.f
      b3 = 6
      do  i_11 = 0,3
         do  i_10 = 0,7
            do  i_9 = 0,3
               b3(i_9 + 1,i_10 + 1,i_11 + 1) = 6
            enddo  
         enddo  
      enddo  
was on line 607 file results\3d\realign33\realign33.f
      b3 = 0
      do  i_14 = 0,2
         do  i_13 = 0,3
            do  i_12 = 0,2
               b3(i_12 + 1,i_13 + 1,i_14 + 1) = 0
            enddo  
         enddo  
      enddo  
PROFILE: time for this pass = 0.003000 sec (total 0.026000 sec)
RUN PASS with name DEF_USE_STAGE1
  Analyzing: results\3d\realign33\realign33.f
PROFILE: time for this pass = 0.001000 sec (total 0.027000 sec)
RUN PASS with name DEF_USE_STAGE2
  Analyzing: results\3d\realign33\realign33.f
PROFILE: time for this pass = 0.000000 sec (total 0.028000 sec)
RUN PASS with name VERIFY_COMMON
  Analyzing: results\3d\realign33\realign33.f
PROFILE: time for this pass = 0.000000 sec (total 0.029000 sec)
RUN PASS with name CALL_GRAPH_IR
  Analyzing: results\3d\realign33\realign33.f
PROFILE: time for this pass = 0.001000 sec (total 0.030000 sec)
RUN PASS with name BUILD_IR
  Analyzing: results\3d\realign33\realign33.f
  count of functions 9, count of lvls 3
     RD time for 'ansyes' function is 0.000 sec, iters 1
     RD time for 'ansno' function is 0.000 sec, iters 1

     RD time for 'realign331' function is 0.001 sec, iters 5
     RD time for 'realign332' function is 0.001 sec, iters 5
     RD time for 'realign333' function is 0.002 sec, iters 5
     RD time for 'realign334' function is 0.001 sec, iters 5
     RD time for 'realign335' function is 0.001 sec, iters 5
     RD time for 'realign336' function is 0.001 sec, iters 5

     RD time for 'realign33' function is 0.000 sec, iters 1

PROFILE: time for this pass = 0.014000 sec (total 0.045000 sec)
RUN PASS with name SUBST_EXPR_RD
  Analyzing: results\3d\realign33\realign33.f
PROFILE: time for this pass = 0.006000 sec (total 0.051000 sec)
RUN PASS with name LOOP_GRAPH
  Analyzing: results\3d\realign33\realign33.f
PROFILE: time for this pass = 0.004000 sec (total 0.056000 sec)
RUN PASS with name CALL_GRAPH
  Analyzing: results\3d\realign33\realign33.f
PROFILE: time for this pass = 0.003000 sec (total 0.059000 sec)
RUN PASS with name CALL_GRAPH2
  Analyzing: results\3d\realign33\realign33.f
  run for func realign33
  run for func realign331
  run for func realign332
  run for func realign333
  run for func realign334
  run for func realign335
  run for func realign336
  run for func ansyes
  run for func ansno
PROFILE: time for this pass = 0.002000 sec (total 0.062000 sec)
RUN PASS with name GET_STATS_FOR_PREDICTOR
  Analyzing: results\3d\realign33\realign33.f
    PAR LOOP [73 results\3d\realign33\realign33.f] total exec 1704, total exec lines 6, avg 2.8400000000000000e+02
    PAR LOOP [82 results\3d\realign33\realign33.f] total exec 7181, total exec lines 12, avg 5.9841666666666663e+02
    PAR LOOP [115 results\3d\realign33\realign33.f] total exec 4656, total exec lines 15, avg 3.1039999999999998e+02
    PAR LOOP [189 results\3d\realign33\realign33.f] total exec 25071, total exec lines 12, avg 2.0892500000000000e+03
    PAR LOOP [222 results\3d\realign33\realign33.f] total exec 671, total exec lines 15, avg 4.4733333333333334e+01
    PAR LOOP [298 results\3d\realign33\realign33.f] total exec 25071, total exec lines 12, avg 2.0892500000000000e+03
    PAR LOOP [332 results\3d\realign33\realign33.f] total exec 671, total exec lines 15, avg 4.4733333333333334e+01
    PAR LOOP [405 results\3d\realign33\realign33.f] total exec 44334, total exec lines 12, avg 3.6945000000000000e+03
    PAR LOOP [440 results\3d\realign33\realign33.f] total exec 1607, total exec lines 15, avg 1.0713333333333334e+02
    PAR LOOP [512 results\3d\realign33\realign33.f] total exec 3553, total exec lines 6, avg 5.9216666666666663e+02
    PAR LOOP [521 results\3d\realign33\realign33.f] total exec 567, total exec lines 6, avg 9.4500000000000000e+01
    PAR LOOP [539 results\3d\realign33\realign33.f] total exec 1495, total exec lines 15, avg 9.9666666666666671e+01
    PAR LOOP [612 results\3d\realign33\realign33.f] total exec 3003, total exec lines 12, avg 2.5025000000000000e+02
    PAR LOOP [646 results\3d\realign33\realign33.f] total exec 426, total exec lines 15, avg 2.8399999999999999e+01
    average_parallel_exec 7.1434523809523807e+02
    parallel_rate 8.8435123504097157e-01
PROFILE: time for this pass = 0.025000 sec (total 0.087000 sec)

--------------------------------------------------
INFO.JSON file copied from ./info.json to ./results\3d\realign33\info.json

==================================================
Processing of realign33.f completed successfully at 2025-04-23 11:57:40
