=== Processing file: distrwgt1.f ===
Date and time: 2025-05-06 00:22:14
Dimension: 1d
==================================================

Copied ./sources\1d\distrwgt1.f to ./results\1d\distrwgt1\distrwgt1.f
Command: gfortran -O3 -g -fprofile-arcs -ftest-coverage "./results\1d\distrwgt1\distrwgt1.f" -o "./results\1d\distrwgt1\distrwgt1"
Output: 

--------------------------------------------------
Command: "./results\1d\distrwgt1\distrwgt1"
Output: 
 ===START OF distrwgt1========================
 distrw11    -  complete
 distrw12    -  complete
 distrw13    -  complete
 distrw14    -  complete
 distrw15    -  complete
 distrw16    -  complete
 distrw17    -  complete
 distrw18    -  complete
 distrw181   -  complete
 distrw182   -  complete
 distrw21    -  complete
 distrw22    -  complete
 distrw23    -  complete
 === END OF distrwgt1 ========================= 

--------------------------------------------------
Command: gcov -b "./results\1d\distrwgt1\distrwgt1.f"
Output: 
File 'results/1d/distrwgt1/distrwgt1.f'
Lines executed:86.19% of 210
Branches executed:100.00% of 180
Taken at least once:71.11% of 180
Calls executed:47.56% of 82
Creating 'distrwgt1.f.gcov'

Lines executed:86.19% of 210

--------------------------------------------------
GCOV file copied from ./distrwgt1.f.gcov to ./results\1d\distrwgt1\distrwgt1.f.gcov
Command: "../SAPFOR/_bin/Release/Sapfor_F.exe" -parse -spf "./results\1d\distrwgt1\distrwgt1.f"
Output: 
SAPFOR version is 2410, build date: Apr 23 2025 11:52:44, c++ version 201703
  parse file './results\1d\distrwgt1\distrwgt1.f'
  options: -spf 
files compilation order:
  ./results\1d\distrwgt1\distrwgt1.f
Parsing was completed successfully

--------------------------------------------------
Command: "../SAPFOR/_bin/Release/Sapfor_F.exe" -passN GET_STATS_FOR_PREDICTOR -keepDVM
Output: 
SAPFOR version is 2410, build date: Apr 23 2025 11:52:44, c++ version 201703
code for pass GET_STATS_FOR_PREDICTOR is 79
RUN PASS with name VERIFY_FUNC_DECL
  Analyzing: results\1d\distrwgt1\distrwgt1.f
PROFILE: time for this pass = 0.000000 sec (total 0.002000 sec)
RUN PASS with name FILE_LINE_INFO
  Analyzing: results\1d\distrwgt1\distrwgt1.f
  All lines in project 766
PROFILE: time for this pass = 0.000000 sec (total 0.003000 sec)
RUN PASS with name BUILD_INCLUDE_DEPENDENCIES
  Analyzing: results\1d\distrwgt1\distrwgt1.f
PROFILE: time for this pass = 0.000000 sec (total 0.003000 sec)
RUN PASS with name CORRECT_VAR_DECL
  Analyzing: results\1d\distrwgt1\distrwgt1.f
PROFILE: time for this pass = 0.000000 sec (total 0.004000 sec)
RUN PASS with name VERIFY_OPERATORS
  Analyzing: results\1d\distrwgt1\distrwgt1.f
PROFILE: time for this pass = 0.000000 sec (total 0.004000 sec)
RUN PASS with name VERIFY_ENDDO
  Analyzing: results\1d\distrwgt1\distrwgt1.f
PROFILE: time for this pass = 0.000000 sec (total 0.005000 sec)
RUN PASS with name VERIFY_INCLUDES
  Analyzing: results\1d\distrwgt1\distrwgt1.f
PROFILE: time for this pass = 0.000000 sec (total 0.006000 sec)
RUN PASS with name PREPROC_ALLOCATES
  Analyzing: results\1d\distrwgt1\distrwgt1.f
  attribute (71 results\1d\distrwgt1\distrwgt1.f) is added to declaration on line 65 of results\1d\distrwgt1\distrwgt1.f file
  attribute (101 results\1d\distrwgt1\distrwgt1.f) is added to declaration on line 65 of results\1d\distrwgt1\distrwgt1.f file
  attribute (121 results\1d\distrwgt1\distrwgt1.f) is added to declaration on line 115 of results\1d\distrwgt1\distrwgt1.f file
  attribute (151 results\1d\distrwgt1\distrwgt1.f) is added to declaration on line 115 of results\1d\distrwgt1\distrwgt1.f file
  attribute (170 results\1d\distrwgt1\distrwgt1.f) is added to declaration on line 164 of results\1d\distrwgt1\distrwgt1.f file
  attribute (204 results\1d\distrwgt1\distrwgt1.f) is added to declaration on line 164 of results\1d\distrwgt1\distrwgt1.f file
  attribute (223 results\1d\distrwgt1\distrwgt1.f) is added to declaration on line 217 of results\1d\distrwgt1\distrwgt1.f file
  attribute (253 results\1d\distrwgt1\distrwgt1.f) is added to declaration on line 217 of results\1d\distrwgt1\distrwgt1.f file
  attribute (274 results\1d\distrwgt1\distrwgt1.f) is added to declaration on line 268 of results\1d\distrwgt1\distrwgt1.f file
  attribute (304 results\1d\distrwgt1\distrwgt1.f) is added to declaration on line 268 of results\1d\distrwgt1\distrwgt1.f file
  attribute (324 results\1d\distrwgt1\distrwgt1.f) is added to declaration on line 318 of results\1d\distrwgt1\distrwgt1.f file
  attribute (355 results\1d\distrwgt1\distrwgt1.f) is added to declaration on line 318 of results\1d\distrwgt1\distrwgt1.f file
  attribute (375 results\1d\distrwgt1\distrwgt1.f) is added to declaration on line 369 of results\1d\distrwgt1\distrwgt1.f file
  attribute (409 results\1d\distrwgt1\distrwgt1.f) is added to declaration on line 369 of results\1d\distrwgt1\distrwgt1.f file
  attribute (430 results\1d\distrwgt1\distrwgt1.f) is added to declaration on line 424 of results\1d\distrwgt1\distrwgt1.f file
  attribute (460 results\1d\distrwgt1\distrwgt1.f) is added to declaration on line 424 of results\1d\distrwgt1\distrwgt1.f file
  attribute (483 results\1d\distrwgt1\distrwgt1.f) is added to declaration on line 477 of results\1d\distrwgt1\distrwgt1.f file
  attribute (525 results\1d\distrwgt1\distrwgt1.f) is added to declaration on line 477 of results\1d\distrwgt1\distrwgt1.f file
  attribute (548 results\1d\distrwgt1\distrwgt1.f) is added to declaration on line 542 of results\1d\distrwgt1\distrwgt1.f file
  attribute (590 results\1d\distrwgt1\distrwgt1.f) is added to declaration on line 542 of results\1d\distrwgt1\distrwgt1.f file
  attribute (610 results\1d\distrwgt1\distrwgt1.f) is added to declaration on line 604 of results\1d\distrwgt1\distrwgt1.f file
  attribute (644 results\1d\distrwgt1\distrwgt1.f) is added to declaration on line 604 of results\1d\distrwgt1\distrwgt1.f file
  attribute (664 results\1d\distrwgt1\distrwgt1.f) is added to declaration on line 658 of results\1d\distrwgt1\distrwgt1.f file
  attribute (698 results\1d\distrwgt1\distrwgt1.f) is added to declaration on line 658 of results\1d\distrwgt1\distrwgt1.f file
  attribute (718 results\1d\distrwgt1\distrwgt1.f) is added to declaration on line 712 of results\1d\distrwgt1\distrwgt1.f file
  attribute (753 results\1d\distrwgt1\distrwgt1.f) is added to declaration on line 712 of results\1d\distrwgt1\distrwgt1.f file
PROFILE: time for this pass = 0.000000 sec (total 0.007000 sec)
RUN PASS with name CHECK_PAR_REG_DIR
  Analyzing: results\1d\distrwgt1\distrwgt1.f
PROFILE: time for this pass = 0.000000 sec (total 0.007000 sec)
RUN PASS with name FILL_PARALLEL_REG_IR
  Analyzing: results\1d\distrwgt1\distrwgt1.f
PROFILE: time for this pass = 0.000000 sec (total 0.008000 sec)
RUN PASS with name GET_ALL_ARRAY_DECL
  Analyzing: results\1d\distrwgt1\distrwgt1.f
PROFILE: time for this pass = 0.003000 sec (total 0.011000 sec)
RUN PASS with name FILL_COMMON_BLOCKS
  Analyzing: results\1d\distrwgt1\distrwgt1.f
PROFILE: time for this pass = 0.000000 sec (total 0.012000 sec)
RUN PASS with name PARSE_OMP_DIRS
  Analyzing: results\1d\distrwgt1\distrwgt1.f
PROFILE: time for this pass = 0.000000 sec (total 0.013000 sec)
RUN PASS with name PREPROC_SPF
  Analyzing: results\1d\distrwgt1\distrwgt1.f
PROFILE: time for this pass = 0.000000 sec (total 0.013000 sec)
RUN PASS with name CREATE_INTER_TREE
  Analyzing: results\1d\distrwgt1\distrwgt1.f
PROFILE: time for this pass = 0.002000 sec (total 0.016000 sec)
RUN PASS with name GCOV_PARSER
  Analyzing: results\1d\distrwgt1\distrwgt1.f
   Error: unable to open file statistic.txt
PROFILE: time for this pass = 0.001000 sec (total 0.017000 sec)
RUN PASS with name VERIFY_FORMAT
  Analyzing: results\1d\distrwgt1\distrwgt1.f
PROFILE: time for this pass = 0.000000 sec (total 0.018000 sec)
RUN PASS with name VERIFY_DVM_DIRS
  Analyzing: results\1d\distrwgt1\distrwgt1.f
PROFILE: time for this pass = 0.000000 sec (total 0.018000 sec)
RUN PASS with name PRIVATE_CALL_GRAPH_STAGE1
  Analyzing: results\1d\distrwgt1\distrwgt1.f
PROFILE: time for this pass = 0.000000 sec (total 0.018000 sec)
RUN PASS with name PRIVATE_CALL_GRAPH_STAGE2
  Analyzing: results\1d\distrwgt1\distrwgt1.f
PROFILE: time for this pass = 0.000000 sec (total 0.019000 sec)
RUN PASS with name MACRO_EXPANSION
  Analyzing: results\1d\distrwgt1\distrwgt1.f
PROFILE: time for this pass = 0.000000 sec (total 0.019000 sec)
RUN PASS with name CONVERT_ASSIGN_TO_LOOP
  Analyzing: results\1d\distrwgt1\distrwgt1.f
WARN: can not convert array assign to loop on line -3
WARN: can not convert array assign to loop on line -5
WARN: can not convert array assign to loop on line -7
was on line 172 file results\1d\distrwgt1\distrwgt1.f
      a1 = 2
      do  i_0 = 0,4
         a1(i_0 + 1) = 2
      enddo  
WARN: can not convert array assign to loop on line -13
WARN: can not convert array assign to loop on line -16
WARN: can not convert array assign to loop on line -17
WARN: can not convert array assign to loop on line -19
WARN: can not convert array assign to loop on line -21
was on line 377 file results\1d\distrwgt1\distrwgt1.f
      a1 = 6
      do  i_1 = 0,27
         a1(i_1 + 1) = 6
      enddo  
WARN: can not convert array assign to loop on line -26
WARN: can not convert array assign to loop on line -27
WARN: can not convert array assign to loop on line -29
WARN: can not convert array assign to loop on line -30
was on line 485 file results\1d\distrwgt1\distrwgt1.f
      a1 = 2
      do  i_2 = 0,10
         a1(i_2 + 1) = 2
      enddo  
WARN: can not convert array assign to loop on line -36
WARN: can not convert array assign to loop on line -37
was on line 550 file results\1d\distrwgt1\distrwgt1.f
      a1 = (-(5))
      do  i_3 = 0,7
         a1(i_3 + 1) = (-(5))
      enddo  
WARN: can not convert array assign to loop on line -43
WARN: can not convert array assign to loop on line -46
WARN: can not convert array assign to loop on line -49
PROFILE: time for this pass = 0.002000 sec (total 0.021000 sec)
RUN PASS with name DEF_USE_STAGE1
  Analyzing: results\1d\distrwgt1\distrwgt1.f
PROFILE: time for this pass = 0.001000 sec (total 0.023000 sec)
RUN PASS with name DEF_USE_STAGE2
  Analyzing: results\1d\distrwgt1\distrwgt1.f
PROFILE: time for this pass = 0.000000 sec (total 0.023000 sec)
RUN PASS with name VERIFY_COMMON
  Analyzing: results\1d\distrwgt1\distrwgt1.f
PROFILE: time for this pass = 0.000000 sec (total 0.024000 sec)
RUN PASS with name CALL_GRAPH_IR
  Analyzing: results\1d\distrwgt1\distrwgt1.f
PROFILE: time for this pass = 0.001000 sec (total 0.025000 sec)
RUN PASS with name BUILD_IR
  Analyzing: results\1d\distrwgt1\distrwgt1.f
  count of functions 16, count of lvls 3
     RD time for 'ansno' function is 0.000 sec, iters 1
     RD time for 'ansyes' function is 0.000 sec, iters 1

     RD time for 'distrw11' function is 0.000 sec, iters 3
     RD time for 'distrw22' function is 0.000 sec, iters 4
     RD time for 'distrw23' function is 0.000 sec, iters 4
     RD time for 'distrw13' function is 0.000 sec, iters 3
     RD time for 'distrw14' function is 0.000 sec, iters 3
     RD time for 'distrw12' function is 0.000 sec, iters 3
     RD time for 'distrw15' function is 0.000 sec, iters 3
     RD time for 'distrw21' function is 0.000 sec, iters 4
     RD time for 'distrw16' function is 0.000 sec, iters 3
     RD time for 'distrw181' function is 0.000 sec, iters 3
     RD time for 'distrw18' function is 0.000 sec, iters 3
     RD time for 'distrw182' function is 0.000 sec, iters 3
     RD time for 'distrw17' function is 0.000 sec, iters 3

     RD time for 'distrw1' function is 0.000 sec, iters 1

PROFILE: time for this pass = 0.003000 sec (total 0.029000 sec)
RUN PASS with name SUBST_EXPR_RD
  Analyzing: results\1d\distrwgt1\distrwgt1.f
PROFILE: time for this pass = 0.001000 sec (total 0.031000 sec)
RUN PASS with name LOOP_GRAPH
  Analyzing: results\1d\distrwgt1\distrwgt1.f
PROFILE: time for this pass = 0.001000 sec (total 0.032000 sec)
RUN PASS with name CALL_GRAPH
  Analyzing: results\1d\distrwgt1\distrwgt1.f
PROFILE: time for this pass = 0.001000 sec (total 0.034000 sec)
RUN PASS with name CALL_GRAPH2
  Analyzing: results\1d\distrwgt1\distrwgt1.f
  run for func distrw1
  run for func distrw11
  run for func distrw12
  run for func distrw13
  run for func distrw14
  run for func distrw15
  run for func distrw16
  run for func distrw17
  run for func distrw18
  run for func distrw181
  run for func distrw182
  run for func distrw21
  run for func distrw22
  run for func distrw23
  run for func ansyes
  run for func ansno
PROFILE: time for this pass = 0.001000 sec (total 0.035000 sec)
RUN PASS with name GET_STATS_FOR_PREDICTOR
  Analyzing: results\1d\distrwgt1\distrwgt1.f
    PAR LOOP [75 results\1d\distrwgt1\distrwgt1.f] total exec 34, total exec lines 2, avg 1.7000000000000000e+01
    PAR LOOP [86 results\1d\distrwgt1\distrwgt1.f] total exec 51, total exec lines 4, avg 1.2750000000000000e+01
    PAR LOOP [125 results\1d\distrwgt1\distrwgt1.f] total exec 18, total exec lines 2, avg 9.0000000000000000e+00
    PAR LOOP [136 results\1d\distrwgt1\distrwgt1.f] total exec 27, total exec lines 4, avg 6.7500000000000000e+00
    PAR LOOP [178 results\1d\distrwgt1\distrwgt1.f] total exec 12, total exec lines 2, avg 6.0000000000000000e+00
    PAR LOOP [189 results\1d\distrwgt1\distrwgt1.f] total exec 18, total exec lines 4, avg 4.5000000000000000e+00
    PAR LOOP [227 results\1d\distrwgt1\distrwgt1.f] total exec 12, total exec lines 2, avg 6.0000000000000000e+00
    PAR LOOP [238 results\1d\distrwgt1\distrwgt1.f] total exec 18, total exec lines 4, avg 4.5000000000000000e+00
    PAR LOOP [278 results\1d\distrwgt1\distrwgt1.f] total exec 34, total exec lines 2, avg 1.7000000000000000e+01
    PAR LOOP [289 results\1d\distrwgt1\distrwgt1.f] total exec 51, total exec lines 4, avg 1.2750000000000000e+01
    PAR LOOP [328 results\1d\distrwgt1\distrwgt1.f] total exec 18, total exec lines 2, avg 9.0000000000000000e+00
    PAR LOOP [339 results\1d\distrwgt1\distrwgt1.f] total exec 35, total exec lines 5, avg 7.0000000000000000e+00
    PAR LOOP [383 results\1d\distrwgt1\distrwgt1.f] total exec 58, total exec lines 2, avg 2.9000000000000000e+01
    PAR LOOP [394 results\1d\distrwgt1\distrwgt1.f] total exec 87, total exec lines 4, avg 2.1750000000000000e+01
    PAR LOOP [434 results\1d\distrwgt1\distrwgt1.f] total exec 36, total exec lines 2, avg 1.8000000000000000e+01
    PAR LOOP [445 results\1d\distrwgt1\distrwgt1.f] total exec 54, total exec lines 4, avg 1.3500000000000000e+01
    PAR LOOP [489 results\1d\distrwgt1\distrwgt1.f] total exec 24, total exec lines 2, avg 1.2000000000000000e+01
    PAR LOOP [498 results\1d\distrwgt1\distrwgt1.f] total exec 24, total exec lines 2, avg 1.2000000000000000e+01
    PAR LOOP [509 results\1d\distrwgt1\distrwgt1.f] total exec 47, total exec lines 5, avg 9.4000000000000004e+00
    PAR LOOP [554 results\1d\distrwgt1\distrwgt1.f] total exec 18, total exec lines 2, avg 9.0000000000000000e+00
    PAR LOOP [563 results\1d\distrwgt1\distrwgt1.f] total exec 18, total exec lines 2, avg 9.0000000000000000e+00
    PAR LOOP [574 results\1d\distrwgt1\distrwgt1.f] total exec 35, total exec lines 5, avg 7.0000000000000000e+00
    PAR LOOP [614 results\1d\distrwgt1\distrwgt1.f] total exec 227, total exec lines 4, avg 5.6750000000000000e+01
    PAR LOOP [627 results\1d\distrwgt1\distrwgt1.f] total exec 299, total exec lines 6, avg 4.9833333333333336e+01
    PAR LOOP [668 results\1d\distrwgt1\distrwgt1.f] total exec 227, total exec lines 4, avg 5.6750000000000000e+01
    PAR LOOP [681 results\1d\distrwgt1\distrwgt1.f] total exec 299, total exec lines 6, avg 4.9833333333333336e+01
    PAR LOOP [722 results\1d\distrwgt1\distrwgt1.f] total exec 227, total exec lines 4, avg 5.6750000000000000e+01
    PAR LOOP [735 results\1d\distrwgt1\distrwgt1.f] total exec 363, total exec lines 7, avg 5.1857142857142854e+01
    average_parallel_exec 2.4193877551020407e+01
    parallel_rate 8.2555710306406682e-01
PROFILE: time for this pass = 0.009000 sec (total 0.045000 sec)

--------------------------------------------------
INFO.JSON file copied from ./info.json to ./results\1d\distrwgt1\info.json

==================================================
Processing of distrwgt1.f completed successfully at 2025-05-06 00:22:15
