=== Processing file: reda31.f ===
Date and time: 2025-04-23 11:57:46
Dimension: 3d
==================================================

Copied ./sources\3d\reda31.f to ./results\3d\reda31\reda31.f
Command: gfortran -O3 -g -fprofile-arcs -ftest-coverage "./results\3d\reda31\reda31.f" -o "./results\3d\reda31\reda31"
Output: 

--------------------------------------------------
Command: "./results\3d\reda31\reda31"
Output: 
 ===START OF REDA31=======================
 REDA3101  -  complete
 REDA3102  -  complete
 REDA3103  -  complete
 REDA3104  -  complete
 === END OF REDA31 ========================= 

--------------------------------------------------
Command: gcov -b "./results\3d\reda31\reda31.f"
Output: 
File 'results/3d/reda31/reda31.f'
Lines executed:90.03% of 291
Branches executed:89.60% of 250
Taken at least once:74.40% of 250
Calls executed:51.02% of 49
Creating 'reda31.f.gcov'

Lines executed:90.03% of 291

--------------------------------------------------
GCOV file copied from ./reda31.f.gcov to ./results\3d\reda31\reda31.f.gcov
Command: "../SAPFOR/_bin/Release/Sapfor_F.exe" -parse -spf "./results\3d\reda31\reda31.f"
Output: 
SAPFOR version is 2410, build date: Apr 23 2025 11:52:44, c++ version 201703
  parse file './results\3d\reda31\reda31.f'
  options: -spf 
files compilation order:
  ./results\3d\reda31\reda31.f
Parsing was completed successfully

--------------------------------------------------
Command: "../SAPFOR/_bin/Release/Sapfor_F.exe" -passN GET_STATS_FOR_PREDICTOR -keepDVM
Output: 
SAPFOR version is 2410, build date: Apr 23 2025 11:52:44, c++ version 201703
code for pass GET_STATS_FOR_PREDICTOR is 79
RUN PASS with name VERIFY_FUNC_DECL
  Analyzing: results\3d\reda31\reda31.f
PROFILE: time for this pass = 0.000000 sec (total 0.002000 sec)
RUN PASS with name FILE_LINE_INFO
  Analyzing: results\3d\reda31\reda31.f
  All lines in project 568
PROFILE: time for this pass = 0.000000 sec (total 0.003000 sec)
RUN PASS with name BUILD_INCLUDE_DEPENDENCIES
  Analyzing: results\3d\reda31\reda31.f
PROFILE: time for this pass = 0.000000 sec (total 0.003000 sec)
RUN PASS with name CORRECT_VAR_DECL
  Analyzing: results\3d\reda31\reda31.f
PROFILE: time for this pass = 0.000000 sec (total 0.004000 sec)
RUN PASS with name VERIFY_OPERATORS
  Analyzing: results\3d\reda31\reda31.f
PROFILE: time for this pass = 0.000000 sec (total 0.005000 sec)
RUN PASS with name VERIFY_ENDDO
  Analyzing: results\3d\reda31\reda31.f
PROFILE: time for this pass = 0.000000 sec (total 0.005000 sec)
RUN PASS with name VERIFY_INCLUDES
  Analyzing: results\3d\reda31\reda31.f
PROFILE: time for this pass = 0.000000 sec (total 0.006000 sec)
RUN PASS with name PREPROC_ALLOCATES
  Analyzing: results\3d\reda31\reda31.f
  attribute (39 results\3d\reda31\reda31.f) is added to declaration on line 30 of results\3d\reda31\reda31.f file
  attribute (97 results\3d\reda31\reda31.f) is added to declaration on line 30 of results\3d\reda31\reda31.f file
  attribute (114 results\3d\reda31\reda31.f) is added to declaration on line 104 of results\3d\reda31\reda31.f file
  attribute (115 results\3d\reda31\reda31.f) is added to declaration on line 106 of results\3d\reda31\reda31.f file
  attribute (184 results\3d\reda31\reda31.f) is added to declaration on line 104 of results\3d\reda31\reda31.f file
  attribute (185 results\3d\reda31\reda31.f) is added to declaration on line 106 of results\3d\reda31\reda31.f file
  attribute (203 results\3d\reda31\reda31.f) is added to declaration on line 194 of results\3d\reda31\reda31.f file
  attribute (284 results\3d\reda31\reda31.f) is added to declaration on line 194 of results\3d\reda31\reda31.f file
  attribute (305 results\3d\reda31\reda31.f) is added to declaration on line 294 of results\3d\reda31\reda31.f file
  attribute (393 results\3d\reda31\reda31.f) is added to declaration on line 294 of results\3d\reda31\reda31.f file
PROFILE: time for this pass = 0.000000 sec (total 0.006000 sec)
RUN PASS with name CHECK_PAR_REG_DIR
  Analyzing: results\3d\reda31\reda31.f
PROFILE: time for this pass = 0.000000 sec (total 0.007000 sec)
RUN PASS with name FILL_PARALLEL_REG_IR
  Analyzing: results\3d\reda31\reda31.f
PROFILE: time for this pass = 0.000000 sec (total 0.007000 sec)
RUN PASS with name GET_ALL_ARRAY_DECL
  Analyzing: results\3d\reda31\reda31.f
PROFILE: time for this pass = 0.003000 sec (total 0.010000 sec)
RUN PASS with name FILL_COMMON_BLOCKS
  Analyzing: results\3d\reda31\reda31.f
PROFILE: time for this pass = 0.000000 sec (total 0.011000 sec)
RUN PASS with name PARSE_OMP_DIRS
  Analyzing: results\3d\reda31\reda31.f
PROFILE: time for this pass = 0.000000 sec (total 0.012000 sec)
RUN PASS with name PREPROC_SPF
  Analyzing: results\3d\reda31\reda31.f
PROFILE: time for this pass = 0.000000 sec (total 0.012000 sec)
RUN PASS with name CREATE_INTER_TREE
  Analyzing: results\3d\reda31\reda31.f
PROFILE: time for this pass = 0.003000 sec (total 0.015000 sec)
RUN PASS with name GCOV_PARSER
  Analyzing: results\3d\reda31\reda31.f
   Error: unable to open file statistic.txt
PROFILE: time for this pass = 0.001000 sec (total 0.017000 sec)
RUN PASS with name VERIFY_FORMAT
  Analyzing: results\3d\reda31\reda31.f
PROFILE: time for this pass = 0.000000 sec (total 0.017000 sec)
RUN PASS with name VERIFY_DVM_DIRS
  Analyzing: results\3d\reda31\reda31.f
PROFILE: time for this pass = 0.000000 sec (total 0.018000 sec)
RUN PASS with name PRIVATE_CALL_GRAPH_STAGE1
  Analyzing: results\3d\reda31\reda31.f
PROFILE: time for this pass = 0.000000 sec (total 0.018000 sec)
RUN PASS with name PRIVATE_CALL_GRAPH_STAGE2
  Analyzing: results\3d\reda31\reda31.f
PROFILE: time for this pass = 0.000000 sec (total 0.019000 sec)
RUN PASS with name MACRO_EXPANSION
  Analyzing: results\3d\reda31\reda31.f
PROFILE: time for this pass = 0.000000 sec (total 0.019000 sec)
RUN PASS with name CONVERT_ASSIGN_TO_LOOP
  Analyzing: results\3d\reda31\reda31.f
PROFILE: time for this pass = 0.000000 sec (total 0.020000 sec)
RUN PASS with name DEF_USE_STAGE1
  Analyzing: results\3d\reda31\reda31.f
PROFILE: time for this pass = 0.002000 sec (total 0.022000 sec)
RUN PASS with name DEF_USE_STAGE2
  Analyzing: results\3d\reda31\reda31.f
PROFILE: time for this pass = 0.000000 sec (total 0.023000 sec)
RUN PASS with name VERIFY_COMMON
  Analyzing: results\3d\reda31\reda31.f
PROFILE: time for this pass = 0.000000 sec (total 0.023000 sec)
RUN PASS with name CALL_GRAPH_IR
  Analyzing: results\3d\reda31\reda31.f
PROFILE: time for this pass = 0.001000 sec (total 0.025000 sec)
RUN PASS with name BUILD_IR
  Analyzing: results\3d\reda31\reda31.f
  count of functions 13, count of lvls 3
     RD time for 'sersum3m' function is 0.000 sec, iters 5
     RD time for 'serprodr3' function is 0.000 sec, iters 5
     RD time for 'sersum3mr' function is 0.000 sec, iters 5
     RD time for 'serprod3' function is 0.000 sec, iters 5
     RD time for 'serlog3' function is 0.000 sec, iters 5
     RD time for 'sersum3' function is 0.000 sec, iters 5
     RD time for 'ansno' function is 0.000 sec, iters 1
     RD time for 'ansyes' function is 0.000 sec, iters 1

     RD time for 'reda3102' function is 0.001 sec, iters 5
     RD time for 'reda3103' function is 0.000 sec, iters 5
     RD time for 'reda3104' function is 0.000 sec, iters 5
     RD time for 'reda3101' function is 0.000 sec, iters 5

     RD time for 'reda31' function is 0.000 sec, iters 1

PROFILE: time for this pass = 0.009000 sec (total 0.034000 sec)
RUN PASS with name SUBST_EXPR_RD
  Analyzing: results\3d\reda31\reda31.f
PROFILE: time for this pass = 0.005000 sec (total 0.039000 sec)
RUN PASS with name LOOP_GRAPH
  Analyzing: results\3d\reda31\reda31.f
PROFILE: time for this pass = 0.002000 sec (total 0.042000 sec)
RUN PASS with name CALL_GRAPH
  Analyzing: results\3d\reda31\reda31.f
PROFILE: time for this pass = 0.003000 sec (total 0.046000 sec)
RUN PASS with name CALL_GRAPH2
  Analyzing: results\3d\reda31\reda31.f
  run for func reda31
  run for func reda3101
  run for func reda3102
  run for func reda3103
  run for func reda3104
  run for func sersum3
  run for func sersum3m
  run for func sersum3mr
  run for func serprod3
  run for func serprodr3
  run for func serlog3
  run for func ansyes
  run for func ansno
PROFILE: time for this pass = 0.003000 sec (total 0.049000 sec)
RUN PASS with name GET_STATS_FOR_PREDICTOR
  Analyzing: results\3d\reda31\reda31.f
    PAR LOOP [47 results\3d\reda31\reda31.f] total exec 6867, total exec lines 6, avg 1.1445000000000000e+03
    PAR LOOP [76 results\3d\reda31\reda31.f] total exec 15187, total exec lines 10, avg 1.5187000000000000e+03
    PAR LOOP [124 results\3d\reda31\reda31.f] total exec 1363, total exec lines 6, avg 2.2716666666666666e+02
    PAR LOOP [133 results\3d\reda31\reda31.f] total exec 1363, total exec lines 6, avg 2.2716666666666666e+02
    PAR LOOP [145 results\3d\reda31\reda31.f] total exec 6867, total exec lines 6, avg 1.1445000000000000e+03
    PAR LOOP [157 results\3d\reda31\reda31.f] total exec 10962, total exec lines 7, avg 1.5660000000000000e+03
    PAR LOOP [169 results\3d\reda31\reda31.f] total exec 6867, total exec lines 6, avg 1.1445000000000000e+03
    PAR LOOP [206 results\3d\reda31\reda31.f] total exec 1739, total exec lines 6, avg 2.8983333333333331e+02
    PAR LOOP [246 results\3d\reda31\reda31.f] total exec 4419, total exec lines 19, avg 2.3257894736842104e+02
    PAR LOOP [313 results\3d\reda31\reda31.f] total exec 2587, total exec lines 6, avg 4.3116666666666669e+02
    PAR LOOP [353 results\3d\reda31\reda31.f] total exec 5803, total exec lines 18, avg 3.2238888888888891e+02
    average_parallel_exec 6.6691666666666663e+02
    parallel_rate 5.1193807871295838e-01
PROFILE: time for this pass = 0.015000 sec (total 0.064000 sec)

--------------------------------------------------
INFO.JSON file copied from ./info.json to ./results\3d\reda31\info.json

==================================================
Processing of reda31.f completed successfully at 2025-04-23 11:57:48
