=== Processing file: prf11.f ===
Date and time: 2025-04-23 11:55:48
Dimension: 1d
==================================================

Copied ./sources\1d\prf11.f to ./results\1d\prf11\prf11.f
Command: gfortran -O3 -g -fprofile-arcs -ftest-coverage "./results\1d\prf11\prf11.f" -o "./results\1d\prf11\prf11"
Output: 

--------------------------------------------------
Command: "./results\1d\prf11\prf11"
Output: 
 ===START OF PRF11========================
 PRF1101  -  complete
 PRF1101  -  complete
 PRF1101  -  complete
 PRF1102  -  complete
 PRF1102  -  complete
 PRF1102  -  complete
 PRF1103  -  complete
 PRF1103  -  complete
 PRF1103  -  complete
 === END OF PRF11 ========================= 

--------------------------------------------------
Command: gcov -b "./results\1d\prf11\prf11.f"
Output: 
File 'results/1d/prf11/prf11.f'
Lines executed:92.38% of 105
Branches executed:98.48% of 132
Taken at least once:65.91% of 132
Calls executed:41.30% of 46
Creating 'prf11.f.gcov'

Lines executed:92.38% of 105

--------------------------------------------------
GCOV file copied from ./prf11.f.gcov to ./results\1d\prf11\prf11.f.gcov
Command: "../SAPFOR/_bin/Release/Sapfor_F.exe" -parse -spf "./results\1d\prf11\prf11.f"
Output: 
SAPFOR version is 2410, build date: Apr 23 2025 11:52:44, c++ version 201703
  parse file './results\1d\prf11\prf11.f'
  options: -spf 
files compilation order:
  ./results\1d\prf11\prf11.f
Parsing was completed successfully

--------------------------------------------------
Command: "../SAPFOR/_bin/Release/Sapfor_F.exe" -passN GET_STATS_FOR_PREDICTOR -keepDVM
Output: 
SAPFOR version is 2410, build date: Apr 23 2025 11:52:44, c++ version 201703
code for pass GET_STATS_FOR_PREDICTOR is 79
RUN PASS with name VERIFY_FUNC_DECL
  Analyzing: results\1d\prf11\prf11.f
PROFILE: time for this pass = 0.000000 sec (total 0.001000 sec)
RUN PASS with name FILE_LINE_INFO
  Analyzing: results\1d\prf11\prf11.f
  All lines in project 293
PROFILE: time for this pass = 0.000000 sec (total 0.002000 sec)
RUN PASS with name BUILD_INCLUDE_DEPENDENCIES
  Analyzing: results\1d\prf11\prf11.f
PROFILE: time for this pass = 0.000000 sec (total 0.002000 sec)
RUN PASS with name CORRECT_VAR_DECL
  Analyzing: results\1d\prf11\prf11.f
PROFILE: time for this pass = 0.000000 sec (total 0.002000 sec)
RUN PASS with name VERIFY_OPERATORS
  Analyzing: results\1d\prf11\prf11.f
PROFILE: time for this pass = 0.000000 sec (total 0.003000 sec)
RUN PASS with name VERIFY_ENDDO
  Analyzing: results\1d\prf11\prf11.f
PROFILE: time for this pass = 0.000000 sec (total 0.003000 sec)
RUN PASS with name VERIFY_INCLUDES
  Analyzing: results\1d\prf11\prf11.f
PROFILE: time for this pass = 0.000000 sec (total 0.003000 sec)
RUN PASS with name PREPROC_ALLOCATES
  Analyzing: results\1d\prf11\prf11.f
  attribute (30 results\1d\prf11\prf11.f) is added to declaration on line 18 of results\1d\prf11\prf11.f file
  attribute (104 results\1d\prf11\prf11.f) is added to declaration on line 92 of results\1d\prf11\prf11.f file
  attribute (157 results\1d\prf11\prf11.f) is added to declaration on line 92 of results\1d\prf11\prf11.f file
  attribute (175 results\1d\prf11\prf11.f) is added to declaration on line 163 of results\1d\prf11\prf11.f file
  attribute (274 results\1d\prf11\prf11.f) is added to declaration on line 163 of results\1d\prf11\prf11.f file
PROFILE: time for this pass = 0.000000 sec (total 0.003000 sec)
RUN PASS with name CHECK_PAR_REG_DIR
  Analyzing: results\1d\prf11\prf11.f
PROFILE: time for this pass = 0.000000 sec (total 0.004000 sec)
RUN PASS with name FILL_PARALLEL_REG_IR
  Analyzing: results\1d\prf11\prf11.f
PROFILE: time for this pass = 0.000000 sec (total 0.004000 sec)
RUN PASS with name GET_ALL_ARRAY_DECL
  Analyzing: results\1d\prf11\prf11.f
PROFILE: time for this pass = 0.001000 sec (total 0.006000 sec)
RUN PASS with name FILL_COMMON_BLOCKS
  Analyzing: results\1d\prf11\prf11.f
PROFILE: time for this pass = 0.000000 sec (total 0.007000 sec)
RUN PASS with name PARSE_OMP_DIRS
  Analyzing: results\1d\prf11\prf11.f
PROFILE: time for this pass = 0.000000 sec (total 0.007000 sec)
RUN PASS with name PREPROC_SPF
  Analyzing: results\1d\prf11\prf11.f
PROFILE: time for this pass = 0.000000 sec (total 0.007000 sec)
RUN PASS with name CREATE_INTER_TREE
  Analyzing: results\1d\prf11\prf11.f
PROFILE: time for this pass = 0.001000 sec (total 0.009000 sec)
RUN PASS with name GCOV_PARSER
  Analyzing: results\1d\prf11\prf11.f
   Error: unable to open file statistic.txt
PROFILE: time for this pass = 0.000000 sec (total 0.009000 sec)
RUN PASS with name VERIFY_FORMAT
  Analyzing: results\1d\prf11\prf11.f
PROFILE: time for this pass = 0.000000 sec (total 0.010000 sec)
RUN PASS with name VERIFY_DVM_DIRS
  Analyzing: results\1d\prf11\prf11.f
PROFILE: time for this pass = 0.000000 sec (total 0.010000 sec)
RUN PASS with name PRIVATE_CALL_GRAPH_STAGE1
  Analyzing: results\1d\prf11\prf11.f
PROFILE: time for this pass = 0.000000 sec (total 0.010000 sec)
RUN PASS with name PRIVATE_CALL_GRAPH_STAGE2
  Analyzing: results\1d\prf11\prf11.f
PROFILE: time for this pass = 0.000000 sec (total 0.010000 sec)
RUN PASS with name MACRO_EXPANSION
  Analyzing: results\1d\prf11\prf11.f
PROFILE: time for this pass = 0.000000 sec (total 0.011000 sec)
RUN PASS with name CONVERT_ASSIGN_TO_LOOP
  Analyzing: results\1d\prf11\prf11.f
PROFILE: time for this pass = 0.000000 sec (total 0.011000 sec)
RUN PASS with name DEF_USE_STAGE1
  Analyzing: results\1d\prf11\prf11.f
PROFILE: time for this pass = 0.001000 sec (total 0.012000 sec)
RUN PASS with name DEF_USE_STAGE2
  Analyzing: results\1d\prf11\prf11.f
PROFILE: time for this pass = 0.000000 sec (total 0.013000 sec)
RUN PASS with name VERIFY_COMMON
  Analyzing: results\1d\prf11\prf11.f
PROFILE: time for this pass = 0.000000 sec (total 0.013000 sec)
RUN PASS with name CALL_GRAPH_IR
  Analyzing: results\1d\prf11\prf11.f
PROFILE: time for this pass = 0.001000 sec (total 0.014000 sec)
RUN PASS with name BUILD_IR
  Analyzing: results\1d\prf11\prf11.f
  count of functions 7, count of lvls 3
     RD time for 'serial1' function is 0.000 sec, iters 3
     RD time for 'ansyes' function is 0.000 sec, iters 1
     RD time for 'ansno' function is 0.000 sec, iters 1

     RD time for 'prf1103' function is 0.001 sec, iters 4
     RD time for 'prf1101' function is 0.000 sec, iters 3
     RD time for 'prf1102' function is 0.000 sec, iters 4

     RD time for 'prf11' function is 0.000 sec, iters 1

PROFILE: time for this pass = 0.003000 sec (total 0.017000 sec)
RUN PASS with name SUBST_EXPR_RD
  Analyzing: results\1d\prf11\prf11.f
PROFILE: time for this pass = 0.001000 sec (total 0.019000 sec)
RUN PASS with name LOOP_GRAPH
  Analyzing: results\1d\prf11\prf11.f
PROFILE: time for this pass = 0.001000 sec (total 0.020000 sec)
RUN PASS with name CALL_GRAPH
  Analyzing: results\1d\prf11\prf11.f
PROFILE: time for this pass = 0.001000 sec (total 0.021000 sec)
RUN PASS with name CALL_GRAPH2
  Analyzing: results\1d\prf11\prf11.f
  run for func prf11
  run for func prf1101
  run for func prf1102
  run for func prf1103
  run for func serial1
  run for func ansyes
  run for func ansno
  added conflict messages to loop on line 43
  added conflict messages to loop on line 116
  added conflict messages to loop on line 187
PROFILE: time for this pass = 0.000000 sec (total 0.022000 sec)
RUN PASS with name GET_STATS_FOR_PREDICTOR
  Analyzing: results\1d\prf11\prf11.f
    PAR LOOP [36 results\1d\prf11\prf11.f] total exec 66, total exec lines 4, avg 1.6500000000000000e+01
    PAR LOOP [111 results\1d\prf11\prf11.f] total exec 34, total exec lines 2, avg 1.7000000000000000e+01
    PAR LOOP [181 results\1d\prf11\prf11.f] total exec 50, total exec lines 3, avg 1.6666666666666668e+01
    PAR LOOP [196 results\1d\prf11\prf11.f] total exec 102, total exec lines 2, avg 5.1000000000000000e+01
    PAR LOOP [200 results\1d\prf11\prf11.f] total exec 153, total exec lines 3, avg 5.1000000000000000e+01
    PAR LOOP [207 results\1d\prf11\prf11.f] total exec 102, total exec lines 2, avg 5.1000000000000000e+01
    PAR LOOP [211 results\1d\prf11\prf11.f] total exec 153, total exec lines 3, avg 5.1000000000000000e+01
    PAR LOOP [218 results\1d\prf11\prf11.f] total exec 102, total exec lines 2, avg 5.1000000000000000e+01
    PAR LOOP [222 results\1d\prf11\prf11.f] total exec 153, total exec lines 3, avg 5.1000000000000000e+01
    PAR LOOP [229 results\1d\prf11\prf11.f] total exec 102, total exec lines 2, avg 5.1000000000000000e+01
    PAR LOOP [233 results\1d\prf11\prf11.f] total exec 153, total exec lines 3, avg 5.1000000000000000e+01
    PAR LOOP [239 results\1d\prf11\prf11.f] total exec 102, total exec lines 2, avg 5.1000000000000000e+01
    PAR LOOP [243 results\1d\prf11\prf11.f] total exec 18446744073709551613, total exec lines 3, avg 6.1489146912365169e+18
    PAR LOOP [251 results\1d\prf11\prf11.f] total exec 36, total exec lines 2, avg 1.8000000000000000e+01
    PAR LOOP [256 results\1d\prf11\prf11.f] total exec 54, total exec lines 3, avg 1.8000000000000000e+01
    average_parallel_exec 3.4846153846153847e+01
    parallel_rate 4.9239130434782608e-01
PROFILE: time for this pass = 0.012000 sec (total 0.035000 sec)

--------------------------------------------------
INFO.JSON file copied from ./info.json to ./results\1d\prf11\info.json

==================================================
Processing of prf11.f completed successfully at 2025-04-23 11:55:49
