=== Processing file: distrmix1.f ===
Date and time: 2025-05-06 00:22:13
Dimension: 1d
==================================================

Copied ./sources\1d\distrmix1.f to ./results\1d\distrmix1\distrmix1.f
Command: gfortran -O3 -g -fprofile-arcs -ftest-coverage "./results\1d\distrmix1\distrmix1.f" -o "./results\1d\distrmix1\distrmix1"
Output: 

--------------------------------------------------
Command: "./results\1d\distrmix1\distrmix1"
Output: 
 ===START OF distrmix1========================
 distrmix11    -  complete
 distrmix12    -  complete
 distrmix13    -  complete
 distrmix14    -  complete
 distrmix15    -  complete
 distrmix16    -  complete
 === END OF distrmix1 ========================= 

--------------------------------------------------
Command: gcov -b "./results\1d\distrmix1\distrmix1.f"
Output: 
File 'results/1d/distrmix1/distrmix1.f'
Lines executed:87.18% of 117
Branches executed:100.00% of 96
Taken at least once:70.83% of 96
Calls executed:53.19% of 47
Creating 'distrmix1.f.gcov'

Lines executed:87.18% of 117

--------------------------------------------------
GCOV file copied from ./distrmix1.f.gcov to ./results\1d\distrmix1\distrmix1.f.gcov
Command: "../SAPFOR/_bin/Release/Sapfor_F.exe" -parse -spf "./results\1d\distrmix1\distrmix1.f"
Output: 
SAPFOR version is 2410, build date: Apr 23 2025 11:52:44, c++ version 201703
  parse file './results\1d\distrmix1\distrmix1.f'
  options: -spf 
files compilation order:
  ./results\1d\distrmix1\distrmix1.f
Parsing was completed successfully

--------------------------------------------------
Command: "../SAPFOR/_bin/Release/Sapfor_F.exe" -passN GET_STATS_FOR_PREDICTOR -keepDVM
Output: 
SAPFOR version is 2410, build date: Apr 23 2025 11:52:44, c++ version 201703
code for pass GET_STATS_FOR_PREDICTOR is 79
RUN PASS with name VERIFY_FUNC_DECL
  Analyzing: results\1d\distrmix1\distrmix1.f
PROFILE: time for this pass = 0.000000 sec (total 0.002000 sec)
RUN PASS with name FILE_LINE_INFO
  Analyzing: results\1d\distrmix1\distrmix1.f
  All lines in project 564
PROFILE: time for this pass = 0.000000 sec (total 0.002000 sec)
RUN PASS with name BUILD_INCLUDE_DEPENDENCIES
  Analyzing: results\1d\distrmix1\distrmix1.f
PROFILE: time for this pass = 0.000000 sec (total 0.003000 sec)
RUN PASS with name CORRECT_VAR_DECL
  Analyzing: results\1d\distrmix1\distrmix1.f
PROFILE: time for this pass = 0.000000 sec (total 0.003000 sec)
RUN PASS with name VERIFY_OPERATORS
  Analyzing: results\1d\distrmix1\distrmix1.f
PROFILE: time for this pass = 0.000000 sec (total 0.003000 sec)
RUN PASS with name VERIFY_ENDDO
  Analyzing: results\1d\distrmix1\distrmix1.f
PROFILE: time for this pass = 0.000000 sec (total 0.004000 sec)
RUN PASS with name VERIFY_INCLUDES
  Analyzing: results\1d\distrmix1\distrmix1.f
PROFILE: time for this pass = 0.000000 sec (total 0.004000 sec)
RUN PASS with name PREPROC_ALLOCATES
  Analyzing: results\1d\distrmix1\distrmix1.f
  attribute (76 results\1d\distrmix1\distrmix1.f) is added to declaration on line 70 of results\1d\distrmix1\distrmix1.f file
  attribute (121 results\1d\distrmix1\distrmix1.f) is added to declaration on line 70 of results\1d\distrmix1\distrmix1.f file
  attribute (147 results\1d\distrmix1\distrmix1.f) is added to declaration on line 141 of results\1d\distrmix1\distrmix1.f file
  attribute (192 results\1d\distrmix1\distrmix1.f) is added to declaration on line 141 of results\1d\distrmix1\distrmix1.f file
  attribute (220 results\1d\distrmix1\distrmix1.f) is added to declaration on line 214 of results\1d\distrmix1\distrmix1.f file
  attribute (272 results\1d\distrmix1\distrmix1.f) is added to declaration on line 214 of results\1d\distrmix1\distrmix1.f file
  attribute (303 results\1d\distrmix1\distrmix1.f) is added to declaration on line 297 of results\1d\distrmix1\distrmix1.f file
  attribute (370 results\1d\distrmix1\distrmix1.f) is added to declaration on line 297 of results\1d\distrmix1\distrmix1.f file
  attribute (399 results\1d\distrmix1\distrmix1.f) is added to declaration on line 393 of results\1d\distrmix1\distrmix1.f file
  attribute (449 results\1d\distrmix1\distrmix1.f) is added to declaration on line 393 of results\1d\distrmix1\distrmix1.f file
  attribute (484 results\1d\distrmix1\distrmix1.f) is added to declaration on line 478 of results\1d\distrmix1\distrmix1.f file
  attribute (551 results\1d\distrmix1\distrmix1.f) is added to declaration on line 478 of results\1d\distrmix1\distrmix1.f file
PROFILE: time for this pass = 0.000000 sec (total 0.005000 sec)
RUN PASS with name CHECK_PAR_REG_DIR
  Analyzing: results\1d\distrmix1\distrmix1.f
PROFILE: time for this pass = 0.000000 sec (total 0.005000 sec)
RUN PASS with name FILL_PARALLEL_REG_IR
  Analyzing: results\1d\distrmix1\distrmix1.f
PROFILE: time for this pass = 0.000000 sec (total 0.006000 sec)
RUN PASS with name GET_ALL_ARRAY_DECL
  Analyzing: results\1d\distrmix1\distrmix1.f
PROFILE: time for this pass = 0.002000 sec (total 0.009000 sec)
RUN PASS with name FILL_COMMON_BLOCKS
  Analyzing: results\1d\distrmix1\distrmix1.f
PROFILE: time for this pass = 0.000000 sec (total 0.010000 sec)
RUN PASS with name PARSE_OMP_DIRS
  Analyzing: results\1d\distrmix1\distrmix1.f
PROFILE: time for this pass = 0.000000 sec (total 0.010000 sec)
RUN PASS with name PREPROC_SPF
  Analyzing: results\1d\distrmix1\distrmix1.f
PROFILE: time for this pass = 0.000000 sec (total 0.010000 sec)
RUN PASS with name CREATE_INTER_TREE
  Analyzing: results\1d\distrmix1\distrmix1.f
PROFILE: time for this pass = 0.002000 sec (total 0.013000 sec)
RUN PASS with name GCOV_PARSER
  Analyzing: results\1d\distrmix1\distrmix1.f
   Error: unable to open file statistic.txt
PROFILE: time for this pass = 0.001000 sec (total 0.014000 sec)
RUN PASS with name VERIFY_FORMAT
  Analyzing: results\1d\distrmix1\distrmix1.f
PROFILE: time for this pass = 0.000000 sec (total 0.014000 sec)
RUN PASS with name VERIFY_DVM_DIRS
  Analyzing: results\1d\distrmix1\distrmix1.f
PROFILE: time for this pass = 0.000000 sec (total 0.014000 sec)
RUN PASS with name PRIVATE_CALL_GRAPH_STAGE1
  Analyzing: results\1d\distrmix1\distrmix1.f
PROFILE: time for this pass = 0.000000 sec (total 0.015000 sec)
RUN PASS with name PRIVATE_CALL_GRAPH_STAGE2
  Analyzing: results\1d\distrmix1\distrmix1.f
PROFILE: time for this pass = 0.000000 sec (total 0.015000 sec)
RUN PASS with name MACRO_EXPANSION
  Analyzing: results\1d\distrmix1\distrmix1.f
PROFILE: time for this pass = 0.000000 sec (total 0.016000 sec)
RUN PASS with name CONVERT_ASSIGN_TO_LOOP
  Analyzing: results\1d\distrmix1\distrmix1.f
WARN: can not convert array assign to loop on line -3
was on line 80 file results\1d\distrmix1\distrmix1.f
      a1 = 5
      do  i_0 = 0,63
         a1(i_0 + 1) = 5
      enddo  
WARN: can not convert array assign to loop on line -8
WARN: can not convert array assign to loop on line -9
was on line 151 file results\1d\distrmix1\distrmix1.f
      a1 = 0
      do  i_1 = 0,74
         a1(i_1 + 1) = 0
      enddo  
WARN: can not convert array assign to loop on line -14
WARN: can not convert array assign to loop on line -15
WARN: can not convert array assign to loop on line -16
WARN: can not convert array assign to loop on line -17
WARN: can not convert array assign to loop on line -20
WARN: can not convert array assign to loop on line -21
WARN: can not convert array assign to loop on line -22
WARN: can not convert array assign to loop on line -23
WARN: can not convert array assign to loop on line -24
WARN: can not convert array assign to loop on line -25
WARN: can not convert array assign to loop on line -26
WARN: can not convert array assign to loop on line -27
WARN: can not convert array assign to loop on line -29
WARN: can not convert array assign to loop on line -30
WARN: can not convert array assign to loop on line -31
WARN: can not convert array assign to loop on line -32
WARN: can not convert array assign to loop on line -33
WARN: can not convert array assign to loop on line -34
WARN: can not convert array assign to loop on line -36
WARN: can not convert array assign to loop on line -37
WARN: can not convert array assign to loop on line -38
WARN: can not convert array assign to loop on line -39
WARN: can not convert array assign to loop on line -40
WARN: can not convert array assign to loop on line -41
WARN: can not convert array assign to loop on line -42
WARN: can not convert array assign to loop on line -43
WARN: can not convert array assign to loop on line -44
WARN: can not convert array assign to loop on line -45
PROFILE: time for this pass = 0.001000 sec (total 0.017000 sec)
RUN PASS with name DEF_USE_STAGE1
  Analyzing: results\1d\distrmix1\distrmix1.f
PROFILE: time for this pass = 0.001000 sec (total 0.019000 sec)
RUN PASS with name DEF_USE_STAGE2
  Analyzing: results\1d\distrmix1\distrmix1.f
PROFILE: time for this pass = 0.000000 sec (total 0.019000 sec)
RUN PASS with name VERIFY_COMMON
  Analyzing: results\1d\distrmix1\distrmix1.f
PROFILE: time for this pass = 0.000000 sec (total 0.020000 sec)
RUN PASS with name CALL_GRAPH_IR
  Analyzing: results\1d\distrmix1\distrmix1.f
PROFILE: time for this pass = 0.001000 sec (total 0.021000 sec)
RUN PASS with name BUILD_IR
  Analyzing: results\1d\distrmix1\distrmix1.f
  count of functions 9, count of lvls 3
     RD time for 'ansyes' function is 0.000 sec, iters 1
     RD time for 'ansno' function is 0.000 sec, iters 1

     RD time for 'distrmix11' function is 0.000 sec, iters 3
     RD time for 'distrmix12' function is 0.000 sec, iters 3
     RD time for 'distrmix13' function is 0.000 sec, iters 3
     RD time for 'distrmix14' function is 0.000 sec, iters 3
     RD time for 'distrmix15' function is 0.000 sec, iters 3
     RD time for 'distrmix16' function is 0.000 sec, iters 3

     RD time for 'distrmix1' function is 0.000 sec, iters 2

PROFILE: time for this pass = 0.002000 sec (total 0.024000 sec)
RUN PASS with name SUBST_EXPR_RD
  Analyzing: results\1d\distrmix1\distrmix1.f
PROFILE: time for this pass = 0.001000 sec (total 0.025000 sec)
RUN PASS with name LOOP_GRAPH
  Analyzing: results\1d\distrmix1\distrmix1.f
PROFILE: time for this pass = 0.001000 sec (total 0.026000 sec)
RUN PASS with name CALL_GRAPH
  Analyzing: results\1d\distrmix1\distrmix1.f
PROFILE: time for this pass = 0.001000 sec (total 0.028000 sec)
RUN PASS with name CALL_GRAPH2
  Analyzing: results\1d\distrmix1\distrmix1.f
  run for func distrmix1
  run for func distrmix11
  run for func distrmix12
  run for func distrmix13
  run for func distrmix14
  run for func distrmix15
  run for func distrmix16
  run for func ansyes
  run for func ansno
PROFILE: time for this pass = 0.001000 sec (total 0.029000 sec)
RUN PASS with name GET_STATS_FOR_PREDICTOR
  Analyzing: results\1d\distrmix1\distrmix1.f
    PAR LOOP [86 results\1d\distrmix1\distrmix1.f] total exec 130, total exec lines 2, avg 6.5000000000000000e+01
    PAR LOOP [95 results\1d\distrmix1\distrmix1.f] total exec 130, total exec lines 2, avg 6.5000000000000000e+01
    PAR LOOP [106 results\1d\distrmix1\distrmix1.f] total exec 195, total exec lines 4, avg 4.8750000000000000e+01
    PAR LOOP [157 results\1d\distrmix1\distrmix1.f] total exec 152, total exec lines 2, avg 7.6000000000000000e+01
    PAR LOOP [166 results\1d\distrmix1\distrmix1.f] total exec 152, total exec lines 2, avg 7.6000000000000000e+01
    PAR LOOP [177 results\1d\distrmix1\distrmix1.f] total exec 228, total exec lines 4, avg 5.7000000000000000e+01
    PAR LOOP [224 results\1d\distrmix1\distrmix1.f] total exec 62, total exec lines 2, avg 3.1000000000000000e+01
    PAR LOOP [246 results\1d\distrmix1\distrmix1.f] total exec 62, total exec lines 2, avg 3.1000000000000000e+01
    PAR LOOP [257 results\1d\distrmix1\distrmix1.f] total exec 93, total exec lines 4, avg 2.3250000000000000e+01
    PAR LOOP [322 results\1d\distrmix1\distrmix1.f] total exec 72, total exec lines 2, avg 3.6000000000000000e+01
    PAR LOOP [331 results\1d\distrmix1\distrmix1.f] total exec 72, total exec lines 2, avg 3.6000000000000000e+01
    PAR LOOP [355 results\1d\distrmix1\distrmix1.f] total exec 108, total exec lines 4, avg 2.7000000000000000e+01
    PAR LOOP [403 results\1d\distrmix1\distrmix1.f] total exec 22, total exec lines 2, avg 1.1000000000000000e+01
    PAR LOOP [423 results\1d\distrmix1\distrmix1.f] total exec 22, total exec lines 2, avg 1.1000000000000000e+01
    PAR LOOP [434 results\1d\distrmix1\distrmix1.f] total exec 33, total exec lines 4, avg 8.2500000000000000e+00
    PAR LOOP [503 results\1d\distrmix1\distrmix1.f] total exec 26, total exec lines 2, avg 1.3000000000000000e+01
    PAR LOOP [512 results\1d\distrmix1\distrmix1.f] total exec 26, total exec lines 2, avg 1.3000000000000000e+01
    PAR LOOP [536 results\1d\distrmix1\distrmix1.f] total exec 39, total exec lines 4, avg 9.7500000000000000e+00
    average_parallel_exec 3.3833333333333336e+01
    parallel_rate 6.5352112676056340e-01
PROFILE: time for this pass = 0.006000 sec (total 0.036000 sec)

--------------------------------------------------
INFO.JSON file copied from ./info.json to ./results\1d\distrmix1\info.json

==================================================
Processing of distrmix1.f completed successfully at 2025-05-06 00:22:13
