=== Processing file: prf34.f ===
Date and time: 2025-04-18 17:43:50
Dimension: 3d
==================================================

Copied ./sources\3d\prf34.f to ./results\3d\prf34\prf34.f
Command: gfortran -O3 -g -fprofile-arcs -ftest-coverage "./results\3d\prf34\prf34.f" -o "./results\3d\prf34\prf34"
Output: 

Error output: 
./results\3d\prf34\prf34.f:1:2:

    1 | program prf34
      |  1
Error: Non-numeric character in statement label at (1)
./results\3d\prf34\prf34.f:4:6:

    4 |     print *, '===START OF PRF34========================'
      |      1
Error: Non-numeric character in statement label at (1)
./results\3d\prf34\prf34.f:6:6:

    6 |     call prf3401
      |      1
Error: Non-numeric character in statement label at (1)
./results\3d\prf34\prf34.f:7:6:

    7 |     call prf3402
      |      1
Error: Non-numeric character in statement label at (1)
./results\3d\prf34\prf34.f:8:6:

    8 |     call prf3403
      |      1
Error: Non-numeric character in statement label at (1)
./results\3d\prf34\prf34.f:10:6:

   10 |     print *, '===END OF PRF34=========================='
      |      1
Error: Non-numeric character in statement label at (1)
./results\3d\prf34\prf34.f:11:2:

   11 | end
      |  1
Error: Non-numeric character in statement label at (1)
./results\3d\prf34\prf34.f:13:2:

   13 | subroutine prf3401
      |  1
Error: Non-numeric character in statement label at (1)
./results\3d\prf34\prf34.f:14:6:

   14 |     integer, parameter ::  N = 16, M = 8, K = 8, NL = 1000, NIT = 3
      |      1
Error: Non-numeric character in statement label at (1)
./results\3d\prf34\prf34.f:15:6:

   15 |     integer, allocatable :: A( :, :, : ), B( :, :, : ), C( :, :, : )
      |      1
Error: Non-numeric character in statement label at (1)
./results\3d\prf34\prf34.f:16:6:

   16 |     character * 7 :: tname = 'PRF3401'
      |      1
Error: Non-numeric character in statement label at (1)
./results\3d\prf34\prf34.f:25:6:

   25 |     allocate ( B( N, M, K ), A( N, M, K ), C( N, M, K ) )
      |      1
Error: Non-numeric character in statement label at (1)
./results\3d\prf34\prf34.f:26:6:

   26 |     call serial3( C, N, M, K, NL )
      |      1
Error: Non-numeric character in statement label at (1)
./results\3d\prf34\prf34.f:29:6:

   29 |     do i = 1, N
      |      1
Error: Non-numeric character in statement label at (1)
./results\3d\prf34\prf34.f:35:6:

   35 |     enddo
      |      1
Error: Non-numeric character in statement label at (1)
./results\3d\prf34\prf34.f:37:6:

   37 |     do it = 1, NIT
      |      1
Error: Non-numeric character in statement label at (1)
./results\3d\prf34\prf34.f:57:72:

   57 |         if ( ( ib1 .eq. C( N / 2, M / 2, K / 2 ) ) .and. ( ib2 .eq. C( N / 2, M, K ) ) .and. &
      |                                                                        1
Error: Syntax error in argument list at (1)
./results\3d\prf34\prf34.f:61:72:

   61 |         else
      |                                                                        1
Error: Unexpected ELSE statement at (1)
./results\3d\prf34\prf34.f:63:11:

   63 |         endif
      |           1
Error: Expecting END PROGRAM statement at (1)
./results\3d\prf34\prf34.f:65:72:

   65 |         if ( it .eq. 2 ) cycle
      |                                                                        1
Error: CYCLE statement at (1) is not within a construct
./results\3d\prf34\prf34.f:69:6:

   69 |     enddo
      |      1
Error: Non-numeric character in statement label at (1)
./results\3d\prf34\prf34.f:70:6:

   70 |     deallocate( A, B, C )
      |      1
Error: Non-numeric character in statement label at (1)
./results\3d\prf34\prf34.f:71:2:

   71 | end
      |  1
Error: Non-numeric character in statement label at (1)
./results\3d\prf34\prf34.f:73:2:

   73 | subroutine prf3402
      |  1
Error: Non-numeric character in statement label at (1)
./results\3d\prf34\prf34.f:74:6:

   74 |     integer, parameter :: N = 16, M = 8, K = 8, NL = 1000, NIT = 3
      |      1
Error: Non-numeric character in statement label at (1)
./results\3d\prf34\prf34.f:75:6:

   75 |     integer, allocatable :: A( :, :, : ), B( :, :, : ), C( :, :, : ), D( :, :, : )
      |      1
Error: Non-numeric character in statement label at (1)
./results\3d\prf34\prf34.f:76:6:

   76 |     character * 7 :: tname = 'PRF3402'
      |      1
Error: Non-numeric character in statement label at (1)
./results\3d\prf34\prf34.f:85:6:

   85 |     allocate ( A( N, M, K ), B( N, M, K ), C( N, M, K ), D( N, M, K ) )
      |      1
Error: Non-numeric character in statement label at (1)
./results\3d\prf34\prf34.f:86:6:

   86 |     call serial3( C, N, M, K, NL )
      |      1
Error: Non-numeric character in statement label at (1)
./results\3d\prf34\prf34.f:89:6:

   89 |     do i = 1, N
      |      1
Error: Non-numeric character in statement label at (1)
./results\3d\prf34\prf34.f:95:6:

   95 |     enddo
      |      1
Error: Non-numeric character in statement label at (1)
./results\3d\prf34\prf34.f:97:6:

   97 |     do it = 1, NIT
      |      1
Error: Non-numeric character in statement label at (1)
./results\3d\prf34\prf34.f:144:18:

  144 |                 D( N / 2, j, ii ) = A( N / 2, kj * j + kj1, kii * ii + kii1 )
      |                  1
Error: 'd' at (1) is not a variable
./results\3d\prf34\prf34.f:145:72:

  145 |                 isumc4 = isumc4 + C( N / 2, kj * j + kj1, kii * ii + kii1 )
      |                                                                        1
Error: Syntax error in argument list at (1)
./results\3d\prf34\prf34.f:150:72:

  150 |         if ( ( isumc1 .eq. isuma1 ) .and. ( isumc2 .eq. isuma2 ) .and. &
      |                                                                        1
Error: Syntax error in expression at (1)
./results\3d\prf34\prf34.f:153:72:

  153 |         else
      |                                                                        1
Error: Unexpected ELSE statement at (1)
./results\3d\prf34\prf34.f:155:11:

  155 |         endif
      |           1
Error: Expecting END PROGRAM statement at (1)
./results\3d\prf34\prf34.f:157:72:

  157 |         if ( it .eq. 2 ) cycle
      |                                                                        1
Error: CYCLE statement at (1) is not within a construct
./results\3d\prf34\prf34.f:162:6:

  162 |     enddo
      |      1
Error: Non-numeric character in statement label at (1)
./results\3d\prf34\prf34.f:163:6:

  163 |     deallocate( A, B, C, D )
      |      1
Error: Non-numeric character in statement label at (1)
./results\3d\prf34\prf34.f:164:2:

  164 | end
      |  1
Error: Non-numeric character in statement label at (1)
./results\3d\prf34\prf34.f:166:2:

  166 | subroutine prf3403
      |  1
Error: Non-numeric character in statement label at (1)
./results\3d\prf34\prf34.f:167:6:

  167 |     integer, parameter ::  N = 16, M = 8, K = 8, NL = 1000, NIT = 3
      |      1
Error: Non-numeric character in statement label at (1)
./results\3d\prf34\prf34.f:168:6:

  168 |     integer, allocatable :: A( :, :, : ), B( :, :, : ), C( :, :, : ), A1( :, :, : )
      |      1
Error: Non-numeric character in statement label at (1)
./results\3d\prf34\prf34.f:169:6:

  169 |     character * 7 :: tname = 'PRF3403'
      |      1
Error: Non-numeric character in statement label at (1)
./results\3d\prf34\prf34.f:178:6:

  178 |     allocate ( A( N, M, K ), B( N, M, K ), C( N, M, K ), A1( N, M, K ) )
      |      1
Error: Non-numeric character in statement label at (1)
./results\3d\prf34\prf34.f:179:6:

  179 |     call serial3( C, N, M, K, NL )
      |      1
Error: Non-numeric character in statement label at (1)
./results\3d\prf34\prf34.f:182:6:

  182 |     do i = 1, N
      |      1
Error: Non-numeric character in statement label at (1)
./results\3d\prf34\prf34.f:189:6:

  189 |     enddo
      |      1
Error: Non-numeric character in statement label at (1)
./results\3d\prf34\prf34.f:191:6:

  191 |     do it = 1, NIT
      |      1
Error: Non-numeric character in statement label at (1)
./results\3d\prf34\prf34.f:210:72:

  210 |                     if ( B( i, j, ii ) .ne. C( N / 2, M / 2, K / 2 ) ) then
      |                                                                        1
Error: Syntax error in IF-clause after (1)
./results\3d\prf34\prf34.f:214:23:

  214 |                     endif
      |                       1
Error: Expecting END DO statement at (1)
./results\3d\prf34\prf34.f:291:66:

  291 |         if ( ( nloopi1 .eq. NL ) .and. ( nloopi2 .eq. NL ) .and. &
      |                                                                  1
Error: Syntax error in expression at (1)
./results\3d\prf34\prf34.f:294:72:

  294 |         else
      |                                                                        1
Error: Unexpected ELSE statement at (1)
./results\3d\prf34\prf34.f:296:11:

  296 |         endif
      |           1
Error: Expecting END PROGRAM statement at (1)
./results\3d\prf34\prf34.f:298:72:

  298 |         if ( it .eq. 2 ) cycle
      |                                                                        1
Error: CYCLE statement at (1) is not within a construct
./results\3d\prf34\prf34.f:302:6:

  302 |     enddo
      |      1
Error: Non-numeric character in statement label at (1)
./results\3d\prf34\prf34.f:303:6:

  303 |     deallocate( A, B, C, A1 )
      |      1
Error: Non-numeric character in statement label at (1)
./results\3d\prf34\prf34.f:304:2:

  304 | end
      |  1
Error: Non-numeric character in statement label at (1)
./results\3d\prf34\prf34.f:306:2:

  306 | subroutine serial3( AR, N, M, K, NL )
      |  1
Error: Non-numeric character in statement label at (1)
./results\3d\prf34\prf34.f:307:6:

  307 |     integer AR( N, M, K )
      |      1
Error: Non-numeric character in statement label at (1)
./results\3d\prf34\prf34.f:308:6:

  308 |     integer NL
      |      1
Error: Non-numeric character in statement label at (1)
./results\3d\prf34\prf34.f:309:6:

  309 |     do i = 1, N
      |      1
Error: Non-numeric character in statement label at (1)
./results\3d\prf34\prf34.f:315:6:

  315 |     enddo
      |      1
Error: Non-numeric character in statement label at (1)
./results\3d\prf34\prf34.f:316:2:

  316 | end
      |  1
Error: Non-numeric character in statement label at (1)
./results\3d\prf34\prf34.f:318:2:

  318 | subroutine ansyes( name )
      |  1
Error: Non-numeric character in statement label at (1)
./results\3d\prf34\prf34.f:319:6:

  319 |     character * 7 name
      |      1
Error: Non-numeric character in statement label at (1)
./results\3d\prf34\prf34.f:320:6:

  320 |     print *, name, '  -  complete'
      |      1
Error: Non-numeric character in statement label at (1)
./results\3d\prf34\prf34.f:321:2:

  321 | end
      |  1
Error: Non-numeric character in statement label at (1)
./results\3d\prf34\prf34.f:323:2:

  323 | subroutine ansno( name )
      |  1
Error: Non-numeric character in statement label at (1)
./results\3d\prf34\prf34.f:324:6:

  324 |     character * 7 name
      |      1
Error: Non-numeric character in statement label at (1)
./results\3d\prf34\prf34.f:325:6:

  325 |     print *, name, '  -  ***error'
      |      1
Error: Non-numeric character in statement label at (1)
./results\3d\prf34\prf34.f:326:2:

  326 | end
      |  1
Error: Non-numeric character in statement label at (1)
f951.exe: Error: Unexpected end of file in './results\3d\prf34\prf34.f'

--------------------------------------------------
Command: "./results\3d\prf34\prf34"
Output: 

Error output: 
'"./results\3d\prf34\prf34"' is not recognized as an internal or external command,
operable program or batch file.

--------------------------------------------------
Command: gcov -b "./results\3d\prf34\prf34.f"
Output: 
No executable lines

Error output: 
./results\3d\prf34\prf34.gcno:cannot open notes file
./results\3d\prf34\prf34.gcda:cannot open data file, assuming not executed

--------------------------------------------------
GCOV file copied from ./prf34.f.gcov to ./results\3d\prf34\prf34.f.gcov
Command: "../SAPFOR/_bin/Release/Sapfor_F.exe" -parse -spf "./results\3d\prf34\prf34.f"
Output: 
SAPFOR version is 2409, build date: Apr 17 2025 18:48:12, c++ version 201703
  parse file './results\3d\prf34\prf34.f'
  options: -spf 
files compilation order:
  ./results\3d\prf34\prf34.f
Error 009 on line 1 of ./results\3d\prf34\prf34.f: Illegal continuation line ignored
Error 009 on line 4 of ./results\3d\prf34\prf34.f: Illegal continuation line ignored
Error 009 on line 6 of ./results\3d\prf34\prf34.f: Illegal continuation line ignored
Error 009 on line 7 of ./results\3d\prf34\prf34.f: Illegal continuation line ignored
Error 009 on line 8 of ./results\3d\prf34\prf34.f: Illegal continuation line ignored
Error 009 on line 10 of ./results\3d\prf34\prf34.f: Illegal continuation line ignored
Error 011 on line 11 of ./results\3d\prf34\prf34.f: Non digit in statement number field
Error 014 on line 11 of ./results\3d\prf34\prf34.f: syntax error
Error 030 on line 32 of ./results\3d\prf34\prf34.f: Declaration among executables
Error 014 on line 34 of ./results\3d\prf34\prf34.f: syntax error
Error 013 on line 57 of ./results\3d\prf34\prf34.f: Unbalanced parentheses, statement skipped
Error 010 on line 57 of ./results\3d\prf34\prf34.f: Unclassifiable statement
Error 013 on line 58 of ./results\3d\prf34\prf34.f: Unbalanced parentheses, statement skipped
Error 010 on line 58 of ./results\3d\prf34\prf34.f: Unclassifiable statement
Error 013 on line 59 of ./results\3d\prf34\prf34.f: Unbalanced parentheses, statement skipped
Error 010 on line 59 of ./results\3d\prf34\prf34.f: Unclassifiable statement
Error 032 on line 61 of ./results\3d\prf34\prf34.f: ELSE out of place
Error 260 on line 63 of ./results\3d\prf34\prf34.f: Illegal END IF
Parsing was completed with errors, throw code 0, errors count 18

--------------------------------------------------
Command: "../SAPFOR/_bin/Release/Sapfor_F.exe" -passN GET_STATS_FOR_PREDICTOR -keepDVM
Output: 
SAPFOR version is 2409, build date: Apr 17 2025 18:48:12, c++ version 201703
code for pass GET_STATS_FOR_PREDICTOR is 79
RUN PASS with name VERIFY_FUNC_DECL
  Analyzing: results\3d\prf32\prf32.f
PROFILE: time for this pass = 0.000000 sec (total 0.001000 sec)
RUN PASS with name FILE_LINE_INFO
  Analyzing: results\3d\prf32\prf32.f
  All lines in project 457
PROFILE: time for this pass = 0.000000 sec (total 0.002000 sec)
RUN PASS with name BUILD_INCLUDE_DEPENDENCIES
  Analyzing: results\3d\prf32\prf32.f
PROFILE: time for this pass = 0.000000 sec (total 0.002000 sec)
RUN PASS with name CORRECT_VAR_DECL
  Analyzing: results\3d\prf32\prf32.f
PROFILE: time for this pass = 0.000000 sec (total 0.003000 sec)
RUN PASS with name VERIFY_OPERATORS
  Analyzing: results\3d\prf32\prf32.f
PROFILE: time for this pass = 0.000000 sec (total 0.003000 sec)
RUN PASS with name VERIFY_ENDDO
  Analyzing: results\3d\prf32\prf32.f
  ERROR: Loop on line 442 does not have END DO
  ERROR: Loop on line 443 does not have END DO
  ERROR: Loop on line 444 does not have END DO
exception occurred
ERROR - [#1018: results\3d\prf32\prf32.f: line 442]: This loop does not have END DO format
ERROR - [#1018: results\3d\prf32\prf32.f: line 443]: This loop does not have END DO format
ERROR - [#1018: results\3d\prf32\prf32.f: line 444]: This loop does not have END DO format

--------------------------------------------------
INFO.JSON file copied from ./info.json to ./results\3d\prf34\info.json

==================================================
Processing of prf34.f completed successfully at 2025-04-18 17:43:50
