=== Processing file: distrmix3.f ===
Date and time: 2025-04-23 11:57:15
Dimension: 3d
==================================================

Copied ./sources\3d\distrmix3.f to ./results\3d\distrmix3\distrmix3.f
Command: gfortran -O3 -g -fprofile-arcs -ftest-coverage "./results\3d\distrmix3\distrmix3.f" -o "./results\3d\distrmix3\distrmix3"
Output: 

--------------------------------------------------
Command: "./results\3d\distrmix3\distrmix3"
Output: 
 ===START OF distrmix3========================
 distrmix31    -  complete
 distrmix32    -  complete
 distrmix33    -  complete
 distrmix34    -  complete
 distrmix35    -  complete
 distrmix36    -  complete
 distrmix37    -  complete
 distrmix38    -  complete
 distrmix39    -  complete
 distrmix310   -  complete
 distrmix311   -  complete
 distrmix312   -  complete
 distrmix313   -  complete
 distrmix314   -  complete
 distrmix315   -  complete
 distrmix316   -  complete
 distrmix317   -  complete
 distrmix318   -  complete
 distrmix320   -  complete
 distrmix321   -  complete
 distrmix322   -  complete
 distrmix323   -  complete
 distrmix324   -  complete
 distrmix325   -  complete
 === END OF distrmix3 ========================= 

--------------------------------------------------
Command: gcov -b "./results\3d\distrmix3\distrmix3.f"
Output: 
File 'results/3d/distrmix3/distrmix3.f'
Lines executed:78.53% of 694
Branches executed:79.92% of 956
Taken at least once:62.76% of 956
Calls executed:45.52% of 134
Creating 'distrmix3.f.gcov'

Lines executed:78.53% of 694

--------------------------------------------------
GCOV file copied from ./distrmix3.f.gcov to ./results\3d\distrmix3\distrmix3.f.gcov
Command: "../SAPFOR/_bin/Release/Sapfor_F.exe" -parse -spf "./results\3d\distrmix3\distrmix3.f"
Output: 
SAPFOR version is 2410, build date: Apr 23 2025 11:52:44, c++ version 201703
  parse file './results\3d\distrmix3\distrmix3.f'
  options: -spf 
files compilation order:
  ./results\3d\distrmix3\distrmix3.f
Parsing was completed successfully

--------------------------------------------------
Command: "../SAPFOR/_bin/Release/Sapfor_F.exe" -passN GET_STATS_FOR_PREDICTOR -keepDVM
Output: 
SAPFOR version is 2410, build date: Apr 23 2025 11:52:44, c++ version 201703
code for pass GET_STATS_FOR_PREDICTOR is 79
RUN PASS with name VERIFY_FUNC_DECL
  Analyzing: results\3d\distrmix3\distrmix3.f
PROFILE: time for this pass = 0.004000 sec (total 0.013000 sec)
RUN PASS with name FILE_LINE_INFO
  Analyzing: results\3d\distrmix3\distrmix3.f
  All lines in project 3403
PROFILE: time for this pass = 0.003000 sec (total 0.016000 sec)
RUN PASS with name BUILD_INCLUDE_DEPENDENCIES
  Analyzing: results\3d\distrmix3\distrmix3.f
PROFILE: time for this pass = 0.002000 sec (total 0.019000 sec)
RUN PASS with name CORRECT_VAR_DECL
  Analyzing: results\3d\distrmix3\distrmix3.f
PROFILE: time for this pass = 0.003000 sec (total 0.022000 sec)
RUN PASS with name VERIFY_OPERATORS
  Analyzing: results\3d\distrmix3\distrmix3.f
PROFILE: time for this pass = 0.005000 sec (total 0.028000 sec)
RUN PASS with name VERIFY_ENDDO
  Analyzing: results\3d\distrmix3\distrmix3.f
PROFILE: time for this pass = 0.003000 sec (total 0.032000 sec)
RUN PASS with name VERIFY_INCLUDES
  Analyzing: results\3d\distrmix3\distrmix3.f
PROFILE: time for this pass = 0.002000 sec (total 0.034000 sec)
RUN PASS with name PREPROC_ALLOCATES
  Analyzing: results\3d\distrmix3\distrmix3.f
  attribute (227 results\3d\distrmix3\distrmix3.f) is added to declaration on line 220 of results\3d\distrmix3\distrmix3.f file
  attribute (279 results\3d\distrmix3\distrmix3.f) is added to declaration on line 220 of results\3d\distrmix3\distrmix3.f file
  attribute (309 results\3d\distrmix3\distrmix3.f) is added to declaration on line 302 of results\3d\distrmix3\distrmix3.f file
  attribute (365 results\3d\distrmix3\distrmix3.f) is added to declaration on line 302 of results\3d\distrmix3\distrmix3.f file
  attribute (395 results\3d\distrmix3\distrmix3.f) is added to declaration on line 389 of results\3d\distrmix3\distrmix3.f file
  attribute (452 results\3d\distrmix3\distrmix3.f) is added to declaration on line 389 of results\3d\distrmix3\distrmix3.f file
  attribute (481 results\3d\distrmix3\distrmix3.f) is added to declaration on line 475 of results\3d\distrmix3\distrmix3.f file
  attribute (541 results\3d\distrmix3\distrmix3.f) is added to declaration on line 475 of results\3d\distrmix3\distrmix3.f file
  attribute (648 results\3d\distrmix3\distrmix3.f) is added to declaration on line 642 of results\3d\distrmix3\distrmix3.f file
  attribute (701 results\3d\distrmix3\distrmix3.f) is added to declaration on line 642 of results\3d\distrmix3\distrmix3.f file
  attribute (728 results\3d\distrmix3\distrmix3.f) is added to declaration on line 722 of results\3d\distrmix3\distrmix3.f file
  attribute (781 results\3d\distrmix3\distrmix3.f) is added to declaration on line 722 of results\3d\distrmix3\distrmix3.f file
  attribute (806 results\3d\distrmix3\distrmix3.f) is added to declaration on line 800 of results\3d\distrmix3\distrmix3.f file
  attribute (862 results\3d\distrmix3\distrmix3.f) is added to declaration on line 800 of results\3d\distrmix3\distrmix3.f file
  attribute (887 results\3d\distrmix3\distrmix3.f) is added to declaration on line 881 of results\3d\distrmix3\distrmix3.f file
  attribute (944 results\3d\distrmix3\distrmix3.f) is added to declaration on line 881 of results\3d\distrmix3\distrmix3.f file
  attribute (969 results\3d\distrmix3\distrmix3.f) is added to declaration on line 963 of results\3d\distrmix3\distrmix3.f file
  attribute (1022 results\3d\distrmix3\distrmix3.f) is added to declaration on line 963 of results\3d\distrmix3\distrmix3.f file
  attribute (1067 results\3d\distrmix3\distrmix3.f) is added to declaration on line 1061 of results\3d\distrmix3\distrmix3.f file
  attribute (1140 results\3d\distrmix3\distrmix3.f) is added to declaration on line 1061 of results\3d\distrmix3\distrmix3.f file
  attribute (1199 results\3d\distrmix3\distrmix3.f) is added to declaration on line 1193 of results\3d\distrmix3\distrmix3.f file
  attribute (1296 results\3d\distrmix3\distrmix3.f) is added to declaration on line 1193 of results\3d\distrmix3\distrmix3.f file
  attribute (1327 results\3d\distrmix3\distrmix3.f) is added to declaration on line 1321 of results\3d\distrmix3\distrmix3.f file
  attribute (1391 results\3d\distrmix3\distrmix3.f) is added to declaration on line 1321 of results\3d\distrmix3\distrmix3.f file
  attribute (1586 results\3d\distrmix3\distrmix3.f) is added to declaration on line 1579 of results\3d\distrmix3\distrmix3.f file
  attribute (1699 results\3d\distrmix3\distrmix3.f) is added to declaration on line 1579 of results\3d\distrmix3\distrmix3.f file
  attribute (1743 results\3d\distrmix3\distrmix3.f) is added to declaration on line 1736 of results\3d\distrmix3\distrmix3.f file
  attribute (1856 results\3d\distrmix3\distrmix3.f) is added to declaration on line 1736 of results\3d\distrmix3\distrmix3.f file
  attribute (1897 results\3d\distrmix3\distrmix3.f) is added to declaration on line 1891 of results\3d\distrmix3\distrmix3.f file
  attribute (2024 results\3d\distrmix3\distrmix3.f) is added to declaration on line 1891 of results\3d\distrmix3\distrmix3.f file
  attribute (2085 results\3d\distrmix3\distrmix3.f) is added to declaration on line 2079 of results\3d\distrmix3\distrmix3.f file
  attribute (2183 results\3d\distrmix3\distrmix3.f) is added to declaration on line 2079 of results\3d\distrmix3\distrmix3.f file
  attribute (2233 results\3d\distrmix3\distrmix3.f) is added to declaration on line 2227 of results\3d\distrmix3\distrmix3.f file
  attribute (2315 results\3d\distrmix3\distrmix3.f) is added to declaration on line 2227 of results\3d\distrmix3\distrmix3.f file
  attribute (2358 results\3d\distrmix3\distrmix3.f) is added to declaration on line 2352 of results\3d\distrmix3\distrmix3.f file
  attribute (2465 results\3d\distrmix3\distrmix3.f) is added to declaration on line 2352 of results\3d\distrmix3\distrmix3.f file
  attribute (2651 results\3d\distrmix3\distrmix3.f) is added to declaration on line 2645 of results\3d\distrmix3\distrmix3.f file
  attribute (2756 results\3d\distrmix3\distrmix3.f) is added to declaration on line 2645 of results\3d\distrmix3\distrmix3.f file
  attribute (2950 results\3d\distrmix3\distrmix3.f) is added to declaration on line 2944 of results\3d\distrmix3\distrmix3.f file
  attribute (3130 results\3d\distrmix3\distrmix3.f) is added to declaration on line 2944 of results\3d\distrmix3\distrmix3.f file
  attribute (3182 results\3d\distrmix3\distrmix3.f) is added to declaration on line 3176 of results\3d\distrmix3\distrmix3.f file
  attribute (3388 results\3d\distrmix3\distrmix3.f) is added to declaration on line 3176 of results\3d\distrmix3\distrmix3.f file
PROFILE: time for this pass = 0.004000 sec (total 0.039000 sec)
RUN PASS with name CHECK_PAR_REG_DIR
  Analyzing: results\3d\distrmix3\distrmix3.f
PROFILE: time for this pass = 0.003000 sec (total 0.042000 sec)
RUN PASS with name FILL_PARALLEL_REG_IR
  Analyzing: results\3d\distrmix3\distrmix3.f
PROFILE: time for this pass = 0.003000 sec (total 0.045000 sec)
RUN PASS with name GET_ALL_ARRAY_DECL
  Analyzing: results\3d\distrmix3\distrmix3.f
PROFILE: time for this pass = 0.026000 sec (total 0.072000 sec)
RUN PASS with name FILL_COMMON_BLOCKS
  Analyzing: results\3d\distrmix3\distrmix3.f
PROFILE: time for this pass = 0.004000 sec (total 0.076000 sec)
RUN PASS with name PARSE_OMP_DIRS
  Analyzing: results\3d\distrmix3\distrmix3.f
PROFILE: time for this pass = 0.004000 sec (total 0.080000 sec)
RUN PASS with name PREPROC_SPF
  Analyzing: results\3d\distrmix3\distrmix3.f
PROFILE: time for this pass = 0.003000 sec (total 0.083000 sec)
RUN PASS with name CREATE_INTER_TREE
  Analyzing: results\3d\distrmix3\distrmix3.f
PROFILE: time for this pass = 0.016000 sec (total 0.100000 sec)
RUN PASS with name GCOV_PARSER
  Analyzing: results\3d\distrmix3\distrmix3.f
   Error: unable to open file statistic.txt
PROFILE: time for this pass = 0.008000 sec (total 0.109000 sec)
RUN PASS with name VERIFY_FORMAT
  Analyzing: results\3d\distrmix3\distrmix3.f
PROFILE: time for this pass = 0.003000 sec (total 0.113000 sec)
RUN PASS with name VERIFY_DVM_DIRS
  Analyzing: results\3d\distrmix3\distrmix3.f
PROFILE: time for this pass = 0.004000 sec (total 0.117000 sec)
RUN PASS with name PRIVATE_CALL_GRAPH_STAGE1
  Analyzing: results\3d\distrmix3\distrmix3.f
PROFILE: time for this pass = 0.003000 sec (total 0.121000 sec)
RUN PASS with name PRIVATE_CALL_GRAPH_STAGE2
  Analyzing: results\3d\distrmix3\distrmix3.f
PROFILE: time for this pass = 0.003000 sec (total 0.124000 sec)
RUN PASS with name MACRO_EXPANSION
  Analyzing: results\3d\distrmix3\distrmix3.f
PROFILE: time for this pass = 0.003000 sec (total 0.127000 sec)
RUN PASS with name CONVERT_ASSIGN_TO_LOOP
  Analyzing: results\3d\distrmix3\distrmix3.f
WARN: can not convert array assign to loop on line -3
WARN: can not convert array assign to loop on line -4
WARN: can not convert array assign to loop on line -5
WARN: can not convert array assign to loop on line -7
WARN: can not convert array assign to loop on line -8
WARN: can not convert array assign to loop on line -9
was on line 311 file results\3d\distrmix3\distrmix3.f
      a3 = 10
      do  i_2 = 0,11
         do  i_1 = 0,15
            do  i_0 = 0,15
               a3(i_0 + 1,i_1 + 1,i_2 + 1) = 10
            enddo  
         enddo  
      enddo  
WARN: can not convert array assign to loop on line -18
WARN: can not convert array assign to loop on line -19
WARN: can not convert array assign to loop on line -20
was on line 397 file results\3d\distrmix3\distrmix3.f
      a3 = 7
      do  i_5 = 0,19
         do  i_4 = 0,17
            do  i_3 = 0,11
               a3(i_3 + 1,i_4 + 1,i_5 + 1) = 7
            enddo  
         enddo  
      enddo  
WARN: can not convert array assign to loop on line -29
WARN: can not convert array assign to loop on line -30
WARN: can not convert array assign to loop on line -31
was on line 486 file results\3d\distrmix3\distrmix3.f
      a3 = 0
      do  i_8 = 0,15
         do  i_7 = 0,27
            do  i_6 = 0,34
               a3(i_6 + 1,i_7 + 1,i_8 + 1) = 0
            enddo  
         enddo  
      enddo  
WARN: can not convert array assign to loop on line -40
WARN: can not convert array assign to loop on line -41
WARN: can not convert array assign to loop on line -42
WARN: can not convert array assign to loop on line -44
WARN: can not convert array assign to loop on line -45
WARN: can not convert array assign to loop on line -46
WARN: can not convert array assign to loop on line -48
WARN: can not convert array assign to loop on line -49
WARN: can not convert array assign to loop on line -51
was on line 808 file results\3d\distrmix3\distrmix3.f
      a3 = 5
      do  i_11 = 0,15
         do  i_10 = 0,15
            do  i_9 = 0,15
               a3(i_9 + 1,i_10 + 1,i_11 + 1) = 5
            enddo  
         enddo  
      enddo  
WARN: can not convert array assign to loop on line -60
was on line 889 file results\3d\distrmix3\distrmix3.f
      a3 = 7
      do  i_14 = 0,29
         do  i_13 = 0,5
            do  i_12 = 0,17
               a3(i_12 + 1,i_13 + 1,i_14 + 1) = 7
            enddo  
         enddo  
      enddo  
WARN: can not convert array assign to loop on line -69
WARN: can not convert array assign to loop on line -71
WARN: can not convert array assign to loop on line -72
WARN: can not convert array assign to loop on line -73
WARN: can not convert array assign to loop on line -74
WARN: can not convert array assign to loop on line -75
WARN: can not convert array assign to loop on line -76
WARN: can not convert array assign to loop on line -77
WARN: can not convert array assign to loop on line -78
WARN: can not convert array assign to loop on line -79
WARN: can not convert array assign to loop on line -80
WARN: can not convert array assign to loop on line -81
WARN: can not convert array assign to loop on line -82
WARN: can not convert array assign to loop on line -83
WARN: can not convert array assign to loop on line -84
WARN: can not convert array assign to loop on line -85
WARN: can not convert array assign to loop on line -87
WARN: can not convert array assign to loop on line -88
WARN: can not convert array assign to loop on line -89
WARN: can not convert array assign to loop on line -90
WARN: can not convert array assign to loop on line -91
WARN: can not convert array assign to loop on line -92
WARN: can not convert array assign to loop on line -93
WARN: can not convert array assign to loop on line -94
WARN: can not convert array assign to loop on line -95
WARN: can not convert array assign to loop on line -96
WARN: can not convert array assign to loop on line -97
WARN: can not convert array assign to loop on line -98
WARN: can not convert array assign to loop on line -99
WARN: can not convert array assign to loop on line -100
WARN: can not convert array assign to loop on line -101
WARN: can not convert array assign to loop on line -102
WARN: can not convert array assign to loop on line -103
WARN: can not convert array assign to loop on line -104
WARN: can not convert array assign to loop on line -105
WARN: can not convert array assign to loop on line -106
WARN: can not convert array assign to loop on line -107
WARN: can not convert array assign to loop on line -108
WARN: can not convert array assign to loop on line -109
WARN: can not convert array assign to loop on line -110
WARN: can not convert array assign to loop on line -111
WARN: can not convert array assign to loop on line -112
WARN: can not convert array assign to loop on line -113
WARN: can not convert array assign to loop on line -114
WARN: can not convert array assign to loop on line -116
WARN: can not convert array assign to loop on line -117
WARN: can not convert array assign to loop on line -118
WARN: can not convert array assign to loop on line -119
WARN: can not convert array assign to loop on line -120
WARN: can not convert array assign to loop on line -122
WARN: can not convert array assign to loop on line -123
WARN: can not convert array assign to loop on line -124
WARN: can not convert array assign to loop on line -125
WARN: can not convert array assign to loop on line -126
WARN: can not convert array assign to loop on line -127
WARN: can not convert array assign to loop on line -128
WARN: can not convert array assign to loop on line -129
WARN: can not convert array assign to loop on line -130
WARN: can not convert array assign to loop on line -131
WARN: can not convert array assign to loop on line -132
WARN: can not convert array assign to loop on line -133
WARN: can not convert array assign to loop on line -134
WARN: can not convert array assign to loop on line -136
WARN: can not convert array assign to loop on line -137
WARN: can not convert array assign to loop on line -138
WARN: can not convert array assign to loop on line -139
WARN: can not convert array assign to loop on line -140
WARN: can not convert array assign to loop on line -141
WARN: can not convert array assign to loop on line -142
WARN: can not convert array assign to loop on line -143
WARN: can not convert array assign to loop on line -144
WARN: can not convert array assign to loop on line -145
WARN: can not convert array assign to loop on line -146
WARN: can not convert array assign to loop on line -147
WARN: can not convert array assign to loop on line -148
WARN: can not convert array assign to loop on line -149
WARN: can not convert array assign to loop on line -151
WARN: can not convert array assign to loop on line -152
WARN: can not convert array assign to loop on line -153
WARN: can not convert array assign to loop on line -154
WARN: can not convert array assign to loop on line -155
WARN: can not convert array assign to loop on line -156
WARN: can not convert array assign to loop on line -157
WARN: can not convert array assign to loop on line -158
WARN: can not convert array assign to loop on line -159
WARN: can not convert array assign to loop on line -160
WARN: can not convert array assign to loop on line -161
WARN: can not convert array assign to loop on line -162
WARN: can not convert array assign to loop on line -163
WARN: can not convert array assign to loop on line -164
WARN: can not convert array assign to loop on line -166
WARN: can not convert array assign to loop on line -167
WARN: can not convert array assign to loop on line -168
WARN: can not convert array assign to loop on line -169
WARN: can not convert array assign to loop on line -170
WARN: can not convert array assign to loop on line -171
WARN: can not convert array assign to loop on line -172
WARN: can not convert array assign to loop on line -173
WARN: can not convert array assign to loop on line -174
WARN: can not convert array assign to loop on line -175
WARN: can not convert array assign to loop on line -176
WARN: can not convert array assign to loop on line -177
WARN: can not convert array assign to loop on line -178
WARN: can not convert array assign to loop on line -180
WARN: can not convert array assign to loop on line -181
WARN: can not convert array assign to loop on line -182
WARN: can not convert array assign to loop on line -183
WARN: can not convert array assign to loop on line -184
WARN: can not convert array assign to loop on line -185
WARN: can not convert array assign to loop on line -186
WARN: can not convert array assign to loop on line -187
WARN: can not convert array assign to loop on line -188
WARN: can not convert array assign to loop on line -189
WARN: can not convert array assign to loop on line -190
WARN: can not convert array assign to loop on line -191
WARN: can not convert array assign to loop on line -192
WARN: can not convert array assign to loop on line -193
WARN: can not convert array assign to loop on line -194
WARN: can not convert array assign to loop on line -195
WARN: can not convert array assign to loop on line -196
WARN: can not convert array assign to loop on line -197
WARN: can not convert array assign to loop on line -198
WARN: can not convert array assign to loop on line -199
WARN: can not convert array assign to loop on line -200
WARN: can not convert array assign to loop on line -201
WARN: can not convert array assign to loop on line -202
WARN: can not convert array assign to loop on line -203
WARN: can not convert array assign to loop on line -204
WARN: can not convert array assign to loop on line -205
WARN: can not convert array assign to loop on line -206
WARN: can not convert array assign to loop on line -207
WARN: can not convert array assign to loop on line -208
WARN: can not convert array assign to loop on line -209
WARN: can not convert array assign to loop on line -211
WARN: can not convert array assign to loop on line -212
WARN: can not convert array assign to loop on line -213
WARN: can not convert array assign to loop on line -214
WARN: can not convert array assign to loop on line -215
WARN: can not convert array assign to loop on line -216
WARN: can not convert array assign to loop on line -217
WARN: can not convert array assign to loop on line -218
WARN: can not convert array assign to loop on line -219
WARN: can not convert array assign to loop on line -220
WARN: can not convert array assign to loop on line -221
WARN: can not convert array assign to loop on line -222
WARN: can not convert array assign to loop on line -223
WARN: can not convert array assign to loop on line -224
WARN: can not convert array assign to loop on line -225
WARN: can not convert array assign to loop on line -226
WARN: can not convert array assign to loop on line -227
WARN: can not convert array assign to loop on line -228
was on line 2238 file results\3d\distrmix3\distrmix3.f
      a3 = 10
      do  i_17 = 0,9
         do  i_16 = 0,5
            do  i_15 = 0,11
               a3(i_15 + 1,i_16 + 1,i_17 + 1) = 10
            enddo  
         enddo  
      enddo  
WARN: can not convert array assign to loop on line -237
WARN: can not convert array assign to loop on line -238
WARN: can not convert array assign to loop on line -239
WARN: can not convert array assign to loop on line -240
WARN: can not convert array assign to loop on line -241
WARN: can not convert array assign to loop on line -242
WARN: can not convert array assign to loop on line -243
WARN: can not convert array assign to loop on line -244
WARN: can not convert array assign to loop on line -245
WARN: can not convert array assign to loop on line -246
WARN: can not convert array assign to loop on line -247
WARN: can not convert array assign to loop on line -248
WARN: can not convert array assign to loop on line -249
WARN: can not convert array assign to loop on line -250
WARN: can not convert array assign to loop on line -251
was on line 2423 file results\3d\distrmix3\distrmix3.f
      a3 = 5
      do  i_20 = 0,5
         do  i_19 = 0,6
            do  i_18 = 0,4
               a3(i_18 + 1,i_19 + 1,i_20 + 1) = 5
            enddo  
         enddo  
      enddo  
WARN: can not convert array assign to loop on line -260
WARN: can not convert array assign to loop on line -261
WARN: can not convert array assign to loop on line -262
WARN: can not convert array assign to loop on line -263
WARN: can not convert array assign to loop on line -264
WARN: can not convert array assign to loop on line -265
WARN: can not convert array assign to loop on line -266
WARN: can not convert array assign to loop on line -267
WARN: can not convert array assign to loop on line -268
WARN: can not convert array assign to loop on line -269
WARN: can not convert array assign to loop on line -270
WARN: can not convert array assign to loop on line -271
WARN: can not convert array assign to loop on line -272
WARN: can not convert array assign to loop on line -273
WARN: can not convert array assign to loop on line -274
was on line 2507 file results\3d\distrmix3\distrmix3.f
      a3 = 20
      do  i_23 = 0,15
         do  i_22 = 0,15
            do  i_21 = 0,15
               a3(i_21 + 1,i_22 + 1,i_23 + 1) = 20
            enddo  
         enddo  
      enddo  
WARN: can not convert array assign to loop on line -283
WARN: can not convert array assign to loop on line -284
WARN: can not convert array assign to loop on line -285
WARN: can not convert array assign to loop on line -286
WARN: can not convert array assign to loop on line -287
WARN: can not convert array assign to loop on line -288
WARN: can not convert array assign to loop on line -289
WARN: can not convert array assign to loop on line -290
WARN: can not convert array assign to loop on line -291
WARN: can not convert array assign to loop on line -292
WARN: can not convert array assign to loop on line -293
WARN: can not convert array assign to loop on line -294
WARN: can not convert array assign to loop on line -295
WARN: can not convert array assign to loop on line -296
WARN: can not convert array assign to loop on line -297
was on line 2716 file results\3d\distrmix3\distrmix3.f
      a3 = 15
      do  i_26 = 0,7
         do  i_25 = 0,15
            do  i_24 = 0,23
               a3(i_24 + 1,i_25 + 1,i_26 + 1) = 15
            enddo  
         enddo  
      enddo  
WARN: can not convert array assign to loop on line -306
WARN: can not convert array assign to loop on line -307
WARN: can not convert array assign to loop on line -308
WARN: can not convert array assign to loop on line -309
WARN: can not convert array assign to loop on line -310
WARN: can not convert array assign to loop on line -311
WARN: can not convert array assign to loop on line -312
WARN: can not convert array assign to loop on line -313
WARN: can not convert array assign to loop on line -314
WARN: can not convert array assign to loop on line -315
WARN: can not convert array assign to loop on line -316
WARN: can not convert array assign to loop on line -317
WARN: can not convert array assign to loop on line -318
WARN: can not convert array assign to loop on line -319
WARN: can not convert array assign to loop on line -320
WARN: can not convert array assign to loop on line -322
WARN: can not convert array assign to loop on line -323
WARN: can not convert array assign to loop on line -324
WARN: can not convert array assign to loop on line -325
WARN: can not convert array assign to loop on line -326
WARN: can not convert array assign to loop on line -327
WARN: can not convert array assign to loop on line -328
WARN: can not convert array assign to loop on line -329
WARN: can not convert array assign to loop on line -330
WARN: can not convert array assign to loop on line -331
WARN: can not convert array assign to loop on line -332
WARN: can not convert array assign to loop on line -333
WARN: can not convert array assign to loop on line -334
WARN: can not convert array assign to loop on line -335
WARN: can not convert array assign to loop on line -336
WARN: can not convert array assign to loop on line -337
WARN: can not convert array assign to loop on line -338
WARN: can not convert array assign to loop on line -339
WARN: can not convert array assign to loop on line -340
WARN: can not convert array assign to loop on line -341
WARN: can not convert array assign to loop on line -342
WARN: can not convert array assign to loop on line -343
WARN: can not convert array assign to loop on line -344
WARN: can not convert array assign to loop on line -345
WARN: can not convert array assign to loop on line -346
WARN: can not convert array assign to loop on line -347
WARN: can not convert array assign to loop on line -348
was on line 3015 file results\3d\distrmix3\distrmix3.f
      a3 = 1
      do  i_29 = 0,20
         do  i_28 = 0,11
            do  i_27 = 0,11
               a3(i_27 + 1,i_28 + 1,i_29 + 1) = 1
            enddo  
         enddo  
      enddo  
WARN: can not convert array assign to loop on line -357
WARN: can not convert array assign to loop on line -358
WARN: can not convert array assign to loop on line -359
WARN: can not convert array assign to loop on line -360
WARN: can not convert array assign to loop on line -361
WARN: can not convert array assign to loop on line -362
WARN: can not convert array assign to loop on line -363
WARN: can not convert array assign to loop on line -364
WARN: can not convert array assign to loop on line -365
WARN: can not convert array assign to loop on line -366
WARN: can not convert array assign to loop on line -367
WARN: can not convert array assign to loop on line -368
WARN: can not convert array assign to loop on line -369
WARN: can not convert array assign to loop on line -370
WARN: can not convert array assign to loop on line -371
WARN: can not convert array assign to loop on line -372
WARN: can not convert array assign to loop on line -373
WARN: can not convert array assign to loop on line -374
WARN: can not convert array assign to loop on line -375
WARN: can not convert array assign to loop on line -376
WARN: can not convert array assign to loop on line -377
WARN: can not convert array assign to loop on line -378
WARN: can not convert array assign to loop on line -379
WARN: can not convert array assign to loop on line -380
WARN: can not convert array assign to loop on line -381
PROFILE: time for this pass = 0.017000 sec (total 0.145000 sec)
RUN PASS with name DEF_USE_STAGE1
  Analyzing: results\3d\distrmix3\distrmix3.f
PROFILE: time for this pass = 0.021000 sec (total 0.166000 sec)
RUN PASS with name DEF_USE_STAGE2
  Analyzing: results\3d\distrmix3\distrmix3.f
PROFILE: time for this pass = 0.004000 sec (total 0.171000 sec)
RUN PASS with name VERIFY_COMMON
  Analyzing: results\3d\distrmix3\distrmix3.f
PROFILE: time for this pass = 0.003000 sec (total 0.175000 sec)
RUN PASS with name CALL_GRAPH_IR
  Analyzing: results\3d\distrmix3\distrmix3.f
PROFILE: time for this pass = 0.017000 sec (total 0.192000 sec)
RUN PASS with name BUILD_IR
  Analyzing: results\3d\distrmix3\distrmix3.f
  count of functions 28, count of lvls 3
     RD time for 'ansyes' function is 0.000 sec, iters 1
     RD time for 'ansno' function is 0.000 sec, iters 1
     RD time for 'distrmix319' function is 0.000 sec, iters 5

     RD time for 'distrmix31' function is 0.000 sec, iters 5
     RD time for 'distrmix33' function is 0.000 sec, iters 5
     RD time for 'distrmix322' function is 0.001 sec, iters 5
     RD time for 'distrmix325' function is 0.001 sec, iters 5
     RD time for 'distrmix318' function is 0.000 sec, iters 5
     RD time for 'distrmix312' function is 0.000 sec, iters 5
     RD time for 'distrmix39' function is 0.000 sec, iters 5
     RD time for 'distrmix37' function is 0.000 sec, iters 5
     RD time for 'distrmix35' function is 0.000 sec, iters 5
     RD time for 'distrmix311' function is 0.000 sec, iters 5
     RD time for 'distrmix315' function is 0.000 sec, iters 5
     RD time for 'distrmix38' function is 0.000 sec, iters 5
     RD time for 'distrmix32' function is 0.000 sec, iters 5
     RD time for 'distrmix36' function is 0.000 sec, iters 5
     RD time for 'distrmix313' function is 0.000 sec, iters 5
     RD time for 'distrmix34' function is 0.000 sec, iters 5
     RD time for 'distrmix317' function is 0.000 sec, iters 5
     RD time for 'distrmix320' function is 0.001 sec, iters 5
     RD time for 'distrmix310' function is 0.000 sec, iters 5
     RD time for 'distrmix316' function is 0.000 sec, iters 5
     RD time for 'distrmix314' function is 0.000 sec, iters 5
     RD time for 'distrmix321' function is 0.001 sec, iters 5
     RD time for 'distrmix323' function is 0.000 sec, iters 5
     RD time for 'distrmix324' function is 0.002 sec, iters 5

     RD time for 'distrmix3' function is 0.000 sec, iters 3

PROFILE: time for this pass = 0.035000 sec (total 0.227000 sec)
RUN PASS with name SUBST_EXPR_RD
  Analyzing: results\3d\distrmix3\distrmix3.f
PROFILE: time for this pass = 0.015000 sec (total 0.242000 sec)
RUN PASS with name LOOP_GRAPH
  Analyzing: results\3d\distrmix3\distrmix3.f
PROFILE: time for this pass = 0.014000 sec (total 0.256000 sec)
RUN PASS with name CALL_GRAPH
  Analyzing: results\3d\distrmix3\distrmix3.f
PROFILE: time for this pass = 0.017000 sec (total 0.274000 sec)
RUN PASS with name CALL_GRAPH2
  Analyzing: results\3d\distrmix3\distrmix3.f
  run for func distrmix3
  run for func distrmix31
  run for func distrmix32
  run for func distrmix33
  run for func distrmix34
  run for func distrmix35
  run for func distrmix36
  run for func distrmix37
  run for func distrmix38
  run for func distrmix39
  run for func distrmix310
  run for func distrmix311
  run for func distrmix312
  run for func distrmix313
  run for func distrmix314
  run for func distrmix315
  run for func distrmix316
  run for func distrmix317
  run for func distrmix318
  run for func distrmix319
  run for func distrmix320
  run for func distrmix321
  run for func distrmix322
  run for func distrmix323
  run for func distrmix324
  run for func distrmix325
  run for func ansyes
  run for func ansno
  added conflict messages to loop on line 68
PROFILE: time for this pass = 0.008000 sec (total 0.283000 sec)
RUN PASS with name GET_STATS_FOR_PREDICTOR
  Analyzing: results\3d\distrmix3\distrmix3.f
    PAR LOOP [231 results\3d\distrmix3\distrmix3.f] total exec 103587, total exec lines 6, avg 1.7264500000000000e+04
    PAR LOOP [245 results\3d\distrmix3\distrmix3.f] total exec 103587, total exec lines 6, avg 1.7264500000000000e+04
    PAR LOOP [260 results\3d\distrmix3\distrmix3.f] total exec 137379, total exec lines 8, avg 1.7172375000000000e+04
    PAR LOOP [317 results\3d\distrmix3\distrmix3.f] total exec 10579, total exec lines 6, avg 1.7631666666666667e+03
    PAR LOOP [330 results\3d\distrmix3\distrmix3.f] total exec 10579, total exec lines 6, avg 1.7631666666666667e+03
    PAR LOOP [346 results\3d\distrmix3\distrmix3.f] total exec 13907, total exec lines 8, avg 1.7383750000000000e+03
    PAR LOOP [403 results\3d\distrmix3\distrmix3.f] total exec 14103, total exec lines 6, avg 2.3505000000000000e+03
    PAR LOOP [417 results\3d\distrmix3\distrmix3.f] total exec 14103, total exec lines 6, avg 2.3505000000000000e+03
    PAR LOOP [433 results\3d\distrmix3\distrmix3.f] total exec 18639, total exec lines 8, avg 2.3298750000000000e+03
    PAR LOOP [492 results\3d\distrmix3\distrmix3.f] total exec 52118, total exec lines 6, avg 8.6863333333333339e+03
    PAR LOOP [506 results\3d\distrmix3\distrmix3.f] total exec 52118, total exec lines 6, avg 8.6863333333333339e+03
    PAR LOOP [522 results\3d\distrmix3\distrmix3.f] total exec 68778, total exec lines 8, avg 8.5972500000000000e+03
    PAR LOOP [572 results\3d\distrmix3\distrmix3.f] total exec 21263, total exec lines 6, avg 3.5438333333333335e+03
    PAR LOOP [586 results\3d\distrmix3\distrmix3.f] total exec 21263, total exec lines 6, avg 3.5438333333333335e+03
    PAR LOOP [602 results\3d\distrmix3\distrmix3.f] total exec 28193, total exec lines 8, avg 3.5241250000000000e+03
    PAR LOOP [652 results\3d\distrmix3\distrmix3.f] total exec 23827, total exec lines 6, avg 3.9711666666666665e+03
    PAR LOOP [666 results\3d\distrmix3\distrmix3.f] total exec 23827, total exec lines 6, avg 3.9711666666666665e+03
    PAR LOOP [682 results\3d\distrmix3\distrmix3.f] total exec 31443, total exec lines 8, avg 3.9303750000000000e+03
    PAR LOOP [732 results\3d\distrmix3\distrmix3.f] total exec 9553, total exec lines 6, avg 1.5921666666666667e+03
    PAR LOOP [746 results\3d\distrmix3\distrmix3.f] total exec 9553, total exec lines 6, avg 1.5921666666666667e+03
    PAR LOOP [762 results\3d\distrmix3\distrmix3.f] total exec 12653, total exec lines 8, avg 1.5816250000000000e+03
    PAR LOOP [814 results\3d\distrmix3\distrmix3.f] total exec 13651, total exec lines 6, avg 2.2751666666666665e+03
    PAR LOOP [827 results\3d\distrmix3\distrmix3.f] total exec 13651, total exec lines 6, avg 2.2751666666666665e+03
    PAR LOOP [843 results\3d\distrmix3\distrmix3.f] total exec 18003, total exec lines 8, avg 2.2503750000000000e+03
    PAR LOOP [895 results\3d\distrmix3\distrmix3.f] total exec 10353, total exec lines 6, avg 1.7255000000000000e+03
    PAR LOOP [911 results\3d\distrmix3\distrmix3.f] total exec 10353, total exec lines 6, avg 1.7255000000000000e+03
    PAR LOOP [925 results\3d\distrmix3\distrmix3.f] total exec 13701, total exec lines 8, avg 1.7126250000000000e+03
    PAR LOOP [973 results\3d\distrmix3\distrmix3.f] total exec 30753, total exec lines 6, avg 5.1255000000000000e+03
    PAR LOOP [987 results\3d\distrmix3\distrmix3.f] total exec 30753, total exec lines 6, avg 5.1255000000000000e+03
    PAR LOOP [1003 results\3d\distrmix3\distrmix3.f] total exec 40378, total exec lines 8, avg 5.0472500000000000e+03
    PAR LOOP [1071 results\3d\distrmix3\distrmix3.f] total exec 20103, total exec lines 6, avg 3.3505000000000000e+03
    PAR LOOP [1106 results\3d\distrmix3\distrmix3.f] total exec 20103, total exec lines 6, avg 3.3505000000000000e+03
    PAR LOOP [1121 results\3d\distrmix3\distrmix3.f] total exec 26628, total exec lines 8, avg 3.3285000000000000e+03
    PAR LOOP [1226 results\3d\distrmix3\distrmix3.f] total exec 18603, total exec lines 6, avg 3.1005000000000000e+03
    PAR LOOP [1239 results\3d\distrmix3\distrmix3.f] total exec 18603, total exec lines 6, avg 3.1005000000000000e+03
    PAR LOOP [1276 results\3d\distrmix3\distrmix3.f] total exec 30363, total exec lines 9, avg 3.3736666666666665e+03
    PAR LOOP [1331 results\3d\distrmix3\distrmix3.f] total exec 32607, total exec lines 6, avg 5.4345000000000000e+03
    PAR LOOP [1356 results\3d\distrmix3\distrmix3.f] total exec 32607, total exec lines 6, avg 5.4345000000000000e+03
    PAR LOOP [1371 results\3d\distrmix3\distrmix3.f] total exec 53631, total exec lines 9, avg 5.9590000000000000e+03
    PAR LOOP [1434 results\3d\distrmix3\distrmix3.f] total exec 14883, total exec lines 6, avg 2.4805000000000000e+03
    PAR LOOP [1508 results\3d\distrmix3\distrmix3.f] total exec 14883, total exec lines 6, avg 2.4805000000000000e+03
    PAR LOOP [1523 results\3d\distrmix3\distrmix3.f] total exec 19563, total exec lines 8, avg 2.4453750000000000e+03
    PAR LOOP [1590 results\3d\distrmix3\distrmix3.f] total exec 15690, total exec lines 6, avg 2.6150000000000000e+03
    PAR LOOP [1664 results\3d\distrmix3\distrmix3.f] total exec 15690, total exec lines 6, avg 2.6150000000000000e+03
    PAR LOOP [1679 results\3d\distrmix3\distrmix3.f] total exec 25392, total exec lines 9, avg 2.8213333333333335e+03
    PAR LOOP [1747 results\3d\distrmix3\distrmix3.f] total exec 247008, total exec lines 6, avg 4.1168000000000000e+04
    PAR LOOP [1821 results\3d\distrmix3\distrmix3.f] total exec 247008, total exec lines 6, avg 4.1168000000000000e+04
    PAR LOOP [1836 results\3d\distrmix3\distrmix3.f] total exec 408180, total exec lines 9, avg 4.5353333333333336e+04
    PAR LOOP [1963 results\3d\distrmix3\distrmix3.f] total exec 7935, total exec lines 6, avg 1.3225000000000000e+03
    PAR LOOP [1976 results\3d\distrmix3\distrmix3.f] total exec 7935, total exec lines 6, avg 1.3225000000000000e+03
    PAR LOOP [2004 results\3d\distrmix3\distrmix3.f] total exec 12735, total exec lines 9, avg 1.4150000000000000e+03
    PAR LOOP [2113 results\3d\distrmix3\distrmix3.f] total exec 1899, total exec lines 6, avg 3.1650000000000000e+02
    PAR LOOP [2127 results\3d\distrmix3\distrmix3.f] total exec 1899, total exec lines 6, avg 3.1650000000000000e+02
    PAR LOOP [2164 results\3d\distrmix3\distrmix3.f] total exec 2475, total exec lines 8, avg 3.0937500000000000e+02
    PAR LOOP [2429 results\3d\distrmix3\distrmix3.f] total exec 833, total exec lines 6, avg 1.3883333333333334e+02
    PAR LOOP [2445 results\3d\distrmix3\distrmix3.f] total exec 1288, total exec lines 9, avg 1.4311111111111111e+02
    PAR LOOP [2513 results\3d\distrmix3\distrmix3.f] total exec 13651, total exec lines 6, avg 2.2751666666666665e+03
    PAR LOOP [2589 results\3d\distrmix3\distrmix3.f] total exec 22099, total exec lines 9, avg 2.4554444444444443e+03
    PAR LOOP [2722 results\3d\distrmix3\distrmix3.f] total exec 11259, total exec lines 6, avg 1.8765000000000000e+03
    PAR LOOP [2737 results\3d\distrmix3\distrmix3.f] total exec 14715, total exec lines 8, avg 1.8393750000000000e+03
    PAR LOOP [2800 results\3d\distrmix3\distrmix3.f] total exec 3387, total exec lines 6, avg 5.6450000000000000e+02
    PAR LOOP [2876 results\3d\distrmix3\distrmix3.f] total exec 4443, total exec lines 8, avg 5.5537500000000000e+02
    PAR LOOP [3021 results\3d\distrmix3\distrmix3.f] total exec 9855, total exec lines 6, avg 1.6425000000000000e+03
    PAR LOOP [3035 results\3d\distrmix3\distrmix3.f] total exec 9855, total exec lines 6, avg 1.6425000000000000e+03
    PAR LOOP [3110 results\3d\distrmix3\distrmix3.f] total exec 16047, total exec lines 9, avg 1.7830000000000000e+03
    PAR LOOP [3265 results\3d\distrmix3\distrmix3.f] total exec 1130, total exec lines 6, avg 1.8833333333333334e+02
    PAR LOOP [3278 results\3d\distrmix3\distrmix3.f] total exec 1130, total exec lines 6, avg 1.8833333333333334e+02
    PAR LOOP [3291 results\3d\distrmix3\distrmix3.f] total exec 1130, total exec lines 6, avg 1.8833333333333334e+02
    PAR LOOP [3368 results\3d\distrmix3\distrmix3.f] total exec 1760, total exec lines 9, avg 1.9555555555555554e+02
    average_parallel_exec 5.0353566878980891e+03
    parallel_rate 9.8167370881913696e-01
bad gcov info
Internal error at line 280 and file PredictScheme.cpp
exception occurred
NOTE - [#2006: results\3d\distrmix3\distrmix3.f: line 66]: substitute statement function with name 'processors_rank'
NOTE - [#2006: results\3d\distrmix3\distrmix3.f: line 69]: substitute statement function with name 'processors_size'
WARR - [#2001: results\3d\distrmix3\distrmix3.f: line -3]: can not convert array assign to loop
WARR - [#2001: results\3d\distrmix3\distrmix3.f: line -4]: can not convert array assign to loop
WARR - [#2001: results\3d\distrmix3\distrmix3.f: line -5]: can not convert array assign to loop
WARR - [#2001: results\3d\distrmix3\distrmix3.f: line -7]: can not convert array assign to loop
WARR - [#2001: results\3d\distrmix3\distrmix3.f: line -8]: can not convert array assign to loop
WARR - [#2001: results\3d\distrmix3\distrmix3.f: line -9]: can not convert array assign to loop
WARR - [#2001: results\3d\distrmix3\distrmix3.f: line -18]: can not convert array assign to loop
WARR - [#2001: results\3d\distrmix3\distrmix3.f: line -19]: can not convert array assign to loop
WARR - [#2001: results\3d\distrmix3\distrmix3.f: line -20]: can not convert array assign to loop
WARR - [#2001: results\3d\distrmix3\distrmix3.f: line -29]: can not convert array assign to loop
WARR - [#2001: results\3d\distrmix3\distrmix3.f: line -30]: can not convert array assign to loop
WARR - [#2001: results\3d\distrmix3\distrmix3.f: line -31]: can not convert array assign to loop
WARR - [#2001: results\3d\distrmix3\distrmix3.f: line -40]: can not convert array assign to loop
WARR - [#2001: results\3d\distrmix3\distrmix3.f: line -41]: can not convert array assign to loop
WARR - [#2001: results\3d\distrmix3\distrmix3.f: line -42]: can not convert array assign to loop
WARR - [#2001: results\3d\distrmix3\distrmix3.f: line -44]: can not convert array assign to loop
WARR - [#2001: results\3d\distrmix3\distrmix3.f: line -45]: can not convert array assign to loop
WARR - [#2001: results\3d\distrmix3\distrmix3.f: line -46]: can not convert array assign to loop
WARR - [#2001: results\3d\distrmix3\distrmix3.f: line -48]: can not convert array assign to loop
WARR - [#2001: results\3d\distrmix3\distrmix3.f: line -49]: can not convert array assign to loop
WARR - [#2001: results\3d\distrmix3\distrmix3.f: line -51]: can not convert array assign to loop
WARR - [#2001: results\3d\distrmix3\distrmix3.f: line -60]: can not convert array assign to loop
WARR - [#2001: results\3d\distrmix3\distrmix3.f: line -69]: can not convert array assign to loop
WARR - [#2001: results\3d\distrmix3\distrmix3.f: line -71]: can not convert array assign to loop
WARR - [#2001: results\3d\distrmix3\distrmix3.f: line -72]: can not convert array assign to loop
WARR - [#2001: results\3d\distrmix3\distrmix3.f: line -73]: can not convert array assign to loop
WARR - [#2001: results\3d\distrmix3\distrmix3.f: line -74]: can not convert array assign to loop
WARR - [#2001: results\3d\distrmix3\distrmix3.f: line -75]: can not convert array assign to loop
WARR - [#2001: results\3d\distrmix3\distrmix3.f: line -76]: can not convert array assign to loop
WARR - [#2001: results\3d\distrmix3\distrmix3.f: line -77]: can not convert array assign to loop
WARR - [#2001: results\3d\distrmix3\distrmix3.f: line -78]: can not convert array assign to loop
WARR - [#2001: results\3d\distrmix3\distrmix3.f: line -79]: can not convert array assign to loop
WARR - [#2001: results\3d\distrmix3\distrmix3.f: line -80]: can not convert array assign to loop
WARR - [#2001: results\3d\distrmix3\distrmix3.f: line -81]: can not convert array assign to loop
WARR - [#2001: results\3d\distrmix3\distrmix3.f: line -82]: can not convert array assign to loop
WARR - [#2001: results\3d\distrmix3\distrmix3.f: line -83]: can not convert array assign to loop
WARR - [#2001: results\3d\distrmix3\distrmix3.f: line -84]: can not convert array assign to loop
WARR - [#2001: results\3d\distrmix3\distrmix3.f: line -85]: can not convert array assign to loop
WARR - [#2001: results\3d\distrmix3\distrmix3.f: line -87]: can not convert array assign to loop
WARR - [#2001: results\3d\distrmix3\distrmix3.f: line -88]: can not convert array assign to loop
WARR - [#2001: results\3d\distrmix3\distrmix3.f: line -89]: can not convert array assign to loop
WARR - [#2001: results\3d\distrmix3\distrmix3.f: line -90]: can not convert array assign to loop
WARR - [#2001: results\3d\distrmix3\distrmix3.f: line -91]: can not convert array assign to loop
WARR - [#2001: results\3d\distrmix3\distrmix3.f: line -92]: can not convert array assign to loop
WARR - [#2001: results\3d\distrmix3\distrmix3.f: line -93]: can not convert array assign to loop
WARR - [#2001: results\3d\distrmix3\distrmix3.f: line -94]: can not convert array assign to loop
WARR - [#2001: results\3d\distrmix3\distrmix3.f: line -95]: can not convert array assign to loop
WARR - [#2001: results\3d\distrmix3\distrmix3.f: line -96]: can not convert array assign to loop
WARR - [#2001: results\3d\distrmix3\distrmix3.f: line -97]: can not convert array assign to loop
WARR - [#2001: results\3d\distrmix3\distrmix3.f: line -98]: can not convert array assign to loop
WARR - [#2001: results\3d\distrmix3\distrmix3.f: line -99]: can not convert array assign to loop
WARR - [#2001: results\3d\distrmix3\distrmix3.f: line -100]: can not convert array assign to loop
WARR - [#2001: results\3d\distrmix3\distrmix3.f: line -101]: can not convert array assign to loop
WARR - [#2001: results\3d\distrmix3\distrmix3.f: line -102]: can not convert array assign to loop
WARR - [#2001: results\3d\distrmix3\distrmix3.f: line -103]: can not convert array assign to loop
WARR - [#2001: results\3d\distrmix3\distrmix3.f: line -104]: can not convert array assign to loop
WARR - [#2001: results\3d\distrmix3\distrmix3.f: line -105]: can not convert array assign to loop
WARR - [#2001: results\3d\distrmix3\distrmix3.f: line -106]: can not convert array assign to loop
WARR - [#2001: results\3d\distrmix3\distrmix3.f: line -107]: can not convert array assign to loop
WARR - [#2001: results\3d\distrmix3\distrmix3.f: line -108]: can not convert array assign to loop
WARR - [#2001: results\3d\distrmix3\distrmix3.f: line -109]: can not convert array assign to loop
WARR - [#2001: results\3d\distrmix3\distrmix3.f: line -110]: can not convert array assign to loop
WARR - [#2001: results\3d\distrmix3\distrmix3.f: line -111]: can not convert array assign to loop
WARR - [#2001: results\3d\distrmix3\distrmix3.f: line -112]: can not convert array assign to loop
WARR - [#2001: results\3d\distrmix3\distrmix3.f: line -113]: can not convert array assign to loop
WARR - [#2001: results\3d\distrmix3\distrmix3.f: line -114]: can not convert array assign to loop
WARR - [#2001: results\3d\distrmix3\distrmix3.f: line -116]: can not convert array assign to loop
WARR - [#2001: results\3d\distrmix3\distrmix3.f: line -117]: can not convert array assign to loop
WARR - [#2001: results\3d\distrmix3\distrmix3.f: line -118]: can not convert array assign to loop
WARR - [#2001: results\3d\distrmix3\distrmix3.f: line -119]: can not convert array assign to loop
WARR - [#2001: results\3d\distrmix3\distrmix3.f: line -120]: can not convert array assign to loop
WARR - [#2001: results\3d\distrmix3\distrmix3.f: line -122]: can not convert array assign to loop
WARR - [#2001: results\3d\distrmix3\distrmix3.f: line -123]: can not convert array assign to loop
WARR - [#2001: results\3d\distrmix3\distrmix3.f: line -124]: can not convert array assign to loop
WARR - [#2001: results\3d\distrmix3\distrmix3.f: line -125]: can not convert array assign to loop
WARR - [#2001: results\3d\distrmix3\distrmix3.f: line -126]: can not convert array assign to loop
WARR - [#2001: results\3d\distrmix3\distrmix3.f: line -127]: can not convert array assign to loop
WARR - [#2001: results\3d\distrmix3\distrmix3.f: line -128]: can not convert array assign to loop
WARR - [#2001: results\3d\distrmix3\distrmix3.f: line -129]: can not convert array assign to loop
WARR - [#2001: results\3d\distrmix3\distrmix3.f: line -130]: can not convert array assign to loop
WARR - [#2001: results\3d\distrmix3\distrmix3.f: line -131]: can not convert array assign to loop
WARR - [#2001: results\3d\distrmix3\distrmix3.f: line -132]: can not convert array assign to loop
WARR - [#2001: results\3d\distrmix3\distrmix3.f: line -133]: can not convert array assign to loop
WARR - [#2001: results\3d\distrmix3\distrmix3.f: line -134]: can not convert array assign to loop
WARR - [#2001: results\3d\distrmix3\distrmix3.f: line -136]: can not convert array assign to loop
WARR - [#2001: results\3d\distrmix3\distrmix3.f: line -137]: can not convert array assign to loop
WARR - [#2001: results\3d\distrmix3\distrmix3.f: line -138]: can not convert array assign to loop
WARR - [#2001: results\3d\distrmix3\distrmix3.f: line -139]: can not convert array assign to loop
WARR - [#2001: results\3d\distrmix3\distrmix3.f: line -140]: can not convert array assign to loop
WARR - [#2001: results\3d\distrmix3\distrmix3.f: line -141]: can not convert array assign to loop
WARR - [#2001: results\3d\distrmix3\distrmix3.f: line -142]: can not convert array assign to loop
WARR - [#2001: results\3d\distrmix3\distrmix3.f: line -143]: can not convert array assign to loop
WARR - [#2001: results\3d\distrmix3\distrmix3.f: line -144]: can not convert array assign to loop
WARR - [#2001: results\3d\distrmix3\distrmix3.f: line -145]: can not convert array assign to loop
WARR - [#2001: results\3d\distrmix3\distrmix3.f: line -146]: can not convert array assign to loop
WARR - [#2001: results\3d\distrmix3\distrmix3.f: line -147]: can not convert array assign to loop
WARR - [#2001: results\3d\distrmix3\distrmix3.f: line -148]: can not convert array assign to loop
WARR - [#2001: results\3d\distrmix3\distrmix3.f: line -149]: can not convert array assign to loop
WARR - [#2001: results\3d\distrmix3\distrmix3.f: line -151]: can not convert array assign to loop
WARR - [#2001: results\3d\distrmix3\distrmix3.f: line -152]: can not convert array assign to loop
WARR - [#2001: results\3d\distrmix3\distrmix3.f: line -153]: can not convert array assign to loop
WARR - [#2001: results\3d\distrmix3\distrmix3.f: line -154]: can not convert array assign to loop
WARR - [#2001: results\3d\distrmix3\distrmix3.f: line -155]: can not convert array assign to loop
WARR - [#2001: results\3d\distrmix3\distrmix3.f: line -156]: can not convert array assign to loop
WARR - [#2001: results\3d\distrmix3\distrmix3.f: line -157]: can not convert array assign to loop
WARR - [#2001: results\3d\distrmix3\distrmix3.f: line -158]: can not convert array assign to loop
WARR - [#2001: results\3d\distrmix3\distrmix3.f: line -159]: can not convert array assign to loop
WARR - [#2001: results\3d\distrmix3\distrmix3.f: line -160]: can not convert array assign to loop
WARR - [#2001: results\3d\distrmix3\distrmix3.f: line -161]: can not convert array assign to loop
WARR - [#2001: results\3d\distrmix3\distrmix3.f: line -162]: can not convert array assign to loop
WARR - [#2001: results\3d\distrmix3\distrmix3.f: line -163]: can not convert array assign to loop
WARR - [#2001: results\3d\distrmix3\distrmix3.f: line -164]: can not convert array assign to loop
WARR - [#2001: results\3d\distrmix3\distrmix3.f: line -166]: can not convert array assign to loop
WARR - [#2001: results\3d\distrmix3\distrmix3.f: line -167]: can not convert array assign to loop
WARR - [#2001: results\3d\distrmix3\distrmix3.f: line -168]: can not convert array assign to loop
WARR - [#2001: results\3d\distrmix3\distrmix3.f: line -169]: can not convert array assign to loop
WARR - [#2001: results\3d\distrmix3\distrmix3.f: line -170]: can not convert array assign to loop
WARR - [#2001: results\3d\distrmix3\distrmix3.f: line -171]: can not convert array assign to loop
WARR - [#2001: results\3d\distrmix3\distrmix3.f: line -172]: can not convert array assign to loop
WARR - [#2001: results\3d\distrmix3\distrmix3.f: line -173]: can not convert array assign to loop
WARR - [#2001: results\3d\distrmix3\distrmix3.f: line -174]: can not convert array assign to loop
WARR - [#2001: results\3d\distrmix3\distrmix3.f: line -175]: can not convert array assign to loop
WARR - [#2001: results\3d\distrmix3\distrmix3.f: line -176]: can not convert array assign to loop
WARR - [#2001: results\3d\distrmix3\distrmix3.f: line -177]: can not convert array assign to loop
WARR - [#2001: results\3d\distrmix3\distrmix3.f: line -178]: can not convert array assign to loop
WARR - [#2001: results\3d\distrmix3\distrmix3.f: line -180]: can not convert array assign to loop
WARR - [#2001: results\3d\distrmix3\distrmix3.f: line -181]: can not convert array assign to loop
WARR - [#2001: results\3d\distrmix3\distrmix3.f: line -182]: can not convert array assign to loop
WARR - [#2001: results\3d\distrmix3\distrmix3.f: line -183]: can not convert array assign to loop
WARR - [#2001: results\3d\distrmix3\distrmix3.f: line -184]: can not convert array assign to loop
WARR - [#2001: results\3d\distrmix3\distrmix3.f: line -185]: can not convert array assign to loop
WARR - [#2001: results\3d\distrmix3\distrmix3.f: line -186]: can not convert array assign to loop
WARR - [#2001: results\3d\distrmix3\distrmix3.f: line -187]: can not convert array assign to loop
WARR - [#2001: results\3d\distrmix3\distrmix3.f: line -188]: can not convert array assign to loop
WARR - [#2001: results\3d\distrmix3\distrmix3.f: line -189]: can not convert array assign to loop
WARR - [#2001: results\3d\distrmix3\distrmix3.f: line -190]: can not convert array assign to loop
WARR - [#2001: results\3d\distrmix3\distrmix3.f: line -191]: can not convert array assign to loop
WARR - [#2001: results\3d\distrmix3\distrmix3.f: line -192]: can not convert array assign to loop
WARR - [#2001: results\3d\distrmix3\distrmix3.f: line -193]: can not convert array assign to loop
WARR - [#2001: results\3d\distrmix3\distrmix3.f: line -194]: can not convert array assign to loop
WARR - [#2001: results\3d\distrmix3\distrmix3.f: line -195]: can not convert array assign to loop
WARR - [#2001: results\3d\distrmix3\distrmix3.f: line -196]: can not convert array assign to loop
WARR - [#2001: results\3d\distrmix3\distrmix3.f: line -197]: can not convert array assign to loop
WARR - [#2001: results\3d\distrmix3\distrmix3.f: line -198]: can not convert array assign to loop
WARR - [#2001: results\3d\distrmix3\distrmix3.f: line -199]: can not convert array assign to loop
WARR - [#2001: results\3d\distrmix3\distrmix3.f: line -200]: can not convert array assign to loop
WARR - [#2001: results\3d\distrmix3\distrmix3.f: line -201]: can not convert array assign to loop
WARR - [#2001: results\3d\distrmix3\distrmix3.f: line -202]: can not convert array assign to loop
WARR - [#2001: results\3d\distrmix3\distrmix3.f: line -203]: can not convert array assign to loop
WARR - [#2001: results\3d\distrmix3\distrmix3.f: line -204]: can not convert array assign to loop
WARR - [#2001: results\3d\distrmix3\distrmix3.f: line -205]: can not convert array assign to loop
WARR - [#2001: results\3d\distrmix3\distrmix3.f: line -206]: can not convert array assign to loop
WARR - [#2001: results\3d\distrmix3\distrmix3.f: line -207]: can not convert array assign to loop
WARR - [#2001: results\3d\distrmix3\distrmix3.f: line -208]: can not convert array assign to loop
WARR - [#2001: results\3d\distrmix3\distrmix3.f: line -209]: can not convert array assign to loop
WARR - [#2001: results\3d\distrmix3\distrmix3.f: line -211]: can not convert array assign to loop
WARR - [#2001: results\3d\distrmix3\distrmix3.f: line -212]: can not convert array assign to loop
WARR - [#2001: results\3d\distrmix3\distrmix3.f: line -213]: can not convert array assign to loop
WARR - [#2001: results\3d\distrmix3\distrmix3.f: line -214]: can not convert array assign to loop
WARR - [#2001: results\3d\distrmix3\distrmix3.f: line -215]: can not convert array assign to loop
WARR - [#2001: results\3d\distrmix3\distrmix3.f: line -216]: can not convert array assign to loop
WARR - [#2001: results\3d\distrmix3\distrmix3.f: line -217]: can not convert array assign to loop
WARR - [#2001: results\3d\distrmix3\distrmix3.f: line -218]: can not convert array assign to loop
WARR - [#2001: results\3d\distrmix3\distrmix3.f: line -219]: can not convert array assign to loop
WARR - [#2001: results\3d\distrmix3\distrmix3.f: line -220]: can not convert array assign to loop
WARR - [#2001: results\3d\distrmix3\distrmix3.f: line -221]: can not convert array assign to loop
WARR - [#2001: results\3d\distrmix3\distrmix3.f: line -222]: can not convert array assign to loop
WARR - [#2001: results\3d\distrmix3\distrmix3.f: line -223]: can not convert array assign to loop
WARR - [#2001: results\3d\distrmix3\distrmix3.f: line -224]: can not convert array assign to loop
WARR - [#2001: results\3d\distrmix3\distrmix3.f: line -225]: can not convert array assign to loop
WARR - [#2001: results\3d\distrmix3\distrmix3.f: line -226]: can not convert array assign to loop
WARR - [#2001: results\3d\distrmix3\distrmix3.f: line -227]: can not convert array assign to loop
WARR - [#2001: results\3d\distrmix3\distrmix3.f: line -228]: can not convert array assign to loop
WARR - [#2001: results\3d\distrmix3\distrmix3.f: line -237]: can not convert array assign to loop
WARR - [#2001: results\3d\distrmix3\distrmix3.f: line -238]: can not convert array assign to loop
WARR - [#2001: results\3d\distrmix3\distrmix3.f: line -239]: can not convert array assign to loop
WARR - [#2001: results\3d\distrmix3\distrmix3.f: line -240]: can not convert array assign to loop
WARR - [#2001: results\3d\distrmix3\distrmix3.f: line -241]: can not convert array assign to loop
WARR - [#2001: results\3d\distrmix3\distrmix3.f: line -242]: can not convert array assign to loop
WARR - [#2001: results\3d\distrmix3\distrmix3.f: line -243]: can not convert array assign to loop
WARR - [#2001: results\3d\distrmix3\distrmix3.f: line -244]: can not convert array assign to loop
WARR - [#2001: results\3d\distrmix3\distrmix3.f: line -245]: can not convert array assign to loop
WARR - [#2001: results\3d\distrmix3\distrmix3.f: line -246]: can not convert array assign to loop
WARR - [#2001: results\3d\distrmix3\distrmix3.f: line -247]: can not convert array assign to loop
WARR - [#2001: results\3d\distrmix3\distrmix3.f: line -248]: can not convert array assign to loop
WARR - [#2001: results\3d\distrmix3\distrmix3.f: line -249]: can not convert array assign to loop
WARR - [#2001: results\3d\distrmix3\distrmix3.f: line -250]: can not convert array assign to loop
WARR - [#2001: results\3d\distrmix3\distrmix3.f: line -251]: can not convert array assign to loop
WARR - [#2001: results\3d\distrmix3\distrmix3.f: line -260]: can not convert array assign to loop
WARR - [#2001: results\3d\distrmix3\distrmix3.f: line -261]: can not convert array assign to loop
WARR - [#2001: results\3d\distrmix3\distrmix3.f: line -262]: can not convert array assign to loop
WARR - [#2001: results\3d\distrmix3\distrmix3.f: line -263]: can not convert array assign to loop
WARR - [#2001: results\3d\distrmix3\distrmix3.f: line -264]: can not convert array assign to loop
WARR - [#2001: results\3d\distrmix3\distrmix3.f: line -265]: can not convert array assign to loop
WARR - [#2001: results\3d\distrmix3\distrmix3.f: line -266]: can not convert array assign to loop
WARR - [#2001: results\3d\distrmix3\distrmix3.f: line -267]: can not convert array assign to loop
WARR - [#2001: results\3d\distrmix3\distrmix3.f: line -268]: can not convert array assign to loop
WARR - [#2001: results\3d\distrmix3\distrmix3.f: line -269]: can not convert array assign to loop
WARR - [#2001: results\3d\distrmix3\distrmix3.f: line -270]: can not convert array assign to loop
WARR - [#2001: results\3d\distrmix3\distrmix3.f: line -271]: can not convert array assign to loop
WARR - [#2001: results\3d\distrmix3\distrmix3.f: line -272]: can not convert array assign to loop
WARR - [#2001: results\3d\distrmix3\distrmix3.f: line -273]: can not convert array assign to loop
WARR - [#2001: results\3d\distrmix3\distrmix3.f: line -274]: can not convert array assign to loop
WARR - [#2001: results\3d\distrmix3\distrmix3.f: line -283]: can not convert array assign to loop
WARR - [#2001: results\3d\distrmix3\distrmix3.f: line -284]: can not convert array assign to loop
WARR - [#2001: results\3d\distrmix3\distrmix3.f: line -285]: can not convert array assign to loop
WARR - [#2001: results\3d\distrmix3\distrmix3.f: line -286]: can not convert array assign to loop
WARR - [#2001: results\3d\distrmix3\distrmix3.f: line -287]: can not convert array assign to loop
WARR - [#2001: results\3d\distrmix3\distrmix3.f: line -288]: can not convert array assign to loop
WARR - [#2001: results\3d\distrmix3\distrmix3.f: line -289]: can not convert array assign to loop
WARR - [#2001: results\3d\distrmix3\distrmix3.f: line -290]: can not convert array assign to loop
WARR - [#2001: results\3d\distrmix3\distrmix3.f: line -291]: can not convert array assign to loop
WARR - [#2001: results\3d\distrmix3\distrmix3.f: line -292]: can not convert array assign to loop
WARR - [#2001: results\3d\distrmix3\distrmix3.f: line -293]: can not convert array assign to loop
WARR - [#2001: results\3d\distrmix3\distrmix3.f: line -294]: can not convert array assign to loop
WARR - [#2001: results\3d\distrmix3\distrmix3.f: line -295]: can not convert array assign to loop
WARR - [#2001: results\3d\distrmix3\distrmix3.f: line -296]: can not convert array assign to loop
WARR - [#2001: results\3d\distrmix3\distrmix3.f: line -297]: can not convert array assign to loop
WARR - [#2001: results\3d\distrmix3\distrmix3.f: line -306]: can not convert array assign to loop
WARR - [#2001: results\3d\distrmix3\distrmix3.f: line -307]: can not convert array assign to loop
WARR - [#2001: results\3d\distrmix3\distrmix3.f: line -308]: can not convert array assign to loop
WARR - [#2001: results\3d\distrmix3\distrmix3.f: line -309]: can not convert array assign to loop
WARR - [#2001: results\3d\distrmix3\distrmix3.f: line -310]: can not convert array assign to loop
WARR - [#2001: results\3d\distrmix3\distrmix3.f: line -311]: can not convert array assign to loop
WARR - [#2001: results\3d\distrmix3\distrmix3.f: line -312]: can not convert array assign to loop
WARR - [#2001: results\3d\distrmix3\distrmix3.f: line -313]: can not convert array assign to loop
WARR - [#2001: results\3d\distrmix3\distrmix3.f: line -314]: can not convert array assign to loop
WARR - [#2001: results\3d\distrmix3\distrmix3.f: line -315]: can not convert array assign to loop
WARR - [#2001: results\3d\distrmix3\distrmix3.f: line -316]: can not convert array assign to loop
WARR - [#2001: results\3d\distrmix3\distrmix3.f: line -317]: can not convert array assign to loop
WARR - [#2001: results\3d\distrmix3\distrmix3.f: line -318]: can not convert array assign to loop
WARR - [#2001: results\3d\distrmix3\distrmix3.f: line -319]: can not convert array assign to loop
WARR - [#2001: results\3d\distrmix3\distrmix3.f: line -320]: can not convert array assign to loop
WARR - [#2001: results\3d\distrmix3\distrmix3.f: line -322]: can not convert array assign to loop
WARR - [#2001: results\3d\distrmix3\distrmix3.f: line -323]: can not convert array assign to loop
WARR - [#2001: results\3d\distrmix3\distrmix3.f: line -324]: can not convert array assign to loop
WARR - [#2001: results\3d\distrmix3\distrmix3.f: line -325]: can not convert array assign to loop
WARR - [#2001: results\3d\distrmix3\distrmix3.f: line -326]: can not convert array assign to loop
WARR - [#2001: results\3d\distrmix3\distrmix3.f: line -327]: can not convert array assign to loop
WARR - [#2001: results\3d\distrmix3\distrmix3.f: line -328]: can not convert array assign to loop
WARR - [#2001: results\3d\distrmix3\distrmix3.f: line -329]: can not convert array assign to loop
WARR - [#2001: results\3d\distrmix3\distrmix3.f: line -330]: can not convert array assign to loop
WARR - [#2001: results\3d\distrmix3\distrmix3.f: line -331]: can not convert array assign to loop
WARR - [#2001: results\3d\distrmix3\distrmix3.f: line -332]: can not convert array assign to loop
WARR - [#2001: results\3d\distrmix3\distrmix3.f: line -333]: can not convert array assign to loop
WARR - [#2001: results\3d\distrmix3\distrmix3.f: line -334]: can not convert array assign to loop
WARR - [#2001: results\3d\distrmix3\distrmix3.f: line -335]: can not convert array assign to loop
WARR - [#2001: results\3d\distrmix3\distrmix3.f: line -336]: can not convert array assign to loop
WARR - [#2001: results\3d\distrmix3\distrmix3.f: line -337]: can not convert array assign to loop
WARR - [#2001: results\3d\distrmix3\distrmix3.f: line -338]: can not convert array assign to loop
WARR - [#2001: results\3d\distrmix3\distrmix3.f: line -339]: can not convert array assign to loop
WARR - [#2001: results\3d\distrmix3\distrmix3.f: line -340]: can not convert array assign to loop
WARR - [#2001: results\3d\distrmix3\distrmix3.f: line -341]: can not convert array assign to loop
WARR - [#2001: results\3d\distrmix3\distrmix3.f: line -342]: can not convert array assign to loop
WARR - [#2001: results\3d\distrmix3\distrmix3.f: line -343]: can not convert array assign to loop
WARR - [#2001: results\3d\distrmix3\distrmix3.f: line -344]: can not convert array assign to loop
WARR - [#2001: results\3d\distrmix3\distrmix3.f: line -345]: can not convert array assign to loop
WARR - [#2001: results\3d\distrmix3\distrmix3.f: line -346]: can not convert array assign to loop
WARR - [#2001: results\3d\distrmix3\distrmix3.f: line -347]: can not convert array assign to loop
WARR - [#2001: results\3d\distrmix3\distrmix3.f: line -348]: can not convert array assign to loop
WARR - [#2001: results\3d\distrmix3\distrmix3.f: line -357]: can not convert array assign to loop
WARR - [#2001: results\3d\distrmix3\distrmix3.f: line -358]: can not convert array assign to loop
WARR - [#2001: results\3d\distrmix3\distrmix3.f: line -359]: can not convert array assign to loop
WARR - [#2001: results\3d\distrmix3\distrmix3.f: line -360]: can not convert array assign to loop
WARR - [#2001: results\3d\distrmix3\distrmix3.f: line -361]: can not convert array assign to loop
WARR - [#2001: results\3d\distrmix3\distrmix3.f: line -362]: can not convert array assign to loop
WARR - [#2001: results\3d\distrmix3\distrmix3.f: line -363]: can not convert array assign to loop
WARR - [#2001: results\3d\distrmix3\distrmix3.f: line -364]: can not convert array assign to loop
WARR - [#2001: results\3d\distrmix3\distrmix3.f: line -365]: can not convert array assign to loop
WARR - [#2001: results\3d\distrmix3\distrmix3.f: line -366]: can not convert array assign to loop
WARR - [#2001: results\3d\distrmix3\distrmix3.f: line -367]: can not convert array assign to loop
WARR - [#2001: results\3d\distrmix3\distrmix3.f: line -368]: can not convert array assign to loop
WARR - [#2001: results\3d\distrmix3\distrmix3.f: line -369]: can not convert array assign to loop
WARR - [#2001: results\3d\distrmix3\distrmix3.f: line -370]: can not convert array assign to loop
WARR - [#2001: results\3d\distrmix3\distrmix3.f: line -371]: can not convert array assign to loop
WARR - [#2001: results\3d\distrmix3\distrmix3.f: line -372]: can not convert array assign to loop
WARR - [#2001: results\3d\distrmix3\distrmix3.f: line -373]: can not convert array assign to loop
WARR - [#2001: results\3d\distrmix3\distrmix3.f: line -374]: can not convert array assign to loop
WARR - [#2001: results\3d\distrmix3\distrmix3.f: line -375]: can not convert array assign to loop
WARR - [#2001: results\3d\distrmix3\distrmix3.f: line -376]: can not convert array assign to loop
WARR - [#2001: results\3d\distrmix3\distrmix3.f: line -377]: can not convert array assign to loop
WARR - [#2001: results\3d\distrmix3\distrmix3.f: line -378]: can not convert array assign to loop
WARR - [#2001: results\3d\distrmix3\distrmix3.f: line -379]: can not convert array assign to loop
WARR - [#2001: results\3d\distrmix3\distrmix3.f: line -380]: can not convert array assign to loop
WARR - [#2001: results\3d\distrmix3\distrmix3.f: line -381]: can not convert array assign to loop
WARR - [#1049: results\3d\distrmix3\distrmix3.f: line 3397]: Function is impure due to this operator usage
WARR - [#1049: results\3d\distrmix3\distrmix3.f: line 3402]: Function is impure due to this operator usage
WARR - [#1049: results\3d\distrmix3\distrmix3.f: line 3397]: Function is impure due to this operator usage
WARR - [#1049: results\3d\distrmix3\distrmix3.f: line 3402]: Function is impure due to this operator usage
WARR - [#1049: results\3d\distrmix3\distrmix3.f: line 3397]: Function is impure due to this operator usage
WARR - [#1049: results\3d\distrmix3\distrmix3.f: line 3402]: Function is impure due to this operator usage
WARR - [#1015: results\3d\distrmix3\distrmix3.f: line 2194]: This function is not called in current project
WARR - [#1015: results\3d\distrmix3\distrmix3.f: line 3400]: This function is not called in current project
NOTE - [#3006: results\3d\distrmix3\distrmix3.f: line 68]: internal/external moves via GOTO or EXIT operations prevent parallelization of this loop

--------------------------------------------------
INFO.JSON file copied from ./info.json to ./results\3d\distrmix3\info.json

==================================================
Processing of distrmix3.f completed successfully at 2025-04-23 11:57:18
