=== Processing file: distrgen1.f ===
Date and time: 2025-04-23 11:54:35
Dimension: 1d
==================================================

Copied ./sources\1d\distrgen1.f to ./results\1d\distrgen1\distrgen1.f
Command: gfortran -O3 -g -fprofile-arcs -ftest-coverage "./results\1d\distrgen1\distrgen1.f" -o "./results\1d\distrgen1\distrgen1"
Output: 

--------------------------------------------------
Command: "./results\1d\distrgen1\distrgen1"
Output: 
 ===START OF distrgen1 ========================
 distrg11    -  complete
 distrg12    -  complete
 distrg13    -  complete
 distrg14    -  complete
 distrg15    -  complete
 distrg151   -  complete
 distrg152   -  complete
 distrg21    -  complete
 distrg22    -  complete
 distrg23    -  complete
 distrg24    -  complete
 === END OF distrgen1 ========================= 

--------------------------------------------------
Command: gcov -b "./results\1d\distrgen1\distrgen1.f"
Output: 
File 'results/1d/distrgen1/distrgen1.f'
Lines executed:87.98% of 208
Branches executed:100.00% of 184
Taken at least once:70.11% of 184
Calls executed:48.61% of 72
Creating 'distrgen1.f.gcov'

Lines executed:87.98% of 208

--------------------------------------------------
GCOV file copied from ./distrgen1.f.gcov to ./results\1d\distrgen1\distrgen1.f.gcov
Command: "../SAPFOR/_bin/Release/Sapfor_F.exe" -parse -spf "./results\1d\distrgen1\distrgen1.f"
Output: 
SAPFOR version is 2410, build date: Apr 23 2025 11:52:44, c++ version 201703
  parse file './results\1d\distrgen1\distrgen1.f'
  options: -spf 
files compilation order:
  ./results\1d\distrgen1\distrgen1.f
Parsing was completed successfully

--------------------------------------------------
Command: "../SAPFOR/_bin/Release/Sapfor_F.exe" -passN GET_STATS_FOR_PREDICTOR -keepDVM
Output: 
SAPFOR version is 2410, build date: Apr 23 2025 11:52:44, c++ version 201703
code for pass GET_STATS_FOR_PREDICTOR is 79
RUN PASS with name VERIFY_FUNC_DECL
  Analyzing: results\1d\distrgen1\distrgen1.f
PROFILE: time for this pass = 0.000000 sec (total 0.003000 sec)
RUN PASS with name FILE_LINE_INFO
  Analyzing: results\1d\distrgen1\distrgen1.f
  All lines in project 979
PROFILE: time for this pass = 0.000000 sec (total 0.003000 sec)
RUN PASS with name BUILD_INCLUDE_DEPENDENCIES
  Analyzing: results\1d\distrgen1\distrgen1.f
PROFILE: time for this pass = 0.001000 sec (total 0.004000 sec)
RUN PASS with name CORRECT_VAR_DECL
  Analyzing: results\1d\distrgen1\distrgen1.f
PROFILE: time for this pass = 0.000000 sec (total 0.005000 sec)
RUN PASS with name VERIFY_OPERATORS
  Analyzing: results\1d\distrgen1\distrgen1.f
PROFILE: time for this pass = 0.000000 sec (total 0.006000 sec)
RUN PASS with name VERIFY_ENDDO
  Analyzing: results\1d\distrgen1\distrgen1.f
PROFILE: time for this pass = 0.000000 sec (total 0.006000 sec)
RUN PASS with name VERIFY_INCLUDES
  Analyzing: results\1d\distrgen1\distrgen1.f
PROFILE: time for this pass = 0.000000 sec (total 0.007000 sec)
RUN PASS with name PREPROC_ALLOCATES
  Analyzing: results\1d\distrgen1\distrgen1.f
  attribute (97 results\1d\distrgen1\distrgen1.f) is added to declaration on line 91 of results\1d\distrgen1\distrgen1.f file
  attribute (168 results\1d\distrgen1\distrgen1.f) is added to declaration on line 91 of results\1d\distrgen1\distrgen1.f file
  attribute (194 results\1d\distrgen1\distrgen1.f) is added to declaration on line 188 of results\1d\distrgen1\distrgen1.f file
  attribute (247 results\1d\distrgen1\distrgen1.f) is added to declaration on line 188 of results\1d\distrgen1\distrgen1.f file
  attribute (275 results\1d\distrgen1\distrgen1.f) is added to declaration on line 269 of results\1d\distrgen1\distrgen1.f file
  attribute (346 results\1d\distrgen1\distrgen1.f) is added to declaration on line 269 of results\1d\distrgen1\distrgen1.f file
  attribute (371 results\1d\distrgen1\distrgen1.f) is added to declaration on line 365 of results\1d\distrgen1\distrgen1.f file
  attribute (426 results\1d\distrgen1\distrgen1.f) is added to declaration on line 365 of results\1d\distrgen1\distrgen1.f file
  attribute (453 results\1d\distrgen1\distrgen1.f) is added to declaration on line 447 of results\1d\distrgen1\distrgen1.f file
  attribute (511 results\1d\distrgen1\distrgen1.f) is added to declaration on line 447 of results\1d\distrgen1\distrgen1.f file
  attribute (539 results\1d\distrgen1\distrgen1.f) is added to declaration on line 533 of results\1d\distrgen1\distrgen1.f file
  attribute (597 results\1d\distrgen1\distrgen1.f) is added to declaration on line 533 of results\1d\distrgen1\distrgen1.f file
  attribute (625 results\1d\distrgen1\distrgen1.f) is added to declaration on line 619 of results\1d\distrgen1\distrgen1.f file
  attribute (683 results\1d\distrgen1\distrgen1.f) is added to declaration on line 619 of results\1d\distrgen1\distrgen1.f file
  attribute (708 results\1d\distrgen1\distrgen1.f) is added to declaration on line 702 of results\1d\distrgen1\distrgen1.f file
  attribute (753 results\1d\distrgen1\distrgen1.f) is added to declaration on line 702 of results\1d\distrgen1\distrgen1.f file
  attribute (777 results\1d\distrgen1\distrgen1.f) is added to declaration on line 771 of results\1d\distrgen1\distrgen1.f file
  attribute (824 results\1d\distrgen1\distrgen1.f) is added to declaration on line 771 of results\1d\distrgen1\distrgen1.f file
  attribute (847 results\1d\distrgen1\distrgen1.f) is added to declaration on line 841 of results\1d\distrgen1\distrgen1.f file
  attribute (896 results\1d\distrgen1\distrgen1.f) is added to declaration on line 841 of results\1d\distrgen1\distrgen1.f file
  attribute (919 results\1d\distrgen1\distrgen1.f) is added to declaration on line 913 of results\1d\distrgen1\distrgen1.f file
  attribute (966 results\1d\distrgen1\distrgen1.f) is added to declaration on line 913 of results\1d\distrgen1\distrgen1.f file
PROFILE: time for this pass = 0.000000 sec (total 0.008000 sec)
RUN PASS with name CHECK_PAR_REG_DIR
  Analyzing: results\1d\distrgen1\distrgen1.f
PROFILE: time for this pass = 0.000000 sec (total 0.009000 sec)
RUN PASS with name FILL_PARALLEL_REG_IR
  Analyzing: results\1d\distrgen1\distrgen1.f
PROFILE: time for this pass = 0.001000 sec (total 0.010000 sec)
RUN PASS with name GET_ALL_ARRAY_DECL
  Analyzing: results\1d\distrgen1\distrgen1.f
PROFILE: time for this pass = 0.004000 sec (total 0.014000 sec)
RUN PASS with name FILL_COMMON_BLOCKS
  Analyzing: results\1d\distrgen1\distrgen1.f
PROFILE: time for this pass = 0.000000 sec (total 0.015000 sec)
RUN PASS with name PARSE_OMP_DIRS
  Analyzing: results\1d\distrgen1\distrgen1.f
PROFILE: time for this pass = 0.000000 sec (total 0.016000 sec)
RUN PASS with name PREPROC_SPF
  Analyzing: results\1d\distrgen1\distrgen1.f
PROFILE: time for this pass = 0.000000 sec (total 0.016000 sec)
RUN PASS with name CREATE_INTER_TREE
  Analyzing: results\1d\distrgen1\distrgen1.f
PROFILE: time for this pass = 0.003000 sec (total 0.020000 sec)
RUN PASS with name GCOV_PARSER
  Analyzing: results\1d\distrgen1\distrgen1.f
   Error: unable to open file statistic.txt
PROFILE: time for this pass = 0.002000 sec (total 0.022000 sec)
RUN PASS with name VERIFY_FORMAT
  Analyzing: results\1d\distrgen1\distrgen1.f
PROFILE: time for this pass = 0.000000 sec (total 0.022000 sec)
RUN PASS with name VERIFY_DVM_DIRS
  Analyzing: results\1d\distrgen1\distrgen1.f
PROFILE: time for this pass = 0.000000 sec (total 0.023000 sec)
RUN PASS with name PRIVATE_CALL_GRAPH_STAGE1
  Analyzing: results\1d\distrgen1\distrgen1.f
PROFILE: time for this pass = 0.000000 sec (total 0.024000 sec)
RUN PASS with name PRIVATE_CALL_GRAPH_STAGE2
  Analyzing: results\1d\distrgen1\distrgen1.f
PROFILE: time for this pass = 0.000000 sec (total 0.024000 sec)
RUN PASS with name MACRO_EXPANSION
  Analyzing: results\1d\distrgen1\distrgen1.f
PROFILE: time for this pass = 0.000000 sec (total 0.025000 sec)
RUN PASS with name CONVERT_ASSIGN_TO_LOOP
  Analyzing: results\1d\distrgen1\distrgen1.f
WARN: can not convert array assign to loop on line -3
WARN: can not convert array assign to loop on line -4
WARN: can not convert array assign to loop on line -5
WARN: can not convert array assign to loop on line -6
WARN: can not convert array assign to loop on line -7
WARN: can not convert array assign to loop on line -8
WARN: can not convert array assign to loop on line -9
WARN: can not convert array assign to loop on line -10
was on line 114 file results\1d\distrgen1\distrgen1.f
      a1 = 5
      do  i_0 = 0,15
         a1(i_0 + 1) = 5
      enddo  
WARN: can not convert array assign to loop on line -15
WARN: can not convert array assign to loop on line -16
WARN: can not convert array assign to loop on line -17
WARN: can not convert array assign to loop on line -18
WARN: can not convert array assign to loop on line -20
WARN: can not convert array assign to loop on line -21
WARN: can not convert array assign to loop on line -22
WARN: can not convert array assign to loop on line -23
WARN: can not convert array assign to loop on line -24
WARN: can not convert array assign to loop on line -25
WARN: can not convert array assign to loop on line -26
WARN: can not convert array assign to loop on line -27
was on line 292 file results\1d\distrgen1\distrgen1.f
      a1 = 3
      do  i_1 = 0,23
         a1(i_1 + 1) = 3
      enddo  
WARN: can not convert array assign to loop on line -32
WARN: can not convert array assign to loop on line -33
WARN: can not convert array assign to loop on line -34
WARN: can not convert array assign to loop on line -35
was on line 373 file results\1d\distrgen1\distrgen1.f
      a1 = 4
      do  i_2 = 0,12
         a1(i_2 + 1) = 4
      enddo  
WARN: can not convert array assign to loop on line -40
WARN: can not convert array assign to loop on line -41
WARN: can not convert array assign to loop on line -42
WARN: can not convert array assign to loop on line -43
WARN: can not convert array assign to loop on line -44
WARN: can not convert array assign to loop on line -45
WARN: can not convert array assign to loop on line -46
WARN: can not convert array assign to loop on line -47
WARN: can not convert array assign to loop on line -49
WARN: can not convert array assign to loop on line -50
WARN: can not convert array assign to loop on line -51
WARN: can not convert array assign to loop on line -52
WARN: can not convert array assign to loop on line -53
WARN: can not convert array assign to loop on line -54
WARN: can not convert array assign to loop on line -55
WARN: can not convert array assign to loop on line -56
WARN: can not convert array assign to loop on line -58
WARN: can not convert array assign to loop on line -59
WARN: can not convert array assign to loop on line -60
WARN: can not convert array assign to loop on line -61
WARN: can not convert array assign to loop on line -62
WARN: can not convert array assign to loop on line -63
WARN: can not convert array assign to loop on line -64
WARN: can not convert array assign to loop on line -65
WARN: can not convert array assign to loop on line -67
WARN: can not convert array assign to loop on line -68
WARN: can not convert array assign to loop on line -69
WARN: can not convert array assign to loop on line -70
WARN: can not convert array assign to loop on line -72
WARN: can not convert array assign to loop on line -73
WARN: can not convert array assign to loop on line -74
WARN: can not convert array assign to loop on line -75
WARN: can not convert array assign to loop on line -77
WARN: can not convert array assign to loop on line -78
WARN: can not convert array assign to loop on line -79
WARN: can not convert array assign to loop on line -80
WARN: can not convert array assign to loop on line -83
WARN: can not convert array assign to loop on line -84
WARN: can not convert array assign to loop on line -85
WARN: can not convert array assign to loop on line -86
PROFILE: time for this pass = 0.003000 sec (total 0.028000 sec)
RUN PASS with name DEF_USE_STAGE1
  Analyzing: results\1d\distrgen1\distrgen1.f
PROFILE: time for this pass = 0.003000 sec (total 0.032000 sec)
RUN PASS with name DEF_USE_STAGE2
  Analyzing: results\1d\distrgen1\distrgen1.f
PROFILE: time for this pass = 0.000000 sec (total 0.033000 sec)
RUN PASS with name VERIFY_COMMON
  Analyzing: results\1d\distrgen1\distrgen1.f
PROFILE: time for this pass = 0.000000 sec (total 0.034000 sec)
RUN PASS with name CALL_GRAPH_IR
  Analyzing: results\1d\distrgen1\distrgen1.f
PROFILE: time for this pass = 0.003000 sec (total 0.037000 sec)
RUN PASS with name BUILD_IR
  Analyzing: results\1d\distrgen1\distrgen1.f
  count of functions 14, count of lvls 3
     RD time for 'ansyes' function is 0.000 sec, iters 1
     RD time for 'ansno' function is 0.000 sec, iters 1

     RD time for 'distrg11' function is 0.000 sec, iters 3
     RD time for 'distrg12' function is 0.000 sec, iters 3
     RD time for 'distrg14' function is 0.000 sec, iters 3
     RD time for 'distrg13' function is 0.000 sec, iters 3
     RD time for 'distrg23' function is 0.000 sec, iters 4
     RD time for 'distrg15' function is 0.000 sec, iters 3
     RD time for 'distrg24' function is 0.000 sec, iters 4
     RD time for 'distrg21' function is 0.000 sec, iters 4
     RD time for 'distrg151' function is 0.000 sec, iters 3
     RD time for 'distrg152' function is 0.000 sec, iters 3
     RD time for 'distrg22' function is 0.000 sec, iters 4

     RD time for 'distrgen1' function is 0.000 sec, iters 2

PROFILE: time for this pass = 0.004000 sec (total 0.042000 sec)
RUN PASS with name SUBST_EXPR_RD
  Analyzing: results\1d\distrgen1\distrgen1.f
PROFILE: time for this pass = 0.002000 sec (total 0.044000 sec)
RUN PASS with name LOOP_GRAPH
  Analyzing: results\1d\distrgen1\distrgen1.f
PROFILE: time for this pass = 0.002000 sec (total 0.046000 sec)
RUN PASS with name CALL_GRAPH
  Analyzing: results\1d\distrgen1\distrgen1.f
PROFILE: time for this pass = 0.003000 sec (total 0.049000 sec)
RUN PASS with name CALL_GRAPH2
  Analyzing: results\1d\distrgen1\distrgen1.f
  run for func distrgen1
  run for func distrg11
  run for func distrg12
  run for func distrg13
  run for func distrg14
  run for func distrg15
  run for func distrg151
  run for func distrg152
  run for func distrg21
  run for func distrg22
  run for func distrg23
  run for func distrg24
  run for func ansyes
  run for func ansno
PROFILE: time for this pass = 0.001000 sec (total 0.051000 sec)
RUN PASS with name GET_STATS_FOR_PREDICTOR
  Analyzing: results\1d\distrgen1\distrgen1.f
    PAR LOOP [120 results\1d\distrgen1\distrgen1.f] total exec 34, total exec lines 2, avg 1.7000000000000000e+01
    PAR LOOP [129 results\1d\distrgen1\distrgen1.f] total exec 34, total exec lines 2, avg 1.7000000000000000e+01
    PAR LOOP [153 results\1d\distrgen1\distrgen1.f] total exec 51, total exec lines 4, avg 1.2750000000000000e+01
    PAR LOOP [198 results\1d\distrgen1\distrgen1.f] total exec 30, total exec lines 2, avg 1.5000000000000000e+01
    PAR LOOP [220 results\1d\distrgen1\distrgen1.f] total exec 30, total exec lines 2, avg 1.5000000000000000e+01
    PAR LOOP [231 results\1d\distrgen1\distrgen1.f] total exec 59, total exec lines 5, avg 1.1800000000000001e+01
    PAR LOOP [298 results\1d\distrgen1\distrgen1.f] total exec 50, total exec lines 2, avg 2.5000000000000000e+01
    PAR LOOP [307 results\1d\distrgen1\distrgen1.f] total exec 50, total exec lines 2, avg 2.5000000000000000e+01
    PAR LOOP [331 results\1d\distrgen1\distrgen1.f] total exec 75, total exec lines 4, avg 1.8750000000000000e+01
    PAR LOOP [379 results\1d\distrgen1\distrgen1.f] total exec 28, total exec lines 2, avg 1.4000000000000000e+01
    PAR LOOP [399 results\1d\distrgen1\distrgen1.f] total exec 28, total exec lines 2, avg 1.4000000000000000e+01
    PAR LOOP [410 results\1d\distrgen1\distrgen1.f] total exec 55, total exec lines 5, avg 1.1000000000000000e+01
    PAR LOOP [472 results\1d\distrgen1\distrgen1.f] total exec 32, total exec lines 2, avg 1.6000000000000000e+01
    PAR LOOP [496 results\1d\distrgen1\distrgen1.f] total exec 48, total exec lines 4, avg 1.2000000000000000e+01
    PAR LOOP [558 results\1d\distrgen1\distrgen1.f] total exec 20, total exec lines 2, avg 1.0000000000000000e+01
    PAR LOOP [582 results\1d\distrgen1\distrgen1.f] total exec 30, total exec lines 4, avg 7.5000000000000000e+00
    PAR LOOP [644 results\1d\distrgen1\distrgen1.f] total exec 22, total exec lines 2, avg 1.1000000000000000e+01
    PAR LOOP [668 results\1d\distrgen1\distrgen1.f] total exec 33, total exec lines 4, avg 8.2500000000000000e+00
    PAR LOOP [712 results\1d\distrgen1\distrgen1.f] total exec 227, total exec lines 4, avg 5.6750000000000000e+01
    PAR LOOP [736 results\1d\distrgen1\distrgen1.f] total exec 299, total exec lines 6, avg 4.9833333333333336e+01
    PAR LOOP [781 results\1d\distrgen1\distrgen1.f] total exec 283, total exec lines 4, avg 7.0750000000000000e+01
    PAR LOOP [807 results\1d\distrgen1\distrgen1.f] total exec 374, total exec lines 6, avg 6.2333333333333336e+01
    PAR LOOP [866 results\1d\distrgen1\distrgen1.f] total exec 227, total exec lines 4, avg 5.6750000000000000e+01
    PAR LOOP [879 results\1d\distrgen1\distrgen1.f] total exec 299, total exec lines 6, avg 4.9833333333333336e+01
    PAR LOOP [923 results\1d\distrgen1\distrgen1.f] total exec 459, total exec lines 4, avg 1.1475000000000000e+02
    PAR LOOP [949 results\1d\distrgen1\distrgen1.f] total exec 609, total exec lines 6, avg 1.0150000000000000e+02
    average_parallel_exec 3.7891304347826086e+01
    parallel_rate 8.8905891354246369e-01
PROFILE: time for this pass = 0.011000 sec (total 0.063000 sec)

--------------------------------------------------
INFO.JSON file copied from ./info.json to ./results\1d\distrgen1\info.json

==================================================
Processing of distrgen1.f completed successfully at 2025-04-23 11:54:46
