=== Processing file: f2c_do.f ===
Date and time: 2025-04-18 17:42:00
Dimension: 1d
==================================================

Copied ./sources\1d\f2c_do.f to ./results\1d\f2c_do\f2c_do.f
Command: gfortran -O3 -g -fprofile-arcs -ftest-coverage "./results\1d\f2c_do\f2c_do.f" -o "./results\1d\f2c_do\f2c_do"
Output: 

Error output: 
./results\1d\f2c_do\f2c_do.f:190:72:

  190 | 102            A1(i) = A1(i) + ia + (i-5)
      |                                                                        1
Warning: Fortran 2018 deleted feature: DO termination statement which is not END DO or CONTINUE with label 102 at (1)
./results\1d\f2c_do\f2c_do.f:197:72:

  197 | 202             B1(i) = B1(i) + ia + (i-5)
      |                                                                        1
Warning: Fortran 2018 deleted feature: DO termination statement which is not END DO or CONTINUE with label 202 at (1)
./results\1d\f2c_do\f2c_do.f:447:72:

  447 |             do 107, j = ia, A1(i)
      |                                                                        1
Warning: Fortran 2018 deleted feature: Shared DO termination label 107 at (1)
./results\1d\f2c_do\f2c_do.f:448:72:

  448 | 107             n = n+1
      |                                                                        1
Warning: Fortran 2018 deleted feature: DO termination statement which is not END DO or CONTINUE with label 107 at (1)
./results\1d\f2c_do\f2c_do.f:456:72:

  456 |             do 207, j = ia, B1(i)
      |                                                                        1
Warning: Fortran 2018 deleted feature: Shared DO termination label 207 at (1)
./results\1d\f2c_do\f2c_do.f:457:72:

  457 | 207             n = n+1
      |                                                                        1
Warning: Fortran 2018 deleted feature: DO termination statement which is not END DO or CONTINUE with label 207 at (1)

--------------------------------------------------
Command: "./results\1d\f2c_do\f2c_do"
Output: 
 ===START OF F2C_DO========================
 do_enddo            -  complete
 do_continue         -  complete
 do_without_end      -  complete
 do_value_iter       -  complete
 do_with_same_step1  -  complete
 do_with_same_step2  -  complete
 do_multi            -  complete
 do_cycle_stmt_1     -  complete
 do_cycle_stmt_2     -  complete
 do_exit_stmt        -  complete
 do_while_true       -  complete
 do_while_expr       -  complete
 === END OF F2C_DO ========================= 

--------------------------------------------------
Command: gcov -b "./results\1d\f2c_do\f2c_do.f"
Output: 
File 'results/1d/f2c_do/f2c_do.f'
Lines executed:93.06% of 360
Branches executed:100.00% of 346
Taken at least once:76.88% of 346
Calls executed:37.00% of 100
Creating 'f2c_do.f.gcov'

Lines executed:93.06% of 360

--------------------------------------------------
GCOV file copied from ./f2c_do.f.gcov to ./results\1d\f2c_do\f2c_do.f.gcov
Command: "../SAPFOR/_bin/Release/Sapfor_F.exe" -parse -spf "./results\1d\f2c_do\f2c_do.f"
Output: 
SAPFOR version is 2409, build date: Apr 17 2025 18:48:12, c++ version 201703
  parse file './results\1d\f2c_do\f2c_do.f'
  options: -spf 
files compilation order:
  ./results\1d\f2c_do\f2c_do.f
Parsing was completed successfully

--------------------------------------------------
Command: "../SAPFOR/_bin/Release/Sapfor_F.exe" -passN GET_STATS_FOR_PREDICTOR -keepDVM
Output: 
SAPFOR version is 2409, build date: Apr 17 2025 18:48:12, c++ version 201703
code for pass GET_STATS_FOR_PREDICTOR is 79
RUN PASS with name VERIFY_FUNC_DECL
  Analyzing: results\1d\f2c_do\f2c_do.f
PROFILE: time for this pass = 0.000000 sec (total 0.002000 sec)
RUN PASS with name FILE_LINE_INFO
  Analyzing: results\1d\f2c_do\f2c_do.f
  All lines in project 824
PROFILE: time for this pass = 0.000000 sec (total 0.003000 sec)
RUN PASS with name BUILD_INCLUDE_DEPENDENCIES
  Analyzing: results\1d\f2c_do\f2c_do.f
PROFILE: time for this pass = 0.000000 sec (total 0.003000 sec)
RUN PASS with name CORRECT_VAR_DECL
  Analyzing: results\1d\f2c_do\f2c_do.f
PROFILE: time for this pass = 0.000000 sec (total 0.004000 sec)
RUN PASS with name VERIFY_OPERATORS
  Analyzing: results\1d\f2c_do\f2c_do.f
PROFILE: time for this pass = 0.000000 sec (total 0.004000 sec)
RUN PASS with name VERIFY_ENDDO
  Analyzing: results\1d\f2c_do\f2c_do.f
  ERROR: Loop on line 127 does not have END DO
  ERROR: Loop on line 134 does not have END DO
  ERROR: Loop on line 189 does not have END DO
  ERROR: Loop on line 196 does not have END DO
  ERROR: Loop on line 446 does not have END DO
  ERROR: Loop on line 447 does not have END DO
  ERROR: Loop on line 455 does not have END DO
  ERROR: Loop on line 456 does not have END DO
exception occurred
ERROR - [#1018: results\1d\f2c_do\f2c_do.f: line 127]: This loop does not have END DO format
ERROR - [#1018: results\1d\f2c_do\f2c_do.f: line 134]: This loop does not have END DO format
ERROR - [#1018: results\1d\f2c_do\f2c_do.f: line 189]: This loop does not have END DO format
ERROR - [#1018: results\1d\f2c_do\f2c_do.f: line 196]: This loop does not have END DO format
ERROR - [#1018: results\1d\f2c_do\f2c_do.f: line 446]: This loop does not have END DO format
ERROR - [#1018: results\1d\f2c_do\f2c_do.f: line 447]: This loop does not have END DO format
ERROR - [#1018: results\1d\f2c_do\f2c_do.f: line 455]: This loop does not have END DO format
ERROR - [#1018: results\1d\f2c_do\f2c_do.f: line 456]: This loop does not have END DO format

--------------------------------------------------
INFO.JSON file copied from ./info.json to ./results\1d\f2c_do\info.json

==================================================
Processing of f2c_do.f completed successfully at 2025-04-18 17:42:01
