=== Processing file: copy11.f ===
Date and time: 2025-05-06 00:22:10
Dimension: 1d
==================================================

Copied ./sources\1d\copy11.f to ./results\1d\copy11\copy11.f
Command: gfortran -O3 -g -fprofile-arcs -ftest-coverage "./results\1d\copy11\copy11.f" -o "./results\1d\copy11\copy11"
Output: 

--------------------------------------------------
Command: "./results\1d\copy11\copy11"
Output: 
 ======== START OF COPY11  ========
 COPY11   -  complete
 === END OF COPY11 ======================

--------------------------------------------------
Command: gcov -b "./results\1d\copy11\copy11.f"
Output: 
File 'results/1d/copy11/copy11.f'
Lines executed:83.87% of 31
Branches executed:100.00% of 16
Taken at least once:87.50% of 16
Calls executed:73.68% of 19
Creating 'copy11.f.gcov'

Lines executed:83.87% of 31

--------------------------------------------------
GCOV file copied from ./copy11.f.gcov to ./results\1d\copy11\copy11.f.gcov
Command: "../SAPFOR/_bin/Release/Sapfor_F.exe" -parse -spf "./results\1d\copy11\copy11.f"
Output: 
SAPFOR version is 2410, build date: Apr 23 2025 11:52:44, c++ version 201703
  parse file './results\1d\copy11\copy11.f'
  options: -spf 
files compilation order:
  ./results\1d\copy11\copy11.f
Parsing was completed successfully

--------------------------------------------------
Command: "../SAPFOR/_bin/Release/Sapfor_F.exe" -passN GET_STATS_FOR_PREDICTOR -keepDVM
Output: 
SAPFOR version is 2410, build date: Apr 23 2025 11:52:44, c++ version 201703
code for pass GET_STATS_FOR_PREDICTOR is 79
RUN PASS with name VERIFY_FUNC_DECL
  Analyzing: results\1d\copy11\copy11.f
PROFILE: time for this pass = 0.000000 sec (total 0.001000 sec)
RUN PASS with name FILE_LINE_INFO
  Analyzing: results\1d\copy11\copy11.f
  All lines in project 65
PROFILE: time for this pass = 0.000000 sec (total 0.001000 sec)
RUN PASS with name BUILD_INCLUDE_DEPENDENCIES
  Analyzing: results\1d\copy11\copy11.f
PROFILE: time for this pass = 0.000000 sec (total 0.001000 sec)
RUN PASS with name CORRECT_VAR_DECL
  Analyzing: results\1d\copy11\copy11.f
PROFILE: time for this pass = 0.000000 sec (total 0.001000 sec)
RUN PASS with name VERIFY_OPERATORS
  Analyzing: results\1d\copy11\copy11.f
PROFILE: time for this pass = 0.000000 sec (total 0.001000 sec)
RUN PASS with name VERIFY_ENDDO
  Analyzing: results\1d\copy11\copy11.f
PROFILE: time for this pass = 0.000000 sec (total 0.001000 sec)
RUN PASS with name VERIFY_INCLUDES
  Analyzing: results\1d\copy11\copy11.f
PROFILE: time for this pass = 0.000000 sec (total 0.001000 sec)
RUN PASS with name PREPROC_ALLOCATES
  Analyzing: results\1d\copy11\copy11.f
PROFILE: time for this pass = 0.000000 sec (total 0.002000 sec)
RUN PASS with name CHECK_PAR_REG_DIR
  Analyzing: results\1d\copy11\copy11.f
PROFILE: time for this pass = 0.000000 sec (total 0.002000 sec)
RUN PASS with name FILL_PARALLEL_REG_IR
  Analyzing: results\1d\copy11\copy11.f
PROFILE: time for this pass = 0.000000 sec (total 0.002000 sec)
RUN PASS with name GET_ALL_ARRAY_DECL
  Analyzing: results\1d\copy11\copy11.f
PROFILE: time for this pass = 0.000000 sec (total 0.003000 sec)
RUN PASS with name FILL_COMMON_BLOCKS
  Analyzing: results\1d\copy11\copy11.f
PROFILE: time for this pass = 0.000000 sec (total 0.003000 sec)
RUN PASS with name PARSE_OMP_DIRS
  Analyzing: results\1d\copy11\copy11.f
PROFILE: time for this pass = 0.000000 sec (total 0.003000 sec)
RUN PASS with name PREPROC_SPF
  Analyzing: results\1d\copy11\copy11.f
PROFILE: time for this pass = 0.000000 sec (total 0.003000 sec)
RUN PASS with name CREATE_INTER_TREE
  Analyzing: results\1d\copy11\copy11.f
PROFILE: time for this pass = 0.000000 sec (total 0.003000 sec)
RUN PASS with name GCOV_PARSER
  Analyzing: results\1d\copy11\copy11.f
   Error: unable to open file statistic.txt
PROFILE: time for this pass = 0.000000 sec (total 0.003000 sec)
RUN PASS with name VERIFY_FORMAT
  Analyzing: results\1d\copy11\copy11.f
PROFILE: time for this pass = 0.000000 sec (total 0.004000 sec)
RUN PASS with name VERIFY_DVM_DIRS
  Analyzing: results\1d\copy11\copy11.f
PROFILE: time for this pass = 0.000000 sec (total 0.004000 sec)
RUN PASS with name PRIVATE_CALL_GRAPH_STAGE1
  Analyzing: results\1d\copy11\copy11.f
PROFILE: time for this pass = 0.000000 sec (total 0.004000 sec)
RUN PASS with name PRIVATE_CALL_GRAPH_STAGE2
  Analyzing: results\1d\copy11\copy11.f
PROFILE: time for this pass = 0.000000 sec (total 0.004000 sec)
RUN PASS with name MACRO_EXPANSION
  Analyzing: results\1d\copy11\copy11.f
PROFILE: time for this pass = 0.000000 sec (total 0.004000 sec)
RUN PASS with name CONVERT_ASSIGN_TO_LOOP
  Analyzing: results\1d\copy11\copy11.f
was on line 24 file results\1d\copy11\copy11.f
      d(:) = b(:)
      do  i_0 = 0,9
         d(i_0 + 1) = b(i_0 + 1)
      enddo  
PROFILE: time for this pass = 0.000000 sec (total 0.005000 sec)
RUN PASS with name DEF_USE_STAGE1
  Analyzing: results\1d\copy11\copy11.f
PROFILE: time for this pass = 0.000000 sec (total 0.005000 sec)
RUN PASS with name DEF_USE_STAGE2
  Analyzing: results\1d\copy11\copy11.f
PROFILE: time for this pass = 0.000000 sec (total 0.005000 sec)
RUN PASS with name VERIFY_COMMON
  Analyzing: results\1d\copy11\copy11.f
PROFILE: time for this pass = 0.000000 sec (total 0.005000 sec)
RUN PASS with name CALL_GRAPH_IR
  Analyzing: results\1d\copy11\copy11.f
PROFILE: time for this pass = 0.000000 sec (total 0.006000 sec)
RUN PASS with name BUILD_IR
  Analyzing: results\1d\copy11\copy11.f
  count of functions 3, count of lvls 2
     RD time for 'ansyes' function is 0.000 sec, iters 1
     RD time for 'ansno' function is 0.000 sec, iters 1

     RD time for 'copy11' function is 0.000 sec, iters 4

PROFILE: time for this pass = 0.000000 sec (total 0.006000 sec)
RUN PASS with name SUBST_EXPR_RD
  Analyzing: results\1d\copy11\copy11.f
PROFILE: time for this pass = 0.000000 sec (total 0.007000 sec)
RUN PASS with name LOOP_GRAPH
  Analyzing: results\1d\copy11\copy11.f
PROFILE: time for this pass = 0.000000 sec (total 0.007000 sec)
RUN PASS with name CALL_GRAPH
  Analyzing: results\1d\copy11\copy11.f
PROFILE: time for this pass = 0.000000 sec (total 0.007000 sec)
RUN PASS with name CALL_GRAPH2
  Analyzing: results\1d\copy11\copy11.f
  run for func copy11
  run for func ansyes
  run for func ansno
PROFILE: time for this pass = 0.000000 sec (total 0.008000 sec)
RUN PASS with name GET_STATS_FOR_PREDICTOR
  Analyzing: results\1d\copy11\copy11.f
    PAR LOOP [28 results\1d\copy11\copy11.f] total exec 22, total exec lines 2, avg 1.1000000000000000e+01
    PAR LOOP [36 results\1d\copy11\copy11.f] total exec 21, total exec lines 2, avg 1.0500000000000000e+01
    PAR LOOP [44 results\1d\copy11\copy11.f] total exec 33, total exec lines 4, avg 8.2500000000000000e+00
    average_parallel_exec 9.5000000000000000e+00
    parallel_rate 4.0425531914893614e-01
PROFILE: time for this pass = 0.001000 sec (total 0.009000 sec)

--------------------------------------------------
INFO.JSON file copied from ./info.json to ./results\1d\copy11\info.json

==================================================
Processing of copy11.f completed successfully at 2025-05-06 00:22:11
