=== Processing file: distr2.f ===
Date and time: 2025-04-23 11:56:19
Dimension: 2d
==================================================

Copied ./sources\2d\distr2.f to ./results\2d\distr2\distr2.f
Command: gfortran -O3 -g -fprofile-arcs -ftest-coverage "./results\2d\distr2\distr2.f" -o "./results\2d\distr2\distr2"
Output: 

--------------------------------------------------
Command: "./results\2d\distr2\distr2"
Output: 
 ===START OF distr2========================
 distr24    -  complete
 distr32    -  complete
 distr33    -  complete
 distr41    -  complete
 distr42    -  complete
 === END OF distr2 ========================= 

--------------------------------------------------
Command: gcov -b "./results\2d\distr2\distr2.f"
Output: 
File 'results/2d/distr2/distr2.f'
Lines executed:87.25% of 102
Branches executed:100.00% of 104
Taken at least once:80.77% of 104
Calls executed:54.76% of 42
Creating 'distr2.f.gcov'

Lines executed:87.25% of 102

--------------------------------------------------
GCOV file copied from ./distr2.f.gcov to ./results\2d\distr2\distr2.f.gcov
Command: "../SAPFOR/_bin/Release/Sapfor_F.exe" -parse -spf "./results\2d\distr2\distr2.f"
Output: 
SAPFOR version is 2410, build date: Apr 23 2025 11:52:44, c++ version 201703
  parse file './results\2d\distr2\distr2.f'
  options: -spf 
files compilation order:
  ./results\2d\distr2\distr2.f
Parsing was completed successfully

--------------------------------------------------
Command: "../SAPFOR/_bin/Release/Sapfor_F.exe" -passN GET_STATS_FOR_PREDICTOR -keepDVM
Output: 
SAPFOR version is 2410, build date: Apr 23 2025 11:52:44, c++ version 201703
code for pass GET_STATS_FOR_PREDICTOR is 79
RUN PASS with name VERIFY_FUNC_DECL
  Analyzing: results\2d\distr2\distr2.f
PROFILE: time for this pass = 0.000000 sec (total 0.001000 sec)
RUN PASS with name FILE_LINE_INFO
  Analyzing: results\2d\distr2\distr2.f
  All lines in project 303
PROFILE: time for this pass = 0.000000 sec (total 0.002000 sec)
RUN PASS with name BUILD_INCLUDE_DEPENDENCIES
  Analyzing: results\2d\distr2\distr2.f
PROFILE: time for this pass = 0.000000 sec (total 0.002000 sec)
RUN PASS with name CORRECT_VAR_DECL
  Analyzing: results\2d\distr2\distr2.f
PROFILE: time for this pass = 0.000000 sec (total 0.002000 sec)
RUN PASS with name VERIFY_OPERATORS
  Analyzing: results\2d\distr2\distr2.f
PROFILE: time for this pass = 0.000000 sec (total 0.003000 sec)
RUN PASS with name VERIFY_ENDDO
  Analyzing: results\2d\distr2\distr2.f
PROFILE: time for this pass = 0.000000 sec (total 0.003000 sec)
RUN PASS with name VERIFY_INCLUDES
  Analyzing: results\2d\distr2\distr2.f
PROFILE: time for this pass = 0.000000 sec (total 0.003000 sec)
RUN PASS with name PREPROC_ALLOCATES
  Analyzing: results\2d\distr2\distr2.f
  attribute (39 results\2d\distr2\distr2.f) is added to declaration on line 33 of results\2d\distr2\distr2.f file
  attribute (73 results\2d\distr2\distr2.f) is added to declaration on line 33 of results\2d\distr2\distr2.f file
  attribute (88 results\2d\distr2\distr2.f) is added to declaration on line 82 of results\2d\distr2\distr2.f file
  attribute (125 results\2d\distr2\distr2.f) is added to declaration on line 82 of results\2d\distr2\distr2.f file
  attribute (140 results\2d\distr2\distr2.f) is added to declaration on line 134 of results\2d\distr2\distr2.f file
  attribute (177 results\2d\distr2\distr2.f) is added to declaration on line 134 of results\2d\distr2\distr2.f file
  attribute (192 results\2d\distr2\distr2.f) is added to declaration on line 186 of results\2d\distr2\distr2.f file
  attribute (233 results\2d\distr2\distr2.f) is added to declaration on line 186 of results\2d\distr2\distr2.f file
  attribute (249 results\2d\distr2\distr2.f) is added to declaration on line 243 of results\2d\distr2\distr2.f file
  attribute (290 results\2d\distr2\distr2.f) is added to declaration on line 243 of results\2d\distr2\distr2.f file
PROFILE: time for this pass = 0.000000 sec (total 0.004000 sec)
RUN PASS with name CHECK_PAR_REG_DIR
  Analyzing: results\2d\distr2\distr2.f
PROFILE: time for this pass = 0.000000 sec (total 0.004000 sec)
RUN PASS with name FILL_PARALLEL_REG_IR
  Analyzing: results\2d\distr2\distr2.f
PROFILE: time for this pass = 0.000000 sec (total 0.004000 sec)
RUN PASS with name GET_ALL_ARRAY_DECL
  Analyzing: results\2d\distr2\distr2.f
PROFILE: time for this pass = 0.001000 sec (total 0.006000 sec)
RUN PASS with name FILL_COMMON_BLOCKS
  Analyzing: results\2d\distr2\distr2.f
PROFILE: time for this pass = 0.000000 sec (total 0.006000 sec)
RUN PASS with name PARSE_OMP_DIRS
  Analyzing: results\2d\distr2\distr2.f
PROFILE: time for this pass = 0.000000 sec (total 0.006000 sec)
RUN PASS with name PREPROC_SPF
  Analyzing: results\2d\distr2\distr2.f
PROFILE: time for this pass = 0.000000 sec (total 0.007000 sec)
RUN PASS with name CREATE_INTER_TREE
  Analyzing: results\2d\distr2\distr2.f
PROFILE: time for this pass = 0.001000 sec (total 0.008000 sec)
RUN PASS with name GCOV_PARSER
  Analyzing: results\2d\distr2\distr2.f
   Error: unable to open file statistic.txt
PROFILE: time for this pass = 0.001000 sec (total 0.009000 sec)
RUN PASS with name VERIFY_FORMAT
  Analyzing: results\2d\distr2\distr2.f
PROFILE: time for this pass = 0.000000 sec (total 0.009000 sec)
RUN PASS with name VERIFY_DVM_DIRS
  Analyzing: results\2d\distr2\distr2.f
PROFILE: time for this pass = 0.000000 sec (total 0.010000 sec)
RUN PASS with name PRIVATE_CALL_GRAPH_STAGE1
  Analyzing: results\2d\distr2\distr2.f
PROFILE: time for this pass = 0.000000 sec (total 0.010000 sec)
RUN PASS with name PRIVATE_CALL_GRAPH_STAGE2
  Analyzing: results\2d\distr2\distr2.f
PROFILE: time for this pass = 0.000000 sec (total 0.010000 sec)
RUN PASS with name MACRO_EXPANSION
  Analyzing: results\2d\distr2\distr2.f
PROFILE: time for this pass = 0.000000 sec (total 0.010000 sec)
RUN PASS with name CONVERT_ASSIGN_TO_LOOP
  Analyzing: results\2d\distr2\distr2.f
PROFILE: time for this pass = 0.000000 sec (total 0.011000 sec)
RUN PASS with name DEF_USE_STAGE1
  Analyzing: results\2d\distr2\distr2.f
PROFILE: time for this pass = 0.000000 sec (total 0.012000 sec)
RUN PASS with name DEF_USE_STAGE2
  Analyzing: results\2d\distr2\distr2.f
PROFILE: time for this pass = 0.000000 sec (total 0.012000 sec)
RUN PASS with name VERIFY_COMMON
  Analyzing: results\2d\distr2\distr2.f
PROFILE: time for this pass = 0.000000 sec (total 0.012000 sec)
RUN PASS with name CALL_GRAPH_IR
  Analyzing: results\2d\distr2\distr2.f
PROFILE: time for this pass = 0.000000 sec (total 0.013000 sec)
RUN PASS with name BUILD_IR
  Analyzing: results\2d\distr2\distr2.f
  count of functions 8, count of lvls 3
     RD time for 'ansyes' function is 0.000 sec, iters 1
     RD time for 'ansno' function is 0.000 sec, iters 1

     RD time for 'distr24' function is 0.000 sec, iters 4
     RD time for 'distr32' function is 0.000 sec, iters 5
     RD time for 'distr33' function is 0.000 sec, iters 5
     RD time for 'distr41' function is 0.000 sec, iters 6
     RD time for 'distr42' function is 0.000 sec, iters 6

     RD time for 'distr2' function is 0.000 sec, iters 1

PROFILE: time for this pass = 0.003000 sec (total 0.016000 sec)
RUN PASS with name SUBST_EXPR_RD
  Analyzing: results\2d\distr2\distr2.f
PROFILE: time for this pass = 0.001000 sec (total 0.018000 sec)
RUN PASS with name LOOP_GRAPH
  Analyzing: results\2d\distr2\distr2.f
PROFILE: time for this pass = 0.000000 sec (total 0.019000 sec)
RUN PASS with name CALL_GRAPH
  Analyzing: results\2d\distr2\distr2.f
PROFILE: time for this pass = 0.001000 sec (total 0.020000 sec)
RUN PASS with name CALL_GRAPH2
  Analyzing: results\2d\distr2\distr2.f
  run for func distr2
  run for func distr24
  run for func distr32
  run for func distr33
  run for func distr41
  run for func distr42
  run for func ansyes
  run for func ansno
PROFILE: time for this pass = 0.000000 sec (total 0.021000 sec)
RUN PASS with name GET_STATS_FOR_PREDICTOR
  Analyzing: results\2d\distr2\distr2.f
    PAR LOOP [43 results\2d\distr2\distr2.f] total exec 227, total exec lines 4, avg 5.6750000000000000e+01
    PAR LOOP [55 results\2d\distr2\distr2.f] total exec 371, total exec lines 7, avg 5.3000000000000000e+01
    PAR LOOP [92 results\2d\distr2\distr2.f] total exec 1899, total exec lines 6, avg 3.1650000000000000e+02
    PAR LOOP [106 results\2d\distr2\distr2.f] total exec 3051, total exec lines 9, avg 3.3900000000000000e+02
    PAR LOOP [144 results\2d\distr2\distr2.f] total exec 1899, total exec lines 6, avg 3.1650000000000000e+02
    PAR LOOP [158 results\2d\distr2\distr2.f] total exec 3051, total exec lines 9, avg 3.3900000000000000e+02
    PAR LOOP [196 results\2d\distr2\distr2.f] total exec 15275, total exec lines 8, avg 1.9093750000000000e+03
    PAR LOOP [212 results\2d\distr2\distr2.f] total exec 24491, total exec lines 11, avg 2.2264545454545455e+03
    PAR LOOP [253 results\2d\distr2\distr2.f] total exec 15275, total exec lines 8, avg 1.9093750000000000e+03
    PAR LOOP [269 results\2d\distr2\distr2.f] total exec 24491, total exec lines 11, avg 2.2264545454545455e+03
    average_parallel_exec 1.1396202531645570e+03
    parallel_rate 9.9853596858987159e-01
PROFILE: time for this pass = 0.005000 sec (total 0.027000 sec)

--------------------------------------------------
INFO.JSON file copied from ./info.json to ./results\2d\distr2\info.json

==================================================
Processing of distr2.f completed successfully at 2025-04-23 11:56:20
