=== Processing file: reda42.f ===
Date and time: 2025-04-23 11:58:36
Dimension: 4d
==================================================

Copied ./sources\4d\reda42.f to ./results\4d\reda42\reda42.f
Command: gfortran -O3 -g -fprofile-arcs -ftest-coverage "./results\4d\reda42\reda42.f" -o "./results\4d\reda42\reda42"
Output: 

--------------------------------------------------
Command: "./results\4d\reda42\reda42"
Output: 
 ===START OF REDA42=======================
 REDA4201  -  complete
 REDA4202  -  complete
 REDA4203  -  complete
 REDA4204  -  complete
 === END OF REDA42 ========================= 

--------------------------------------------------
Command: gcov -b "./results\4d\reda42\reda42.f"
Output: 
File 'results/4d/reda42/reda42.f'
Lines executed:90.24% of 338
Branches executed:89.31% of 318
Taken at least once:74.53% of 318
Calls executed:51.02% of 49
Creating 'reda42.f.gcov'

Lines executed:90.24% of 338

--------------------------------------------------
GCOV file copied from ./reda42.f.gcov to ./results\4d\reda42\reda42.f.gcov
Command: "../SAPFOR/_bin/Release/Sapfor_F.exe" -parse -spf "./results\4d\reda42\reda42.f"
Output: 
SAPFOR version is 2410, build date: Apr 23 2025 11:52:44, c++ version 201703
  parse file './results\4d\reda42\reda42.f'
  options: -spf 
files compilation order:
  ./results\4d\reda42\reda42.f
Parsing was completed successfully

--------------------------------------------------
Command: "../SAPFOR/_bin/Release/Sapfor_F.exe" -passN GET_STATS_FOR_PREDICTOR -keepDVM
Output: 
SAPFOR version is 2410, build date: Apr 23 2025 11:52:44, c++ version 201703
code for pass GET_STATS_FOR_PREDICTOR is 79
RUN PASS with name VERIFY_FUNC_DECL
  Analyzing: results\4d\reda42\reda42.f
PROFILE: time for this pass = 0.000000 sec (total 0.003000 sec)
RUN PASS with name FILE_LINE_INFO
  Analyzing: results\4d\reda42\reda42.f
  All lines in project 642
PROFILE: time for this pass = 0.000000 sec (total 0.004000 sec)
RUN PASS with name BUILD_INCLUDE_DEPENDENCIES
  Analyzing: results\4d\reda42\reda42.f
PROFILE: time for this pass = 0.000000 sec (total 0.004000 sec)
RUN PASS with name CORRECT_VAR_DECL
  Analyzing: results\4d\reda42\reda42.f
PROFILE: time for this pass = 0.000000 sec (total 0.005000 sec)
RUN PASS with name VERIFY_OPERATORS
  Analyzing: results\4d\reda42\reda42.f
PROFILE: time for this pass = 0.000000 sec (total 0.006000 sec)
RUN PASS with name VERIFY_ENDDO
  Analyzing: results\4d\reda42\reda42.f
PROFILE: time for this pass = 0.000000 sec (total 0.006000 sec)
RUN PASS with name VERIFY_INCLUDES
  Analyzing: results\4d\reda42\reda42.f
PROFILE: time for this pass = 0.000000 sec (total 0.007000 sec)
RUN PASS with name PREPROC_ALLOCATES
  Analyzing: results\4d\reda42\reda42.f
  attribute (36 results\4d\reda42\reda42.f) is added to declaration on line 27 of results\4d\reda42\reda42.f file
  attribute (101 results\4d\reda42\reda42.f) is added to declaration on line 27 of results\4d\reda42\reda42.f file
  attribute (119 results\4d\reda42\reda42.f) is added to declaration on line 108 of results\4d\reda42\reda42.f file
  attribute (120 results\4d\reda42\reda42.f) is added to declaration on line 110 of results\4d\reda42\reda42.f file
  attribute (199 results\4d\reda42\reda42.f) is added to declaration on line 108 of results\4d\reda42\reda42.f file
  attribute (200 results\4d\reda42\reda42.f) is added to declaration on line 110 of results\4d\reda42\reda42.f file
  attribute (217 results\4d\reda42\reda42.f) is added to declaration on line 209 of results\4d\reda42\reda42.f file
  attribute (310 results\4d\reda42\reda42.f) is added to declaration on line 209 of results\4d\reda42\reda42.f file
  attribute (331 results\4d\reda42\reda42.f) is added to declaration on line 320 of results\4d\reda42\reda42.f file
  attribute (432 results\4d\reda42\reda42.f) is added to declaration on line 320 of results\4d\reda42\reda42.f file
PROFILE: time for this pass = 0.000000 sec (total 0.008000 sec)
RUN PASS with name CHECK_PAR_REG_DIR
  Analyzing: results\4d\reda42\reda42.f
PROFILE: time for this pass = 0.000000 sec (total 0.008000 sec)
RUN PASS with name FILL_PARALLEL_REG_IR
  Analyzing: results\4d\reda42\reda42.f
PROFILE: time for this pass = 0.000000 sec (total 0.009000 sec)
RUN PASS with name GET_ALL_ARRAY_DECL
  Analyzing: results\4d\reda42\reda42.f
PROFILE: time for this pass = 0.003000 sec (total 0.013000 sec)
RUN PASS with name FILL_COMMON_BLOCKS
  Analyzing: results\4d\reda42\reda42.f
PROFILE: time for this pass = 0.000000 sec (total 0.013000 sec)
RUN PASS with name PARSE_OMP_DIRS
  Analyzing: results\4d\reda42\reda42.f
PROFILE: time for this pass = 0.000000 sec (total 0.014000 sec)
RUN PASS with name PREPROC_SPF
  Analyzing: results\4d\reda42\reda42.f
PROFILE: time for this pass = 0.000000 sec (total 0.015000 sec)
RUN PASS with name CREATE_INTER_TREE
  Analyzing: results\4d\reda42\reda42.f
PROFILE: time for this pass = 0.002000 sec (total 0.017000 sec)
RUN PASS with name GCOV_PARSER
  Analyzing: results\4d\reda42\reda42.f
   Error: unable to open file statistic.txt
PROFILE: time for this pass = 0.001000 sec (total 0.019000 sec)
RUN PASS with name VERIFY_FORMAT
  Analyzing: results\4d\reda42\reda42.f
PROFILE: time for this pass = 0.000000 sec (total 0.020000 sec)
RUN PASS with name VERIFY_DVM_DIRS
  Analyzing: results\4d\reda42\reda42.f
PROFILE: time for this pass = 0.000000 sec (total 0.020000 sec)
RUN PASS with name PRIVATE_CALL_GRAPH_STAGE1
  Analyzing: results\4d\reda42\reda42.f
PROFILE: time for this pass = 0.000000 sec (total 0.021000 sec)
RUN PASS with name PRIVATE_CALL_GRAPH_STAGE2
  Analyzing: results\4d\reda42\reda42.f
PROFILE: time for this pass = 0.000000 sec (total 0.021000 sec)
RUN PASS with name MACRO_EXPANSION
  Analyzing: results\4d\reda42\reda42.f
PROFILE: time for this pass = 0.000000 sec (total 0.022000 sec)
RUN PASS with name CONVERT_ASSIGN_TO_LOOP
  Analyzing: results\4d\reda42\reda42.f
PROFILE: time for this pass = 0.001000 sec (total 0.023000 sec)
RUN PASS with name DEF_USE_STAGE1
  Analyzing: results\4d\reda42\reda42.f
PROFILE: time for this pass = 0.002000 sec (total 0.026000 sec)
RUN PASS with name DEF_USE_STAGE2
  Analyzing: results\4d\reda42\reda42.f
PROFILE: time for this pass = 0.000000 sec (total 0.026000 sec)
RUN PASS with name VERIFY_COMMON
  Analyzing: results\4d\reda42\reda42.f
PROFILE: time for this pass = 0.000000 sec (total 0.027000 sec)
RUN PASS with name CALL_GRAPH_IR
  Analyzing: results\4d\reda42\reda42.f
PROFILE: time for this pass = 0.001000 sec (total 0.029000 sec)
RUN PASS with name BUILD_IR
  Analyzing: results\4d\reda42\reda42.f
  count of functions 13, count of lvls 3
     RD time for 'ansyes' function is 0.000 sec, iters 1
     RD time for 'serprod4' function is 0.000 sec, iters 6
     RD time for 'sersum4mr' function is 0.000 sec, iters 6
     RD time for 'sersum4m' function is 0.000 sec, iters 6
     RD time for 'serprodr4' function is 0.000 sec, iters 6
     RD time for 'sersum4' function is 0.000 sec, iters 6
     RD time for 'ansno' function is 0.000 sec, iters 1
     RD time for 'serlog4' function is 0.001 sec, iters 6

     RD time for 'reda4204' function is 0.001 sec, iters 6
     RD time for 'reda4203' function is 0.001 sec, iters 6
     RD time for 'reda4201' function is 0.001 sec, iters 6
     RD time for 'reda4202' function is 0.002 sec, iters 6

     RD time for 'reda42' function is 0.000 sec, iters 1

PROFILE: time for this pass = 0.015000 sec (total 0.045000 sec)
RUN PASS with name SUBST_EXPR_RD
  Analyzing: results\4d\reda42\reda42.f
PROFILE: time for this pass = 0.006000 sec (total 0.052000 sec)
RUN PASS with name LOOP_GRAPH
  Analyzing: results\4d\reda42\reda42.f
PROFILE: time for this pass = 0.003000 sec (total 0.056000 sec)
RUN PASS with name CALL_GRAPH
  Analyzing: results\4d\reda42\reda42.f
PROFILE: time for this pass = 0.005000 sec (total 0.061000 sec)
RUN PASS with name CALL_GRAPH2
  Analyzing: results\4d\reda42\reda42.f
  run for func reda42
  run for func reda4201
  run for func reda4202
  run for func reda4203
  run for func reda4204
  run for func sersum4
  run for func sersum4m
  run for func sersum4mr
  run for func serprod4
  run for func serprodr4
  run for func serlog4
  run for func ansyes
  run for func ansno
PROFILE: time for this pass = 0.004000 sec (total 0.066000 sec)
RUN PASS with name GET_STATS_FOR_PREDICTOR
  Analyzing: results\4d\reda42\reda42.f
    PAR LOOP [45 results\4d\reda42\reda42.f] total exec 60243, total exec lines 8, avg 7.5303750000000000e+03
    PAR LOOP [78 results\4d\reda42\reda42.f] total exec 127827, total exec lines 12, avg 1.0652250000000000e+04
    PAR LOOP [130 results\4d\reda42\reda42.f] total exec 60243, total exec lines 8, avg 7.5303750000000000e+03
    PAR LOOP [140 results\4d\reda42\reda42.f] total exec 13139, total exec lines 8, avg 1.6423750000000000e+03
    PAR LOOP [154 results\4d\reda42\reda42.f] total exec 60243, total exec lines 8, avg 7.5303750000000000e+03
    PAR LOOP [167 results\4d\reda42\reda42.f] total exec 93010, total exec lines 9, avg 1.0334444444444445e+04
    PAR LOOP [181 results\4d\reda42\reda42.f] total exec 60243, total exec lines 8, avg 7.5303750000000000e+03
    PAR LOOP [220 results\4d\reda42\reda42.f] total exec 15083, total exec lines 8, avg 1.8853750000000000e+03
    PAR LOOP [266 results\4d\reda42\reda42.f] total exec 36220, total exec lines 23, avg 1.5747826086956522e+03
    PAR LOOP [341 results\4d\reda42\reda42.f] total exec 22603, total exec lines 8, avg 2.8253750000000000e+03
    PAR LOOP [387 results\4d\reda42\reda42.f] total exec 48102, total exec lines 22, avg 2.1864545454545455e+03
    average_parallel_exec 4.8930819672131147e+03
    parallel_rate 5.7162884094428168e-01
PROFILE: time for this pass = 0.021000 sec (total 0.087000 sec)

--------------------------------------------------
INFO.JSON file copied from ./info.json to ./results\4d\reda42\info.json

==================================================
Processing of reda42.f completed successfully at 2025-04-23 11:58:38
