=== Processing file: jac2d.f ===
Date and time: 2025-04-18 17:42:55
Dimension: 2d
==================================================

Copied ./sources\2d\jac2d.f to ./results\2d\jac2d\jac2d.f
Command: gfortran -O3 -g -fprofile-arcs -ftest-coverage "./results\2d\jac2d\jac2d.f" -o "./results\2d\jac2d\jac2d"
Output: 

Error output: 
C:/mingw64/bin/../lib/gcc/x86_64-w64-mingw32/14.2.0/../../../../x86_64-w64-mingw32/bin/ld.exe: C:\Users\arzum\AppData\Local\Temp\ccA8rZoj.o: in function `jac2d':
d:\Diploma\graduation_data_experiment/./results/2d/jac2d/jac2d.f:26:(.text+0x185): undefined reference to `dvtime_'
C:/mingw64/bin/../lib/gcc/x86_64-w64-mingw32/14.2.0/../../../../x86_64-w64-mingw32/bin/ld.exe: d:\Diploma\graduation_data_experiment/./results/2d/jac2d/jac2d.f:54:(.text+0x498): undefined reference to `dvtime_'
collect2.exe: error: ld returned 1 exit status

--------------------------------------------------
Command: "./results\2d\jac2d\jac2d"
Output: 

Error output: 
'"./results\2d\jac2d\jac2d"' is not recognized as an internal or external command,
operable program or batch file.

--------------------------------------------------
Command: gcov -b "./results\2d\jac2d\jac2d.f"
Output: 
File 'results/2d/jac2d/jac2d.f'
Lines executed:0.00% of 31
Branches executed:0.00% of 22
Taken at least once:0.00% of 22
Calls executed:0.00% of 34
Creating 'jac2d.f.gcov'

Lines executed:0.00% of 31

Error output: 
./results\2d\jac2d\jac2d.gcda:cannot open data file, assuming not executed

--------------------------------------------------
GCOV file copied from ./jac2d.f.gcov to ./results\2d\jac2d\jac2d.f.gcov
Command: "../SAPFOR/_bin/Release/Sapfor_F.exe" -parse -spf "./results\2d\jac2d\jac2d.f"
Output: 
SAPFOR version is 2409, build date: Apr 17 2025 18:48:12, c++ version 201703
  parse file './results\2d\jac2d\jac2d.f'
  options: -spf 
files compilation order:
  ./results\2d\jac2d\jac2d.f
Parsing was completed successfully

--------------------------------------------------
Command: "../SAPFOR/_bin/Release/Sapfor_F.exe" -passN GET_STATS_FOR_PREDICTOR -keepDVM
Output: 
SAPFOR version is 2409, build date: Apr 17 2025 18:48:12, c++ version 201703
code for pass GET_STATS_FOR_PREDICTOR is 79
RUN PASS with name VERIFY_FUNC_DECL
  Analyzing: results\2d\jac2d\jac2d.f
PROFILE: time for this pass = 0.000000 sec (total 0.001000 sec)
RUN PASS with name FILE_LINE_INFO
  Analyzing: results\2d\jac2d\jac2d.f
  All lines in project 71
PROFILE: time for this pass = 0.000000 sec (total 0.001000 sec)
RUN PASS with name BUILD_INCLUDE_DEPENDENCIES
  Analyzing: results\2d\jac2d\jac2d.f
PROFILE: time for this pass = 0.000000 sec (total 0.001000 sec)
RUN PASS with name CORRECT_VAR_DECL
  Analyzing: results\2d\jac2d\jac2d.f
PROFILE: time for this pass = 0.000000 sec (total 0.001000 sec)
RUN PASS with name VERIFY_OPERATORS
  Analyzing: results\2d\jac2d\jac2d.f
PROFILE: time for this pass = 0.000000 sec (total 0.001000 sec)
RUN PASS with name VERIFY_ENDDO
  Analyzing: results\2d\jac2d\jac2d.f
PROFILE: time for this pass = 0.000000 sec (total 0.001000 sec)
RUN PASS with name VERIFY_INCLUDES
  Analyzing: results\2d\jac2d\jac2d.f
PROFILE: time for this pass = 0.000000 sec (total 0.001000 sec)
RUN PASS with name PREPROC_ALLOCATES
  Analyzing: results\2d\jac2d\jac2d.f
PROFILE: time for this pass = 0.000000 sec (total 0.001000 sec)
RUN PASS with name CHECK_PAR_REG_DIR
  Analyzing: results\2d\jac2d\jac2d.f
PROFILE: time for this pass = 0.000000 sec (total 0.002000 sec)
RUN PASS with name FILL_PARALLEL_REG_IR
  Analyzing: results\2d\jac2d\jac2d.f
PROFILE: time for this pass = 0.000000 sec (total 0.002000 sec)
RUN PASS with name GET_ALL_ARRAY_DECL
  Analyzing: results\2d\jac2d\jac2d.f
PROFILE: time for this pass = 0.000000 sec (total 0.002000 sec)
RUN PASS with name FILL_COMMON_BLOCKS
  Analyzing: results\2d\jac2d\jac2d.f
PROFILE: time for this pass = 0.000000 sec (total 0.002000 sec)
RUN PASS with name PARSE_OMP_DIRS
  Analyzing: results\2d\jac2d\jac2d.f
PROFILE: time for this pass = 0.000000 sec (total 0.003000 sec)
RUN PASS with name PREPROC_SPF
  Analyzing: results\2d\jac2d\jac2d.f
PROFILE: time for this pass = 0.000000 sec (total 0.003000 sec)
RUN PASS with name CREATE_INTER_TREE
  Analyzing: results\2d\jac2d\jac2d.f
PROFILE: time for this pass = 0.000000 sec (total 0.003000 sec)
RUN PASS with name GCOV_PARSER
  Analyzing: results\2d\jac2d\jac2d.f
   Error: unable to open file statistic.txt
PROFILE: time for this pass = 0.000000 sec (total 0.004000 sec)
RUN PASS with name VERIFY_FORMAT
  Analyzing: results\2d\jac2d\jac2d.f
PROFILE: time for this pass = 0.000000 sec (total 0.004000 sec)
RUN PASS with name VERIFY_DVM_DIRS
  Analyzing: results\2d\jac2d\jac2d.f
PROFILE: time for this pass = 0.000000 sec (total 0.004000 sec)
RUN PASS with name PRIVATE_CALL_GRAPH_STAGE1
  Analyzing: results\2d\jac2d\jac2d.f
PROFILE: time for this pass = 0.000000 sec (total 0.004000 sec)
RUN PASS with name PRIVATE_CALL_GRAPH_STAGE2
  Analyzing: results\2d\jac2d\jac2d.f
PROFILE: time for this pass = 0.000000 sec (total 0.004000 sec)
RUN PASS with name MACRO_EXPANSION
  Analyzing: results\2d\jac2d\jac2d.f
PROFILE: time for this pass = 0.000000 sec (total 0.004000 sec)
RUN PASS with name CONVERT_ASSIGN_TO_LOOP
  Analyzing: results\2d\jac2d\jac2d.f
PROFILE: time for this pass = 0.000000 sec (total 0.004000 sec)
RUN PASS with name DEF_USE_STAGE1
  Analyzing: results\2d\jac2d\jac2d.f
PROFILE: time for this pass = 0.000000 sec (total 0.004000 sec)
RUN PASS with name DEF_USE_STAGE2
  Analyzing: results\2d\jac2d\jac2d.f
PROFILE: time for this pass = 0.000000 sec (total 0.004000 sec)
RUN PASS with name VERIFY_COMMON
  Analyzing: results\2d\jac2d\jac2d.f
PROFILE: time for this pass = 0.000000 sec (total 0.005000 sec)
RUN PASS with name CALL_GRAPH_IR
  Analyzing: results\2d\jac2d\jac2d.f
PROFILE: time for this pass = 0.000000 sec (total 0.005000 sec)
RUN PASS with name BUILD_IR
  Analyzing: results\2d\jac2d\jac2d.f
  count of functions 1, count of lvls 1
     RD time for 'jac2d' function is 0.000 sec, iters 5

PROFILE: time for this pass = 0.000000 sec (total 0.005000 sec)
RUN PASS with name SUBST_EXPR_RD
  Analyzing: results\2d\jac2d\jac2d.f
PROFILE: time for this pass = 0.000000 sec (total 0.006000 sec)
RUN PASS with name LOOP_GRAPH
  Analyzing: results\2d\jac2d\jac2d.f
PROFILE: time for this pass = 0.000000 sec (total 0.006000 sec)
RUN PASS with name CALL_GRAPH
  Analyzing: results\2d\jac2d\jac2d.f
PROFILE: time for this pass = 0.000000 sec (total 0.006000 sec)
RUN PASS with name CALL_GRAPH2
  Analyzing: results\2d\jac2d\jac2d.f
  run for func jac2d
PROFILE: time for this pass = 0.000000 sec (total 0.006000 sec)
RUN PASS with name GET_STATS_FOR_PREDICTOR
  Analyzing: results\2d\jac2d\jac2d.f
    PAR LOOP [14 results\2d\jac2d\jac2d.f] total exec 0, total exec lines 9, avg 0.0000000000000000e+00
    PAR LOOP [33 results\2d\jac2d\jac2d.f] total exec 0, total exec lines 5, avg 0.0000000000000000e+00
    PAR LOOP [42 results\2d\jac2d\jac2d.f] total exec 0, total exec lines 4, avg 0.0000000000000000e+00
    average_parallel_exec 0.0000000000000000e+00
    parallel_rate 0.0000000000000000e+00

--------------------------------------------------
INFO.JSON file copied from ./info.json to ./results\2d\jac2d\info.json

==================================================
Processing of jac2d.f completed successfully at 2025-04-18 17:42:55
