=== Processing file: d_sor3d.f ===
Date and time: 2025-05-06 00:24:51
Dimension: 3d
==================================================

Copied ./sources\3d\d_sor3d.f to ./results\3d\d_sor3d\d_sor3d.f
Command: gfortran -O3 -g -fprofile-arcs -ftest-coverage "./results\3d\d_sor3d\d_sor3d.f" -o "./results\3d\d_sor3d\d_sor3d"
Output: 

--------------------------------------------------
Command: "./results\3d\d_sor3d\d_sor3d"
Output: 
 IT =    1   EPS =  0.3452400000000000E+03
 IT =    2   EPS =  0.2168347041322314E+03
 IT =    3   EPS =  0.1420904365985930E+03
 IT =    4   EPS =  0.1029457488094445E+03
 IT =    5   EPS =  0.8278428278156514E+02
 IT =    6   EPS =  0.7093595365323108E+02
 IT =    7   EPS =  0.6615370415883672E+02
 IT =    8   EPS =  0.6138750299272283E+02
 IT =    9   EPS =  0.5614185510424011E+02
 IT =   10   EPS =  0.5089737975410105E+02
 IT =   11   EPS =  0.4591605193231146E+02
 IT =   12   EPS =  0.4132440939155742E+02
 IT =   13   EPS =  0.3763632171262657E+02
 IT =   14   EPS =  0.3470011950192975E+02
 IT =   15   EPS =  0.3254966626261682E+02
 IT =   16   EPS =  0.3069923671349011E+02
 IT =   17   EPS =  0.2942950204864599E+02
 IT =   18   EPS =  0.2834982043943626E+02
 IT =   19   EPS =  0.2721710877022224E+02
 IT =   20   EPS =  0.2606134669950518E+02
 IT =   21   EPS =  0.2490505531409588E+02
 IT =   22   EPS =  0.2376478565366233E+02
 IT =   23   EPS =  0.2265238251031201E+02
 IT =   24   EPS =  0.2157602932580392E+02
 IT =   25   EPS =  0.2054109541510331E+02
 IT =   26   EPS =  0.1958105522032474E+02
 IT =   27   EPS =  0.1881524661283379E+02
 IT =   28   EPS =  0.1807062048660509E+02
 IT =   29   EPS =  0.1749063373495505E+02
 IT =   30   EPS =  0.1694686664213077E+02
 IT =   31   EPS =  0.1645550764498284E+02
 IT =   32   EPS =  0.1608301716916185E+02
 IT =   33   EPS =  0.1570298046699668E+02
 IT =   34   EPS =  0.1531867118266268E+02
 IT =   35   EPS =  0.1493283340659423E+02
 IT =   36   EPS =  0.1454775123081549E+02
 IT =   37   EPS =  0.1416531115671569E+02
 IT =   38   EPS =  0.1378705755286660E+02
 IT =   39   EPS =  0.1341424155640448E+02
 IT =   40   EPS =  0.1304786392130484E+02
 IT =   41   EPS =  0.1268871236709469E+02
 IT =   42   EPS =  0.1233739399179910E+02
 IT =   43   EPS =  0.1199436329729610E+02
 IT =   44   EPS =  0.1168339973100774E+02
 IT =   45   EPS =  0.1140860258649968E+02
 IT =   46   EPS =  0.1113827197705132E+02
 IT =   47   EPS =  0.1089955446579859E+02
 IT =   48   EPS =  0.1068716261343070E+02
 IT =   49   EPS =  0.1047621756330147E+02
 IT =   50   EPS =  0.1028747727074642E+02
 IT =   51   EPS =  0.1012722239595087E+02
 IT =   52   EPS =  0.9966004018498325E+01
 IT =   53   EPS =  0.9804306249389356E+01
 IT =   54   EPS =  0.9642557697604047E+01
 IT =   55   EPS =  0.9481136684929538E+01
 IT =   56   EPS =  0.9320376046290448E+01
 IT =   57   EPS =  0.9160567535122368E+01
 IT =   58   EPS =  0.9001965855689491E+01
 IT =   59   EPS =  0.8844792345537144E+01
 IT =   60   EPS =  0.8689238331751540E+01
 IT =   61   EPS =  0.8535468184584147E+01
 IT =   62   EPS =  0.8383622091454413E+01
 IT =   63   EPS =  0.8233818573492272E+01
 IT =   64   EPS =  0.8086156765732198E+01
 IT =   65   EPS =  0.7940718480892656E+01
 IT =   66   EPS =  0.7801786609039482E+01
 IT =   67   EPS =  0.7680076772428379E+01
 IT =   68   EPS =  0.7559620048730494E+01
 IT =   69   EPS =  0.7440501290472753E+01
 IT =   70   EPS =  0.7336248805917876E+01
 IT =   71   EPS =  0.7237823242424270E+01
 IT =   72   EPS =  0.7139929776696363E+01
 IT =   73   EPS =  0.7043193109090112E+01
 IT =   74   EPS =  0.6964524654342995E+01
 IT =   75   EPS =  0.6885697859269953E+01
 IT =   76   EPS =  0.6806816883256602E+01
 IT =   77   EPS =  0.6727977136848949E+01
 IT =   78   EPS =  0.6649265884723377E+01
 IT =   79   EPS =  0.6570762812330372E+01
 IT =   80   EPS =  0.6492540557757138E+01
 IT =   81   EPS =  0.6414665210398312E+01
 IT =   82   EPS =  0.6337196778045495E+01
 IT =   83   EPS =  0.6260189624009286E+01
 IT =   84   EPS =  0.6183692875860288E+01
 IT =   85   EPS =  0.6107750807355274E+01
 IT =   86   EPS =  0.6032403195064944E+01
 IT =   87   EPS =  0.5957685651175780E+01
 IT =   88   EPS =  0.5883629933882503E+01
 IT =   89   EPS =  0.5810264236730973E+01
 IT =   90   EPS =  0.5737613458205715E+01
 IT =   91   EPS =  0.5665699452805256E+01
 IT =   92   EPS =  0.5594541264775103E+01
 IT =   93   EPS =  0.5528032043694225E+01
 IT =   94   EPS =  0.5466601201680533E+01
 IT =   95   EPS =  0.5405622502220695E+01
 IT =   96   EPS =  0.5345118003914081E+01
 IT =   97   EPS =  0.5288181008171136E+01
 IT =   98   EPS =  0.5236611363136603E+01
 IT =   99   EPS =  0.5185251131802374E+01
 IT =  100   EPS =  0.5134125088529458E+01
 SOR3D_double Benchmark Completed.
 Size            =  384 x  384 x  384
 Iterations      =                100
 Time in seconds =               0.00
 Operation type  =     floating point
 Verification    =         SUCCESSFUL
 END OF SOR3D_double Benchmark

--------------------------------------------------
Command: gcov -b "./results\3d\d_sor3d\d_sor3d.f"
Output: 
File 'results/3d/d_sor3d/d_sor3d.f'
Lines executed:96.77% of 31
Branches executed:100.00% of 24
Taken at least once:91.67% of 24
Calls executed:90.91% of 33
Creating 'd_sor3d.f.gcov'

Lines executed:96.77% of 31

--------------------------------------------------
GCOV file copied from ./d_sor3d.f.gcov to ./results\3d\d_sor3d\d_sor3d.f.gcov
Command: "../SAPFOR/_bin/Release/Sapfor_F.exe" -parse -spf "./results\3d\d_sor3d\d_sor3d.f"
Output: 
SAPFOR version is 2410, build date: Apr 23 2025 11:52:44, c++ version 201703
  parse file './results\3d\d_sor3d\d_sor3d.f'
  options: -spf 
files compilation order:
  ./results\3d\d_sor3d\d_sor3d.f
Parsing was completed successfully

--------------------------------------------------
Command: "../SAPFOR/_bin/Release/Sapfor_F.exe" -passN GET_STATS_FOR_PREDICTOR -keepDVM
Output: 
SAPFOR version is 2410, build date: Apr 23 2025 11:52:44, c++ version 201703
code for pass GET_STATS_FOR_PREDICTOR is 79
RUN PASS with name VERIFY_FUNC_DECL
  Analyzing: results\3d\d_sor3d\d_sor3d.f
PROFILE: time for this pass = 0.000000 sec (total 0.001000 sec)
RUN PASS with name FILE_LINE_INFO
  Analyzing: results\3d\d_sor3d\d_sor3d.f
  All lines in project 71
PROFILE: time for this pass = 0.000000 sec (total 0.001000 sec)
RUN PASS with name BUILD_INCLUDE_DEPENDENCIES
  Analyzing: results\3d\d_sor3d\d_sor3d.f
PROFILE: time for this pass = 0.000000 sec (total 0.001000 sec)
RUN PASS with name CORRECT_VAR_DECL
  Analyzing: results\3d\d_sor3d\d_sor3d.f
PROFILE: time for this pass = 0.000000 sec (total 0.001000 sec)
RUN PASS with name VERIFY_OPERATORS
  Analyzing: results\3d\d_sor3d\d_sor3d.f
PROFILE: time for this pass = 0.000000 sec (total 0.001000 sec)
RUN PASS with name VERIFY_ENDDO
  Analyzing: results\3d\d_sor3d\d_sor3d.f
PROFILE: time for this pass = 0.000000 sec (total 0.001000 sec)
RUN PASS with name VERIFY_INCLUDES
  Analyzing: results\3d\d_sor3d\d_sor3d.f
PROFILE: time for this pass = 0.000000 sec (total 0.001000 sec)
RUN PASS with name PREPROC_ALLOCATES
  Analyzing: results\3d\d_sor3d\d_sor3d.f
PROFILE: time for this pass = 0.000000 sec (total 0.002000 sec)
RUN PASS with name CHECK_PAR_REG_DIR
  Analyzing: results\3d\d_sor3d\d_sor3d.f
PROFILE: time for this pass = 0.000000 sec (total 0.002000 sec)
RUN PASS with name FILL_PARALLEL_REG_IR
  Analyzing: results\3d\d_sor3d\d_sor3d.f
PROFILE: time for this pass = 0.000000 sec (total 0.002000 sec)
RUN PASS with name GET_ALL_ARRAY_DECL
  Analyzing: results\3d\d_sor3d\d_sor3d.f
PROFILE: time for this pass = 0.000000 sec (total 0.003000 sec)
RUN PASS with name FILL_COMMON_BLOCKS
  Analyzing: results\3d\d_sor3d\d_sor3d.f
PROFILE: time for this pass = 0.000000 sec (total 0.003000 sec)
RUN PASS with name PARSE_OMP_DIRS
  Analyzing: results\3d\d_sor3d\d_sor3d.f
PROFILE: time for this pass = 0.000000 sec (total 0.003000 sec)
RUN PASS with name PREPROC_SPF
  Analyzing: results\3d\d_sor3d\d_sor3d.f
PROFILE: time for this pass = 0.000000 sec (total 0.003000 sec)
RUN PASS with name CREATE_INTER_TREE
  Analyzing: results\3d\d_sor3d\d_sor3d.f
PROFILE: time for this pass = 0.000000 sec (total 0.004000 sec)
RUN PASS with name GCOV_PARSER
  Analyzing: results\3d\d_sor3d\d_sor3d.f
   Error: unable to open file statistic.txt
PROFILE: time for this pass = 0.000000 sec (total 0.004000 sec)
RUN PASS with name VERIFY_FORMAT
  Analyzing: results\3d\d_sor3d\d_sor3d.f
PROFILE: time for this pass = 0.000000 sec (total 0.004000 sec)
RUN PASS with name VERIFY_DVM_DIRS
  Analyzing: results\3d\d_sor3d\d_sor3d.f
PROFILE: time for this pass = 0.000000 sec (total 0.004000 sec)
RUN PASS with name PRIVATE_CALL_GRAPH_STAGE1
  Analyzing: results\3d\d_sor3d\d_sor3d.f
PROFILE: time for this pass = 0.000000 sec (total 0.004000 sec)
RUN PASS with name PRIVATE_CALL_GRAPH_STAGE2
  Analyzing: results\3d\d_sor3d\d_sor3d.f
PROFILE: time for this pass = 0.000000 sec (total 0.005000 sec)
RUN PASS with name MACRO_EXPANSION
  Analyzing: results\3d\d_sor3d\d_sor3d.f
PROFILE: time for this pass = 0.000000 sec (total 0.005000 sec)
RUN PASS with name CONVERT_ASSIGN_TO_LOOP
  Analyzing: results\3d\d_sor3d\d_sor3d.f
PROFILE: time for this pass = 0.000000 sec (total 0.005000 sec)
RUN PASS with name DEF_USE_STAGE1
  Analyzing: results\3d\d_sor3d\d_sor3d.f
PROFILE: time for this pass = 0.000000 sec (total 0.005000 sec)
RUN PASS with name DEF_USE_STAGE2
  Analyzing: results\3d\d_sor3d\d_sor3d.f
PROFILE: time for this pass = 0.000000 sec (total 0.005000 sec)
RUN PASS with name VERIFY_COMMON
  Analyzing: results\3d\d_sor3d\d_sor3d.f
PROFILE: time for this pass = 0.000000 sec (total 0.005000 sec)
RUN PASS with name CALL_GRAPH_IR
  Analyzing: results\3d\d_sor3d\d_sor3d.f
PROFILE: time for this pass = 0.000000 sec (total 0.006000 sec)
RUN PASS with name BUILD_IR
  Analyzing: results\3d\d_sor3d\d_sor3d.f
  count of functions 1, count of lvls 1
     RD time for 'sor3d_double' function is 0.000 sec, iters 6

PROFILE: time for this pass = 0.001000 sec (total 0.007000 sec)
RUN PASS with name SUBST_EXPR_RD
  Analyzing: results\3d\d_sor3d\d_sor3d.f
PROFILE: time for this pass = 0.000000 sec (total 0.007000 sec)
RUN PASS with name LOOP_GRAPH
  Analyzing: results\3d\d_sor3d\d_sor3d.f
PROFILE: time for this pass = 0.000000 sec (total 0.008000 sec)
RUN PASS with name CALL_GRAPH
  Analyzing: results\3d\d_sor3d\d_sor3d.f
PROFILE: time for this pass = 0.000000 sec (total 0.008000 sec)
RUN PASS with name CALL_GRAPH2
  Analyzing: results\3d\d_sor3d\d_sor3d.f
  run for func sor3d_double
  added conflict messages to loop on line 28
PROFILE: time for this pass = 0.000000 sec (total 0.008000 sec)
RUN PASS with name GET_STATS_FOR_PREDICTOR
  Analyzing: results\3d\d_sor3d\d_sor3d.f
    PAR LOOP [13 results\3d\d_sor3d\d_sor3d.f] total exec 340772739, total exec lines 10, avg 3.4077273899999999e+07
    PAR LOOP [35 results\3d\d_sor3d\d_sor3d.f] total exec 27944637300, total exec lines 8, avg 3.4930796625000000e+09
    average_parallel_exec 1.5714116688333333e+09
    parallel_rate 9.9999861062840012e-01
PROFILE: time for this pass = 0.001000 sec (total 0.010000 sec)

--------------------------------------------------
INFO.JSON file copied from ./info.json to ./results\3d\d_sor3d\info.json

==================================================
Processing of d_sor3d.f completed successfully at 2025-05-06 00:25:15
