=== Processing file: cons44.f ===
Date and time: 2025-04-23 11:58:09
Dimension: 4d
==================================================

Copied ./sources\4d\cons44.f to ./results\4d\cons44\cons44.f
Command: gfortran -O3 -g -fprofile-arcs -ftest-coverage "./results\4d\cons44\cons44.f" -o "./results\4d\cons44\cons44"
Output: 

--------------------------------------------------
Command: "./results\4d\cons44\cons44"
Output: 
 ===START OF CONS44========================
 CONS4401  -  complete
 CONS4402  -  complete
 CONS4403  -  complete
 CONS4404  -  complete
 CONS4405  -  complete
 CONS4406  -  complete
 CONS4407  -  complete
 CONS4408  -  complete
 CONS4409  -  complete
 CONS4410  -  complete
 CONS4411  -  complete
 CONS4412  -  complete
 CONS4413  -  complete
 CONS4414  -  complete
 CONS4415  -  complete
 CONS4416  -  complete
 === END OF CONS44 ========================= 

--------------------------------------------------
Command: gcov -b "./results\4d\cons44\cons44.f"
Output: 
File 'results/4d/cons44/cons44.f'
Lines executed:96.76% of 586
Branches executed:100.00% of 928
Taken at least once:82.76% of 928
Calls executed:24.32% of 185
Creating 'cons44.f.gcov'

Lines executed:96.76% of 586

--------------------------------------------------
GCOV file copied from ./cons44.f.gcov to ./results\4d\cons44\cons44.f.gcov
Command: "../SAPFOR/_bin/Release/Sapfor_F.exe" -parse -spf "./results\4d\cons44\cons44.f"
Output: 
SAPFOR version is 2410, build date: Apr 23 2025 11:52:44, c++ version 201703
  parse file './results\4d\cons44\cons44.f'
  options: -spf 
files compilation order:
  ./results\4d\cons44\cons44.f
Parsing was completed successfully

--------------------------------------------------
Command: "../SAPFOR/_bin/Release/Sapfor_F.exe" -passN GET_STATS_FOR_PREDICTOR -keepDVM
Output: 
SAPFOR version is 2410, build date: Apr 23 2025 11:52:44, c++ version 201703
code for pass GET_STATS_FOR_PREDICTOR is 79
RUN PASS with name VERIFY_FUNC_DECL
  Analyzing: results\4d\cons44\cons44.f
PROFILE: time for this pass = 0.001000 sec (total 0.005000 sec)
RUN PASS with name FILE_LINE_INFO
  Analyzing: results\4d\cons44\cons44.f
  All lines in project 1333
PROFILE: time for this pass = 0.001000 sec (total 0.007000 sec)
RUN PASS with name BUILD_INCLUDE_DEPENDENCIES
  Analyzing: results\4d\cons44\cons44.f
PROFILE: time for this pass = 0.001000 sec (total 0.009000 sec)
RUN PASS with name CORRECT_VAR_DECL
  Analyzing: results\4d\cons44\cons44.f
PROFILE: time for this pass = 0.001000 sec (total 0.010000 sec)
RUN PASS with name VERIFY_OPERATORS
  Analyzing: results\4d\cons44\cons44.f
PROFILE: time for this pass = 0.001000 sec (total 0.012000 sec)
RUN PASS with name VERIFY_ENDDO
  Analyzing: results\4d\cons44\cons44.f
PROFILE: time for this pass = 0.001000 sec (total 0.013000 sec)
RUN PASS with name VERIFY_INCLUDES
  Analyzing: results\4d\cons44\cons44.f
PROFILE: time for this pass = 0.001000 sec (total 0.014000 sec)
RUN PASS with name PREPROC_ALLOCATES
  Analyzing: results\4d\cons44\cons44.f
  attribute (90 results\4d\cons44\cons44.f) is added to declaration on line 85 of results\4d\cons44\cons44.f file
  attribute (135 results\4d\cons44\cons44.f) is added to declaration on line 85 of results\4d\cons44\cons44.f file
  attribute (148 results\4d\cons44\cons44.f) is added to declaration on line 142 of results\4d\cons44\cons44.f file
  attribute (203 results\4d\cons44\cons44.f) is added to declaration on line 142 of results\4d\cons44\cons44.f file
  attribute (218 results\4d\cons44\cons44.f) is added to declaration on line 210 of results\4d\cons44\cons44.f file
  attribute (283 results\4d\cons44\cons44.f) is added to declaration on line 210 of results\4d\cons44\cons44.f file
  attribute (296 results\4d\cons44\cons44.f) is added to declaration on line 291 of results\4d\cons44\cons44.f file
  attribute (341 results\4d\cons44\cons44.f) is added to declaration on line 291 of results\4d\cons44\cons44.f file
  attribute (353 results\4d\cons44\cons44.f) is added to declaration on line 348 of results\4d\cons44\cons44.f file
  attribute (404 results\4d\cons44\cons44.f) is added to declaration on line 348 of results\4d\cons44\cons44.f file
  attribute (417 results\4d\cons44\cons44.f) is added to declaration on line 411 of results\4d\cons44\cons44.f file
  attribute (482 results\4d\cons44\cons44.f) is added to declaration on line 411 of results\4d\cons44\cons44.f file
  attribute (497 results\4d\cons44\cons44.f) is added to declaration on line 489 of results\4d\cons44\cons44.f file
  attribute (572 results\4d\cons44\cons44.f) is added to declaration on line 489 of results\4d\cons44\cons44.f file
  attribute (585 results\4d\cons44\cons44.f) is added to declaration on line 580 of results\4d\cons44\cons44.f file
  attribute (636 results\4d\cons44\cons44.f) is added to declaration on line 580 of results\4d\cons44\cons44.f file
  attribute (648 results\4d\cons44\cons44.f) is added to declaration on line 643 of results\4d\cons44\cons44.f file
  attribute (705 results\4d\cons44\cons44.f) is added to declaration on line 643 of results\4d\cons44\cons44.f file
  attribute (718 results\4d\cons44\cons44.f) is added to declaration on line 712 of results\4d\cons44\cons44.f file
  attribute (793 results\4d\cons44\cons44.f) is added to declaration on line 712 of results\4d\cons44\cons44.f file
  attribute (808 results\4d\cons44\cons44.f) is added to declaration on line 800 of results\4d\cons44\cons44.f file
  attribute (893 results\4d\cons44\cons44.f) is added to declaration on line 800 of results\4d\cons44\cons44.f file
  attribute (906 results\4d\cons44\cons44.f) is added to declaration on line 901 of results\4d\cons44\cons44.f file
  attribute (963 results\4d\cons44\cons44.f) is added to declaration on line 901 of results\4d\cons44\cons44.f file
  attribute (975 results\4d\cons44\cons44.f) is added to declaration on line 970 of results\4d\cons44\cons44.f file
  attribute (1038 results\4d\cons44\cons44.f) is added to declaration on line 970 of results\4d\cons44\cons44.f file
  attribute (1051 results\4d\cons44\cons44.f) is added to declaration on line 1045 of results\4d\cons44\cons44.f file
  attribute (1136 results\4d\cons44\cons44.f) is added to declaration on line 1045 of results\4d\cons44\cons44.f file
  attribute (1151 results\4d\cons44\cons44.f) is added to declaration on line 1143 of results\4d\cons44\cons44.f file
  attribute (1246 results\4d\cons44\cons44.f) is added to declaration on line 1143 of results\4d\cons44\cons44.f file
  attribute (1259 results\4d\cons44\cons44.f) is added to declaration on line 1254 of results\4d\cons44\cons44.f file
  attribute (1322 results\4d\cons44\cons44.f) is added to declaration on line 1254 of results\4d\cons44\cons44.f file
PROFILE: time for this pass = 0.001000 sec (total 0.016000 sec)
RUN PASS with name CHECK_PAR_REG_DIR
  Analyzing: results\4d\cons44\cons44.f
PROFILE: time for this pass = 0.001000 sec (total 0.018000 sec)
RUN PASS with name FILL_PARALLEL_REG_IR
  Analyzing: results\4d\cons44\cons44.f
PROFILE: time for this pass = 0.002000 sec (total 0.021000 sec)
RUN PASS with name GET_ALL_ARRAY_DECL
  Analyzing: results\4d\cons44\cons44.f
PROFILE: time for this pass = 0.009000 sec (total 0.030000 sec)
RUN PASS with name FILL_COMMON_BLOCKS
  Analyzing: results\4d\cons44\cons44.f
PROFILE: time for this pass = 0.002000 sec (total 0.033000 sec)
RUN PASS with name PARSE_OMP_DIRS
  Analyzing: results\4d\cons44\cons44.f
PROFILE: time for this pass = 0.001000 sec (total 0.034000 sec)
RUN PASS with name PREPROC_SPF
  Analyzing: results\4d\cons44\cons44.f
PROFILE: time for this pass = 0.001000 sec (total 0.036000 sec)
RUN PASS with name CREATE_INTER_TREE
  Analyzing: results\4d\cons44\cons44.f
PROFILE: time for this pass = 0.004000 sec (total 0.041000 sec)
RUN PASS with name GCOV_PARSER
  Analyzing: results\4d\cons44\cons44.f
   Error: unable to open file statistic.txt
PROFILE: time for this pass = 0.003000 sec (total 0.045000 sec)
RUN PASS with name VERIFY_FORMAT
  Analyzing: results\4d\cons44\cons44.f
PROFILE: time for this pass = 0.001000 sec (total 0.046000 sec)
RUN PASS with name VERIFY_DVM_DIRS
  Analyzing: results\4d\cons44\cons44.f
PROFILE: time for this pass = 0.001000 sec (total 0.047000 sec)
RUN PASS with name PRIVATE_CALL_GRAPH_STAGE1
  Analyzing: results\4d\cons44\cons44.f
PROFILE: time for this pass = 0.001000 sec (total 0.049000 sec)
RUN PASS with name PRIVATE_CALL_GRAPH_STAGE2
  Analyzing: results\4d\cons44\cons44.f
PROFILE: time for this pass = 0.001000 sec (total 0.050000 sec)
RUN PASS with name MACRO_EXPANSION
  Analyzing: results\4d\cons44\cons44.f
PROFILE: time for this pass = 0.001000 sec (total 0.051000 sec)
RUN PASS with name CONVERT_ASSIGN_TO_LOOP
  Analyzing: results\4d\cons44\cons44.f
PROFILE: time for this pass = 0.003000 sec (total 0.055000 sec)
RUN PASS with name DEF_USE_STAGE1
  Analyzing: results\4d\cons44\cons44.f
PROFILE: time for this pass = 0.004000 sec (total 0.059000 sec)
RUN PASS with name DEF_USE_STAGE2
  Analyzing: results\4d\cons44\cons44.f
PROFILE: time for this pass = 0.001000 sec (total 0.061000 sec)
RUN PASS with name VERIFY_COMMON
  Analyzing: results\4d\cons44\cons44.f
PROFILE: time for this pass = 0.001000 sec (total 0.062000 sec)
RUN PASS with name CALL_GRAPH_IR
  Analyzing: results\4d\cons44\cons44.f
PROFILE: time for this pass = 0.003000 sec (total 0.066000 sec)
RUN PASS with name BUILD_IR
  Analyzing: results\4d\cons44\cons44.f
  count of functions 19, count of lvls 3
     RD time for 'ansno' function is 0.000 sec, iters 1
     RD time for 'ansyes' function is 0.000 sec, iters 1

     RD time for 'cons4405' function is 0.000 sec, iters 6
     RD time for 'cons4402' function is 0.000 sec, iters 6
     RD time for 'cons4404' function is 0.000 sec, iters 6
     RD time for 'cons4409' function is 0.001 sec, iters 6
     RD time for 'cons4407' function is 0.001 sec, iters 6
     RD time for 'cons4410' function is 0.001 sec, iters 6
     RD time for 'cons4403' function is 0.001 sec, iters 6
     RD time for 'cons4406' function is 0.001 sec, iters 6
     RD time for 'cons4401' function is 0.000 sec, iters 6
     RD time for 'cons4408' function is 0.000 sec, iters 6
     RD time for 'cons4411' function is 0.001 sec, iters 6
     RD time for 'cons4412' function is 0.001 sec, iters 6
     RD time for 'cons4416' function is 0.001 sec, iters 6
     RD time for 'cons4415' function is 0.002 sec, iters 6
     RD time for 'cons4413' function is 0.001 sec, iters 6
     RD time for 'cons4414' function is 0.002 sec, iters 6

     RD time for 'cons44' function is 0.000 sec, iters 1

PROFILE: time for this pass = 0.033000 sec (total 0.099000 sec)
RUN PASS with name SUBST_EXPR_RD
  Analyzing: results\4d\cons44\cons44.f
PROFILE: time for this pass = 0.009000 sec (total 0.108000 sec)
RUN PASS with name LOOP_GRAPH
  Analyzing: results\4d\cons44\cons44.f
PROFILE: time for this pass = 0.007000 sec (total 0.116000 sec)
RUN PASS with name CALL_GRAPH
  Analyzing: results\4d\cons44\cons44.f
PROFILE: time for this pass = 0.007000 sec (total 0.124000 sec)
RUN PASS with name CALL_GRAPH2
  Analyzing: results\4d\cons44\cons44.f
  run for func cons44
  run for func cons4401
  run for func cons4402
  run for func cons4403
  run for func cons4404
  run for func cons4405
  run for func cons4406
  run for func cons4407
  run for func cons4408
  run for func cons4409
  run for func cons4410
  run for func cons4411
  run for func cons4412
  run for func cons4413
  run for func cons4414
  run for func cons4415
  run for func cons4416
  run for func ansyes
  run for func ansno
  added conflict messages to loop on line 113
  added conflict messages to loop on line 175
  added conflict messages to loop on line 181
  added conflict messages to loop on line 255
  added conflict messages to loop on line 261
  added conflict messages to loop on line 319
  added conflict messages to loop on line 381
  added conflict messages to loop on line 451
  added conflict messages to loop on line 459
  added conflict messages to loop on line 541
  added conflict messages to loop on line 549
  added conflict messages to loop on line 613
  added conflict messages to loop on line 681
  added conflict messages to loop on line 759
  added conflict messages to loop on line 769
  added conflict messages to loop on line 859
  added conflict messages to loop on line 869
  added conflict messages to loop on line 939
  added conflict messages to loop on line 1013
  added conflict messages to loop on line 1099
  added conflict messages to loop on line 1111
  added conflict messages to loop on line 1209
  added conflict messages to loop on line 1221
  added conflict messages to loop on line 1297
PROFILE: time for this pass = 0.005000 sec (total 0.130000 sec)
RUN PASS with name GET_STATS_FOR_PREDICTOR
  Analyzing: results\4d\cons44\cons44.f
    PAR LOOP [97 results\4d\cons44\cons44.f] total exec 15275, total exec lines 8, avg 1.9093750000000000e+03
    PAR LOOP [107 results\4d\cons44\cons44.f] total exec 18, total exec lines 2, avg 9.0000000000000000e+00
    PAR LOOP [121 results\4d\cons44\cons44.f] total exec 15275, total exec lines 8, avg 1.9093750000000000e+03
    PAR LOOP [155 results\4d\cons44\cons44.f] total exec 15275, total exec lines 8, avg 1.9093750000000000e+03
    PAR LOOP [165 results\4d\cons44\cons44.f] total exec 18, total exec lines 2, avg 9.0000000000000000e+00
    PAR LOOP [169 results\4d\cons44\cons44.f] total exec 18, total exec lines 2, avg 9.0000000000000000e+00
    PAR LOOP [189 results\4d\cons44\cons44.f] total exec 15275, total exec lines 8, avg 1.9093750000000000e+03
    PAR LOOP [225 results\4d\cons44\cons44.f] total exec 15275, total exec lines 8, avg 1.9093750000000000e+03
    PAR LOOP [235 results\4d\cons44\cons44.f] total exec 15275, total exec lines 8, avg 1.9093750000000000e+03
    PAR LOOP [245 results\4d\cons44\cons44.f] total exec 18, total exec lines 2, avg 9.0000000000000000e+00
    PAR LOOP [249 results\4d\cons44\cons44.f] total exec 18, total exec lines 2, avg 9.0000000000000000e+00
    PAR LOOP [269 results\4d\cons44\cons44.f] total exec 15275, total exec lines 8, avg 1.9093750000000000e+03
    PAR LOOP [303 results\4d\cons44\cons44.f] total exec 218707, total exec lines 8, avg 2.7338375000000000e+04
    PAR LOOP [313 results\4d\cons44\cons44.f] total exec 34, total exec lines 2, avg 1.7000000000000000e+01
    PAR LOOP [327 results\4d\cons44\cons44.f] total exec 218707, total exec lines 8, avg 2.7338375000000000e+04
    PAR LOOP [362 results\4d\cons44\cons44.f] total exec 15275, total exec lines 8, avg 1.9093750000000000e+03
    PAR LOOP [372 results\4d\cons44\cons44.f] total exec 227, total exec lines 4, avg 5.6750000000000000e+01
    PAR LOOP [390 results\4d\cons44\cons44.f] total exec 15275, total exec lines 8, avg 1.9093750000000000e+03
    PAR LOOP [426 results\4d\cons44\cons44.f] total exec 15275, total exec lines 8, avg 1.9093750000000000e+03
    PAR LOOP [436 results\4d\cons44\cons44.f] total exec 227, total exec lines 4, avg 5.6750000000000000e+01
    PAR LOOP [442 results\4d\cons44\cons44.f] total exec 227, total exec lines 4, avg 5.6750000000000000e+01
    PAR LOOP [468 results\4d\cons44\cons44.f] total exec 15275, total exec lines 8, avg 1.9093750000000000e+03
    PAR LOOP [506 results\4d\cons44\cons44.f] total exec 15275, total exec lines 8, avg 1.9093750000000000e+03
    PAR LOOP [516 results\4d\cons44\cons44.f] total exec 15275, total exec lines 8, avg 1.9093750000000000e+03
    PAR LOOP [526 results\4d\cons44\cons44.f] total exec 227, total exec lines 4, avg 5.6750000000000000e+01
    PAR LOOP [532 results\4d\cons44\cons44.f] total exec 227, total exec lines 4, avg 5.6750000000000000e+01
    PAR LOOP [558 results\4d\cons44\cons44.f] total exec 15275, total exec lines 8, avg 1.9093750000000000e+03
    PAR LOOP [594 results\4d\cons44\cons44.f] total exec 218707, total exec lines 8, avg 2.7338375000000000e+04
    PAR LOOP [604 results\4d\cons44\cons44.f] total exec 835, total exec lines 4, avg 2.0875000000000000e+02
    PAR LOOP [622 results\4d\cons44\cons44.f] total exec 218707, total exec lines 8, avg 2.7338375000000000e+04
    PAR LOOP [659 results\4d\cons44\cons44.f] total exec 15275, total exec lines 8, avg 1.9093750000000000e+03
    PAR LOOP [669 results\4d\cons44\cons44.f] total exec 1899, total exec lines 6, avg 3.1650000000000000e+02
    PAR LOOP [691 results\4d\cons44\cons44.f] total exec 15275, total exec lines 8, avg 1.9093750000000000e+03
    PAR LOOP [729 results\4d\cons44\cons44.f] total exec 15275, total exec lines 8, avg 1.9093750000000000e+03
    PAR LOOP [739 results\4d\cons44\cons44.f] total exec 1899, total exec lines 6, avg 3.1650000000000000e+02
    PAR LOOP [747 results\4d\cons44\cons44.f] total exec 1899, total exec lines 6, avg 3.1650000000000000e+02
    PAR LOOP [779 results\4d\cons44\cons44.f] total exec 15275, total exec lines 8, avg 1.9093750000000000e+03
    PAR LOOP [819 results\4d\cons44\cons44.f] total exec 15275, total exec lines 8, avg 1.9093750000000000e+03
    PAR LOOP [829 results\4d\cons44\cons44.f] total exec 15275, total exec lines 8, avg 1.9093750000000000e+03
    PAR LOOP [839 results\4d\cons44\cons44.f] total exec 1899, total exec lines 6, avg 3.1650000000000000e+02
    PAR LOOP [847 results\4d\cons44\cons44.f] total exec 1899, total exec lines 6, avg 3.1650000000000000e+02
    PAR LOOP [879 results\4d\cons44\cons44.f] total exec 15275, total exec lines 8, avg 1.9093750000000000e+03
    PAR LOOP [917 results\4d\cons44\cons44.f] total exec 218707, total exec lines 8, avg 2.7338375000000000e+04
    PAR LOOP [927 results\4d\cons44\cons44.f] total exec 13651, total exec lines 6, avg 2.2751666666666665e+03
    PAR LOOP [949 results\4d\cons44\cons44.f] total exec 218707, total exec lines 8, avg 2.7338375000000000e+04
    PAR LOOP [988 results\4d\cons44\cons44.f] total exec 15275, total exec lines 8, avg 1.9093750000000000e+03
    PAR LOOP [998 results\4d\cons44\cons44.f] total exec 15275, total exec lines 8, avg 1.9093750000000000e+03
    PAR LOOP [1024 results\4d\cons44\cons44.f] total exec 15275, total exec lines 8, avg 1.9093750000000000e+03
    PAR LOOP [1064 results\4d\cons44\cons44.f] total exec 15275, total exec lines 8, avg 1.9093750000000000e+03
    PAR LOOP [1074 results\4d\cons44\cons44.f] total exec 15275, total exec lines 8, avg 1.9093750000000000e+03
    PAR LOOP [1084 results\4d\cons44\cons44.f] total exec 15275, total exec lines 8, avg 1.9093750000000000e+03
    PAR LOOP [1122 results\4d\cons44\cons44.f] total exec 15275, total exec lines 8, avg 1.9093750000000000e+03
    PAR LOOP [1164 results\4d\cons44\cons44.f] total exec 15275, total exec lines 8, avg 1.9093750000000000e+03
    PAR LOOP [1174 results\4d\cons44\cons44.f] total exec 15275, total exec lines 8, avg 1.9093750000000000e+03
    PAR LOOP [1184 results\4d\cons44\cons44.f] total exec 15275, total exec lines 8, avg 1.9093750000000000e+03
    PAR LOOP [1194 results\4d\cons44\cons44.f] total exec 15275, total exec lines 8, avg 1.9093750000000000e+03
    PAR LOOP [1232 results\4d\cons44\cons44.f] total exec 15275, total exec lines 8, avg 1.9093750000000000e+03
    PAR LOOP [1272 results\4d\cons44\cons44.f] total exec 218707, total exec lines 8, avg 2.7338375000000000e+04
    PAR LOOP [1282 results\4d\cons44\cons44.f] total exec 218707, total exec lines 8, avg 2.7338375000000000e+04
    PAR LOOP [1308 results\4d\cons44\cons44.f] total exec 218707, total exec lines 8, avg 2.7338375000000000e+04
    average_parallel_exec 6.1217598039215691e+03
    parallel_rate 7.7924252105286806e-01
PROFILE: time for this pass = 0.134000 sec (total 0.265000 sec)

--------------------------------------------------
INFO.JSON file copied from ./info.json to ./results\4d\cons44\info.json

==================================================
Processing of cons44.f completed successfully at 2025-04-23 11:58:12
