=== Processing file: realign11.f ===
Date and time: 2025-04-18 17:42:31
Dimension: 1d
==================================================

Copied ./sources\1d\realign11.f to ./results\1d\realign11\realign11.f
Command: gfortran -O3 -g -fprofile-arcs -ftest-coverage "./results\1d\realign11\realign11.f" -o "./results\1d\realign11\realign11"
Output: 

--------------------------------------------------
Command: "./results\1d\realign11\realign11"
Output: 
 ===START OF realign11========================
 realign111  -  complete
 realign112  -  complete
 realign113  -  complete
 realign114  -  complete
 realign115  -  complete
 realign116  -  complete
 === END OF realign11 ========================= 

--------------------------------------------------
Command: gcov -b "./results\1d\realign11\realign11.f"
Output: 
File 'results/1d/realign11/realign11.f'
Lines executed:64.84% of 182
Branches executed:75.26% of 194
Taken at least once:50.52% of 194
Calls executed:35.21% of 71
Creating 'realign11.f.gcov'

Lines executed:64.84% of 182

--------------------------------------------------
GCOV file copied from ./realign11.f.gcov to ./results\1d\realign11\realign11.f.gcov
Command: "../SAPFOR/_bin/Release/Sapfor_F.exe" -parse -spf "./results\1d\realign11\realign11.f"
Output: 
SAPFOR version is 2409, build date: Apr 17 2025 18:48:12, c++ version 201703
  parse file './results\1d\realign11\realign11.f'
  options: -spf 
files compilation order:
  ./results\1d\realign11\realign11.f
Parsing was completed successfully

--------------------------------------------------
Command: "../SAPFOR/_bin/Release/Sapfor_F.exe" -passN GET_STATS_FOR_PREDICTOR -keepDVM
Output: 
SAPFOR version is 2409, build date: Apr 17 2025 18:48:12, c++ version 201703
code for pass GET_STATS_FOR_PREDICTOR is 79
RUN PASS with name VERIFY_FUNC_DECL
  Analyzing: results\1d\realign11\realign11.f
PROFILE: time for this pass = 0.000000 sec (total 0.001000 sec)
RUN PASS with name FILE_LINE_INFO
  Analyzing: results\1d\realign11\realign11.f
  All lines in project 558
PROFILE: time for this pass = 0.000000 sec (total 0.002000 sec)
RUN PASS with name BUILD_INCLUDE_DEPENDENCIES
  Analyzing: results\1d\realign11\realign11.f
PROFILE: time for this pass = 0.000000 sec (total 0.002000 sec)
RUN PASS with name CORRECT_VAR_DECL
  Analyzing: results\1d\realign11\realign11.f
PROFILE: time for this pass = 0.000000 sec (total 0.003000 sec)
RUN PASS with name VERIFY_OPERATORS
  Analyzing: results\1d\realign11\realign11.f
PROFILE: time for this pass = 0.000000 sec (total 0.003000 sec)
RUN PASS with name VERIFY_ENDDO
  Analyzing: results\1d\realign11\realign11.f
PROFILE: time for this pass = 0.000000 sec (total 0.003000 sec)
RUN PASS with name VERIFY_INCLUDES
  Analyzing: results\1d\realign11\realign11.f
PROFILE: time for this pass = 0.000000 sec (total 0.004000 sec)
RUN PASS with name PREPROC_ALLOCATES
  Analyzing: results\1d\realign11\realign11.f
  attribute (52 results\1d\realign11\realign11.f) is added to declaration on line 45 of results\1d\realign11\realign11.f file
  attribute (98 results\1d\realign11\realign11.f) is added to declaration on line 45 of results\1d\realign11\realign11.f file
  attribute (118 results\1d\realign11\realign11.f) is added to declaration on line 111 of results\1d\realign11\realign11.f file
  attribute (163 results\1d\realign11\realign11.f) is added to declaration on line 111 of results\1d\realign11\realign11.f file
  attribute (182 results\1d\realign11\realign11.f) is added to declaration on line 175 of results\1d\realign11\realign11.f file
  attribute (227 results\1d\realign11\realign11.f) is added to declaration on line 175 of results\1d\realign11\realign11.f file
  attribute (246 results\1d\realign11\realign11.f) is added to declaration on line 239 of results\1d\realign11\realign11.f file
  attribute (294 results\1d\realign11\realign11.f) is added to declaration on line 239 of results\1d\realign11\realign11.f file
  attribute (313 results\1d\realign11\realign11.f) is added to declaration on line 306 of results\1d\realign11\realign11.f file
  attribute (361 results\1d\realign11\realign11.f) is added to declaration on line 306 of results\1d\realign11\realign11.f file
  attribute (380 results\1d\realign11\realign11.f) is added to declaration on line 373 of results\1d\realign11\realign11.f file
  attribute (426 results\1d\realign11\realign11.f) is added to declaration on line 373 of results\1d\realign11\realign11.f file
  attribute (445 results\1d\realign11\realign11.f) is added to declaration on line 438 of results\1d\realign11\realign11.f file
  attribute (485 results\1d\realign11\realign11.f) is added to declaration on line 438 of results\1d\realign11\realign11.f file
  attribute (504 results\1d\realign11\realign11.f) is added to declaration on line 497 of results\1d\realign11\realign11.f file
  attribute (545 results\1d\realign11\realign11.f) is added to declaration on line 497 of results\1d\realign11\realign11.f file
PROFILE: time for this pass = 0.000000 sec (total 0.004000 sec)
RUN PASS with name CHECK_PAR_REG_DIR
  Analyzing: results\1d\realign11\realign11.f
PROFILE: time for this pass = 0.000000 sec (total 0.005000 sec)
RUN PASS with name FILL_PARALLEL_REG_IR
  Analyzing: results\1d\realign11\realign11.f
PROFILE: time for this pass = 0.000000 sec (total 0.005000 sec)
RUN PASS with name GET_ALL_ARRAY_DECL
  Analyzing: results\1d\realign11\realign11.f
PROFILE: time for this pass = 0.002000 sec (total 0.007000 sec)
RUN PASS with name FILL_COMMON_BLOCKS
  Analyzing: results\1d\realign11\realign11.f
PROFILE: time for this pass = 0.000000 sec (total 0.008000 sec)
RUN PASS with name PARSE_OMP_DIRS
  Analyzing: results\1d\realign11\realign11.f
PROFILE: time for this pass = 0.000000 sec (total 0.008000 sec)
RUN PASS with name PREPROC_SPF
  Analyzing: results\1d\realign11\realign11.f
PROFILE: time for this pass = 0.000000 sec (total 0.009000 sec)
RUN PASS with name CREATE_INTER_TREE
  Analyzing: results\1d\realign11\realign11.f
PROFILE: time for this pass = 0.001000 sec (total 0.010000 sec)
RUN PASS with name GCOV_PARSER
  Analyzing: results\1d\realign11\realign11.f
   Error: unable to open file statistic.txt
PROFILE: time for this pass = 0.001000 sec (total 0.011000 sec)
RUN PASS with name VERIFY_FORMAT
  Analyzing: results\1d\realign11\realign11.f
PROFILE: time for this pass = 0.000000 sec (total 0.012000 sec)
RUN PASS with name VERIFY_DVM_DIRS
  Analyzing: results\1d\realign11\realign11.f
PROFILE: time for this pass = 0.000000 sec (total 0.012000 sec)
RUN PASS with name PRIVATE_CALL_GRAPH_STAGE1
  Analyzing: results\1d\realign11\realign11.f
PROFILE: time for this pass = 0.000000 sec (total 0.012000 sec)
RUN PASS with name PRIVATE_CALL_GRAPH_STAGE2
  Analyzing: results\1d\realign11\realign11.f
PROFILE: time for this pass = 0.000000 sec (total 0.012000 sec)
RUN PASS with name MACRO_EXPANSION
  Analyzing: results\1d\realign11\realign11.f
PROFILE: time for this pass = 0.000000 sec (total 0.013000 sec)
RUN PASS with name CONVERT_ASSIGN_TO_LOOP
  Analyzing: results\1d\realign11\realign11.f
was on line 120 file results\1d\realign11\realign11.f
      b1 = 1
      do  i_0 = 0,3
         b1(i_0 + 1) = 1
      enddo  
was on line 184 file results\1d\realign11\realign11.f
      b1 = 1
      do  i_1 = 0,3
         b1(i_1 + 1) = 1
      enddo  
PROFILE: time for this pass = 0.000000 sec (total 0.014000 sec)
RUN PASS with name DEF_USE_STAGE1
  Analyzing: results\1d\realign11\realign11.f
PROFILE: time for this pass = 0.000000 sec (total 0.015000 sec)
RUN PASS with name DEF_USE_STAGE2
  Analyzing: results\1d\realign11\realign11.f
PROFILE: time for this pass = 0.000000 sec (total 0.015000 sec)
RUN PASS with name VERIFY_COMMON
  Analyzing: results\1d\realign11\realign11.f
PROFILE: time for this pass = 0.000000 sec (total 0.015000 sec)
RUN PASS with name CALL_GRAPH_IR
  Analyzing: results\1d\realign11\realign11.f
PROFILE: time for this pass = 0.000000 sec (total 0.016000 sec)
RUN PASS with name BUILD_IR
  Analyzing: results\1d\realign11\realign11.f
  count of functions 11, count of lvls 3
     RD time for 'realign112r' function is 0.000 sec, iters 3
     RD time for 'realign113r' function is 0.000 sec, iters 3
     RD time for 'ansyes' function is 0.000 sec, iters 1
     RD time for 'ansno' function is 0.000 sec, iters 1

     RD time for 'realign111' function is 0.000 sec, iters 3
     RD time for 'realign112' function is 0.000 sec, iters 3
     RD time for 'realign113' function is 0.000 sec, iters 3
     RD time for 'realign116' function is 0.000 sec, iters 3
     RD time for 'realign114' function is 0.000 sec, iters 3
     RD time for 'realign115' function is 0.000 sec, iters 3

     RD time for 'realign11' function is 0.000 sec, iters 1

PROFILE: time for this pass = 0.002000 sec (total 0.019000 sec)
RUN PASS with name SUBST_EXPR_RD
  Analyzing: results\1d\realign11\realign11.f
PROFILE: time for this pass = 0.001000 sec (total 0.020000 sec)
RUN PASS with name LOOP_GRAPH
  Analyzing: results\1d\realign11\realign11.f
PROFILE: time for this pass = 0.001000 sec (total 0.022000 sec)
RUN PASS with name CALL_GRAPH
  Analyzing: results\1d\realign11\realign11.f
PROFILE: time for this pass = 0.001000 sec (total 0.023000 sec)
RUN PASS with name CALL_GRAPH2
  Analyzing: results\1d\realign11\realign11.f
  run for func realign11
  run for func realign111
  run for func realign112
  run for func realign112r
  run for func realign113
  run for func realign113r
  run for func realign114
  run for func realign115
  run for func realign116
  run for func ansyes
  run for func ansno
PROFILE: time for this pass = 0.000000 sec (total 0.024000 sec)
RUN PASS with name GET_STATS_FOR_PREDICTOR
  Analyzing: results\1d\realign11\realign11.f
    PAR LOOP [56 results\1d\realign11\realign11.f] total exec 18, total exec lines 2, avg 9.0000000000000000e+00
    PAR LOOP [61 results\1d\realign11\realign11.f] total exec 117, total exec lines 6, avg 1.9500000000000000e+01
    PAR LOOP [79 results\1d\realign11\realign11.f] total exec 51, total exec lines 8, avg 6.3750000000000000e+00
    PAR LOOP [126 results\1d\realign11\realign11.f] total exec 73, total exec lines 6, avg 1.2166666666666666e+01
    PAR LOOP [144 results\1d\realign11\realign11.f] total exec 27, total exec lines 8, avg 3.3750000000000000e+00
    PAR LOOP [190 results\1d\realign11\realign11.f] total exec 0, total exec lines 6, avg 0.0000000000000000e+00
    PAR LOOP [208 results\1d\realign11\realign11.f] total exec 0, total exec lines 8, avg 0.0000000000000000e+00
    PAR LOOP [250 results\1d\realign11\realign11.f] total exec 14, total exec lines 2, avg 7.0000000000000000e+00
    PAR LOOP [258 results\1d\realign11\realign11.f] total exec 133, total exec lines 6, avg 2.2166666666666668e+01
    PAR LOOP [276 results\1d\realign11\realign11.f] total exec 39, total exec lines 8, avg 4.8750000000000000e+00
    PAR LOOP [317 results\1d\realign11\realign11.f] total exec 0, total exec lines 2, avg 0.0000000000000000e+00
    PAR LOOP [325 results\1d\realign11\realign11.f] total exec 0, total exec lines 6, avg 0.0000000000000000e+00
    PAR LOOP [343 results\1d\realign11\realign11.f] total exec 0, total exec lines 8, avg 0.0000000000000000e+00
    PAR LOOP [384 results\1d\realign11\realign11.f] total exec 18, total exec lines 2, avg 9.0000000000000000e+00
    PAR LOOP [389 results\1d\realign11\realign11.f] total exec 113, total exec lines 6, avg 1.8833333333333332e+01
    PAR LOOP [407 results\1d\realign11\realign11.f] total exec 51, total exec lines 8, avg 6.3750000000000000e+00
    PAR LOOP [453 results\1d\realign11\realign11.f] total exec 50, total exec lines 2, avg 2.5000000000000000e+01
    PAR LOOP [466 results\1d\realign11\realign11.f] total exec 51, total exec lines 8, avg 6.3750000000000000e+00
    PAR LOOP [508 results\1d\realign11\realign11.f] total exec 18, total exec lines 2, avg 9.0000000000000000e+00
    PAR LOOP [513 results\1d\realign11\realign11.f] total exec 74, total exec lines 2, avg 3.7000000000000000e+01
    PAR LOOP [524 results\1d\realign11\realign11.f] total exec 27, total exec lines 4, avg 6.7500000000000000e+00
    PAR LOOP [530 results\1d\realign11\realign11.f] total exec 111, total exec lines 4, avg 2.7750000000000000e+01
    average_parallel_exec 8.6403508771929829e+00
    parallel_rate 7.3125463994060880e-01

--------------------------------------------------
INFO.JSON file copied from ./info.json to ./results\1d\realign11\info.json

==================================================
Processing of realign11.f completed successfully at 2025-04-18 17:42:31
