=== Processing file: sha32.f ===
Date and time: 2025-05-06 00:26:21
Dimension: 3d
==================================================

Copied ./sources\3d\sha32.f to ./results\3d\sha32\sha32.f
Command: gfortran -O3 -g -fprofile-arcs -ftest-coverage "./results\3d\sha32\sha32.f" -o "./results\3d\sha32\sha32"
Output: 

--------------------------------------------------
Command: "./results\3d\sha32\sha32"
Output: 
 ===START OF SHA32========================
 SHA3201  -  complete
 SHA3202  -  complete
 SHA3203  -  complete
 SHA3204  -  complete
 === END OF SHA32 ========================= 

--------------------------------------------------
Command: gcov -b "./results\3d\sha32\sha32.f"
Output: 
File 'results/3d/sha32/sha32.f'
Lines executed:91.07% of 168
Branches executed:100.00% of 230
Taken at least once:66.96% of 230
Calls executed:28.09% of 89
Creating 'sha32.f.gcov'

Lines executed:91.07% of 168

--------------------------------------------------
GCOV file copied from ./sha32.f.gcov to ./results\3d\sha32\sha32.f.gcov
Command: "../SAPFOR/_bin/Release/Sapfor_F.exe" -parse -spf "./results\3d\sha32\sha32.f"
Output: 
SAPFOR version is 2410, build date: Apr 23 2025 11:52:44, c++ version 201703
  parse file './results\3d\sha32\sha32.f'
  options: -spf 
files compilation order:
  ./results\3d\sha32\sha32.f
Parsing was completed successfully

--------------------------------------------------
Command: "../SAPFOR/_bin/Release/Sapfor_F.exe" -passN GET_STATS_FOR_PREDICTOR -keepDVM
Output: 
SAPFOR version is 2410, build date: Apr 23 2025 11:52:44, c++ version 201703
code for pass GET_STATS_FOR_PREDICTOR is 79
RUN PASS with name VERIFY_FUNC_DECL
  Analyzing: results\3d\sha32\sha32.f
PROFILE: time for this pass = 0.000000 sec (total 0.002000 sec)
RUN PASS with name FILE_LINE_INFO
  Analyzing: results\3d\sha32\sha32.f
  All lines in project 335
PROFILE: time for this pass = 0.000000 sec (total 0.003000 sec)
RUN PASS with name BUILD_INCLUDE_DEPENDENCIES
  Analyzing: results\3d\sha32\sha32.f
PROFILE: time for this pass = 0.000000 sec (total 0.003000 sec)
RUN PASS with name CORRECT_VAR_DECL
  Analyzing: results\3d\sha32\sha32.f
PROFILE: time for this pass = 0.000000 sec (total 0.004000 sec)
RUN PASS with name VERIFY_OPERATORS
  Analyzing: results\3d\sha32\sha32.f
PROFILE: time for this pass = 0.000000 sec (total 0.004000 sec)
RUN PASS with name VERIFY_ENDDO
  Analyzing: results\3d\sha32\sha32.f
PROFILE: time for this pass = 0.000000 sec (total 0.005000 sec)
RUN PASS with name VERIFY_INCLUDES
  Analyzing: results\3d\sha32\sha32.f
PROFILE: time for this pass = 0.000000 sec (total 0.005000 sec)
RUN PASS with name PREPROC_ALLOCATES
  Analyzing: results\3d\sha32\sha32.f
  attribute (37 results\3d\sha32\sha32.f) is added to declaration on line 27 of results\3d\sha32\sha32.f file
  attribute (38 results\3d\sha32\sha32.f) is added to declaration on line 28 of results\3d\sha32\sha32.f file
  attribute (98 results\3d\sha32\sha32.f) is added to declaration on line 27 of results\3d\sha32\sha32.f file
  attribute (98 results\3d\sha32\sha32.f) is added to declaration on line 28 of results\3d\sha32\sha32.f file
  attribute (116 results\3d\sha32\sha32.f) is added to declaration on line 106 of results\3d\sha32\sha32.f file
  attribute (117 results\3d\sha32\sha32.f) is added to declaration on line 107 of results\3d\sha32\sha32.f file
  attribute (170 results\3d\sha32\sha32.f) is added to declaration on line 107 of results\3d\sha32\sha32.f file
  attribute (170 results\3d\sha32\sha32.f) is added to declaration on line 106 of results\3d\sha32\sha32.f file
  attribute (188 results\3d\sha32\sha32.f) is added to declaration on line 178 of results\3d\sha32\sha32.f file
  attribute (189 results\3d\sha32\sha32.f) is added to declaration on line 179 of results\3d\sha32\sha32.f file
  attribute (242 results\3d\sha32\sha32.f) is added to declaration on line 179 of results\3d\sha32\sha32.f file
  attribute (242 results\3d\sha32\sha32.f) is added to declaration on line 178 of results\3d\sha32\sha32.f file
  attribute (260 results\3d\sha32\sha32.f) is added to declaration on line 250 of results\3d\sha32\sha32.f file
  attribute (261 results\3d\sha32\sha32.f) is added to declaration on line 251 of results\3d\sha32\sha32.f file
  attribute (312 results\3d\sha32\sha32.f) is added to declaration on line 251 of results\3d\sha32\sha32.f file
  attribute (312 results\3d\sha32\sha32.f) is added to declaration on line 250 of results\3d\sha32\sha32.f file
PROFILE: time for this pass = 0.000000 sec (total 0.006000 sec)
RUN PASS with name CHECK_PAR_REG_DIR
  Analyzing: results\3d\sha32\sha32.f
PROFILE: time for this pass = 0.000000 sec (total 0.007000 sec)
RUN PASS with name FILL_PARALLEL_REG_IR
  Analyzing: results\3d\sha32\sha32.f
PROFILE: time for this pass = 0.000000 sec (total 0.008000 sec)
RUN PASS with name GET_ALL_ARRAY_DECL
  Analyzing: results\3d\sha32\sha32.f
PROFILE: time for this pass = 0.004000 sec (total 0.012000 sec)
RUN PASS with name FILL_COMMON_BLOCKS
  Analyzing: results\3d\sha32\sha32.f
PROFILE: time for this pass = 0.000000 sec (total 0.012000 sec)
RUN PASS with name PARSE_OMP_DIRS
  Analyzing: results\3d\sha32\sha32.f
PROFILE: time for this pass = 0.000000 sec (total 0.013000 sec)
RUN PASS with name PREPROC_SPF
  Analyzing: results\3d\sha32\sha32.f
PROFILE: time for this pass = 0.000000 sec (total 0.013000 sec)
RUN PASS with name CREATE_INTER_TREE
  Analyzing: results\3d\sha32\sha32.f
PROFILE: time for this pass = 0.002000 sec (total 0.016000 sec)
RUN PASS with name GCOV_PARSER
  Analyzing: results\3d\sha32\sha32.f
   Error: unable to open file statistic.txt
PROFILE: time for this pass = 0.001000 sec (total 0.017000 sec)
RUN PASS with name VERIFY_FORMAT
  Analyzing: results\3d\sha32\sha32.f
PROFILE: time for this pass = 0.000000 sec (total 0.018000 sec)
RUN PASS with name VERIFY_DVM_DIRS
  Analyzing: results\3d\sha32\sha32.f
PROFILE: time for this pass = 0.000000 sec (total 0.018000 sec)
RUN PASS with name PRIVATE_CALL_GRAPH_STAGE1
  Analyzing: results\3d\sha32\sha32.f
PROFILE: time for this pass = 0.000000 sec (total 0.019000 sec)
RUN PASS with name PRIVATE_CALL_GRAPH_STAGE2
  Analyzing: results\3d\sha32\sha32.f
PROFILE: time for this pass = 0.000000 sec (total 0.019000 sec)
RUN PASS with name MACRO_EXPANSION
  Analyzing: results\3d\sha32\sha32.f
PROFILE: time for this pass = 0.000000 sec (total 0.020000 sec)
RUN PASS with name CONVERT_ASSIGN_TO_LOOP
  Analyzing: results\3d\sha32\sha32.f
PROFILE: time for this pass = 0.000000 sec (total 0.021000 sec)
RUN PASS with name DEF_USE_STAGE1
  Analyzing: results\3d\sha32\sha32.f
PROFILE: time for this pass = 0.002000 sec (total 0.023000 sec)
RUN PASS with name DEF_USE_STAGE2
  Analyzing: results\3d\sha32\sha32.f
PROFILE: time for this pass = 0.000000 sec (total 0.024000 sec)
RUN PASS with name VERIFY_COMMON
  Analyzing: results\3d\sha32\sha32.f
PROFILE: time for this pass = 0.000000 sec (total 0.024000 sec)
RUN PASS with name CALL_GRAPH_IR
  Analyzing: results\3d\sha32\sha32.f
PROFILE: time for this pass = 0.002000 sec (total 0.027000 sec)
RUN PASS with name BUILD_IR
  Analyzing: results\3d\sha32\sha32.f
  count of functions 8, count of lvls 3
     RD time for 'serial3' function is 0.000 sec, iters 5
     RD time for 'ansyes' function is 0.000 sec, iters 1
     RD time for 'ansno' function is 0.000 sec, iters 1

     RD time for 'sha3204' function is 0.000 sec, iters 5
     RD time for 'sha3201' function is 0.000 sec, iters 5
     RD time for 'sha3202' function is 0.000 sec, iters 5
     RD time for 'sha3203' function is 0.000 sec, iters 5

     RD time for 'sha32' function is 0.000 sec, iters 1

PROFILE: time for this pass = 0.005000 sec (total 0.032000 sec)
RUN PASS with name SUBST_EXPR_RD
  Analyzing: results\3d\sha32\sha32.f
PROFILE: time for this pass = 0.002000 sec (total 0.034000 sec)
RUN PASS with name LOOP_GRAPH
  Analyzing: results\3d\sha32\sha32.f
PROFILE: time for this pass = 0.002000 sec (total 0.037000 sec)
RUN PASS with name CALL_GRAPH
  Analyzing: results\3d\sha32\sha32.f
PROFILE: time for this pass = 0.003000 sec (total 0.040000 sec)
RUN PASS with name CALL_GRAPH2
  Analyzing: results\3d\sha32\sha32.f
  run for func sha32
  run for func sha3201
  run for func sha3202
  run for func sha3203
  run for func sha3204
  run for func serial3
  run for func ansyes
  run for func ansno
PROFILE: time for this pass = 0.001000 sec (total 0.042000 sec)
RUN PASS with name GET_STATS_FOR_PREDICTOR
  Analyzing: results\3d\sha32\sha32.f
    PAR LOOP [48 results\3d\sha32\sha32.f] total exec 21843, total exec lines 8, avg 2.7303750000000000e+03
    PAR LOOP [67 results\3d\sha32\sha32.f] total exec 5553, total exec lines 8, avg 6.9412500000000000e+02
    PAR LOOP [80 results\3d\sha32\sha32.f] total exec 8453, total exec lines 11, avg 7.6845454545454550e+02
    PAR LOOP [127 results\3d\sha32\sha32.f] total exec 21843, total exec lines 8, avg 2.7303750000000000e+03
    PAR LOOP [140 results\3d\sha32\sha32.f] total exec 5553, total exec lines 8, avg 6.9412500000000000e+02
    PAR LOOP [152 results\3d\sha32\sha32.f] total exec 8453, total exec lines 11, avg 7.6845454545454550e+02
    PAR LOOP [199 results\3d\sha32\sha32.f] total exec 21843, total exec lines 8, avg 2.7303750000000000e+03
    PAR LOOP [212 results\3d\sha32\sha32.f] total exec 5553, total exec lines 8, avg 6.9412500000000000e+02
    PAR LOOP [224 results\3d\sha32\sha32.f] total exec 8453, total exec lines 11, avg 7.6845454545454550e+02
    PAR LOOP [271 results\3d\sha32\sha32.f] total exec 21843, total exec lines 8, avg 2.7303750000000000e+03
    PAR LOOP [282 results\3d\sha32\sha32.f] total exec 5553, total exec lines 8, avg 6.9412500000000000e+02
    PAR LOOP [294 results\3d\sha32\sha32.f] total exec 8453, total exec lines 11, avg 7.6845454545454550e+02
    average_parallel_exec 1.3277407407407406e+03
    parallel_rate 7.2317763230888721e-01
PROFILE: time for this pass = 0.015000 sec (total 0.058000 sec)

--------------------------------------------------
INFO.JSON file copied from ./info.json to ./results\3d\sha32\info.json

==================================================
Processing of sha32.f completed successfully at 2025-05-06 00:26:22
