=== Processing file: parallel1.f ===
Date and time: 2025-05-06 00:22:43
Dimension: 1d
==================================================

Copied ./sources\1d\parallel1.f to ./results\1d\parallel1\parallel1.f
Command: gfortran -O3 -g -fprofile-arcs -ftest-coverage "./results\1d\parallel1\parallel1.f" -o "./results\1d\parallel1\parallel1"
Output: 

--------------------------------------------------
Command: "./results\1d\parallel1\parallel1"
Output: 
 ===START OF parallel1========================
 paral11    -  complete
 paral13    -  complete
 paral13    -  complete
 paral14    -  complete
 paral15    -  complete
 === END OF parallel1 ========================= 

--------------------------------------------------
Command: gcov -b "./results\1d\parallel1\parallel1.f"
Output: 
File 'results/1d/parallel1/parallel1.f'
Lines executed:61.61% of 112
Branches executed:69.23% of 78
Taken at least once:46.15% of 78
Calls executed:45.83% of 48
Creating 'parallel1.f.gcov'

Lines executed:61.61% of 112

--------------------------------------------------
GCOV file copied from ./parallel1.f.gcov to ./results\1d\parallel1\parallel1.f.gcov
Command: "../SAPFOR/_bin/Release/Sapfor_F.exe" -parse -spf "./results\1d\parallel1\parallel1.f"
Output: 
SAPFOR version is 2410, build date: Apr 23 2025 11:52:44, c++ version 201703
  parse file './results\1d\parallel1\parallel1.f'
  options: -spf 
files compilation order:
  ./results\1d\parallel1\parallel1.f
Parsing was completed successfully

--------------------------------------------------
Command: "../SAPFOR/_bin/Release/Sapfor_F.exe" -passN GET_STATS_FOR_PREDICTOR -keepDVM
Output: 
SAPFOR version is 2410, build date: Apr 23 2025 11:52:44, c++ version 201703
code for pass GET_STATS_FOR_PREDICTOR is 79
RUN PASS with name VERIFY_FUNC_DECL
  Analyzing: results\1d\parallel1\parallel1.f
PROFILE: time for this pass = 0.000000 sec (total 0.001000 sec)
RUN PASS with name FILE_LINE_INFO
  Analyzing: results\1d\parallel1\parallel1.f
  All lines in project 305
PROFILE: time for this pass = 0.000000 sec (total 0.002000 sec)
RUN PASS with name BUILD_INCLUDE_DEPENDENCIES
  Analyzing: results\1d\parallel1\parallel1.f
PROFILE: time for this pass = 0.000000 sec (total 0.002000 sec)
RUN PASS with name CORRECT_VAR_DECL
  Analyzing: results\1d\parallel1\parallel1.f
PROFILE: time for this pass = 0.000000 sec (total 0.002000 sec)
RUN PASS with name VERIFY_OPERATORS
  Analyzing: results\1d\parallel1\parallel1.f
PROFILE: time for this pass = 0.000000 sec (total 0.002000 sec)
RUN PASS with name VERIFY_ENDDO
  Analyzing: results\1d\parallel1\parallel1.f
PROFILE: time for this pass = 0.000000 sec (total 0.003000 sec)
RUN PASS with name VERIFY_INCLUDES
  Analyzing: results\1d\parallel1\parallel1.f
PROFILE: time for this pass = 0.000000 sec (total 0.003000 sec)
RUN PASS with name PREPROC_ALLOCATES
  Analyzing: results\1d\parallel1\parallel1.f
  attribute (41 results\1d\parallel1\parallel1.f) is added to declaration on line 35 of results\1d\parallel1\parallel1.f file
  attribute (69 results\1d\parallel1\parallel1.f) is added to declaration on line 35 of results\1d\parallel1\parallel1.f file
  attribute (85 results\1d\parallel1\parallel1.f) is added to declaration on line 79 of results\1d\parallel1\parallel1.f file
  attribute (113 results\1d\parallel1\parallel1.f) is added to declaration on line 79 of results\1d\parallel1\parallel1.f file
  attribute (129 results\1d\parallel1\parallel1.f) is added to declaration on line 123 of results\1d\parallel1\parallel1.f file
  attribute (157 results\1d\parallel1\parallel1.f) is added to declaration on line 123 of results\1d\parallel1\parallel1.f file
  attribute (173 results\1d\parallel1\parallel1.f) is added to declaration on line 167 of results\1d\parallel1\parallel1.f file
  attribute (201 results\1d\parallel1\parallel1.f) is added to declaration on line 167 of results\1d\parallel1\parallel1.f file
  attribute (218 results\1d\parallel1\parallel1.f) is added to declaration on line 211 of results\1d\parallel1\parallel1.f file
  attribute (249 results\1d\parallel1\parallel1.f) is added to declaration on line 211 of results\1d\parallel1\parallel1.f file
  attribute (265 results\1d\parallel1\parallel1.f) is added to declaration on line 259 of results\1d\parallel1\parallel1.f file
  attribute (293 results\1d\parallel1\parallel1.f) is added to declaration on line 259 of results\1d\parallel1\parallel1.f file
PROFILE: time for this pass = 0.000000 sec (total 0.003000 sec)
RUN PASS with name CHECK_PAR_REG_DIR
  Analyzing: results\1d\parallel1\parallel1.f
PROFILE: time for this pass = 0.000000 sec (total 0.003000 sec)
RUN PASS with name FILL_PARALLEL_REG_IR
  Analyzing: results\1d\parallel1\parallel1.f
PROFILE: time for this pass = 0.000000 sec (total 0.004000 sec)
RUN PASS with name GET_ALL_ARRAY_DECL
  Analyzing: results\1d\parallel1\parallel1.f
PROFILE: time for this pass = 0.001000 sec (total 0.005000 sec)
RUN PASS with name FILL_COMMON_BLOCKS
  Analyzing: results\1d\parallel1\parallel1.f
PROFILE: time for this pass = 0.000000 sec (total 0.005000 sec)
RUN PASS with name PARSE_OMP_DIRS
  Analyzing: results\1d\parallel1\parallel1.f
PROFILE: time for this pass = 0.000000 sec (total 0.006000 sec)
RUN PASS with name PREPROC_SPF
  Analyzing: results\1d\parallel1\parallel1.f
PROFILE: time for this pass = 0.000000 sec (total 0.006000 sec)
RUN PASS with name CREATE_INTER_TREE
  Analyzing: results\1d\parallel1\parallel1.f
PROFILE: time for this pass = 0.002000 sec (total 0.008000 sec)
RUN PASS with name GCOV_PARSER
  Analyzing: results\1d\parallel1\parallel1.f
   Error: unable to open file statistic.txt
PROFILE: time for this pass = 0.000000 sec (total 0.009000 sec)
RUN PASS with name VERIFY_FORMAT
  Analyzing: results\1d\parallel1\parallel1.f
PROFILE: time for this pass = 0.000000 sec (total 0.009000 sec)
RUN PASS with name VERIFY_DVM_DIRS
  Analyzing: results\1d\parallel1\parallel1.f
PROFILE: time for this pass = 0.000000 sec (total 0.009000 sec)
RUN PASS with name PRIVATE_CALL_GRAPH_STAGE1
  Analyzing: results\1d\parallel1\parallel1.f
PROFILE: time for this pass = 0.000000 sec (total 0.009000 sec)
RUN PASS with name PRIVATE_CALL_GRAPH_STAGE2
  Analyzing: results\1d\parallel1\parallel1.f
PROFILE: time for this pass = 0.000000 sec (total 0.010000 sec)
RUN PASS with name MACRO_EXPANSION
  Analyzing: results\1d\parallel1\parallel1.f
PROFILE: time for this pass = 0.000000 sec (total 0.010000 sec)
RUN PASS with name CONVERT_ASSIGN_TO_LOOP
  Analyzing: results\1d\parallel1\parallel1.f
PROFILE: time for this pass = 0.000000 sec (total 0.010000 sec)
RUN PASS with name DEF_USE_STAGE1
  Analyzing: results\1d\parallel1\parallel1.f
PROFILE: time for this pass = 0.000000 sec (total 0.011000 sec)
RUN PASS with name DEF_USE_STAGE2
  Analyzing: results\1d\parallel1\parallel1.f
PROFILE: time for this pass = 0.000000 sec (total 0.011000 sec)
RUN PASS with name VERIFY_COMMON
  Analyzing: results\1d\parallel1\parallel1.f
PROFILE: time for this pass = 0.000000 sec (total 0.011000 sec)
RUN PASS with name CALL_GRAPH_IR
  Analyzing: results\1d\parallel1\parallel1.f
PROFILE: time for this pass = 0.000000 sec (total 0.012000 sec)
RUN PASS with name BUILD_IR
  Analyzing: results\1d\parallel1\parallel1.f
  count of functions 9, count of lvls 3
     RD time for 'parallel131' function is 0.000 sec, iters 3
     RD time for 'ansyes' function is 0.000 sec, iters 1
     RD time for 'parallel12' function is 0.000 sec, iters 3
     RD time for 'ansno' function is 0.000 sec, iters 1

     RD time for 'parallel13' function is 0.000 sec, iters 3
     RD time for 'parallel14' function is 0.000 sec, iters 3
     RD time for 'parallel15' function is 0.000 sec, iters 3
     RD time for 'parallel11' function is 0.000 sec, iters 3

     RD time for 'parallel1' function is 0.000 sec, iters 1

PROFILE: time for this pass = 0.001000 sec (total 0.013000 sec)
RUN PASS with name SUBST_EXPR_RD
  Analyzing: results\1d\parallel1\parallel1.f
PROFILE: time for this pass = 0.000000 sec (total 0.014000 sec)
RUN PASS with name LOOP_GRAPH
  Analyzing: results\1d\parallel1\parallel1.f
PROFILE: time for this pass = 0.000000 sec (total 0.015000 sec)
RUN PASS with name CALL_GRAPH
  Analyzing: results\1d\parallel1\parallel1.f
PROFILE: time for this pass = 0.000000 sec (total 0.016000 sec)
RUN PASS with name CALL_GRAPH2
  Analyzing: results\1d\parallel1\parallel1.f
  run for func parallel1
  run for func parallel11
  run for func parallel12
  run for func parallel13
  run for func parallel131
  run for func parallel14
  run for func parallel15
  run for func ansyes
  run for func ansno
PROFILE: time for this pass = 0.000000 sec (total 0.016000 sec)
RUN PASS with name GET_STATS_FOR_PREDICTOR
  Analyzing: results\1d\parallel1\parallel1.f
    PAR LOOP [48 results\1d\parallel1\parallel1.f] total exec 18, total exec lines 2, avg 9.0000000000000000e+00
    PAR LOOP [54 results\1d\parallel1\parallel1.f] total exec 24, total exec lines 6, avg 4.0000000000000000e+00
    PAR LOOP [136 results\1d\parallel1\parallel1.f] total exec 84, total exec lines 2, avg 4.2000000000000000e+01
    PAR LOOP [142 results\1d\parallel1\parallel1.f] total exec 68, total exec lines 6, avg 1.1333333333333334e+01
    PAR LOOP [225 results\1d\parallel1\parallel1.f] total exec 42, total exec lines 2, avg 2.1000000000000000e+01
    PAR LOOP [230 results\1d\parallel1\parallel1.f] total exec 22, total exec lines 2, avg 1.1000000000000000e+01
    PAR LOOP [235 results\1d\parallel1\parallel1.f] total exec 44, total exec lines 5, avg 8.8000000000000007e+00
    PAR LOOP [272 results\1d\parallel1\parallel1.f] total exec 42, total exec lines 2, avg 2.1000000000000000e+01
    PAR LOOP [278 results\1d\parallel1\parallel1.f] total exec 104, total exec lines 6, avg 1.7333333333333332e+01
    average_parallel_exec 1.3575757575757576e+01
    parallel_rate 6.0786974219810042e-01
PROFILE: time for this pass = 0.003000 sec (total 0.020000 sec)

--------------------------------------------------
INFO.JSON file copied from ./info.json to ./results\1d\parallel1\info.json

==================================================
Processing of parallel1.f completed successfully at 2025-05-06 00:22:44
