=== Processing file: rem31.f ===
Date and time: 2025-04-23 11:57:50
Dimension: 3d
==================================================

Copied ./sources\3d\rem31.f to ./results\3d\rem31\rem31.f
Command: gfortran -O3 -g -fprofile-arcs -ftest-coverage "./results\3d\rem31\rem31.f" -o "./results\3d\rem31\rem31"
Output: 

--------------------------------------------------
Command: "./results\3d\rem31\rem31"
Output: 
 ===START OF REM31========================
 REM3101  -  complete
 REM3102  -  complete
 REM3103  -  complete
 REM3104  -  complete
 REM3105  -  complete
 REM3106  -  complete
 REM3107  -  complete
 REM3108  -  complete
 REM3109  -  complete
 REM3110  -  complete
 REM3111  -  complete
 REM3112  -  complete
 REM3113  -  complete
 === END OF REM31 ========================= 

--------------------------------------------------
Command: gcov -b "./results\3d\rem31\rem31.f"
Output: 
File 'results/3d/rem31/rem31.f'
Lines executed:90.76% of 368
Branches executed:100.00% of 410
Taken at least once:71.95% of 410
Calls executed:31.52% of 165
Creating 'rem31.f.gcov'

Lines executed:90.76% of 368

--------------------------------------------------
GCOV file copied from ./rem31.f.gcov to ./results\3d\rem31\rem31.f.gcov
Command: "../SAPFOR/_bin/Release/Sapfor_F.exe" -parse -spf "./results\3d\rem31\rem31.f"
Output: 
SAPFOR version is 2410, build date: Apr 23 2025 11:52:44, c++ version 201703
  parse file './results\3d\rem31\rem31.f'
  options: -spf 
files compilation order:
  ./results\3d\rem31\rem31.f
Parsing was completed successfully

--------------------------------------------------
Command: "../SAPFOR/_bin/Release/Sapfor_F.exe" -passN GET_STATS_FOR_PREDICTOR -keepDVM
Output: 
SAPFOR version is 2410, build date: Apr 23 2025 11:52:44, c++ version 201703
code for pass GET_STATS_FOR_PREDICTOR is 79
RUN PASS with name VERIFY_FUNC_DECL
  Analyzing: results\3d\rem31\rem31.f
PROFILE: time for this pass = 0.000000 sec (total 0.003000 sec)
RUN PASS with name FILE_LINE_INFO
  Analyzing: results\3d\rem31\rem31.f
  All lines in project 763
PROFILE: time for this pass = 0.000000 sec (total 0.004000 sec)
RUN PASS with name BUILD_INCLUDE_DEPENDENCIES
  Analyzing: results\3d\rem31\rem31.f
PROFILE: time for this pass = 0.000000 sec (total 0.005000 sec)
RUN PASS with name CORRECT_VAR_DECL
  Analyzing: results\3d\rem31\rem31.f
PROFILE: time for this pass = 0.000000 sec (total 0.006000 sec)
RUN PASS with name VERIFY_OPERATORS
  Analyzing: results\3d\rem31\rem31.f
PROFILE: time for this pass = 0.000000 sec (total 0.006000 sec)
RUN PASS with name VERIFY_ENDDO
  Analyzing: results\3d\rem31\rem31.f
PROFILE: time for this pass = 0.000000 sec (total 0.007000 sec)
RUN PASS with name VERIFY_INCLUDES
  Analyzing: results\3d\rem31\rem31.f
PROFILE: time for this pass = 0.000000 sec (total 0.008000 sec)
RUN PASS with name PREPROC_ALLOCATES
  Analyzing: results\3d\rem31\rem31.f
  attribute (49 results\3d\rem31\rem31.f) is added to declaration on line 41 of results\3d\rem31\rem31.f file
  attribute (74 results\3d\rem31\rem31.f) is added to declaration on line 41 of results\3d\rem31\rem31.f file
  attribute (89 results\3d\rem31\rem31.f) is added to declaration on line 81 of results\3d\rem31\rem31.f file
  attribute (114 results\3d\rem31\rem31.f) is added to declaration on line 81 of results\3d\rem31\rem31.f file
  attribute (129 results\3d\rem31\rem31.f) is added to declaration on line 121 of results\3d\rem31\rem31.f file
  attribute (165 results\3d\rem31\rem31.f) is added to declaration on line 121 of results\3d\rem31\rem31.f file
  attribute (180 results\3d\rem31\rem31.f) is added to declaration on line 172 of results\3d\rem31\rem31.f file
  attribute (215 results\3d\rem31\rem31.f) is added to declaration on line 172 of results\3d\rem31\rem31.f file
  attribute (229 results\3d\rem31\rem31.f) is added to declaration on line 221 of results\3d\rem31\rem31.f file
  attribute (264 results\3d\rem31\rem31.f) is added to declaration on line 221 of results\3d\rem31\rem31.f file
  attribute (278 results\3d\rem31\rem31.f) is added to declaration on line 270 of results\3d\rem31\rem31.f file
  attribute (313 results\3d\rem31\rem31.f) is added to declaration on line 270 of results\3d\rem31\rem31.f file
  attribute (328 results\3d\rem31\rem31.f) is added to declaration on line 320 of results\3d\rem31\rem31.f file
  attribute (371 results\3d\rem31\rem31.f) is added to declaration on line 320 of results\3d\rem31\rem31.f file
  attribute (385 results\3d\rem31\rem31.f) is added to declaration on line 377 of results\3d\rem31\rem31.f file
  attribute (432 results\3d\rem31\rem31.f) is added to declaration on line 377 of results\3d\rem31\rem31.f file
  attribute (446 results\3d\rem31\rem31.f) is added to declaration on line 438 of results\3d\rem31\rem31.f file
  attribute (492 results\3d\rem31\rem31.f) is added to declaration on line 438 of results\3d\rem31\rem31.f file
  attribute (507 results\3d\rem31\rem31.f) is added to declaration on line 499 of results\3d\rem31\rem31.f file
  attribute (554 results\3d\rem31\rem31.f) is added to declaration on line 499 of results\3d\rem31\rem31.f file
  attribute (569 results\3d\rem31\rem31.f) is added to declaration on line 561 of results\3d\rem31\rem31.f file
  attribute (616 results\3d\rem31\rem31.f) is added to declaration on line 561 of results\3d\rem31\rem31.f file
  attribute (631 results\3d\rem31\rem31.f) is added to declaration on line 623 of results\3d\rem31\rem31.f file
  attribute (678 results\3d\rem31\rem31.f) is added to declaration on line 623 of results\3d\rem31\rem31.f file
  attribute (692 results\3d\rem31\rem31.f) is added to declaration on line 684 of results\3d\rem31\rem31.f file
  attribute (739 results\3d\rem31\rem31.f) is added to declaration on line 684 of results\3d\rem31\rem31.f file
PROFILE: time for this pass = 0.001000 sec (total 0.009000 sec)
RUN PASS with name CHECK_PAR_REG_DIR
  Analyzing: results\3d\rem31\rem31.f
PROFILE: time for this pass = 0.000000 sec (total 0.010000 sec)
RUN PASS with name FILL_PARALLEL_REG_IR
  Analyzing: results\3d\rem31\rem31.f
PROFILE: time for this pass = 0.001000 sec (total 0.012000 sec)
RUN PASS with name GET_ALL_ARRAY_DECL
  Analyzing: results\3d\rem31\rem31.f
PROFILE: time for this pass = 0.005000 sec (total 0.018000 sec)
RUN PASS with name FILL_COMMON_BLOCKS
  Analyzing: results\3d\rem31\rem31.f
PROFILE: time for this pass = 0.000000 sec (total 0.019000 sec)
RUN PASS with name PARSE_OMP_DIRS
  Analyzing: results\3d\rem31\rem31.f
PROFILE: time for this pass = 0.000000 sec (total 0.020000 sec)
RUN PASS with name PREPROC_SPF
  Analyzing: results\3d\rem31\rem31.f
PROFILE: time for this pass = 0.000000 sec (total 0.020000 sec)
RUN PASS with name CREATE_INTER_TREE
  Analyzing: results\3d\rem31\rem31.f
PROFILE: time for this pass = 0.002000 sec (total 0.023000 sec)
RUN PASS with name GCOV_PARSER
  Analyzing: results\3d\rem31\rem31.f
   Error: unable to open file statistic.txt
PROFILE: time for this pass = 0.002000 sec (total 0.025000 sec)
RUN PASS with name VERIFY_FORMAT
  Analyzing: results\3d\rem31\rem31.f
PROFILE: time for this pass = 0.000000 sec (total 0.026000 sec)
RUN PASS with name VERIFY_DVM_DIRS
  Analyzing: results\3d\rem31\rem31.f
PROFILE: time for this pass = 0.000000 sec (total 0.027000 sec)
RUN PASS with name PRIVATE_CALL_GRAPH_STAGE1
  Analyzing: results\3d\rem31\rem31.f
PROFILE: time for this pass = 0.000000 sec (total 0.028000 sec)
RUN PASS with name PRIVATE_CALL_GRAPH_STAGE2
  Analyzing: results\3d\rem31\rem31.f
PROFILE: time for this pass = 0.000000 sec (total 0.028000 sec)
RUN PASS with name MACRO_EXPANSION
  Analyzing: results\3d\rem31\rem31.f
PROFILE: time for this pass = 0.000000 sec (total 0.029000 sec)
RUN PASS with name CONVERT_ASSIGN_TO_LOOP
  Analyzing: results\3d\rem31\rem31.f
PROFILE: time for this pass = 0.001000 sec (total 0.031000 sec)
RUN PASS with name DEF_USE_STAGE1
  Analyzing: results\3d\rem31\rem31.f
PROFILE: time for this pass = 0.004000 sec (total 0.035000 sec)
RUN PASS with name DEF_USE_STAGE2
  Analyzing: results\3d\rem31\rem31.f
PROFILE: time for this pass = 0.000000 sec (total 0.036000 sec)
RUN PASS with name VERIFY_COMMON
  Analyzing: results\3d\rem31\rem31.f
PROFILE: time for this pass = 0.000000 sec (total 0.037000 sec)
RUN PASS with name CALL_GRAPH_IR
  Analyzing: results\3d\rem31\rem31.f
PROFILE: time for this pass = 0.003000 sec (total 0.041000 sec)
RUN PASS with name BUILD_IR
  Analyzing: results\3d\rem31\rem31.f
  count of functions 17, count of lvls 3
     RD time for 'ansyes' function is 0.000 sec, iters 1
     RD time for 'ansno' function is 0.000 sec, iters 1
     RD time for 'serial3' function is 0.000 sec, iters 5

     RD time for 'rem3109' function is 0.000 sec, iters 5
     RD time for 'rem3101' function is 0.000 sec, iters 5
     RD time for 'rem3110' function is 0.000 sec, iters 5
     RD time for 'rem3103' function is 0.000 sec, iters 5
     RD time for 'rem3111' function is 0.000 sec, iters 5
     RD time for 'rem3107' function is 0.000 sec, iters 5
     RD time for 'rem3104' function is 0.000 sec, iters 5
     RD time for 'rem3105' function is 0.000 sec, iters 5
     RD time for 'rem3108' function is 0.000 sec, iters 5
     RD time for 'rem3112' function is 0.000 sec, iters 5
     RD time for 'rem3102' function is 0.000 sec, iters 5
     RD time for 'rem3106' function is 0.000 sec, iters 5
     RD time for 'rem3113' function is 0.000 sec, iters 5

     RD time for 'rem31' function is 0.000 sec, iters 1

PROFILE: time for this pass = 0.011000 sec (total 0.052000 sec)
RUN PASS with name SUBST_EXPR_RD
  Analyzing: results\3d\rem31\rem31.f
PROFILE: time for this pass = 0.005000 sec (total 0.057000 sec)
RUN PASS with name LOOP_GRAPH
  Analyzing: results\3d\rem31\rem31.f
PROFILE: time for this pass = 0.003000 sec (total 0.060000 sec)
RUN PASS with name CALL_GRAPH
  Analyzing: results\3d\rem31\rem31.f
PROFILE: time for this pass = 0.005000 sec (total 0.067000 sec)
RUN PASS with name CALL_GRAPH2
  Analyzing: results\3d\rem31\rem31.f
  run for func rem31
  run for func rem3101
  run for func rem3102
  run for func rem3103
  run for func rem3104
  run for func rem3105
  run for func rem3106
  run for func rem3107
  run for func rem3108
  run for func rem3109
  run for func rem3110
  run for func rem3111
  run for func rem3112
  run for func rem3113
  run for func serial3
  run for func ansyes
  run for func ansno
  added conflict messages to loop on line 150
PROFILE: time for this pass = 0.002000 sec (total 0.069000 sec)
RUN PASS with name GET_STATS_FOR_PREDICTOR
  Analyzing: results\3d\rem31\rem31.f
    PAR LOOP [57 results\3d\rem31\rem31.f] total exec 3795, total exec lines 6, avg 6.3250000000000000e+02
    PAR LOOP [98 results\3d\rem31\rem31.f] total exec 3795, total exec lines 6, avg 6.3250000000000000e+02
    PAR LOOP [140 results\3d\rem31\rem31.f] total exec 3795, total exec lines 6, avg 6.3250000000000000e+02
    PAR LOOP [191 results\3d\rem31\rem31.f] total exec 3795, total exec lines 6, avg 6.3250000000000000e+02
    PAR LOOP [240 results\3d\rem31\rem31.f] total exec 3795, total exec lines 6, avg 6.3250000000000000e+02
    PAR LOOP [289 results\3d\rem31\rem31.f] total exec 3795, total exec lines 6, avg 6.3250000000000000e+02
    PAR LOOP [339 results\3d\rem31\rem31.f] total exec 3795, total exec lines 6, avg 6.3250000000000000e+02
    PAR LOOP [394 results\3d\rem31\rem31.f] total exec 3795, total exec lines 6, avg 6.3250000000000000e+02
    PAR LOOP [403 results\3d\rem31\rem31.f] total exec 3795, total exec lines 6, avg 6.3250000000000000e+02
    PAR LOOP [413 results\3d\rem31\rem31.f] total exec 4947, total exec lines 10, avg 4.9469999999999999e+02
    PAR LOOP [454 results\3d\rem31\rem31.f] total exec 3795, total exec lines 6, avg 6.3250000000000000e+02
    PAR LOOP [463 results\3d\rem31\rem31.f] total exec 3795, total exec lines 6, avg 6.3250000000000000e+02
    PAR LOOP [473 results\3d\rem31\rem31.f] total exec 4947, total exec lines 10, avg 4.9469999999999999e+02
    PAR LOOP [516 results\3d\rem31\rem31.f] total exec 3795, total exec lines 6, avg 6.3250000000000000e+02
    PAR LOOP [525 results\3d\rem31\rem31.f] total exec 3795, total exec lines 6, avg 6.3250000000000000e+02
    PAR LOOP [535 results\3d\rem31\rem31.f] total exec 4947, total exec lines 10, avg 4.9469999999999999e+02
    PAR LOOP [578 results\3d\rem31\rem31.f] total exec 3795, total exec lines 6, avg 6.3250000000000000e+02
    PAR LOOP [587 results\3d\rem31\rem31.f] total exec 3795, total exec lines 6, avg 6.3250000000000000e+02
    PAR LOOP [597 results\3d\rem31\rem31.f] total exec 4947, total exec lines 10, avg 4.9469999999999999e+02
    PAR LOOP [640 results\3d\rem31\rem31.f] total exec 3795, total exec lines 6, avg 6.3250000000000000e+02
    PAR LOOP [649 results\3d\rem31\rem31.f] total exec 3795, total exec lines 6, avg 6.3250000000000000e+02
    PAR LOOP [659 results\3d\rem31\rem31.f] total exec 4947, total exec lines 10, avg 4.9469999999999999e+02
    PAR LOOP [700 results\3d\rem31\rem31.f] total exec 3795, total exec lines 6, avg 6.3250000000000000e+02
    PAR LOOP [710 results\3d\rem31\rem31.f] total exec 3795, total exec lines 6, avg 6.3250000000000000e+02
    PAR LOOP [720 results\3d\rem31\rem31.f] total exec 4947, total exec lines 10, avg 4.9469999999999999e+02
    average_parallel_exec 5.8498275862068965e+02
    parallel_rate 6.5426742257703729e-01
PROFILE: time for this pass = 0.029000 sec (total 0.099000 sec)

--------------------------------------------------
INFO.JSON file copied from ./info.json to ./results\3d\rem31\info.json

==================================================
Processing of rem31.f completed successfully at 2025-04-23 11:57:51
