=== Processing file: acr41.f ===
Date and time: 2025-04-23 11:58:01
Dimension: 4d
==================================================

Copied ./sources\4d\acr41.f to ./results\4d\acr41\acr41.f
Command: gfortran -O3 -g -fprofile-arcs -ftest-coverage "./results\4d\acr41\acr41.f" -o "./results\4d\acr41\acr41"
Output: 

--------------------------------------------------
Command: "./results\4d\acr41\acr41"
Output: 
 ===START OF ACR41========================
 ACR4101  -  complete
 ACR4102  -  complete
 ACR4103  -  complete
 ACR4104  -  complete
 ACR4105  -  complete
 ACR4106  -  complete
 ACR4107  -  complete
 ACR4108  -  complete
 === END OF ACR41 ========================= 

--------------------------------------------------
Command: gcov -b "./results\4d\acr41\acr41.f"
Output: 
File 'results/4d/acr41/acr41.f'
Lines executed:83.85% of 322
Branches executed:89.09% of 440
Taken at least once:74.55% of 440
Calls executed:34.91% of 106
Creating 'acr41.f.gcov'

Lines executed:83.85% of 322

--------------------------------------------------
GCOV file copied from ./acr41.f.gcov to ./results\4d\acr41\acr41.f.gcov
Command: "../SAPFOR/_bin/Release/Sapfor_F.exe" -parse -spf "./results\4d\acr41\acr41.f"
Output: 
SAPFOR version is 2410, build date: Apr 23 2025 11:52:44, c++ version 201703
  parse file './results\4d\acr41\acr41.f'
  options: -spf 
files compilation order:
  ./results\4d\acr41\acr41.f
Parsing was completed successfully

--------------------------------------------------
Command: "../SAPFOR/_bin/Release/Sapfor_F.exe" -passN GET_STATS_FOR_PREDICTOR -keepDVM
Output: 
SAPFOR version is 2410, build date: Apr 23 2025 11:52:44, c++ version 201703
code for pass GET_STATS_FOR_PREDICTOR is 79
RUN PASS with name VERIFY_FUNC_DECL
  Analyzing: results\4d\acr41\acr41.f
PROFILE: time for this pass = 0.001000 sec (total 0.004000 sec)
RUN PASS with name FILE_LINE_INFO
  Analyzing: results\4d\acr41\acr41.f
  All lines in project 887
PROFILE: time for this pass = 0.001000 sec (total 0.005000 sec)
RUN PASS with name BUILD_INCLUDE_DEPENDENCIES
  Analyzing: results\4d\acr41\acr41.f
PROFILE: time for this pass = 0.001000 sec (total 0.007000 sec)
RUN PASS with name CORRECT_VAR_DECL
  Analyzing: results\4d\acr41\acr41.f
PROFILE: time for this pass = 0.001000 sec (total 0.008000 sec)
RUN PASS with name VERIFY_OPERATORS
  Analyzing: results\4d\acr41\acr41.f
PROFILE: time for this pass = 0.001000 sec (total 0.009000 sec)
RUN PASS with name VERIFY_ENDDO
  Analyzing: results\4d\acr41\acr41.f
PROFILE: time for this pass = 0.001000 sec (total 0.010000 sec)
RUN PASS with name VERIFY_INCLUDES
  Analyzing: results\4d\acr41\acr41.f
PROFILE: time for this pass = 0.001000 sec (total 0.011000 sec)
RUN PASS with name PREPROC_ALLOCATES
  Analyzing: results\4d\acr41\acr41.f
  attribute (41 results\4d\acr41\acr41.f) is added to declaration on line 35 of results\4d\acr41\acr41.f file
  attribute (117 results\4d\acr41\acr41.f) is added to declaration on line 35 of results\4d\acr41\acr41.f file
  attribute (129 results\4d\acr41\acr41.f) is added to declaration on line 122 of results\4d\acr41\acr41.f file
  attribute (211 results\4d\acr41\acr41.f) is added to declaration on line 122 of results\4d\acr41\acr41.f file
  attribute (223 results\4d\acr41\acr41.f) is added to declaration on line 216 of results\4d\acr41\acr41.f file
  attribute (300 results\4d\acr41\acr41.f) is added to declaration on line 216 of results\4d\acr41\acr41.f file
  attribute (312 results\4d\acr41\acr41.f) is added to declaration on line 305 of results\4d\acr41\acr41.f file
  attribute (391 results\4d\acr41\acr41.f) is added to declaration on line 305 of results\4d\acr41\acr41.f file
  attribute (403 results\4d\acr41\acr41.f) is added to declaration on line 396 of results\4d\acr41\acr41.f file
  attribute (483 results\4d\acr41\acr41.f) is added to declaration on line 396 of results\4d\acr41\acr41.f file
  attribute (495 results\4d\acr41\acr41.f) is added to declaration on line 488 of results\4d\acr41\acr41.f file
  attribute (586 results\4d\acr41\acr41.f) is added to declaration on line 488 of results\4d\acr41\acr41.f file
  attribute (598 results\4d\acr41\acr41.f) is added to declaration on line 591 of results\4d\acr41\acr41.f file
  attribute (683 results\4d\acr41\acr41.f) is added to declaration on line 591 of results\4d\acr41\acr41.f file
  attribute (695 results\4d\acr41\acr41.f) is added to declaration on line 688 of results\4d\acr41\acr41.f file
  attribute (775 results\4d\acr41\acr41.f) is added to declaration on line 688 of results\4d\acr41\acr41.f file
  attribute (787 results\4d\acr41\acr41.f) is added to declaration on line 780 of results\4d\acr41\acr41.f file
  attribute (863 results\4d\acr41\acr41.f) is added to declaration on line 780 of results\4d\acr41\acr41.f file
PROFILE: time for this pass = 0.001000 sec (total 0.013000 sec)
RUN PASS with name CHECK_PAR_REG_DIR
  Analyzing: results\4d\acr41\acr41.f
PROFILE: time for this pass = 0.001000 sec (total 0.014000 sec)
RUN PASS with name FILL_PARALLEL_REG_IR
  Analyzing: results\4d\acr41\acr41.f
PROFILE: time for this pass = 0.002000 sec (total 0.016000 sec)
RUN PASS with name GET_ALL_ARRAY_DECL
  Analyzing: results\4d\acr41\acr41.f
PROFILE: time for this pass = 0.006000 sec (total 0.023000 sec)
RUN PASS with name FILL_COMMON_BLOCKS
  Analyzing: results\4d\acr41\acr41.f
PROFILE: time for this pass = 0.001000 sec (total 0.024000 sec)
RUN PASS with name PARSE_OMP_DIRS
  Analyzing: results\4d\acr41\acr41.f
PROFILE: time for this pass = 0.001000 sec (total 0.026000 sec)
RUN PASS with name PREPROC_SPF
  Analyzing: results\4d\acr41\acr41.f
PROFILE: time for this pass = 0.001000 sec (total 0.027000 sec)
RUN PASS with name CREATE_INTER_TREE
  Analyzing: results\4d\acr41\acr41.f
PROFILE: time for this pass = 0.003000 sec (total 0.030000 sec)
RUN PASS with name GCOV_PARSER
  Analyzing: results\4d\acr41\acr41.f
   Error: unable to open file statistic.txt
PROFILE: time for this pass = 0.002000 sec (total 0.033000 sec)
RUN PASS with name VERIFY_FORMAT
  Analyzing: results\4d\acr41\acr41.f
PROFILE: time for this pass = 0.001000 sec (total 0.034000 sec)
RUN PASS with name VERIFY_DVM_DIRS
  Analyzing: results\4d\acr41\acr41.f
PROFILE: time for this pass = 0.000000 sec (total 0.035000 sec)
RUN PASS with name PRIVATE_CALL_GRAPH_STAGE1
  Analyzing: results\4d\acr41\acr41.f
PROFILE: time for this pass = 0.001000 sec (total 0.036000 sec)
RUN PASS with name PRIVATE_CALL_GRAPH_STAGE2
  Analyzing: results\4d\acr41\acr41.f
PROFILE: time for this pass = 0.001000 sec (total 0.037000 sec)
RUN PASS with name MACRO_EXPANSION
  Analyzing: results\4d\acr41\acr41.f
PROFILE: time for this pass = 0.001000 sec (total 0.038000 sec)
RUN PASS with name CONVERT_ASSIGN_TO_LOOP
  Analyzing: results\4d\acr41\acr41.f
PROFILE: time for this pass = 0.001000 sec (total 0.040000 sec)
RUN PASS with name DEF_USE_STAGE1
  Analyzing: results\4d\acr41\acr41.f
PROFILE: time for this pass = 0.005000 sec (total 0.046000 sec)
RUN PASS with name DEF_USE_STAGE2
  Analyzing: results\4d\acr41\acr41.f
PROFILE: time for this pass = 0.001000 sec (total 0.047000 sec)
RUN PASS with name VERIFY_COMMON
  Analyzing: results\4d\acr41\acr41.f
PROFILE: time for this pass = 0.000000 sec (total 0.048000 sec)
RUN PASS with name CALL_GRAPH_IR
  Analyzing: results\4d\acr41\acr41.f
PROFILE: time for this pass = 0.004000 sec (total 0.053000 sec)
RUN PASS with name BUILD_IR
  Analyzing: results\4d\acr41\acr41.f
  count of functions 13, count of lvls 3
     RD time for 'acr4109' function is 0.001 sec, iters 6
     RD time for 'ansyes' function is 0.000 sec, iters 1
     RD time for 'ansno' function is 0.000 sec, iters 1
     RD time for 'serial4' function is 0.000 sec, iters 6

     RD time for 'acr4104' function is 0.001 sec, iters 6
     RD time for 'acr4105' function is 0.001 sec, iters 6
     RD time for 'acr4106' function is 0.001 sec, iters 6
     RD time for 'acr4108' function is 0.001 sec, iters 6
     RD time for 'acr4107' function is 0.001 sec, iters 6
     RD time for 'acr4103' function is 0.001 sec, iters 6
     RD time for 'acr4102' function is 0.001 sec, iters 6
     RD time for 'acr4101' function is 0.001 sec, iters 6

     RD time for 'acr41' function is 0.000 sec, iters 1

PROFILE: time for this pass = 0.018000 sec (total 0.071000 sec)
RUN PASS with name SUBST_EXPR_RD
  Analyzing: results\4d\acr41\acr41.f
PROFILE: time for this pass = 0.008000 sec (total 0.080000 sec)
RUN PASS with name LOOP_GRAPH
  Analyzing: results\4d\acr41\acr41.f
PROFILE: time for this pass = 0.007000 sec (total 0.087000 sec)
RUN PASS with name CALL_GRAPH
  Analyzing: results\4d\acr41\acr41.f
PROFILE: time for this pass = 0.008000 sec (total 0.096000 sec)
RUN PASS with name CALL_GRAPH2
  Analyzing: results\4d\acr41\acr41.f
  run for func acr41
  run for func acr4101
  run for func acr4102
  run for func acr4103
  run for func acr4104
  run for func acr4105
  run for func acr4106
  run for func acr4107
  run for func acr4108
  run for func acr4109
  run for func serial4
  run for func ansyes
  run for func ansno
PROFILE: time for this pass = 0.004000 sec (total 0.100000 sec)
RUN PASS with name GET_STATS_FOR_PREDICTOR
  Analyzing: results\4d\acr41\acr41.f
    PAR LOOP [66 results\4d\acr41\acr41.f] total exec 27563, total exec lines 8, avg 3.4453750000000000e+03
    PAR LOOP [78 results\4d\acr41\acr41.f] total exec 10401, total exec lines 8, avg 1.3001250000000000e+03
    PAR LOOP [94 results\4d\acr41\acr41.f] total exec 13638, total exec lines 13, avg 1.0490769230769231e+03
    PAR LOOP [158 results\4d\acr41\acr41.f] total exec 53653, total exec lines 8, avg 6.7066250000000000e+03
    PAR LOOP [168 results\4d\acr41\acr41.f] total exec 9105, total exec lines 8, avg 1.1381250000000000e+03
    PAR LOOP [187 results\4d\acr41\acr41.f] total exec 11910, total exec lines 13, avg 9.1615384615384619e+02
    PAR LOOP [249 results\4d\acr41\acr41.f] total exec 53653, total exec lines 8, avg 6.7066250000000000e+03
    PAR LOOP [261 results\4d\acr41\acr41.f] total exec 9105, total exec lines 8, avg 1.1381250000000000e+03
    PAR LOOP [277 results\4d\acr41\acr41.f] total exec 11910, total exec lines 13, avg 9.1615384615384619e+02
    PAR LOOP [339 results\4d\acr41\acr41.f] total exec 53653, total exec lines 8, avg 6.7066250000000000e+03
    PAR LOOP [351 results\4d\acr41\acr41.f] total exec 9105, total exec lines 8, avg 1.1381250000000000e+03
    PAR LOOP [368 results\4d\acr41\acr41.f] total exec 11910, total exec lines 13, avg 9.1615384615384619e+02
    PAR LOOP [430 results\4d\acr41\acr41.f] total exec 218707, total exec lines 8, avg 2.7338375000000000e+04
    PAR LOOP [442 results\4d\acr41\acr41.f] total exec 71775, total exec lines 8, avg 8.9718750000000000e+03
    PAR LOOP [460 results\4d\acr41\acr41.f] total exec 94236, total exec lines 13, avg 7.2489230769230771e+03
    PAR LOOP [528 results\4d\acr41\acr41.f] total exec 415315, total exec lines 8, avg 5.1914375000000000e+04
    PAR LOOP [540 results\4d\acr41\acr41.f] total exec 83653, total exec lines 8, avg 1.0456625000000000e+04
    PAR LOOP [564 results\4d\acr41\acr41.f] total exec 110650, total exec lines 13, avg 8.5115384615384610e+03
    PAR LOOP [628 results\4d\acr41\acr41.f] total exec 218707, total exec lines 8, avg 2.7338375000000000e+04
    PAR LOOP [640 results\4d\acr41\acr41.f] total exec 35653, total exec lines 8, avg 4.4566250000000000e+03
    PAR LOOP [660 results\4d\acr41\acr41.f] total exec 46650, total exec lines 13, avg 3.5884615384615386e+03
    PAR LOOP [722 results\4d\acr41\acr41.f] total exec 218707, total exec lines 8, avg 2.7338375000000000e+04
    PAR LOOP [734 results\4d\acr41\acr41.f] total exec 35653, total exec lines 8, avg 4.4566250000000000e+03
    PAR LOOP [752 results\4d\acr41\acr41.f] total exec 46650, total exec lines 13, avg 3.5884615384615386e+03
    average_parallel_exec 8.0688017241379312e+03
    parallel_rate 5.4305384639038823e-01
PROFILE: time for this pass = 0.060000 sec (total 0.161000 sec)

--------------------------------------------------
INFO.JSON file copied from ./info.json to ./results\4d\acr41\info.json

==================================================
Processing of acr41.f completed successfully at 2025-04-23 11:58:03
