=== Processing file: rem11.f ===
Date and time: 2025-04-23 11:55:53
Dimension: 1d
==================================================

Copied ./sources\1d\rem11.f to ./results\1d\rem11\rem11.f
Command: gfortran -O3 -g -fprofile-arcs -ftest-coverage "./results\1d\rem11\rem11.f" -o "./results\1d\rem11\rem11"
Output: 

--------------------------------------------------
Command: "./results\1d\rem11\rem11"
Output: 
 ===START OF REM11========================
 REM1101  -  complete
 REM1102  -  complete
 REM1103  -  complete
 REM1104  -  complete
 REM1105  -  complete
 REM1106  -  complete
 REM1107  -  complete
 REM1108  -  complete
 REM1109  -  complete
 REM1110  -  complete
 REM1111  -  complete
 REM1112  -  complete
 === END OF REM11 ========================= 

--------------------------------------------------
Command: gcov -b "./results\1d\rem11\rem11.f"
Output: 
File 'results/1d/rem11/rem11.f'
Lines executed:92.31% of 221
Branches executed:99.23% of 260
Taken at least once:64.62% of 260
Calls executed:29.60% of 125
Creating 'rem11.f.gcov'

Lines executed:92.31% of 221

--------------------------------------------------
GCOV file copied from ./rem11.f.gcov to ./results\1d\rem11\rem11.f.gcov
Command: "../SAPFOR/_bin/Release/Sapfor_F.exe" -parse -spf "./results\1d\rem11\rem11.f"
Output: 
SAPFOR version is 2410, build date: Apr 23 2025 11:52:44, c++ version 201703
  parse file './results\1d\rem11\rem11.f'
  options: -spf 
files compilation order:
  ./results\1d\rem11\rem11.f
Parsing was completed successfully

--------------------------------------------------
Command: "../SAPFOR/_bin/Release/Sapfor_F.exe" -passN GET_STATS_FOR_PREDICTOR -keepDVM
Output: 
SAPFOR version is 2410, build date: Apr 23 2025 11:52:44, c++ version 201703
code for pass GET_STATS_FOR_PREDICTOR is 79
RUN PASS with name VERIFY_FUNC_DECL
  Analyzing: results\1d\rem11\rem11.f
PROFILE: time for this pass = 0.000000 sec (total 0.004000 sec)
RUN PASS with name FILE_LINE_INFO
  Analyzing: results\1d\rem11\rem11.f
  All lines in project 538
PROFILE: time for this pass = 0.000000 sec (total 0.005000 sec)
RUN PASS with name BUILD_INCLUDE_DEPENDENCIES
  Analyzing: results\1d\rem11\rem11.f
PROFILE: time for this pass = 0.000000 sec (total 0.005000 sec)
RUN PASS with name CORRECT_VAR_DECL
  Analyzing: results\1d\rem11\rem11.f
PROFILE: time for this pass = 0.000000 sec (total 0.006000 sec)
RUN PASS with name VERIFY_OPERATORS
  Analyzing: results\1d\rem11\rem11.f
PROFILE: time for this pass = 0.000000 sec (total 0.006000 sec)
RUN PASS with name VERIFY_ENDDO
  Analyzing: results\1d\rem11\rem11.f
PROFILE: time for this pass = 0.000000 sec (total 0.007000 sec)
RUN PASS with name VERIFY_INCLUDES
  Analyzing: results\1d\rem11\rem11.f
PROFILE: time for this pass = 0.000000 sec (total 0.007000 sec)
RUN PASS with name PREPROC_ALLOCATES
  Analyzing: results\1d\rem11\rem11.f
  attribute (49 results\1d\rem11\rem11.f) is added to declaration on line 41 of results\1d\rem11\rem11.f file
  attribute (68 results\1d\rem11\rem11.f) is added to declaration on line 41 of results\1d\rem11\rem11.f file
  attribute (82 results\1d\rem11\rem11.f) is added to declaration on line 74 of results\1d\rem11\rem11.f file
  attribute (101 results\1d\rem11\rem11.f) is added to declaration on line 74 of results\1d\rem11\rem11.f file
  attribute (116 results\1d\rem11\rem11.f) is added to declaration on line 108 of results\1d\rem11\rem11.f file
  attribute (136 results\1d\rem11\rem11.f) is added to declaration on line 108 of results\1d\rem11\rem11.f file
  attribute (150 results\1d\rem11\rem11.f) is added to declaration on line 142 of results\1d\rem11\rem11.f file
  attribute (176 results\1d\rem11\rem11.f) is added to declaration on line 142 of results\1d\rem11\rem11.f file
  attribute (192 results\1d\rem11\rem11.f) is added to declaration on line 183 of results\1d\rem11\rem11.f file
  attribute (218 results\1d\rem11\rem11.f) is added to declaration on line 183 of results\1d\rem11\rem11.f file
  attribute (233 results\1d\rem11\rem11.f) is added to declaration on line 225 of results\1d\rem11\rem11.f file
  attribute (262 results\1d\rem11\rem11.f) is added to declaration on line 225 of results\1d\rem11\rem11.f file
  attribute (276 results\1d\rem11\rem11.f) is added to declaration on line 268 of results\1d\rem11\rem11.f file
  attribute (304 results\1d\rem11\rem11.f) is added to declaration on line 268 of results\1d\rem11\rem11.f file
  attribute (319 results\1d\rem11\rem11.f) is added to declaration on line 311 of results\1d\rem11\rem11.f file
  attribute (346 results\1d\rem11\rem11.f) is added to declaration on line 311 of results\1d\rem11\rem11.f file
  attribute (361 results\1d\rem11\rem11.f) is added to declaration on line 353 of results\1d\rem11\rem11.f file
  attribute (388 results\1d\rem11\rem11.f) is added to declaration on line 353 of results\1d\rem11\rem11.f file
  attribute (403 results\1d\rem11\rem11.f) is added to declaration on line 395 of results\1d\rem11\rem11.f file
  attribute (431 results\1d\rem11\rem11.f) is added to declaration on line 395 of results\1d\rem11\rem11.f file
  attribute (446 results\1d\rem11\rem11.f) is added to declaration on line 438 of results\1d\rem11\rem11.f file
  attribute (473 results\1d\rem11\rem11.f) is added to declaration on line 438 of results\1d\rem11\rem11.f file
  attribute (489 results\1d\rem11\rem11.f) is added to declaration on line 481 of results\1d\rem11\rem11.f file
  attribute (518 results\1d\rem11\rem11.f) is added to declaration on line 481 of results\1d\rem11\rem11.f file
PROFILE: time for this pass = 0.000000 sec (total 0.008000 sec)
RUN PASS with name CHECK_PAR_REG_DIR
  Analyzing: results\1d\rem11\rem11.f
PROFILE: time for this pass = 0.000000 sec (total 0.008000 sec)
RUN PASS with name FILL_PARALLEL_REG_IR
  Analyzing: results\1d\rem11\rem11.f
PROFILE: time for this pass = 0.001000 sec (total 0.010000 sec)
RUN PASS with name GET_ALL_ARRAY_DECL
  Analyzing: results\1d\rem11\rem11.f
PROFILE: time for this pass = 0.004000 sec (total 0.014000 sec)
RUN PASS with name FILL_COMMON_BLOCKS
  Analyzing: results\1d\rem11\rem11.f
PROFILE: time for this pass = 0.000000 sec (total 0.014000 sec)
RUN PASS with name PARSE_OMP_DIRS
  Analyzing: results\1d\rem11\rem11.f
PROFILE: time for this pass = 0.000000 sec (total 0.015000 sec)
RUN PASS with name PREPROC_SPF
  Analyzing: results\1d\rem11\rem11.f
PROFILE: time for this pass = 0.000000 sec (total 0.015000 sec)
RUN PASS with name CREATE_INTER_TREE
  Analyzing: results\1d\rem11\rem11.f
PROFILE: time for this pass = 0.002000 sec (total 0.017000 sec)
RUN PASS with name GCOV_PARSER
  Analyzing: results\1d\rem11\rem11.f
   Error: unable to open file statistic.txt
PROFILE: time for this pass = 0.001000 sec (total 0.019000 sec)
RUN PASS with name VERIFY_FORMAT
  Analyzing: results\1d\rem11\rem11.f
PROFILE: time for this pass = 0.000000 sec (total 0.019000 sec)
RUN PASS with name VERIFY_DVM_DIRS
  Analyzing: results\1d\rem11\rem11.f
PROFILE: time for this pass = 0.000000 sec (total 0.020000 sec)
RUN PASS with name PRIVATE_CALL_GRAPH_STAGE1
  Analyzing: results\1d\rem11\rem11.f
PROFILE: time for this pass = 0.000000 sec (total 0.020000 sec)
RUN PASS with name PRIVATE_CALL_GRAPH_STAGE2
  Analyzing: results\1d\rem11\rem11.f
PROFILE: time for this pass = 0.000000 sec (total 0.020000 sec)
RUN PASS with name MACRO_EXPANSION
  Analyzing: results\1d\rem11\rem11.f
PROFILE: time for this pass = 0.000000 sec (total 0.021000 sec)
RUN PASS with name CONVERT_ASSIGN_TO_LOOP
  Analyzing: results\1d\rem11\rem11.f
PROFILE: time for this pass = 0.000000 sec (total 0.022000 sec)
RUN PASS with name DEF_USE_STAGE1
  Analyzing: results\1d\rem11\rem11.f
PROFILE: time for this pass = 0.002000 sec (total 0.024000 sec)
RUN PASS with name DEF_USE_STAGE2
  Analyzing: results\1d\rem11\rem11.f
PROFILE: time for this pass = 0.000000 sec (total 0.025000 sec)
RUN PASS with name VERIFY_COMMON
  Analyzing: results\1d\rem11\rem11.f
PROFILE: time for this pass = 0.000000 sec (total 0.025000 sec)
RUN PASS with name CALL_GRAPH_IR
  Analyzing: results\1d\rem11\rem11.f
PROFILE: time for this pass = 0.002000 sec (total 0.028000 sec)
RUN PASS with name BUILD_IR
  Analyzing: results\1d\rem11\rem11.f
  count of functions 16, count of lvls 3
     RD time for 'serial1' function is 0.000 sec, iters 3
     RD time for 'ansno' function is 0.000 sec, iters 1
     RD time for 'ansyes' function is 0.000 sec, iters 1

     RD time for 'rem1109' function is 0.000 sec, iters 3
     RD time for 'rem1105' function is 0.000 sec, iters 3
     RD time for 'rem1107' function is 0.000 sec, iters 3
     RD time for 'rem1101' function is 0.000 sec, iters 3
     RD time for 'rem1110' function is 0.000 sec, iters 3
     RD time for 'rem1111' function is 0.000 sec, iters 3
     RD time for 'rem1104' function is 0.000 sec, iters 3
     RD time for 'rem1106' function is 0.000 sec, iters 3
     RD time for 'rem1103' function is 0.000 sec, iters 3
     RD time for 'rem1108' function is 0.000 sec, iters 3
     RD time for 'rem1112' function is 0.000 sec, iters 3
     RD time for 'rem1102' function is 0.000 sec, iters 3

     RD time for 'rem11' function is 0.000 sec, iters 1

PROFILE: time for this pass = 0.003000 sec (total 0.031000 sec)
RUN PASS with name SUBST_EXPR_RD
  Analyzing: results\1d\rem11\rem11.f
PROFILE: time for this pass = 0.001000 sec (total 0.033000 sec)
RUN PASS with name LOOP_GRAPH
  Analyzing: results\1d\rem11\rem11.f
PROFILE: time for this pass = 0.001000 sec (total 0.034000 sec)
RUN PASS with name CALL_GRAPH
  Analyzing: results\1d\rem11\rem11.f
PROFILE: time for this pass = 0.003000 sec (total 0.038000 sec)
RUN PASS with name CALL_GRAPH2
  Analyzing: results\1d\rem11\rem11.f
  run for func rem11
  run for func rem1101
  run for func rem1102
  run for func rem1103
  run for func rem1104
  run for func rem1105
  run for func rem1106
  run for func rem1107
  run for func rem1108
  run for func rem1109
  run for func rem1110
  run for func rem1111
  run for func rem1112
  run for func serial1
  run for func ansyes
  run for func ansno
PROFILE: time for this pass = 0.001000 sec (total 0.040000 sec)
RUN PASS with name GET_STATS_FOR_PREDICTOR
  Analyzing: results\1d\rem11\rem11.f
    PAR LOOP [55 results\1d\rem11\rem11.f] total exec 34, total exec lines 2, avg 1.7000000000000000e+01
    PAR LOOP [88 results\1d\rem11\rem11.f] total exec 34, total exec lines 2, avg 1.7000000000000000e+01
    PAR LOOP [123 results\1d\rem11\rem11.f] total exec 34, total exec lines 2, avg 1.7000000000000000e+01
    PAR LOOP [159 results\1d\rem11\rem11.f] total exec 34, total exec lines 2, avg 1.7000000000000000e+01
    PAR LOOP [201 results\1d\rem11\rem11.f] total exec 34, total exec lines 2, avg 1.7000000000000000e+01
    PAR LOOP [242 results\1d\rem11\rem11.f] total exec 34, total exec lines 2, avg 1.7000000000000000e+01
    PAR LOOP [283 results\1d\rem11\rem11.f] total exec 34, total exec lines 2, avg 1.7000000000000000e+01
    PAR LOOP [288 results\1d\rem11\rem11.f] total exec 34, total exec lines 2, avg 1.7000000000000000e+01
    PAR LOOP [293 results\1d\rem11\rem11.f] total exec 51, total exec lines 3, avg 1.7000000000000000e+01
    PAR LOOP [325 results\1d\rem11\rem11.f] total exec 34, total exec lines 2, avg 1.7000000000000000e+01
    PAR LOOP [330 results\1d\rem11\rem11.f] total exec 34, total exec lines 2, avg 1.7000000000000000e+01
    PAR LOOP [335 results\1d\rem11\rem11.f] total exec 51, total exec lines 3, avg 1.7000000000000000e+01
    PAR LOOP [367 results\1d\rem11\rem11.f] total exec 34, total exec lines 2, avg 1.7000000000000000e+01
    PAR LOOP [372 results\1d\rem11\rem11.f] total exec 34, total exec lines 2, avg 1.7000000000000000e+01
    PAR LOOP [377 results\1d\rem11\rem11.f] total exec 51, total exec lines 3, avg 1.7000000000000000e+01
    PAR LOOP [409 results\1d\rem11\rem11.f] total exec 34, total exec lines 2, avg 1.7000000000000000e+01
    PAR LOOP [414 results\1d\rem11\rem11.f] total exec 34, total exec lines 2, avg 1.7000000000000000e+01
    PAR LOOP [419 results\1d\rem11\rem11.f] total exec 51, total exec lines 3, avg 1.7000000000000000e+01
    PAR LOOP [453 results\1d\rem11\rem11.f] total exec 34, total exec lines 2, avg 1.7000000000000000e+01
    PAR LOOP [458 results\1d\rem11\rem11.f] total exec 34, total exec lines 2, avg 1.7000000000000000e+01
    PAR LOOP [463 results\1d\rem11\rem11.f] total exec 51, total exec lines 3, avg 1.7000000000000000e+01
    PAR LOOP [497 results\1d\rem11\rem11.f] total exec 34, total exec lines 2, avg 1.7000000000000000e+01
    PAR LOOP [502 results\1d\rem11\rem11.f] total exec 12, total exec lines 2, avg 6.0000000000000000e+00
    PAR LOOP [507 results\1d\rem11\rem11.f] total exec 18, total exec lines 3, avg 6.0000000000000000e+00
    average_parallel_exec 1.5981481481481481e+01
    parallel_rate 3.3790133124510574e-01
PROFILE: time for this pass = 0.011000 sec (total 0.051000 sec)

--------------------------------------------------
INFO.JSON file copied from ./info.json to ./results\1d\rem11\info.json

==================================================
Processing of rem11.f completed successfully at 2025-04-23 11:56:01
