=== Processing file: module21.f ===
Date and time: 2025-05-06 00:23:42
Dimension: 2d
==================================================

Copied ./sources\2d\module21.f to ./results\2d\module21\module21.f
Command: gfortran -O3 -g -fprofile-arcs -ftest-coverage "./results\2d\module21\module21.f" -o "./results\2d\module21\module21"
Output: 

--------------------------------------------------
Command: "./results\2d\module21\module21"
Output: 
 ======== START OF MODULE21  ========
 module21  -  complete
 === END OF MODULE21 ==================

--------------------------------------------------
Command: gcov -b "./results\2d\module21\module21.f"
Output: 
File 'results/2d/module21/module21.f'
Lines executed:91.30% of 46
Branches executed:100.00% of 42
Taken at least once:92.86% of 42
Calls executed:73.68% of 19
Creating 'module21.f.gcov'

Lines executed:91.30% of 46

--------------------------------------------------
GCOV file copied from ./module21.f.gcov to ./results\2d\module21\module21.f.gcov
Command: "../SAPFOR/_bin/Release/Sapfor_F.exe" -parse -spf "./results\2d\module21\module21.f"
Output: 
SAPFOR version is 2410, build date: Apr 23 2025 11:52:44, c++ version 201703
  parse file './results\2d\module21\module21.f'
  options: -spf 
files compilation order:
  ./results\2d\module21\module21.f
Parsing was completed successfully

--------------------------------------------------
Command: "../SAPFOR/_bin/Release/Sapfor_F.exe" -passN GET_STATS_FOR_PREDICTOR -keepDVM
Output: 
SAPFOR version is 2410, build date: Apr 23 2025 11:52:44, c++ version 201703
code for pass GET_STATS_FOR_PREDICTOR is 79
RUN PASS with name VERIFY_FUNC_DECL
  Analyzing: results\2d\module21\module21.f
PROFILE: time for this pass = 0.000000 sec (total 0.002000 sec)
RUN PASS with name FILE_LINE_INFO
  Analyzing: results\2d\module21\module21.f
  All lines in project 114
PROFILE: time for this pass = 0.000000 sec (total 0.002000 sec)
RUN PASS with name BUILD_INCLUDE_DEPENDENCIES
  Analyzing: results\2d\module21\module21.f
PROFILE: time for this pass = 0.000000 sec (total 0.002000 sec)
RUN PASS with name CORRECT_VAR_DECL
  Analyzing: results\2d\module21\module21.f
PROFILE: time for this pass = 0.000000 sec (total 0.003000 sec)
RUN PASS with name VERIFY_OPERATORS
  Analyzing: results\2d\module21\module21.f
PROFILE: time for this pass = 0.000000 sec (total 0.003000 sec)
RUN PASS with name VERIFY_ENDDO
  Analyzing: results\2d\module21\module21.f
PROFILE: time for this pass = 0.000000 sec (total 0.003000 sec)
RUN PASS with name VERIFY_INCLUDES
  Analyzing: results\2d\module21\module21.f
PROFILE: time for this pass = 0.000000 sec (total 0.003000 sec)
RUN PASS with name PREPROC_ALLOCATES
  Analyzing: results\2d\module21\module21.f
PROFILE: time for this pass = 0.000000 sec (total 0.003000 sec)
RUN PASS with name CHECK_PAR_REG_DIR
  Analyzing: results\2d\module21\module21.f
PROFILE: time for this pass = 0.000000 sec (total 0.003000 sec)
RUN PASS with name FILL_PARALLEL_REG_IR
  Analyzing: results\2d\module21\module21.f
PROFILE: time for this pass = 0.000000 sec (total 0.004000 sec)
RUN PASS with name GET_ALL_ARRAY_DECL
  Analyzing: results\2d\module21\module21.f
PROFILE: time for this pass = 0.000000 sec (total 0.005000 sec)
RUN PASS with name FILL_COMMON_BLOCKS
  Analyzing: results\2d\module21\module21.f
PROFILE: time for this pass = 0.000000 sec (total 0.005000 sec)
RUN PASS with name PARSE_OMP_DIRS
  Analyzing: results\2d\module21\module21.f
PROFILE: time for this pass = 0.000000 sec (total 0.005000 sec)
RUN PASS with name PREPROC_SPF
  Analyzing: results\2d\module21\module21.f
PROFILE: time for this pass = 0.000000 sec (total 0.005000 sec)
RUN PASS with name CREATE_INTER_TREE
  Analyzing: results\2d\module21\module21.f
PROFILE: time for this pass = 0.000000 sec (total 0.006000 sec)
RUN PASS with name GCOV_PARSER
  Analyzing: results\2d\module21\module21.f
   Error: unable to open file statistic.txt
PROFILE: time for this pass = 0.000000 sec (total 0.007000 sec)
RUN PASS with name VERIFY_FORMAT
  Analyzing: results\2d\module21\module21.f
PROFILE: time for this pass = 0.000000 sec (total 0.007000 sec)
RUN PASS with name VERIFY_DVM_DIRS
  Analyzing: results\2d\module21\module21.f
PROFILE: time for this pass = 0.000000 sec (total 0.007000 sec)
RUN PASS with name PRIVATE_CALL_GRAPH_STAGE1
  Analyzing: results\2d\module21\module21.f
PROFILE: time for this pass = 0.000000 sec (total 0.008000 sec)
RUN PASS with name PRIVATE_CALL_GRAPH_STAGE2
  Analyzing: results\2d\module21\module21.f
PROFILE: time for this pass = 0.000000 sec (total 0.008000 sec)
RUN PASS with name MACRO_EXPANSION
  Analyzing: results\2d\module21\module21.f
PROFILE: time for this pass = 0.000000 sec (total 0.008000 sec)
RUN PASS with name CONVERT_ASSIGN_TO_LOOP
  Analyzing: results\2d\module21\module21.f
PROFILE: time for this pass = 0.000000 sec (total 0.009000 sec)
RUN PASS with name DEF_USE_STAGE1
  Analyzing: results\2d\module21\module21.f
PROFILE: time for this pass = 0.000000 sec (total 0.009000 sec)
RUN PASS with name DEF_USE_STAGE2
  Analyzing: results\2d\module21\module21.f
PROFILE: time for this pass = 0.000000 sec (total 0.009000 sec)
RUN PASS with name VERIFY_COMMON
  Analyzing: results\2d\module21\module21.f
PROFILE: time for this pass = 0.000000 sec (total 0.010000 sec)
RUN PASS with name CALL_GRAPH_IR
  Analyzing: results\2d\module21\module21.f
PROFILE: time for this pass = 0.000000 sec (total 0.010000 sec)
RUN PASS with name BUILD_IR
  Analyzing: results\2d\module21\module21.f
  count of functions 3, count of lvls 2
     RD time for 'ansyes' function is 0.000 sec, iters 1
     RD time for 'ansno' function is 0.000 sec, iters 1

     RD time for 'module21' function is 0.000 sec, iters 5

PROFILE: time for this pass = 0.001000 sec (total 0.012000 sec)
RUN PASS with name SUBST_EXPR_RD
  Analyzing: results\2d\module21\module21.f
PROFILE: time for this pass = 0.000000 sec (total 0.012000 sec)
RUN PASS with name LOOP_GRAPH
  Analyzing: results\2d\module21\module21.f
PROFILE: time for this pass = 0.000000 sec (total 0.013000 sec)
RUN PASS with name CALL_GRAPH
  Analyzing: results\2d\module21\module21.f
PROFILE: time for this pass = 0.000000 sec (total 0.013000 sec)
RUN PASS with name CALL_GRAPH2
  Analyzing: results\2d\module21\module21.f
  run for func module21
  run for func ansyes
  run for func ansno
  added conflict messages to loop on line 37
  added conflict messages to loop on line 76
PROFILE: time for this pass = 0.000000 sec (total 0.014000 sec)
RUN PASS with name GET_STATS_FOR_PREDICTOR
  Analyzing: results\2d\module21\module21.f
    PAR LOOP [27 results\2d\module21\module21.f] total exec 499, total exec lines 9, avg 5.5444444444444443e+01
    PAR LOOP [44 results\2d\module21\module21.f] total exec 3420, total exec lines 5, avg 6.8400000000000000e+02
    PAR LOOP [53 results\2d\module21\module21.f] total exec 2700, total exec lines 4, avg 6.7500000000000000e+02
    PAR LOOP [66 results\2d\module21\module21.f] total exec 499, total exec lines 9, avg 5.5444444444444443e+01
    PAR LOOP [80 results\2d\module21\module21.f] total exec 3420, total exec lines 5, avg 6.8400000000000000e+02
    PAR LOOP [88 results\2d\module21\module21.f] total exec 2700, total exec lines 4, avg 6.7500000000000000e+02
    average_parallel_exec 3.6772222222222223e+02
    parallel_rate 9.4489650249821555e-01
PROFILE: time for this pass = 0.004000 sec (total 0.018000 sec)

--------------------------------------------------
INFO.JSON file copied from ./info.json to ./results\2d\module21\info.json

==================================================
Processing of module21.f completed successfully at 2025-05-06 00:23:43
