=== Processing file: parallel3.f ===
Date and time: 2025-05-06 00:25:54
Dimension: 3d
==================================================

Copied ./sources\3d\parallel3.f to ./results\3d\parallel3\parallel3.f
Command: gfortran -O3 -g -fprofile-arcs -ftest-coverage "./results\3d\parallel3\parallel3.f" -o "./results\3d\parallel3\parallel3"
Output: 

--------------------------------------------------
Command: "./results\3d\parallel3\parallel3"
Output: 
 ===START OF parallel3========================
 paral31    -  complete
 paral32    -  complete
 paral34    -  complete
 paral35    -  complete
 paral36    -  complete
 === END OF parallel3 ========================

--------------------------------------------------
Command: gcov -b "./results\3d\parallel3\parallel3.f"
Output: 
File 'results/3d/parallel3/parallel3.f'
Lines executed:77.38% of 168
Branches executed:86.67% of 150
Taken at least once:69.33% of 150
Calls executed:44.23% of 52
Creating 'parallel3.f.gcov'

Lines executed:77.38% of 168

--------------------------------------------------
GCOV file copied from ./parallel3.f.gcov to ./results\3d\parallel3\parallel3.f.gcov
Command: "../SAPFOR/_bin/Release/Sapfor_F.exe" -parse -spf "./results\3d\parallel3\parallel3.f"
Output: 
SAPFOR version is 2410, build date: Apr 23 2025 11:52:44, c++ version 201703
  parse file './results\3d\parallel3\parallel3.f'
  options: -spf 
files compilation order:
  ./results\3d\parallel3\parallel3.f
Parsing was completed successfully

--------------------------------------------------
Command: "../SAPFOR/_bin/Release/Sapfor_F.exe" -passN GET_STATS_FOR_PREDICTOR -keepDVM
Output: 
SAPFOR version is 2410, build date: Apr 23 2025 11:52:44, c++ version 201703
code for pass GET_STATS_FOR_PREDICTOR is 79
RUN PASS with name VERIFY_FUNC_DECL
  Analyzing: results\3d\parallel3\parallel3.f
PROFILE: time for this pass = 0.000000 sec (total 0.003000 sec)
RUN PASS with name FILE_LINE_INFO
  Analyzing: results\3d\parallel3\parallel3.f
  All lines in project 456
PROFILE: time for this pass = 0.000000 sec (total 0.003000 sec)
RUN PASS with name BUILD_INCLUDE_DEPENDENCIES
  Analyzing: results\3d\parallel3\parallel3.f
PROFILE: time for this pass = 0.000000 sec (total 0.004000 sec)
RUN PASS with name CORRECT_VAR_DECL
  Analyzing: results\3d\parallel3\parallel3.f
PROFILE: time for this pass = 0.000000 sec (total 0.004000 sec)
RUN PASS with name VERIFY_OPERATORS
  Analyzing: results\3d\parallel3\parallel3.f
PROFILE: time for this pass = 0.000000 sec (total 0.005000 sec)
RUN PASS with name VERIFY_ENDDO
  Analyzing: results\3d\parallel3\parallel3.f
PROFILE: time for this pass = 0.000000 sec (total 0.005000 sec)
RUN PASS with name VERIFY_INCLUDES
  Analyzing: results\3d\parallel3\parallel3.f
PROFILE: time for this pass = 0.000000 sec (total 0.006000 sec)
RUN PASS with name PREPROC_ALLOCATES
  Analyzing: results\3d\parallel3\parallel3.f
  attribute (50 results\3d\parallel3\parallel3.f) is added to declaration on line 44 of results\3d\parallel3\parallel3.f file
  attribute (96 results\3d\parallel3\parallel3.f) is added to declaration on line 44 of results\3d\parallel3\parallel3.f file
  attribute (117 results\3d\parallel3\parallel3.f) is added to declaration on line 111 of results\3d\parallel3\parallel3.f file
  attribute (162 results\3d\parallel3\parallel3.f) is added to declaration on line 111 of results\3d\parallel3\parallel3.f file
  attribute (183 results\3d\parallel3\parallel3.f) is added to declaration on line 177 of results\3d\parallel3\parallel3.f file
  attribute (228 results\3d\parallel3\parallel3.f) is added to declaration on line 177 of results\3d\parallel3\parallel3.f file
  attribute (250 results\3d\parallel3\parallel3.f) is added to declaration on line 243 of results\3d\parallel3\parallel3.f file
  attribute (300 results\3d\parallel3\parallel3.f) is added to declaration on line 243 of results\3d\parallel3\parallel3.f file
  attribute (322 results\3d\parallel3\parallel3.f) is added to declaration on line 315 of results\3d\parallel3\parallel3.f file
  attribute (371 results\3d\parallel3\parallel3.f) is added to declaration on line 315 of results\3d\parallel3\parallel3.f file
  attribute (394 results\3d\parallel3\parallel3.f) is added to declaration on line 387 of results\3d\parallel3\parallel3.f file
  attribute (444 results\3d\parallel3\parallel3.f) is added to declaration on line 387 of results\3d\parallel3\parallel3.f file
PROFILE: time for this pass = 0.000000 sec (total 0.007000 sec)
RUN PASS with name CHECK_PAR_REG_DIR
  Analyzing: results\3d\parallel3\parallel3.f
PROFILE: time for this pass = 0.000000 sec (total 0.007000 sec)
RUN PASS with name FILL_PARALLEL_REG_IR
  Analyzing: results\3d\parallel3\parallel3.f
PROFILE: time for this pass = 0.000000 sec (total 0.008000 sec)
RUN PASS with name GET_ALL_ARRAY_DECL
  Analyzing: results\3d\parallel3\parallel3.f
PROFILE: time for this pass = 0.003000 sec (total 0.011000 sec)
RUN PASS with name FILL_COMMON_BLOCKS
  Analyzing: results\3d\parallel3\parallel3.f
PROFILE: time for this pass = 0.000000 sec (total 0.012000 sec)
RUN PASS with name PARSE_OMP_DIRS
  Analyzing: results\3d\parallel3\parallel3.f
PROFILE: time for this pass = 0.000000 sec (total 0.013000 sec)
RUN PASS with name PREPROC_SPF
  Analyzing: results\3d\parallel3\parallel3.f
PROFILE: time for this pass = 0.000000 sec (total 0.013000 sec)
RUN PASS with name CREATE_INTER_TREE
  Analyzing: results\3d\parallel3\parallel3.f
PROFILE: time for this pass = 0.003000 sec (total 0.016000 sec)
RUN PASS with name GCOV_PARSER
  Analyzing: results\3d\parallel3\parallel3.f
   Error: unable to open file statistic.txt
PROFILE: time for this pass = 0.003000 sec (total 0.020000 sec)
RUN PASS with name VERIFY_FORMAT
  Analyzing: results\3d\parallel3\parallel3.f
PROFILE: time for this pass = 0.000000 sec (total 0.020000 sec)
RUN PASS with name VERIFY_DVM_DIRS
  Analyzing: results\3d\parallel3\parallel3.f
PROFILE: time for this pass = 0.000000 sec (total 0.021000 sec)
RUN PASS with name PRIVATE_CALL_GRAPH_STAGE1
  Analyzing: results\3d\parallel3\parallel3.f
PROFILE: time for this pass = 0.000000 sec (total 0.022000 sec)
RUN PASS with name PRIVATE_CALL_GRAPH_STAGE2
  Analyzing: results\3d\parallel3\parallel3.f
PROFILE: time for this pass = 0.000000 sec (total 0.023000 sec)
RUN PASS with name MACRO_EXPANSION
  Analyzing: results\3d\parallel3\parallel3.f
PROFILE: time for this pass = 0.000000 sec (total 0.023000 sec)
RUN PASS with name CONVERT_ASSIGN_TO_LOOP
  Analyzing: results\3d\parallel3\parallel3.f
PROFILE: time for this pass = 0.001000 sec (total 0.025000 sec)
RUN PASS with name DEF_USE_STAGE1
  Analyzing: results\3d\parallel3\parallel3.f
PROFILE: time for this pass = 0.001000 sec (total 0.026000 sec)
RUN PASS with name DEF_USE_STAGE2
  Analyzing: results\3d\parallel3\parallel3.f
PROFILE: time for this pass = 0.000000 sec (total 0.027000 sec)
RUN PASS with name VERIFY_COMMON
  Analyzing: results\3d\parallel3\parallel3.f
PROFILE: time for this pass = 0.000000 sec (total 0.028000 sec)
RUN PASS with name CALL_GRAPH_IR
  Analyzing: results\3d\parallel3\parallel3.f
PROFILE: time for this pass = 0.001000 sec (total 0.029000 sec)
RUN PASS with name BUILD_IR
  Analyzing: results\3d\parallel3\parallel3.f
  count of functions 9, count of lvls 3
     RD time for 'ansyes' function is 0.000 sec, iters 1
     RD time for 'paral33' function is 0.000 sec, iters 5
     RD time for 'ansno' function is 0.000 sec, iters 1

     RD time for 'paral31' function is 0.000 sec, iters 5
     RD time for 'paral32' function is 0.000 sec, iters 5
     RD time for 'paral34' function is 0.000 sec, iters 5
     RD time for 'paral35' function is 0.000 sec, iters 5
     RD time for 'paral36' function is 0.000 sec, iters 5

     RD time for 'parallel3' function is 0.000 sec, iters 1

PROFILE: time for this pass = 0.007000 sec (total 0.036000 sec)
RUN PASS with name SUBST_EXPR_RD
  Analyzing: results\3d\parallel3\parallel3.f
PROFILE: time for this pass = 0.002000 sec (total 0.039000 sec)
RUN PASS with name LOOP_GRAPH
  Analyzing: results\3d\parallel3\parallel3.f
PROFILE: time for this pass = 0.001000 sec (total 0.041000 sec)
RUN PASS with name CALL_GRAPH
  Analyzing: results\3d\parallel3\parallel3.f
PROFILE: time for this pass = 0.002000 sec (total 0.043000 sec)
RUN PASS with name CALL_GRAPH2
  Analyzing: results\3d\parallel3\parallel3.f
  run for func parallel3
  run for func paral31
  run for func paral32
  run for func paral33
  run for func paral34
  run for func paral35
  run for func paral36
  run for func ansyes
  run for func ansno
PROFILE: time for this pass = 0.001000 sec (total 0.045000 sec)
RUN PASS with name GET_STATS_FOR_PREDICTOR
  Analyzing: results\3d\parallel3\parallel3.f
    PAR LOOP [57 results\3d\parallel3\parallel3.f] total exec 645, total exec lines 6, avg 1.0750000000000000e+02
    PAR LOOP [68 results\3d\parallel3\parallel3.f] total exec 681, total exec lines 12, avg 5.6750000000000000e+01
    PAR LOOP [124 results\3d\parallel3\parallel3.f] total exec 528, total exec lines 6, avg 8.8000000000000000e+01
    PAR LOOP [135 results\3d\parallel3\parallel3.f] total exec 678, total exec lines 12, avg 5.6500000000000000e+01
    PAR LOOP [257 results\3d\parallel3\parallel3.f] total exec 144, total exec lines 6, avg 2.4000000000000000e+01
    PAR LOOP [266 results\3d\parallel3\parallel3.f] total exec 861, total exec lines 6, avg 1.4350000000000000e+02
    PAR LOOP [276 results\3d\parallel3\parallel3.f] total exec 189, total exec lines 9, avg 2.1000000000000000e+01
    PAR LOOP [328 results\3d\parallel3\parallel3.f] total exec 861, total exec lines 6, avg 1.4350000000000000e+02
    PAR LOOP [337 results\3d\parallel3\parallel3.f] total exec 861, total exec lines 6, avg 1.4350000000000000e+02
    PAR LOOP [350 results\3d\parallel3\parallel3.f] total exec 1207, total exec lines 7, avg 1.7242857142857142e+02
    PAR LOOP [401 results\3d\parallel3\parallel3.f] total exec 144, total exec lines 6, avg 2.4000000000000000e+01
    PAR LOOP [410 results\3d\parallel3\parallel3.f] total exec 861, total exec lines 6, avg 1.4350000000000000e+02
    PAR LOOP [420 results\3d\parallel3\parallel3.f] total exec 189, total exec lines 9, avg 2.1000000000000000e+01
    average_parallel_exec 8.0917525773195877e+01
    parallel_rate 9.7466782565503540e-01
PROFILE: time for this pass = 0.013000 sec (total 0.059000 sec)

--------------------------------------------------
INFO.JSON file copied from ./info.json to ./results\3d\parallel3\info.json

==================================================
Processing of parallel3.f completed successfully at 2025-05-06 00:25:55
