=== Processing file: alignplus21.f ===
Date and time: 2025-05-06 00:23:07
Dimension: 2d
==================================================

Copied ./sources\2d\alignplus21.f to ./results\2d\alignplus21\alignplus21.f
Command: gfortran -O3 -g -fprofile-arcs -ftest-coverage "./results\2d\alignplus21\alignplus21.f" -o "./results\2d\alignplus21\alignplus21"
Output: 

--------------------------------------------------
Command: "./results\2d\alignplus21\alignplus21"
Output: 
 ===START OF alignplus21==================
 align211   -  complete
 align212   -  complete
 align213   -  complete
 align214   -  complete
 align215   -  complete
 align216   -  complete
 align217   -  complete
 align218   -  complete
 === END OF alignplus21 ==================

--------------------------------------------------
Command: gcov -b "./results\2d\alignplus21\alignplus21.f"
Output: 
File 'results/2d/alignplus21/alignplus21.f'
Lines executed:87.28% of 228
Branches executed:100.00% of 208
Taken at least once:73.08% of 208
Calls executed:35.80% of 81
Creating 'alignplus21.f.gcov'

Lines executed:87.28% of 228

--------------------------------------------------
GCOV file copied from ./alignplus21.f.gcov to ./results\2d\alignplus21\alignplus21.f.gcov
Command: "../SAPFOR/_bin/Release/Sapfor_F.exe" -parse -spf "./results\2d\alignplus21\alignplus21.f"
Output: 
SAPFOR version is 2410, build date: Apr 23 2025 11:52:44, c++ version 201703
  parse file './results\2d\alignplus21\alignplus21.f'
  options: -spf 
files compilation order:
  ./results\2d\alignplus21\alignplus21.f
Parsing was completed successfully

--------------------------------------------------
Command: "../SAPFOR/_bin/Release/Sapfor_F.exe" -passN GET_STATS_FOR_PREDICTOR -keepDVM
Output: 
SAPFOR version is 2410, build date: Apr 23 2025 11:52:44, c++ version 201703
code for pass GET_STATS_FOR_PREDICTOR is 79
RUN PASS with name VERIFY_FUNC_DECL
  Analyzing: results\2d\alignplus21\alignplus21.f
PROFILE: time for this pass = 0.000000 sec (total 0.002000 sec)
RUN PASS with name FILE_LINE_INFO
  Analyzing: results\2d\alignplus21\alignplus21.f
  All lines in project 569
PROFILE: time for this pass = 0.000000 sec (total 0.002000 sec)
RUN PASS with name BUILD_INCLUDE_DEPENDENCIES
  Analyzing: results\2d\alignplus21\alignplus21.f
PROFILE: time for this pass = 0.000000 sec (total 0.003000 sec)
RUN PASS with name CORRECT_VAR_DECL
  Analyzing: results\2d\alignplus21\alignplus21.f
PROFILE: time for this pass = 0.000000 sec (total 0.003000 sec)
RUN PASS with name VERIFY_OPERATORS
  Analyzing: results\2d\alignplus21\alignplus21.f
PROFILE: time for this pass = 0.000000 sec (total 0.004000 sec)
RUN PASS with name VERIFY_ENDDO
  Analyzing: results\2d\alignplus21\alignplus21.f
PROFILE: time for this pass = 0.000000 sec (total 0.004000 sec)
RUN PASS with name VERIFY_INCLUDES
  Analyzing: results\2d\alignplus21\alignplus21.f
PROFILE: time for this pass = 0.000000 sec (total 0.005000 sec)
RUN PASS with name PREPROC_ALLOCATES
  Analyzing: results\2d\alignplus21\alignplus21.f
  attribute (57 results\2d\alignplus21\alignplus21.f) is added to declaration on line 50 of results\2d\alignplus21\alignplus21.f file
  attribute (104 results\2d\alignplus21\alignplus21.f) is added to declaration on line 50 of results\2d\alignplus21\alignplus21.f file
  attribute (122 results\2d\alignplus21\alignplus21.f) is added to declaration on line 115 of results\2d\alignplus21\alignplus21.f file
  attribute (169 results\2d\alignplus21\alignplus21.f) is added to declaration on line 115 of results\2d\alignplus21\alignplus21.f file
  attribute (186 results\2d\alignplus21\alignplus21.f) is added to declaration on line 179 of results\2d\alignplus21\alignplus21.f file
  attribute (235 results\2d\alignplus21\alignplus21.f) is added to declaration on line 179 of results\2d\alignplus21\alignplus21.f file
  attribute (253 results\2d\alignplus21\alignplus21.f) is added to declaration on line 246 of results\2d\alignplus21\alignplus21.f file
  attribute (300 results\2d\alignplus21\alignplus21.f) is added to declaration on line 246 of results\2d\alignplus21\alignplus21.f file
  attribute (316 results\2d\alignplus21\alignplus21.f) is added to declaration on line 309 of results\2d\alignplus21\alignplus21.f file
  attribute (363 results\2d\alignplus21\alignplus21.f) is added to declaration on line 309 of results\2d\alignplus21\alignplus21.f file
  attribute (381 results\2d\alignplus21\alignplus21.f) is added to declaration on line 374 of results\2d\alignplus21\alignplus21.f file
  attribute (428 results\2d\alignplus21\alignplus21.f) is added to declaration on line 374 of results\2d\alignplus21\alignplus21.f file
  attribute (445 results\2d\alignplus21\alignplus21.f) is added to declaration on line 438 of results\2d\alignplus21\alignplus21.f file
  attribute (492 results\2d\alignplus21\alignplus21.f) is added to declaration on line 438 of results\2d\alignplus21\alignplus21.f file
  attribute (510 results\2d\alignplus21\alignplus21.f) is added to declaration on line 503 of results\2d\alignplus21\alignplus21.f file
  attribute (557 results\2d\alignplus21\alignplus21.f) is added to declaration on line 503 of results\2d\alignplus21\alignplus21.f file
PROFILE: time for this pass = 0.000000 sec (total 0.005000 sec)
RUN PASS with name CHECK_PAR_REG_DIR
  Analyzing: results\2d\alignplus21\alignplus21.f
PROFILE: time for this pass = 0.000000 sec (total 0.006000 sec)
RUN PASS with name FILL_PARALLEL_REG_IR
  Analyzing: results\2d\alignplus21\alignplus21.f
PROFILE: time for this pass = 0.000000 sec (total 0.006000 sec)
RUN PASS with name GET_ALL_ARRAY_DECL
  Analyzing: results\2d\alignplus21\alignplus21.f
PROFILE: time for this pass = 0.002000 sec (total 0.009000 sec)
RUN PASS with name FILL_COMMON_BLOCKS
  Analyzing: results\2d\alignplus21\alignplus21.f
PROFILE: time for this pass = 0.000000 sec (total 0.010000 sec)
RUN PASS with name PARSE_OMP_DIRS
  Analyzing: results\2d\alignplus21\alignplus21.f
PROFILE: time for this pass = 0.000000 sec (total 0.010000 sec)
RUN PASS with name PREPROC_SPF
  Analyzing: results\2d\alignplus21\alignplus21.f
PROFILE: time for this pass = 0.000000 sec (total 0.011000 sec)
RUN PASS with name CREATE_INTER_TREE
  Analyzing: results\2d\alignplus21\alignplus21.f
PROFILE: time for this pass = 0.001000 sec (total 0.013000 sec)
RUN PASS with name GCOV_PARSER
  Analyzing: results\2d\alignplus21\alignplus21.f
   Error: unable to open file statistic.txt
PROFILE: time for this pass = 0.001000 sec (total 0.014000 sec)
RUN PASS with name VERIFY_FORMAT
  Analyzing: results\2d\alignplus21\alignplus21.f
PROFILE: time for this pass = 0.000000 sec (total 0.015000 sec)
RUN PASS with name VERIFY_DVM_DIRS
  Analyzing: results\2d\alignplus21\alignplus21.f
PROFILE: time for this pass = 0.000000 sec (total 0.015000 sec)
RUN PASS with name PRIVATE_CALL_GRAPH_STAGE1
  Analyzing: results\2d\alignplus21\alignplus21.f
PROFILE: time for this pass = 0.000000 sec (total 0.015000 sec)
RUN PASS with name PRIVATE_CALL_GRAPH_STAGE2
  Analyzing: results\2d\alignplus21\alignplus21.f
PROFILE: time for this pass = 0.000000 sec (total 0.016000 sec)
RUN PASS with name MACRO_EXPANSION
  Analyzing: results\2d\alignplus21\alignplus21.f
PROFILE: time for this pass = 0.000000 sec (total 0.016000 sec)
RUN PASS with name CONVERT_ASSIGN_TO_LOOP
  Analyzing: results\2d\alignplus21\alignplus21.f
PROFILE: time for this pass = 0.000000 sec (total 0.017000 sec)
RUN PASS with name DEF_USE_STAGE1
  Analyzing: results\2d\alignplus21\alignplus21.f
PROFILE: time for this pass = 0.001000 sec (total 0.018000 sec)
RUN PASS with name DEF_USE_STAGE2
  Analyzing: results\2d\alignplus21\alignplus21.f
PROFILE: time for this pass = 0.000000 sec (total 0.018000 sec)
RUN PASS with name VERIFY_COMMON
  Analyzing: results\2d\alignplus21\alignplus21.f
PROFILE: time for this pass = 0.000000 sec (total 0.019000 sec)
RUN PASS with name CALL_GRAPH_IR
  Analyzing: results\2d\alignplus21\alignplus21.f
PROFILE: time for this pass = 0.000000 sec (total 0.020000 sec)
RUN PASS with name BUILD_IR
  Analyzing: results\2d\alignplus21\alignplus21.f
  count of functions 11, count of lvls 3
     RD time for 'ansyes' function is 0.000 sec, iters 1
     RD time for 'ansno' function is 0.000 sec, iters 1

     RD time for 'align213' function is 0.000 sec, iters 4
     RD time for 'align214' function is 0.000 sec, iters 4
     RD time for 'align215' function is 0.000 sec, iters 4
     RD time for 'align212' function is 0.000 sec, iters 4
     RD time for 'align211' function is 0.000 sec, iters 4
     RD time for 'align218' function is 0.000 sec, iters 4
     RD time for 'align217' function is 0.000 sec, iters 4
     RD time for 'align216' function is 0.000 sec, iters 4

     RD time for 'alignplus21' function is 0.000 sec, iters 1

PROFILE: time for this pass = 0.005000 sec (total 0.025000 sec)
RUN PASS with name SUBST_EXPR_RD
  Analyzing: results\2d\alignplus21\alignplus21.f
PROFILE: time for this pass = 0.002000 sec (total 0.027000 sec)
RUN PASS with name LOOP_GRAPH
  Analyzing: results\2d\alignplus21\alignplus21.f
PROFILE: time for this pass = 0.001000 sec (total 0.029000 sec)
RUN PASS with name CALL_GRAPH
  Analyzing: results\2d\alignplus21\alignplus21.f
PROFILE: time for this pass = 0.001000 sec (total 0.030000 sec)
RUN PASS with name CALL_GRAPH2
  Analyzing: results\2d\alignplus21\alignplus21.f
  run for func alignplus21
  run for func align211
  run for func align212
  run for func align213
  run for func align214
  run for func align215
  run for func align216
  run for func align217
  run for func align218
  run for func ansyes
  run for func ansno
PROFILE: time for this pass = 0.001000 sec (total 0.032000 sec)
RUN PASS with name GET_STATS_FOR_PREDICTOR
  Analyzing: results\2d\alignplus21\alignplus21.f
    PAR LOOP [64 results\2d\alignplus21\alignplus21.f] total exec 10, total exec lines 2, avg 5.0000000000000000e+00
    PAR LOOP [69 results\2d\alignplus21\alignplus21.f] total exec 387, total exec lines 10, avg 3.8700000000000003e+01
    PAR LOOP [84 results\2d\alignplus21\alignplus21.f] total exec 40, total exec lines 11, avg 3.6363636363636362e+00
    PAR LOOP [129 results\2d\alignplus21\alignplus21.f] total exec 14, total exec lines 2, avg 7.0000000000000000e+00
    PAR LOOP [134 results\2d\alignplus21\alignplus21.f] total exec 267, total exec lines 8, avg 3.3375000000000000e+01
    PAR LOOP [149 results\2d\alignplus21\alignplus21.f] total exec 58, total exec lines 11, avg 5.2727272727272725e+00
    PAR LOOP [194 results\2d\alignplus21\alignplus21.f] total exec 14, total exec lines 2, avg 7.0000000000000000e+00
    PAR LOOP [199 results\2d\alignplus21\alignplus21.f] total exec 539, total exec lines 11, avg 4.9000000000000000e+01
    PAR LOOP [216 results\2d\alignplus21\alignplus21.f] total exec 34, total exec lines 6, avg 5.6666666666666670e+00
    PAR LOOP [261 results\2d\alignplus21\alignplus21.f] total exec 12, total exec lines 2, avg 6.0000000000000000e+00
    PAR LOOP [266 results\2d\alignplus21\alignplus21.f] total exec 1367, total exec lines 11, avg 1.2427272727272727e+02
    PAR LOOP [283 results\2d\alignplus21\alignplus21.f] total exec 29, total exec lines 6, avg 4.8333333333333330e+00
    PAR LOOP [323 results\2d\alignplus21\alignplus21.f] total exec 10, total exec lines 2, avg 5.0000000000000000e+00
    PAR LOOP [328 results\2d\alignplus21\alignplus21.f] total exec 387, total exec lines 10, avg 3.8700000000000003e+01
    PAR LOOP [343 results\2d\alignplus21\alignplus21.f] total exec 40, total exec lines 11, avg 3.6363636363636362e+00
    PAR LOOP [388 results\2d\alignplus21\alignplus21.f] total exec 14, total exec lines 2, avg 7.0000000000000000e+00
    PAR LOOP [393 results\2d\alignplus21\alignplus21.f] total exec 267, total exec lines 8, avg 3.3375000000000000e+01
    PAR LOOP [408 results\2d\alignplus21\alignplus21.f] total exec 58, total exec lines 11, avg 5.2727272727272725e+00
    PAR LOOP [453 results\2d\alignplus21\alignplus21.f] total exec 14, total exec lines 2, avg 7.0000000000000000e+00
    PAR LOOP [458 results\2d\alignplus21\alignplus21.f] total exec 539, total exec lines 11, avg 4.9000000000000000e+01
    PAR LOOP [475 results\2d\alignplus21\alignplus21.f] total exec 34, total exec lines 6, avg 5.6666666666666670e+00
    PAR LOOP [518 results\2d\alignplus21\alignplus21.f] total exec 12, total exec lines 2, avg 6.0000000000000000e+00
    PAR LOOP [523 results\2d\alignplus21\alignplus21.f] total exec 1367, total exec lines 11, avg 1.2427272727272727e+02
    PAR LOOP [540 results\2d\alignplus21\alignplus21.f] total exec 29, total exec lines 6, avg 4.8333333333333330e+00
    average_parallel_exec 3.3792682926829265e+01
    parallel_rate 9.4027824906684765e-01
PROFILE: time for this pass = 0.013000 sec (total 0.045000 sec)

--------------------------------------------------
INFO.JSON file copied from ./info.json to ./results\2d\alignplus21\info.json

==================================================
Processing of alignplus21.f completed successfully at 2025-05-06 00:23:08
