=== Processing file: align24.f ===
Date and time: 2025-04-23 11:56:15
Dimension: 2d
==================================================

Copied ./sources\2d\align24.f to ./results\2d\align24\align24.f
Command: gfortran -O3 -g -fprofile-arcs -ftest-coverage "./results\2d\align24\align24.f" -o "./results\2d\align24\align24"
Output: 

--------------------------------------------------
Command: "./results\2d\align24\align24"
Output: 
 ===START OF align24========================
 align241   -  complete
 align2421  -  complete
 align2422  -  complete
 align243   -  complete
 === END OF align24 ========================

--------------------------------------------------
Command: gcov -b "./results\2d\align24\align24.f"
Output: 
File 'results/2d/align24/align24.f'
Lines executed:75.91% of 220
Branches executed:80.17% of 242
Taken at least once:70.25% of 242
Calls executed:35.59% of 59
Creating 'align24.f.gcov'

Lines executed:75.91% of 220

--------------------------------------------------
GCOV file copied from ./align24.f.gcov to ./results\2d\align24\align24.f.gcov
Command: "../SAPFOR/_bin/Release/Sapfor_F.exe" -parse -spf "./results\2d\align24\align24.f"
Output: 
SAPFOR version is 2410, build date: Apr 23 2025 11:52:44, c++ version 201703
  parse file './results\2d\align24\align24.f'
  options: -spf 
files compilation order:
  ./results\2d\align24\align24.f
Parsing was completed successfully

--------------------------------------------------
Command: "../SAPFOR/_bin/Release/Sapfor_F.exe" -passN GET_STATS_FOR_PREDICTOR -keepDVM
Output: 
SAPFOR version is 2410, build date: Apr 23 2025 11:52:44, c++ version 201703
code for pass GET_STATS_FOR_PREDICTOR is 79
RUN PASS with name VERIFY_FUNC_DECL
  Analyzing: results\2d\align24\align24.f
PROFILE: time for this pass = 0.000000 sec (total 0.008000 sec)
RUN PASS with name FILE_LINE_INFO
  Analyzing: results\2d\align24\align24.f
  All lines in project 536
PROFILE: time for this pass = 0.000000 sec (total 0.008000 sec)
RUN PASS with name BUILD_INCLUDE_DEPENDENCIES
  Analyzing: results\2d\align24\align24.f
PROFILE: time for this pass = 0.000000 sec (total 0.009000 sec)
RUN PASS with name CORRECT_VAR_DECL
  Analyzing: results\2d\align24\align24.f
PROFILE: time for this pass = 0.000000 sec (total 0.010000 sec)
RUN PASS with name VERIFY_OPERATORS
  Analyzing: results\2d\align24\align24.f
PROFILE: time for this pass = 0.000000 sec (total 0.010000 sec)
RUN PASS with name VERIFY_ENDDO
  Analyzing: results\2d\align24\align24.f
PROFILE: time for this pass = 0.000000 sec (total 0.011000 sec)
RUN PASS with name VERIFY_INCLUDES
  Analyzing: results\2d\align24\align24.f
PROFILE: time for this pass = 0.000000 sec (total 0.012000 sec)
RUN PASS with name PREPROC_ALLOCATES
  Analyzing: results\2d\align24\align24.f
  attribute (43 results\2d\align24\align24.f) is added to declaration on line 35 of results\2d\align24\align24.f file
  attribute (122 results\2d\align24\align24.f) is added to declaration on line 35 of results\2d\align24\align24.f file
  attribute (143 results\2d\align24\align24.f) is added to declaration on line 136 of results\2d\align24\align24.f file
  attribute (222 results\2d\align24\align24.f) is added to declaration on line 136 of results\2d\align24\align24.f file
  attribute (243 results\2d\align24\align24.f) is added to declaration on line 236 of results\2d\align24\align24.f file
  attribute (322 results\2d\align24\align24.f) is added to declaration on line 236 of results\2d\align24\align24.f file
  attribute (344 results\2d\align24\align24.f) is added to declaration on line 336 of results\2d\align24\align24.f file
  attribute (421 results\2d\align24\align24.f) is added to declaration on line 336 of results\2d\align24\align24.f file
  attribute (445 results\2d\align24\align24.f) is added to declaration on line 437 of results\2d\align24\align24.f file
  attribute (523 results\2d\align24\align24.f) is added to declaration on line 437 of results\2d\align24\align24.f file
PROFILE: time for this pass = 0.001000 sec (total 0.013000 sec)
RUN PASS with name CHECK_PAR_REG_DIR
  Analyzing: results\2d\align24\align24.f
PROFILE: time for this pass = 0.000000 sec (total 0.014000 sec)
RUN PASS with name FILL_PARALLEL_REG_IR
  Analyzing: results\2d\align24\align24.f
PROFILE: time for this pass = 0.000000 sec (total 0.015000 sec)
RUN PASS with name GET_ALL_ARRAY_DECL
  Analyzing: results\2d\align24\align24.f
PROFILE: time for this pass = 0.003000 sec (total 0.018000 sec)
RUN PASS with name FILL_COMMON_BLOCKS
  Analyzing: results\2d\align24\align24.f
PROFILE: time for this pass = 0.000000 sec (total 0.019000 sec)
RUN PASS with name PARSE_OMP_DIRS
  Analyzing: results\2d\align24\align24.f
PROFILE: time for this pass = 0.000000 sec (total 0.020000 sec)
RUN PASS with name PREPROC_SPF
  Analyzing: results\2d\align24\align24.f
PROFILE: time for this pass = 0.000000 sec (total 0.020000 sec)
RUN PASS with name CREATE_INTER_TREE
  Analyzing: results\2d\align24\align24.f
PROFILE: time for this pass = 0.002000 sec (total 0.023000 sec)
RUN PASS with name GCOV_PARSER
  Analyzing: results\2d\align24\align24.f
   Error: unable to open file statistic.txt
PROFILE: time for this pass = 0.001000 sec (total 0.024000 sec)
RUN PASS with name VERIFY_FORMAT
  Analyzing: results\2d\align24\align24.f
PROFILE: time for this pass = 0.000000 sec (total 0.025000 sec)
RUN PASS with name VERIFY_DVM_DIRS
  Analyzing: results\2d\align24\align24.f
PROFILE: time for this pass = 0.000000 sec (total 0.025000 sec)
RUN PASS with name PRIVATE_CALL_GRAPH_STAGE1
  Analyzing: results\2d\align24\align24.f
PROFILE: time for this pass = 0.000000 sec (total 0.026000 sec)
RUN PASS with name PRIVATE_CALL_GRAPH_STAGE2
  Analyzing: results\2d\align24\align24.f
PROFILE: time for this pass = 0.000000 sec (total 0.026000 sec)
RUN PASS with name MACRO_EXPANSION
  Analyzing: results\2d\align24\align24.f
PROFILE: time for this pass = 0.000000 sec (total 0.027000 sec)
RUN PASS with name CONVERT_ASSIGN_TO_LOOP
  Analyzing: results\2d\align24\align24.f
PROFILE: time for this pass = 0.000000 sec (total 0.027000 sec)
RUN PASS with name DEF_USE_STAGE1
  Analyzing: results\2d\align24\align24.f
PROFILE: time for this pass = 0.001000 sec (total 0.029000 sec)
RUN PASS with name DEF_USE_STAGE2
  Analyzing: results\2d\align24\align24.f
PROFILE: time for this pass = 0.000000 sec (total 0.029000 sec)
RUN PASS with name VERIFY_COMMON
  Analyzing: results\2d\align24\align24.f
PROFILE: time for this pass = 0.000000 sec (total 0.030000 sec)
RUN PASS with name CALL_GRAPH_IR
  Analyzing: results\2d\align24\align24.f
PROFILE: time for this pass = 0.000000 sec (total 0.031000 sec)
RUN PASS with name BUILD_IR
  Analyzing: results\2d\align24\align24.f
  count of functions 8, count of lvls 3
     RD time for 'ansyes' function is 0.000 sec, iters 1
     RD time for 'ansno' function is 0.000 sec, iters 1
     RD time for 'align242' function is 0.001 sec, iters 6

     RD time for 'align2422' function is 0.001 sec, iters 6
     RD time for 'align243' function is 0.002 sec, iters 7
     RD time for 'align241' function is 0.001 sec, iters 6
     RD time for 'align2421' function is 0.001 sec, iters 6

     RD time for 'align24' function is 0.000 sec, iters 1

PROFILE: time for this pass = 0.012000 sec (total 0.044000 sec)
RUN PASS with name SUBST_EXPR_RD
  Analyzing: results\2d\align24\align24.f
PROFILE: time for this pass = 0.004000 sec (total 0.048000 sec)
RUN PASS with name LOOP_GRAPH
  Analyzing: results\2d\align24\align24.f
PROFILE: time for this pass = 0.002000 sec (total 0.051000 sec)
RUN PASS with name CALL_GRAPH
  Analyzing: results\2d\align24\align24.f
PROFILE: time for this pass = 0.002000 sec (total 0.053000 sec)
RUN PASS with name CALL_GRAPH2
  Analyzing: results\2d\align24\align24.f
  run for func align24
  run for func align241
  run for func align242
  run for func align2421
  run for func align2422
  run for func align243
  run for func ansyes
  run for func ansno
PROFILE: time for this pass = 0.001000 sec (total 0.055000 sec)
RUN PASS with name GET_STATS_FOR_PREDICTOR
  Analyzing: results\2d\align24\align24.f
    PAR LOOP [51 results\2d\align24\align24.f] total exec 125, total exec lines 8, avg 1.5625000000000000e+01
    PAR LOOP [62 results\2d\align24\align24.f] total exec 883, total exec lines 15, avg 5.8866666666666667e+01
    PAR LOOP [87 results\2d\align24\align24.f] total exec 189, total exec lines 12, avg 1.5750000000000000e+01
    PAR LOOP [251 results\2d\align24\align24.f] total exec 1207, total exec lines 8, avg 1.5087500000000000e+02
    PAR LOOP [262 results\2d\align24\align24.f] total exec 10739, total exec lines 15, avg 7.1593333333333328e+02
    PAR LOOP [287 results\2d\align24\align24.f] total exec 2103, total exec lines 12, avg 1.7525000000000000e+02
    PAR LOOP [352 results\2d\align24\align24.f] total exec 125, total exec lines 8, avg 1.5625000000000000e+01
    PAR LOOP [363 results\2d\align24\align24.f] total exec 470, total exec lines 15, avg 3.1333333333333332e+01
    PAR LOOP [388 results\2d\align24\align24.f] total exec 189, total exec lines 12, avg 1.5750000000000000e+01
    PAR LOOP [453 results\2d\align24\align24.f] total exec 125, total exec lines 8, avg 1.5625000000000000e+01
    PAR LOOP [464 results\2d\align24\align24.f] total exec 414, total exec lines 19, avg 2.1789473684210527e+01
    PAR LOOP [490 results\2d\align24\align24.f] total exec 189, total exec lines 12, avg 1.5750000000000000e+01
    average_parallel_exec 1.1637500000000000e+02
    parallel_rate 9.0755483346872456e-01
PROFILE: time for this pass = 0.017000 sec (total 0.073000 sec)

--------------------------------------------------
INFO.JSON file copied from ./info.json to ./results\2d\align24\info.json

==================================================
Processing of align24.f completed successfully at 2025-04-23 11:56:16
