=== Processing file: sc11.f ===
Date and time: 2025-04-23 11:56:02
Dimension: 1d
==================================================

Copied ./sources\1d\sc11.f to ./results\1d\sc11\sc11.f
Command: gfortran -O3 -g -fprofile-arcs -ftest-coverage "./results\1d\sc11\sc11.f" -o "./results\1d\sc11\sc11"
Output: 

--------------------------------------------------
Command: "./results\1d\sc11\sc11"
Output: 
 ===START OF SC11========================
 SC1101  -  complete
 SC1102  -  complete
 SC1103  -  complete
 SC1104  -  complete
 SC1105  -  complete
 SC1106  -  complete
 SC1107  -  complete
 SC1108  -  complete
 SC1109  -  complete
 SC1110  -  complete
 SC1111  -  complete
 SC1112  -  complete
 SC1113  -  complete
 SC1114  -  complete
 SC1115  -  complete
 SC1116  -  complete
 SC1117  -  complete
 === END OF SC11 ========================= 

--------------------------------------------------
Command: gcov -b "./results\1d\sc11\sc11.f"
Output: 
File 'results/1d/sc11/sc11.f'
Lines executed:92.86% of 322
Branches executed:99.51% of 410
Taken at least once:66.34% of 410
Calls executed:27.65% of 170
Creating 'sc11.f.gcov'

Lines executed:92.86% of 322

--------------------------------------------------
GCOV file copied from ./sc11.f.gcov to ./results\1d\sc11\sc11.f.gcov
Command: "../SAPFOR/_bin/Release/Sapfor_F.exe" -parse -spf "./results\1d\sc11\sc11.f"
Output: 
SAPFOR version is 2410, build date: Apr 23 2025 11:52:44, c++ version 201703
  parse file './results\1d\sc11\sc11.f'
  options: -spf 
files compilation order:
  ./results\1d\sc11\sc11.f
Parsing was completed successfully

--------------------------------------------------
Command: "../SAPFOR/_bin/Release/Sapfor_F.exe" -passN GET_STATS_FOR_PREDICTOR -keepDVM
Output: 
SAPFOR version is 2410, build date: Apr 23 2025 11:52:44, c++ version 201703
code for pass GET_STATS_FOR_PREDICTOR is 79
RUN PASS with name VERIFY_FUNC_DECL
  Analyzing: results\1d\sc11\sc11.f
PROFILE: time for this pass = 0.000000 sec (total 0.003000 sec)
RUN PASS with name FILE_LINE_INFO
  Analyzing: results\1d\sc11\sc11.f
  All lines in project 829
PROFILE: time for this pass = 0.000000 sec (total 0.004000 sec)
RUN PASS with name BUILD_INCLUDE_DEPENDENCIES
  Analyzing: results\1d\sc11\sc11.f
PROFILE: time for this pass = 0.000000 sec (total 0.004000 sec)
RUN PASS with name CORRECT_VAR_DECL
  Analyzing: results\1d\sc11\sc11.f
PROFILE: time for this pass = 0.000000 sec (total 0.005000 sec)
RUN PASS with name VERIFY_OPERATORS
  Analyzing: results\1d\sc11\sc11.f
PROFILE: time for this pass = 0.000000 sec (total 0.006000 sec)
RUN PASS with name VERIFY_ENDDO
  Analyzing: results\1d\sc11\sc11.f
PROFILE: time for this pass = 0.000000 sec (total 0.007000 sec)
RUN PASS with name VERIFY_INCLUDES
  Analyzing: results\1d\sc11\sc11.f
PROFILE: time for this pass = 0.000000 sec (total 0.007000 sec)
RUN PASS with name PREPROC_ALLOCATES
  Analyzing: results\1d\sc11\sc11.f
  attribute (59 results\1d\sc11\sc11.f) is added to declaration on line 52 of results\1d\sc11\sc11.f file
  attribute (89 results\1d\sc11\sc11.f) is added to declaration on line 52 of results\1d\sc11\sc11.f file
  attribute (103 results\1d\sc11\sc11.f) is added to declaration on line 96 of results\1d\sc11\sc11.f file
  attribute (132 results\1d\sc11\sc11.f) is added to declaration on line 96 of results\1d\sc11\sc11.f file
  attribute (146 results\1d\sc11\sc11.f) is added to declaration on line 139 of results\1d\sc11\sc11.f file
  attribute (175 results\1d\sc11\sc11.f) is added to declaration on line 139 of results\1d\sc11\sc11.f file
  attribute (190 results\1d\sc11\sc11.f) is added to declaration on line 183 of results\1d\sc11\sc11.f file
  attribute (219 results\1d\sc11\sc11.f) is added to declaration on line 183 of results\1d\sc11\sc11.f file
  attribute (235 results\1d\sc11\sc11.f) is added to declaration on line 227 of results\1d\sc11\sc11.f file
  attribute (264 results\1d\sc11\sc11.f) is added to declaration on line 227 of results\1d\sc11\sc11.f file
  attribute (281 results\1d\sc11\sc11.f) is added to declaration on line 273 of results\1d\sc11\sc11.f file
  attribute (310 results\1d\sc11\sc11.f) is added to declaration on line 273 of results\1d\sc11\sc11.f file
  attribute (326 results\1d\sc11\sc11.f) is added to declaration on line 318 of results\1d\sc11\sc11.f file
  attribute (355 results\1d\sc11\sc11.f) is added to declaration on line 318 of results\1d\sc11\sc11.f file
  attribute (371 results\1d\sc11\sc11.f) is added to declaration on line 363 of results\1d\sc11\sc11.f file
  attribute (400 results\1d\sc11\sc11.f) is added to declaration on line 363 of results\1d\sc11\sc11.f file
  attribute (417 results\1d\sc11\sc11.f) is added to declaration on line 409 of results\1d\sc11\sc11.f file
  attribute (446 results\1d\sc11\sc11.f) is added to declaration on line 409 of results\1d\sc11\sc11.f file
  attribute (462 results\1d\sc11\sc11.f) is added to declaration on line 454 of results\1d\sc11\sc11.f file
  attribute (491 results\1d\sc11\sc11.f) is added to declaration on line 454 of results\1d\sc11\sc11.f file
  attribute (507 results\1d\sc11\sc11.f) is added to declaration on line 499 of results\1d\sc11\sc11.f file
  attribute (536 results\1d\sc11\sc11.f) is added to declaration on line 499 of results\1d\sc11\sc11.f file
  attribute (552 results\1d\sc11\sc11.f) is added to declaration on line 544 of results\1d\sc11\sc11.f file
  attribute (583 results\1d\sc11\sc11.f) is added to declaration on line 544 of results\1d\sc11\sc11.f file
  attribute (599 results\1d\sc11\sc11.f) is added to declaration on line 591 of results\1d\sc11\sc11.f file
  attribute (628 results\1d\sc11\sc11.f) is added to declaration on line 591 of results\1d\sc11\sc11.f file
  attribute (644 results\1d\sc11\sc11.f) is added to declaration on line 636 of results\1d\sc11\sc11.f file
  attribute (673 results\1d\sc11\sc11.f) is added to declaration on line 636 of results\1d\sc11\sc11.f file
  attribute (689 results\1d\sc11\sc11.f) is added to declaration on line 681 of results\1d\sc11\sc11.f file
  attribute (718 results\1d\sc11\sc11.f) is added to declaration on line 681 of results\1d\sc11\sc11.f file
  attribute (734 results\1d\sc11\sc11.f) is added to declaration on line 726 of results\1d\sc11\sc11.f file
  attribute (763 results\1d\sc11\sc11.f) is added to declaration on line 726 of results\1d\sc11\sc11.f file
  attribute (779 results\1d\sc11\sc11.f) is added to declaration on line 771 of results\1d\sc11\sc11.f file
  attribute (809 results\1d\sc11\sc11.f) is added to declaration on line 771 of results\1d\sc11\sc11.f file
PROFILE: time for this pass = 0.001000 sec (total 0.008000 sec)
RUN PASS with name CHECK_PAR_REG_DIR
  Analyzing: results\1d\sc11\sc11.f
PROFILE: time for this pass = 0.000000 sec (total 0.009000 sec)
RUN PASS with name FILL_PARALLEL_REG_IR
  Analyzing: results\1d\sc11\sc11.f
PROFILE: time for this pass = 0.001000 sec (total 0.011000 sec)
RUN PASS with name GET_ALL_ARRAY_DECL
  Analyzing: results\1d\sc11\sc11.f
PROFILE: time for this pass = 0.006000 sec (total 0.017000 sec)
RUN PASS with name FILL_COMMON_BLOCKS
  Analyzing: results\1d\sc11\sc11.f
PROFILE: time for this pass = 0.000000 sec (total 0.018000 sec)
RUN PASS with name PARSE_OMP_DIRS
  Analyzing: results\1d\sc11\sc11.f
PROFILE: time for this pass = 0.000000 sec (total 0.018000 sec)
RUN PASS with name PREPROC_SPF
  Analyzing: results\1d\sc11\sc11.f
PROFILE: time for this pass = 0.000000 sec (total 0.019000 sec)
RUN PASS with name CREATE_INTER_TREE
  Analyzing: results\1d\sc11\sc11.f
PROFILE: time for this pass = 0.002000 sec (total 0.021000 sec)
RUN PASS with name GCOV_PARSER
  Analyzing: results\1d\sc11\sc11.f
   Error: unable to open file statistic.txt
PROFILE: time for this pass = 0.001000 sec (total 0.023000 sec)
RUN PASS with name VERIFY_FORMAT
  Analyzing: results\1d\sc11\sc11.f
PROFILE: time for this pass = 0.000000 sec (total 0.024000 sec)
RUN PASS with name VERIFY_DVM_DIRS
  Analyzing: results\1d\sc11\sc11.f
PROFILE: time for this pass = 0.000000 sec (total 0.025000 sec)
RUN PASS with name PRIVATE_CALL_GRAPH_STAGE1
  Analyzing: results\1d\sc11\sc11.f
PROFILE: time for this pass = 0.000000 sec (total 0.025000 sec)
RUN PASS with name PRIVATE_CALL_GRAPH_STAGE2
  Analyzing: results\1d\sc11\sc11.f
PROFILE: time for this pass = 0.000000 sec (total 0.026000 sec)
RUN PASS with name MACRO_EXPANSION
  Analyzing: results\1d\sc11\sc11.f
PROFILE: time for this pass = 0.000000 sec (total 0.026000 sec)
RUN PASS with name CONVERT_ASSIGN_TO_LOOP
  Analyzing: results\1d\sc11\sc11.f
PROFILE: time for this pass = 0.002000 sec (total 0.029000 sec)
RUN PASS with name DEF_USE_STAGE1
  Analyzing: results\1d\sc11\sc11.f
PROFILE: time for this pass = 0.004000 sec (total 0.033000 sec)
RUN PASS with name DEF_USE_STAGE2
  Analyzing: results\1d\sc11\sc11.f
PROFILE: time for this pass = 0.000000 sec (total 0.034000 sec)
RUN PASS with name VERIFY_COMMON
  Analyzing: results\1d\sc11\sc11.f
PROFILE: time for this pass = 0.000000 sec (total 0.034000 sec)
RUN PASS with name CALL_GRAPH_IR
  Analyzing: results\1d\sc11\sc11.f
PROFILE: time for this pass = 0.004000 sec (total 0.039000 sec)
RUN PASS with name BUILD_IR
  Analyzing: results\1d\sc11\sc11.f
  count of functions 21, count of lvls 3
     RD time for 'ansyes' function is 0.000 sec, iters 1
     RD time for 'serial1' function is 0.000 sec, iters 3
     RD time for 'ansno' function is 0.000 sec, iters 1

     RD time for 'sc1106' function is 0.000 sec, iters 3
     RD time for 'sc1108' function is 0.000 sec, iters 3
     RD time for 'sc1102' function is 0.000 sec, iters 3
     RD time for 'sc1103' function is 0.000 sec, iters 3
     RD time for 'sc1101' function is 0.000 sec, iters 3
     RD time for 'sc1104' function is 0.000 sec, iters 3
     RD time for 'sc1105' function is 0.000 sec, iters 3
     RD time for 'sc1107' function is 0.000 sec, iters 3
     RD time for 'sc1110' function is 0.000 sec, iters 3
     RD time for 'sc1112' function is 0.000 sec, iters 3
     RD time for 'sc1109' function is 0.000 sec, iters 3
     RD time for 'sc1114' function is 0.000 sec, iters 3
     RD time for 'sc1117' function is 0.000 sec, iters 3
     RD time for 'sc1113' function is 0.000 sec, iters 3
     RD time for 'sc1111' function is 0.000 sec, iters 3
     RD time for 'sc1116' function is 0.000 sec, iters 3
     RD time for 'sc1115' function is 0.000 sec, iters 3

     RD time for 'sc11' function is 0.000 sec, iters 1

PROFILE: time for this pass = 0.005000 sec (total 0.044000 sec)
RUN PASS with name SUBST_EXPR_RD
  Analyzing: results\1d\sc11\sc11.f
PROFILE: time for this pass = 0.002000 sec (total 0.047000 sec)
RUN PASS with name LOOP_GRAPH
  Analyzing: results\1d\sc11\sc11.f
PROFILE: time for this pass = 0.002000 sec (total 0.049000 sec)
RUN PASS with name CALL_GRAPH
  Analyzing: results\1d\sc11\sc11.f
PROFILE: time for this pass = 0.006000 sec (total 0.056000 sec)
RUN PASS with name CALL_GRAPH2
  Analyzing: results\1d\sc11\sc11.f
  run for func sc11
  run for func sc1101
  run for func sc1102
  run for func sc1103
  run for func sc1104
  run for func sc1105
  run for func sc1106
  run for func sc1107
  run for func sc1108
  run for func sc1109
  run for func sc1110
  run for func sc1111
  run for func sc1112
  run for func sc1113
  run for func sc1114
  run for func sc1115
  run for func sc1116
  run for func sc1117
  run for func serial1
  run for func ansyes
  run for func ansno
PROFILE: time for this pass = 0.002000 sec (total 0.058000 sec)
RUN PASS with name GET_STATS_FOR_PREDICTOR
  Analyzing: results\1d\sc11\sc11.f
    PAR LOOP [68 results\1d\sc11\sc11.f] total exec 34, total exec lines 2, avg 1.7000000000000000e+01
    PAR LOOP [73 results\1d\sc11\sc11.f] total exec 30, total exec lines 2, avg 1.5000000000000000e+01
    PAR LOOP [78 results\1d\sc11\sc11.f] total exec 45, total exec lines 3, avg 1.5000000000000000e+01
    PAR LOOP [111 results\1d\sc11\sc11.f] total exec 34, total exec lines 2, avg 1.7000000000000000e+01
    PAR LOOP [116 results\1d\sc11\sc11.f] total exec 30, total exec lines 2, avg 1.5000000000000000e+01
    PAR LOOP [121 results\1d\sc11\sc11.f] total exec 45, total exec lines 3, avg 1.5000000000000000e+01
    PAR LOOP [154 results\1d\sc11\sc11.f] total exec 34, total exec lines 2, avg 1.7000000000000000e+01
    PAR LOOP [159 results\1d\sc11\sc11.f] total exec 30, total exec lines 2, avg 1.5000000000000000e+01
    PAR LOOP [164 results\1d\sc11\sc11.f] total exec 45, total exec lines 3, avg 1.5000000000000000e+01
    PAR LOOP [198 results\1d\sc11\sc11.f] total exec 34, total exec lines 2, avg 1.7000000000000000e+01
    PAR LOOP [203 results\1d\sc11\sc11.f] total exec 32, total exec lines 2, avg 1.6000000000000000e+01
    PAR LOOP [208 results\1d\sc11\sc11.f] total exec 48, total exec lines 3, avg 1.6000000000000000e+01
    PAR LOOP [243 results\1d\sc11\sc11.f] total exec 34, total exec lines 2, avg 1.7000000000000000e+01
    PAR LOOP [248 results\1d\sc11\sc11.f] total exec 30, total exec lines 2, avg 1.5000000000000000e+01
    PAR LOOP [253 results\1d\sc11\sc11.f] total exec 45, total exec lines 3, avg 1.5000000000000000e+01
    PAR LOOP [289 results\1d\sc11\sc11.f] total exec 34, total exec lines 2, avg 1.7000000000000000e+01
    PAR LOOP [294 results\1d\sc11\sc11.f] total exec 32, total exec lines 2, avg 1.6000000000000000e+01
    PAR LOOP [299 results\1d\sc11\sc11.f] total exec 48, total exec lines 3, avg 1.6000000000000000e+01
    PAR LOOP [334 results\1d\sc11\sc11.f] total exec 34, total exec lines 2, avg 1.7000000000000000e+01
    PAR LOOP [339 results\1d\sc11\sc11.f] total exec 26, total exec lines 2, avg 1.3000000000000000e+01
    PAR LOOP [344 results\1d\sc11\sc11.f] total exec 39, total exec lines 3, avg 1.3000000000000000e+01
    PAR LOOP [379 results\1d\sc11\sc11.f] total exec 34, total exec lines 2, avg 1.7000000000000000e+01
    PAR LOOP [384 results\1d\sc11\sc11.f] total exec 28, total exec lines 2, avg 1.4000000000000000e+01
    PAR LOOP [389 results\1d\sc11\sc11.f] total exec 42, total exec lines 3, avg 1.4000000000000000e+01
    PAR LOOP [425 results\1d\sc11\sc11.f] total exec 34, total exec lines 2, avg 1.7000000000000000e+01
    PAR LOOP [430 results\1d\sc11\sc11.f] total exec 30, total exec lines 2, avg 1.5000000000000000e+01
    PAR LOOP [435 results\1d\sc11\sc11.f] total exec 45, total exec lines 3, avg 1.5000000000000000e+01
    PAR LOOP [470 results\1d\sc11\sc11.f] total exec 34, total exec lines 2, avg 1.7000000000000000e+01
    PAR LOOP [475 results\1d\sc11\sc11.f] total exec 28, total exec lines 2, avg 1.4000000000000000e+01
    PAR LOOP [480 results\1d\sc11\sc11.f] total exec 42, total exec lines 3, avg 1.4000000000000000e+01
    PAR LOOP [515 results\1d\sc11\sc11.f] total exec 34, total exec lines 2, avg 1.7000000000000000e+01
    PAR LOOP [520 results\1d\sc11\sc11.f] total exec 30, total exec lines 2, avg 1.5000000000000000e+01
    PAR LOOP [525 results\1d\sc11\sc11.f] total exec 45, total exec lines 3, avg 1.5000000000000000e+01
    PAR LOOP [560 results\1d\sc11\sc11.f] total exec 34, total exec lines 2, avg 1.7000000000000000e+01
    PAR LOOP [565 results\1d\sc11\sc11.f] total exec 22, total exec lines 2, avg 1.1000000000000000e+01
    PAR LOOP [570 results\1d\sc11\sc11.f] total exec 33, total exec lines 4, avg 8.2500000000000000e+00
    PAR LOOP [607 results\1d\sc11\sc11.f] total exec 34, total exec lines 2, avg 1.7000000000000000e+01
    PAR LOOP [612 results\1d\sc11\sc11.f] total exec 26, total exec lines 2, avg 1.3000000000000000e+01
    PAR LOOP [617 results\1d\sc11\sc11.f] total exec 39, total exec lines 3, avg 1.3000000000000000e+01
    PAR LOOP [652 results\1d\sc11\sc11.f] total exec 34, total exec lines 2, avg 1.7000000000000000e+01
    PAR LOOP [657 results\1d\sc11\sc11.f] total exec 28, total exec lines 2, avg 1.4000000000000000e+01
    PAR LOOP [662 results\1d\sc11\sc11.f] total exec 42, total exec lines 3, avg 1.4000000000000000e+01
    PAR LOOP [697 results\1d\sc11\sc11.f] total exec 34, total exec lines 2, avg 1.7000000000000000e+01
    PAR LOOP [702 results\1d\sc11\sc11.f] total exec 28, total exec lines 2, avg 1.4000000000000000e+01
    PAR LOOP [707 results\1d\sc11\sc11.f] total exec 42, total exec lines 3, avg 1.4000000000000000e+01
    PAR LOOP [742 results\1d\sc11\sc11.f] total exec 34, total exec lines 2, avg 1.7000000000000000e+01
    PAR LOOP [747 results\1d\sc11\sc11.f] total exec 26, total exec lines 2, avg 1.3000000000000000e+01
    PAR LOOP [752 results\1d\sc11\sc11.f] total exec 39, total exec lines 3, avg 1.3000000000000000e+01
    PAR LOOP [787 results\1d\sc11\sc11.f] total exec 1002, total exec lines 2, avg 5.0100000000000000e+02
    PAR LOOP [792 results\1d\sc11\sc11.f] total exec 958, total exec lines 2, avg 4.7900000000000000e+02
    PAR LOOP [797 results\1d\sc11\sc11.f] total exec 1435, total exec lines 3, avg 4.7833333333333331e+02
    average_parallel_exec 4.2325000000000003e+01
    parallel_rate 4.5070547519744431e-01
PROFILE: time for this pass = 0.042000 sec (total 0.100000 sec)

--------------------------------------------------
INFO.JSON file copied from ./info.json to ./results\1d\sc11\info.json

==================================================
Processing of sc11.f completed successfully at 2025-04-23 11:56:03
