=== Processing file: rem21.f ===
Date and time: 2025-05-06 00:23:54
Dimension: 2d
==================================================

Copied ./sources\2d\rem21.f to ./results\2d\rem21\rem21.f
Command: gfortran -O3 -g -fprofile-arcs -ftest-coverage "./results\2d\rem21\rem21.f" -o "./results\2d\rem21\rem21"
Output: 

--------------------------------------------------
Command: "./results\2d\rem21\rem21"
Output: 
 ===START OF REM21========================
 REM2101  -  complete
 REM2102  -  complete
 REM2103  -  complete
 REM2104  -  complete
 REM2105  -  complete
 REM2106  -  complete
 REM2107  -  complete
 REM2108  -  complete
 REM2109  -  complete
 REM2110  -  complete
 REM2111  -  complete
 REM2112  -  complete
 REM2113  -  complete
 REM2114  -  complete
 REM2115  -  complete
 REM2116  -  complete
 REM2117  -  complete
 REM2118  -  complete
 REM2119  -  complete
 REM2120  -  complete
 === END OF REM21 ========================= 

--------------------------------------------------
Command: gcov -b "./results\2d\rem21\rem21.f"
Output: 
File 'results/2d/rem21/rem21.f'
Lines executed:91.79% of 414
Branches executed:99.33% of 598
Taken at least once:70.40% of 598
Calls executed:23.98% of 221
Creating 'rem21.f.gcov'

Lines executed:91.79% of 414

--------------------------------------------------
GCOV file copied from ./rem21.f.gcov to ./results\2d\rem21\rem21.f.gcov
Command: "../SAPFOR/_bin/Release/Sapfor_F.exe" -parse -spf "./results\2d\rem21\rem21.f"
Output: 
SAPFOR version is 2410, build date: Apr 23 2025 11:52:44, c++ version 201703
  parse file './results\2d\rem21\rem21.f'
  options: -spf 
files compilation order:
  ./results\2d\rem21\rem21.f
Parsing was completed successfully

--------------------------------------------------
Command: "../SAPFOR/_bin/Release/Sapfor_F.exe" -passN GET_STATS_FOR_PREDICTOR -keepDVM
Output: 
SAPFOR version is 2410, build date: Apr 23 2025 11:52:44, c++ version 201703
code for pass GET_STATS_FOR_PREDICTOR is 79
RUN PASS with name VERIFY_FUNC_DECL
  Analyzing: results\2d\rem21\rem21.f
PROFILE: time for this pass = 0.001000 sec (total 0.003000 sec)
RUN PASS with name FILE_LINE_INFO
  Analyzing: results\2d\rem21\rem21.f
  All lines in project 992
PROFILE: time for this pass = 0.001000 sec (total 0.005000 sec)
RUN PASS with name BUILD_INCLUDE_DEPENDENCIES
  Analyzing: results\2d\rem21\rem21.f
PROFILE: time for this pass = 0.000000 sec (total 0.006000 sec)
RUN PASS with name CORRECT_VAR_DECL
  Analyzing: results\2d\rem21\rem21.f
PROFILE: time for this pass = 0.000000 sec (total 0.007000 sec)
RUN PASS with name VERIFY_OPERATORS
  Analyzing: results\2d\rem21\rem21.f
PROFILE: time for this pass = 0.001000 sec (total 0.008000 sec)
RUN PASS with name VERIFY_ENDDO
  Analyzing: results\2d\rem21\rem21.f
PROFILE: time for this pass = 0.000000 sec (total 0.009000 sec)
RUN PASS with name VERIFY_INCLUDES
  Analyzing: results\2d\rem21\rem21.f
PROFILE: time for this pass = 0.000000 sec (total 0.010000 sec)
RUN PASS with name PREPROC_ALLOCATES
  Analyzing: results\2d\rem21\rem21.f
  attribute (65 results\2d\rem21\rem21.f) is added to declaration on line 57 of results\2d\rem21\rem21.f file
  attribute (89 results\2d\rem21\rem21.f) is added to declaration on line 57 of results\2d\rem21\rem21.f file
  attribute (104 results\2d\rem21\rem21.f) is added to declaration on line 96 of results\2d\rem21\rem21.f file
  attribute (127 results\2d\rem21\rem21.f) is added to declaration on line 96 of results\2d\rem21\rem21.f file
  attribute (142 results\2d\rem21\rem21.f) is added to declaration on line 134 of results\2d\rem21\rem21.f file
  attribute (165 results\2d\rem21\rem21.f) is added to declaration on line 134 of results\2d\rem21\rem21.f file
  attribute (180 results\2d\rem21\rem21.f) is added to declaration on line 172 of results\2d\rem21\rem21.f file
  attribute (201 results\2d\rem21\rem21.f) is added to declaration on line 172 of results\2d\rem21\rem21.f file
  attribute (216 results\2d\rem21\rem21.f) is added to declaration on line 208 of results\2d\rem21\rem21.f file
  attribute (246 results\2d\rem21\rem21.f) is added to declaration on line 208 of results\2d\rem21\rem21.f file
  attribute (261 results\2d\rem21\rem21.f) is added to declaration on line 253 of results\2d\rem21\rem21.f file
  attribute (290 results\2d\rem21\rem21.f) is added to declaration on line 253 of results\2d\rem21\rem21.f file
  attribute (305 results\2d\rem21\rem21.f) is added to declaration on line 297 of results\2d\rem21\rem21.f file
  attribute (334 results\2d\rem21\rem21.f) is added to declaration on line 297 of results\2d\rem21\rem21.f file
  attribute (348 results\2d\rem21\rem21.f) is added to declaration on line 340 of results\2d\rem21\rem21.f file
  attribute (376 results\2d\rem21\rem21.f) is added to declaration on line 340 of results\2d\rem21\rem21.f file
  attribute (390 results\2d\rem21\rem21.f) is added to declaration on line 382 of results\2d\rem21\rem21.f file
  attribute (419 results\2d\rem21\rem21.f) is added to declaration on line 382 of results\2d\rem21\rem21.f file
  attribute (433 results\2d\rem21\rem21.f) is added to declaration on line 425 of results\2d\rem21\rem21.f file
  attribute (464 results\2d\rem21\rem21.f) is added to declaration on line 425 of results\2d\rem21\rem21.f file
  attribute (479 results\2d\rem21\rem21.f) is added to declaration on line 471 of results\2d\rem21\rem21.f file
  attribute (513 results\2d\rem21\rem21.f) is added to declaration on line 471 of results\2d\rem21\rem21.f file
  attribute (527 results\2d\rem21\rem21.f) is added to declaration on line 519 of results\2d\rem21\rem21.f file
  attribute (564 results\2d\rem21\rem21.f) is added to declaration on line 519 of results\2d\rem21\rem21.f file
  attribute (578 results\2d\rem21\rem21.f) is added to declaration on line 570 of results\2d\rem21\rem21.f file
  attribute (615 results\2d\rem21\rem21.f) is added to declaration on line 570 of results\2d\rem21\rem21.f file
  attribute (630 results\2d\rem21\rem21.f) is added to declaration on line 622 of results\2d\rem21\rem21.f file
  attribute (666 results\2d\rem21\rem21.f) is added to declaration on line 622 of results\2d\rem21\rem21.f file
  attribute (681 results\2d\rem21\rem21.f) is added to declaration on line 673 of results\2d\rem21\rem21.f file
  attribute (718 results\2d\rem21\rem21.f) is added to declaration on line 673 of results\2d\rem21\rem21.f file
  attribute (733 results\2d\rem21\rem21.f) is added to declaration on line 725 of results\2d\rem21\rem21.f file
  attribute (769 results\2d\rem21\rem21.f) is added to declaration on line 725 of results\2d\rem21\rem21.f file
  attribute (784 results\2d\rem21\rem21.f) is added to declaration on line 776 of results\2d\rem21\rem21.f file
  attribute (816 results\2d\rem21\rem21.f) is added to declaration on line 776 of results\2d\rem21\rem21.f file
  attribute (830 results\2d\rem21\rem21.f) is added to declaration on line 822 of results\2d\rem21\rem21.f file
  attribute (866 results\2d\rem21\rem21.f) is added to declaration on line 822 of results\2d\rem21\rem21.f file
  attribute (881 results\2d\rem21\rem21.f) is added to declaration on line 873 of results\2d\rem21\rem21.f file
  attribute (918 results\2d\rem21\rem21.f) is added to declaration on line 873 of results\2d\rem21\rem21.f file
  attribute (932 results\2d\rem21\rem21.f) is added to declaration on line 924 of results\2d\rem21\rem21.f file
  attribute (969 results\2d\rem21\rem21.f) is added to declaration on line 924 of results\2d\rem21\rem21.f file
PROFILE: time for this pass = 0.001000 sec (total 0.011000 sec)
RUN PASS with name CHECK_PAR_REG_DIR
  Analyzing: results\2d\rem21\rem21.f
PROFILE: time for this pass = 0.000000 sec (total 0.012000 sec)
RUN PASS with name FILL_PARALLEL_REG_IR
  Analyzing: results\2d\rem21\rem21.f
PROFILE: time for this pass = 0.002000 sec (total 0.014000 sec)
RUN PASS with name GET_ALL_ARRAY_DECL
  Analyzing: results\2d\rem21\rem21.f
PROFILE: time for this pass = 0.008000 sec (total 0.023000 sec)
RUN PASS with name FILL_COMMON_BLOCKS
  Analyzing: results\2d\rem21\rem21.f
PROFILE: time for this pass = 0.001000 sec (total 0.024000 sec)
RUN PASS with name PARSE_OMP_DIRS
  Analyzing: results\2d\rem21\rem21.f
PROFILE: time for this pass = 0.001000 sec (total 0.025000 sec)
RUN PASS with name PREPROC_SPF
  Analyzing: results\2d\rem21\rem21.f
PROFILE: time for this pass = 0.001000 sec (total 0.026000 sec)
RUN PASS with name CREATE_INTER_TREE
  Analyzing: results\2d\rem21\rem21.f
PROFILE: time for this pass = 0.003000 sec (total 0.029000 sec)
RUN PASS with name GCOV_PARSER
  Analyzing: results\2d\rem21\rem21.f
   Error: unable to open file statistic.txt
PROFILE: time for this pass = 0.002000 sec (total 0.032000 sec)
RUN PASS with name VERIFY_FORMAT
  Analyzing: results\2d\rem21\rem21.f
PROFILE: time for this pass = 0.000000 sec (total 0.033000 sec)
RUN PASS with name VERIFY_DVM_DIRS
  Analyzing: results\2d\rem21\rem21.f
PROFILE: time for this pass = 0.000000 sec (total 0.034000 sec)
RUN PASS with name PRIVATE_CALL_GRAPH_STAGE1
  Analyzing: results\2d\rem21\rem21.f
PROFILE: time for this pass = 0.000000 sec (total 0.034000 sec)
RUN PASS with name PRIVATE_CALL_GRAPH_STAGE2
  Analyzing: results\2d\rem21\rem21.f
PROFILE: time for this pass = 0.000000 sec (total 0.035000 sec)
RUN PASS with name MACRO_EXPANSION
  Analyzing: results\2d\rem21\rem21.f
PROFILE: time for this pass = 0.000000 sec (total 0.036000 sec)
RUN PASS with name CONVERT_ASSIGN_TO_LOOP
  Analyzing: results\2d\rem21\rem21.f
PROFILE: time for this pass = 0.003000 sec (total 0.040000 sec)
RUN PASS with name DEF_USE_STAGE1
  Analyzing: results\2d\rem21\rem21.f
PROFILE: time for this pass = 0.005000 sec (total 0.045000 sec)
RUN PASS with name DEF_USE_STAGE2
  Analyzing: results\2d\rem21\rem21.f
PROFILE: time for this pass = 0.000000 sec (total 0.046000 sec)
RUN PASS with name VERIFY_COMMON
  Analyzing: results\2d\rem21\rem21.f
PROFILE: time for this pass = 0.000000 sec (total 0.047000 sec)
RUN PASS with name CALL_GRAPH_IR
  Analyzing: results\2d\rem21\rem21.f
PROFILE: time for this pass = 0.005000 sec (total 0.052000 sec)
RUN PASS with name BUILD_IR
  Analyzing: results\2d\rem21\rem21.f
  count of functions 24, count of lvls 3
     RD time for 'ansyes' function is 0.000 sec, iters 1
     RD time for 'ansno' function is 0.000 sec, iters 1
     RD time for 'serial2' function is 0.000 sec, iters 4

     RD time for 'rem2103' function is 0.000 sec, iters 4
     RD time for 'rem2105' function is 0.000 sec, iters 4
     RD time for 'rem2104' function is 0.000 sec, iters 4
     RD time for 'rem2101' function is 0.000 sec, iters 4
     RD time for 'rem2102' function is 0.000 sec, iters 4
     RD time for 'rem2118' function is 0.000 sec, iters 4
     RD time for 'rem2120' function is 0.000 sec, iters 4
     RD time for 'rem2115' function is 0.000 sec, iters 4
     RD time for 'rem2116' function is 0.000 sec, iters 4
     RD time for 'rem2108' function is 0.000 sec, iters 4
     RD time for 'rem2113' function is 0.000 sec, iters 4
     RD time for 'rem2111' function is 0.000 sec, iters 4
     RD time for 'rem2106' function is 0.000 sec, iters 4
     RD time for 'rem2114' function is 0.000 sec, iters 4
     RD time for 'rem2110' function is 0.000 sec, iters 4
     RD time for 'rem2107' function is 0.000 sec, iters 4
     RD time for 'rem2112' function is 0.000 sec, iters 4
     RD time for 'rem2109' function is 0.000 sec, iters 4
     RD time for 'rem2117' function is 0.000 sec, iters 4
     RD time for 'rem2119' function is 0.000 sec, iters 4

     RD time for 'rem21' function is 0.000 sec, iters 1

PROFILE: time for this pass = 0.009000 sec (total 0.062000 sec)
RUN PASS with name SUBST_EXPR_RD
  Analyzing: results\2d\rem21\rem21.f
PROFILE: time for this pass = 0.004000 sec (total 0.067000 sec)
RUN PASS with name LOOP_GRAPH
  Analyzing: results\2d\rem21\rem21.f
PROFILE: time for this pass = 0.002000 sec (total 0.070000 sec)
RUN PASS with name CALL_GRAPH
  Analyzing: results\2d\rem21\rem21.f
PROFILE: time for this pass = 0.008000 sec (total 0.078000 sec)
RUN PASS with name CALL_GRAPH2
  Analyzing: results\2d\rem21\rem21.f
  run for func rem21
  run for func rem2101
  run for func rem2102
  run for func rem2103
  run for func rem2104
  run for func rem2105
  run for func rem2106
  run for func rem2107
  run for func rem2108
  run for func rem2109
  run for func rem2110
  run for func rem2111
  run for func rem2112
  run for func rem2113
  run for func rem2114
  run for func rem2115
  run for func rem2116
  run for func rem2117
  run for func rem2118
  run for func rem2119
  run for func rem2120
  run for func serial2
  run for func ansyes
  run for func ansno
  added conflict messages to loop on line 234
  added conflict messages to loop on line 451
  added conflict messages to loop on line 500
PROFILE: time for this pass = 0.003000 sec (total 0.081000 sec)
RUN PASS with name GET_STATS_FOR_PREDICTOR
  Analyzing: results\2d\rem21\rem21.f
    PAR LOOP [74 results\2d\rem21\rem21.f] total exec 451, total exec lines 4, avg 1.1275000000000000e+02
    PAR LOOP [113 results\2d\rem21\rem21.f] total exec 451, total exec lines 4, avg 1.1275000000000000e+02
    PAR LOOP [150 results\2d\rem21\rem21.f] total exec 451, total exec lines 4, avg 1.1275000000000000e+02
    PAR LOOP [187 results\2d\rem21\rem21.f] total exec 451, total exec lines 4, avg 1.1275000000000000e+02
    PAR LOOP [226 results\2d\rem21\rem21.f] total exec 451, total exec lines 4, avg 1.1275000000000000e+02
    PAR LOOP [271 results\2d\rem21\rem21.f] total exec 451, total exec lines 4, avg 1.1275000000000000e+02
    PAR LOOP [315 results\2d\rem21\rem21.f] total exec 451, total exec lines 4, avg 1.1275000000000000e+02
    PAR LOOP [358 results\2d\rem21\rem21.f] total exec 451, total exec lines 4, avg 1.1275000000000000e+02
    PAR LOOP [400 results\2d\rem21\rem21.f] total exec 451, total exec lines 4, avg 1.1275000000000000e+02
    PAR LOOP [443 results\2d\rem21\rem21.f] total exec 451, total exec lines 4, avg 1.1275000000000000e+02
    PAR LOOP [488 results\2d\rem21\rem21.f] total exec 451, total exec lines 4, avg 1.1275000000000000e+02
    PAR LOOP [535 results\2d\rem21\rem21.f] total exec 451, total exec lines 4, avg 1.1275000000000000e+02
    PAR LOOP [542 results\2d\rem21\rem21.f] total exec 451, total exec lines 4, avg 1.1275000000000000e+02
    PAR LOOP [549 results\2d\rem21\rem21.f] total exec 594, total exec lines 7, avg 8.4857142857142861e+01
    PAR LOOP [586 results\2d\rem21\rem21.f] total exec 451, total exec lines 4, avg 1.1275000000000000e+02
    PAR LOOP [593 results\2d\rem21\rem21.f] total exec 451, total exec lines 4, avg 1.1275000000000000e+02
    PAR LOOP [600 results\2d\rem21\rem21.f] total exec 594, total exec lines 7, avg 8.4857142857142861e+01
    PAR LOOP [637 results\2d\rem21\rem21.f] total exec 451, total exec lines 4, avg 1.1275000000000000e+02
    PAR LOOP [644 results\2d\rem21\rem21.f] total exec 451, total exec lines 4, avg 1.1275000000000000e+02
    PAR LOOP [651 results\2d\rem21\rem21.f] total exec 594, total exec lines 7, avg 8.4857142857142861e+01
    PAR LOOP [689 results\2d\rem21\rem21.f] total exec 451, total exec lines 4, avg 1.1275000000000000e+02
    PAR LOOP [696 results\2d\rem21\rem21.f] total exec 451, total exec lines 4, avg 1.1275000000000000e+02
    PAR LOOP [703 results\2d\rem21\rem21.f] total exec 594, total exec lines 7, avg 8.4857142857142861e+01
    PAR LOOP [740 results\2d\rem21\rem21.f] total exec 451, total exec lines 4, avg 1.1275000000000000e+02
    PAR LOOP [747 results\2d\rem21\rem21.f] total exec 451, total exec lines 4, avg 1.1275000000000000e+02
    PAR LOOP [754 results\2d\rem21\rem21.f] total exec 594, total exec lines 7, avg 8.4857142857142861e+01
    PAR LOOP [791 results\2d\rem21\rem21.f] total exec 451, total exec lines 4, avg 1.1275000000000000e+02
    PAR LOOP [798 results\2d\rem21\rem21.f] total exec 34, total exec lines 2, avg 1.7000000000000000e+01
    PAR LOOP [803 results\2d\rem21\rem21.f] total exec 50, total exec lines 5, avg 1.0000000000000000e+01
    PAR LOOP [837 results\2d\rem21\rem21.f] total exec 451, total exec lines 4, avg 1.1275000000000000e+02
    PAR LOOP [844 results\2d\rem21\rem21.f] total exec 451, total exec lines 4, avg 1.1275000000000000e+02
    PAR LOOP [851 results\2d\rem21\rem21.f] total exec 594, total exec lines 7, avg 8.4857142857142861e+01
    PAR LOOP [889 results\2d\rem21\rem21.f] total exec 451, total exec lines 4, avg 1.1275000000000000e+02
    PAR LOOP [896 results\2d\rem21\rem21.f] total exec 451, total exec lines 4, avg 1.1275000000000000e+02
    PAR LOOP [903 results\2d\rem21\rem21.f] total exec 594, total exec lines 7, avg 8.4857142857142861e+01
    PAR LOOP [940 results\2d\rem21\rem21.f] total exec 451, total exec lines 4, avg 1.1275000000000000e+02
    PAR LOOP [947 results\2d\rem21\rem21.f] total exec 451, total exec lines 4, avg 1.1275000000000000e+02
    PAR LOOP [954 results\2d\rem21\rem21.f] total exec 594, total exec lines 7, avg 8.4857142857142861e+01
    average_parallel_exec 9.9794285714285721e+01
    parallel_rate 5.9919028340080971e-01
PROFILE: time for this pass = 0.039000 sec (total 0.120000 sec)

--------------------------------------------------
INFO.JSON file copied from ./info.json to ./results\2d\rem21\info.json

==================================================
Processing of rem21.f completed successfully at 2025-05-06 00:23:55
