=== Processing file: sh12.f ===
Date and time: 2025-04-23 11:56:04
Dimension: 1d
==================================================

Copied ./sources\1d\sh12.f to ./results\1d\sh12\sh12.f
Command: gfortran -O3 -g -fprofile-arcs -ftest-coverage "./results\1d\sh12\sh12.f" -o "./results\1d\sh12\sh12"
Output: 

--------------------------------------------------
Command: "./results\1d\sh12\sh12"
Output: 
 ===START OF SH12========================
 SH1201  -  complete
 SH1202  -  complete
 SH1203  -  complete
 SH1204  -  complete
 SH1205  -  complete
 SH1206  -  complete
 SH1207  -  complete
 SH1208  -  complete
 SH1209  -  complete
 SH1210  -  complete
 SH1211  -  complete
 SH1212  -  complete
 SH1213  -  complete
 SH1214  -  complete
 SH1215  -  complete
 SH1216  -  complete
 SH1217  -  complete
 === END OF SH12 ========================= 

--------------------------------------------------
Command: gcov -b "./results\1d\sh12\sh12.f"
Output: 
File 'results/1d/sh12/sh12.f'
Lines executed:92.86% of 322
Branches executed:99.51% of 410
Taken at least once:66.34% of 410
Calls executed:27.65% of 170
Creating 'sh12.f.gcov'

Lines executed:92.86% of 322

--------------------------------------------------
GCOV file copied from ./sh12.f.gcov to ./results\1d\sh12\sh12.f.gcov
Command: "../SAPFOR/_bin/Release/Sapfor_F.exe" -parse -spf "./results\1d\sh12\sh12.f"
Output: 
SAPFOR version is 2410, build date: Apr 23 2025 11:52:44, c++ version 201703
  parse file './results\1d\sh12\sh12.f'
  options: -spf 
files compilation order:
  ./results\1d\sh12\sh12.f
Parsing was completed successfully

--------------------------------------------------
Command: "../SAPFOR/_bin/Release/Sapfor_F.exe" -passN GET_STATS_FOR_PREDICTOR -keepDVM
Output: 
SAPFOR version is 2410, build date: Apr 23 2025 11:52:44, c++ version 201703
code for pass GET_STATS_FOR_PREDICTOR is 79
RUN PASS with name VERIFY_FUNC_DECL
  Analyzing: results\1d\sh12\sh12.f
PROFILE: time for this pass = 0.000000 sec (total 0.003000 sec)
RUN PASS with name FILE_LINE_INFO
  Analyzing: results\1d\sh12\sh12.f
  All lines in project 831
PROFILE: time for this pass = 0.000000 sec (total 0.004000 sec)
RUN PASS with name BUILD_INCLUDE_DEPENDENCIES
  Analyzing: results\1d\sh12\sh12.f
PROFILE: time for this pass = 0.000000 sec (total 0.005000 sec)
RUN PASS with name CORRECT_VAR_DECL
  Analyzing: results\1d\sh12\sh12.f
PROFILE: time for this pass = 0.000000 sec (total 0.005000 sec)
RUN PASS with name VERIFY_OPERATORS
  Analyzing: results\1d\sh12\sh12.f
PROFILE: time for this pass = 0.000000 sec (total 0.006000 sec)
RUN PASS with name VERIFY_ENDDO
  Analyzing: results\1d\sh12\sh12.f
PROFILE: time for this pass = 0.000000 sec (total 0.007000 sec)
RUN PASS with name VERIFY_INCLUDES
  Analyzing: results\1d\sh12\sh12.f
PROFILE: time for this pass = 0.000000 sec (total 0.008000 sec)
RUN PASS with name PREPROC_ALLOCATES
  Analyzing: results\1d\sh12\sh12.f
  attribute (61 results\1d\sh12\sh12.f) is added to declaration on line 54 of results\1d\sh12\sh12.f file
  attribute (90 results\1d\sh12\sh12.f) is added to declaration on line 54 of results\1d\sh12\sh12.f file
  attribute (104 results\1d\sh12\sh12.f) is added to declaration on line 97 of results\1d\sh12\sh12.f file
  attribute (133 results\1d\sh12\sh12.f) is added to declaration on line 97 of results\1d\sh12\sh12.f file
  attribute (147 results\1d\sh12\sh12.f) is added to declaration on line 140 of results\1d\sh12\sh12.f file
  attribute (176 results\1d\sh12\sh12.f) is added to declaration on line 140 of results\1d\sh12\sh12.f file
  attribute (191 results\1d\sh12\sh12.f) is added to declaration on line 184 of results\1d\sh12\sh12.f file
  attribute (220 results\1d\sh12\sh12.f) is added to declaration on line 184 of results\1d\sh12\sh12.f file
  attribute (236 results\1d\sh12\sh12.f) is added to declaration on line 228 of results\1d\sh12\sh12.f file
  attribute (265 results\1d\sh12\sh12.f) is added to declaration on line 228 of results\1d\sh12\sh12.f file
  attribute (282 results\1d\sh12\sh12.f) is added to declaration on line 274 of results\1d\sh12\sh12.f file
  attribute (311 results\1d\sh12\sh12.f) is added to declaration on line 274 of results\1d\sh12\sh12.f file
  attribute (327 results\1d\sh12\sh12.f) is added to declaration on line 319 of results\1d\sh12\sh12.f file
  attribute (356 results\1d\sh12\sh12.f) is added to declaration on line 319 of results\1d\sh12\sh12.f file
  attribute (372 results\1d\sh12\sh12.f) is added to declaration on line 364 of results\1d\sh12\sh12.f file
  attribute (401 results\1d\sh12\sh12.f) is added to declaration on line 364 of results\1d\sh12\sh12.f file
  attribute (418 results\1d\sh12\sh12.f) is added to declaration on line 410 of results\1d\sh12\sh12.f file
  attribute (447 results\1d\sh12\sh12.f) is added to declaration on line 410 of results\1d\sh12\sh12.f file
  attribute (463 results\1d\sh12\sh12.f) is added to declaration on line 455 of results\1d\sh12\sh12.f file
  attribute (492 results\1d\sh12\sh12.f) is added to declaration on line 455 of results\1d\sh12\sh12.f file
  attribute (508 results\1d\sh12\sh12.f) is added to declaration on line 500 of results\1d\sh12\sh12.f file
  attribute (537 results\1d\sh12\sh12.f) is added to declaration on line 500 of results\1d\sh12\sh12.f file
  attribute (553 results\1d\sh12\sh12.f) is added to declaration on line 545 of results\1d\sh12\sh12.f file
  attribute (584 results\1d\sh12\sh12.f) is added to declaration on line 545 of results\1d\sh12\sh12.f file
  attribute (600 results\1d\sh12\sh12.f) is added to declaration on line 592 of results\1d\sh12\sh12.f file
  attribute (629 results\1d\sh12\sh12.f) is added to declaration on line 592 of results\1d\sh12\sh12.f file
  attribute (645 results\1d\sh12\sh12.f) is added to declaration on line 637 of results\1d\sh12\sh12.f file
  attribute (674 results\1d\sh12\sh12.f) is added to declaration on line 637 of results\1d\sh12\sh12.f file
  attribute (690 results\1d\sh12\sh12.f) is added to declaration on line 682 of results\1d\sh12\sh12.f file
  attribute (719 results\1d\sh12\sh12.f) is added to declaration on line 682 of results\1d\sh12\sh12.f file
  attribute (735 results\1d\sh12\sh12.f) is added to declaration on line 727 of results\1d\sh12\sh12.f file
  attribute (764 results\1d\sh12\sh12.f) is added to declaration on line 727 of results\1d\sh12\sh12.f file
  attribute (780 results\1d\sh12\sh12.f) is added to declaration on line 772 of results\1d\sh12\sh12.f file
  attribute (811 results\1d\sh12\sh12.f) is added to declaration on line 772 of results\1d\sh12\sh12.f file
PROFILE: time for this pass = 0.001000 sec (total 0.009000 sec)
RUN PASS with name CHECK_PAR_REG_DIR
  Analyzing: results\1d\sh12\sh12.f
PROFILE: time for this pass = 0.000000 sec (total 0.009000 sec)
RUN PASS with name FILL_PARALLEL_REG_IR
  Analyzing: results\1d\sh12\sh12.f
PROFILE: time for this pass = 0.001000 sec (total 0.011000 sec)
RUN PASS with name GET_ALL_ARRAY_DECL
  Analyzing: results\1d\sh12\sh12.f
PROFILE: time for this pass = 0.005000 sec (total 0.017000 sec)
RUN PASS with name FILL_COMMON_BLOCKS
  Analyzing: results\1d\sh12\sh12.f
PROFILE: time for this pass = 0.000000 sec (total 0.018000 sec)
RUN PASS with name PARSE_OMP_DIRS
  Analyzing: results\1d\sh12\sh12.f
PROFILE: time for this pass = 0.000000 sec (total 0.019000 sec)
RUN PASS with name PREPROC_SPF
  Analyzing: results\1d\sh12\sh12.f
PROFILE: time for this pass = 0.000000 sec (total 0.019000 sec)
RUN PASS with name CREATE_INTER_TREE
  Analyzing: results\1d\sh12\sh12.f
PROFILE: time for this pass = 0.003000 sec (total 0.022000 sec)
RUN PASS with name GCOV_PARSER
  Analyzing: results\1d\sh12\sh12.f
   Error: unable to open file statistic.txt
PROFILE: time for this pass = 0.002000 sec (total 0.025000 sec)
RUN PASS with name VERIFY_FORMAT
  Analyzing: results\1d\sh12\sh12.f
PROFILE: time for this pass = 0.000000 sec (total 0.025000 sec)
RUN PASS with name VERIFY_DVM_DIRS
  Analyzing: results\1d\sh12\sh12.f
PROFILE: time for this pass = 0.000000 sec (total 0.026000 sec)
RUN PASS with name PRIVATE_CALL_GRAPH_STAGE1
  Analyzing: results\1d\sh12\sh12.f
PROFILE: time for this pass = 0.000000 sec (total 0.026000 sec)
RUN PASS with name PRIVATE_CALL_GRAPH_STAGE2
  Analyzing: results\1d\sh12\sh12.f
PROFILE: time for this pass = 0.000000 sec (total 0.027000 sec)
RUN PASS with name MACRO_EXPANSION
  Analyzing: results\1d\sh12\sh12.f
PROFILE: time for this pass = 0.000000 sec (total 0.028000 sec)
RUN PASS with name CONVERT_ASSIGN_TO_LOOP
  Analyzing: results\1d\sh12\sh12.f
PROFILE: time for this pass = 0.001000 sec (total 0.029000 sec)
RUN PASS with name DEF_USE_STAGE1
  Analyzing: results\1d\sh12\sh12.f
PROFILE: time for this pass = 0.005000 sec (total 0.034000 sec)
RUN PASS with name DEF_USE_STAGE2
  Analyzing: results\1d\sh12\sh12.f
PROFILE: time for this pass = 0.000000 sec (total 0.035000 sec)
RUN PASS with name VERIFY_COMMON
  Analyzing: results\1d\sh12\sh12.f
PROFILE: time for this pass = 0.000000 sec (total 0.036000 sec)
RUN PASS with name CALL_GRAPH_IR
  Analyzing: results\1d\sh12\sh12.f
PROFILE: time for this pass = 0.004000 sec (total 0.040000 sec)
RUN PASS with name BUILD_IR
  Analyzing: results\1d\sh12\sh12.f
  count of functions 21, count of lvls 3
     RD time for 'ansno' function is 0.000 sec, iters 1
     RD time for 'serial1' function is 0.000 sec, iters 3
     RD time for 'ansyes' function is 0.000 sec, iters 1

     RD time for 'sh1202' function is 0.000 sec, iters 3
     RD time for 'sh1205' function is 0.000 sec, iters 3
     RD time for 'sh1207' function is 0.000 sec, iters 3
     RD time for 'sh1201' function is 0.000 sec, iters 3
     RD time for 'sh1208' function is 0.000 sec, iters 3
     RD time for 'sh1206' function is 0.000 sec, iters 3
     RD time for 'sh1204' function is 0.000 sec, iters 3
     RD time for 'sh1203' function is 0.000 sec, iters 3
     RD time for 'sh1215' function is 0.000 sec, iters 3
     RD time for 'sh1214' function is 0.000 sec, iters 3
     RD time for 'sh1210' function is 0.000 sec, iters 3
     RD time for 'sh1211' function is 0.000 sec, iters 3
     RD time for 'sh1212' function is 0.000 sec, iters 3
     RD time for 'sh1216' function is 0.000 sec, iters 3
     RD time for 'sh1209' function is 0.000 sec, iters 3
     RD time for 'sh1217' function is 0.000 sec, iters 3
     RD time for 'sh1213' function is 0.000 sec, iters 3

     RD time for 'sh12' function is 0.000 sec, iters 1

PROFILE: time for this pass = 0.005000 sec (total 0.046000 sec)
RUN PASS with name SUBST_EXPR_RD
  Analyzing: results\1d\sh12\sh12.f
PROFILE: time for this pass = 0.002000 sec (total 0.049000 sec)
RUN PASS with name LOOP_GRAPH
  Analyzing: results\1d\sh12\sh12.f
PROFILE: time for this pass = 0.002000 sec (total 0.051000 sec)
RUN PASS with name CALL_GRAPH
  Analyzing: results\1d\sh12\sh12.f
PROFILE: time for this pass = 0.005000 sec (total 0.057000 sec)
RUN PASS with name CALL_GRAPH2
  Analyzing: results\1d\sh12\sh12.f
  run for func sh12
  run for func sh1201
  run for func sh1202
  run for func sh1203
  run for func sh1204
  run for func sh1205
  run for func sh1206
  run for func sh1207
  run for func sh1208
  run for func sh1209
  run for func sh1210
  run for func sh1211
  run for func sh1212
  run for func sh1213
  run for func sh1214
  run for func sh1215
  run for func sh1216
  run for func sh1217
  run for func serial1
  run for func ansyes
  run for func ansno
PROFILE: time for this pass = 0.002000 sec (total 0.059000 sec)
RUN PASS with name GET_STATS_FOR_PREDICTOR
  Analyzing: results\1d\sh12\sh12.f
    PAR LOOP [69 results\1d\sh12\sh12.f] total exec 34, total exec lines 2, avg 1.7000000000000000e+01
    PAR LOOP [74 results\1d\sh12\sh12.f] total exec 30, total exec lines 2, avg 1.5000000000000000e+01
    PAR LOOP [79 results\1d\sh12\sh12.f] total exec 45, total exec lines 3, avg 1.5000000000000000e+01
    PAR LOOP [112 results\1d\sh12\sh12.f] total exec 34, total exec lines 2, avg 1.7000000000000000e+01
    PAR LOOP [117 results\1d\sh12\sh12.f] total exec 30, total exec lines 2, avg 1.5000000000000000e+01
    PAR LOOP [122 results\1d\sh12\sh12.f] total exec 45, total exec lines 3, avg 1.5000000000000000e+01
    PAR LOOP [155 results\1d\sh12\sh12.f] total exec 34, total exec lines 2, avg 1.7000000000000000e+01
    PAR LOOP [160 results\1d\sh12\sh12.f] total exec 30, total exec lines 2, avg 1.5000000000000000e+01
    PAR LOOP [165 results\1d\sh12\sh12.f] total exec 45, total exec lines 3, avg 1.5000000000000000e+01
    PAR LOOP [199 results\1d\sh12\sh12.f] total exec 34, total exec lines 2, avg 1.7000000000000000e+01
    PAR LOOP [204 results\1d\sh12\sh12.f] total exec 32, total exec lines 2, avg 1.6000000000000000e+01
    PAR LOOP [209 results\1d\sh12\sh12.f] total exec 48, total exec lines 3, avg 1.6000000000000000e+01
    PAR LOOP [244 results\1d\sh12\sh12.f] total exec 34, total exec lines 2, avg 1.7000000000000000e+01
    PAR LOOP [249 results\1d\sh12\sh12.f] total exec 30, total exec lines 2, avg 1.5000000000000000e+01
    PAR LOOP [254 results\1d\sh12\sh12.f] total exec 45, total exec lines 3, avg 1.5000000000000000e+01
    PAR LOOP [290 results\1d\sh12\sh12.f] total exec 34, total exec lines 2, avg 1.7000000000000000e+01
    PAR LOOP [295 results\1d\sh12\sh12.f] total exec 32, total exec lines 2, avg 1.6000000000000000e+01
    PAR LOOP [300 results\1d\sh12\sh12.f] total exec 48, total exec lines 3, avg 1.6000000000000000e+01
    PAR LOOP [335 results\1d\sh12\sh12.f] total exec 34, total exec lines 2, avg 1.7000000000000000e+01
    PAR LOOP [340 results\1d\sh12\sh12.f] total exec 26, total exec lines 2, avg 1.3000000000000000e+01
    PAR LOOP [345 results\1d\sh12\sh12.f] total exec 39, total exec lines 3, avg 1.3000000000000000e+01
    PAR LOOP [380 results\1d\sh12\sh12.f] total exec 34, total exec lines 2, avg 1.7000000000000000e+01
    PAR LOOP [385 results\1d\sh12\sh12.f] total exec 28, total exec lines 2, avg 1.4000000000000000e+01
    PAR LOOP [390 results\1d\sh12\sh12.f] total exec 42, total exec lines 3, avg 1.4000000000000000e+01
    PAR LOOP [426 results\1d\sh12\sh12.f] total exec 34, total exec lines 2, avg 1.7000000000000000e+01
    PAR LOOP [431 results\1d\sh12\sh12.f] total exec 30, total exec lines 2, avg 1.5000000000000000e+01
    PAR LOOP [436 results\1d\sh12\sh12.f] total exec 45, total exec lines 3, avg 1.5000000000000000e+01
    PAR LOOP [471 results\1d\sh12\sh12.f] total exec 34, total exec lines 2, avg 1.7000000000000000e+01
    PAR LOOP [476 results\1d\sh12\sh12.f] total exec 28, total exec lines 2, avg 1.4000000000000000e+01
    PAR LOOP [481 results\1d\sh12\sh12.f] total exec 42, total exec lines 3, avg 1.4000000000000000e+01
    PAR LOOP [516 results\1d\sh12\sh12.f] total exec 34, total exec lines 2, avg 1.7000000000000000e+01
    PAR LOOP [521 results\1d\sh12\sh12.f] total exec 30, total exec lines 2, avg 1.5000000000000000e+01
    PAR LOOP [526 results\1d\sh12\sh12.f] total exec 45, total exec lines 3, avg 1.5000000000000000e+01
    PAR LOOP [561 results\1d\sh12\sh12.f] total exec 34, total exec lines 2, avg 1.7000000000000000e+01
    PAR LOOP [566 results\1d\sh12\sh12.f] total exec 22, total exec lines 2, avg 1.1000000000000000e+01
    PAR LOOP [571 results\1d\sh12\sh12.f] total exec 33, total exec lines 4, avg 8.2500000000000000e+00
    PAR LOOP [608 results\1d\sh12\sh12.f] total exec 34, total exec lines 2, avg 1.7000000000000000e+01
    PAR LOOP [613 results\1d\sh12\sh12.f] total exec 26, total exec lines 2, avg 1.3000000000000000e+01
    PAR LOOP [618 results\1d\sh12\sh12.f] total exec 39, total exec lines 3, avg 1.3000000000000000e+01
    PAR LOOP [653 results\1d\sh12\sh12.f] total exec 34, total exec lines 2, avg 1.7000000000000000e+01
    PAR LOOP [658 results\1d\sh12\sh12.f] total exec 28, total exec lines 2, avg 1.4000000000000000e+01
    PAR LOOP [663 results\1d\sh12\sh12.f] total exec 42, total exec lines 3, avg 1.4000000000000000e+01
    PAR LOOP [698 results\1d\sh12\sh12.f] total exec 34, total exec lines 2, avg 1.7000000000000000e+01
    PAR LOOP [703 results\1d\sh12\sh12.f] total exec 28, total exec lines 2, avg 1.4000000000000000e+01
    PAR LOOP [708 results\1d\sh12\sh12.f] total exec 42, total exec lines 3, avg 1.4000000000000000e+01
    PAR LOOP [743 results\1d\sh12\sh12.f] total exec 34, total exec lines 2, avg 1.7000000000000000e+01
    PAR LOOP [748 results\1d\sh12\sh12.f] total exec 26, total exec lines 2, avg 1.3000000000000000e+01
    PAR LOOP [753 results\1d\sh12\sh12.f] total exec 39, total exec lines 3, avg 1.3000000000000000e+01
    PAR LOOP [788 results\1d\sh12\sh12.f] total exec 102, total exec lines 2, avg 5.1000000000000000e+01
    PAR LOOP [794 results\1d\sh12\sh12.f] total exec 58, total exec lines 2, avg 2.9000000000000000e+01
    PAR LOOP [799 results\1d\sh12\sh12.f] total exec 85, total exec lines 3, avg 2.8333333333333332e+01
    average_parallel_exec 1.6074999999999999e+01
    parallel_rate 4.2686435052002658e-01
PROFILE: time for this pass = 0.041000 sec (total 0.101000 sec)

--------------------------------------------------
INFO.JSON file copied from ./info.json to ./results\1d\sh12\info.json

==================================================
Processing of sh12.f completed successfully at 2025-04-23 11:56:05
