=== Processing file: sha12.f ===
Date and time: 2025-05-06 00:22:58
Dimension: 1d
==================================================

Copied ./sources\1d\sha12.f to ./results\1d\sha12\sha12.f
Command: gfortran -O3 -g -fprofile-arcs -ftest-coverage "./results\1d\sha12\sha12.f" -o "./results\1d\sha12\sha12"
Output: 

--------------------------------------------------
Command: "./results\1d\sha12\sha12"
Output: 
 ===START OF SHA12========================
 SHA1201  -  complete
 SHA1202  -  complete
 SHA1203  -  complete
 SHA1204  -  complete
 === END OF SHA12 ========================= 

--------------------------------------------------
Command: gcov -b "./results\1d\sha12\sha12.f"
Output: 
File 'results/1d/sha12/sha12.f'
Lines executed:92.37% of 118
Branches executed:98.92% of 186
Taken at least once:58.06% of 186
Calls executed:24.71% of 85
Creating 'sha12.f.gcov'

Lines executed:92.37% of 118

--------------------------------------------------
GCOV file copied from ./sha12.f.gcov to ./results\1d\sha12\sha12.f.gcov
Command: "../SAPFOR/_bin/Release/Sapfor_F.exe" -parse -spf "./results\1d\sha12\sha12.f"
Output: 
SAPFOR version is 2410, build date: Apr 23 2025 11:52:44, c++ version 201703
  parse file './results\1d\sha12\sha12.f'
  options: -spf 
files compilation order:
  ./results\1d\sha12\sha12.f
Parsing was completed successfully

--------------------------------------------------
Command: "../SAPFOR/_bin/Release/Sapfor_F.exe" -passN GET_STATS_FOR_PREDICTOR -keepDVM
Output: 
SAPFOR version is 2410, build date: Apr 23 2025 11:52:44, c++ version 201703
code for pass GET_STATS_FOR_PREDICTOR is 79
RUN PASS with name VERIFY_FUNC_DECL
  Analyzing: results\1d\sha12\sha12.f
PROFILE: time for this pass = 0.000000 sec (total 0.001000 sec)
RUN PASS with name FILE_LINE_INFO
  Analyzing: results\1d\sha12\sha12.f
  All lines in project 260
PROFILE: time for this pass = 0.000000 sec (total 0.002000 sec)
RUN PASS with name BUILD_INCLUDE_DEPENDENCIES
  Analyzing: results\1d\sha12\sha12.f
PROFILE: time for this pass = 0.000000 sec (total 0.002000 sec)
RUN PASS with name CORRECT_VAR_DECL
  Analyzing: results\1d\sha12\sha12.f
PROFILE: time for this pass = 0.000000 sec (total 0.002000 sec)
RUN PASS with name VERIFY_OPERATORS
  Analyzing: results\1d\sha12\sha12.f
PROFILE: time for this pass = 0.000000 sec (total 0.003000 sec)
RUN PASS with name VERIFY_ENDDO
  Analyzing: results\1d\sha12\sha12.f
PROFILE: time for this pass = 0.000000 sec (total 0.003000 sec)
RUN PASS with name VERIFY_INCLUDES
  Analyzing: results\1d\sha12\sha12.f
PROFILE: time for this pass = 0.000000 sec (total 0.003000 sec)
RUN PASS with name PREPROC_ALLOCATES
  Analyzing: results\1d\sha12\sha12.f
  attribute (39 results\1d\sha12\sha12.f) is added to declaration on line 30 of results\1d\sha12\sha12.f file
  attribute (77 results\1d\sha12\sha12.f) is added to declaration on line 30 of results\1d\sha12\sha12.f file
  attribute (94 results\1d\sha12\sha12.f) is added to declaration on line 85 of results\1d\sha12\sha12.f file
  attribute (132 results\1d\sha12\sha12.f) is added to declaration on line 85 of results\1d\sha12\sha12.f file
  attribute (151 results\1d\sha12\sha12.f) is added to declaration on line 142 of results\1d\sha12\sha12.f file
  attribute (188 results\1d\sha12\sha12.f) is added to declaration on line 142 of results\1d\sha12\sha12.f file
  attribute (204 results\1d\sha12\sha12.f) is added to declaration on line 195 of results\1d\sha12\sha12.f file
  attribute (240 results\1d\sha12\sha12.f) is added to declaration on line 195 of results\1d\sha12\sha12.f file
PROFILE: time for this pass = 0.000000 sec (total 0.004000 sec)
RUN PASS with name CHECK_PAR_REG_DIR
  Analyzing: results\1d\sha12\sha12.f
PROFILE: time for this pass = 0.000000 sec (total 0.004000 sec)
RUN PASS with name FILL_PARALLEL_REG_IR
  Analyzing: results\1d\sha12\sha12.f
PROFILE: time for this pass = 0.000000 sec (total 0.005000 sec)
RUN PASS with name GET_ALL_ARRAY_DECL
  Analyzing: results\1d\sha12\sha12.f
PROFILE: time for this pass = 0.003000 sec (total 0.008000 sec)
RUN PASS with name FILL_COMMON_BLOCKS
  Analyzing: results\1d\sha12\sha12.f
PROFILE: time for this pass = 0.000000 sec (total 0.008000 sec)
RUN PASS with name PARSE_OMP_DIRS
  Analyzing: results\1d\sha12\sha12.f
PROFILE: time for this pass = 0.000000 sec (total 0.009000 sec)
RUN PASS with name PREPROC_SPF
  Analyzing: results\1d\sha12\sha12.f
PROFILE: time for this pass = 0.000000 sec (total 0.009000 sec)
RUN PASS with name CREATE_INTER_TREE
  Analyzing: results\1d\sha12\sha12.f
PROFILE: time for this pass = 0.001000 sec (total 0.010000 sec)
RUN PASS with name GCOV_PARSER
  Analyzing: results\1d\sha12\sha12.f
   Error: unable to open file statistic.txt
PROFILE: time for this pass = 0.000000 sec (total 0.011000 sec)
RUN PASS with name VERIFY_FORMAT
  Analyzing: results\1d\sha12\sha12.f
PROFILE: time for this pass = 0.000000 sec (total 0.011000 sec)
RUN PASS with name VERIFY_DVM_DIRS
  Analyzing: results\1d\sha12\sha12.f
PROFILE: time for this pass = 0.000000 sec (total 0.012000 sec)
RUN PASS with name PRIVATE_CALL_GRAPH_STAGE1
  Analyzing: results\1d\sha12\sha12.f
PROFILE: time for this pass = 0.000000 sec (total 0.012000 sec)
RUN PASS with name PRIVATE_CALL_GRAPH_STAGE2
  Analyzing: results\1d\sha12\sha12.f
PROFILE: time for this pass = 0.000000 sec (total 0.012000 sec)
RUN PASS with name MACRO_EXPANSION
  Analyzing: results\1d\sha12\sha12.f
PROFILE: time for this pass = 0.000000 sec (total 0.013000 sec)
RUN PASS with name CONVERT_ASSIGN_TO_LOOP
  Analyzing: results\1d\sha12\sha12.f
PROFILE: time for this pass = 0.000000 sec (total 0.013000 sec)
RUN PASS with name DEF_USE_STAGE1
  Analyzing: results\1d\sha12\sha12.f
PROFILE: time for this pass = 0.002000 sec (total 0.015000 sec)
RUN PASS with name DEF_USE_STAGE2
  Analyzing: results\1d\sha12\sha12.f
PROFILE: time for this pass = 0.000000 sec (total 0.015000 sec)
RUN PASS with name VERIFY_COMMON
  Analyzing: results\1d\sha12\sha12.f
PROFILE: time for this pass = 0.000000 sec (total 0.016000 sec)
RUN PASS with name CALL_GRAPH_IR
  Analyzing: results\1d\sha12\sha12.f
PROFILE: time for this pass = 0.001000 sec (total 0.017000 sec)
RUN PASS with name BUILD_IR
  Analyzing: results\1d\sha12\sha12.f
  count of functions 8, count of lvls 3
     RD time for 'serial1' function is 0.000 sec, iters 3
     RD time for 'ansyes' function is 0.000 sec, iters 1
     RD time for 'ansno' function is 0.000 sec, iters 1

     RD time for 'sha1204' function is 0.000 sec, iters 3
     RD time for 'sha1201' function is 0.000 sec, iters 3
     RD time for 'sha1202' function is 0.000 sec, iters 3
     RD time for 'sha1203' function is 0.000 sec, iters 3

     RD time for 'sha12' function is 0.000 sec, iters 1

PROFILE: time for this pass = 0.002000 sec (total 0.020000 sec)
RUN PASS with name SUBST_EXPR_RD
  Analyzing: results\1d\sha12\sha12.f
PROFILE: time for this pass = 0.001000 sec (total 0.021000 sec)
RUN PASS with name LOOP_GRAPH
  Analyzing: results\1d\sha12\sha12.f
PROFILE: time for this pass = 0.000000 sec (total 0.022000 sec)
RUN PASS with name CALL_GRAPH
  Analyzing: results\1d\sha12\sha12.f
PROFILE: time for this pass = 0.002000 sec (total 0.024000 sec)
RUN PASS with name CALL_GRAPH2
  Analyzing: results\1d\sha12\sha12.f
  run for func sha12
  run for func sha1201
  run for func sha1202
  run for func sha1203
  run for func sha1204
  run for func serial1
  run for func ansyes
  run for func ansno
PROFILE: time for this pass = 0.001000 sec (total 0.026000 sec)
RUN PASS with name GET_STATS_FOR_PREDICTOR
  Analyzing: results\1d\sha12\sha12.f
    PAR LOOP [48 results\1d\sha12\sha12.f] total exec 130, total exec lines 4, avg 3.2500000000000000e+01
    PAR LOOP [58 results\1d\sha12\sha12.f] total exec 106, total exec lines 4, avg 2.6500000000000000e+01
    PAR LOOP [66 results\1d\sha12\sha12.f] total exec 185, total exec lines 7, avg 2.6428571428571427e+01
    PAR LOOP [104 results\1d\sha12\sha12.f] total exec 66, total exec lines 4, avg 1.6500000000000000e+01
    PAR LOOP [113 results\1d\sha12\sha12.f] total exec 42, total exec lines 4, avg 1.0500000000000000e+01
    PAR LOOP [121 results\1d\sha12\sha12.f] total exec 73, total exec lines 7, avg 1.0428571428571429e+01
    PAR LOOP [161 results\1d\sha12\sha12.f] total exec 66, total exec lines 4, avg 1.6500000000000000e+01
    PAR LOOP [169 results\1d\sha12\sha12.f] total exec 42, total exec lines 4, avg 1.0500000000000000e+01
    PAR LOOP [177 results\1d\sha12\sha12.f] total exec 73, total exec lines 7, avg 1.0428571428571429e+01
    PAR LOOP [214 results\1d\sha12\sha12.f] total exec 66, total exec lines 4, avg 1.6500000000000000e+01
    PAR LOOP [221 results\1d\sha12\sha12.f] total exec 42, total exec lines 4, avg 1.0500000000000000e+01
    PAR LOOP [229 results\1d\sha12\sha12.f] total exec 73, total exec lines 7, avg 1.0428571428571429e+01
    average_parallel_exec 1.6066666666666666e+01
    parallel_rate 5.3854748603351954e-01
PROFILE: time for this pass = 0.007000 sec (total 0.034000 sec)

--------------------------------------------------
INFO.JSON file copied from ./info.json to ./results\1d\sha12\info.json

==================================================
Processing of sha12.f completed successfully at 2025-05-06 00:22:58
