=== Processing file: realign22.f ===
Date and time: 2025-04-23 11:56:33
Dimension: 2d
==================================================

Copied ./sources\2d\realign22.f to ./results\2d\realign22\realign22.f
Command: gfortran -O3 -g -fprofile-arcs -ftest-coverage "./results\2d\realign22\realign22.f" -o "./results\2d\realign22\realign22"
Output: 

--------------------------------------------------
Command: "./results\2d\realign22\realign22"
Output: 
 ===START OF realign22====================
 realign221  -  complete
 realign222  -  complete
 realign223  -  complete
 realign224  -  complete
 realign225  -  complete
 realign226  -  complete
 === END OF realign22 ====================

--------------------------------------------------
Command: gcov -b "./results\2d\realign22\realign22.f"
Output: 
File 'results/2d/realign22/realign22.f'
Lines executed:88.37% of 172
Branches executed:100.00% of 184
Taken at least once:75.00% of 184
Calls executed:42.37% of 59
Creating 'realign22.f.gcov'

Lines executed:88.37% of 172

--------------------------------------------------
GCOV file copied from ./realign22.f.gcov to ./results\2d\realign22\realign22.f.gcov
Command: "../SAPFOR/_bin/Release/Sapfor_F.exe" -parse -spf "./results\2d\realign22\realign22.f"
Output: 
SAPFOR version is 2410, build date: Apr 23 2025 11:52:44, c++ version 201703
  parse file './results\2d\realign22\realign22.f'
  options: -spf 
files compilation order:
  ./results\2d\realign22\realign22.f
Parsing was completed successfully

--------------------------------------------------
Command: "../SAPFOR/_bin/Release/Sapfor_F.exe" -passN GET_STATS_FOR_PREDICTOR -keepDVM
Output: 
SAPFOR version is 2410, build date: Apr 23 2025 11:52:44, c++ version 201703
code for pass GET_STATS_FOR_PREDICTOR is 79
RUN PASS with name VERIFY_FUNC_DECL
  Analyzing: results\2d\realign22\realign22.f
PROFILE: time for this pass = 0.000000 sec (total 0.002000 sec)
RUN PASS with name FILE_LINE_INFO
  Analyzing: results\2d\realign22\realign22.f
  All lines in project 482
PROFILE: time for this pass = 0.000000 sec (total 0.003000 sec)
RUN PASS with name BUILD_INCLUDE_DEPENDENCIES
  Analyzing: results\2d\realign22\realign22.f
PROFILE: time for this pass = 0.000000 sec (total 0.003000 sec)
RUN PASS with name CORRECT_VAR_DECL
  Analyzing: results\2d\realign22\realign22.f
PROFILE: time for this pass = 0.000000 sec (total 0.004000 sec)
RUN PASS with name VERIFY_OPERATORS
  Analyzing: results\2d\realign22\realign22.f
PROFILE: time for this pass = 0.000000 sec (total 0.004000 sec)
RUN PASS with name VERIFY_ENDDO
  Analyzing: results\2d\realign22\realign22.f
PROFILE: time for this pass = 0.000000 sec (total 0.005000 sec)
RUN PASS with name VERIFY_INCLUDES
  Analyzing: results\2d\realign22\realign22.f
PROFILE: time for this pass = 0.000000 sec (total 0.005000 sec)
RUN PASS with name PREPROC_ALLOCATES
  Analyzing: results\2d\realign22\realign22.f
  attribute (46 results\2d\realign22\realign22.f) is added to declaration on line 39 of results\2d\realign22\realign22.f file
  attribute (101 results\2d\realign22\realign22.f) is added to declaration on line 39 of results\2d\realign22\realign22.f file
  attribute (122 results\2d\realign22\realign22.f) is added to declaration on line 115 of results\2d\realign22\realign22.f file
  attribute (179 results\2d\realign22\realign22.f) is added to declaration on line 115 of results\2d\realign22\realign22.f file
  attribute (200 results\2d\realign22\realign22.f) is added to declaration on line 193 of results\2d\realign22\realign22.f file
  attribute (253 results\2d\realign22\realign22.f) is added to declaration on line 193 of results\2d\realign22\realign22.f file
  attribute (274 results\2d\realign22\realign22.f) is added to declaration on line 267 of results\2d\realign22\realign22.f file
  attribute (325 results\2d\realign22\realign22.f) is added to declaration on line 267 of results\2d\realign22\realign22.f file
  attribute (346 results\2d\realign22\realign22.f) is added to declaration on line 339 of results\2d\realign22\realign22.f file
  attribute (395 results\2d\realign22\realign22.f) is added to declaration on line 339 of results\2d\realign22\realign22.f file
  attribute (415 results\2d\realign22\realign22.f) is added to declaration on line 408 of results\2d\realign22\realign22.f file
  attribute (470 results\2d\realign22\realign22.f) is added to declaration on line 408 of results\2d\realign22\realign22.f file
PROFILE: time for this pass = 0.000000 sec (total 0.006000 sec)
RUN PASS with name CHECK_PAR_REG_DIR
  Analyzing: results\2d\realign22\realign22.f
PROFILE: time for this pass = 0.000000 sec (total 0.007000 sec)
RUN PASS with name FILL_PARALLEL_REG_IR
  Analyzing: results\2d\realign22\realign22.f
PROFILE: time for this pass = 0.000000 sec (total 0.008000 sec)
RUN PASS with name GET_ALL_ARRAY_DECL
  Analyzing: results\2d\realign22\realign22.f
PROFILE: time for this pass = 0.003000 sec (total 0.011000 sec)
RUN PASS with name FILL_COMMON_BLOCKS
  Analyzing: results\2d\realign22\realign22.f
PROFILE: time for this pass = 0.000000 sec (total 0.012000 sec)
RUN PASS with name PARSE_OMP_DIRS
  Analyzing: results\2d\realign22\realign22.f
PROFILE: time for this pass = 0.000000 sec (total 0.013000 sec)
RUN PASS with name PREPROC_SPF
  Analyzing: results\2d\realign22\realign22.f
PROFILE: time for this pass = 0.000000 sec (total 0.013000 sec)
RUN PASS with name CREATE_INTER_TREE
  Analyzing: results\2d\realign22\realign22.f
PROFILE: time for this pass = 0.002000 sec (total 0.015000 sec)
RUN PASS with name GCOV_PARSER
  Analyzing: results\2d\realign22\realign22.f
   Error: unable to open file statistic.txt
PROFILE: time for this pass = 0.001000 sec (total 0.016000 sec)
RUN PASS with name VERIFY_FORMAT
  Analyzing: results\2d\realign22\realign22.f
PROFILE: time for this pass = 0.000000 sec (total 0.017000 sec)
RUN PASS with name VERIFY_DVM_DIRS
  Analyzing: results\2d\realign22\realign22.f
PROFILE: time for this pass = 0.000000 sec (total 0.017000 sec)
RUN PASS with name PRIVATE_CALL_GRAPH_STAGE1
  Analyzing: results\2d\realign22\realign22.f
PROFILE: time for this pass = 0.000000 sec (total 0.018000 sec)
RUN PASS with name PRIVATE_CALL_GRAPH_STAGE2
  Analyzing: results\2d\realign22\realign22.f
PROFILE: time for this pass = 0.000000 sec (total 0.018000 sec)
RUN PASS with name MACRO_EXPANSION
  Analyzing: results\2d\realign22\realign22.f
PROFILE: time for this pass = 0.000000 sec (total 0.019000 sec)
RUN PASS with name CONVERT_ASSIGN_TO_LOOP
  Analyzing: results\2d\realign22\realign22.f
was on line 202 file results\2d\realign22\realign22.f
      b2 = 0
      do  i_1 = 0,3
         do  i_0 = 0,3
            b2(i_0 + 1,i_1 + 1) = 0
         enddo  
      enddo  
was on line 276 file results\2d\realign22\realign22.f
      b2 = 0
      do  i_3 = 0,3
         do  i_2 = 0,3
            b2(i_2 + 1,i_3 + 1) = 0
         enddo  
      enddo  
PROFILE: time for this pass = 0.001000 sec (total 0.020000 sec)
RUN PASS with name DEF_USE_STAGE1
  Analyzing: results\2d\realign22\realign22.f
PROFILE: time for this pass = 0.001000 sec (total 0.021000 sec)
RUN PASS with name DEF_USE_STAGE2
  Analyzing: results\2d\realign22\realign22.f
PROFILE: time for this pass = 0.000000 sec (total 0.022000 sec)
RUN PASS with name VERIFY_COMMON
  Analyzing: results\2d\realign22\realign22.f
PROFILE: time for this pass = 0.000000 sec (total 0.022000 sec)
RUN PASS with name CALL_GRAPH_IR
  Analyzing: results\2d\realign22\realign22.f
PROFILE: time for this pass = 0.000000 sec (total 0.023000 sec)
RUN PASS with name BUILD_IR
  Analyzing: results\2d\realign22\realign22.f
  count of functions 9, count of lvls 3
     RD time for 'ansyes' function is 0.000 sec, iters 1
     RD time for 'ansno' function is 0.000 sec, iters 1

     RD time for 'realign221' function is 0.000 sec, iters 4
     RD time for 'realign222' function is 0.000 sec, iters 4
     RD time for 'realign223' function is 0.000 sec, iters 5
     RD time for 'realign224' function is 0.001 sec, iters 6
     RD time for 'realign225' function is 0.000 sec, iters 4
     RD time for 'realign226' function is 0.000 sec, iters 4

     RD time for 'realign22' function is 0.000 sec, iters 1

PROFILE: time for this pass = 0.006000 sec (total 0.029000 sec)
RUN PASS with name SUBST_EXPR_RD
  Analyzing: results\2d\realign22\realign22.f
PROFILE: time for this pass = 0.002000 sec (total 0.032000 sec)
RUN PASS with name LOOP_GRAPH
  Analyzing: results\2d\realign22\realign22.f
PROFILE: time for this pass = 0.001000 sec (total 0.034000 sec)
RUN PASS with name CALL_GRAPH
  Analyzing: results\2d\realign22\realign22.f
PROFILE: time for this pass = 0.001000 sec (total 0.036000 sec)
RUN PASS with name CALL_GRAPH2
  Analyzing: results\2d\realign22\realign22.f
  run for func realign22
  run for func realign221
  run for func realign222
  run for func realign223
  run for func realign224
  run for func realign225
  run for func realign226
  run for func ansyes
  run for func ansno
PROFILE: time for this pass = 0.001000 sec (total 0.037000 sec)
RUN PASS with name GET_STATS_FOR_PREDICTOR
  Analyzing: results\2d\realign22\realign22.f
    PAR LOOP [50 results\2d\realign22\realign22.f] total exec 67, total exec lines 4, avg 1.6750000000000000e+01
    PAR LOOP [57 results\2d\realign22\realign22.f] total exec 581, total exec lines 9, avg 6.4555555555555557e+01
    PAR LOOP [80 results\2d\realign22\realign22.f] total exec 151, total exec lines 11, avg 1.3727272727272727e+01
    PAR LOOP [126 results\2d\realign22\realign22.f] total exec 67, total exec lines 4, avg 1.6750000000000000e+01
    PAR LOOP [133 results\2d\realign22\realign22.f] total exec 395, total exec lines 9, avg 4.3888888888888886e+01
    PAR LOOP [158 results\2d\realign22\realign22.f] total exec 151, total exec lines 11, avg 1.3727272727272727e+01
    PAR LOOP [206 results\2d\realign22\realign22.f] total exec 2633, total exec lines 11, avg 2.3936363636363637e+02
    PAR LOOP [231 results\2d\realign22\realign22.f] total exec 151, total exec lines 11, avg 1.3727272727272727e+01
    PAR LOOP [280 results\2d\realign22\realign22.f] total exec 1593, total exec lines 13, avg 1.2253846153846153e+02
    PAR LOOP [303 results\2d\realign22\realign22.f] total exec 151, total exec lines 11, avg 1.3727272727272727e+01
    PAR LOOP [350 results\2d\realign22\realign22.f] total exec 67, total exec lines 4, avg 1.6750000000000000e+01
    PAR LOOP [357 results\2d\realign22\realign22.f] total exec 581, total exec lines 9, avg 6.4555555555555557e+01
    PAR LOOP [379 results\2d\realign22\realign22.f] total exec 87, total exec lines 6, avg 1.4500000000000000e+01
    PAR LOOP [419 results\2d\realign22\realign22.f] total exec 99, total exec lines 4, avg 2.4750000000000000e+01
    PAR LOOP [426 results\2d\realign22\realign22.f] total exec 1563, total exec lines 9, avg 1.7366666666666666e+02
    PAR LOOP [449 results\2d\realign22\realign22.f] total exec 225, total exec lines 11, avg 2.0454545454545453e+01
    average_parallel_exec 6.2496350364963504e+01
    parallel_rate 9.7539302802460692e-01
PROFILE: time for this pass = 0.013000 sec (total 0.051000 sec)

--------------------------------------------------
INFO.JSON file copied from ./info.json to ./results\2d\realign22\info.json

==================================================
Processing of realign22.f completed successfully at 2025-04-23 11:56:33
