=== Processing file: taskst11.f ===
Date and time: 2025-04-18 17:42:38
Dimension: 1d
==================================================

Copied ./sources\1d\taskst11.f to ./results\1d\taskst11\taskst11.f
Command: gfortran -O3 -g -fprofile-arcs -ftest-coverage "./results\1d\taskst11\taskst11.f" -o "./results\1d\taskst11\taskst11"
Output: 

--------------------------------------------------
Command: "./results\1d\taskst11\taskst11"
Output: 
 ===START OF taskst11 =====================
 taskst11  -  complete
 === END OF taskst11 ======================

--------------------------------------------------
Command: gcov -b "./results\1d\taskst11\taskst11.f"
Output: 
File 'results/1d/taskst11/taskst11.f'
Lines executed:90.11% of 91
Branches executed:100.00% of 112
Taken at least once:82.14% of 112
Calls executed:40.00% of 35
Creating 'taskst11.f.gcov'

Lines executed:90.11% of 91

--------------------------------------------------
GCOV file copied from ./taskst11.f.gcov to ./results\1d\taskst11\taskst11.f.gcov
Command: "../SAPFOR/_bin/Release/Sapfor_F.exe" -parse -spf "./results\1d\taskst11\taskst11.f"
Output: 
SAPFOR version is 2409, build date: Apr 17 2025 18:48:12, c++ version 201703
  parse file './results\1d\taskst11\taskst11.f'
  options: -spf 
files compilation order:
  ./results\1d\taskst11\taskst11.f
Parsing was completed successfully

--------------------------------------------------
Command: "../SAPFOR/_bin/Release/Sapfor_F.exe" -passN GET_STATS_FOR_PREDICTOR -keepDVM
Output: 
SAPFOR version is 2409, build date: Apr 17 2025 18:48:12, c++ version 201703
code for pass GET_STATS_FOR_PREDICTOR is 79
RUN PASS with name VERIFY_FUNC_DECL
  Analyzing: results\1d\taskst11\taskst11.f
PROFILE: time for this pass = 0.000000 sec (total 0.001000 sec)
RUN PASS with name FILE_LINE_INFO
  Analyzing: results\1d\taskst11\taskst11.f
  All lines in project 236
PROFILE: time for this pass = 0.000000 sec (total 0.001000 sec)
RUN PASS with name BUILD_INCLUDE_DEPENDENCIES
  Analyzing: results\1d\taskst11\taskst11.f
PROFILE: time for this pass = 0.000000 sec (total 0.002000 sec)
RUN PASS with name CORRECT_VAR_DECL
  Analyzing: results\1d\taskst11\taskst11.f
PROFILE: time for this pass = 0.000000 sec (total 0.002000 sec)
RUN PASS with name VERIFY_OPERATORS
  Analyzing: results\1d\taskst11\taskst11.f
PROFILE: time for this pass = 0.000000 sec (total 0.002000 sec)
RUN PASS with name VERIFY_ENDDO
  Analyzing: results\1d\taskst11\taskst11.f
  ERROR: Loop on line 65 does not have END DO
exception occurred
ERROR - [#1018: results\1d\taskst11\taskst11.f: line 65]: This loop does not have END DO format

--------------------------------------------------
INFO.JSON file copied from ./info.json to ./results\1d\taskst11\info.json

==================================================
Processing of taskst11.f completed successfully at 2025-04-18 17:42:39
