=== Processing file: rem22.f ===
Date and time: 2025-05-06 00:23:55
Dimension: 2d
==================================================

Copied ./sources\2d\rem22.f to ./results\2d\rem22\rem22.f
Command: gfortran -O3 -g -fprofile-arcs -ftest-coverage "./results\2d\rem22\rem22.f" -o "./results\2d\rem22\rem22"
Output: 

--------------------------------------------------
Command: "./results\2d\rem22\rem22"
Output: 
 ===START OF REM22========================
 REM2201  -  complete
 REM2202  -  complete
 REM2203  -  complete
 REM2204  -  complete
 REM2205  -  complete
 REM2206  -  complete
 REM2207  -  complete
 REM2208  -  complete
 REM2209  -  complete
 REM2210  -  complete
 REM2211  -  complete
 REM2212  -  complete
 REM2213  -  complete
 REM2214  -  complete
 REM2215  -  complete
 REM2216  -  complete
 REM2217  -  complete
 REM2218  -  complete
 REM2219  -  complete
 REM2220  -  complete
 === END OF REM22 ========================= 

--------------------------------------------------
Command: gcov -b "./results\2d\rem22\rem22.f"
Output: 
File 'results/2d/rem22/rem22.f'
Lines executed:91.79% of 414
Branches executed:99.33% of 598
Taken at least once:70.40% of 598
Calls executed:23.98% of 221
Creating 'rem22.f.gcov'

Lines executed:91.79% of 414

--------------------------------------------------
GCOV file copied from ./rem22.f.gcov to ./results\2d\rem22\rem22.f.gcov
Command: "../SAPFOR/_bin/Release/Sapfor_F.exe" -parse -spf "./results\2d\rem22\rem22.f"
Output: 
SAPFOR version is 2410, build date: Apr 23 2025 11:52:44, c++ version 201703
  parse file './results\2d\rem22\rem22.f'
  options: -spf 
files compilation order:
  ./results\2d\rem22\rem22.f
Parsing was completed successfully

--------------------------------------------------
Command: "../SAPFOR/_bin/Release/Sapfor_F.exe" -passN GET_STATS_FOR_PREDICTOR -keepDVM
Output: 
SAPFOR version is 2410, build date: Apr 23 2025 11:52:44, c++ version 201703
code for pass GET_STATS_FOR_PREDICTOR is 79
RUN PASS with name VERIFY_FUNC_DECL
  Analyzing: results\2d\rem22\rem22.f
PROFILE: time for this pass = 0.000000 sec (total 0.003000 sec)
RUN PASS with name FILE_LINE_INFO
  Analyzing: results\2d\rem22\rem22.f
  All lines in project 992
PROFILE: time for this pass = 0.001000 sec (total 0.004000 sec)
RUN PASS with name BUILD_INCLUDE_DEPENDENCIES
  Analyzing: results\2d\rem22\rem22.f
PROFILE: time for this pass = 0.000000 sec (total 0.005000 sec)
RUN PASS with name CORRECT_VAR_DECL
  Analyzing: results\2d\rem22\rem22.f
PROFILE: time for this pass = 0.000000 sec (total 0.006000 sec)
RUN PASS with name VERIFY_OPERATORS
  Analyzing: results\2d\rem22\rem22.f
PROFILE: time for this pass = 0.000000 sec (total 0.007000 sec)
RUN PASS with name VERIFY_ENDDO
  Analyzing: results\2d\rem22\rem22.f
PROFILE: time for this pass = 0.000000 sec (total 0.008000 sec)
RUN PASS with name VERIFY_INCLUDES
  Analyzing: results\2d\rem22\rem22.f
PROFILE: time for this pass = 0.000000 sec (total 0.009000 sec)
RUN PASS with name PREPROC_ALLOCATES
  Analyzing: results\2d\rem22\rem22.f
  attribute (65 results\2d\rem22\rem22.f) is added to declaration on line 57 of results\2d\rem22\rem22.f file
  attribute (88 results\2d\rem22\rem22.f) is added to declaration on line 57 of results\2d\rem22\rem22.f file
  attribute (103 results\2d\rem22\rem22.f) is added to declaration on line 95 of results\2d\rem22\rem22.f file
  attribute (125 results\2d\rem22\rem22.f) is added to declaration on line 95 of results\2d\rem22\rem22.f file
  attribute (140 results\2d\rem22\rem22.f) is added to declaration on line 132 of results\2d\rem22\rem22.f file
  attribute (163 results\2d\rem22\rem22.f) is added to declaration on line 132 of results\2d\rem22\rem22.f file
  attribute (178 results\2d\rem22\rem22.f) is added to declaration on line 170 of results\2d\rem22\rem22.f file
  attribute (199 results\2d\rem22\rem22.f) is added to declaration on line 170 of results\2d\rem22\rem22.f file
  attribute (214 results\2d\rem22\rem22.f) is added to declaration on line 206 of results\2d\rem22\rem22.f file
  attribute (244 results\2d\rem22\rem22.f) is added to declaration on line 206 of results\2d\rem22\rem22.f file
  attribute (259 results\2d\rem22\rem22.f) is added to declaration on line 251 of results\2d\rem22\rem22.f file
  attribute (288 results\2d\rem22\rem22.f) is added to declaration on line 251 of results\2d\rem22\rem22.f file
  attribute (303 results\2d\rem22\rem22.f) is added to declaration on line 295 of results\2d\rem22\rem22.f file
  attribute (332 results\2d\rem22\rem22.f) is added to declaration on line 295 of results\2d\rem22\rem22.f file
  attribute (346 results\2d\rem22\rem22.f) is added to declaration on line 338 of results\2d\rem22\rem22.f file
  attribute (374 results\2d\rem22\rem22.f) is added to declaration on line 338 of results\2d\rem22\rem22.f file
  attribute (388 results\2d\rem22\rem22.f) is added to declaration on line 380 of results\2d\rem22\rem22.f file
  attribute (417 results\2d\rem22\rem22.f) is added to declaration on line 380 of results\2d\rem22\rem22.f file
  attribute (431 results\2d\rem22\rem22.f) is added to declaration on line 423 of results\2d\rem22\rem22.f file
  attribute (462 results\2d\rem22\rem22.f) is added to declaration on line 423 of results\2d\rem22\rem22.f file
  attribute (477 results\2d\rem22\rem22.f) is added to declaration on line 469 of results\2d\rem22\rem22.f file
  attribute (511 results\2d\rem22\rem22.f) is added to declaration on line 469 of results\2d\rem22\rem22.f file
  attribute (525 results\2d\rem22\rem22.f) is added to declaration on line 517 of results\2d\rem22\rem22.f file
  attribute (563 results\2d\rem22\rem22.f) is added to declaration on line 517 of results\2d\rem22\rem22.f file
  attribute (577 results\2d\rem22\rem22.f) is added to declaration on line 569 of results\2d\rem22\rem22.f file
  attribute (614 results\2d\rem22\rem22.f) is added to declaration on line 569 of results\2d\rem22\rem22.f file
  attribute (629 results\2d\rem22\rem22.f) is added to declaration on line 621 of results\2d\rem22\rem22.f file
  attribute (665 results\2d\rem22\rem22.f) is added to declaration on line 621 of results\2d\rem22\rem22.f file
  attribute (680 results\2d\rem22\rem22.f) is added to declaration on line 672 of results\2d\rem22\rem22.f file
  attribute (717 results\2d\rem22\rem22.f) is added to declaration on line 672 of results\2d\rem22\rem22.f file
  attribute (732 results\2d\rem22\rem22.f) is added to declaration on line 724 of results\2d\rem22\rem22.f file
  attribute (769 results\2d\rem22\rem22.f) is added to declaration on line 724 of results\2d\rem22\rem22.f file
  attribute (784 results\2d\rem22\rem22.f) is added to declaration on line 776 of results\2d\rem22\rem22.f file
  attribute (816 results\2d\rem22\rem22.f) is added to declaration on line 776 of results\2d\rem22\rem22.f file
  attribute (830 results\2d\rem22\rem22.f) is added to declaration on line 822 of results\2d\rem22\rem22.f file
  attribute (866 results\2d\rem22\rem22.f) is added to declaration on line 822 of results\2d\rem22\rem22.f file
  attribute (881 results\2d\rem22\rem22.f) is added to declaration on line 873 of results\2d\rem22\rem22.f file
  attribute (918 results\2d\rem22\rem22.f) is added to declaration on line 873 of results\2d\rem22\rem22.f file
  attribute (932 results\2d\rem22\rem22.f) is added to declaration on line 924 of results\2d\rem22\rem22.f file
  attribute (969 results\2d\rem22\rem22.f) is added to declaration on line 924 of results\2d\rem22\rem22.f file
PROFILE: time for this pass = 0.001000 sec (total 0.010000 sec)
RUN PASS with name CHECK_PAR_REG_DIR
  Analyzing: results\2d\rem22\rem22.f
PROFILE: time for this pass = 0.000000 sec (total 0.011000 sec)
RUN PASS with name FILL_PARALLEL_REG_IR
  Analyzing: results\2d\rem22\rem22.f
PROFILE: time for this pass = 0.002000 sec (total 0.013000 sec)
RUN PASS with name GET_ALL_ARRAY_DECL
  Analyzing: results\2d\rem22\rem22.f
PROFILE: time for this pass = 0.008000 sec (total 0.022000 sec)
RUN PASS with name FILL_COMMON_BLOCKS
  Analyzing: results\2d\rem22\rem22.f
PROFILE: time for this pass = 0.001000 sec (total 0.023000 sec)
RUN PASS with name PARSE_OMP_DIRS
  Analyzing: results\2d\rem22\rem22.f
PROFILE: time for this pass = 0.001000 sec (total 0.024000 sec)
RUN PASS with name PREPROC_SPF
  Analyzing: results\2d\rem22\rem22.f
PROFILE: time for this pass = 0.001000 sec (total 0.025000 sec)
RUN PASS with name CREATE_INTER_TREE
  Analyzing: results\2d\rem22\rem22.f
PROFILE: time for this pass = 0.002000 sec (total 0.028000 sec)
RUN PASS with name GCOV_PARSER
  Analyzing: results\2d\rem22\rem22.f
   Error: unable to open file statistic.txt
PROFILE: time for this pass = 0.002000 sec (total 0.031000 sec)
RUN PASS with name VERIFY_FORMAT
  Analyzing: results\2d\rem22\rem22.f
PROFILE: time for this pass = 0.000000 sec (total 0.032000 sec)
RUN PASS with name VERIFY_DVM_DIRS
  Analyzing: results\2d\rem22\rem22.f
PROFILE: time for this pass = 0.000000 sec (total 0.033000 sec)
RUN PASS with name PRIVATE_CALL_GRAPH_STAGE1
  Analyzing: results\2d\rem22\rem22.f
PROFILE: time for this pass = 0.000000 sec (total 0.034000 sec)
RUN PASS with name PRIVATE_CALL_GRAPH_STAGE2
  Analyzing: results\2d\rem22\rem22.f
PROFILE: time for this pass = 0.000000 sec (total 0.035000 sec)
RUN PASS with name MACRO_EXPANSION
  Analyzing: results\2d\rem22\rem22.f
PROFILE: time for this pass = 0.000000 sec (total 0.036000 sec)
RUN PASS with name CONVERT_ASSIGN_TO_LOOP
  Analyzing: results\2d\rem22\rem22.f
PROFILE: time for this pass = 0.003000 sec (total 0.039000 sec)
RUN PASS with name DEF_USE_STAGE1
  Analyzing: results\2d\rem22\rem22.f
PROFILE: time for this pass = 0.006000 sec (total 0.045000 sec)
RUN PASS with name DEF_USE_STAGE2
  Analyzing: results\2d\rem22\rem22.f
PROFILE: time for this pass = 0.000000 sec (total 0.046000 sec)
RUN PASS with name VERIFY_COMMON
  Analyzing: results\2d\rem22\rem22.f
PROFILE: time for this pass = 0.000000 sec (total 0.047000 sec)
RUN PASS with name CALL_GRAPH_IR
  Analyzing: results\2d\rem22\rem22.f
PROFILE: time for this pass = 0.005000 sec (total 0.052000 sec)
RUN PASS with name BUILD_IR
  Analyzing: results\2d\rem22\rem22.f
  count of functions 24, count of lvls 3
     RD time for 'serial2' function is 0.000 sec, iters 4
     RD time for 'ansno' function is 0.000 sec, iters 1
     RD time for 'ansyes' function is 0.000 sec, iters 1

     RD time for 'rem2205' function is 0.000 sec, iters 4
     RD time for 'rem2203' function is 0.000 sec, iters 4
     RD time for 'rem2204' function is 0.000 sec, iters 4
     RD time for 'rem2201' function is 0.000 sec, iters 4
     RD time for 'rem2202' function is 0.000 sec, iters 4
     RD time for 'rem2213' function is 0.000 sec, iters 4
     RD time for 'rem2210' function is 0.000 sec, iters 4
     RD time for 'rem2206' function is 0.000 sec, iters 4
     RD time for 'rem2211' function is 0.000 sec, iters 4
     RD time for 'rem2217' function is 0.000 sec, iters 4
     RD time for 'rem2214' function is 0.000 sec, iters 4
     RD time for 'rem2216' function is 0.000 sec, iters 4
     RD time for 'rem2212' function is 0.000 sec, iters 4
     RD time for 'rem2220' function is 0.000 sec, iters 4
     RD time for 'rem2215' function is 0.000 sec, iters 4
     RD time for 'rem2219' function is 0.000 sec, iters 4
     RD time for 'rem2208' function is 0.000 sec, iters 4
     RD time for 'rem2207' function is 0.000 sec, iters 4
     RD time for 'rem2218' function is 0.000 sec, iters 4
     RD time for 'rem2209' function is 0.000 sec, iters 4

     RD time for 'rem22' function is 0.000 sec, iters 1

PROFILE: time for this pass = 0.009000 sec (total 0.062000 sec)
RUN PASS with name SUBST_EXPR_RD
  Analyzing: results\2d\rem22\rem22.f
PROFILE: time for this pass = 0.005000 sec (total 0.067000 sec)
RUN PASS with name LOOP_GRAPH
  Analyzing: results\2d\rem22\rem22.f
PROFILE: time for this pass = 0.002000 sec (total 0.070000 sec)
RUN PASS with name CALL_GRAPH
  Analyzing: results\2d\rem22\rem22.f
PROFILE: time for this pass = 0.007000 sec (total 0.078000 sec)
RUN PASS with name CALL_GRAPH2
  Analyzing: results\2d\rem22\rem22.f
  run for func rem22
  run for func rem2201
  run for func rem2202
  run for func rem2203
  run for func rem2204
  run for func rem2205
  run for func rem2206
  run for func rem2207
  run for func rem2208
  run for func rem2209
  run for func rem2210
  run for func rem2211
  run for func rem2212
  run for func rem2213
  run for func rem2214
  run for func rem2215
  run for func rem2216
  run for func rem2217
  run for func rem2218
  run for func rem2219
  run for func rem2220
  run for func serial2
  run for func ansyes
  run for func ansno
  added conflict messages to loop on line 232
  added conflict messages to loop on line 449
  added conflict messages to loop on line 498
PROFILE: time for this pass = 0.002000 sec (total 0.081000 sec)
RUN PASS with name GET_STATS_FOR_PREDICTOR
  Analyzing: results\2d\rem22\rem22.f
    PAR LOOP [73 results\2d\rem22\rem22.f] total exec 451, total exec lines 4, avg 1.1275000000000000e+02
    PAR LOOP [111 results\2d\rem22\rem22.f] total exec 451, total exec lines 4, avg 1.1275000000000000e+02
    PAR LOOP [148 results\2d\rem22\rem22.f] total exec 451, total exec lines 4, avg 1.1275000000000000e+02
    PAR LOOP [185 results\2d\rem22\rem22.f] total exec 451, total exec lines 4, avg 1.1275000000000000e+02
    PAR LOOP [224 results\2d\rem22\rem22.f] total exec 451, total exec lines 4, avg 1.1275000000000000e+02
    PAR LOOP [269 results\2d\rem22\rem22.f] total exec 451, total exec lines 4, avg 1.1275000000000000e+02
    PAR LOOP [313 results\2d\rem22\rem22.f] total exec 451, total exec lines 4, avg 1.1275000000000000e+02
    PAR LOOP [356 results\2d\rem22\rem22.f] total exec 451, total exec lines 4, avg 1.1275000000000000e+02
    PAR LOOP [398 results\2d\rem22\rem22.f] total exec 451, total exec lines 4, avg 1.1275000000000000e+02
    PAR LOOP [441 results\2d\rem22\rem22.f] total exec 451, total exec lines 4, avg 1.1275000000000000e+02
    PAR LOOP [486 results\2d\rem22\rem22.f] total exec 451, total exec lines 4, avg 1.1275000000000000e+02
    PAR LOOP [533 results\2d\rem22\rem22.f] total exec 451, total exec lines 4, avg 1.1275000000000000e+02
    PAR LOOP [540 results\2d\rem22\rem22.f] total exec 451, total exec lines 4, avg 1.1275000000000000e+02
    PAR LOOP [547 results\2d\rem22\rem22.f] total exec 594, total exec lines 7, avg 8.4857142857142861e+01
    PAR LOOP [585 results\2d\rem22\rem22.f] total exec 451, total exec lines 4, avg 1.1275000000000000e+02
    PAR LOOP [592 results\2d\rem22\rem22.f] total exec 451, total exec lines 4, avg 1.1275000000000000e+02
    PAR LOOP [599 results\2d\rem22\rem22.f] total exec 594, total exec lines 7, avg 8.4857142857142861e+01
    PAR LOOP [636 results\2d\rem22\rem22.f] total exec 451, total exec lines 4, avg 1.1275000000000000e+02
    PAR LOOP [643 results\2d\rem22\rem22.f] total exec 451, total exec lines 4, avg 1.1275000000000000e+02
    PAR LOOP [650 results\2d\rem22\rem22.f] total exec 594, total exec lines 7, avg 8.4857142857142861e+01
    PAR LOOP [688 results\2d\rem22\rem22.f] total exec 451, total exec lines 4, avg 1.1275000000000000e+02
    PAR LOOP [695 results\2d\rem22\rem22.f] total exec 451, total exec lines 4, avg 1.1275000000000000e+02
    PAR LOOP [702 results\2d\rem22\rem22.f] total exec 594, total exec lines 7, avg 8.4857142857142861e+01
    PAR LOOP [739 results\2d\rem22\rem22.f] total exec 451, total exec lines 4, avg 1.1275000000000000e+02
    PAR LOOP [747 results\2d\rem22\rem22.f] total exec 451, total exec lines 4, avg 1.1275000000000000e+02
    PAR LOOP [754 results\2d\rem22\rem22.f] total exec 594, total exec lines 7, avg 8.4857142857142861e+01
    PAR LOOP [791 results\2d\rem22\rem22.f] total exec 451, total exec lines 4, avg 1.1275000000000000e+02
    PAR LOOP [798 results\2d\rem22\rem22.f] total exec 34, total exec lines 2, avg 1.7000000000000000e+01
    PAR LOOP [803 results\2d\rem22\rem22.f] total exec 50, total exec lines 5, avg 1.0000000000000000e+01
    PAR LOOP [837 results\2d\rem22\rem22.f] total exec 451, total exec lines 4, avg 1.1275000000000000e+02
    PAR LOOP [844 results\2d\rem22\rem22.f] total exec 451, total exec lines 4, avg 1.1275000000000000e+02
    PAR LOOP [851 results\2d\rem22\rem22.f] total exec 594, total exec lines 7, avg 8.4857142857142861e+01
    PAR LOOP [889 results\2d\rem22\rem22.f] total exec 451, total exec lines 4, avg 1.1275000000000000e+02
    PAR LOOP [896 results\2d\rem22\rem22.f] total exec 451, total exec lines 4, avg 1.1275000000000000e+02
    PAR LOOP [903 results\2d\rem22\rem22.f] total exec 594, total exec lines 7, avg 8.4857142857142861e+01
    PAR LOOP [940 results\2d\rem22\rem22.f] total exec 451, total exec lines 4, avg 1.1275000000000000e+02
    PAR LOOP [947 results\2d\rem22\rem22.f] total exec 451, total exec lines 4, avg 1.1275000000000000e+02
    PAR LOOP [954 results\2d\rem22\rem22.f] total exec 594, total exec lines 7, avg 8.4857142857142861e+01
    average_parallel_exec 9.9794285714285721e+01
    parallel_rate 5.9919028340080971e-01
PROFILE: time for this pass = 0.040000 sec (total 0.121000 sec)

--------------------------------------------------
INFO.JSON file copied from ./info.json to ./results\2d\rem22\info.json

==================================================
Processing of rem22.f completed successfully at 2025-05-06 00:23:56
