=== Processing file: acr42.f ===
Date and time: 2025-04-23 11:58:03
Dimension: 4d
==================================================

Copied ./sources\4d\acr42.f to ./results\4d\acr42\acr42.f
Command: gfortran -O3 -g -fprofile-arcs -ftest-coverage "./results\4d\acr42\acr42.f" -o "./results\4d\acr42\acr42"
Output: 

--------------------------------------------------
Command: "./results\4d\acr42\acr42"
Output: 
 ===START OF ACR42========================
 ACR4201  -  complete
 ACR4202  -  complete
 ACR4203  -  complete
 ACR4204  -  complete
 ACR4205  -  complete
 ACR4206  -  complete
 ACR4207  -  complete
 ACR4208  -  complete
 ACR4209  -  complete
 === END OF ACR42 ========================= 

--------------------------------------------------
Command: gcov -b "./results\4d\acr42\acr42.f"
Output: 
File 'results/4d/acr42/acr42.f'
Lines executed:93.50% of 323
Branches executed:100.00% of 440
Taken at least once:83.64% of 440
Calls executed:37.38% of 107
Creating 'acr42.f.gcov'

Lines executed:93.50% of 323

--------------------------------------------------
GCOV file copied from ./acr42.f.gcov to ./results\4d\acr42\acr42.f.gcov
Command: "../SAPFOR/_bin/Release/Sapfor_F.exe" -parse -spf "./results\4d\acr42\acr42.f"
Output: 
SAPFOR version is 2410, build date: Apr 23 2025 11:52:44, c++ version 201703
  parse file './results\4d\acr42\acr42.f'
  options: -spf 
files compilation order:
  ./results\4d\acr42\acr42.f
Parsing was completed successfully

--------------------------------------------------
Command: "../SAPFOR/_bin/Release/Sapfor_F.exe" -passN GET_STATS_FOR_PREDICTOR -keepDVM
Output: 
SAPFOR version is 2410, build date: Apr 23 2025 11:52:44, c++ version 201703
code for pass GET_STATS_FOR_PREDICTOR is 79
RUN PASS with name VERIFY_FUNC_DECL
  Analyzing: results\4d\acr42\acr42.f
PROFILE: time for this pass = 0.001000 sec (total 0.005000 sec)
RUN PASS with name FILE_LINE_INFO
  Analyzing: results\4d\acr42\acr42.f
  All lines in project 881
PROFILE: time for this pass = 0.001000 sec (total 0.007000 sec)
RUN PASS with name BUILD_INCLUDE_DEPENDENCIES
  Analyzing: results\4d\acr42\acr42.f
PROFILE: time for this pass = 0.001000 sec (total 0.008000 sec)
RUN PASS with name CORRECT_VAR_DECL
  Analyzing: results\4d\acr42\acr42.f
PROFILE: time for this pass = 0.001000 sec (total 0.009000 sec)
RUN PASS with name VERIFY_OPERATORS
  Analyzing: results\4d\acr42\acr42.f
PROFILE: time for this pass = 0.001000 sec (total 0.010000 sec)
RUN PASS with name VERIFY_ENDDO
  Analyzing: results\4d\acr42\acr42.f
PROFILE: time for this pass = 0.001000 sec (total 0.012000 sec)
RUN PASS with name VERIFY_INCLUDES
  Analyzing: results\4d\acr42\acr42.f
PROFILE: time for this pass = 0.001000 sec (total 0.014000 sec)
RUN PASS with name PREPROC_ALLOCATES
  Analyzing: results\4d\acr42\acr42.f
  attribute (41 results\4d\acr42\acr42.f) is added to declaration on line 35 of results\4d\acr42\acr42.f file
  attribute (116 results\4d\acr42\acr42.f) is added to declaration on line 35 of results\4d\acr42\acr42.f file
  attribute (128 results\4d\acr42\acr42.f) is added to declaration on line 121 of results\4d\acr42\acr42.f file
  attribute (207 results\4d\acr42\acr42.f) is added to declaration on line 121 of results\4d\acr42\acr42.f file
  attribute (219 results\4d\acr42\acr42.f) is added to declaration on line 212 of results\4d\acr42\acr42.f file
  attribute (295 results\4d\acr42\acr42.f) is added to declaration on line 212 of results\4d\acr42\acr42.f file
  attribute (307 results\4d\acr42\acr42.f) is added to declaration on line 300 of results\4d\acr42\acr42.f file
  attribute (385 results\4d\acr42\acr42.f) is added to declaration on line 300 of results\4d\acr42\acr42.f file
  attribute (397 results\4d\acr42\acr42.f) is added to declaration on line 390 of results\4d\acr42\acr42.f file
  attribute (477 results\4d\acr42\acr42.f) is added to declaration on line 390 of results\4d\acr42\acr42.f file
  attribute (489 results\4d\acr42\acr42.f) is added to declaration on line 482 of results\4d\acr42\acr42.f file
  attribute (581 results\4d\acr42\acr42.f) is added to declaration on line 482 of results\4d\acr42\acr42.f file
  attribute (593 results\4d\acr42\acr42.f) is added to declaration on line 586 of results\4d\acr42\acr42.f file
  attribute (677 results\4d\acr42\acr42.f) is added to declaration on line 586 of results\4d\acr42\acr42.f file
  attribute (689 results\4d\acr42\acr42.f) is added to declaration on line 682 of results\4d\acr42\acr42.f file
  attribute (769 results\4d\acr42\acr42.f) is added to declaration on line 682 of results\4d\acr42\acr42.f file
  attribute (781 results\4d\acr42\acr42.f) is added to declaration on line 774 of results\4d\acr42\acr42.f file
  attribute (857 results\4d\acr42\acr42.f) is added to declaration on line 774 of results\4d\acr42\acr42.f file
PROFILE: time for this pass = 0.001000 sec (total 0.016000 sec)
RUN PASS with name CHECK_PAR_REG_DIR
  Analyzing: results\4d\acr42\acr42.f
PROFILE: time for this pass = 0.001000 sec (total 0.017000 sec)
RUN PASS with name FILL_PARALLEL_REG_IR
  Analyzing: results\4d\acr42\acr42.f
PROFILE: time for this pass = 0.002000 sec (total 0.020000 sec)
RUN PASS with name GET_ALL_ARRAY_DECL
  Analyzing: results\4d\acr42\acr42.f
PROFILE: time for this pass = 0.008000 sec (total 0.028000 sec)
RUN PASS with name FILL_COMMON_BLOCKS
  Analyzing: results\4d\acr42\acr42.f
PROFILE: time for this pass = 0.001000 sec (total 0.030000 sec)
RUN PASS with name PARSE_OMP_DIRS
  Analyzing: results\4d\acr42\acr42.f
PROFILE: time for this pass = 0.001000 sec (total 0.032000 sec)
RUN PASS with name PREPROC_SPF
  Analyzing: results\4d\acr42\acr42.f
PROFILE: time for this pass = 0.001000 sec (total 0.033000 sec)
RUN PASS with name CREATE_INTER_TREE
  Analyzing: results\4d\acr42\acr42.f
PROFILE: time for this pass = 0.004000 sec (total 0.037000 sec)
RUN PASS with name GCOV_PARSER
  Analyzing: results\4d\acr42\acr42.f
   Error: unable to open file statistic.txt
PROFILE: time for this pass = 0.003000 sec (total 0.041000 sec)
RUN PASS with name VERIFY_FORMAT
  Analyzing: results\4d\acr42\acr42.f
PROFILE: time for this pass = 0.001000 sec (total 0.042000 sec)
RUN PASS with name VERIFY_DVM_DIRS
  Analyzing: results\4d\acr42\acr42.f
PROFILE: time for this pass = 0.000000 sec (total 0.043000 sec)
RUN PASS with name PRIVATE_CALL_GRAPH_STAGE1
  Analyzing: results\4d\acr42\acr42.f
PROFILE: time for this pass = 0.001000 sec (total 0.044000 sec)
RUN PASS with name PRIVATE_CALL_GRAPH_STAGE2
  Analyzing: results\4d\acr42\acr42.f
PROFILE: time for this pass = 0.001000 sec (total 0.045000 sec)
RUN PASS with name MACRO_EXPANSION
  Analyzing: results\4d\acr42\acr42.f
PROFILE: time for this pass = 0.001000 sec (total 0.046000 sec)
RUN PASS with name CONVERT_ASSIGN_TO_LOOP
  Analyzing: results\4d\acr42\acr42.f
PROFILE: time for this pass = 0.001000 sec (total 0.048000 sec)
RUN PASS with name DEF_USE_STAGE1
  Analyzing: results\4d\acr42\acr42.f
PROFILE: time for this pass = 0.006000 sec (total 0.055000 sec)
RUN PASS with name DEF_USE_STAGE2
  Analyzing: results\4d\acr42\acr42.f
PROFILE: time for this pass = 0.001000 sec (total 0.056000 sec)
RUN PASS with name VERIFY_COMMON
  Analyzing: results\4d\acr42\acr42.f
PROFILE: time for this pass = 0.001000 sec (total 0.058000 sec)
RUN PASS with name CALL_GRAPH_IR
  Analyzing: results\4d\acr42\acr42.f
PROFILE: time for this pass = 0.005000 sec (total 0.063000 sec)
RUN PASS with name BUILD_IR
  Analyzing: results\4d\acr42\acr42.f
  count of functions 13, count of lvls 3
     RD time for 'ansno' function is 0.000 sec, iters 1
     RD time for 'serial4' function is 0.000 sec, iters 6
     RD time for 'ansyes' function is 0.000 sec, iters 1

     RD time for 'acr4202' function is 0.001 sec, iters 6
     RD time for 'acr4208' function is 0.001 sec, iters 6
     RD time for 'acr4209' function is 0.001 sec, iters 6
     RD time for 'acr4206' function is 0.001 sec, iters 6
     RD time for 'acr4207' function is 0.001 sec, iters 6
     RD time for 'acr4204' function is 0.001 sec, iters 6
     RD time for 'acr4205' function is 0.001 sec, iters 6
     RD time for 'acr4203' function is 0.001 sec, iters 6
     RD time for 'acr4201' function is 0.001 sec, iters 6

     RD time for 'acr42' function is 0.000 sec, iters 1

PROFILE: time for this pass = 0.020000 sec (total 0.084000 sec)
RUN PASS with name SUBST_EXPR_RD
  Analyzing: results\4d\acr42\acr42.f
PROFILE: time for this pass = 0.008000 sec (total 0.093000 sec)
RUN PASS with name LOOP_GRAPH
  Analyzing: results\4d\acr42\acr42.f
PROFILE: time for this pass = 0.008000 sec (total 0.102000 sec)
RUN PASS with name CALL_GRAPH
  Analyzing: results\4d\acr42\acr42.f
PROFILE: time for this pass = 0.009000 sec (total 0.112000 sec)
RUN PASS with name CALL_GRAPH2
  Analyzing: results\4d\acr42\acr42.f
  run for func acr42
  run for func acr4201
  run for func acr4202
  run for func acr4203
  run for func acr4204
  run for func acr4205
  run for func acr4206
  run for func acr4207
  run for func acr4208
  run for func acr4209
  run for func serial4
  run for func ansyes
  run for func ansno
PROFILE: time for this pass = 0.004000 sec (total 0.116000 sec)
RUN PASS with name GET_STATS_FOR_PREDICTOR
  Analyzing: results\4d\acr42\acr42.f
    PAR LOOP [66 results\4d\acr42\acr42.f] total exec 27563, total exec lines 8, avg 3.4453750000000000e+03
    PAR LOOP [78 results\4d\acr42\acr42.f] total exec 10401, total exec lines 8, avg 1.3001250000000000e+03
    PAR LOOP [94 results\4d\acr42\acr42.f] total exec 13638, total exec lines 13, avg 1.0490769230769231e+03
    PAR LOOP [156 results\4d\acr42\acr42.f] total exec 30547, total exec lines 8, avg 3.8183750000000000e+03
    PAR LOOP [166 results\4d\acr42\acr42.f] total exec 3615, total exec lines 8, avg 4.5187500000000000e+02
    PAR LOOP [185 results\4d\acr42\acr42.f] total exec 4572, total exec lines 13, avg 3.5169230769230768e+02
    PAR LOOP [244 results\4d\acr42\acr42.f] total exec 27563, total exec lines 8, avg 3.4453750000000000e+03
    PAR LOOP [256 results\4d\acr42\acr42.f] total exec 2743, total exec lines 8, avg 3.4287500000000000e+02
    PAR LOOP [272 results\4d\acr42\acr42.f] total exec 3572, total exec lines 13, avg 2.7476923076923077e+02
    PAR LOOP [333 results\4d\acr42\acr42.f] total exec 27563, total exec lines 8, avg 3.4453750000000000e+03
    PAR LOOP [345 results\4d\acr42\acr42.f] total exec 2743, total exec lines 8, avg 3.4287500000000000e+02
    PAR LOOP [362 results\4d\acr42\acr42.f] total exec 3572, total exec lines 13, avg 2.7476923076923077e+02
    PAR LOOP [424 results\4d\acr42\acr42.f] total exec 218707, total exec lines 8, avg 2.7338375000000000e+04
    PAR LOOP [436 results\4d\acr42\acr42.f] total exec 71775, total exec lines 8, avg 8.9718750000000000e+03
    PAR LOOP [454 results\4d\acr42\acr42.f] total exec 94236, total exec lines 13, avg 7.2489230769230771e+03
    PAR LOOP [522 results\4d\acr42\acr42.f] total exec 415315, total exec lines 8, avg 5.1914375000000000e+04
    PAR LOOP [534 results\4d\acr42\acr42.f] total exec 83653, total exec lines 8, avg 1.0456625000000000e+04
    PAR LOOP [558 results\4d\acr42\acr42.f] total exec 110650, total exec lines 13, avg 8.5115384615384610e+03
    PAR LOOP [622 results\4d\acr42\acr42.f] total exec 218707, total exec lines 8, avg 2.7338375000000000e+04
    PAR LOOP [634 results\4d\acr42\acr42.f] total exec 35653, total exec lines 8, avg 4.4566250000000000e+03
    PAR LOOP [654 results\4d\acr42\acr42.f] total exec 46650, total exec lines 13, avg 3.5884615384615386e+03
    PAR LOOP [716 results\4d\acr42\acr42.f] total exec 218707, total exec lines 8, avg 2.7338375000000000e+04
    PAR LOOP [728 results\4d\acr42\acr42.f] total exec 35653, total exec lines 8, avg 4.4566250000000000e+03
    PAR LOOP [746 results\4d\acr42\acr42.f] total exec 46650, total exec lines 13, avg 3.5884615384615386e+03
    PAR LOOP [806 results\4d\acr42\acr42.f] total exec 16492275, total exec lines 8, avg 2.0615343750000000e+06
    PAR LOOP [818 results\4d\acr42\acr42.f] total exec 1462997, total exec lines 8, avg 1.8287462500000000e+05
    PAR LOOP [834 results\4d\acr42\acr42.f] total exec 1937546, total exec lines 13, avg 1.4904200000000000e+05
    average_parallel_exec 8.2939716475095789e+04
    parallel_rate 5.2697965372796218e-01
PROFILE: time for this pass = 0.072000 sec (total 0.188000 sec)

--------------------------------------------------
INFO.JSON file copied from ./info.json to ./results\4d\acr42\info.json

==================================================
Processing of acr42.f completed successfully at 2025-04-23 11:58:05
