=== Processing file: distrmult2.f ===
Date and time: 2025-05-06 00:23:13
Dimension: 2d
==================================================

Copied ./sources\2d\distrmult2.f to ./results\2d\distrmult2\distrmult2.f
Command: gfortran -O3 -g -fprofile-arcs -ftest-coverage "./results\2d\distrmult2\distrmult2.f" -o "./results\2d\distrmult2\distrmult2"
Output: 

--------------------------------------------------
Command: "./results\2d\distrmult2\distrmult2"
Output: 
 ===START OF distrmult2========================
 distrm24    -  complete
 distrm25    -  complete
 distrm26    -  complete
 distrm27    -  complete
 distrm28    -  complete
 distrm29    -  complete
 distrm210   -  complete
 distrm32    -  complete
 distrm33    -  complete
 distrm34    -  complete
 distrm35    -  complete
 distrm36    -  complete
 distrm37    -  complete
 distrm38    -  complete
 distrm41    -  complete
 distrm42    -  complete
 === END OF distrmult2 ========================= 

--------------------------------------------------
Command: gcov -b "./results\2d\distrmult2\distrmult2.f"
Output: 
File 'results/2d/distrmult2/distrmult2.f'
Lines executed:88.14% of 295
Branches executed:100.00% of 332
Taken at least once:80.72% of 332
Calls executed:46.39% of 97
Creating 'distrmult2.f.gcov'

Lines executed:88.14% of 295

--------------------------------------------------
GCOV file copied from ./distrmult2.f.gcov to ./results\2d\distrmult2\distrmult2.f.gcov
Command: "../SAPFOR/_bin/Release/Sapfor_F.exe" -parse -spf "./results\2d\distrmult2\distrmult2.f"
Output: 
SAPFOR version is 2410, build date: Apr 23 2025 11:52:44, c++ version 201703
  parse file './results\2d\distrmult2\distrmult2.f'
  options: -spf 
files compilation order:
  ./results\2d\distrmult2\distrmult2.f
Parsing was completed successfully

--------------------------------------------------
Command: "../SAPFOR/_bin/Release/Sapfor_F.exe" -passN GET_STATS_FOR_PREDICTOR -keepDVM
Output: 
SAPFOR version is 2410, build date: Apr 23 2025 11:52:44, c++ version 201703
code for pass GET_STATS_FOR_PREDICTOR is 79
RUN PASS with name VERIFY_FUNC_DECL
  Analyzing: results\2d\distrmult2\distrmult2.f
PROFILE: time for this pass = 0.000000 sec (total 0.003000 sec)
RUN PASS with name FILE_LINE_INFO
  Analyzing: results\2d\distrmult2\distrmult2.f
  All lines in project 996
PROFILE: time for this pass = 0.000000 sec (total 0.003000 sec)
RUN PASS with name BUILD_INCLUDE_DEPENDENCIES
  Analyzing: results\2d\distrmult2\distrmult2.f
PROFILE: time for this pass = 0.000000 sec (total 0.004000 sec)
RUN PASS with name CORRECT_VAR_DECL
  Analyzing: results\2d\distrmult2\distrmult2.f
PROFILE: time for this pass = 0.000000 sec (total 0.005000 sec)
RUN PASS with name VERIFY_OPERATORS
  Analyzing: results\2d\distrmult2\distrmult2.f
PROFILE: time for this pass = 0.000000 sec (total 0.005000 sec)
RUN PASS with name VERIFY_ENDDO
  Analyzing: results\2d\distrmult2\distrmult2.f
PROFILE: time for this pass = 0.000000 sec (total 0.006000 sec)
RUN PASS with name VERIFY_INCLUDES
  Analyzing: results\2d\distrmult2\distrmult2.f
PROFILE: time for this pass = 0.000000 sec (total 0.007000 sec)
RUN PASS with name PREPROC_ALLOCATES
  Analyzing: results\2d\distrmult2\distrmult2.f
  attribute (90 results\2d\distrmult2\distrmult2.f) is added to declaration on line 84 of results\2d\distrmult2\distrmult2.f file
  attribute (128 results\2d\distrmult2\distrmult2.f) is added to declaration on line 84 of results\2d\distrmult2\distrmult2.f file
  attribute (146 results\2d\distrmult2\distrmult2.f) is added to declaration on line 140 of results\2d\distrmult2\distrmult2.f file
  attribute (185 results\2d\distrmult2\distrmult2.f) is added to declaration on line 140 of results\2d\distrmult2\distrmult2.f file
  attribute (204 results\2d\distrmult2\distrmult2.f) is added to declaration on line 198 of results\2d\distrmult2\distrmult2.f file
  attribute (238 results\2d\distrmult2\distrmult2.f) is added to declaration on line 198 of results\2d\distrmult2\distrmult2.f file
  attribute (256 results\2d\distrmult2\distrmult2.f) is added to declaration on line 250 of results\2d\distrmult2\distrmult2.f file
  attribute (290 results\2d\distrmult2\distrmult2.f) is added to declaration on line 250 of results\2d\distrmult2\distrmult2.f file
  attribute (308 results\2d\distrmult2\distrmult2.f) is added to declaration on line 302 of results\2d\distrmult2\distrmult2.f file
  attribute (342 results\2d\distrmult2\distrmult2.f) is added to declaration on line 302 of results\2d\distrmult2\distrmult2.f file
  attribute (361 results\2d\distrmult2\distrmult2.f) is added to declaration on line 355 of results\2d\distrmult2\distrmult2.f file
  attribute (399 results\2d\distrmult2\distrmult2.f) is added to declaration on line 355 of results\2d\distrmult2\distrmult2.f file
  attribute (418 results\2d\distrmult2\distrmult2.f) is added to declaration on line 412 of results\2d\distrmult2\distrmult2.f file
  attribute (452 results\2d\distrmult2\distrmult2.f) is added to declaration on line 412 of results\2d\distrmult2\distrmult2.f file
  attribute (471 results\2d\distrmult2\distrmult2.f) is added to declaration on line 465 of results\2d\distrmult2\distrmult2.f file
  attribute (509 results\2d\distrmult2\distrmult2.f) is added to declaration on line 465 of results\2d\distrmult2\distrmult2.f file
  attribute (528 results\2d\distrmult2\distrmult2.f) is added to declaration on line 522 of results\2d\distrmult2\distrmult2.f file
  attribute (566 results\2d\distrmult2\distrmult2.f) is added to declaration on line 522 of results\2d\distrmult2\distrmult2.f file
  attribute (585 results\2d\distrmult2\distrmult2.f) is added to declaration on line 579 of results\2d\distrmult2\distrmult2.f file
  attribute (627 results\2d\distrmult2\distrmult2.f) is added to declaration on line 579 of results\2d\distrmult2\distrmult2.f file
  attribute (646 results\2d\distrmult2\distrmult2.f) is added to declaration on line 640 of results\2d\distrmult2\distrmult2.f file
  attribute (684 results\2d\distrmult2\distrmult2.f) is added to declaration on line 640 of results\2d\distrmult2\distrmult2.f file
  attribute (703 results\2d\distrmult2\distrmult2.f) is added to declaration on line 697 of results\2d\distrmult2\distrmult2.f file
  attribute (745 results\2d\distrmult2\distrmult2.f) is added to declaration on line 697 of results\2d\distrmult2\distrmult2.f file
  attribute (764 results\2d\distrmult2\distrmult2.f) is added to declaration on line 758 of results\2d\distrmult2\distrmult2.f file
  attribute (802 results\2d\distrmult2\distrmult2.f) is added to declaration on line 758 of results\2d\distrmult2\distrmult2.f file
  attribute (820 results\2d\distrmult2\distrmult2.f) is added to declaration on line 814 of results\2d\distrmult2\distrmult2.f file
  attribute (858 results\2d\distrmult2\distrmult2.f) is added to declaration on line 814 of results\2d\distrmult2\distrmult2.f file
  attribute (876 results\2d\distrmult2\distrmult2.f) is added to declaration on line 870 of results\2d\distrmult2\distrmult2.f file
  attribute (918 results\2d\distrmult2\distrmult2.f) is added to declaration on line 870 of results\2d\distrmult2\distrmult2.f file
  attribute (937 results\2d\distrmult2\distrmult2.f) is added to declaration on line 931 of results\2d\distrmult2\distrmult2.f file
  attribute (983 results\2d\distrmult2\distrmult2.f) is added to declaration on line 931 of results\2d\distrmult2\distrmult2.f file
PROFILE: time for this pass = 0.000000 sec (total 0.008000 sec)
RUN PASS with name CHECK_PAR_REG_DIR
  Analyzing: results\2d\distrmult2\distrmult2.f
PROFILE: time for this pass = 0.000000 sec (total 0.008000 sec)
RUN PASS with name FILL_PARALLEL_REG_IR
  Analyzing: results\2d\distrmult2\distrmult2.f
PROFILE: time for this pass = 0.000000 sec (total 0.009000 sec)
RUN PASS with name GET_ALL_ARRAY_DECL
  Analyzing: results\2d\distrmult2\distrmult2.f
PROFILE: time for this pass = 0.003000 sec (total 0.012000 sec)
RUN PASS with name FILL_COMMON_BLOCKS
  Analyzing: results\2d\distrmult2\distrmult2.f
PROFILE: time for this pass = 0.000000 sec (total 0.013000 sec)
RUN PASS with name PARSE_OMP_DIRS
  Analyzing: results\2d\distrmult2\distrmult2.f
PROFILE: time for this pass = 0.000000 sec (total 0.014000 sec)
RUN PASS with name PREPROC_SPF
  Analyzing: results\2d\distrmult2\distrmult2.f
PROFILE: time for this pass = 0.000000 sec (total 0.015000 sec)
RUN PASS with name CREATE_INTER_TREE
  Analyzing: results\2d\distrmult2\distrmult2.f
PROFILE: time for this pass = 0.004000 sec (total 0.019000 sec)
RUN PASS with name GCOV_PARSER
  Analyzing: results\2d\distrmult2\distrmult2.f
   Error: unable to open file statistic.txt
PROFILE: time for this pass = 0.002000 sec (total 0.021000 sec)
RUN PASS with name VERIFY_FORMAT
  Analyzing: results\2d\distrmult2\distrmult2.f
PROFILE: time for this pass = 0.000000 sec (total 0.021000 sec)
RUN PASS with name VERIFY_DVM_DIRS
  Analyzing: results\2d\distrmult2\distrmult2.f
PROFILE: time for this pass = 0.000000 sec (total 0.022000 sec)
RUN PASS with name PRIVATE_CALL_GRAPH_STAGE1
  Analyzing: results\2d\distrmult2\distrmult2.f
PROFILE: time for this pass = 0.000000 sec (total 0.023000 sec)
RUN PASS with name PRIVATE_CALL_GRAPH_STAGE2
  Analyzing: results\2d\distrmult2\distrmult2.f
PROFILE: time for this pass = 0.000000 sec (total 0.023000 sec)
RUN PASS with name MACRO_EXPANSION
  Analyzing: results\2d\distrmult2\distrmult2.f
PROFILE: time for this pass = 0.000000 sec (total 0.024000 sec)
RUN PASS with name CONVERT_ASSIGN_TO_LOOP
  Analyzing: results\2d\distrmult2\distrmult2.f
was on line 92 file results\2d\distrmult2\distrmult2.f
      a2 = 4
      do  i_1 = 0,11
         do  i_0 = 0,14
            a2(i_0 + 1,i_1 + 1) = 4
         enddo  
      enddo  
was on line 148 file results\2d\distrmult2\distrmult2.f
      a2 = 5
      do  i_3 = 0,7
         do  i_2 = 0,17
            a2(i_2 + 1,i_3 + 1) = 5
         enddo  
      enddo  
was on line 363 file results\2d\distrmult2\distrmult2.f
      a2 = (-(1))
      do  i_5 = 0,59
         do  i_4 = 0,29
            a2(i_4 + 1,i_5 + 1) = (-(1))
         enddo  
      enddo  
was on line 587 file results\2d\distrmult2\distrmult2.f
      a3 = 3
      do  i_8 = 0,7
         do  i_7 = 0,7
            do  i_6 = 0,7
               a3(i_6 + 1,i_7 + 1,i_8 + 1) = 3
            enddo  
         enddo  
      enddo  
was on line 705 file results\2d\distrmult2\distrmult2.f
      a3 = 10
      do  i_11 = 0,34
         do  i_10 = 0,11
            do  i_9 = 0,120
               a3(i_9 + 1,i_10 + 1,i_11 + 1) = 10
            enddo  
         enddo  
      enddo  
was on line 939 file results\2d\distrmult2\distrmult2.f
      a4 = 6
      do  i_15 = 0,20
         do  i_14 = 0,26
            do  i_13 = 0,24
               do  i_12 = 0,27
                  a4(i_12 + 1,i_13 + 1,i_14 + 1,i_15 + 1) = 6
               enddo  
            enddo  
         enddo  
      enddo  
PROFILE: time for this pass = 0.003000 sec (total 0.027000 sec)
RUN PASS with name DEF_USE_STAGE1
  Analyzing: results\2d\distrmult2\distrmult2.f
PROFILE: time for this pass = 0.002000 sec (total 0.029000 sec)
RUN PASS with name DEF_USE_STAGE2
  Analyzing: results\2d\distrmult2\distrmult2.f
PROFILE: time for this pass = 0.000000 sec (total 0.030000 sec)
RUN PASS with name VERIFY_COMMON
  Analyzing: results\2d\distrmult2\distrmult2.f
PROFILE: time for this pass = 0.000000 sec (total 0.031000 sec)
RUN PASS with name CALL_GRAPH_IR
  Analyzing: results\2d\distrmult2\distrmult2.f
PROFILE: time for this pass = 0.001000 sec (total 0.032000 sec)
RUN PASS with name BUILD_IR
  Analyzing: results\2d\distrmult2\distrmult2.f
  count of functions 19, count of lvls 3
     RD time for 'ansyes' function is 0.000 sec, iters 1
     RD time for 'ansno' function is 0.000 sec, iters 1

     RD time for 'distrm25' function is 0.000 sec, iters 4
     RD time for 'distrm32' function is 0.000 sec, iters 5
     RD time for 'distrm33' function is 0.000 sec, iters 5
     RD time for 'distrm34' function is 0.000 sec, iters 5
     RD time for 'distrm28' function is 0.000 sec, iters 4
     RD time for 'distrm26' function is 0.000 sec, iters 4
     RD time for 'distrm27' function is 0.000 sec, iters 4
     RD time for 'distrm24' function is 0.000 sec, iters 4
     RD time for 'distrm210' function is 0.000 sec, iters 4
     RD time for 'distrm29' function is 0.000 sec, iters 4
     RD time for 'distrm42' function is 0.001 sec, iters 6
     RD time for 'distrm41' function is 0.000 sec, iters 6
     RD time for 'distrm36' function is 0.000 sec, iters 5
     RD time for 'distrm35' function is 0.000 sec, iters 5
     RD time for 'distrm37' function is 0.000 sec, iters 5
     RD time for 'distrm38' function is 0.000 sec, iters 5

     RD time for 'distrm2' function is 0.000 sec, iters 1

PROFILE: time for this pass = 0.009000 sec (total 0.042000 sec)
RUN PASS with name SUBST_EXPR_RD
  Analyzing: results\2d\distrmult2\distrmult2.f
PROFILE: time for this pass = 0.003000 sec (total 0.045000 sec)
RUN PASS with name LOOP_GRAPH
  Analyzing: results\2d\distrmult2\distrmult2.f
PROFILE: time for this pass = 0.002000 sec (total 0.048000 sec)
RUN PASS with name CALL_GRAPH
  Analyzing: results\2d\distrmult2\distrmult2.f
PROFILE: time for this pass = 0.003000 sec (total 0.051000 sec)
RUN PASS with name CALL_GRAPH2
  Analyzing: results\2d\distrmult2\distrmult2.f
  run for func distrm2
  run for func distrm24
  run for func distrm25
  run for func distrm26
  run for func distrm27
  run for func distrm28
  run for func distrm29
  run for func distrm210
  run for func distrm32
  run for func distrm33
  run for func distrm34
  run for func distrm35
  run for func distrm36
  run for func distrm37
  run for func distrm38
  run for func distrm41
  run for func distrm42
  run for func ansyes
  run for func ansno
PROFILE: time for this pass = 0.001000 sec (total 0.053000 sec)
RUN PASS with name GET_STATS_FOR_PREDICTOR
  Analyzing: results\2d\distrmult2\distrmult2.f
    PAR LOOP [98 results\2d\distrmult2\distrmult2.f] total exec 603, total exec lines 4, avg 1.5075000000000000e+02
    PAR LOOP [111 results\2d\distrmult2\distrmult2.f] total exec 798, total exec lines 6, avg 1.3300000000000000e+02
    PAR LOOP [154 results\2d\distrmult2\distrmult2.f] total exec 507, total exec lines 4, avg 1.2675000000000000e+02
    PAR LOOP [167 results\2d\distrmult2\distrmult2.f] total exec 813, total exec lines 7, avg 1.1614285714285714e+02
    PAR LOOP [208 results\2d\distrmult2\distrmult2.f] total exec 1963, total exec lines 4, avg 4.9075000000000000e+02
    PAR LOOP [221 results\2d\distrmult2\distrmult2.f] total exec 2600, total exec lines 6, avg 4.3333333333333331e+02
    PAR LOOP [260 results\2d\distrmult2\distrmult2.f] total exec 1571, total exec lines 4, avg 3.9275000000000000e+02
    PAR LOOP [273 results\2d\distrmult2\distrmult2.f] total exec 2091, total exec lines 6, avg 3.4850000000000000e+02
    PAR LOOP [312 results\2d\distrmult2\distrmult2.f] total exec 1283, total exec lines 4, avg 3.2075000000000000e+02
    PAR LOOP [325 results\2d\distrmult2\distrmult2.f] total exec 1703, total exec lines 6, avg 2.8383333333333331e+02
    PAR LOOP [369 results\2d\distrmult2\distrmult2.f] total exec 5523, total exec lines 4, avg 1.3807500000000000e+03
    PAR LOOP [382 results\2d\distrmult2\distrmult2.f] total exec 7353, total exec lines 6, avg 1.2255000000000000e+03
    PAR LOOP [422 results\2d\distrmult2\distrmult2.f] total exec 1827, total exec lines 4, avg 4.5675000000000000e+02
    PAR LOOP [435 results\2d\distrmult2\distrmult2.f] total exec 2427, total exec lines 6, avg 4.0450000000000000e+02
    PAR LOOP [475 results\2d\distrmult2\distrmult2.f] total exec 5651, total exec lines 6, avg 9.4183333333333337e+02
    PAR LOOP [490 results\2d\distrmult2\distrmult2.f] total exec 7379, total exec lines 8, avg 9.2237500000000000e+02
    PAR LOOP [532 results\2d\distrmult2\distrmult2.f] total exec 7507, total exec lines 6, avg 1.2511666666666667e+03
    PAR LOOP [547 results\2d\distrmult2\distrmult2.f] total exec 9811, total exec lines 8, avg 1.2263750000000000e+03
    PAR LOOP [593 results\2d\distrmult2\distrmult2.f] total exec 1899, total exec lines 6, avg 3.1650000000000000e+02
    PAR LOOP [608 results\2d\distrmult2\distrmult2.f] total exec 2475, total exec lines 8, avg 3.0937500000000000e+02
    PAR LOOP [650 results\2d\distrmult2\distrmult2.f] total exec 60069, total exec lines 6, avg 1.0011500000000000e+04
    PAR LOOP [665 results\2d\distrmult2\distrmult2.f] total exec 79725, total exec lines 8, avg 9.9656250000000000e+03
    PAR LOOP [711 results\2d\distrmult2\distrmult2.f] total exec 160328, total exec lines 6, avg 2.6721333333333332e+04
    PAR LOOP [726 results\2d\distrmult2\distrmult2.f] total exec 212600, total exec lines 8, avg 2.6575000000000000e+04
    PAR LOOP [768 results\2d\distrmult2\distrmult2.f] total exec 6539, total exec lines 6, avg 1.0898333333333333e+03
    PAR LOOP [783 results\2d\distrmult2\distrmult2.f] total exec 8555, total exec lines 8, avg 1.0693750000000000e+03
    PAR LOOP [824 results\2d\distrmult2\distrmult2.f] total exec 190253, total exec lines 6, avg 3.1708833333333332e+04
    PAR LOOP [839 results\2d\distrmult2\distrmult2.f] total exec 252253, total exec lines 8, avg 3.1531625000000000e+04
    PAR LOOP [880 results\2d\distrmult2\distrmult2.f] total exec 218707, total exec lines 8, avg 2.7338375000000000e+04
    PAR LOOP [897 results\2d\distrmult2\distrmult2.f] total exec 288339, total exec lines 10, avg 2.8833900000000001e+04
    PAR LOOP [945 results\2d\distrmult2\distrmult2.f] total exec 1289543, total exec lines 8, avg 1.6119287500000000e+05
    PAR LOOP [962 results\2d\distrmult2\distrmult2.f] total exec 1705343, total exec lines 10, avg 1.7053429999999999e+05
    average_parallel_exec 2.2136770731707318e+04
    parallel_rate 9.0673314655346382e-01
PROFILE: time for this pass = 0.022000 sec (total 0.076000 sec)

--------------------------------------------------
INFO.JSON file copied from ./info.json to ./results\2d\distrmult2\info.json

==================================================
Processing of distrmult2.f completed successfully at 2025-05-06 00:23:14
