=== Processing file: jac2d.f ===
Date and time: 2025-05-06 00:23:36
Dimension: 2d
==================================================

Copied ./sources\2d\jac2d.f to ./results\2d\jac2d\jac2d.f
Command: gfortran -O3 -g -fprofile-arcs -ftest-coverage "./results\2d\jac2d\jac2d.f" -o "./results\2d\jac2d\jac2d"
Output: 

--------------------------------------------------
Command: "./results\2d\jac2d\jac2d"
Output: 
 IT =    1   EPS =  0.1599900E+05
 IT =    2   EPS =  0.8000000E+04
 IT =    3   EPS =  0.2999875E+04
 IT =    4   EPS =  0.1999875E+04
 IT =    5   EPS =  0.1374867E+04
 IT =    6   EPS =  0.1249891E+04
 IT =    7   EPS =  0.9569170E+03
 IT =    8   EPS =  0.8202246E+03
 IT =    9   EPS =  0.7176758E+03
 IT =   10   EPS =  0.6561484E+03
 IT =   11   EPS =  0.5651494E+03
 IT =   12   EPS =  0.5437324E+03
 IT =   13   EPS =  0.4724502E+03
 IT =   14   EPS =  0.4522090E+03
 IT =   15   EPS =  0.4118887E+03
 IT =   16   EPS =  0.3796016E+03
 IT =   17   EPS =  0.3592363E+03
 IT =   18   EPS =  0.3427510E+03
 IT =   19   EPS =  0.3159482E+03
 IT =   20   EPS =  0.3094590E+03
 IT =   21   EPS =  0.2855518E+03
 IT =   22   EPS =  0.2793975E+03
 IT =   23   EPS =  0.2603662E+03
 IT =   24   EPS =  0.2526719E+03
 IT =   25   EPS =  0.2401152E+03
 IT =   26   EPS =  0.2290781E+03
 IT =   27   EPS =  0.2214736E+03
 IT =   28   EPS =  0.2141865E+03
 IT =   29   EPS =  0.2044756E+03
 IT =   30   EPS =  0.2008477E+03
 IT =   31   EPS =  0.1908281E+03
 IT =   32   EPS =  0.1882734E+03
 IT =   33   EPS =  0.1789834E+03
 IT =   34   EPS =  0.1765264E+03
 IT =   35   EPS =  0.1687559E+03
 IT =   36   EPS =  0.1656133E+03
 IT =   37   EPS =  0.1599678E+03
 IT =   38   EPS =  0.1555078E+03
 IT =   39   EPS =  0.1516348E+03
 IT =   40   EPS =  0.1475713E+03
 IT =   41   EPS =  0.1437744E+03
 IT =   42   EPS =  0.1411914E+03
 IT =   43   EPS =  0.1363828E+03
 IT =   44   EPS =  0.1350479E+03
 IT =   45   EPS =  0.1303750E+03
 IT =   46   EPS =  0.1291631E+03
 IT =   47   EPS =  0.1247275E+03
 IT =   48   EPS =  0.1235479E+03
 IT =   49   EPS =  0.1195410E+03
 IT =   50   EPS =  0.1182041E+03
 IT =   51   EPS =  0.1150850E+03
 IT =   52   EPS =  0.1131299E+03
 IT =   53   EPS =  0.1107900E+03
 IT =   54   EPS =  0.1083193E+03
 IT =   55   EPS =  0.1066621E+03
 IT =   56   EPS =  0.1047891E+03
 IT =   57   EPS =  0.1027021E+03
 IT =   58   EPS =  0.1014443E+03
 IT =   59   EPS =  0.9891113E+02
 IT =   60   EPS =  0.9819336E+02
 IT =   61   EPS =  0.9569336E+02
 IT =   62   EPS =  0.9504492E+02
 IT =   63   EPS =  0.9263867E+02
 IT =   64   EPS =  0.9200098E+02
 IT =   65   EPS =  0.8968652E+02
 IT =   66   EPS =  0.8906445E+02
 IT =   67   EPS =  0.8710742E+02
 IT =   68   EPS =  0.8623145E+02
 IT =   69   EPS =  0.8466602E+02
 IT =   70   EPS =  0.8350488E+02
 IT =   71   EPS =  0.8229297E+02
 IT =   72   EPS =  0.8090039E+02
 IT =   73   EPS =  0.7998926E+02
 IT =   74   EPS =  0.7892773E+02
 IT =   75   EPS =  0.7775488E+02
 IT =   76   EPS =  0.7699512E+02
 IT =   77   EPS =  0.7559277E+02
 IT =   78   EPS =  0.7510449E+02
 IT =   79   EPS =  0.7363867E+02
 IT =   80   EPS =  0.7325879E+02
 IT =   81   EPS =  0.7183398E+02
 IT =   82   EPS =  0.7145996E+02
 IT =   83   EPS =  0.7007617E+02
 IT =   84   EPS =  0.6970605E+02
 IT =   85   EPS =  0.6837402E+02
 IT =   86   EPS =  0.6800000E+02
 IT =   87   EPS =  0.6688281E+02
 IT =   88   EPS =  0.6634180E+02
 IT =   89   EPS =  0.6542383E+02
 IT =   90   EPS =  0.6473047E+02
 IT =   91   EPS =  0.6399609E+02
 IT =   92   EPS =  0.6316504E+02
 IT =   93   EPS =  0.6259961E+02
 IT =   94   EPS =  0.6190820E+02
 IT =   95   EPS =  0.6123730E+02
 IT =   96   EPS =  0.6070996E+02
 IT =   97   EPS =  0.5990723E+02
 IT =   98   EPS =  0.5953125E+02
 IT =   99   EPS =  0.5861426E+02
 IT =  100   EPS =  0.5837598E+02
 Jacobi2D Benchmark Completed.
 Size            =      8000 x   8000
 Iterations      =                100
 Time in seconds =               0.00
 Operation type  =     floating point
 Verification    =         SUCCESSFUL
 END OF Jacobi2D Benchmark

--------------------------------------------------
Command: gcov -b "./results\2d\jac2d\jac2d.f"
Output: 
File 'results/2d/jac2d/jac2d.f'
Lines executed:96.77% of 31
Branches executed:100.00% of 22
Taken at least once:90.91% of 22
Calls executed:90.62% of 32
Creating 'jac2d.f.gcov'

Lines executed:96.77% of 31

--------------------------------------------------
GCOV file copied from ./jac2d.f.gcov to ./results\2d\jac2d\jac2d.f.gcov
Command: "../SAPFOR/_bin/Release/Sapfor_F.exe" -parse -spf "./results\2d\jac2d\jac2d.f"
Output: 
SAPFOR version is 2410, build date: Apr 23 2025 11:52:44, c++ version 201703
  parse file './results\2d\jac2d\jac2d.f'
  options: -spf 
files compilation order:
  ./results\2d\jac2d\jac2d.f
Parsing was completed successfully

--------------------------------------------------
Command: "../SAPFOR/_bin/Release/Sapfor_F.exe" -passN GET_STATS_FOR_PREDICTOR -keepDVM
Output: 
SAPFOR version is 2410, build date: Apr 23 2025 11:52:44, c++ version 201703
code for pass GET_STATS_FOR_PREDICTOR is 79
RUN PASS with name VERIFY_FUNC_DECL
  Analyzing: results\2d\jac2d\jac2d.f
PROFILE: time for this pass = 0.000000 sec (total 0.001000 sec)
RUN PASS with name FILE_LINE_INFO
  Analyzing: results\2d\jac2d\jac2d.f
  All lines in project 71
PROFILE: time for this pass = 0.000000 sec (total 0.001000 sec)
RUN PASS with name BUILD_INCLUDE_DEPENDENCIES
  Analyzing: results\2d\jac2d\jac2d.f
PROFILE: time for this pass = 0.000000 sec (total 0.001000 sec)
RUN PASS with name CORRECT_VAR_DECL
  Analyzing: results\2d\jac2d\jac2d.f
PROFILE: time for this pass = 0.000000 sec (total 0.002000 sec)
RUN PASS with name VERIFY_OPERATORS
  Analyzing: results\2d\jac2d\jac2d.f
PROFILE: time for this pass = 0.000000 sec (total 0.002000 sec)
RUN PASS with name VERIFY_ENDDO
  Analyzing: results\2d\jac2d\jac2d.f
PROFILE: time for this pass = 0.000000 sec (total 0.002000 sec)
RUN PASS with name VERIFY_INCLUDES
  Analyzing: results\2d\jac2d\jac2d.f
PROFILE: time for this pass = 0.000000 sec (total 0.002000 sec)
RUN PASS with name PREPROC_ALLOCATES
  Analyzing: results\2d\jac2d\jac2d.f
PROFILE: time for this pass = 0.000000 sec (total 0.002000 sec)
RUN PASS with name CHECK_PAR_REG_DIR
  Analyzing: results\2d\jac2d\jac2d.f
PROFILE: time for this pass = 0.000000 sec (total 0.002000 sec)
RUN PASS with name FILL_PARALLEL_REG_IR
  Analyzing: results\2d\jac2d\jac2d.f
PROFILE: time for this pass = 0.000000 sec (total 0.003000 sec)
RUN PASS with name GET_ALL_ARRAY_DECL
  Analyzing: results\2d\jac2d\jac2d.f
PROFILE: time for this pass = 0.000000 sec (total 0.003000 sec)
RUN PASS with name FILL_COMMON_BLOCKS
  Analyzing: results\2d\jac2d\jac2d.f
PROFILE: time for this pass = 0.000000 sec (total 0.003000 sec)
RUN PASS with name PARSE_OMP_DIRS
  Analyzing: results\2d\jac2d\jac2d.f
PROFILE: time for this pass = 0.000000 sec (total 0.004000 sec)
RUN PASS with name PREPROC_SPF
  Analyzing: results\2d\jac2d\jac2d.f
PROFILE: time for this pass = 0.000000 sec (total 0.004000 sec)
RUN PASS with name CREATE_INTER_TREE
  Analyzing: results\2d\jac2d\jac2d.f
PROFILE: time for this pass = 0.000000 sec (total 0.005000 sec)
RUN PASS with name GCOV_PARSER
  Analyzing: results\2d\jac2d\jac2d.f
   Error: unable to open file statistic.txt
PROFILE: time for this pass = 0.000000 sec (total 0.005000 sec)
RUN PASS with name VERIFY_FORMAT
  Analyzing: results\2d\jac2d\jac2d.f
PROFILE: time for this pass = 0.000000 sec (total 0.005000 sec)
RUN PASS with name VERIFY_DVM_DIRS
  Analyzing: results\2d\jac2d\jac2d.f
PROFILE: time for this pass = 0.000000 sec (total 0.006000 sec)
RUN PASS with name PRIVATE_CALL_GRAPH_STAGE1
  Analyzing: results\2d\jac2d\jac2d.f
PROFILE: time for this pass = 0.000000 sec (total 0.006000 sec)
RUN PASS with name PRIVATE_CALL_GRAPH_STAGE2
  Analyzing: results\2d\jac2d\jac2d.f
PROFILE: time for this pass = 0.000000 sec (total 0.006000 sec)
RUN PASS with name MACRO_EXPANSION
  Analyzing: results\2d\jac2d\jac2d.f
PROFILE: time for this pass = 0.000000 sec (total 0.006000 sec)
RUN PASS with name CONVERT_ASSIGN_TO_LOOP
  Analyzing: results\2d\jac2d\jac2d.f
PROFILE: time for this pass = 0.000000 sec (total 0.006000 sec)
RUN PASS with name DEF_USE_STAGE1
  Analyzing: results\2d\jac2d\jac2d.f
PROFILE: time for this pass = 0.000000 sec (total 0.007000 sec)
RUN PASS with name DEF_USE_STAGE2
  Analyzing: results\2d\jac2d\jac2d.f
PROFILE: time for this pass = 0.000000 sec (total 0.007000 sec)
RUN PASS with name VERIFY_COMMON
  Analyzing: results\2d\jac2d\jac2d.f
PROFILE: time for this pass = 0.000000 sec (total 0.007000 sec)
RUN PASS with name CALL_GRAPH_IR
  Analyzing: results\2d\jac2d\jac2d.f
PROFILE: time for this pass = 0.000000 sec (total 0.007000 sec)
RUN PASS with name BUILD_IR
  Analyzing: results\2d\jac2d\jac2d.f
  count of functions 1, count of lvls 1
     RD time for 'jac2d' function is 0.000 sec, iters 5

PROFILE: time for this pass = 0.001000 sec (total 0.008000 sec)
RUN PASS with name SUBST_EXPR_RD
  Analyzing: results\2d\jac2d\jac2d.f
PROFILE: time for this pass = 0.000000 sec (total 0.009000 sec)
RUN PASS with name LOOP_GRAPH
  Analyzing: results\2d\jac2d\jac2d.f
PROFILE: time for this pass = 0.000000 sec (total 0.009000 sec)
RUN PASS with name CALL_GRAPH
  Analyzing: results\2d\jac2d\jac2d.f
PROFILE: time for this pass = 0.000000 sec (total 0.010000 sec)
RUN PASS with name CALL_GRAPH2
  Analyzing: results\2d\jac2d\jac2d.f
  run for func jac2d
  added conflict messages to loop on line 27
PROFILE: time for this pass = 0.000000 sec (total 0.010000 sec)
RUN PASS with name GET_STATS_FOR_PREDICTOR
  Analyzing: results\2d\jac2d\jac2d.f
    PAR LOOP [14 results\2d\jac2d\jac2d.f] total exec 448048003, total exec lines 9, avg 4.9783111444444448e+07
    PAR LOOP [33 results\2d\jac2d\jac2d.f] total exec 25590401100, total exec lines 5, avg 5.1180802200000000e+09
    PAR LOOP [42 results\2d\jac2d\jac2d.f] total exec 19193600700, total exec lines 4, avg 4.7984001750000000e+09
    average_parallel_exec 2.5128916557222223e+09
    parallel_rate 9.9996444209769009e-01
PROFILE: time for this pass = 0.001000 sec (total 0.012000 sec)

--------------------------------------------------
INFO.JSON file copied from ./info.json to ./results\2d\jac2d\info.json

==================================================
Processing of jac2d.f completed successfully at 2025-05-06 00:23:42
