=== Processing file: sh22.f ===
Date and time: 2025-05-06 00:24:03
Dimension: 2d
==================================================

Copied ./sources\2d\sh22.f to ./results\2d\sh22\sh22.f
Command: gfortran -O3 -g -fprofile-arcs -ftest-coverage "./results\2d\sh22\sh22.f" -o "./results\2d\sh22\sh22"
Output: 

--------------------------------------------------
Command: "./results\2d\sh22\sh22"
Output: 
 ===START OF SH22========================
 SH2201  -  complete
 SH2202  -  complete
 SH2203  -  complete
 SH2204  -  complete
 SH2205  -  complete
 SH2206  -  complete
 SH2207  -  complete
 SH2208  -  complete
 SH2209  -  complete
 SH2210  -  complete
 SH2211  -  complete
 SH2212  -  complete
 SH2213  -  complete
 SH2214  -  complete
 SH2215  -  complete
 SH2216  -  complete
 SH2217  -  complete
 SH2218  -  complete
 SH2219  -  complete
 SH2220  -  complete
 === END OF SH22 ========================= 

--------------------------------------------------
Command: gcov -b "./results\2d\sh22\sh22.f"
Output: 
File 'results/2d/sh22/sh22.f'
Lines executed:90.53% of 475
Branches executed:99.38% of 644
Taken at least once:74.53% of 644
Calls executed:26.90% of 197
Creating 'sh22.f.gcov'

Lines executed:90.53% of 475

--------------------------------------------------
GCOV file copied from ./sh22.f.gcov to ./results\2d\sh22\sh22.f.gcov
Command: "../SAPFOR/_bin/Release/Sapfor_F.exe" -parse -spf "./results\2d\sh22\sh22.f"
Output: 
SAPFOR version is 2410, build date: Apr 23 2025 11:52:44, c++ version 201703
  parse file './results\2d\sh22\sh22.f'
  options: -spf 
files compilation order:
  ./results\2d\sh22\sh22.f
Parsing was completed successfully

--------------------------------------------------
Command: "../SAPFOR/_bin/Release/Sapfor_F.exe" -passN GET_STATS_FOR_PREDICTOR -keepDVM
Output: 
SAPFOR version is 2410, build date: Apr 23 2025 11:52:44, c++ version 201703
code for pass GET_STATS_FOR_PREDICTOR is 79
RUN PASS with name VERIFY_FUNC_DECL
  Analyzing: results\2d\sh22\sh22.f
PROFILE: time for this pass = 0.001000 sec (total 0.005000 sec)
RUN PASS with name FILE_LINE_INFO
  Analyzing: results\2d\sh22\sh22.f
  All lines in project 1221
PROFILE: time for this pass = 0.001000 sec (total 0.006000 sec)
RUN PASS with name BUILD_INCLUDE_DEPENDENCIES
  Analyzing: results\2d\sh22\sh22.f
PROFILE: time for this pass = 0.001000 sec (total 0.008000 sec)
RUN PASS with name CORRECT_VAR_DECL
  Analyzing: results\2d\sh22\sh22.f
PROFILE: time for this pass = 0.001000 sec (total 0.009000 sec)
RUN PASS with name VERIFY_OPERATORS
  Analyzing: results\2d\sh22\sh22.f
PROFILE: time for this pass = 0.001000 sec (total 0.010000 sec)
RUN PASS with name VERIFY_ENDDO
  Analyzing: results\2d\sh22\sh22.f
PROFILE: time for this pass = 0.001000 sec (total 0.012000 sec)
RUN PASS with name VERIFY_INCLUDES
  Analyzing: results\2d\sh22\sh22.f
PROFILE: time for this pass = 0.001000 sec (total 0.013000 sec)
RUN PASS with name PREPROC_ALLOCATES
  Analyzing: results\2d\sh22\sh22.f
  attribute (67 results\2d\sh22\sh22.f) is added to declaration on line 59 of results\2d\sh22\sh22.f file
  attribute (110 results\2d\sh22\sh22.f) is added to declaration on line 59 of results\2d\sh22\sh22.f file
  attribute (124 results\2d\sh22\sh22.f) is added to declaration on line 117 of results\2d\sh22\sh22.f file
  attribute (165 results\2d\sh22\sh22.f) is added to declaration on line 117 of results\2d\sh22\sh22.f file
  attribute (179 results\2d\sh22\sh22.f) is added to declaration on line 172 of results\2d\sh22\sh22.f file
  attribute (220 results\2d\sh22\sh22.f) is added to declaration on line 172 of results\2d\sh22\sh22.f file
  attribute (236 results\2d\sh22\sh22.f) is added to declaration on line 228 of results\2d\sh22\sh22.f file
  attribute (277 results\2d\sh22\sh22.f) is added to declaration on line 228 of results\2d\sh22\sh22.f file
  attribute (293 results\2d\sh22\sh22.f) is added to declaration on line 285 of results\2d\sh22\sh22.f file
  attribute (334 results\2d\sh22\sh22.f) is added to declaration on line 285 of results\2d\sh22\sh22.f file
  attribute (351 results\2d\sh22\sh22.f) is added to declaration on line 343 of results\2d\sh22\sh22.f file
  attribute (392 results\2d\sh22\sh22.f) is added to declaration on line 343 of results\2d\sh22\sh22.f file
  attribute (408 results\2d\sh22\sh22.f) is added to declaration on line 400 of results\2d\sh22\sh22.f file
  attribute (449 results\2d\sh22\sh22.f) is added to declaration on line 400 of results\2d\sh22\sh22.f file
  attribute (465 results\2d\sh22\sh22.f) is added to declaration on line 457 of results\2d\sh22\sh22.f file
  attribute (508 results\2d\sh22\sh22.f) is added to declaration on line 457 of results\2d\sh22\sh22.f file
  attribute (525 results\2d\sh22\sh22.f) is added to declaration on line 517 of results\2d\sh22\sh22.f file
  attribute (566 results\2d\sh22\sh22.f) is added to declaration on line 517 of results\2d\sh22\sh22.f file
  attribute (582 results\2d\sh22\sh22.f) is added to declaration on line 574 of results\2d\sh22\sh22.f file
  attribute (623 results\2d\sh22\sh22.f) is added to declaration on line 574 of results\2d\sh22\sh22.f file
  attribute (639 results\2d\sh22\sh22.f) is added to declaration on line 631 of results\2d\sh22\sh22.f file
  attribute (680 results\2d\sh22\sh22.f) is added to declaration on line 631 of results\2d\sh22\sh22.f file
  attribute (696 results\2d\sh22\sh22.f) is added to declaration on line 688 of results\2d\sh22\sh22.f file
  attribute (737 results\2d\sh22\sh22.f) is added to declaration on line 688 of results\2d\sh22\sh22.f file
  attribute (753 results\2d\sh22\sh22.f) is added to declaration on line 745 of results\2d\sh22\sh22.f file
  attribute (794 results\2d\sh22\sh22.f) is added to declaration on line 745 of results\2d\sh22\sh22.f file
  attribute (810 results\2d\sh22\sh22.f) is added to declaration on line 802 of results\2d\sh22\sh22.f file
  attribute (851 results\2d\sh22\sh22.f) is added to declaration on line 802 of results\2d\sh22\sh22.f file
  attribute (867 results\2d\sh22\sh22.f) is added to declaration on line 859 of results\2d\sh22\sh22.f file
  attribute (910 results\2d\sh22\sh22.f) is added to declaration on line 859 of results\2d\sh22\sh22.f file
  attribute (926 results\2d\sh22\sh22.f) is added to declaration on line 918 of results\2d\sh22\sh22.f file
  attribute (967 results\2d\sh22\sh22.f) is added to declaration on line 918 of results\2d\sh22\sh22.f file
  attribute (983 results\2d\sh22\sh22.f) is added to declaration on line 975 of results\2d\sh22\sh22.f file
  attribute (1024 results\2d\sh22\sh22.f) is added to declaration on line 975 of results\2d\sh22\sh22.f file
  attribute (1040 results\2d\sh22\sh22.f) is added to declaration on line 1032 of results\2d\sh22\sh22.f file
  attribute (1081 results\2d\sh22\sh22.f) is added to declaration on line 1032 of results\2d\sh22\sh22.f file
  attribute (1097 results\2d\sh22\sh22.f) is added to declaration on line 1089 of results\2d\sh22\sh22.f file
  attribute (1138 results\2d\sh22\sh22.f) is added to declaration on line 1089 of results\2d\sh22\sh22.f file
  attribute (1154 results\2d\sh22\sh22.f) is added to declaration on line 1146 of results\2d\sh22\sh22.f file
  attribute (1199 results\2d\sh22\sh22.f) is added to declaration on line 1146 of results\2d\sh22\sh22.f file
PROFILE: time for this pass = 0.002000 sec (total 0.015000 sec)
RUN PASS with name CHECK_PAR_REG_DIR
  Analyzing: results\2d\sh22\sh22.f
PROFILE: time for this pass = 0.001000 sec (total 0.017000 sec)
RUN PASS with name FILL_PARALLEL_REG_IR
  Analyzing: results\2d\sh22\sh22.f
PROFILE: time for this pass = 0.003000 sec (total 0.020000 sec)
RUN PASS with name GET_ALL_ARRAY_DECL
  Analyzing: results\2d\sh22\sh22.f
PROFILE: time for this pass = 0.008000 sec (total 0.029000 sec)
RUN PASS with name FILL_COMMON_BLOCKS
  Analyzing: results\2d\sh22\sh22.f
PROFILE: time for this pass = 0.001000 sec (total 0.030000 sec)
RUN PASS with name PARSE_OMP_DIRS
  Analyzing: results\2d\sh22\sh22.f
PROFILE: time for this pass = 0.001000 sec (total 0.031000 sec)
RUN PASS with name PREPROC_SPF
  Analyzing: results\2d\sh22\sh22.f
PROFILE: time for this pass = 0.001000 sec (total 0.033000 sec)
RUN PASS with name CREATE_INTER_TREE
  Analyzing: results\2d\sh22\sh22.f
PROFILE: time for this pass = 0.003000 sec (total 0.037000 sec)
RUN PASS with name GCOV_PARSER
  Analyzing: results\2d\sh22\sh22.f
   Error: unable to open file statistic.txt
PROFILE: time for this pass = 0.003000 sec (total 0.040000 sec)
RUN PASS with name VERIFY_FORMAT
  Analyzing: results\2d\sh22\sh22.f
PROFILE: time for this pass = 0.001000 sec (total 0.041000 sec)
RUN PASS with name VERIFY_DVM_DIRS
  Analyzing: results\2d\sh22\sh22.f
PROFILE: time for this pass = 0.000000 sec (total 0.042000 sec)
RUN PASS with name PRIVATE_CALL_GRAPH_STAGE1
  Analyzing: results\2d\sh22\sh22.f
PROFILE: time for this pass = 0.001000 sec (total 0.043000 sec)
RUN PASS with name PRIVATE_CALL_GRAPH_STAGE2
  Analyzing: results\2d\sh22\sh22.f
PROFILE: time for this pass = 0.001000 sec (total 0.044000 sec)
RUN PASS with name MACRO_EXPANSION
  Analyzing: results\2d\sh22\sh22.f
PROFILE: time for this pass = 0.001000 sec (total 0.045000 sec)
RUN PASS with name CONVERT_ASSIGN_TO_LOOP
  Analyzing: results\2d\sh22\sh22.f
PROFILE: time for this pass = 0.004000 sec (total 0.050000 sec)
RUN PASS with name DEF_USE_STAGE1
  Analyzing: results\2d\sh22\sh22.f
PROFILE: time for this pass = 0.006000 sec (total 0.057000 sec)
RUN PASS with name DEF_USE_STAGE2
  Analyzing: results\2d\sh22\sh22.f
PROFILE: time for this pass = 0.001000 sec (total 0.058000 sec)
RUN PASS with name VERIFY_COMMON
  Analyzing: results\2d\sh22\sh22.f
PROFILE: time for this pass = 0.000000 sec (total 0.059000 sec)
RUN PASS with name CALL_GRAPH_IR
  Analyzing: results\2d\sh22\sh22.f
PROFILE: time for this pass = 0.006000 sec (total 0.065000 sec)
RUN PASS with name BUILD_IR
  Analyzing: results\2d\sh22\sh22.f
  count of functions 24, count of lvls 3
     RD time for 'ansno' function is 0.000 sec, iters 1
     RD time for 'ansyes' function is 0.000 sec, iters 1
     RD time for 'serial2' function is 0.000 sec, iters 4

     RD time for 'sh2209' function is 0.000 sec, iters 4
     RD time for 'sh2217' function is 0.000 sec, iters 4
     RD time for 'sh2215' function is 0.000 sec, iters 4
     RD time for 'sh2218' function is 0.000 sec, iters 4
     RD time for 'sh2210' function is 0.000 sec, iters 4
     RD time for 'sh2220' function is 0.000 sec, iters 4
     RD time for 'sh2207' function is 0.000 sec, iters 4
     RD time for 'sh2214' function is 0.000 sec, iters 4
     RD time for 'sh2219' function is 0.000 sec, iters 4
     RD time for 'sh2213' function is 0.000 sec, iters 4
     RD time for 'sh2206' function is 0.000 sec, iters 4
     RD time for 'sh2211' function is 0.000 sec, iters 4
     RD time for 'sh2208' function is 0.000 sec, iters 4
     RD time for 'sh2216' function is 0.000 sec, iters 4
     RD time for 'sh2212' function is 0.000 sec, iters 4
     RD time for 'sh2201' function is 0.000 sec, iters 4
     RD time for 'sh2203' function is 0.000 sec, iters 4
     RD time for 'sh2202' function is 0.000 sec, iters 4
     RD time for 'sh2204' function is 0.000 sec, iters 4
     RD time for 'sh2205' function is 0.000 sec, iters 4

     RD time for 'sh22' function is 0.000 sec, iters 1

PROFILE: time for this pass = 0.013000 sec (total 0.078000 sec)
RUN PASS with name SUBST_EXPR_RD
  Analyzing: results\2d\sh22\sh22.f
PROFILE: time for this pass = 0.007000 sec (total 0.086000 sec)
RUN PASS with name LOOP_GRAPH
  Analyzing: results\2d\sh22\sh22.f
PROFILE: time for this pass = 0.006000 sec (total 0.092000 sec)
RUN PASS with name CALL_GRAPH
  Analyzing: results\2d\sh22\sh22.f
PROFILE: time for this pass = 0.009000 sec (total 0.102000 sec)
RUN PASS with name CALL_GRAPH2
  Analyzing: results\2d\sh22\sh22.f
  run for func sh22
  run for func sh2201
  run for func sh2202
  run for func sh2203
  run for func sh2204
  run for func sh2205
  run for func sh2206
  run for func sh2207
  run for func sh2208
  run for func sh2209
  run for func sh2210
  run for func sh2211
  run for func sh2212
  run for func sh2213
  run for func sh2214
  run for func sh2215
  run for func sh2216
  run for func sh2217
  run for func sh2218
  run for func sh2219
  run for func sh2220
  run for func serial2
  run for func ansyes
  run for func ansno
PROFILE: time for this pass = 0.003000 sec (total 0.106000 sec)
RUN PASS with name GET_STATS_FOR_PREDICTOR
  Analyzing: results\2d\sh22\sh22.f
    PAR LOOP [76 results\2d\sh22\sh22.f] total exec 451, total exec lines 4, avg 1.1275000000000000e+02
    PAR LOOP [83 results\2d\sh22\sh22.f] total exec 311, total exec lines 4, avg 7.7750000000000000e+01
    PAR LOOP [92 results\2d\sh22\sh22.f] total exec 492, total exec lines 8, avg 6.1500000000000000e+01
    PAR LOOP [133 results\2d\sh22\sh22.f] total exec 451, total exec lines 4, avg 1.1275000000000000e+02
    PAR LOOP [140 results\2d\sh22\sh22.f] total exec 311, total exec lines 4, avg 7.7750000000000000e+01
    PAR LOOP [148 results\2d\sh22\sh22.f] total exec 492, total exec lines 8, avg 6.1500000000000000e+01
    PAR LOOP [188 results\2d\sh22\sh22.f] total exec 451, total exec lines 4, avg 1.1275000000000000e+02
    PAR LOOP [195 results\2d\sh22\sh22.f] total exec 311, total exec lines 4, avg 7.7750000000000000e+01
    PAR LOOP [203 results\2d\sh22\sh22.f] total exec 492, total exec lines 8, avg 6.1500000000000000e+01
    PAR LOOP [245 results\2d\sh22\sh22.f] total exec 451, total exec lines 4, avg 1.1275000000000000e+02
    PAR LOOP [252 results\2d\sh22\sh22.f] total exec 311, total exec lines 4, avg 7.7750000000000000e+01
    PAR LOOP [260 results\2d\sh22\sh22.f] total exec 492, total exec lines 8, avg 6.1500000000000000e+01
    PAR LOOP [302 results\2d\sh22\sh22.f] total exec 451, total exec lines 4, avg 1.1275000000000000e+02
    PAR LOOP [309 results\2d\sh22\sh22.f] total exec 311, total exec lines 4, avg 7.7750000000000000e+01
    PAR LOOP [317 results\2d\sh22\sh22.f] total exec 492, total exec lines 8, avg 6.1500000000000000e+01
    PAR LOOP [360 results\2d\sh22\sh22.f] total exec 451, total exec lines 4, avg 1.1275000000000000e+02
    PAR LOOP [367 results\2d\sh22\sh22.f] total exec 311, total exec lines 4, avg 7.7750000000000000e+01
    PAR LOOP [375 results\2d\sh22\sh22.f] total exec 492, total exec lines 8, avg 6.1500000000000000e+01
    PAR LOOP [417 results\2d\sh22\sh22.f] total exec 451, total exec lines 4, avg 1.1275000000000000e+02
    PAR LOOP [424 results\2d\sh22\sh22.f] total exec 311, total exec lines 4, avg 7.7750000000000000e+01
    PAR LOOP [432 results\2d\sh22\sh22.f] total exec 492, total exec lines 8, avg 6.1500000000000000e+01
    PAR LOOP [474 results\2d\sh22\sh22.f] total exec 883, total exec lines 4, avg 2.2075000000000000e+02
    PAR LOOP [481 results\2d\sh22\sh22.f] total exec 519, total exec lines 4, avg 1.2975000000000000e+02
    PAR LOOP [490 results\2d\sh22\sh22.f] total exec 842, total exec lines 8, avg 1.0525000000000000e+02
    PAR LOOP [534 results\2d\sh22\sh22.f] total exec 883, total exec lines 4, avg 2.2075000000000000e+02
    PAR LOOP [541 results\2d\sh22\sh22.f] total exec 519, total exec lines 4, avg 1.2975000000000000e+02
    PAR LOOP [549 results\2d\sh22\sh22.f] total exec 842, total exec lines 8, avg 1.0525000000000000e+02
    PAR LOOP [591 results\2d\sh22\sh22.f] total exec 883, total exec lines 4, avg 2.2075000000000000e+02
    PAR LOOP [598 results\2d\sh22\sh22.f] total exec 519, total exec lines 4, avg 1.2975000000000000e+02
    PAR LOOP [606 results\2d\sh22\sh22.f] total exec 842, total exec lines 8, avg 1.0525000000000000e+02
    PAR LOOP [648 results\2d\sh22\sh22.f] total exec 883, total exec lines 4, avg 2.2075000000000000e+02
    PAR LOOP [655 results\2d\sh22\sh22.f] total exec 519, total exec lines 4, avg 1.2975000000000000e+02
    PAR LOOP [663 results\2d\sh22\sh22.f] total exec 842, total exec lines 8, avg 1.0525000000000000e+02
    PAR LOOP [705 results\2d\sh22\sh22.f] total exec 883, total exec lines 4, avg 2.2075000000000000e+02
    PAR LOOP [712 results\2d\sh22\sh22.f] total exec 519, total exec lines 4, avg 1.2975000000000000e+02
    PAR LOOP [720 results\2d\sh22\sh22.f] total exec 842, total exec lines 8, avg 1.0525000000000000e+02
    PAR LOOP [762 results\2d\sh22\sh22.f] total exec 883, total exec lines 4, avg 2.2075000000000000e+02
    PAR LOOP [769 results\2d\sh22\sh22.f] total exec 519, total exec lines 4, avg 1.2975000000000000e+02
    PAR LOOP [777 results\2d\sh22\sh22.f] total exec 842, total exec lines 8, avg 1.0525000000000000e+02
    PAR LOOP [819 results\2d\sh22\sh22.f] total exec 883, total exec lines 4, avg 2.2075000000000000e+02
    PAR LOOP [826 results\2d\sh22\sh22.f] total exec 519, total exec lines 4, avg 1.2975000000000000e+02
    PAR LOOP [834 results\2d\sh22\sh22.f] total exec 842, total exec lines 8, avg 1.0525000000000000e+02
    PAR LOOP [876 results\2d\sh22\sh22.f] total exec 3203, total exec lines 4, avg 8.0075000000000000e+02
    PAR LOOP [883 results\2d\sh22\sh22.f] total exec 2135, total exec lines 4, avg 5.3375000000000000e+02
    PAR LOOP [892 results\2d\sh22\sh22.f] total exec 3512, total exec lines 8, avg 4.3900000000000000e+02
    PAR LOOP [935 results\2d\sh22\sh22.f] total exec 3203, total exec lines 4, avg 8.0075000000000000e+02
    PAR LOOP [942 results\2d\sh22\sh22.f] total exec 2467, total exec lines 4, avg 6.1675000000000000e+02
    PAR LOOP [950 results\2d\sh22\sh22.f] total exec 4062, total exec lines 8, avg 5.0775000000000000e+02
    PAR LOOP [992 results\2d\sh22\sh22.f] total exec 3203, total exec lines 4, avg 8.0075000000000000e+02
    PAR LOOP [999 results\2d\sh22\sh22.f] total exec 2467, total exec lines 4, avg 6.1675000000000000e+02
    PAR LOOP [1007 results\2d\sh22\sh22.f] total exec 4062, total exec lines 8, avg 5.0775000000000000e+02
    PAR LOOP [1049 results\2d\sh22\sh22.f] total exec 3203, total exec lines 4, avg 8.0075000000000000e+02
    PAR LOOP [1056 results\2d\sh22\sh22.f] total exec 2135, total exec lines 4, avg 5.3375000000000000e+02
    PAR LOOP [1064 results\2d\sh22\sh22.f] total exec 3512, total exec lines 8, avg 4.3900000000000000e+02
    PAR LOOP [1106 results\2d\sh22\sh22.f] total exec 3203, total exec lines 4, avg 8.0075000000000000e+02
    PAR LOOP [1113 results\2d\sh22\sh22.f] total exec 2135, total exec lines 4, avg 5.3375000000000000e+02
    PAR LOOP [1121 results\2d\sh22\sh22.f] total exec 3512, total exec lines 8, avg 4.3900000000000000e+02
    PAR LOOP [1163 results\2d\sh22\sh22.f] total exec 693123, total exec lines 4, avg 1.7328075000000000e+05
    PAR LOOP [1170 results\2d\sh22\sh22.f] total exec 631127, total exec lines 4, avg 1.5778175000000000e+05
    PAR LOOP [1180 results\2d\sh22\sh22.f] total exec 1051112, total exec lines 8, avg 1.3138900000000000e+05
    average_parallel_exec 7.6433187500000004e+03
    parallel_rate 7.7166169654000938e-01
PROFILE: time for this pass = 0.109000 sec (total 0.216000 sec)

--------------------------------------------------
INFO.JSON file copied from ./info.json to ./results\2d\sh22\info.json

==================================================
Processing of sh22.f completed successfully at 2025-05-06 00:24:05
