=== Processing file: rem42.f ===
Date and time: 2025-05-06 00:27:01
Dimension: 4d
==================================================

Copied ./sources\4d\rem42.f to ./results\4d\rem42\rem42.f
Command: gfortran -O3 -g -fprofile-arcs -ftest-coverage "./results\4d\rem42\rem42.f" -o "./results\4d\rem42\rem42"
Output: 

--------------------------------------------------
Command: "./results\4d\rem42\rem42"
Output: 
 ===START OF REM42========================
 REM4201  -  complete
 REM4202  -  complete
 REM4203  -  complete
 REM4204  -  complete
 REM4205  -  complete
 REM4206  -  complete
 REM4207  -  complete
 REM4208  -  complete
 REM4209  -  complete
 REM4210  -  complete
 REM4211  -  complete
 REM4212  -  complete
 REM4213  -  complete
 REM4214  -  complete
 === END OF REM42 ========================= 

--------------------------------------------------
Command: gcov -b "./results\4d\rem42\rem42.f"
Output: 
File 'results/4d/rem42/rem42.f'
Lines executed:89.39% of 424
Branches executed:100.00% of 514
Taken at least once:75.68% of 514
Calls executed:31.25% of 176
Creating 'rem42.f.gcov'

Lines executed:89.39% of 424

--------------------------------------------------
GCOV file copied from ./rem42.f.gcov to ./results\4d\rem42\rem42.f.gcov
Command: "../SAPFOR/_bin/Release/Sapfor_F.exe" -parse -spf "./results\4d\rem42\rem42.f"
Output: 
SAPFOR version is 2410, build date: Apr 23 2025 11:52:44, c++ version 201703
  parse file './results\4d\rem42\rem42.f'
  options: -spf 
files compilation order:
  ./results\4d\rem42\rem42.f
Parsing was completed successfully

--------------------------------------------------
Command: "../SAPFOR/_bin/Release/Sapfor_F.exe" -passN GET_STATS_FOR_PREDICTOR -keepDVM
Output: 
SAPFOR version is 2410, build date: Apr 23 2025 11:52:44, c++ version 201703
code for pass GET_STATS_FOR_PREDICTOR is 79
RUN PASS with name VERIFY_FUNC_DECL
  Analyzing: results\4d\rem42\rem42.f
PROFILE: time for this pass = 0.001000 sec (total 0.003000 sec)
RUN PASS with name FILE_LINE_INFO
  Analyzing: results\4d\rem42\rem42.f
  All lines in project 883
PROFILE: time for this pass = 0.001000 sec (total 0.004000 sec)
RUN PASS with name BUILD_INCLUDE_DEPENDENCIES
  Analyzing: results\4d\rem42\rem42.f
PROFILE: time for this pass = 0.000000 sec (total 0.005000 sec)
RUN PASS with name CORRECT_VAR_DECL
  Analyzing: results\4d\rem42\rem42.f
PROFILE: time for this pass = 0.000000 sec (total 0.006000 sec)
RUN PASS with name VERIFY_OPERATORS
  Analyzing: results\4d\rem42\rem42.f
PROFILE: time for this pass = 0.000000 sec (total 0.007000 sec)
RUN PASS with name VERIFY_ENDDO
  Analyzing: results\4d\rem42\rem42.f
PROFILE: time for this pass = 0.000000 sec (total 0.008000 sec)
RUN PASS with name VERIFY_INCLUDES
  Analyzing: results\4d\rem42\rem42.f
PROFILE: time for this pass = 0.001000 sec (total 0.009000 sec)
RUN PASS with name PREPROC_ALLOCATES
  Analyzing: results\4d\rem42\rem42.f
  attribute (50 results\4d\rem42\rem42.f) is added to declaration on line 43 of results\4d\rem42\rem42.f file
  attribute (76 results\4d\rem42\rem42.f) is added to declaration on line 43 of results\4d\rem42\rem42.f file
  attribute (90 results\4d\rem42\rem42.f) is added to declaration on line 83 of results\4d\rem42\rem42.f file
  attribute (116 results\4d\rem42\rem42.f) is added to declaration on line 83 of results\4d\rem42\rem42.f file
  attribute (131 results\4d\rem42\rem42.f) is added to declaration on line 123 of results\4d\rem42\rem42.f file
  attribute (168 results\4d\rem42\rem42.f) is added to declaration on line 123 of results\4d\rem42\rem42.f file
  attribute (183 results\4d\rem42\rem42.f) is added to declaration on line 175 of results\4d\rem42\rem42.f file
  attribute (219 results\4d\rem42\rem42.f) is added to declaration on line 175 of results\4d\rem42\rem42.f file
  attribute (233 results\4d\rem42\rem42.f) is added to declaration on line 225 of results\4d\rem42\rem42.f file
  attribute (269 results\4d\rem42\rem42.f) is added to declaration on line 225 of results\4d\rem42\rem42.f file
  attribute (283 results\4d\rem42\rem42.f) is added to declaration on line 275 of results\4d\rem42\rem42.f file
  attribute (319 results\4d\rem42\rem42.f) is added to declaration on line 275 of results\4d\rem42\rem42.f file
  attribute (333 results\4d\rem42\rem42.f) is added to declaration on line 325 of results\4d\rem42\rem42.f file
  attribute (369 results\4d\rem42\rem42.f) is added to declaration on line 325 of results\4d\rem42\rem42.f file
  attribute (383 results\4d\rem42\rem42.f) is added to declaration on line 375 of results\4d\rem42\rem42.f file
  attribute (438 results\4d\rem42\rem42.f) is added to declaration on line 375 of results\4d\rem42\rem42.f file
  attribute (452 results\4d\rem42\rem42.f) is added to declaration on line 444 of results\4d\rem42\rem42.f file
  attribute (506 results\4d\rem42\rem42.f) is added to declaration on line 444 of results\4d\rem42\rem42.f file
  attribute (521 results\4d\rem42\rem42.f) is added to declaration on line 513 of results\4d\rem42\rem42.f file
  attribute (575 results\4d\rem42\rem42.f) is added to declaration on line 513 of results\4d\rem42\rem42.f file
  attribute (590 results\4d\rem42\rem42.f) is added to declaration on line 582 of results\4d\rem42\rem42.f file
  attribute (645 results\4d\rem42\rem42.f) is added to declaration on line 582 of results\4d\rem42\rem42.f file
  attribute (660 results\4d\rem42\rem42.f) is added to declaration on line 652 of results\4d\rem42\rem42.f file
  attribute (716 results\4d\rem42\rem42.f) is added to declaration on line 652 of results\4d\rem42\rem42.f file
  attribute (730 results\4d\rem42\rem42.f) is added to declaration on line 722 of results\4d\rem42\rem42.f file
  attribute (786 results\4d\rem42\rem42.f) is added to declaration on line 722 of results\4d\rem42\rem42.f file
  attribute (800 results\4d\rem42\rem42.f) is added to declaration on line 792 of results\4d\rem42\rem42.f file
  attribute (856 results\4d\rem42\rem42.f) is added to declaration on line 792 of results\4d\rem42\rem42.f file
PROFILE: time for this pass = 0.001000 sec (total 0.011000 sec)
RUN PASS with name CHECK_PAR_REG_DIR
  Analyzing: results\4d\rem42\rem42.f
PROFILE: time for this pass = 0.000000 sec (total 0.012000 sec)
RUN PASS with name FILL_PARALLEL_REG_IR
  Analyzing: results\4d\rem42\rem42.f
PROFILE: time for this pass = 0.001000 sec (total 0.013000 sec)
RUN PASS with name GET_ALL_ARRAY_DECL
  Analyzing: results\4d\rem42\rem42.f
PROFILE: time for this pass = 0.007000 sec (total 0.021000 sec)
RUN PASS with name FILL_COMMON_BLOCKS
  Analyzing: results\4d\rem42\rem42.f
PROFILE: time for this pass = 0.001000 sec (total 0.022000 sec)
RUN PASS with name PARSE_OMP_DIRS
  Analyzing: results\4d\rem42\rem42.f
PROFILE: time for this pass = 0.001000 sec (total 0.023000 sec)
RUN PASS with name PREPROC_SPF
  Analyzing: results\4d\rem42\rem42.f
PROFILE: time for this pass = 0.001000 sec (total 0.024000 sec)
RUN PASS with name CREATE_INTER_TREE
  Analyzing: results\4d\rem42\rem42.f
PROFILE: time for this pass = 0.003000 sec (total 0.027000 sec)
RUN PASS with name GCOV_PARSER
  Analyzing: results\4d\rem42\rem42.f
   Error: unable to open file statistic.txt
PROFILE: time for this pass = 0.002000 sec (total 0.030000 sec)
RUN PASS with name VERIFY_FORMAT
  Analyzing: results\4d\rem42\rem42.f
PROFILE: time for this pass = 0.001000 sec (total 0.031000 sec)
RUN PASS with name VERIFY_DVM_DIRS
  Analyzing: results\4d\rem42\rem42.f
PROFILE: time for this pass = 0.000000 sec (total 0.032000 sec)
RUN PASS with name PRIVATE_CALL_GRAPH_STAGE1
  Analyzing: results\4d\rem42\rem42.f
PROFILE: time for this pass = 0.000000 sec (total 0.033000 sec)
RUN PASS with name PRIVATE_CALL_GRAPH_STAGE2
  Analyzing: results\4d\rem42\rem42.f
PROFILE: time for this pass = 0.001000 sec (total 0.034000 sec)
RUN PASS with name MACRO_EXPANSION
  Analyzing: results\4d\rem42\rem42.f
PROFILE: time for this pass = 0.000000 sec (total 0.035000 sec)
RUN PASS with name CONVERT_ASSIGN_TO_LOOP
  Analyzing: results\4d\rem42\rem42.f
PROFILE: time for this pass = 0.002000 sec (total 0.038000 sec)
RUN PASS with name DEF_USE_STAGE1
  Analyzing: results\4d\rem42\rem42.f
PROFILE: time for this pass = 0.005000 sec (total 0.043000 sec)
RUN PASS with name DEF_USE_STAGE2
  Analyzing: results\4d\rem42\rem42.f
PROFILE: time for this pass = 0.001000 sec (total 0.044000 sec)
RUN PASS with name VERIFY_COMMON
  Analyzing: results\4d\rem42\rem42.f
PROFILE: time for this pass = 0.000000 sec (total 0.045000 sec)
RUN PASS with name CALL_GRAPH_IR
  Analyzing: results\4d\rem42\rem42.f
PROFILE: time for this pass = 0.004000 sec (total 0.049000 sec)
RUN PASS with name BUILD_IR
  Analyzing: results\4d\rem42\rem42.f
  count of functions 18, count of lvls 3
     RD time for 'ansno' function is 0.000 sec, iters 1
     RD time for 'ansyes' function is 0.000 sec, iters 1
     RD time for 'serial4' function is 0.000 sec, iters 6

     RD time for 'rem4214' function is 0.001 sec, iters 6
     RD time for 'rem4212' function is 0.000 sec, iters 6
     RD time for 'rem4213' function is 0.000 sec, iters 6
     RD time for 'rem4202' function is 0.000 sec, iters 6
     RD time for 'rem4206' function is 0.000 sec, iters 6
     RD time for 'rem4208' function is 0.000 sec, iters 6
     RD time for 'rem4204' function is 0.000 sec, iters 6
     RD time for 'rem4205' function is 0.000 sec, iters 6
     RD time for 'rem4201' function is 0.000 sec, iters 6
     RD time for 'rem4203' function is 0.000 sec, iters 6
     RD time for 'rem4207' function is 0.000 sec, iters 6
     RD time for 'rem4209' function is 0.000 sec, iters 6
     RD time for 'rem4210' function is 0.000 sec, iters 6
     RD time for 'rem4211' function is 0.000 sec, iters 6

     RD time for 'rem42' function is 0.000 sec, iters 1

PROFILE: time for this pass = 0.016000 sec (total 0.066000 sec)
RUN PASS with name SUBST_EXPR_RD
  Analyzing: results\4d\rem42\rem42.f
PROFILE: time for this pass = 0.006000 sec (total 0.072000 sec)
RUN PASS with name LOOP_GRAPH
  Analyzing: results\4d\rem42\rem42.f
PROFILE: time for this pass = 0.004000 sec (total 0.077000 sec)
RUN PASS with name CALL_GRAPH
  Analyzing: results\4d\rem42\rem42.f
PROFILE: time for this pass = 0.007000 sec (total 0.084000 sec)
RUN PASS with name CALL_GRAPH2
  Analyzing: results\4d\rem42\rem42.f
  run for func rem42
  run for func rem4201
  run for func rem4202
  run for func rem4203
  run for func rem4204
  run for func rem4205
  run for func rem4206
  run for func rem4207
  run for func rem4208
  run for func rem4209
  run for func rem4210
  run for func rem4211
  run for func rem4212
  run for func rem4213
  run for func rem4214
  run for func serial4
  run for func ansyes
  run for func ansno
  added conflict messages to loop on line 151
PROFILE: time for this pass = 0.002000 sec (total 0.087000 sec)
RUN PASS with name GET_STATS_FOR_PREDICTOR
  Analyzing: results\4d\rem42\rem42.f
    PAR LOOP [56 results\4d\rem42\rem42.f] total exec 55123, total exec lines 8, avg 6.8903750000000000e+03
    PAR LOOP [96 results\4d\rem42\rem42.f] total exec 55123, total exec lines 8, avg 6.8903750000000000e+03
    PAR LOOP [139 results\4d\rem42\rem42.f] total exec 1207, total exec lines 8, avg 1.5087500000000000e+02
    PAR LOOP [191 results\4d\rem42\rem42.f] total exec 6849, total exec lines 8, avg 8.5612500000000000e+02
    PAR LOOP [241 results\4d\rem42\rem42.f] total exec 9153, total exec lines 8, avg 1.1441250000000000e+03
    PAR LOOP [291 results\4d\rem42\rem42.f] total exec 9153, total exec lines 8, avg 1.1441250000000000e+03
    PAR LOOP [341 results\4d\rem42\rem42.f] total exec 9153, total exec lines 8, avg 1.1441250000000000e+03
    PAR LOOP [392 results\4d\rem42\rem42.f] total exec 9153, total exec lines 8, avg 1.1441250000000000e+03
    PAR LOOP [404 results\4d\rem42\rem42.f] total exec 9153, total exec lines 8, avg 1.1441250000000000e+03
    PAR LOOP [416 results\4d\rem42\rem42.f] total exec 11841, total exec lines 13, avg 9.1084615384615381e+02
    PAR LOOP [461 results\4d\rem42\rem42.f] total exec 9153, total exec lines 8, avg 1.1441250000000000e+03
    PAR LOOP [472 results\4d\rem42\rem42.f] total exec 9153, total exec lines 8, avg 1.1441250000000000e+03
    PAR LOOP [484 results\4d\rem42\rem42.f] total exec 11841, total exec lines 13, avg 9.1084615384615381e+02
    PAR LOOP [530 results\4d\rem42\rem42.f] total exec 9153, total exec lines 8, avg 1.1441250000000000e+03
    PAR LOOP [541 results\4d\rem42\rem42.f] total exec 9153, total exec lines 8, avg 1.1441250000000000e+03
    PAR LOOP [553 results\4d\rem42\rem42.f] total exec 11841, total exec lines 13, avg 9.1084615384615381e+02
    PAR LOOP [600 results\4d\rem42\rem42.f] total exec 9153, total exec lines 8, avg 1.1441250000000000e+03
    PAR LOOP [611 results\4d\rem42\rem42.f] total exec 9153, total exec lines 8, avg 1.1441250000000000e+03
    PAR LOOP [623 results\4d\rem42\rem42.f] total exec 11841, total exec lines 13, avg 9.1084615384615381e+02
    PAR LOOP [670 results\4d\rem42\rem42.f] total exec 9153, total exec lines 8, avg 1.1441250000000000e+03
    PAR LOOP [682 results\4d\rem42\rem42.f] total exec 9153, total exec lines 8, avg 1.1441250000000000e+03
    PAR LOOP [694 results\4d\rem42\rem42.f] total exec 11841, total exec lines 13, avg 9.1084615384615381e+02
    PAR LOOP [740 results\4d\rem42\rem42.f] total exec 9153, total exec lines 8, avg 1.1441250000000000e+03
    PAR LOOP [752 results\4d\rem42\rem42.f] total exec 9153, total exec lines 8, avg 1.1441250000000000e+03
    PAR LOOP [764 results\4d\rem42\rem42.f] total exec 11841, total exec lines 13, avg 9.1084615384615381e+02
    PAR LOOP [810 results\4d\rem42\rem42.f] total exec 55123, total exec lines 8, avg 6.8903750000000000e+03
    PAR LOOP [822 results\4d\rem42\rem42.f] total exec 55123, total exec lines 8, avg 6.8903750000000000e+03
    PAR LOOP [834 results\4d\rem42\rem42.f] total exec 72531, total exec lines 13, avg 5.5793076923076924e+03
    average_parallel_exec 1.9668725868725869e+03
    parallel_rate 6.5802254807741989e-01
PROFILE: time for this pass = 0.041000 sec (total 0.128000 sec)

--------------------------------------------------
INFO.JSON file copied from ./info.json to ./results\4d\rem42\info.json

==================================================
Processing of rem42.f completed successfully at 2025-05-06 00:27:03
